375
195
384
389
268
398
162
289
286
289
388
387
233
275
379
224
391
264
388
274
392
269
381
232
385
381
390
263
228
377
374
398
378
272
402
217
249
405
399
415
412
399
412
268
218
250
211
202
221
274
66
265
271
54
269
201
40
147
210
271
245
132
212
273
180
273
60
281
47
89
212
267
90
119
290
64
221
186
283
100
283
103
176
164
161
99
188
258
252
254
72
265
193
58
44
58
59
0
286
127
315
318
154
320
111
99
108
99
322
336
232
145
115
130
332
141
344
137
350
110
324
222
135
335
134
146
141
329
328
337
321
109
130
137
253
135
217
297
143
143
141
102
107
102
206
205
95
251
128
363
260
99
132
73
126
125
145
363
222
198
5
229
5
274
13
215
11
231
21
244
246
262
200
286
7
12
278
283
226
244
16
233
1
225
294
239
252
249
296
249
3
176
0
165
172
0
173
92
203
189
56
198
47
30
44
41
190
183
151
41
152
38
195
54
200
49
197
54
195
133
142
154
199
49
55
183
184
188
193
45
161
48
170
141
178
190
194
186
186
53
79
0
81
83
48
170
151
73
178
20
147
22
23
61
30
177
174
166
22
129
19
179
79
182
75
173
24
164
128
171
163
166
20
18
172
184
168
180
75
162
63
161
132
166
160
154
161
154
20
89
60
140
146
0
24
128
23
24
35
96
24
95
100
22
22
147
86
21
145
23
24
91
148
15
21
27
22
25
115
103
111
51
23
15
125
136
24
26
150
44
99
145
26
31
138
146
134
25
20
20
5
20
0
195
79
110
195
64
196
78
62
85
78
112
123
188
69
115
71
155
76
191
79
182
74
182
125
110
138
168
78
78
178
183
181
170
66
123
45
180
151
181
177
181
109
195
82
111
75
98
103
0
211
108
189
231
63
214
55
191
60
72
230
212
223
177
176
71
227
43
228
61
217
213
227
266
168
259
274
200
214
302
280
225
222
207
275
73
221
270
283
197
238
245
288
46
275
0
262
133
0
190
123
98
177
82
192
52
67
67
90
193
119
181
54
175
73
188
74
122
81
181
76
129
188
146
127
183
70
75
199
183
133
132
85
185
67
178
135
214
199
138
205
129
75
94
0
86
129
74
141
81
159
145
29
74
26
66
46
72
170
160
104
50
156
74
157
40
158
54
141
54
167
111
159
159
150
56
65
161
160
147
148
65
156
79
145
145
119
145
165
171
175
76
79
0
69
79
0
162
160
59
166
80
98
53
65
64
76
160
167
89
63
161
66
164
58
155
55
161
67
179
157
174
166
152
54
50
146
170
104
128
66
167
57
153
148
145
92
135
145
151
48
99
17
83
80
11
100
52
28
113
71
37
45
58
42
63
70
105
50
73
62
39
61
55
113
56
102
57
68
57
109
61
57
40
51
75
104
101
98
69
57
16
98
74
43
115
102
52
95
32
26
24
52
28
27
125
53
105
76
49
141
42
38
58
60
112
134
73
33
149
36
142
58
115
36
132
61
154
115
83
166
163
38
83
164
158
152
174
56
110
27
80
136
98
123
146
141
120
56
74
0
78
70
0
154
68
159
155
42
208
16
41
42
41
167
191
153
152
97
43
166
191
235
193
171
200
158
99
177
243
173
185
196
245
182
173
251
36
253
16
165
109
177
160
217
254
251
35
95
181
94
102
186
156
39
85
151
79
166
54
81
83
76
60
154
76
86
81
26
154
17
65
21
101
64
152
89
74
87
91
26
31
89
87
87
115
19
93
74
66
96
102
104
93
161
157
70
60
19
59
68
0
