162
96
171
173
95
166
66
112
114
109
166
159
104
104
164
95
142
112
155
115
159
103
154
82
161
163
152
99
88
147
151
155
143
107
155
99
86
165
179
169
176
156
164
102
100
107
98
97
102
105
21
101
111
21
103
95
15
78
89
110
109
30
94
121
87
109
22
111
15
27
91
126
30
38
126
23
118
88
140
27
128
28
104
60
76
22
90
125
131
122
17
119
105
15
16
19
16
0
134
50
146
135
30
135
57
58
63
64
147
119
77
28
18
22
116
27
129
62
137
52
104
60
35
116
32
35
54
130
120
123
128
47
32
39
96
42
93
127
39
36
34
33
26
25
73
80
17
117
30
169
114
47
87
35
74
79
76
175
101
70
0
99
0
107
1
90
1
99
3
82
104
104
83
115
0
0
108
110
98
99
0
97
0
98
106
104
105
88
110
104
0
95
0
91
91
1
34
12
39
34
7
36
14
8
18
6
40
39
37
5
31
8
40
10
37
19
35
16
32
29
33
38
37
18
5
35
32
30
33
7
43
17
30
32
32
42
36
34
36
20
20
0
27
25
17
77
24
50
62
2
66
1
2
11
3
66
60
75
2
53
1
64
15
61
16
66
1
66
61
73
75
64
4
2
59
76
65
62
16
70
18
75
60
76
59
65
80
65
1
61
18
77
76
0
4
25
3
4
5
23
4
20
23
3
4
37
20
4
33
4
4
28
34
4
5
3
5
4
40
31
41
23
2
3
38
43
8
3
38
13
32
34
3
3
38
37
37
2
1
5
1
3
0
48
32
41
55
7
52
10
11
9
11
44
47
52
7
41
8
54
9
65
8
58
9
52
49
48
47
58
13
7
57
54
63
60
9
54
4
63
59
64
60
66
51
65
7
48
10
37
39
0
77
36
87
85
20
94
22
88
24
29
118
86
100
56
62
32
98
22
101
29
100
84
98
121
69
125
127
74
90
136
130
99
100
83
129
25
77
116
132
77
92
92
125
19
121
0
116
51
0
92
59
44
91
35
93
13
31
17
41
97
66
94
27
89
43
104
48
66
47
111
46
83
106
69
63
112
36
36
123
108
67
71
36
78
18
85
81
102
108
66
108
74
35
50
0
52
58
11
55
27
53
90
27
50
22
12
43
14
55
86
47
40
80
13
95
29
94
42
96
37
93
53
57
93
93
46
11
104
101
102
101
50
69
12
93
60
79
104
111
118
103
12
39
0
34
41
0
83
72
50
90
40
58
35
16
10
35
86
83
59
18
91
29
73
10
90
24
76
24
77
75
86
82
84
10
12
91
76
63
101
12
71
6
69
74
90
62
77
95
77
31
65
7
63
57
4
53
14
13
52
45
5
12
11
38
49
10
50
17
46
12
11
17
42
43
14
43
9
14
9
49
10
12
17
9
41
39
46
49
36
11
13
39
37
6
31
37
9
40
5
2
6
8
5
6
49
18
50
39
13
56
11
14
18
16
54
57
42
14
54
11
56
14
45
7
49
11
51
43
41
49
57
10
15
50
55
49
56
18
41
10
42
58
43
47
57
60
53
15
33
0
36
34
0
60
33
62
63
16
100
14
15
16
15
67
56
52
75
44
17
54
83
97
95
57
95
57
52
64
94
63
79
87
105
62
56
99
27
104
11
51
53
56
61
88
103
104
17
26
77
21
26
84
42
9
14
48
37
48
36
39
43
33
11
49
28
42
17
2
50
3
16
5
15
30
64
15
14
17
13
4
16
17
17
18
54
3
14
55
12
14
18
65
13
68
70
57
8
1
8
10
0
