183
108
187
191
129
186
59
133
130
122
184
176
132
131
175
118
186
124
175
121
178
121
165
121
162
177
169
116
109
148
169
168
166
116
159
106
119
174
185
169
184
179
173
122
122
115
123
121
123
93
19
93
99
23
94
84
15
75
84
114
117
36
89
127
78
122
21
125
22
26
97
89
28
50
92
25
64
56
95
27
98
26
50
46
43
26
64
79
75
79
24
80
55
26
21
29
27
0
92
38
95
98
34
105
31
27
24
27
107
99
72
34
24
32
104
35
123
43
124
38
116
65
38
129
33
41
52
135
129
135
134
75
31
36
112
36
128
152
36
35
37
71
27
23
79
80
26
86
44
161
96
45
81
48
84
88
83
161
72
61
2
84
0
87
1
67
2
79
3
64
70
72
64
94
2
3
80
89
78
84
2
83
0
75
81
77
65
84
95
76
0
71
0
62
70
0
37
19
44
44
9
43
22
13
22
7
44
38
44
4
37
7
44
11
46
20
46
23
38
30
48
46
37
23
3
45
38
40
43
10
46
19
42
28
44
46
39
45
50
20
31
0
28
24
23
56
72
26
79
19
47
12
15
14
20
75
58
49
9
30
5
53
17
59
22
59
11
68
43
54
44
65
16
11
74
56
78
70
18
69
17
48
36
51
77
76
47
73
19
30
18
39
38
0
2
45
3
3
9
30
1
29
35
2
3
65
10
2
67
2
1
21
66
2
3
1
3
2
42
49
39
9
1
1
45
52
2
1
59
9
32
64
1
3
58
62
63
2
2
1
0
2
0
59
33
47
67
17
74
16
10
18
17
44
43
56
9
44
12
35
14
60
14
57
13
46
50
47
37
50
18
8
50
54
55
50
8
47
8
52
37
49
44
49
45
46
8
39
18
37
36
0
75
44
77
77
24
86
21
95
23
24
124
86
81
60
46
28
79
24
78
27
83
98
75
131
55
124
137
76
99
136
128
80
92
88
142
33
76
112
126
68
91
85
130
21
126
0
122
53
0
71
41
43
61
27
68
15
27
24
29
75
49
67
16
43
25
68
33
44
28
66
26
44
64
50
45
66
27
24
69
62
57
50
33
60
21
69
46
72
67
47
74
54
33
36
0
36
48
18
83
44
91
100
12
75
14
22
22
19
89
104
75
23
102
21
101
11
99
18
106
19
97
68
85
104
107
26
20
105
107
99
96
31
90
20
96
93
79
115
109
108
112
20
57
0
60
56
0
88
63
60
95
27
63
26
16
19
23
92
98
64
18
100
25
92
14
84
24
84
23
87
89
93
88
85
15
11
87
92
73
87
14
88
16
76
80
89
70
77
90
81
30
67
6
62
67
3
47
20
14
53
27
16
18
14
15
27
30
39
25
14
34
14
35
14
39
19
44
20
35
27
41
32
32
12
17
35
45
49
39
24
26
8
49
40
24
46
45
30
47
10
17
11
23
15
11
43
6
33
26
17
51
15
16
19
18
31
52
34
14
54
14
50
16
44
8
53
15
51
42
41
56
53
14
14
56
55
55
57
20
44
8
41
59
42
43
58
59
46
21
27
0
26
32
0
58
23
63
63
25
105
10
23
21
26
66
52
66
93
46
24
57
97
118
108
63
112
70
52
64
122
61
111
106
126
66
61
125
38
120
19
76
58
67
69
106
125
127
32
34
103
27
31
106
73
8
24
78
62
78
58
55
58
62
13
75
22
69
23
7
76
4
20
7
22
57
87
24
18
22
23
9
6
23
21
21
80
3
21
51
19
19
25
67
22
72
67
51
19
6
15
13
0
