316
105
315
326
112
321
76
124
125
125
319
283
125
128
289
103
283
114
293
113
281
114
255
132
271
258
266
105
104
258
262
265
257
114
279
98
119
270
276
276
277
273
283
113
133
106
137
140
112
132
20
129
127
18
119
103
17
92
104
134
104
31
89
112
76
118
23
109
17
21
87
99
25
42
102
21
76
63
100
20
101
20
73
54
65
22
84
100
99
104
19
94
80
18
14
21
18
0
95
46
110
115
33
109
34
35
39
40
119
107
71
31
23
27
118
28
108
48
126
39
118
69
31
131
27
29
52
124
139
137
140
38
23
25
98
29
92
133
23
29
30
37
21
21
81
90
25
109
58
181
121
38
117
50
74
83
84
186
104
86
3
102
1
133
5
97
7
104
13
101
105
118
84
133
1
18
136
134
106
130
40
107
1
91
138
111
106
126
153
108
1
79
0
78
76
1
77
22
72
75
26
81
15
15
24
24
81
82
59
4
69
27
80
25
81
18
85
21
81
44
66
61
88
20
27
86
82
84
76
10
63
19
52
51
63
62
66
59
63
17
48
0
48
53
17
50
27
31
44
3
45
3
1
15
2
46
45
46
3
40
4
48
14
46
17
48
6
48
43
51
50
51
5
6
47
48
51
50
18
55
17
55
40
58
49
54
57
49
7
30
20
45
48
0
0
9
0
0
0
10
0
10
10
0
0
10
2
0
12
0
0
4
12
0
0
0
0
0
13
9
11
5
0
0
17
14
0
0
13
0
8
10
0
0
13
12
11
0
0
0
0
0
0
52
27
56
57
2
62
4
3
3
3
49
50
56
1
44
4
44
4
58
4
62
3
57
53
51
46
55
5
3
56
58
54
55
4
53
3
55
49
59
56
59
53
61
4
54
5
51
52
0
68
37
66
70
3
66
5
87
7
6
121
94
70
58
59
3
70
2
68
6
66
101
66
143
59
141
140
92
104
147
141
68
73
92
136
13
74
133
146
64
82
80
148
12
130
0
134
53
0
104
82
62
92
25
108
10
21
16
23
101
95
104
11
93
28
110
29
89
25
121
25
89
105
75
83
107
29
22
108
109
92
96
46
114
13
99
89
142
132
76
135
92
38
78
0
76
92
13
64
27
70
133
11
103
60
4
64
3
65
116
58
50
127
2
117
45
117
54
121
50
103
70
67
102
96
42
5
112
108
103
105
41
60
4
83
65
103
107
111
104
106
5
55
0
57
62
0
95
66
63
98
27
81
22
26
21
27
105
108
75
22
105
26
90
22
103
19
109
24
99
105
104
109
106
25
25
100
112
72
105
23
96
21
90
94
118
74
89
118
85
40
77
6
80
74
7
72
8
6
80
61
5
15
13
57
68
16
53
18
46
15
16
16
54
57
14
56
13
11
17
51
16
16
6
13
58
50
54
51
55
13
19
60
58
10
52
53
9
63
12
3
8
10
5
5
70
16
41
25
34
71
10
33
36
40
38
62
25
13
63
8
57
30
37
27
61
41
64
34
33
60
61
8
33
56
64
59
56
27
39
13
39
60
42
34
55
52
43
25
22
0
26
23
0
62
22
72
72
41
84
28
43
41
45
80
32
74
86
36
47
68
97
100
101
70
94
79
31
82
103
75
90
96
103
78
74
106
56
113
14
77
59
80
78
100
105
106
55
20
97
19
21
93
67
2
6
64
63
66
58
64
60
63
4
70
9
62
5
1
72
1
5
1
6
59
70
6
6
5
6
1
1
5
4
5
64
0
6
69
5
5
5
73
5
75
72
74
3
0
4
5
0
