164
88
172
171
103
165
65
119
111
115
175
155
114
109
167
103
161
111
162
105
168
105
148
97
156
153
152
97
93
154
145
155
147
105
148
90
98
142
150
145
145
157
146
111
101
97
106
101
102
83
25
82
88
17
83
58
14
51
59
87
81
25
62
86
64
84
18
89
16
25
66
82
27
29
84
15
69
52
89
28
92
29
58
59
49
23
65
86
84
87
26
87
70
16
11
15
18
0
99
34
99
117
42
112
37
39
36
41
111
107
79
39
37
38
120
40
120
54
120
43
114
74
40
122
40
39
50
121
134
118
121
36
40
41
94
36
71
119
37
40
39
28
32
33
82
73
32
81
29
139
92
30
68
45
71
68
69
140
65
43
1
65
0
85
4
52
3
64
6
66
63
69
59
74
1
2
69
84
67
74
2
65
0
61
75
69
63
63
78
65
0
50
0
48
49
0
48
26
46
47
5
49
17
14
19
3
40
48
50
4
40
1
54
5
47
22
47
17
50
39
49
49
56
17
12
51
53
52
51
13
50
20
53
39
58
53
51
53
54
20
33
0
32
36
15
61
62
31
72
13
58
10
14
21
13
68
76
58
13
43
8
64
23
76
25
81
13
70
36
58
58
68
17
8
74
59
75
65
23
62
20
58
38
63
66
59
56
57
12
28
25
42
42
0
2
14
1
3
6
13
2
8
10
2
2
31
13
2
31
1
2
20
30
1
2
3
3
2
30
19
21
17
1
2
32
27
3
3
41
9
32
44
2
2
44
43
40
2
1
3
1
1
0
57
27
39
58
14
59
22
15
23
26
41
41
60
16
29
20
45
21
55
21
54
24
52
39
30
31
55
19
23
58
61
60
67
18
38
10
51
45
51
57
63
32
54
19
30
15
31
33
0
80
34
75
82
33
86
28
74
35
32
99
82
73
46
44
28
75
23
75
28
74
73
78
105
46
97
113
59
79
107
108
77
74
67
110
22
58
94
107
55
73
72
112
18
102
0
100
43
0
51
40
30
55
18
64
13
19
22
23
51
39
50
4
39
13
54
20
38
13
62
19
36
67
38
40
61
23
21
64
64
47
45
27
52
26
52
44
72
66
43
70
44
25
30
0
26
39
26
62
24
69
87
17
54
7
23
20
16
69
79
53
17
74
16
74
12
76
17
81
17
79
57
67
72
77
11
22
70
77
84
74
18
66
22
73
72
67
82
80
82
81
20
46
0
47
49
0
67
51
48
77
25
60
19
21
18
17
75
82
54
17
76
24
71
19
77
18
69
22
68
64
79
73
68
17
17
77
73
55
71
16
71
9
70
65
79
55
61
78
62
26
50
3
52
54
3
33
21
18
33
20
19
17
18
11
19
29
30
21
23
29
19
32
19
33
14
38
16
23
22
37
25
23
13
15
33
50
44
40
30
25
11
51
41
22
46
45
27
49
9
16
11
18
14
7
41
6
32
24
19
44
13
10
20
22
38
40
19
15
43
11
39
25
30
11
47
20
41
32
26
49
46
15
25
40
42
46
39
24
36
12
27
50
38
34
54
49
33
25
18
0
17
17
0
81
30
82
84
27
102
12
29
30
34
82
68
72
69
53
34
79
78
98
87
73
95
73
51
79
108
80
88
89
114
78
81
114
36
103
15
87
59
87
88
98
114
109
33
31
83
31
31
74
77
9
32
73
43
71
43
48
44
45
17
66
15
51
30
5
75
5
24
6
34
43
92
26
23
26
27
6
15
22
27
23
71
6
22
62
22
24
37
78
20
77
78
57
12
3
18
16
0
