225
100
228
236
156
229
102
163
163
169
234
228
105
148
244
109
246
154
243
148
234
143
219
131
224
216
221
146
118
211
217
226
217
141
197
118
122
207
204
198
215
208
203
141
114
107
120
119
121
133
33
144
135
34
142
102
25
65
97
143
133
49
85
139
76
132
37
141
21
59
97
135
50
53
143
34
104
77
139
55
148
58
111
104
78
64
88
154
152
151
44
158
103
30
18
27
30
0
152
76
168
171
77
166
52
59
53
47
170
147
116
63
56
58
147
67
155
44
143
31
151
96
66
163
73
72
45
161
143
162
152
39
64
71
134
66
110
154
66
69
72
35
53
43
122
113
42
117
61
177
136
38
82
43
72
82
74
191
104
90
7
106
3
112
2
70
2
108
6
95
77
114
95
125
5
6
116
117
102
111
7
109
2
92
112
108
84
97
113
98
2
75
0
75
69
2
66
30
63
70
26
66
25
18
21
19
58
64
50
27
51
19
75
34
72
26
71
29
75
33
48
51
88
27
30
80
84
82
82
27
48
26
58
53
78
74
77
71
74
26
25
0
26
27
25
68
72
34
87
12
52
13
15
28
16
86
89
67
14
46
13
72
28
78
35
94
17
81
48
68
63
89
16
12
83
68
87
81
35
92
28
68
46
71
96
86
64
91
21
39
29
60
54
0
2
50
2
3
11
37
3
38
44
3
5
80
21
3
82
2
4
38
84
2
3
4
3
1
58
50
55
20
2
3
65
64
3
1
69
10
36
63
3
2
66
70
70
4
0
3
0
1
0
83
37
44
83
19
91
27
20
34
26
42
51
68
13
43
21
44
22
70
21
67
22
70
43
42
43
62
27
30
70
71
72
61
18
49
11
71
62
69
72
73
49
76
14
52
27
40
44
0
94
42
99
98
32
97
34
94
41
38
116
99
91
87
66
31
94
24
89
33
93
102
91
120
50
128
130
105
106
133
135
99
101
108
128
31
82
128
134
82
89
100
137
21
131
0
123
54
0
82
53
37
76
39
86
21
40
29
40
85
44
82
31
67
39
80
54
36
53
89
52
49
80
44
39
84
37
43
83
87
55
50
44
64
34
62
48
82
84
50
93
51
41
39
0
34
49
28
62
24
63
80
24
47
14
25
32
14
63
85
53
32
84
25
80
17
84
35
86
32
78
61
69
81
89
24
26
79
75
88
85
31
64
19
80
61
72
91
89
87
89
23
51
0
56
55
0
86
42
40
68
23
60
13
31
30
20
68
69
63
25
68
17
95
26
72
13
91
13
98
83
96
105
94
31
34
76
91
60
74
30
89
30
77
79
70
61
75
75
86
11
67
14
63
54
6
37
31
15
36
21
21
27
28
15
20
36
40
20
19
35
24
35
17
30
26
34
25
35
35
36
40
38
11
21
31
37
39
36
14
27
8
33
41
22
45
37
30
41
18
15
15
18
13
6
53
10
62
43
10
53
28
5
12
13
66
61
46
33
65
26
55
16
58
11
52
15
56
59
47
63
64
24
13
55
74
59
62
24
60
6
55
73
47
63
60
59
54
25
36
0
39
32
0
82
44
93
88
23
116
11
23
19
19
83
78
89
94
54
28
90
99
126
111
101
117
88
62
93
134
86
108
108
136
91
83
130
26
123
20
104
75
105
100
110
141
126
20
57
113
49
55
96
79
20
21
78
52
76
38
50
51
43
20
78
35
55
27
6
80
2
19
5
32
52
75
26
21
25
26
11
24
23
28
27
58
7
23
56
21
26
50
53
24
79
68
45
22
8
17
19
0
