460
252
460
464
298
467
175
317
316
325
462
481
295
311
480
277
503
311
476
312
494
321
465
300
475
452
461
271
248
457
446
470
449
279
445
247
278
452
433
445
448
444
447
287
281
275
284
280
283
241
65
242
246
40
246
189
25
170
198
253
248
101
205
251
168
264
42
257
46
64
200
216
68
93
229
53
170
145
220
73
229
72
184
158
116
67
157
252
249
243
65
242
182
49
41
45
47
0
290
98
306
318
86
304
109
115
106
107
299
269
196
80
77
83
280
82
282
82
284
72
269
195
88
299
81
94
76
286
288
289
294
86
76
82
269
85
239
320
80
83
91
75
67
54
223
224
66
267
114
436
254
87
256
151
206
216
229
459
222
187
6
227
4
272
9
201
11
244
15
229
230
241
196
276
4
16
281
274
223
267
19
231
2
198
256
235
204
217
249
208
3
175
0
164
175
2
125
69
135
146
42
148
33
26
41
31
146
137
124
35
124
41
141
43
151
35
147
43
140
119
117
134
154
40
44
149
144
152
154
41
140
40
149
125
163
151
158
159
152
36
94
0
88
92
32
103
88
72
130
29
104
23
33
38
29
137
129
110
36
119
27
143
38
144
45
141
43
127
117
117
119
145
32
32
133
124
143
150
48
146
46
125
124
117
141
139
125
142
32
75
41
108
106
0
13
107
13
13
24
101
12
85
88
13
16
125
76
9
116
11
16
74
112
15
19
14
15
10
113
101
126
58
10
9
116
121
16
13
124
43
112
127
16
12
132
140
127
14
12
14
6
15
0
121
44
66
125
28
119
60
47
62
61
59
66
115
49
62
57
112
65
123
65
124
64
115
61
56
90
110
52
57
113
122
117
106
59
70
32
111
109
124
116
116
66
111
54
68
52
60
57
0
138
79
123
140
32
141
22
252
34
41
282
162
138
128
113
42
141
38
145
40
137
278
145
317
126
305
316
204
283
316
318
146
135
235
315
35
138
234
311
127
161
144
303
29
297
0
298
97
0
128
99
63
105
33
130
38
30
46
32
132
101
120
27
95
25
126
40
96
39
120
43
115
138
98
102
132
36
35
121
119
117
118
36
120
48
118
112
130
116
118
141
119
35
93
0
72
108
49
135
57
137
124
15
84
13
48
27
45
146
119
84
25
127
50
132
20
124
21
125
29
125
99
131
119
119
20
41
124
120
119
117
29
131
48
126
124
114
127
129
132
124
48
83
0
86
91
0
248
104
174
228
34
213
25
56
58
34
217
230
198
57
228
39
242
58
236
28
262
33
251
234
255
260
260
59
60
230
249
194
237
57
256
55
237
236
231
187
246
227
236
34
193
16
178
190
10
94
41
26
92
61
40
38
31
51
63
43
72
48
56
51
27
45
38
79
33
73
29
53
48
84
52
48
30
30
69
81
81
80
57
52
13
84
68
37
85
77
41
82
23
22
15
34
24
15
108
29
60
46
51
101
39
39
50
56
63
89
34
33
93
32
84
49
56
35
91
47
84
65
38
87
95
33
48
97
95
97
97
33
66
15
58
87
65
67
85
89
70
38
30
0
38
31
0
108
45
105
105
35
231
21
35
34
38
117
99
110
218
68
38
110
252
288
265
106
254
126
73
124
281
124
241
251
286
122
119
287
63
293
24
146
106
148
160
270
290
297
62
68
229
67
61
252
133
29
59
135
86
127
65
93
92
89
50
130
56
92
56
12
147
9
56
14
57
68
143
54
51
55
58
11
27
49
61
65
115
9
58
89
43
59
79
120
59
139
146
78
47
15
50
48
0
