120
63
120
124
69
120
52
71
69
71
126
136
67
71
148
57
140
75
148
71
138
68
136
75
133
133
127
65
61
126
139
127
139
67
118
63
66
127
128
112
123
130
129
66
63
64
68
71
64
83
22
87
85
12
84
61
10
51
66
80
80
30
72
91
65
89
14
88
14
18
72
107
21
36
113
21
85
65
105
25
104
22
82
45
71
21
81
98
97
104
19
102
85
14
8
15
14
0
74
20
91
82
27
97
45
46
49
49
88
80
45
24
21
24
84
28
98
38
87
32
67
45
26
65
23
31
18
75
68
65
66
14
19
28
55
24
63
64
27
28
26
17
21
23
57
55
21
70
16
110
73
22
63
23
42
36
38
112
67
54
2
67
3
74
3
59
2
66
4
50
72
70
54
77
3
3
76
81
63
56
1
69
2
65
83
64
69
57
74
69
3
57
0
57
57
2
46
12
50
50
10
47
9
4
11
11
45
54
37
15
42
15
52
17
52
9
50
9
54
41
34
38
46
13
20
53
50
52
50
8
41
11
51
47
51
52
44
50
51
10
32
0
34
29
9
51
29
31
57
8
50
4
8
14
8
59
51
53
3
48
11
58
16
58
14
52
5
53
47
54
56
47
3
3
51
57
55
50
16
51
20
55
49
51
49
48
57
51
4
44
15
54
55
0
0
18
0
0
2
16
0
19
19
0
0
19
13
0
18
0
0
15
25
0
0
0
1
0
21
21
18
13
0
0
21
20
0
0
19
12
18
18
0
0
19
19
19
0
0
0
0
0
0
21
11
13
21
5
23
8
7
9
9
15
16
26
13
16
13
27
10
30
14
28
10
27
17
13
26
26
8
13
29
22
27
27
11
16
12
28
31
25
26
27
16
28
13
17
9
13
16
0
62
36
55
69
12
65
7
52
13
12
85
53
57
27
59
14
62
12
64
11
66
53
63
83
58
86
87
45
58
88
87
67
69
49
82
13
62
75
76
61
61
68
78
8
79
0
80
49
0
45
33
20
39
18
46
10
11
12
13
40
28
41
15
49
13
44
18
36
18
46
15
40
52
38
39
48
14
15
47
55
34
38
20
44
12
51
37
43
47
39
56
43
14
24
0
26
34
16
45
26
44
55
11
29
5
9
12
7
45
54
35
9
51
10
54
13
58
5
64
9
60
45
46
59
64
17
6
65
66
60
63
16
50
7
62
46
55
67
64
62
66
12
43
0
38
48
0
45
50
24
65
29
36
26
14
15
33
68
62
43
14
55
26
50
15
66
22
51
26
51
44
49
55
50
20
20
55
55
44
59
9
51
10
45
49
58
39
47
52
46
20
35
5
33
30
4
34
18
12
37
28
11
14
18
17
22
21
33
14
22
20
11
12
23
36
14
37
16
16
13
39
15
12
10
8
25
35
29
35
27
13
4
35
31
12
39
38
10
38
6
8
7
15
10
4
34
8
18
12
28
35
6
23
25
26
23
29
19
9
35
7
37
27
25
17
38
23
36
21
16
40
40
6
29
39
40
33
41
22
19
2
19
41
23
28
36
40
24
19
12
0
15
14
0
34
21
39
39
15
55
9
16
14
16
36
28
36
57
25
12
39
51
50
52
34
55
45
25
43
57
44
53
53
54
40
47
60
26
55
8
45
34
48
47
56
60
59
26
14
55
14
17
48
51
4
10
50
39
54
35
39
38
41
10
50
7
43
12
2
53
1
11
3
6
39
53
13
6
12
11
3
7
12
9
9
52
2
12
38
6
10
20
42
11
50
53
37
11
1
14
10
0
