250
120
252
261
159
253
111
167
175
174
257
263
140
152
265
132
261
160
255
165
264
151
267
150
260
262
257
150
127
268
255
251
261
146
277
130
128
277
280
282
285
289
278
154
142
126
142
134
131
167
34
169
161
40
165
129
28
115
133
170
125
54
94
124
78
135
38
140
34
47
94
124
47
45
130
34
101
90
129
43
126
46
105
88
89
41
113
146
157
159
37
160
121
34
30
31
37
0
164
47
189
183
68
181
63
58
61
61
187
187
121
60
51
47
182
61
191
70
193
64
155
104
53
175
60
56
59
171
167
177
180
31
49
58
137
51
120
160
54
54
54
25
55
48
123
120
46
136
65
207
149
51
93
48
86
80
86
212
112
85
1
125
0
139
8
103
5
121
10
131
110
138
101
142
1
9
154
142
117
120
22
127
1
106
144
132
102
128
144
124
1
86
0
81
82
0
100
27
103
105
25
95
31
15
36
8
100
91
86
12
77
9
92
10
88
31
90
34
88
83
83
89
93
35
11
91
96
96
97
15
97
34
96
81
101
103
100
99
102
32
61
0
55
61
33
66
61
40
81
19
72
17
20
23
20
79
80
75
13
76
13
73
31
84
34
81
19
81
62
75
70
84
20
19
86
80
90
85
37
87
35
77
66
72
89
86
83
83
24
51
35
69
72
0
5
46
3
3
8
34
1
25
41
2
3
56
27
2
60
2
0
32
52
0
3
3
4
4
62
47
54
20
3
2
69
60
2
1
59
8
43
55
3
4
62
61
58
2
2
3
1
3
0
86
29
42
84
23
83
32
22
25
24
52
52
76
19
48
19
53
30
81
25
76
24
73
46
47
43
70
27
35
70
79
71
70
16
54
12
72
56
68
70
68
53
71
22
48
27
46
43
0
104
44
81
98
27
97
22
99
27
32
141
95
97
71
61
30
94
21
93
26
99
126
91
156
61
156
152
116
128
155
158
101
98
120
151
41
87
134
161
83
105
109
150
23
145
0
141
60
0
104
54
43
87
45
103
35
33
41
42
99
67
78
34
73
40
83
42
61
47
89
43
63
83
64
68
80
41
36
79
81
77
72
24
74
50
64
72
83
83
64
89
77
23
46
0
47
68
37
47
29
56
58
17
36
11
31
16
21
54
60
38
23
68
23
68
22
71
25
66
19
69
52
55
65
64
23
25
72
73
81
80
34
55
20
61
56
68
73
78
76
78
32
30
0
30
31
0
111
56
73
98
26
76
17
34
31
23
104
108
85
34
107
27
111
34
99
21
109
27
110
116
111
112
113
32
33
104
108
83
97
33
103
27
90
95
109
85
97
106
99
24
84
10
78
75
10
52
27
15
56
31
28
33
24
16
31
45
46
37
31
43
23
46
13
46
26
45
26
40
33
57
42
30
18
18
39
59
63
37
35
34
11
53
51
31
54
59
29
62
18
20
10
17
15
20
85
33
58
45
40
83
18
27
43
42
53
88
51
23
78
12
87
47
51
25
90
44
95
55
55
90
95
17
53
97
101
96
91
40
58
17
44
93
71
66
93
95
65
43
42
0
44
46
0
90
24
95
91
41
131
26
41
45
45
97
80
79
89
36
37
83
110
126
122
79
130
81
45
81
145
85
124
128
135
83
89
153
17
148
11
74
56
69
78
145
150
139
17
40
114
38
42
109
51
16
31
59
34
69
26
30
36
34
20
62
23
33
26
9
63
4
30
11
35
24
66
31
23
27
29
12
15
30
36
25
40
6
34
37
26
36
42
50
35
72
72
31
22
6
25
25
0
