242
119
259
260
164
249
98
169
164
162
249
237
144
171
251
140
246
163
250
161
247
159
236
136
238
240
232
159
132
228
234
239
235
159
253
139
151
243
261
254
260
264
249
166
134
141
137
143
154
147
23
145
157
21
151
125
13
103
131
164
148
43
129
137
112
149
24
161
20
29
128
146
39
43
157
25
132
115
165
40
149
42
142
87
115
51
129
176
178
185
30
175
147
22
17
23
25
0
168
67
196
183
66
192
88
83
81
95
191
183
117
55
49
58
199
58
201
85
200
69
171
95
65
200
66
64
81
197
207
201
200
57
55
69
136
68
103
169
63
69
67
46
51
49
124
128
48
180
58
256
186
76
91
49
108
107
107
247
127
92
2
131
2
137
1
99
1
124
1
108
121
135
102
154
2
1
141
139
118
122
1
120
1
124
143
126
122
107
145
139
2
106
0
102
114
1
69
28
74
76
13
75
20
6
22
8
80
81
77
11
63
10
76
12
80
17
73
21
72
69
65
79
80
24
10
76
73
76
77
10
84
21
74
68
72
78
74
72
72
20
55
0
53
56
18
84
38
62
69
2
91
1
2
27
1
75
69
85
1
67
3
87
28
80
39
76
5
86
75
106
105
80
5
3
88
105
77
89
35
78
36
105
74
102
82
88
108
87
6
73
36
91
92
0
7
45
7
5
9
31
8
38
41
4
7
56
48
6
49
7
7
44
54
2
6
7
5
3
53
44
49
42
3
5
53
54
6
6
55
32
52
60
5
8
63
63
59
5
5
7
1
6
0
55
24
41
61
12
56
16
7
12
10
39
43
52
14
46
12
51
14
58
16
66
12
62
48
45
53
61
19
20
58
60
60
60
21
44
13
66
56
64
62
65
48
55
20
37
10
34
32
0
72
48
77
87
22
90
18
124
20
23
154
103
83
79
65
22
85
22
84
26
87
133
93
157
76
151
161
112
142
174
175
90
85
119
163
31
93
132
166
70
91
89
166
19
166
0
159
63
0
105
66
47
87
36
94
24
25
27
39
89
56
95
24
78
33
96
39
72
34
95
36
78
100
66
62
102
36
34
101
110
62
73
35
90
34
79
71
100
100
68
102
72
20
59
0
61
71
38
80
39
86
116
15
78
16
20
27
20
91
116
79
26
126
17
120
13
110
28
116
24
112
88
96
114
119
30
15
111
118
118
120
31
90
19
113
98
88
130
131
128
121
15
74
0
79
82
0
121
75
88
130
28
82
25
32
26
26
120
118
93
34
120
26
124
23
112
14
116
12
120
117
123
126
118
34
32
110
115
94
111
30
121
24
111
113
115
85
111
118
113
39
93
2
90
97
5
55
15
11
60
45
17
22
25
39
46
30
48
17
35
25
25
26
32
42
23
40
26
27
23
42
21
23
11
24
33
47
47
38
58
24
14
75
69
23
69
66
20
74
19
7
11
12
5
13
76
23
57
35
31
69
18
30
28
33
63
69
31
18
65
15
67
41
50
28
67
40
79
44
33
75
68
16
41
73
80
80
76
33
51
4
47
63
54
49
70
72
45
32
34
0
33
30
0
79
33
78
80
27
138
13
25
29
27
76
86
80
114
55
26
81
128
145
137
85
136
95
48
84
156
90
132
141
150
105
101
169
46
162
17
96
71
113
101
141
151
152
41
41
137
40
40
125
82
10
16
84
73
92
63
73
72
74
13
89
12
75
20
8
94
7
14
10
15
67
109
17
13
20
15
10
10
13
18
16
87
10
19
87
17
15
34
96
21
117
102
97
11
4
10
13
0
