401
209
440
429
301
431
189
308
287
310
431
433
232
298
431
250
413
283
429
291
428
290
412
246
418
416
430
285
211
412
422
423
426
277
413
236
224
428
415
420
428
428
422
280
213
254
222
243
239
271
53
260
266
81
266
213
43
173
214
265
260
96
208
265
184
282
62
268
37
86
211
270
89
104
277
54
243
180
282
94
270
91
221
187
158
91
194
281
260
287
59
278
224
46
35
39
51
0
276
127
290
283
130
298
75
86
69
91
298
286
191
106
83
99
298
100
329
119
301
83
280
173
121
295
119
118
103
311
298
314
307
71
101
120
280
113
201
291
111
116
118
59
70
60
223
225
62
271
162
343
290
82
163
70
126
129
133
369
237
196
5
251
7
288
10
190
7
250
15
269
229
263
209
307
10
16
318
309
237
274
14
247
4
211
287
248
212
220
295
237
5
154
0
141
148
6
132
63
129
135
43
130
34
24
45
38
133
123
91
31
96
39
128
43
129
39
124
37
117
75
103
97
111
44
49
113
116
119
123
48
118
35
124
101
136
139
144
138
140
41
59
0
55
61
43
116
124
74
136
11
107
11
11
54
11
131
128
131
2
97
2
122
41
137
49
143
6
136
101
123
128
148
10
5
146
127
138
145
54
144
52
136
104
126
150
140
141
153
11
76
44
116
118
0
3
93
9
7
22
54
2
50
57
2
9
132
45
3
138
6
3
65
142
4
7
4
5
6
93
83
79
27
3
5
101
114
7
3
105
14
64
103
7
5
99
104
97
5
4
4
2
1
0
100
47
80
113
28
113
45
26
47
40
79
80
104
22
77
26
85
33
117
39
106
36
97
73
83
77
110
35
44
102
117
112
119
46
88
22
124
101
123
129
126
72
123
44
67
35
56
51
0
146
80
153
153
46
162
44
204
51
51
197
193
157
175
119
52
161
35
162
45
161
218
155
226
120
201
240
206
232
259
251
161
162
241
238
42
152
225
237
142
163
171
249
33
230
0
231
119
0
135
82
50
134
74
133
26
72
50
76
140
73
134
35
101
65
125
63
68
64
133
61
86
116
69
70
111
59
52
114
114
79
87
52
108
50
97
86
128
117
85
122
90
47
72
0
59
69
42
106
59
124
150
33
81
10
37
35
32
129
143
81
36
135
32
135
26
139
43
148
45
141
101
138
137
137
28
29
130
134
144
142
34
125
35
128
114
116
135
134
129
126
37
88
0
91
98
0
180
74
65
104
11
108
7
82
73
11
103
92
87
84
104
11
179
83
101
7
180
15
186
181
195
180
185
78
75
105
186
102
104
80
161
63
155
138
98
92
143
104
148
20
91
19
84
81
26
51
34
12
50
40
17
38
30
22
38
36
55
30
42
34
28
44
18
47
34
51
31
34
30
52
38
39
23
31
43
55
47
54
35
31
14
74
47
26
63
58
22
61
23
15
15
22
15
16
102
25
89
62
37
98
30
22
38
38
90
103
65
27
99
20
98
33
84
22
106
42
100
84
61
90
99
26
44
111
119
116
110
46
77
24
62
113
93
64
107
103
80
47
63
0
50
59
0
137
62
135
140
34
219
15
30
28
36
134
138
137
187
95
41
144
207
223
211
138
213
150
99
156
235
163
214
223
233
154
145
255
49
240
33
158
107
144
165
220
244
246
38
76
206
73
81
193
143
22
41
136
94
145
74
96
85
101
31
133
49
101
47
9
139
8
37
16
44
76
131
38
29
32
45
12
23
38
44
38
96
14
42
84
28
38
68
105
36
128
118
71
27
14
26
25
0
