289
128
308
290
176
288
100
186
188
187
296
283
148
173
292
134
283
174
288
169
287
175
263
153
271
266
286
158
130
265
263
287
288
162
280
126
175
286
279
272
292
305
290
158
136
121
157
158
133
183
31
185
169
58
180
149
27
122
164
182
167
63
157
196
117
179
61
182
34
70
158
162
50
50
152
28
124
113
156
54
153
50
129
104
108
55
133
167
173
175
33
169
150
24
17
25
24
0
159
71
177
188
75
196
51
59
54
49
183
177
115
63
59
60
163
62
196
50
172
41
175
102
63
184
61
57
49
187
170
181
180
40
47
59
148
59
130
161
62
62
72
29
50
50
144
129
48
172
91
228
190
60
98
48
74
83
81
234
154
135
5
155
2
171
3
128
0
167
4
154
149
163
140
179
5
6
179
175
144
154
3
175
2
155
183
161
135
141
194
175
1
120
0
115
132
3
89
32
90
85
19
92
24
10
28
18
91
71
74
8
57
13
76
14
71
22
78
25
84
56
76
76
76
28
16
81
84
87
79
17
81
18
77
67
81
88
82
85
88
19
55
0
54
57
25
64
57
33
64
8
60
8
7
24
7
68
69
65
5
48
4
70
31
76
34
72
4
65
50
69
68
71
7
7
69
63
65
69
31
70
29
67
52
64
67
65
71
72
5
34
33
63
62
0
3
42
5
3
7
24
1
35
40
3
4
55
31
2
54
2
4
39
55
2
4
2
7
4
49
47
48
35
2
4
57
56
6
3
56
11
37
56
4
3
59
56
57
2
4
4
1
3
0
52
29
44
67
15
58
18
13
16
15
47
51
62
15
49
15
53
24
66
22
65
21
76
52
41
47
72
26
25
66
73
72
73
19
48
12
64
52
66
65
65
43
65
25
41
20
33
36
0
86
51
101
101
26
101
21
116
27
25
119
106
103
86
68
28
98
19
100
31
99
126
119
144
77
129
150
114
137
153
153
108
107
130
145
30
88
148
158
89
101
98
151
20
145
0
124
67
0
111
70
62
95
35
110
25
27
31
39
99
70
90
25
71
28
94
36
73
32
98
33
77
83
64
67
88
28
23
98
82
77
67
24
76
27
67
73
81
82
69
96
70
25
48
0
47
62
23
76
35
78
92
11
45
13
19
21
18
83
86
46
20
90
25
89
11
86
22
86
23
92
54
89
92
89
16
21
96
93
96
90
14
77
16
83
76
74
105
97
101
100
18
62
0
62
65
0
87
32
45
69
13
63
13
37
38
13
64
62
53
32
71
11
99
40
65
12
95
15
101
96
108
106
101
29
30
62
102
52
64
42
80
30
85
79
72
53
83
76
75
18
54
7
55
43
11
46
19
18
41
41
19
22
21
26
36
28
46
18
31
21
22
30
30
54
20
54
26
30
24
57
33
23
13
23
44
46
47
56
30
24
9
48
39
17
40
49
24
53
15
12
17
15
14
13
51
15
43
33
30
56
20
22
30
33
48
64
27
17
69
16
80
30
51
26
73
33
61
50
40
56
57
19
28
55
55
60
60
31
50
17
40
69
50
49
72
72
44
34
34
0
28
33
0
93
39
90
95
36
129
18
40
43
43
88
91
90
100
59
39
101
106
129
117
99
132
92
46
94
137
98
119
117
142
96
90
158
37
147
16
101
69
105
109
123
158
150
40
52
132
51
49
118
72
14
29
82
62
85
56
58
58
61
17
89
34
63
29
9
85
3
27
5
23
56
103
29
25
28
21
10
16
26
29
30
88
9
28
84
23
35
45
87
26
105
113
68
22
7
21
20
0
