292
148
281
273
176
277
94
190
186
192
282
259
164
179
263
164
260
188
261
177
266
169
242
166
250
255
251
174
142
241
244
260
257
173
252
146
158
256
259
254
269
252
264
178
165
170
170
178
165
99
25
104
105
21
102
64
19
47
62
96
122
45
81
127
60
113
23
119
16
29
80
155
32
60
171
24
124
104
166
32
166
36
118
112
85
39
124
153
153
162
29
169
126
21
16
21
19
0
176
81
188
185
64
196
73
85
78
72
199
185
115
60
49
57
196
58
191
71
202
69
177
105
59
193
68
68
67
183
187
194
185
72
64
75
152
66
117
181
74
74
73
64
55
55
125
127
55
149
46
246
156
87
127
104
165
172
171
264
95
77
2
92
2
125
6
93
11
93
14
96
98
106
72
117
2
11
118
124
92
103
12
98
1
89
111
87
84
86
106
90
1
62
0
60
73
1
92
51
89
97
19
93
24
19
24
19
97
97
87
13
90
26
106
32
107
19
104
24
115
68
88
79
105
22
35
113
114
113
115
31
84
20
89
84
110
109
114
112
117
22
64
0
61
60
15
112
101
70
131
18
95
11
19
40
20
126
128
122
16
86
14
119
40
122
48
129
23
125
79
110
104
116
19
10
119
111
123
125
40
112
42
114
68
105
120
116
111
109
12
56
46
85
86
0
3
58
5
4
14
44
2
37
44
2
4
81
7
0
84
2
3
32
88
3
5
2
3
3
41
47
36
13
2
3
49
54
3
2
40
8
23
34
3
2
40
40
43
3
3
2
2
3
0
35
14
21
31
6
30
9
6
9
6
21
21
23
4
20
6
27
7
26
7
30
8
35
17
17
22
28
10
11
29
31
35
31
5
20
4
22
17
27
26
31
14
27
6
20
10
15
16
0
45
36
42
49
1
50
1
155
1
1
152
92
45
81
40
2
48
1
50
2
48
170
53
183
47
186
207
142
178
200
193
53
54
152
191
4
46
144
183
43
49
47
180
3
175
0
167
43
0
65
55
34
58
9
66
19
10
30
7
53
54
55
7
56
11
54
8
57
6
63
11
63
60
58
64
62
9
12
63
67
56
64
12
55
42
62
70
65
65
67
74
63
12
47
0
42
63
39
103
33
111
130
7
98
4
8
12
6
109
127
96
12
133
6
126
15
126
12
125
15
112
107
112
116
122
13
8
118
130
129
121
16
106
6
127
113
111
121
130
130
128
6
105
0
105
103
0
152
73
121
153
13
119
13
22
17
17
151
149
134
21
146
11
160
22
152
9
156
12
165
164
173
180
174
26
28
139
168
130
151
28
169
20
166
153
154
136
161
146
152
18
127
7
128
126
5
53
33
21
49
23
28
28
31
22
25
48
52
30
19
46
21
56
15
46
27
47
35
53
48
56
48
53
12
31
53
57
54
48
28
45
8
63
48
42
57
53
48
48
24
27
24
37
22
17
48
15
33
17
42
54
21
33
32
37
33
52
12
20
56
19
52
41
30
40
60
49
56
33
20
54
56
16
38
49
49
52
56
45
35
14
29
57
45
27
66
61
28
47
5
0
6
5
0
81
28
81
80
37
122
30
43
42
45
88
79
96
129
63
44
98
156
160
158
113
162
102
55
105
147
112
148
151
147
113
109
158
60
151
27
109
84
118
122
131
147
148
49
21
136
18
19
143
106
7
10
116
90
112
90
99
109
104
9
111
12
104
12
0
109
1
9
2
11
90
98
8
5
8
10
2
8
6
8
6
102
2
12
107
7
11
17
99
9
116
108
98
4
3
10
9
0
