567
319
587
611
461
592
308
503
491
505
592
592
379
487
594
408
600
494
611
485
579
479
579
405
568
575
573
461
430
577
591
556
599
487
603
418
401
604
596
608
616
583
608
467
392
448
369
393
423
373
93
378
380
108
390
293
79
227
293
390
394
154
303
416
283
419
109
406
97
113
327
414
127
147
395
104
331
273
422
135
423
129
325
205
271
151
343
417
404
406
111
392
337
87
89
94
102
0
467
197
508
518
256
520
203
184
175
200
526
514
334
226
185
195
530
225
545
225
546
170
470
308
238
517
236
265
205
537
540
522
539
170
224
261
433
248
308
502
240
238
247
148
186
176
362
352
172
459
167
639
468
187
216
142
277
297
287
659
360
254
10
366
6
413
10
266
5
361
22
337
322
338
299
362
13
8
386
399
359
357
6
352
5
317
381
352
289
290
375
342
6
263
0
241
260
4
127
74
136
146
17
144
71
50
97
12
137
126
178
10
122
10
141
16
141
81
141
89
148
116
155
188
160
91
24
147
156
155
165
33
190
83
146
134
164
171
172
162
182
88
95
0
88
101
89
272
192
134
254
8
233
7
8
112
9
255
221
274
5
162
5
224
110
232
115
228
7
210
160
246
258
220
8
3
216
273
206
216
118
228
113
273
179
275
223
233
274
212
8
148
119
259
248
0
9
87
9
8
28
72
3
75
86
2
10
94
56
5
115
4
8
61
114
5
9
9
9
8
129
81
129
76
3
5
145
137
9
5
197
62
161
211
8
9
190
201
200
7
5
5
1
6
0
192
79
137
186
58
187
73
41
66
64
133
151
186
44
132
53
162
63
214
66
208
55
210
146
139
150
208
72
62
200
213
216
219
79
167
46
221
159
229
225
235
132
222
81
143
66
114
129
0
265
125
235
247
67
268
67
365
77
72
369
370
248
291
191
68
257
58
249
67
264
360
270
434
182
402
435
349
393
444
445
275
268
365
418
88
230
412
430
211
277
276
453
67
419
0
406
183
0
303
195
144
277
126
304
89
108
92
139
303
174
303
85
270
138
338
175
184
181
331
174
182
319
182
178
328
163
154
346
339
189
204
136
274
103
237
189
322
305
190
327
197
111
141
0
128
187
105
205
133
236
283
49
160
52
66
94
71
231
254
151
72
261
73
253
54
258
75
271
75
268
169
203
255
253
88
61
266
268
260
277
88
230
72
254
220
229
278
286
288
280
68
160
0
155
151
0
311
208
157
254
37
216
24
107
93
42
251
247
205
99
254
48
297
101
248
33
313
39
311
281
333
330
331
95
87
248
319
193
259
91
287
76
254
285
229
187
263
227
252
43
187
21
184
175
26
134
83
44
122
84
59
97
89
70
93
109
124
58
71
90
82
107
55
121
92
119
95
88
86
111
90
76
32
78
98
112
112
110
101
79
30
122
117
62
139
135
74
137
52
27
47
59
28
41
200
64
200
144
55
217
74
42
57
61
208
215
132
62
219
55
218
56
196
38
209
54
206
215
155
193
217
63
74
220
224
205
214
73
205
30
174
247
158
213
226
239
221
79
141
0
129
148
0
275
119
287
287
76
357
25
73
68
73
293
279
294
305
195
79
297
342
405
391
282
368
298
168
291
429
301
339
392
412
287
288
430
90
412
44
303
198
317
306
396
440
438
79
139
340
142
132
328
218
51
97
246
151
230
127
155
154
161
73
259
85
174
96
14
256
5
77
22
94
142
251
97
78
89
91
16
66
101
91
95
189
14
84
178
69
84
151
202
91
254
262
147
72
13
68
79
0
