343
176
354
368
235
357
155
238
240
241
351
362
206
227
387
198
376
230
382
228
365
232
342
200
332
332
315
207
182
327
327
322
341
200
275
191
203
300
284
284
293
297
301
202
210
195
215
224
206
125
33
129
123
27
128
79
23
52
78
129
142
48
96
158
88
146
39
147
27
49
104
152
44
60
160
41
101
84
155
47
152
49
92
76
60
40
98
140
133
133
31
120
94
40
29
38
34
0
156
72
172
174
67
163
22
22
21
24
174
170
154
66
59
70
170
75
177
23
182
24
194
135
71
196
66
69
38
184
190
197
199
63
79
87
183
83
150
222
78
77
85
60
64
59
178
176
70
152
81
256
152
65
145
102
143
151
144
261
103
80
1
105
1
141
4
93
13
106
11
112
101
113
96
130
1
8
128
133
101
111
15
109
1
91
139
109
93
123
138
129
0
71
0
72
74
1
98
39
103
108
23
105
37
17
36
21
105
117
81
15
82
37
119
43
119
35
118
30
93
62
78
92
94
41
32
107
103
100
106
12
93
39
90
75
82
92
85
90
91
37
54
0
56
54
38
57
50
23
51
13
53
12
15
40
13
49
72
68
14
43
22
68
39
79
51
72
25
69
34
68
60
77
22
17
69
67
74
69
41
86
38
74
33
68
93
92
78
92
37
22
45
53
57
0
6
67
6
6
23
40
4
36
43
3
10
101
27
3
120
5
6
67
114
5
8
4
6
4
84
67
62
23
3
5
92
91
8
6
78
11
40
80
8
7
81
79
85
6
7
4
2
7
0
136
73
95
139
45
144
37
24
42
39
98
101
146
38
85
38
108
52
157
55
157
53
140
99
94
73
129
58
51
149
136
148
140
41
100
19
148
112
153
141
143
101
150
47
103
57
78
88
0
115
46
116
116
37
107
32
184
38
40
198
145
127
98
70
38
133
34
115
40
120
170
128
219
83
202
218
165
201
245
236
142
134
172
219
62
121
191
227
107
133
132
233
44
205
0
206
72
0
106
76
57
101
49
120
27
50
33
61
116
70
104
28
109
58
118
54
65
69
124
63
82
115
64
77
110
66
58
118
111
79
82
58
85
44
100
89
112
114
83
111
85
47
47
0
51
73
38
93
33
106
111
13
81
45
57
43
52
101
106
64
48
106
53
102
48
112
50
110
57
96
66
98
94
91
55
58
85
95
101
96
48
101
51
77
97
94
100
103
109
110
59
53
0
55
52
0
153
90
119
164
24
130
23
35
36
28
162
155
135
38
152
38
179
33
168
29
169
34
157
162
168
172
171
30
24
157
173
137
174
25
165
20
156
171
170
142
155
179
160
43
141
9
136
131
7
63
39
23
73
37
29
39
33
29
38
44
65
42
29
48
34
53
25
68
32
65
30
46
40
73
43
41
23
31
48
73
67
62
31
31
11
72
60
34
75
71
31
71
22
20
22
33
25
17
87
22
70
53
30
93
27
22
31
36
69
98
67
29
96
25
104
40
72
23
107
40
106
81
75
104
108
24
47
101
102
109
92
40
76
18
68
104
86
73
104
105
79
39
52
0
50
56
0
116
42
125
137
44
176
20
39
41
42
119
96
114
149
79
43
126
171
206
195
130
193
122
74
128
219
124
179
187
219
128
132
229
37
226
14
117
91
122
118
191
219
217
36
53
180
48
45
174
95
19
57
100
39
103
42
47
51
46
39
97
42
37
56
9
99
3
55
13
61
26
84
53
52
52
53
10
10
42
56
55
70
15
61
36
46
54
71
80
65
93
95
29
59
13
55
50
0
