294
146
318
314
182
314
118
193
198
195
307
305
161
182
309
148
310
189
317
176
310
183
328
168
324
333
325
186
133
328
322
331
340
171
280
143
169
292
288
289
292
290
295
172
166
164
173
174
154
148
35
154
150
44
147
124
31
100
128
141
160
70
135
165
116
174
41
170
43
46
148
159
50
82
167
39
148
110
175
50
165
53
112
70
104
51
124
148
157
153
34
149
122
35
34
34
34
0
177
87
186
188
81
201
52
57
50
49
195
205
109
80
61
76
197
77
217
69
210
52
175
119
76
192
81
83
58
208
210
202
205
59
78
78
159
82
164
186
79
77
80
57
67
63
151
147
61
170
65
256
181
81
113
60
109
116
120
258
134
100
4
140
0
142
0
112
2
148
1
102
134
127
113
150
2
3
163
154
137
135
3
142
0
122
157
150
119
122
156
133
1
111
0
101
112
1
106
41
118
120
7
115
27
14
38
7
117
111
126
7
92
9
111
9
107
33
105
32
102
97
124
133
108
34
10
110
107
109
108
15
121
33
105
97
111
116
107
108
112
36
90
0
92
92
33
84
61
44
74
4
82
2
2
28
4
79
83
93
2
68
1
71
34
70
40
75
3
79
69
95
86
71
6
3
79
97
77
72
42
74
39
97
58
97
73
81
93
79
6
43
37
78
89
0
2
43
2
0
3
39
1
36
41
0
2
50
25
1
48
0
0
27
49
0
2
1
1
1
45
39
40
24
0
1
42
46
2
1
60
17
42
48
2
2
59
55
56
0
1
0
1
1
0
85
39
76
82
30
87
17
16
25
19
72
73
92
22
75
20
69
28
86
26
80
25
97
77
67
81
92
39
30
87
92
95
100
29
79
21
89
80
94
95
90
59
88
30
65
28
59
54
0
100
63
104
117
26
115
31
108
34
30
167
134
122
94
91
45
130
39
124
44
131
119
136
163
95
164
190
121
136
179
196
145
144
130
173
48
127
169
176
100
137
141
176
39
169
0
179
85
0
164
105
96
148
49
155
31
37
38
50
152
102
146
38
115
39
159
56
107
64
160
55
108
132
112
111
149
54
45
160
150
123
117
54
139
33
108
119
168
160
108
160
123
40
106
0
103
114
40
114
54
122
157
26
93
25
35
39
43
131
149
90
37
149
39
143
27
145
44
142
40
140
96
131
143
133
35
36
144
142
143
139
36
141
32
147
134
118
152
146
144
148
32
80
0
82
89
0
110
93
67
114
30
91
32
25
19
36
122
115
84
21
119
41
112
20
117
23
105
36
109
116
105
120
113
22
27
114
118
84
113
26
109
18
109
109
120
100
107
121
111
56
82
10
81
84
9
88
36
16
94
70
25
33
35
66
74
35
73
20
56
35
37
35
50
67
33
60
36
33
26
86
34
38
21
32
83
83
82
83
74
30
7
85
69
19
85
89
18
83
21
11
21
19
13
13
98
40
75
49
55
102
23
47
60
58
76
102
51
29
115
23
111
64
72
52
123
74
92
70
42
109
95
27
55
97
92
101
102
48
75
13
57
96
79
72
108
99
72
51
42
0
38
40
0
119
52
130
121
48
135
29
42
49
42
128
95
121
116
66
45
118
131
150
142
127
142
120
57
122
168
122
132
143
175
127
123
171
47
170
23
122
85
139
140
148
175
177
45
55
132
46
55
126
111
11
48
117
77
122
65
81
75
80
30
132
33
90
50
12
123
8
29
16
39
74
117
37
28
32
36
11
27
36
33
36
94
13
33
79
35
34
47
89
36
113
113
71
25
10
20
23
0
