148
75
158
165
77
159
49
80
82
85
156
153
90
82
146
73
147
82
150
88
148
85
138
74
147
140
146
73
69
147
138
148
141
72
138
66
91
139
153
147
142
139
141
75
101
73
87
91
71
105
20
105
103
13
99
88
11
75
90
104
111
31
99
123
90
120
13
116
11
22
103
109
28
44
120
16
93
71
114
28
114
22
101
57
78
23
91
115
116
120
20
114
99
18
11
16
17
0
93
41
116
113
28
118
51
57
54
58
122
116
51
27
27
26
120
28
123
68
122
66
120
59
31
123
26
30
61
124
125
127
121
55
27
29
88
28
95
121
33
28
29
58
22
18
57
58
22
99
27
147
109
22
79
29
44
51
49
144
89
70
2
95
2
85
1
81
2
91
3
69
85
83
59
90
2
2
88
90
79
74
1
79
1
83
91
90
75
69
103
96
1
80
0
84
82
1
32
12
34
32
4
31
14
5
18
2
34
35
42
7
28
4
35
8
37
16
40
14
36
23
30
33
34
13
6
36
37
33
32
2
40
13
35
28
29
29
30
33
31
10
22
0
22
21
9
56
13
41
55
1
56
0
2
9
1
57
59
55
2
43
3
58
12
59
12
57
3
52
43
58
61
57
2
1
52
56
52
52
13
58
13
55
53
55
62
57
54
58
3
45
16
58
57
0
0
20
1
0
1
17
1
12
16
1
1
21
16
0
24
0
1
15
20
0
0
0
0
0
34
23
29
20
1
0
39
39
0
0
51
15
39
50
1
0
47
48
44
1
1
1
0
1
0
68
35
53
73
12
67
10
7
9
9
56
63
73
5
61
5
55
13
76
12
79
9
71
64
61
54
69
13
10
75
75
76
79
17
64
10
77
79
76
83
76
62
84
13
58
14
57
54
0
116
40
114
125
48
125
36
57
40
43
109
101
133
43
84
43
130
41
123
45
133
52
124
114
90
118
128
52
53
115
117
125
126
54
119
52
103
106
130
111
130
130
122
33
113
0
117
79
0
85
41
34
78
39
74
9
36
10
43
87
50
84
32
88
58
93
60
45
68
101
59
54
105
62
41
122
67
61
110
114
51
55
67
79
12
90
51
106
104
51
112
45
59
35
0
40
49
11
80
41
77
110
23
72
22
11
42
11
76
130
60
60
129
17
131
41
127
56
123
52
130
61
73
124
135
59
12
133
138
142
126
54
74
13
103
68
104
131
132
133
133
12
59
0
56
66
0
45
79
23
76
46
34
48
15
16
53
87
69
23
12
75
41
44
11
67
35
42
43
45
38
45
44
47
9
8
64
49
33
69
12
46
7
40
49
56
34
38
58
43
29
31
2
31
31
1
42
9
11
37
35
5
7
7
26
30
9
28
11
21
8
6
9
21
32
8
25
9
9
8
28
8
9
9
8
25
27
31
36
31
7
6
37
31
8
35
34
10
42
5
8
4
8
7
2
74
25
59
45
19
76
10
13
18
18
66
61
41
10
63
7
64
17
60
11
68
21
69
58
50
71
79
12
15
72
75
73
69
17
63
9
56
76
64
68
79
78
71
15
58
0
54
58
0
56
28
79
70
27
93
12
25
27
21
62
53
65
52
45
28
76
58
91
68
78
70
88
61
83
93
79
65
61
96
71
81
99
30
97
18
83
63
89
86
87
96
84
29
46
55
50
45
56
64
0
15
65
60
64
50
56
52
60
12
68
23
60
13
2
66
1
17
2
12
53
69
10
12
11
13
1
12
15
13
12
55
3
17
69
12
17
22
57
16
82
80
58
12
1
10
12
0
