253
142
260
257
159
249
86
170
167
164
250
254
171
159
251
135
262
170
245
167
253
151
237
149
233
239
222
155
128
223
227
205
229
148
219
125
142
223
222
215
218
220
224
149
159
137
163
165
146
93
24
101
97
15
101
84
11
61
82
98
100
43
89
109
75
104
20
107
19
22
88
121
29
42
121
20
102
92
123
28
128
30
102
81
74
21
93
109
121
119
21
127
92
17
19
17
15
0
123
51
136
140
58
138
43
45
47
49
134
124
95
38
40
42
132
51
144
57
144
43
132
85
45
123
51
52
39
122
131
130
136
40
48
59
128
60
97
151
61
62
59
39
43
42
101
101
41
117
39
195
121
51
99
62
104
108
107
212
100
63
1
94
1
106
5
71
1
93
7
84
84
88
56
99
0
2
96
97
85
78
2
85
1
87
99
92
73
79
101
93
1
75
0
73
76
1
49
30
48
44
2
50
23
22
22
2
44
51
58
4
37
3
47
4
56
23
54
21
67
31
63
58
75
24
13
66
67
72
71
13
70
24
69
42
69
72
72
73
62
26
34
0
36
38
19
66
52
43
70
12
50
7
10
22
9
69
68
62
4
42
4
59
20
73
26
67
5
63
42
63
58
67
10
5
62
80
57
62
21
63
27
66
43
60
63
60
67
60
7
31
28
53
52
0
0
14
0
1
5
12
0
11
16
0
0
23
6
0
20
0
0
11
22
0
0
0
0
0
22
17
23
9
0
0
25
26
0
0
21
5
10
20
0
0
15
18
18
0
0
0
0
0
0
79
38
64
85
30
86
24
18
28
27
62
67
79
21
62
17
61
23
81
22
80
24
87
62
54
42
82
36
33
77
80
86
86
30
72
17
81
61
87
87
86
64
83
22
61
35
52
50
0
94
43
93
94
31
94
25
115
24
29
143
99
84
65
53
30
95
27
98
38
97
118
87
157
59
159
165
91
125
170
167
98
93
104
167
29
79
127
162
83
94
100
156
23
156
0
157
68
0
77
61
44
78
30
83
19
27
25
33
83
62
98
17
85
32
98
36
54
38
98
38
62
95
57
55
78
36
32
84
75
54
68
25
55
25
64
67
85
77
54
77
64
27
51
0
49
66
23
90
42
98
97
17
73
22
30
30
29
98
103
71
29
102
31
96
20
104
32
100
28
92
69
94
91
90
20
30
91
100
94
104
19
98
29
96
96
85
93
96
105
99
31
68
0
69
66
0
121
50
89
111
23
91
20
26
22
30
114
111
96
24
112
32
119
21
121
23
109
31
109
119
115
113
112
22
16
114
106
95
113
21
101
13
100
103
125
98
108
116
106
32
95
6
94
90
7
44
28
11
48
41
19
18
20
28
39
31
52
21
30
27
23
23
27
40
18
49
22
27
27
43
26
29
21
18
39
38
50
51
34
27
14
44
38
26
49
51
19
49
9
14
9
18
12
9
58
18
41
30
26
68
21
21
30
28
50
60
38
17
59
20
69
26
52
14
59
25
62
40
44
66
63
17
26
63
66
62
60
32
52
10
53
72
58
56
82
79
57
37
29
0
29
31
0
78
29
91
93
31
136
20
35
38
37
88
76
74
116
58
44
74
113
151
127
73
128
75
53
79
138
68
114
122
140
84
84
157
41
149
21
89
67
92
94
128
147
149
37
39
114
32
41
121
80
12
36
85
58
92
52
61
61
66
21
85
36
60
26
16
96
5
30
15
35
53
111
31
32
39
32
13
33
38
36
35
90
12
34
79
30
35
49
97
35
119
109
72
22
12
24
23
0
