339
177
370
369
251
366
171
267
267
261
365
354
207
260
375
205
350
254
352
264
358
242
338
192
347
322
323
245
202
339
344
340
325
243
323
190
201
325
335
334
339
322
328
243
202
228
190
195
220
213
54
197
215
51
219
140
43
108
141
214
202
92
150
225
135
223
51
224
51
69
167
239
73
108
240
61
167
142
239
75
242
77
152
155
98
77
141
221
227
211
64
218
151
52
42
51
54
0
250
94
266
264
143
267
93
78
90
88
277
268
201
122
119
128
292
132
283
88
285
84
257
164
123
293
135
129
87
286
284
288
301
72
113
127
232
133
167
252
122
137
137
53
104
93
214
216
107
203
115
311
206
97
123
65
134
140
129
309
176
167
5
191
4
199
6
160
9
185
12
193
192
196
152
221
7
12
214
240
175
211
13
200
3
167
220
189
152
195
237
178
4
125
0
103
118
1
164
78
163
166
42
151
40
39
47
26
166
164
128
21
110
21
152
26
166
50
161
49
184
111
127
134
183
51
57
189
193
185
189
44
146
41
162
137
186
180
176
174
193
55
84
0
84
84
44
132
143
67
145
24
133
17
22
67
27
151
147
142
21
93
18
135
62
151
72
150
26
136
82
132
132
147
31
24
151
140
147
150
69
137
69
146
104
135
140
151
145
138
23
71
74
120
117
0
8
100
8
11
20
67
8
79
81
6
9
136
71
6
135
9
9
80
130
5
10
6
8
5
125
104
126
59
5
3
129
149
13
7
143
38
118
142
7
10
146
144
147
6
9
8
3
8
0
122
44
87
124
50
126
69
42
63
66
86
94
121
51
89
47
98
70
121
62
118
67
126
93
79
77
122
74
66
123
134
116
126
69
107
37
140
127
146
156
147
84
150
79
83
68
75
73
0
179
101
167
197
65
185
53
182
80
71
209
202
176
160
120
65
168
49
175
67
188
180
180
237
113
215
251
188
193
231
239
192
181
176
228
61
145
210
235
151
189
187
224
47
227
0
218
120
0
158
107
92
162
70
187
48
43
66
68
187
111
173
47
134
65
178
78
106
73
169
81
116
161
110
109
162
73
67
168
166
118
111
60
134
71
114
111
156
153
108
155
118
52
83
0
80
107
70
145
59
161
137
22
72
10
65
27
68
151
134
93
33
137
66
134
22
146
36
127
34
141
109
160
148
142
32
57
154
142
143
141
32
141
72
121
162
105
132
130
127
126
70
79
0
74
76
0
149
103
76
147
41
107
28
51
51
37
130
133
100
45
123
31
164
51
121
28
147
35
155
156
161
155
159
45
51
124
154
107
136
45
153
38
134
140
135
103
131
125
139
32
91
12
83
80
17
91
62
42
85
52
47
54
52
33
51
74
91
56
49
82
54
70
31
85
56
78
60
67
65
87
75
69
30
44
69
81
77
73
65
45
14
92
60
38
92
87
45
97
21
28
20
41
28
26
114
41
93
77
53
134
36
46
65
62
94
130
52
39
130
40
143
58
89
38
124
62
123
100
67
118
127
38
53
122
124
123
114
54
97
21
79
126
87
107
127
113
105
59
61
0
51
54
0
159
78
164
156
37
187
19
45
44
38
166
182
158
129
96
41
171
171
219
190
165
182
163
105
178
236
162
158
185
211
175
174
236
47
225
21
147
100
172
163
209
235
235
40
95
168
103
94
158
124
33
77
150
71
139
53
75
69
80
52
147
58
84
74
19
161
11
72
22
80
57
176
80
79
84
80
21
46
90
86
81
126
19
82
94
64
78
114
124
77
167
165
69
54
14
64
51
0
