222
127
241
235
166
225
88
164
171
164
235
212
151
166
219
135
220
171
222
160
216
153
217
141
209
208
202
155
139
209
202
192
209
157
228
113
143
235
238
231
231
234
242
156
140
144
152
153
150
131
43
135
144
30
137
86
23
66
88
139
123
61
88
145
61
147
31
139
26
45
82
116
50
57
130
41
91
65
136
52
138
54
108
115
82
57
103
163
165
162
39
164
113
36
28
35
33
0
169
65
179
187
81
179
79
78
77
82
194
154
97
76
64
67
165
70
172
56
166
44
151
96
75
160
69
79
51
166
170
157
160
59
68
68
137
75
125
178
70
70
77
58
59
55
120
117
54
121
50
178
125
46
97
70
93
109
103
184
93
82
0
95
0
106
3
72
5
95
5
90
88
108
87
121
2
5
118
115
102
112
10
109
1
86
120
102
88
84
131
91
1
70
0
69
57
0
81
38
95
92
32
85
31
23
27
19
88
84
59
17
66
27
85
32
82
28
87
27
90
49
60
70
107
33
46
97
106
96
102
42
75
26
90
64
100
96
105
104
102
31
48
0
42
50
30
101
131
41
138
32
96
27
32
32
28
134
128
98
19
87
17
115
37
139
40
134
28
114
77
92
98
111
21
11
121
108
123
131
42
123
35
99
72
96
136
118
98
127
28
61
38
92
88
0
7
50
7
9
11
38
3
31
41
2
7
85
25
5
93
5
6
36
83
4
5
5
10
7
66
57
62
35
4
8
72
83
8
5
71
18
52
69
8
5
70
67
66
6
4
3
2
4
0
79
37
55
76
14
73
27
26
28
29
42
47
58
13
49
24
49
23
59
25
69
24
63
50
49
46
64
17
26
62
74
70
70
24
53
15
63
62
64
68
61
44
72
28
45
23
37
36
0
105
52
109
121
58
125
54
94
51
54
142
94
107
64
67
47
102
43
117
40
121
110
113
155
91
155
172
101
120
162
166
124
110
101
162
44
92
136
159
102
116
115
167
43
150
0
148
70
0
86
69
48
88
42
100
21
41
33
44
91
74
85
17
92
43
91
48
74
41
103
52
68
90
68
71
94
39
41
101
98
72
80
39
83
44
86
65
93
98
76
101
75
40
54
0
46
70
40
101
58
122
131
25
95
13
22
39
20
124
133
107
26
139
20
142
14
148
28
139
31
139
120
121
136
146
32
27
130
134
126
134
28
120
24
136
121
114
142
135
139
145
27
90
0
94
97
0
98
67
64
108
39
87
27
22
24
40
113
106
83
25
106
31
109
24
104
18
110
32
111
105
110
104
111
28
19
108
103
85
104
26
115
24
101
103
109
80
101
100
94
31
75
5
71
74
6
61
46
30
64
19
44
32
30
16
24
54
70
39
26
58
26
58
17
65
36
64
33
55
54
65
59
57
26
28
51
58
68
67
33
55
19
76
50
44
76
68
54
71
22
25
17
38
16
14
73
13
62
37
30
77
24
17
30
30
65
68
45
22
70
23
75
23
67
17
76
21
75
62
62
83
80
25
35
76
74
73
90
33
68
21
54
81
63
62
80
71
58
28
36
0
35
37
0
101
33
111
116
41
146
18
40
41
41
101
85
125
126
98
46
134
114
139
122
129
126
121
84
129
150
122
127
121
151
122
128
152
57
145
29
119
91
137
125
132
154
154
60
61
122
56
56
109
121
15
26
121
94
121
71
83
89
91
22
107
23
79
31
2
107
3
28
8
25
80
121
24
24
27
29
5
31
30
29
24
97
5
23
81
17
25
43
94
28
124
108
81
19
6
15
23
0
