191
98
198
188
133
195
78
132
129
135
191
169
100
133
173
110
172
134
169
127
167
133
177
111
175
190
171
123
103
174
175
172
187
114
180
105
107
176
180
175
171
171
176
125
97
114
100
103
111
108
26
109
113
30
116
81
22
49
89
119
101
38
78
101
46
107
26
110
18
38
75
108
38
32
106
29
81
52
100
29
108
37
82
76
52
36
77
116
113
115
28
107
77
14
12
18
17
0
106
53
114
117
47
121
30
32
34
30
120
117
72
52
41
42
132
57
124
32
127
28
120
72
47
124
51
52
29
126
125
128
129
40
48
52
123
53
87
138
54
52
54
36
33
33
101
100
29
102
52
147
108
31
57
43
69
63
72
147
86
77
3
89
1
92
3
66
2
85
3
91
70
80
67
90
4
3
88
101
83
91
4
86
1
74
91
80
68
65
101
79
1
57
0
55
50
2
41
20
44
42
19
43
16
18
18
16
44
39
28
11
29
16
41
21
44
22
45
20
43
22
25
33
42
17
16
41
42
43
42
28
32
22
40
36
48
51
55
51
52
18
15
0
13
14
20
50
58
20
65
8
40
8
10
15
12
59
61
45
6
32
3
54
19
65
18
64
9
59
35
48
39
55
7
3
52
54
59
48
22
64
20
44
35
48
55
58
54
58
12
22
21
35
31
0
5
40
4
2
14
31
2
27
36
1
2
63
25
0
66
3
2
35
68
1
2
3
3
3
56
47
51
19
1
3
65
63
4
0
53
6
37
51
5
4
48
48
50
2
1
2
1
2
0
56
30
48
60
12
64
17
15
17
16
45
50
61
14
41
18
49
23
68
21
67
21
59
48
46
39
66
20
27
63
60
60
60
13
47
7
58
50
62
54
67
42
60
17
38
14
31
34
0
64
23
58
65
25
56
24
98
23
22
89
76
68
67
32
27
54
24
51
22
50
102
58
109
39
105
119
85
104
109
112
63
67
101
114
19
62
101
111
59
62
67
114
25
111
0
119
37
0
48
31
37
56
40
69
13
31
31
36
58
42
63
16
45
22
55
31
35
37
58
29
40
58
37
36
58
27
28
61
54
37
34
35
49
19
42
31
54
49
32
62
35
33
21
0
22
35
25
44
16
48
56
18
33
17
22
28
18
49
54
31
24
51
21
43
11
48
23
52
27
55
29
42
54
56
20
18
56
58
54
55
18
45
17
51
42
36
51
52
52
59
23
24
0
23
29
0
78
29
54
63
6
55
5
26
27
4
66
60
63
20
66
4
89
23
63
2
81
7
93
80
91
82
82
30
26
55
86
49
61
26
80
20
76
70
51
49
68
50
63
3
48
5
49
48
8
22
10
7
18
12
11
13
15
11
12
17
14
7
8
24
12
23
8
16
16
16
15
24
23
29
26
25
9
12
20
26
29
27
13
21
4
21
20
19
26
21
22
22
11
5
9
12
12
7
36
6
36
29
4
32
13
4
7
6
34
41
27
15
37
18
37
4
36
4
43
6
35
40
26
33
36
12
13
39
40
35
37
11
45
6
40
43
36
36
44
48
35
15
31
0
30
26
0
50
28
56
50
16
93
5
14
14
14
56
52
67
88
39
16
62
93
95
88
62
100
59
28
60
113
57
88
99
110
55
56
110
17
108
11
67
31
60
55
93
108
108
11
21
106
27
28
95
44
10
18
48
31
54
26
36
33
33
17
49
16
25
21
7
42
4
21
6
24
14
53
21
20
19
23
9
15
24
22
27
49
4
22
33
16
19
28
44
25
59
52
30
18
3
15
18
0
