177
78
186
187
93
177
55
93
97
86
181
171
98
94
182
82
172
93
176
89
174
85
181
96
177
179
177
85
80
175
176
172
177
86
162
80
103
179
173
168
175
184
184
91
91
85
101
96
84
105
34
119
111
17
112
71
20
58
79
111
124
45
88
127
79
132
19
138
19
37
96
139
37
51
143
27
100
82
141
32
139
38
98
79
75
39
96
122
128
121
37
122
99
26
19
22
25
0
117
35
117
116
40
119
60
61
53
63
120
118
62
30
29
29
117
36
126
68
127
60
121
55
36
123
39
43
59
131
129
125
133
47
32
41
86
33
93
114
38
35
37
42
23
21
68
72
18
108
53
140
107
29
69
24
40
51
44
153
100
91
3
109
0
119
1
87
2
102
2
101
99
111
84
122
4
6
115
117
102
101
6
95
1
87
119
98
88
100
120
100
1
72
0
58
68
0
56
38
61
61
24
67
21
18
25
18
68
57
51
18
43
18
66
27
69
21
69
23
69
42
48
53
75
26
24
78
72
69
74
26
52
24
56
45
66
65
68
72
74
26
32
0
36
30
25
57
59
46
77
17
57
15
17
17
19
81
84
65
17
59
13
80
18
92
21
89
19
85
50
67
61
83
19
8
84
65
78
79
18
83
18
69
51
70
75
83
72
87
16
51
19
57
65
0
1
27
2
2
10
15
1
9
11
2
3
32
7
2
35
2
1
18
36
2
1
1
1
0
21
33
32
7
2
2
35
37
2
2
42
13
29
43
1
2
43
43
44
2
1
2
1
2
0
46
24
42
52
12
49
7
6
11
12
40
45
53
6
41
11
43
13
52
11
50
13
54
43
41
32
55
18
11
60
62
54
58
16
37
10
48
44
51
53
53
38
57
18
35
12
35
35
0
70
34
64
78
13
76
12
59
19
22
79
65
82
46
47
19
85
18
85
18
80
72
65
91
46
88
96
62
71
98
97
72
68
66
97
16
62
82
95
61
66
77
99
9
88
0
93
53
0
51
44
31
53
20
49
18
16
23
16
51
44
56
13
54
27
63
36
46
34
58
27
48
58
44
51
52
11
15
50
53
50
58
15
41
29
44
51
60
50
47
49
50
19
31
0
33
48
21
50
22
58
73
24
48
6
17
25
14
63
79
54
25
80
10
77
11
76
25
74
16
74
59
60
80
64
15
15
74
75
77
84
27
66
15
83
67
69
91
85
91
95
15
49
0
57
52
0
57
39
35
64
20
40
13
25
23
21
60
58
41
24
57
18
65
22
53
14
61
22
60
56
61
63
60
25
23
63
58
38
59
28
57
23
50
51
55
35
50
59
45
23
31
9
33
38
6
45
24
16
37
23
26
16
16
14
23
37
39
22
19
29
16
29
17
34
16
33
19
31
31
37
40
38
12
16
29
32
30
33
17
31
1
35
32
24
29
30
26
31
11
13
12
14
9
4
44
4
36
34
13
42
21
10
14
15
41
34
23
19
44
15
42
16
33
11
46
18
36
38
23
36
44
17
19
48
40
38
44
23
40
10
36
47
35
38
45
46
42
23
21
0
20
22
0
53
18
63
59
18
74
12
20
18
16
55
39
54
60
40
17
59
68
80
72
57
67
53
44
56
86
61
75
75
88
60
54
83
33
82
22
64
52
64
64
85
93
86
25
24
62
24
25
60
63
12
12
64
53
70
45
52
53
54
5
65
23
55
16
1
65
1
12
3
13
46
74
13
12
16
14
4
11
15
16
17
62
5
16
59
11
14
23
70
16
76
78
60
13
1
7
10
0
