444
200
454
472
278
461
195
291
285
283
474
438
222
277
458
210
445
278
456
272
451
256
464
229
471
458
463
276
213
463
448
475
467
255
440
217
282
451
464
435
450
459
444
256
240
225
211
236
218
285
70
285
275
74
275
211
40
186
225
294
265
103
227
285
179
283
75
281
48
95
231
298
100
117
318
60
254
208
326
95
309
102
252
201
200
105
244
334
321
330
78
333
264
55
40
46
55
0
312
121
337
325
160
334
135
117
131
125
337
298
183
126
104
96
303
117
306
107
316
75
270
169
124
301
134
123
92
288
287
298
309
96
110
129
269
137
209
291
119
128
140
80
90
85
214
230
92
264
136
373
288
72
141
56
118
107
114
389
241
223
5
262
4
286
8
188
11
256
11
240
235
243
208
278
8
5
273
277
240
235
6
234
3
215
263
251
215
202
267
245
5
194
0
189
191
4
132
71
142
138
34
145
47
35
51
15
141
148
133
26
108
20
158
38
156
51
160
51
151
99
133
124
168
52
32
148
156
158
157
36
153
57
153
123
156
166
176
163
185
48
92
0
82
95
51
140
158
74
169
20
142
15
19
57
23
183
171
155
11
134
16
162
65
181
70
171
20
181
132
156
154
187
23
16
182
175
179
188
60
193
60
147
127
154
187
177
159
189
23
94
60
138
137
0
11
105
7
8
24
93
7
86
101
4
13
158
63
5
158
9
7
83
159
6
15
8
11
11
141
121
132
56
6
11
154
157
17
8
129
24
94
139
12
12
137
133
130
8
6
7
2
6
0
158
71
116
166
41
167
46
29
43
46
103
125
164
41
118
60
140
60
184
60
187
55
158
133
125
97
147
49
49
154
151
157
146
37
128
30
157
134
158
161
169
122
172
52
113
46
107
105
0
184
98
182
197
57
208
49
182
55
57
199
194
196
157
145
60
207
46
200
56
207
198
189
242
155
230
249
194
202
243
260
211
205
175
236
52
181
214
248
159
198
210
249
37
221
0
221
139
0
184
112
91
180
79
186
36
57
54
71
198
123
192
59
152
81
186
89
117
91
200
88
148
184
137
120
202
84
76
204
199
133
142
54
161
63
131
125
163
172
132
180
144
44
102
0
99
136
56
115
67
130
186
40
106
45
54
79
48
119
171
91
76
170
48
182
58
185
70
175
78
172
101
120
167
170
70
45
169
175
164
175
63
140
48
162
126
129
180
176
180
173
56
80
0
84
88
0
149
105
74
120
36
109
28
86
76
34
122
116
91
82
110
25
152
85
111
19
164
31
165
158
161
162
163
71
69
134
158
89
130
67
142
54
120
139
149
88
128
130
128
51
85
17
78
72
21
100
65
30
106
60
39
45
53
59
61
64
78
30
56
64
31
57
47
76
43
85
42
64
45
104
55
59
27
34
70
93
96
105
67
51
14
95
73
33
89
91
53
103
29
24
19
35
22
19
122
45
116
81
41
138
36
36
52
45
135
135
76
39
141
31
126
62
101
38
133
61
132
97
79
115
124
34
56
128
126
134
127
54
95
26
86
122
86
103
126
112
101
62
65
0
65
71
0
169
70
180
192
62
210
31
69
65
65
179
164
164
148
100
70
172
183
213
192
178
200
151
92
160
237
157
169
187
231
175
176
244
52
235
25
166
105
162
163
190
243
238
46
87
182
84
80
167
132
25
62
141
87
135
69
95
88
88
34
142
65
82
64
14
144
11
49
21
65
72
132
63
46
62
67
19
37
54
70
60
122
19
59
91
58
62
80
124
59
145
148
71
43
19
40
38
0
