473
223
481
477
324
469
232
338
339
337
499
479
283
329
451
281
476
331
457
322
461
330
433
299
468
469
478
316
260
450
464
478
457
331
495
256
312
496
509
501
498
507
507
338
290
294
293
281
303
315
87
335
322
72
319
263
57
206
263
320
321
119
267
350
219
348
94
347
74
99
271
342
114
150
342
77
283
259
357
106
360
111
244
175
199
107
258
323
330
317
75
329
258
71
69
68
72
0
341
146
364
364
177
362
141
136
134
145
369
391
259
158
131
159
376
159
395
183
405
149
404
220
171
420
174
179
198
424
432
434
428
187
174
195
341
197
235
416
196
199
199
155
135
125
270
268
135
360
134
518
372
143
176
102
212
224
225
523
304
215
9
296
6
329
10
203
5
287
14
251
278
277
241
330
12
3
325
329
284
297
4
266
4
267
287
266
250
214
288
269
5
210
0
193
207
5
125
62
130
138
20
133
54
43
64
21
133
150
160
20
109
27
148
29
150
61
150
64
167
137
145
147
165
70
38
166
168
172
178
40
163
63
164
146
171
160
182
178
169
67
98
0
94
97
66
198
144
108
171
8
173
8
8
85
8
180
170
197
10
150
7
172
88
176
91
188
9
191
146
205
214
189
10
8
197
232
199
194
100
216
92
222
149
218
205
223
223
201
18
123
94
200
201
0
3
76
4
2
13
50
4
53
61
3
2
100
41
1
106
3
3
55
106
3
5
3
3
1
108
74
103
53
4
2
125
123
3
3
99
15
58
91
5
3
84
88
93
2
1
3
1
2
0
125
61
94
132
31
140
24
21
30
30
82
108
127
25
102
30
107
36
132
36
143
39
123
101
92
78
123
38
37
125
122
120
122
34
93
20
125
99
125
131
128
97
133
38
91
35
72
91
0
147
85
138
174
43
164
41
268
37
54
251
250
161
227
132
41
167
34
166
44
181
275
171
311
130
306
331
262
296
336
324
167
179
267
333
36
158
294
336
149
168
169
328
29
310
0
305
110
0
198
149
120
198
42
203
59
41
85
51
203
153
201
42
194
55
223
59
175
60
229
66
174
225
158
166
214
67
67
231
236
182
188
77
208
93
194
169
241
234
164
231
185
64
138
0
139
169
100
175
92
197
240
41
132
34
37
73
31
185
232
142
64
229
29
240
41
229
70
222
62
245
152
185
259
243
59
30
241
254
250
248
50
189
32
232
165
191
246
239
255
246
35
130
0
141
136
0
227
157
132
198
34
175
23
67
64
35
216
218
158
67
216
38
236
65
216
24
253
35
259
233
269
265
268
71
62
217
256
172
218
79
242
56
204
228
211
161
223
204
221
56
166
15
154
150
14
126
62
36
128
89
41
69
79
81
83
76
108
44
71
77
72
79
54
102
75
99
77
74
60
107
71
65
27
66
77
96
107
96
82
66
17
127
98
58
109
106
53
120
58
24
49
33
25
30
105
43
92
72
58
116
51
38
60
62
98
123
59
50
132
40
128
69
81
54
131
68
145
104
62
135
135
44
76
133
143
132
130
72
99
29
79
158
109
96
145
144
105
79
55
0
47
55
0
198
94
206
182
70
245
45
74
70
67
198
177
188
208
102
68
194
251
292
282
217
276
205
124
221
289
205
245
273
312
223
212
302
86
298
51
231
174
232
236
265
287
291
83
83
245
93
93
251
174
23
29
181
152
169
131
145
144
147
28
198
41
160
37
6
199
5
29
10
39
131
198
38
25
34
40
7
33
36
38
38
173
12
33
167
21
36
53
177
31
212
192
167
26
4
27
26
0
