253
133
255
258
161
260
116
175
174
181
255
275
146
176
267
148
268
176
273
167
258
177
275
155
287
276
274
158
130
266
260
275
270
159
259
138
159
261
252
257
259
269
259
165
149
153
158
153
157
153
27
157
151
35
146
116
25
102
119
160
171
50
132
166
116
163
27
161
28
36
126
161
41
56
150
32
131
118
158
35
165
34
127
95
99
33
138
163
160
167
30
162
133
32
25
32
30
0
163
92
192
190
72
185
69
67
67
69
191
194
116
65
55
62
212
66
209
94
214
75
209
99
82
219
77
78
101
221
218
218
226
71
71
81
155
78
146
183
77
80
76
64
65
57
128
129
61
186
71
284
189
74
118
66
131
146
136
277
135
93
4
137
2
159
8
100
2
135
8
131
127
146
89
158
3
9
152
163
134
138
3
118
2
121
140
131
122
109
134
121
1
110
0
113
115
2
61
14
62
59
8
54
21
19
28
11
61
56
66
14
58
11
55
14
57
30
60
29
60
51
57
74
60
34
13
62
67
62
61
15
72
33
57
51
56
59
60
58
63
29
39
0
38
40
31
87
55
58
92
8
81
8
10
29
8
93
84
88
5
66
6
82
34
85
38
89
9
89
70
90
98
94
11
9
88
97
86
87
38
85
37
98
71
96
79
82
101
88
8
64
42
95
92
0
1
49
0
1
3
39
0
39
41
1
1
69
41
0
64
0
1
43
63
0
0
0
2
2
65
45
63
23
0
2
73
73
2
0
58
7
41
55
1
1
60
61
65
0
0
1
0
0
0
87
39
64
97
26
82
35
19
33
33
62
65
83
26
59
29
74
35
96
35
92
34
89
63
53
55
80
28
29
84
90
87
85
24
64
5
80
72
75
79
72
51
77
28
52
29
46
46
0
106
36
84
104
34
100
29
149
38
42
160
101
91
80
51
40
94
26
91
32
87
146
88
155
44
143
169
128
146
153
168
89
88
124
160
26
79
140
163
66
87
88
175
21
161
0
157
45
0
96
60
63
93
44
115
30
44
41
44
111
67
100
24
94
47
113
48
62
52
111
54
66
120
73
70
118
55
53
120
114
73
70
53
91
39
84
70
102
109
69
110
73
51
49
0
50
65
37
88
55
111
133
22
80
29
28
46
29
106
133
77
36
131
27
131
24
128
39
137
34
112
72
99
115
117
20
24
113
114
114
126
21
103
25
115
99
90
114
115
114
103
28
75
0
81
80
0
133
86
106
136
14
104
12
26
20
15
132
127
108
25
129
13
140
21
134
17
135
17
143
144
149
149
143
24
22
137
142
116
140
29
136
22
139
132
131
114
132
142
127
19
116
6
105
101
9
56
27
18
58
44
25
34
34
30
35
40
59
29
32
35
28
42
30
48
32
53
35
35
34
64
36
28
9
27
43
56
57
54
35
31
6
50
42
26
49
52
26
42
20
10
15
17
12
13
63
24
67
44
22
76
17
14
28
27
63
64
50
19
65
12
71
29
67
11
73
23
86
68
49
82
82
14
31
82
72
70
80
28
60
10
59
71
49
65
76
85
74
31
45
0
39
45
0
91
43
100
103
31
144
13
34
33
33
98
105
112
125
65
39
102
125
156
140
108
143
105
61
129
157
127
129
135
165
124
123
164
47
173
23
122
93
127
131
152
176
160
48
50
143
51
55
137
105
14
35
100
73
106
60
75
72
72
28
102
36
76
33
12
105
3
31
7
38
62
112
32
28
36
30
8
24
36
35
32
84
13
33
82
26
35
54
94
35
111
115
68
29
6
27
24
0
