205
75
212
220
65
210
31
65
65
65
211
203
124
64
207
60
199
61
200
63
202
56
203
152
212
210
205
58
52
205
209
194
204
51
219
53
125
213
203
219
215
208
215
55
136
59
125
136
59
90
4
89
90
5
91
76
5
82
82
91
68
24
69
75
72
76
3
83
4
6
71
78
5
21
80
5
81
70
82
6
77
6
83
26
84
7
89
84
91
90
7
89
85
5
5
6
7
0
59
22
62
65
25
62
23
26
27
28
70
72
51
16
12
15
69
18
66
30
67
26
66
43
20
60
18
23
20
57
64
65
62
61
20
19
61
21
80
103
20
20
20
63
18
15
47
42
18
79
14
118
90
19
99
33
46
47
45
121
81
67
0
82
0
79
0
71
1
79
1
58
69
75
60
80
0
0
79
79
74
63
0
75
0
72
79
78
81
50
80
75
0
74
0
73
70
0
34
10
44
48
1
45
5
1
6
1
44
45
52
2
47
2
46
2
45
5
44
5
44
42
43
45
44
6
2
44
42
46
47
2
47
6
40
37
45
46
45
43
45
5
41
0
46
42
5
27
3
22
20
1
29
1
1
5
1
23
21
24
1
21
0
24
8
20
10
21
1
24
22
30
31
26
2
2
26
28
22
23
9
21
8
26
22
28
23
22
30
18
1
17
12
22
30
0
0
4
0
0
0
3
0
3
3
0
0
4
2
0
4
0
0
4
4
0
0
0
0
0
1
1
2
3
0
0
3
2
0
0
2
1
2
2
0
0
2
2
2
0
0
0
0
0
0
14
3
13
14
0
13
1
1
1
1
13
13
14
0
15
1
12
0
16
0
16
0
11
16
13
13
16
1
1
15
15
16
15
2
15
0
13
14
16
14
15
14
17
0
12
1
9
11
0
65
22
45
68
1
67
1
42
2
2
99
73
68
31
64
2
67
0
64
1
67
58
68
109
62
106
108
39
48
106
110
70
72
43
109
2
70
96
101
62
73
68
102
1
98
0
103
60
0
75
65
27
68
1
66
4
1
8
1
73
73
76
1
64
2
70
3
72
3
71
3
76
75
72
73
71
2
3
84
76
83
76
7
73
8
74
75
82
80
69
85
74
6
67
0
64
73
9
84
31
74
85
2
82
9
1
10
0
72
96
66
14
82
0
90
13
84
17
89
14
96
68
82
99
99
22
1
100
98
104
104
36
82
1
96
74
101
122
122
120
116
1
83
0
77
79
0
52
73
34
89
50
38
47
7
4
47
85
95
47
7
95
51
49
7
79
38
48
40
49
45
51
50
49
8
10
84
54
45
82
6
39
4
43
41
75
41
42
78
38
42
39
0
38
39
0
59
7
9
66
65
2
8
8
61
62
7
43
20
46
7
8
9
52
54
8
54
7
6
5
40
7
8
17
9
42
40
39
41
39
5
14
45
35
3
43
40
4
48
4
1
6
5
2
2
22
8
8
6
26
29
4
27
25
27
5
28
16
3
35
4
33
32
6
33
36
31
44
5
15
44
43
5
41
45
45
48
45
63
5
19
6
64
58
6
64
68
8
65
2
0
2
2
0
94
11
93
93
75
48
62
75
74
74
89
29
78
46
28
68
80
47
52
53
80
49
79
13
84
47
81
43
49
53
80
80
53
74
53
12
92
73
92
90
41
49
48
72
10
50
8
8
47
78
4
1
79
80
83
84
81
85
82
0
61
6
64
0
0
59
0
0
0
0
68
81
0
0
0
0
0
4
1
0
0
76
0
0
67
1
0
2
72
0
72
66
62
0
0
0
0
0
