378
187
401
374
258
386
159
280
278
278
384
367
246
252
366
227
381
263
358
268
384
257
381
236
372
378
383
253
208
384
377
366
388
271
385
214
253
401
394
382
376
392
401
270
243
233
227
246
231
225
47
225
232
58
239
172
47
134
169
235
229
99
182
251
161
233
69
248
54
83
185
229
70
98
240
69
165
143
237
84
242
82
146
138
103
79
162
207
214
217
61
208
149
62
53
62
68
0
243
100
263
266
130
261
60
68
62
66
267
269
206
115
101
98
275
114
285
82
269
56
276
171
115
293
113
121
99
279
282
301
292
90
104
122
227
112
180
278
111
117
113
72
102
93
223
215
82
236
107
347
266
128
132
61
161
171
167
357
205
162
6
229
3
241
11
167
3
224
11
225
194
220
180
256
6
11
262
259
210
239
5
208
4
197
244
208
185
200
246
195
3
159
0
139
146
1
123
74
144
135
21
138
54
25
55
14
136
136
145
14
109
14
147
21
147
55
143
63
143
93
126
140
155
56
35
164
147
159
156
43
138
53
157
130
174
173
167
176
169
59
91
0
94
85
56
129
122
67
128
21
107
14
18
55
23
137
117
130
24
85
10
103
63
130
66
121
26
123
84
127
132
125
17
17
127
129
129
126
69
137
61
141
82
131
128
137
140
133
26
60
69
116
111
0
5
104
12
13
22
79
6
81
86
3
13
140
63
4
147
6
6
76
161
8
10
4
12
11
136
103
127
37
5
11
133
152
7
5
149
27
105
150
11
9
146
153
154
8
5
9
1
2
0
162
66
94
168
55
165
70
52
71
74
106
111
152
51
93
58
117
86
166
74
165
72
125
100
91
90
138
76
63
147
142
137
131
56
107
36
143
118
139
146
144
93
147
62
97
68
87
84
0
170
84
147
166
58
171
45
186
56
60
215
199
156
146
108
54
168
49
158
57
156
194
161
230
104
203
240
189
204
259
253
181
182
196
247
53
147
218
247
128
174
160
237
39
218
0
206
91
0
177
119
101
158
52
187
50
51
67
60
187
124
171
60
145
70
195
82
123
90
198
90
135
200
124
127
203
78
79
206
206
130
153
75
160
71
152
134
181
176
138
182
138
64
106
0
99
146
67
160
68
165
158
16
97
12
65
29
65
176
162
104
33
163
60
160
23
175
35
167
38
163
127
168
158
160
31
56
158
152
155
162
35
181
69
160
162
131
173
162
162
166
64
100
0
117
113
0
179
131
99
175
42
123
35
49
51
42
170
153
115
50
162
40
189
50
151
31
178
34
189
174
189
188
183
47
43
151
173
108
149
47
166
36
159
156
149
112
147
157
136
44
108
9
115
101
9
101
59
33
123
69
43
55
59
59
72
75
88
41
48
73
55
65
37
90
62
92
57
64
63
111
66
66
31
48
84
106
104
113
77
58
26
121
86
45
109
104
53
106
36
24
34
36
29
33
130
52
105
79
56
128
46
37
54
59
104
119
68
37
120
38
115
55
106
28
123
56
122
100
83
125
131
37
60
133
135
126
132
78
105
27
88
143
92
110
158
146
117
77
70
0
69
66
0
174
69
187
177
64
199
32
66
72
70
184
159
157
163
91
63
166
186
219
205
175
204
180
88
173
225
169
200
193
235
162
172
249
65
233
32
184
143
189
180
219
237
251
53
91
214
86
92
203
147
37
74
173
92
163
67
100
98
84
51
177
70
109
73
22
180
10
74
19
77
75
178
81
71
74
78
18
47
84
81
95
135
18
85
114
79
75
125
145
76
183
191
113
70
14
60
55
0
