367
193
372
374
282
371
221
289
296
295
369
422
229
291
441
224
423
278
428
289
424
267
431
234
447
429
415
284
232
451
432
430
427
279
458
236
237
442
459
458
449
444
453
306
219
259
232
223
253
279
74
300
300
69
313
189
47
136
203
318
316
128
227
354
180
335
63
339
47
118
239
318
112
118
340
82
230
166
327
115
331
107
246
256
181
124
257
353
348
359
91
336
270
55
35
50
56
0
314
119
336
350
149
348
121
113
116
112
344
333
248
147
114
138
368
146
371
165
364
125
321
191
139
350
137
143
158
351
361
358
356
130
130
147
295
136
244
351
148
142
141
113
105
96
225
224
103
275
158
394
309
101
160
77
150
149
139
413
256
223
3
268
3
305
13
215
11
270
19
291
254
297
216
332
5
21
317
312
245
290
15
246
3
240
305
268
244
253
298
254
3
176
0
155
169
2
175
65
181
179
93
192
53
40
58
57
182
195
113
63
148
66
190
106
196
52
194
59
161
83
103
101
162
57
74
181
170
175
175
85
117
55
145
135
181
179
184
175
187
48
58
0
54
61
48
202
203
80
223
31
164
24
31
84
26
224
208
193
22
154
22
214
77
214
82
237
30
235
146
194
173
217
35
26
214
186
221
210
81
221
68
190
142
186
227
218
190
220
33
93
72
143
147
0
13
212
21
20
48
145
8
152
148
12
21
217
105
15
217
16
12
115
227
13
21
15
21
12
203
186
185
73
15
10
219
228
21
12
160
30
132
161
11
16
168
168
164
13
13
15
12
14
0
145
58
93
145
46
151
62
42
64
65
95
106
128
53
97
49
121
62
132
72
150
68
150
106
98
112
159
60
67
158
157
150
150
66
114
56
153
129
155
150
156
83
157
82
92
50
73
75
0
180
98
168
166
54
183
37
198
51
55
218
192
192
184
145
70
206
55
189
56
198
229
196
262
152
245
267
213
235
275
255
216
224
217
253
56
186
255
274
174
196
196
270
34
242
0
246
130
0
139
88
69
133
64
145
44
59
68
67
152
92
161
47
130
60
162
83
99
75
164
82
103
168
91
89
159
78
69
168
158
107
106
81
126
75
125
93
163
175
81
181
103
78
66
0
68
102
69
123
67
148
128
27
102
28
58
44
49
158
153
84
36
137
55
137
21
148
34
142
31
133
96
143
141
134
36
50
154
146
140
149
37
139
54
139
136
120
154
158
163
152
56
86
0
93
93
0
204
100
77
133
34
117
31
82
80
32
124
127
95
96
121
27
175
90
120
21
193
28
195
180
187
185
197
74
74
125
189
87
136
72
181
58
164
164
132
113
161
121
154
24
100
17
91
89
17
82
70
55
82
32
42
60
61
23
26
91
91
60
33
97
49
90
23
87
62
89
58
92
95
78
83
86
27
52
75
83
85
81
29
73
16
75
67
67
69
76
58
62
35
36
27
54
36
28
108
34
98
63
40
98
45
31
41
37
114
109
64
41
98
34
113
35
111
31
114
37
101
104
89
110
107
52
44
113
115
112
120
51
98
27
95
127
112
118
127
124
120
61
67
0
64
67
0
160
83
170
166
47
224
24
55
51
47
163
145
186
180
131
66
198
206
247
216
176
215
173
121
186
246
174
214
206
255
178
192
267
64
256
43
191
146
190
184
218
256
245
54
85
190
87
91
208
152
29
75
171
101
165
66
97
81
95
53
167
61
96
73
14
173
6
62
12
69
76
165
65
63
75
69
12
45
70
78
73
120
9
73
99
58
74
99
126
73
164
151
71
56
6
48
47
0
