521
231
564
538
314
561
206
347
356
345
540
521
231
344
539
265
526
335
547
332
530
309
465
258
470
476
457
322
249
467
476
474
479
307
486
258
276
484
505
484
510
491
507
318
236
271
237
267
251
340
76
353
358
87
355
270
53
180
277
352
340
102
280
363
217
343
91
360
53
122
297
341
111
138
344
76
278
219
351
113
357
118
250
229
195
117
233
357
331
330
79
336
263
51
41
52
54
0
312
168
336
345
149
356
75
88
76
86
335
354
238
147
127
135
339
138
363
108
335
85
319
210
130
344
142
150
108
349
330
355
349
89
124
145
312
142
234
339
138
142
150
80
101
95
261
249
78
323
173
419
346
104
169
62
145
135
149
440
278
248
5
309
2
309
2
214
2
305
8
268
264
287
247
314
6
2
309
308
299
294
3
283
2
262
314
291
247
261
313
298
2
218
0
199
204
3
122
59
143
139
70
131
46
31
56
59
137
136
85
32
96
44
124
68
128
49
127
47
134
90
90
94
142
48
65
132
137
131
132
59
93
47
105
103
142
139
137
145
144
56
53
0
52
47
47
140
131
65
136
15
119
13
17
75
18
136
137
136
10
92
8
123
71
137
81
126
14
153
89
151
124
151
23
16
161
155
154
159
76
155
65
148
92
143
157
160
147
151
29
77
67
129
134
0
9
111
9
8
24
86
5
75
81
4
12
157
68
6
169
8
7
100
169
3
8
9
7
9
127
108
114
57
7
9
138
136
12
6
127
34
85
129
7
10
129
129
123
2
5
6
1
8
0
130
52
89
132
27
129
29
27
29
36
83
104
116
31
89
38
108
41
137
48
132
45
133
94
84
80
133
44
47
128
126
126
124
44
88
24
126
109
132
134
137
83
137
57
104
40
91
89
0
200
110
193
201
61
198
51
214
49
62
215
206
193
175
152
67
199
62
207
62
209
234
202
264
143
251
270
228
255
283
263
194
212
233
253
57
199
247
274
184
217
206
252
41
253
0
251
147
0
163
104
88
150
61
162
45
55
65
59
161
112
147
33
134
61
173
67
110
71
160
78
111
163
125
96
182
73
74
168
167
110
118
84
137
66
139
109
168
170
102
186
118
73
78
0
73
106
57
146
69
157
186
39
110
25
50
46
42
151
190
117
63
184
36
189
33
185
66
178
62
168
125
143
176
177
50
37
166
184
177
194
40
157
29
170
136
135
182
188
196
195
32
99
0
109
107
0
198
81
86
120
24
111
17
90
90
17
113
112
100
84
117
25
181
77
113
16
190
24
209
183
201
191
208
97
81
108
189
83
102
77
173
70
171
160
116
99
158
115
155
16
86
33
78
70
25
74
69
34
92
41
31
54
49
32
45
67
84
49
43
63
52
56
38
70
55
62
55
64
62
75
64
65
31
43
52
71
64
62
48
49
21
79
61
37
72
68
50
81
35
26
32
36
27
21
86
21
108
62
28
109
41
12
33
26
111
96
76
39
104
38
102
35
101
24
102
33
107
104
73
105
97
46
41
110
99
100
106
31
105
23
96
109
95
102
111
112
105
33
55
0
62
55
0
131
72
146
130
51
211
15
58
57
57
145
144
160
180
115
60
145
220
252
222
160
220
164
107
172
255
170
207
217
272
165
170
264
63
258
32
192
119
191
186
229
280
259
60
79
197
89
99
204
148
28
46
157
110
169
91
116
119
120
37
159
50
112
49
13
155
9
50
19
44
88
170
50
35
49
56
17
29
50
50
47
129
19
46
110
44
47
70
111
51
163
148
98
33
8
34
36
0
