199
110
211
209
122
208
85
144
134
141
208
212
127
141
209
120
193
140
214
137
208
131
199
127
194
193
188
132
109
197
185
192
192
130
192
111
119
197
195
197
195
194
203
132
124
122
118
130
122
112
25
126
124
24
122
102
21
76
99
117
119
39
104
123
87
131
24
125
21
25
105
103
25
38
108
18
88
73
111
26
106
23
97
59
85
23
94
115
124
121
20
129
100
26
22
23
23
0
132
57
156
148
59
145
51
60
54
61
160
140
84
53
46
55
156
54
153
69
153
60
147
93
51
142
55
55
47
159
153
153
151
44
49
53
113
52
125
146
51
52
58
36
48
46
102
107
45
129
48
187
132
41
116
57
85
95
89
191
102
85
0
102
0
107
7
90
6
102
7
84
95
111
83
116
0
4
103
107
102
91
11
98
0
89
111
102
84
87
112
102
0
82
0
75
76
0
52
29
51
55
7
56
20
13
20
1
55
52
61
0
39
3
53
2
52
17
48
25
44
39
58
67
55
23
2
55
54
47
52
7
64
20
62
44
56
57
57
63
56
25
47
0
43
44
21
65
19
48
58
3
63
1
1
17
3
54
69
69
3
56
0
65
22
63
26
63
2
57
53
73
65
67
4
2
58
70
68
61
26
69
26
73
53
68
69
72
78
68
10
57
26
65
67
0
2
33
2
3
9
24
1
20
21
1
2
45
18
1
44
0
2
32
44
1
2
2
2
2
45
36
47
25
2
1
49
51
1
1
76
23
50
65
2
2
67
67
68
1
2
2
0
2
0
93
43
69
93
23
102
18
9
23
19
71
74
87
18
72
27
81
27
96
29
92
25
91
75
68
67
86
29
25
85
89
83
94
26
73
11
94
80
89
99
100
70
94
20
68
31
59
61
0
109
45
107
115
36
116
26
98
36
29
155
122
102
80
71
38
109
32
115
33
128
110
108
152
78
157
171
86
101
170
172
121
116
101
161
43
101
144
167
112
132
131
166
35
158
0
154
86
0
96
64
50
94
36
96
15
28
16
33
106
61
95
26
89
44
105
42
58
41
101
41
63
102
80
59
98
39
41
100
104
67
69
40
93
22
82
78
105
98
69
112
81
47
60
0
59
71
19
95
48
93
107
30
64
20
32
44
24
108
115
73
47
115
27
116
30
117
46
118
51
112
78
92
119
114
48
29
117
112
122
115
60
88
24
111
82
96
132
139
135
134
23
58
0
56
62
0
92
92
62
121
48
77
41
15
16
59
113
109
64
24
120
47
98
18
108
32
93
46
89
92
96
101
94
20
21
103
103
72
108
19
91
12
88
85
110
81
80
110
83
45
74
6
72
64
5
52
19
10
52
39
14
20
21
37
47
26
53
16
39
21
22
22
31
51
25
49
21
22
16
56
19
21
13
14
43
53
51
53
56
16
15
63
57
6
69
56
15
67
11
5
8
14
7
11
70
25
48
43
36
74
19
23
37
29
46
63
43
21
61
14
62
20
50
14
60
24
64
46
41
66
57
18
19
70
51
60
62
28
56
13
55
75
59
59
72
77
59
28
41
0
37
40
0
87
41
100
99
22
123
8
24
21
25
98
68
83
94
67
24
93
101
138
117
97
126
94
74
105
138
106
119
117
146
101
110
154
42
144
17
102
92
113
107
137
141
140
29
53
99
51
47
89
76
14
31
94
58
80
60
55
65
57
28
83
37
55
35
9
83
5
27
8
34
58
90
33
24
31
34
8
20
29
32
23
73
7
26
67
25
29
25
76
32
91
88
55
23
5
21
22
0
