163
86
166
161
109
156
55
115
112
103
149
158
103
108
154
97
153
110
150
103
145
117
149
101
154
145
149
104
80
144
147
151
150
98
158
89
95
165
153
154
159
158
165
110
99
104
107
113
102
101
24
106
102
23
99
92
23
75
85
106
119
35
102
123
91
136
31
126
23
34
107
98
32
39
111
20
84
73
95
29
98
32
78
49
74
22
79
95
90
87
22
90
82
21
21
21
18
0
111
47
124
120
41
129
46
52
53
56
135
127
61
34
34
34
130
36
137
67
139
56
108
63
41
117
36
39
53
124
119
120
121
38
30
38
93
33
86
104
36
34
37
32
28
27
76
79
32
101
26
163
106
31
82
39
67
68
69
160
91
84
1
91
1
86
2
80
1
86
2
76
90
83
70
95
1
1
100
102
99
84
1
91
1
92
110
97
87
72
105
98
0
80
0
82
76
1
24
16
29
28
2
31
17
5
20
0
32
35
46
3
30
0
35
1
38
20
40
19
38
27
48
48
40
22
6
41
37
41
41
3
61
19
37
30
40
40
39
41
35
20
32
0
35
33
16
47
20
36
45
2
53
5
3
11
1
44
51
59
4
47
3
53
16
54
14
56
4
56
45
59
50
56
6
6
51
53
54
54
19
56
15
61
44
59
53
54
60
60
7
45
20
54
55
0
0
17
1
1
4
19
0
19
17
0
1
31
10
0
32
0
0
23
32
0
0
0
1
0
34
27
37
17
0
0
38
37
1
0
35
7
30
32
1
1
32
35
32
0
0
0
0
0
0
48
36
45
51
12
54
8
3
9
9
42
52
60
9
49
7
52
14
62
14
67
15
61
55
54
41
70
14
14
71
74
71
70
12
55
9
75
63
77
77
79
57
74
19
49
14
43
48
0
93
35
87
100
27
97
29
81
27
32
121
88
95
47
77
37
108
31
114
37
95
97
87
130
78
128
133
76
97
138
131
96
100
76
124
34
81
110
132
88
113
97
135
30
121
0
118
57
0
74
40
33
69
38
80
15
36
14
39
74
44
78
25
69
35
83
41
51
44
81
39
48
87
54
46
89
40
35
83
71
47
45
38
75
16
57
52
86
77
49
81
58
34
35
0
33
49
15
52
37
58
77
20
42
16
14
31
12
58
80
40
27
81
14
85
27
84
37
81
31
86
51
65
81
88
34
12
80
93
93
94
37
65
14
79
51
63
96
91
95
95
12
47
0
48
42
0
75
60
48
91
29
46
24
14
16
34
86
87
62
13
86
31
71
14
90
26
68
26
68
73
78
73
76
15
14
77
74
53
77
16
72
16
71
70
78
56
73
85
69
25
57
6
56
62
6
42
11
13
37
27
8
13
15
28
32
16
32
14
24
15
15
20
21
29
13
26
14
13
17
31
15
14
12
9
31
33
30
32
37
12
12
38
28
9
37
40
11
44
9
9
9
11
9
9
51
23
47
33
23
58
16
19
24
24
48
62
37
14
61
12
54
21
54
15
71
17
50
50
40
54
54
19
24
55
58
58
48
18
47
7
44
53
46
44
53
55
50
20
29
0
23
31
0
65
33
65
72
24
98
12
22
20
20
67
62
59
85
48
16
61
86
111
95
66
93
62
44
72
121
77
91
90
117
76
73
110
18
117
14
62
52
76
84
99
115
118
16
37
91
36
33
89
60
5
12
58
49
50
42
47
47
46
10
63
13
43
16
1
52
4
11
6
14
43
47
13
12
17
16
3
15
13
16
14
42
3
19
40
10
14
27
49
18
57
59
41
13
4
12
10
0
