167
86
176
179
94
175
59
104
100
106
166
175
90
103
177
87
174
107
171
99
170
104
166
107
172
165
171
86
80
169
165
174
163
88
167
84
104
162
162
162
174
164
158
97
91
95
97
87
98
120
23
105
109
15
116
76
10
64
79
114
121
36
103
127
75
133
20
127
11
37
109
128
28
51
133
28
108
86
133
26
135
40
99
73
91
36
100
124
124
123
28
130
102
9
8
11
13
0
117
50
119
122
37
125
60
52
60
60
128
138
59
40
28
30
143
36
142
69
138
67
129
68
36
136
37
39
64
127
137
128
134
49
32
38
100
40
95
119
35
34
36
47
29
23
74
76
21
97
54
158
115
30
82
31
54
57
58
142
100
85
0
95
1
106
4
88
3
100
6
93
87
100
79
110
0
7
103
114
103
96
8
99
0
90
106
101
71
82
108
96
0
72
0
68
73
0
52
24
52
51
26
54
14
12
15
20
57
56
36
23
46
23
58
35
63
13
63
15
61
25
37
29
61
11
32
61
62
70
60
28
40
19
47
45
61
63
64
70
70
10
25
0
25
27
9
62
63
48
83
8
55
7
8
15
9
84
79
65
12
58
11
77
15
85
15
91
20
85
48
65
62
84
10
6
88
69
80
82
16
71
14
71
53
64
75
74
67
69
8
43
16
58
54
0
2
35
1
1
6
26
1
21
25
1
3
37
10
1
39
1
1
26
44
0
0
1
2
2
23
24
18
7
1
1
24
22
2
0
23
6
18
27
2
2
26
28
27
0
1
0
0
1
0
19
11
18
27
2
26
4
3
5
4
17
20
24
3
19
5
21
6
29
7
29
5
28
21
24
18
30
1
7
27
29
27
29
5
23
4
20
27
32
35
31
25
30
5
17
3
19
16
0
70
36
66
64
16
63
14
70
17
18
83
52
66
38
52
18
61
9
63
13
67
66
73
91
50
95
106
71
75
112
101
73
79
70
99
17
62
83
109
52
69
68
94
8
98
0
94
47
0
39
30
20
37
15
38
5
14
14
16
35
40
29
10
32
10
43
12
30
12
37
12
29
33
26
32
38
15
8
37
36
39
41
18
38
16
41
36
45
44
36
41
37
13
29
0
29
39
16
54
31
69
81
14
60
10
6
18
5
66
87
61
23
89
7
90
15
92
20
89
27
88
70
64
90
91
26
5
84
87
91
94
26
57
5
87
61
86
92
90
83
93
7
55
0
53
51
0
71
31
44
63
18
53
15
27
23
21
64
62
51
30
62
19
71
23
67
12
70
15
71
71
76
67
67
24
18
62
76
53
63
23
64
22
66
67
55
51
61
55
64
13
42
11
44
45
2
30
19
10
29
15
12
19
19
10
15
24
20
17
11
23
14
26
8
20
13
26
16
24
20
28
27
19
11
12
21
22
23
29
8
22
4
25
22
26
27
21
25
26
13
14
10
15
11
6
24
7
21
16
11
27
7
8
11
12
22
34
20
9
35
7
29
15
23
17
34
15
35
21
22
36
40
8
15
39
40
38
38
23
17
14
21
38
32
30
45
44
26
25
14
0
13
15
0
44
23
39
42
11
80
5
13
13
14
38
41
40
61
36
19
32
72
86
83
42
87
34
38
40
83
47
79
84
90
45
40
90
27
90
18
46
39
55
54
86
95
94
24
18
82
22
20
77
66
3
8
57
56
64
53
60
60
58
2
70
15
63
6
1
67
1
5
1
7
61
68
4
7
7
8
3
4
4
8
4
66
2
6
66
3
5
10
67
6
70
77
60
3
3
4
5
0
