227
143
234
223
180
240
136
189
187
179
231
264
152
192
255
143
269
187
257
182
247
180
264
167
259
259
269
179
162
266
251
265
270
182
246
145
179
261
265
259
262
258
268
178
163
168
160
166
164
167
27
170
159
28
160
126
26
107
135
161
160
68
139
159
111
176
36
172
28
48
140
173
41
67
168
37
146
126
177
41
182
41
139
111
116
45
140
187
194
197
39
183
137
33
27
29
31
0
214
93
204
219
96
235
97
90
85
90
246
222
132
91
65
74
228
88
237
90
214
71
204
125
82
202
80
88
66
202
222
211
215
58
73
77
173
81
118
189
86
73
86
48
58
61
150
141
58
185
81
249
194
82
104
36
98
102
108
263
163
123
4
155
3
194
13
137
9
159
18
173
148
169
127
195
4
18
193
200
144
184
9
144
0
130
185
145
136
143
182
133
3
99
0
95
94
1
92
51
96
88
11
107
28
9
33
10
96
86
97
12
75
11
97
17
95
25
89
27
89
82
87
91
88
32
11
90
85
87
94
8
94
26
86
86
91
91
91
92
93
28
65
0
63
60
23
111
68
68
96
7
105
4
9
39
6
96
102
117
4
92
9
100
50
98
50
101
8
121
91
132
118
110
14
12
117
123
120
113
51
117
45
132
71
122
118
113
124
118
23
71
46
106
114
0
2
68
1
2
10
55
1
51
53
0
3
61
41
2
70
2
1
44
69
1
4
1
3
2
81
46
85
40
1
4
77
88
2
0
97
26
73
104
2
1
96
95
101
2
1
2
0
1
0
95
25
52
101
34
97
47
30
52
47
47
58
86
36
47
50
71
54
93
53
109
57
91
65
52
53
85
39
46
91
82
92
93
42
61
27
103
73
102
110
110
59
106
55
61
44
48
46
0
116
57
114
118
35
123
33
135
51
48
151
135
118
111
60
55
128
40
125
54
127
136
142
162
74
157
167
121
142
166
161
141
131
118
148
48
90
151
161
84
117
118
166
32
152
0
153
69
0
115
67
55
109
54
107
26
50
35
57
119
62
96
24
80
28
100
44
56
45
107
40
60
84
61
61
87
34
25
85
86
72
62
29
74
31
68
73
85
81
49
80
65
27
40
0
44
60
38
66
51
82
73
11
44
5
45
21
36
88
77
39
25
80
36
90
24
86
29
85
28
82
52
91
91
100
27
35
95
90
96
99
30
95
40
90
90
71
100
92
90
91
41
44
0
46
49
0
127
72
69
109
24
78
16
45
36
20
118
106
83
37
111
20
115
41
100
14
128
20
132
130
135
118
125
30
28
90
120
78
103
33
115
18
98
107
93
78
111
103
104
18
75
8
72
70
10
41
31
16
47
27
25
34
39
25
24
44
49
25
20
39
32
42
21
53
40
49
45
35
34
49
34
35
25
32
44
57
49
47
39
33
8
49
34
24
46
51
28
46
28
15
25
22
18
19
85
34
59
43
33
88
21
26
51
42
57
80
48
22
77
18
91
40
63
16
85
31
78
64
41
75
81
21
36
77
85
81
77
32
61
12
51
87
53
65
89
84
72
41
39
0
33
40
0
117
56
113
113
30
162
9
31
31
33
117
116
116
129
74
32
128
135
179
148
133
142
117
69
123
181
119
136
141
164
121
108
184
33
180
14
102
67
108
115
159
178
173
25
64
134
62
63
135
93
28
47
92
49
108
40
47
52
52
30
98
35
54
48
9
103
7
38
11
45
38
100
46
39
45
47
14
19
48
54
45
76
11
42
54
42
47
73
74
43
96
99
35
37
8
42
35
0
