520
208
535
546
348
539
210
366
375
377
537
492
268
339
515
263
509
322
507
339
495
330
485
265
497
479
476
318
247
470
494
486
478
322
450
249
283
457
458
450
477
469
467
329
230
274
249
243
262
315
63
305
309
86
312
247
45
211
247
311
303
100
249
316
219
296
98
309
40
111
273
317
108
106
319
62
291
217
332
105
330
105
276
175
237
126
249
343
344
333
68
348
266
43
31
32
35
0
303
146
334
323
154
328
66
72
66
59
322
312
238
148
119
131
319
138
354
71
344
59
307
226
151
356
158
170
80
357
338
358
368
78
149
170
319
168
246
347
152
159
158
69
105
85
258
264
104
329
132
417
332
107
169
82
160
157
160
447
274
216
5
291
4
334
3
209
2
296
7
250
259
285
243
310
5
3
296
303
284
295
7
290
2
265
275
285
243
245
289
270
3
209
0
201
200
4
92
57
89
94
29
102
29
20
33
28
97
111
84
27
89
43
118
44
112
36
110
41
114
68
83
77
110
44
53
108
114
119
121
45
100
34
89
100
126
120
124
119
127
45
45
0
44
49
38
109
115
55
128
14
107
12
11
64
14
130
119
127
8
75
9
105
60
127
74
113
9
133
73
129
104
129
19
14
121
134
128
123
72
131
67
129
81
127
120
115
123
113
18
53
63
105
98
0
11
82
11
9
23
72
11
69
73
10
11
118
53
9
118
11
10
55
131
9
7
9
9
6
99
86
91
35
8
6
102
108
11
9
112
31
86
125
12
10
124
125
126
10
7
8
4
8
0
111
52
71
114
19
118
27
22
29
29
74
88
106
20
83
26
87
28
106
29
113
25
96
85
77
75
94
22
29
103
105
101
107
24
87
16
111
95
102
110
104
88
112
24
69
28
53
54
0
188
91
184
188
46
192
45
242
47
52
219
208
184
183
139
57
198
61
193
64
199
253
223
268
149
267
287
249
264
288
287
219
226
253
247
60
188
260
277
174
209
204
280
47
258
0
254
135
0
162
107
97
157
79
162
36
73
65
79
189
114
166
43
144
69
171
82
110
80
174
83
110
189
130
108
191
98
83
186
188
121
117
96
157
70
153
116
197
193
108
195
115
77
71
0
71
106
70
140
76
144
185
43
108
24
26
59
25
160
189
116
58
207
27
204
31
214
64
193
59
201
137
164
214
194
59
22
200
211
198
210
40
152
27
198
142
143
217
199
220
201
24
123
0
121
133
0
194
98
99
158
24
144
21
87
85
22
142
123
116
93
141
16
200
91
127
8
224
12
216
214
241
223
224
87
79
129
197
115
130
81
194
58
190
170
122
107
171
124
159
11
95
22
101
98
19
67
50
35
68
43
29
50
56
32
44
61
62
37
36
66
53
62
35
75
52
73
44
61
66
86
68
64
27
46
57
77
77
74
40
54
22
67
57
39
61
64
45
70
35
20
24
37
21
17
96
29
93
68
22
110
37
15
26
27
104
122
70
29
118
33
121
34
104
24
120
36
103
95
79
108
117
36
27
110
111
108
112
29
107
16
95
121
84
92
113
114
108
28
67
0
66
71
0
133
79
152
155
38
239
14
40
36
37
146
145
160
205
105
48
170
223
271
245
171
234
183
108
186
256
167
217
236
273
169
175
274
66
283
35
186
114
191
183
241
281
269
50
84
225
81
93
228
147
24
28
141
125
159
98
129
117
115
21
155
51
126
31
6
154
4
30
8
41
107
176
39
29
37
33
8
39
38
33
30
146
9
32
142
32
36
54
148
36
167
176
135
24
3
24
22
0
