362
166
378
364
200
372
141
198
200
198
365
392
178
199
392
172
404
198
397
198
391
202
361
169
340
342
343
187
164
346
337
328
328
181
284
149
175
269
281
283
264
277
268
181
198
173
193
189
183
96
13
99
96
17
90
81
11
69
90
99
83
21
76
97
65
86
20
88
13
27
76
110
29
35
108
21
96
81
107
28
110
27
72
46
65
29
87
87
98
90
21
91
73
17
13
16
17
0
143
59
147
164
40
154
32
40
24
28
156
145
116
42
39
38
154
42
150
25
149
20
151
122
41
165
47
44
35
149
159
164
162
67
39
44
174
46
148
219
46
45
49
64
37
33
143
139
36
102
43
258
113
69
142
104
171
173
175
245
76
67
0
74
0
75
1
64
4
81
2
65
68
79
67
88
1
3
89
85
80
80
5
86
0
69
99
84
63
80
99
84
1
62
0
58
65
0
32
19
46
40
10
42
13
9
15
10
42
38
42
9
37
9
41
13
39
15
47
17
37
33
41
44
41
15
10
39
37
38
38
12
43
13
44
29
42
47
49
57
48
17
24
0
23
23
16
54
35
18
39
7
33
6
9
25
6
40
42
47
4
34
3
44
24
39
26
48
5
43
24
49
46
41
7
4
44
47
40
39
26
41
26
54
24
50
38
38
50
38
5
26
25
51
52
0
3
20
3
3
4
12
3
11
13
2
3
33
4
2
34
3
3
19
34
2
3
1
2
2
25
26
21
6
3
2
26
25
2
3
27
4
18
33
3
2
28
30
29
3
3
3
3
3
0
37
17
31
39
8
41
6
6
7
6
25
27
37
5
24
11
35
12
41
11
41
13
33
21
25
21
32
11
6
36
34
36
37
4
29
2
31
27
33
30
32
31
33
5
32
12
29
28
0
56
30
54
57
10
56
8
187
11
8
192
75
52
52
44
9
53
3
60
8
54
188
49
208
44
197
205
132
195
213
212
55
48
158
208
9
50
153
209
46
59
56
201
7
192
0
201
47
0
45
40
30
43
16
50
7
14
20
13
48
43
48
12
44
14
45
18
36
18
57
14
36
45
37
30
52
16
14
49
43
40
39
16
45
25
31
40
50
41
38
49
49
15
33
0
25
36
24
53
23
59
66
8
52
13
12
23
12
59
68
50
16
69
10
71
12
68
16
69
19
75
59
62
73
64
9
10
65
77
71
63
12
52
8
56
52
57
70
65
68
70
11
46
0
45
41
0
191
54
169
195
17
162
16
19
19
16
199
187
181
23
183
11
197
26
186
8
204
10
199
195
198
197
206
17
18
181
196
169
183
25
203
14
190
182
181
174
187
186
187
15
172
5
168
170
4
33
14
17
32
18
13
21
19
13
14
22
34
17
18
28
15
26
14
35
16
34
15
26
23
38
23
22
7
14
30
29
30
31
21
18
10
35
27
19
27
29
20
27
7
11
8
19
8
6
28
6
21
17
16
28
10
17
18
20
28
42
22
10
42
10
43
34
24
20
46
26
46
23
23
48
49
12
34
49
47
44
45
36
27
15
24
56
44
26
60
57
22
39
10
0
9
11
0
74
22
73
80
38
154
29
40
40
41
80
45
76
168
41
40
81
172
178
177
86
173
79
31
79
181
81
173
187
192
84
81
191
40
188
14
80
58
71
72
177
192
190
38
25
168
25
24
160
57
3
9
59
49
60
48
47
54
50
3
41
11
33
6
1
46
0
4
1
7
29
45
5
10
6
6
1
10
10
7
10
44
2
8
37
6
5
18
45
9
50
47
39
10
1
10
8
0
