578
243
605
614
329
591
236
357
353
345
588
568
342
352
593
291
572
340
564
341
584
328
529
305
533
521
537
304
244
536
528
516
525
306
542
261
349
519
508
546
530
532
526
319
359
290
344
352
297
351
69
339
355
64
348
303
43
260
297
355
350
117
294
345
263
359
63
364
51
75
296
344
73
109
361
51
301
265
358
80
359
84
272
168
235
95
278
343
348
357
70
359
280
52
46
56
56
0
337
137
377
369
129
380
126
130
119
123
363
376
246
117
98
108
371
106
379
138
382
127
352
219
125
368
131
146
137
383
375
385
400
92
124
151
303
140
221
340
136
141
144
86
98
102
258
262
88
360
129
522
373
133
213
99
200
220
205
534
305
232
3
318
2
325
0
263
1
313
1
277
310
321
272
343
0
3
340
339
308
303
6
318
1
294
341
307
285
267
347
309
1
245
0
235
253
3
134
59
142
150
42
147
38
27
55
32
140
120
125
21
117
27
127
35
120
58
130
50
122
103
101
119
123
51
23
116
121
128
122
21
137
40
112
102
127
126
130
123
121
51
91
0
79
88
45
145
124
94
156
13
146
11
12
47
10
150
173
157
17
134
14
159
63
174
62
176
21
183
128
171
153
184
34
26
185
168
189
186
57
169
60
152
128
157
180
177
158
184
31
93
62
145
145
0
8
69
7
7
12
57
7
58
57
6
6
84
41
4
90
8
6
59
93
8
8
8
7
6
113
69
111
59
6
6
110
115
9
3
125
33
94
125
6
8
123
122
128
7
6
4
1
5
0
135
80
137
158
35
157
33
28
33
29
122
140
149
31
132
31
132
33
165
43
159
39
145
130
129
115
149
43
33
149
158
155
147
31
133
22
156
132
147
165
145
124
166
40
112
39
106
100
0
231
142
217
242
60
258
60
239
55
69
307
256
231
184
193
66
240
60
224
61
239
261
240
327
192
343
356
246
260
381
360
241
247
249
364
58
223
308
345
192
244
237
346
43
350
0
321
176
0
214
131
105
179
79
194
42
70
59
79
203
141
207
52
184
82
224
97
142
99
223
95
136
252
163
138
229
118
120
242
255
151
151
131
220
64
205
151
277
260
149
272
178
135
117
0
110
143
58
212
104
249
294
63
179
47
42
98
42
250
328
217
106
323
42
330
65
329
102
325
103
330
240
257
334
327
89
41
341
321
324
330
89
236
34
317
228
250
333
316
330
322
37
176
0
181
184
0
216
175
148
239
86
147
67
58
62
86
238
236
187
59
231
87
224
64
224
62
216
84
249
231
241
252
234
71
68
222
240
174
217
65
218
56
205
216
217
186
209
218
208
76
158
20
151
142
19
135
47
33
127
93
27
47
49
76
95
58
101
64
74
58
43
58
68
104
56
113
52
60
52
113
52
53
45
44
91
119
116
106
87
53
33
113
94
39
111
117
33
122
29
20
26
32
19
24
137
38
127
89
48
142
43
35
55
53
139
152
100
36
156
34
164
56
137
33
163
53
159
132
104
184
171
39
77
173
174
167
173
64
126
34
116
168
136
133
190
181
122
76
85
0
82
87
0
211
79
197
216
96
264
48
102
102
103
221
176
239
219
137
104
238
252
304
275
235
261
249
135
248
300
243
236
253
291
247
241
292
144
293
65
252
182
260
267
242
287
292
131
83
235
86
82
233
222
32
48
224
178
216
158
189
180
182
28
231
51
199
45
13
228
9
41
19
44
171
243
45
40
49
40
21
50
47
40
46
236
15
46
227
41
41
88
236
45
269
264
206
25
18
24
21
0
