446
244
466
455
366
451
267
401
392
379
457
433
292
372
471
307
455
380
470
394
438
360
474
271
500
467
472
351
284
483
485
469
469
398
488
303
282
492
486
501
500
480
484
365
297
333
277
279
328
272
80
297
296
78
306
186
58
124
207
308
274
142
201
290
145
301
77
290
70
105
211
297
113
139
296
94
211
156
313
111
306
131
172
221
118
119
197
284
293
279
96
274
178
78
70
79
79
0
345
175
379
372
204
362
120
107
108
102
379
376
261
202
172
190
398
194
403
129
420
93
364
263
192
380
213
214
127
395
391
387
387
112
192
216
380
215
245
405
214
231
235
90
166
177
304
318
168
274
147
406
277
117
176
119
208
194
204
436
233
191
7
234
5
304
23
193
22
231
32
268
197
270
187
302
9
27
308
314
224
286
33
215
1
202
292
234
200
253
303
231
3
137
0
131
139
2
185
72
228
228
75
236
72
46
79
61
233
191
164
57
163
49
201
69
199
68
209
81
203
159
150
159
205
82
62
201
211
193
202
63
178
83
203
166
213
209
218
214
213
74
88
0
97
100
77
207
168
90
189
16
188
17
25
90
21
193
186
201
20
131
16
166
100
186
111
188
25
197
162
212
203
198
20
21
197
235
205
206
110
210
116
223
151
201
207
209
220
199
29
83
116
184
166
0
11
136
11
14
28
100
8
91
110
7
14
160
85
12
168
9
9
95
171
8
14
12
14
13
163
127
167
85
11
13
182
175
14
7
185
47
141
196
13
14
193
193
192
6
9
11
4
12
0
201
78
131
201
71
199
96
71
100
98
123
134
187
60
115
82
155
96
194
98
214
98
187
130
123
119
187
91
93
186
204
201
193
74
142
49
184
151
192
191
198
121
195
79
115
95
100
101
0
209
113
197
226
49
218
43
246
49
53
282
284
198
236
169
40
211
36
212
45
217
301
206
339
158
327
353
288
325
363
342
192
209
288
334
45
189
331
356
166
201
196
342
37
336
0
321
132
0
212
168
140
194
76
219
78
49
108
54
212
155
189
35
172
40
200
60
168
56
208
62
183
211
154
164
206
58
51
207
188
194
181
54
199
127
168
189
213
183
162
214
191
45
127
0
123
168
120
154
88
176
157
18
84
32
98
47
80
175
155
105
39
164
85
148
38
154
47
161
40
156
106
169
153
156
50
85
157
161
170
178
50
181
83
146
176
128
154
156
155
153
93
100
0
83
80
0
239
167
124
205
42
173
31
82
80
53
204
205
157
87
209
58
248
81
221
46
227
60
258
234
257
267
255
84
86
230
263
173
223
84
258
63
237
244
217
163
237
227
223
51
145
30
143
149
31
129
86
38
123
80
52
86
89
58
75
107
120
54
87
97
91
114
61
128
90
129
85
91
90
117
85
88
32
73
89
114
100
99
81
85
22
114
105
71
117
108
72
117
61
27
64
61
35
41
110
36
89
69
53
123
66
44
53
64
113
117
70
56
119
46
118
58
101
34
109
55
134
98
62
140
150
54
66
143
129
140
129
69
97
31
96
143
99
109
156
153
108
74
54
0
45
47
0
226
102
219
223
69
271
32
71
61
65
221
253
234
226
123
72
238
262
325
282
225
310
226
124
210
317
236
246
290
292
219
221
309
44
299
21
203
122
200
192
248
306
320
48
97
274
95
94
261
172
50
105
184
81
183
45
97
89
82
79
191
83
104
112
15
194
10
91
23
106
54
201
103
87
98
102
18
62
104
104
102
139
14
95
102
90
108
152
151
109
208
225
71
79
15
92
85
0
