293
145
309
302
195
314
152
214
215
216
308
320
181
215
317
178
322
213
312
210
301
206
275
172
300
286
295
197
170
296
273
303
295
214
306
161
173
322
321
315
316
312
315
209
173
185
173
174
184
207
40
202
197
47
206
168
32
123
159
208
180
69
144
196
114
191
46
196
39
63
152
169
62
70
178
50
135
85
187
60
184
67
125
138
104
68
131
200
189
189
56
183
141
47
33
42
47
0
228
103
231
234
93
231
85
76
81
87
240
219
162
87
62
72
223
82
230
99
215
80
202
125
75
206
81
84
75
210
220
209
205
67
69
78
211
76
155
226
73
87
86
57
53
58
149
151
52
194
113
256
206
62
111
62
101
110
104
262
176
134
1
182
2
185
10
148
2
170
12
172
153
189
161
213
2
18
200
205
165
198
11
162
2
142
194
157
143
147
197
150
2
114
0
107
119
2
78
25
78
94
19
85
39
30
42
16
76
84
74
19
61
18
91
27
77
31
96
42
77
53
75
71
80
35
18
83
82
84
66
22
79
38
63
59
85
77
76
84
82
35
49
0
39
41
37
118
110
65
116
8
110
9
10
44
7
119
111
122
6
91
9
101
47
114
45
115
9
119
86
123
109
118
11
14
118
121
115
111
40
118
44
116
84
126
117
121
113
100
13
74
47
110
119
0
6
57
8
5
17
42
3
49
48
1
8
77
44
4
77
5
8
41
93
4
8
4
7
4
93
63
88
37
3
5
96
95
9
4
105
19
80
100
10
7
105
107
103
1
5
2
2
5
0
108
35
70
114
32
104
37
22
39
35
68
72
96
24
66
21
84
33
111
32
102
33
107
66
66
64
98
29
42
102
101
108
105
45
73
16
118
88
104
115
115
53
109
46
60
26
63
65
0
142
63
132
136
28
143
22
150
29
32
155
160
132
126
76
34
130
20
133
32
133
144
136
183
95
168
207
155
171
201
194
144
141
155
186
32
126
177
187
107
138
136
181
26
177
0
168
90
0
125
85
63
109
43
117
30
31
43
43
143
82
107
27
100
35
116
42
83
43
120
38
92
114
80
87
118
42
37
106
112
107
96
37
116
52
92
98
122
119
94
118
94
33
69
0
65
85
50
78
38
86
94
21
55
23
32
34
33
86
98
67
37
102
34
99
23
104
36
118
43
107
85
79
97
105
45
32
104
106
104
109
45
96
38
102
84
88
110
116
121
108
31
53
0
55
56
0
145
85
52
102
25
93
17
57
62
30
106
96
75
62
92
17
131
49
88
14
135
14
138
131
130
130
130
44
47
93
127
64
90
39
118
29
100
108
99
71
98
86
98
26
62
12
60
64
15
68
40
21
74
43
29
39
42
39
49
45
47
28
42
37
38
38
33
54
40
48
38
37
37
41
39
42
25
28
44
48
43
44
37
32
10
48
40
26
52
61
32
54
19
15
25
24
18
17
60
27
59
52
25
71
26
17
31
31
71
80
56
25
86
27
81
28
72
16
83
31
82
65
58
81
75
24
29
84
79
79
78
39
65
13
61
93
70
64
92
81
64
38
39
0
39
39
0
104
49
102
114
29
150
20
34
32
35
105
105
100
115
69
33
106
138
169
153
96
167
87
53
91
168
94
142
159
170
97
98
190
19
176
11
96
63
105
110
163
196
183
17
56
152
50
48
150
92
15
34
93
51
99
37
51
52
48
27
88
29
55
36
11
86
6
31
13
41
53
98
42
32
44
43
8
18
37
40
39
84
9
40
57
40
47
57
79
37
98
96
52
30
11
26
25
0
