143
60
155
144
70
155
49
71
76
75
149
141
73
74
142
64
140
72
134
74
146
65
148
83
149
148
144
71
57
146
139
141
148
71
156
65
86
164
169
169
166
168
163
75
74
64
78
76
64
112
23
115
113
19
115
102
11
94
102
115
117
29
104
127
94
112
16
121
13
21
101
110
20
25
122
17
104
92
120
22
117
22
112
50
100
21
109
119
117
134
14
125
108
15
16
17
19
0
120
42
119
120
36
123
67
60
56
64
126
120
64
32
23
28
117
26
125
73
129
62
125
61
30
131
30
29
70
117
133
124
130
46
26
30
91
28
75
114
33
32
27
40
21
20
64
56
14
100
43
129
108
17
78
13
26
21
23
124
98
90
0
98
0
105
0
87
1
100
1
77
99
103
81
110
0
2
106
96
103
90
0
96
0
96
107
102
76
84
116
96
0
85
0
81
80
0
27
11
32
32
10
30
14
6
16
5
31
31
34
5
24
7
29
9
32
15
27
17
32
28
24
30
32
15
6
32
30
30
28
11
30
14
31
23
38
37
32
36
32
12
23
0
21
22
14
63
37
56
73
3
65
7
6
11
6
77
73
68
4
70
6
73
14
73
10
75
7
76
63
74
75
74
6
6
71
69
72
71
15
81
13
75
59
70
80
81
74
75
9
57
13
66
69
0
2
33
2
2
5
28
1
28
26
1
3
32
24
1
39
0
1
21
40
1
3
1
4
2
33
32
33
19
2
2
36
37
4
1
53
14
36
53
3
2
53
53
61
2
0
1
1
2
0
64
20
40
64
14
60
18
11
21
19
44
34
51
15
37
20
46
23
62
22
59
20
59
38
34
44
60
20
22
56
68
58
61
18
49
14
65
57
63
72
66
43
68
22
39
18
27
34
0
99
38
89
94
28
90
31
40
29
31
85
79
102
40
73
40
107
35
112
39
96
47
120
90
71
68
83
46
48
87
88
111
112
51
85
42
91
82
90
87
113
113
94
33
84
0
79
57
0
98
37
36
87
59
83
11
56
11
63
95
42
93
19
75
55
90
58
37
59
106
62
38
76
36
37
81
48
50
82
84
40
44
35
44
15
68
41
73
78
40
80
48
42
34
0
38
41
17
67
27
74
90
16
57
11
18
26
17
77
113
69
30
105
17
102
16
107
29
103
30
101
68
72
104
106
28
16
103
109
102
108
40
79
14
94
72
82
104
96
106
101
15
57
0
62
57
0
37
53
22
56
34
16
34
19
20
36
61
42
27
15
47
21
38
23
46
21
45
24
43
37
40
40
42
16
12
46
39
23
50
7
38
8
28
31
44
27
31
38
32
29
17
4
13
14
3
34
14
12
35
29
8
9
10
26
32
13
27
22
27
12
7
12
29
30
10
27
12
13
12
41
14
10
20
10
33
38
32
40
29
10
9
41
34
11
39
34
9
30
8
7
5
7
6
6
69
12
73
61
7
76
10
7
11
12
76
78
62
13
74
10
71
12
67
6
75
11
67
60
57
68
79
11
13
71
78
76
66
12
69
10
66
81
69
69
80
82
67
18
49
0
53
48
0
58
25
62
61
18
68
15
21
20
19
53
53
63
50
47
19
54
56
77
56
62
52
69
53
69
80
79
51
50
82
75
76
91
31
86
23
71
64
78
81
75
83
83
31
32
52
36
33
47
68
9
18
69
54
68
42
53
53
55
13
81
24
63
17
7
83
3
14
5
18
51
90
13
12
17
15
6
10
18
13
16
76
4
16
75
16
21
27
81
17
92
88
69
16
6
15
12
0
