201
115
196
202
141
210
92
147
142
142
212
208
129
152
206
131
201
140
205
130
205
145
198
123
192
203
196
134
111
190
206
188
202
141
201
118
133
216
207
201
212
215
220
139
116
125
136
132
128
123
23
131
138
25
139
118
20
101
122
138
131
44
116
133
104
130
24
134
26
26
119
124
26
40
132
26
112
93
116
27
128
31
86
58
75
24
91
116
116
109
27
106
89
25
26
25
25
0
150
59
167
171
49
166
58
61
58
61
174
171
110
53
45
48
171
56
171
71
172
61
152
93
53
149
48
53
57
144
151
159
159
36
48
49
135
53
101
147
51
58
50
34
43
43
113
115
43
154
30
213
166
68
118
44
104
108
107
213
115
84
1
123
0
128
3
104
0
121
1
89
119
124
107
126
0
2
121
121
122
110
2
119
1
114
116
123
109
96
117
113
1
98
0
101
102
1
48
18
56
54
1
51
27
10
32
2
49
53
64
3
43
2
52
3
55
23
56
30
55
46
64
62
60
28
8
62
58
60
59
3
61
25
54
45
50
50
52
50
53
28
43
0
40
34
20
75
33
51
66
1
71
2
1
22
1
63
65
74
1
56
2
65
26
70
28
67
1
67
54
76
78
69
6
2
69
82
65
72
31
74
28
81
62
79
70
70
85
72
6
56
31
82
82
0
0
22
0
0
2
13
0
13
15
0
0
30
7
0
31
0
0
21
29
0
0
0
0
0
38
31
38
23
0
0
42
43
0
0
43
11
31
39
0
0
43
44
48
0
0
0
0
0
0
67
36
60
76
13
80
15
9
13
13
62
63
75
7
60
13
57
19
72
14
83
13
71
60
54
59
85
15
17
77
79
77
84
20
68
13
86
67
86
85
82
61
82
17
52
14
52
47
0
120
50
112
129
44
130
41
94
45
45
145
122
118
60
84
50
122
39
116
42
121
102
116
148
81
149
161
90
107
157
148
114
120
89
164
47
114
128
158
93
122
128
161
35
153
0
143
68
0
112
66
41
102
50
101
15
41
20
51
114
67
100
34
87
44
116
58
68
59
97
55
73
121
71
62
109
67
67
138
127
63
69
70
116
24
107
70
129
133
68
121
66
58
55
0
47
68
22
70
55
77
121
35
67
29
17
55
17
78
128
59
53
133
21
132
29
124
44
126
48
137
72
84
127
136
51
14
138
136
133
131
75
79
17
133
68
99
148
150
151
141
17
56
0
55
61
0
84
96
65
130
44
77
34
12
9
43
126
121
78
18
115
42
91
17
112
31
95
41
107
92
97
97
104
14
10
119
95
84
114
12
96
10
91
94
106
85
95
105
96
30
84
5
89
75
5
51
15
19
59
41
12
21
19
48
48
21
36
15
27
16
14
17
30
42
16
38
13
14
15
52
19
15
15
16
38
52
42
41
41
14
12
40
34
12
44
44
15
55
11
6
8
16
10
9
85
33
59
50
32
99
19
23
28
34
76
84
55
17
97
14
88
27
67
23
89
31
80
60
50
77
83
16
24
86
82
80
85
29
69
10
66
82
71
67
86
84
69
30
50
0
54
48
0
97
46
107
101
28
125
16
27
31
30
103
82
91
105
62
31
107
101
144
111
107
114
111
66
111
131
114
102
112
133
96
101
140
39
143
18
103
80
109
104
140
155
147
45
55
95
47
52
101
82
7
21
80
69
80
61
64
65
69
10
83
18
75
22
6
88
6
17
9
19
70
91
17
17
21
18
7
14
18
20
19
76
9
18
62
17
17
31
67
20
80
77
61
9
8
9
11
0
