345
155
360
373
201
359
119
208
210
211
365
321
166
188
340
149
333
196
328
190
337
185
309
171
328
314
322
184
135
305
319
323
320
174
318
147
180
333
326
321
331
341
336
170
154
151
163
173
150
198
40
191
196
51
201
185
30
154
175
204
200
64
164
200
141
210
43
214
27
59
170
185
60
44
196
34
154
132
197
51
192
56
150
91
123
45
146
177
198
191
32
201
155
24
25
25
21
0
178
71
193
203
80
218
66
67
59
66
215
199
133
69
62
70
201
72
224
81
208
62
188
102
77
197
75
85
56
211
202
198
201
47
77
80
168
79
147
183
75
88
86
41
60
58
145
138
60
213
85
272
211
59
115
41
92
104
96
279
173
137
2
177
1
201
2
136
1
185
3
151
172
163
143
190
2
2
193
184
172
161
2
171
1
152
205
184
160
147
200
178
1
135
0
132
126
1
91
29
91
96
22
91
22
6
21
14
89
74
77
9
63
19
88
16
84
25
83
23
76
61
67
79
82
23
11
77
74
76
72
14
79
14
78
67
88
83
84
77
82
21
56
0
55
61
20
80
87
52
88
12
80
10
11
33
11
100
87
97
7
58
7
87
40
89
39
93
11
107
74
99
90
114
15
13
113
91
102
102
43
109
38
95
70
92
112
103
97
118
19
54
41
82
82
0
8
81
5
6
13
53
5
50
57
3
9
100
49
6
97
5
4
58
99
5
7
6
5
5
89
81
90
48
7
4
94
97
5
3
89
18
71
92
8
6
92
85
94
3
7
4
5
8
0
106
50
77
110
32
105
27
15
28
26
67
78
107
26
76
36
83
45
112
41
116
46
108
84
68
65
106
39
39
112
113
110
103
30
79
10
102
91
100
107
97
82
103
30
85
40
63
63
0
123
71
124
130
37
149
34
116
47
44
147
138
145
97
104
51
145
40
151
50
156
128
133
166
102
174
191
127
145
188
178
138
131
131
172
36
124
156
174
115
140
144
180
33
153
0
171
83
0
116
71
56
117
49
118
20
48
44
50
121
72
106
33
108
41
118
52
76
54
126
49
87
117
94
69
128
61
56
120
125
83
86
58
104
44
110
86
133
121
75
131
87
61
60
0
62
76
41
97
48
103
120
18
84
32
35
35
29
105
120
71
41
131
37
121
35
126
42
137
42
127
82
113
106
129
35
31
112
129
124
126
33
108
33
108
104
89
128
128
136
126
36
78
0
84
84
0
117
62
52
86
26
82
26
47
44
33
99
81
58
39
85
23
108
43
82
18
114
24
116
98
119
117
106
39
34
83
95
73
86
41
97
30
95
102
94
58
105
98
101
36
66
5
55
53
11
60
30
19
56
32
28
34
37
25
32
38
53
23
37
36
30
39
31
58
37
55
36
31
31
59
35
38
19
31
47
66
54
52
43
35
15
58
45
25
65
61
32
70
24
15
14
22
18
14
81
33
68
49
35
84
21
23
39
39
62
81
49
23
88
23
78
38
66
24
95
43
88
62
52
85
98
24
40
96
97
85
91
49
57
21
63
114
81
63
106
114
71
58
52
0
39
50
0
119
48
112
105
53
157
21
48
46
54
120
101
123
102
71
59
127
120
153
130
134
133
111
47
123
164
116
116
139
167
117
113
168
38
156
22
113
79
108
112
147
165
173
39
64
128
65
57
130
103
25
39
98
68
103
61
81
78
69
24
127
40
82
41
9
122
6
35
11
39
67
131
40
32
39
41
10
43
43
35
43
106
8
40
92
29
46
65
110
39
139
147
94
30
6
31
33
0
