162
75
168
166
81
161
49
80
75
81
166
164
95
72
177
71
166
75
170
75
173
70
153
75
156
160
153
67
58
153
158
151
156
69
155
57
69
146
150
164
152
150
153
74
95
74
95
98
71
95
23
106
108
23
98
83
15
68
81
107
90
41
73
91
53
89
15
95
19
17
69
115
20
37
121
16
104
85
117
17
116
23
107
66
75
24
85
113
119
119
18
114
96
16
15
17
14
0
87
47
109
94
33
103
49
45
40
45
103
107
59
35
29
27
121
27
121
72
116
57
126
70
34
132
35
44
74
131
123
135
142
50
35
38
72
36
71
103
33
39
39
42
22
24
58
70
24
97
40
131
98
29
71
29
49
46
51
134
78
78
0
82
0
93
0
66
1
85
1
76
77
88
67
98
0
3
92
97
88
90
7
79
1
76
97
88
79
74
100
80
0
74
0
74
69
1
32
16
32
32
7
31
13
9
17
6
38
38
29
4
36
14
45
15
48
12
53
14
50
18
35
30
63
13
26
57
54
57
56
25
38
17
37
34
57
57
53
61
55
16
21
0
22
23
12
51
78
28
75
15
43
17
16
12
18
75
76
53
12
47
14
67
14
73
15
73
21
78
32
45
49
75
23
21
73
55
77
75
16
73
11
58
43
44
75
75
49
83
27
31
17
46
50
0
1
25
2
3
6
13
1
10
19
0
2
53
17
2
57
1
0
33
62
1
1
1
4
1
52
38
39
25
2
1
62
59
4
1
43
6
27
51
1
2
47
48
42
1
2
1
0
2
0
60
29
52
74
21
67
27
19
31
33
53
47
67
18
50
19
53
23
72
28
65
26
66
50
51
46
65
30
23
72
66
69
69
23
50
10
62
58
74
71
65
46
71
18
53
32
38
39
0
54
26
54
45
25
54
22
60
24
19
69
54
51
49
34
20
48
16
43
22
45
57
55
76
29
69
77
49
69
82
83
55
57
61
79
21
40
75
81
50
56
53
78
24
72
0
76
34
0
60
43
28
57
21
60
13
20
19
20
63
39
51
10
43
19
60
22
41
21
59
26
40
56
39
37
60
25
29
52
58
36
35
23
33
18
43
42
46
54
42
53
48
20
25
0
31
40
16
93
21
96
86
7
61
12
31
16
28
95
89
65
17
93
30
84
14
91
20
90
23
81
62
86
83
82
18
28
80
83
88
90
15
82
26
79
90
74
85
87
88
92
30
68
0
64
59
0
47
42
35
54
15
37
12
10
9
13
57
47
44
12
50
16
51
13
53
10
59
10
60
52
62
61
64
14
11
57
54
42
59
14
57
11
51
42
61
38
52
62
46
24
36
4
36
37
0
47
20
18
45
29
13
10
7
18
27
28
42
19
25
20
8
22
18
40
8
40
9
26
16
34
23
23
15
13
34
40
34
41
23
22
7
39
34
23
47
44
19
45
10
19
10
19
18
5
41
19
39
30
14
53
15
12
16
13
43
53
26
11
49
18
61
20
40
18
56
20
51
45
30
58
53
16
21
57
50
55
55
25
39
7
31
48
48
32
57
54
32
30
21
0
19
23
0
63
28
65
65
34
67
17
26
28
32
61
41
69
49
42
28
73
65
79
68
80
69
79
45
88
80
89
65
63
71
90
91
85
51
83
21
91
71
99
94
78
85
84
49
35
58
37
40
57
92
20
41
89
62
93
51
59
63
56
21
96
43
65
39
7
96
5
35
7
34
52
103
35
33
40
38
9
30
39
33
35
85
7
36
64
40
36
62
84
36
99
102
60
29
5
30
28
0
