256
110
250
271
106
255
80
113
115
106
254
261
106
110
266
86
263
105
268
107
252
108
256
124
258
256
256
112
89
261
262
261
251
102
272
96
142
268
281
259
282
280
268
106
136
98
135
136
95
176
27
184
180
13
188
171
9
158
175
190
182
46
170
188
174
186
13
188
11
10
179
194
9
44
190
9
178
174
183
12
196
12
148
41
136
13
145
163
163
173
10
166
162
9
10
13
11
0
153
62
170
177
52
177
88
87
81
83
173
160
92
50
49
45
157
47
164
76
160
72
133
96
50
143
48
47
59
144
146
147
151
47
45
47
110
51
119
142
47
51
50
48
41
38
95
94
38
212
45
264
228
53
126
29
83
77
75
279
160
106
1
160
1
168
2
142
3
166
3
102
147
151
130
161
1
1
165
169
153
141
1
158
1
160
170
157
154
132
166
166
1
140
0
147
148
1
47
13
45
45
3
46
11
5
10
1
46
47
48
2
36
3
49
4
48
9
46
12
47
44
49
51
53
14
6
50
42
50
50
7
46
11
50
52
56
52
55
55
57
10
44
0
44
44
12
74
29
55
63
1
76
1
2
22
2
67
61
82
2
71
1
70
24
69
22
67
3
70
66
85
81
71
3
3
69
85
73
75
24
73
25
82
68
83
73
75
91
73
2
63
33
78
80
0
0
11
0
0
0
11
0
11
14
0
0
22
10
0
24
0
0
17
21
0
0
0
0
0
16
15
18
8
0
0
18
17
0
0
15
4
11
14
0
0
11
9
16
0
0
0
0
0
0
29
10
19
31
3
27
6
5
5
6
19
23
29
5
20
4
21
6
28
5
27
4
33
24
25
24
37
5
11
43
39
40
41
6
21
4
32
25
30
29
33
24
32
8
23
5
25
20
0
57
41
53
59
4
61
3
94
6
6
92
74
55
45
46
14
61
11
58
12
62
85
54
100
36
100
103
75
96
112
116
53
47
82
101
8
45
82
94
38
46
46
104
8
95
0
100
40
0
62
51
40
54
15
60
15
13
22
15
60
46
45
5
53
12
53
15
49
14
61
16
55
58
41
51
60
12
10
47
53
48
52
17
58
25
49
52
68
61
46
69
46
14
44
0
41
53
20
73
25
75
85
9
67
13
3
16
5
79
86
67
18
83
6
89
14
89
12
93
15
97
77
85
97
96
14
7
93
98
109
100
17
84
6
93
71
85
106
105
99
114
5
73
0
65
74
0
93
51
63
81
16
65
16
17
13
16
86
88
71
11
86
14
94
20
86
11
95
15
91
82
88
92
91
14
14
79
88
70
78
16
88
10
78
80
78
66
80
80
77
19
67
1
67
70
3
42
11
6
43
33
8
13
13
28
30
13
29
13
29
13
11
14
26
40
15
35
13
15
13
42
13
15
9
13
39
44
38
45
44
13
8
48
38
10
55
49
14
52
8
6
11
11
5
7
45
8
26
17
27
48
13
27
30
33
28
41
14
9
44
11
43
24
21
22
43
23
41
26
20
43
43
10
28
42
43
41
41
45
23
10
16
57
44
24
56
57
30
45
17
0
20
16
0
77
14
74
70
54
72
43
59
59
58
74
47
91
67
21
67
86
79
80
80
87
77
86
22
91
91
91
73
75
84
91
94
78
55
79
15
84
52
80
86
66
78
84
50
17
72
22
17
72
70
4
10
82
70
73
66
66
79
68
6
87
17
85
9
0
83
0
9
0
10
73
130
6
7
5
8
1
21
4
8
5
114
0
7
116
3
5
20
118
6
131
127
120
6
1
4
5
0
