255
108
247
252
136
246
97
150
148
141
258
223
122
140
229
120
219
143
233
136
227
134
225
133
217
216
206
135
116
210
219
214
217
137
222
109
127
229
236
219
236
240
236
140
115
121
137
136
118
106
26
111
109
29
102
71
22
60
78
118
109
32
76
109
68
106
28
106
22
33
76
102
37
38
107
27
70
66
113
36
103
39
92
67
73
33
91
118
124
121
29
119
84
22
23
22
22
0
149
50
166
162
64
170
71
71
70
70
169
180
89
63
49
61
182
62
189
90
177
70
158
92
58
176
53
65
76
174
162
166
174
66
51
64
143
60
136
172
59
60
63
55
46
45
106
110
44
112
56
183
116
48
91
49
83
87
91
188
91
74
3
86
2
113
4
79
6
90
8
115
93
116
72
123
3
14
131
132
95
106
9
103
1
87
120
99
82
99
128
101
1
75
0
70
76
1
59
37
61
62
11
62
27
19
27
5
64
67
66
8
52
8
65
12
67
26
64
32
80
39
65
63
78
31
32
77
82
85
79
41
72
25
82
63
97
108
103
105
104
26
39
0
44
45
28
90
96
50
111
12
80
9
10
24
10
106
112
98
4
74
10
106
29
118
31
120
13
101
66
92
96
108
11
8
103
94
108
112
32
92
29
93
67
92
104
99
104
105
7
70
27
92
96
0
1
39
1
1
2
34
1
36
37
0
1
44
12
1
48
1
0
18
45
1
1
1
1
0
28
19
26
4
0
0
32
35
1
0
47
3
33
47
1
1
44
42
47
1
1
0
0
1
0
50
34
47
60
8
59
5
4
4
4
46
45
66
6
45
11
43
8
64
11
59
12
61
49
45
35
69
11
20
69
64
65
66
12
54
11
65
60
74
73
63
52
72
14
47
6
42
40
0
90
52
79
100
16
97
19
97
19
17
158
124
100
79
61
28
95
19
93
23
102
104
101
172
74
170
178
102
107
164
171
108
107
101
164
19
97
147
172
93
108
101
171
16
151
0
164
77
0
96
68
61
100
36
101
21
35
31
38
109
71
108
30
101
47
122
49
76
53
128
58
82
118
90
73
127
64
64
121
127
85
84
59
100
36
97
73
132
123
76
129
79
52
62
0
53
72
30
85
35
94
132
21
85
31
9
43
7
95
138
88
47
141
8
134
33
136
46
132
41
137
101
88
136
143
48
9
137
140
135
142
43
95
8
130
89
126
146
147
148
144
9
80
0
76
74
0
95
92
67
124
45
71
41
21
18
45
129
104
78
20
108
31
92
24
104
32
102
40
96
96
91
97
105
15
17
103
99
82
112
16
100
18
96
103
122
86
92
114
93
42
77
5
77
71
7
60
29
17
62
42
17
26
23
33
45
28
43
26
34
35
20
29
32
46
21
51
22
31
29
46
32
31
21
23
42
48
47
41
39
26
16
47
41
19
56
48
27
50
21
8
16
19
8
11
75
19
70
49
20
78
29
16
25
25
73
88
47
21
83
22
76
29
64
15
75
32
80
67
50
82
68
29
24
76
73
62
78
28
60
15
65
96
60
70
82
91
72
35
35
0
44
42
0
85
42
93
91
33
99
24
31
35
37
95
59
102
105
61
48
107
105
123
125
107
121
101
58
118
128
101
109
111
124
92
102
121
49
136
22
108
72
115
111
116
132
129
53
45
109
38
39
101
81
9
15
83
71
84
67
68
74
73
7
83
16
70
9
3
93
1
8
3
11
66
90
7
7
8
9
2
18
15
6
9
78
4
12
90
12
11
33
87
10
103
96
83
8
3
8
6
0
