262
130
277
282
183
282
135
184
189
189
275
279
157
185
292
149
292
189
288
186
288
193
283
136
291
279
285
169
134
284
280
282
289
171
268
135
153
266
282
272
276
281
272
182
144
151
145
140
159
173
37
181
187
30
174
136
26
105
140
179
152
67
118
160
101
169
33
162
29
50
122
182
54
75
175
44
147
117
189
55
176
55
140
111
123
56
135
182
173
165
35
174
135
27
20
29
27
0
171
68
178
178
78
180
55
43
51
46
183
155
115
61
54
59
147
59
160
24
162
16
159
110
59
162
59
59
39
166
175
179
178
54
60
75
180
74
143
196
72
71
70
48
49
39
127
132
43
184
67
231
176
60
107
56
102
106
102
252
140
118
6
149
5
180
6
126
7
152
10
147
141
140
134
157
5
9
168
163
139
146
7
141
4
145
163
146
128
124
160
144
4
116
0
113
115
2
53
25
56
49
22
57
22
14
27
20
57
55
49
13
49
24
56
29
56
27
55
25
46
30
48
50
55
26
23
60
54
54
58
27
48
22
51
52
62
62
59
61
69
20
24
0
23
25
23
68
71
36
79
11
66
13
13
31
13
81
70
74
3
61
7
68
30
76
41
70
9
84
47
75
75
89
15
14
83
76
81
83
38
80
35
67
51
70
70
80
75
75
14
34
39
61
65
0
5
47
4
2
19
26
5
22
26
3
3
66
21
2
62
3
5
38
68
4
3
6
5
6
56
55
56
30
4
2
71
71
3
4
53
12
40
55
4
6
46
50
54
3
5
1
3
4
0
105
63
82
113
17
113
25
22
28
27
83
91
105
19
83
17
94
25
110
22
105
26
107
83
83
68
104
23
32
110
120
110
109
18
84
12
97
82
98
90
93
80
107
15
81
24
72
76
0
96
61
95
108
25
101
22
115
28
31
151
126
106
103
80
32
105
26
103
29
113
137
104
159
76
168
180
145
141
170
174
114
117
152
173
22
97
166
173
90
116
107
176
11
156
0
160
76
0
100
55
45
94
52
110
18
44
30
54
103
61
87
25
88
49
100
50
57
52
101
52
67
105
60
64
91
50
47
114
107
63
70
48
70
36
73
69
110
103
65
111
65
41
39
0
37
55
27
50
25
54
93
19
55
35
24
45
24
64
96
53
52
106
24
98
39
101
59
106
57
97
60
58
94
95
54
25
95
91
89
98
54
64
27
94
60
88
108
113
111
108
27
36
0
36
37
0
118
87
58
105
21
81
17
33
27
26
105
105
89
32
104
28
116
30
117
22
125
28
128
117
125
127
128
34
30
103
125
84
106
35
128
26
106
105
100
89
104
100
101
17
86
9
79
71
11
53
22
22
46
34
16
24
26
26
32
41
41
23
21
38
26
39
17
36
29
44
27
37
36
40
35
36
13
25
31
37
36
30
21
28
5
34
24
28
31
26
31
35
19
13
10
21
13
10
56
16
53
41
15
72
19
10
16
19
54
62
46
14
65
11
61
18
65
8
70
19
58
54
60
66
70
17
17
72
72
76
77
16
74
9
66
71
64
67
68
73
75
17
45
0
47
44
0
76
48
69
75
12
134
8
15
14
16
73
67
83
114
63
14
76
133
157
138
83
138
96
61
79
140
87
132
132
152
83
87
150
27
155
16
80
80
85
85
144
158
167
22
42
121
41
45
130
63
19
23
56
37
63
32
43
39
36
17
72
27
49
21
7
71
1
21
7
26
48
81
22
26
23
29
7
21
23
26
24
58
10
27
58
18
28
55
56
32
77
76
47
23
6
19
24
0
