369
196
397
400
246
390
182
239
252
255
387
389
219
247
397
221
399
266
391
249
389
245
374
207
388
387
375
219
197
378
369
391
372
230
370
198
229
357
373
368
371
374
368
234
222
221
225
226
213
227
59
247
248
53
253
177
42
117
167
257
215
105
158
239
140
221
58
236
46
82
170
215
72
84
212
60
138
124
225
77
220
79
136
155
102
75
147
221
198
220
60
212
136
51
35
48
58
0
225
107
221
237
99
248
63
63
58
65
240
248
163
82
79
77
240
91
268
94
271
66
255
155
94
261
94
99
112
282
299
284
298
81
92
99
270
96
227
301
92
97
99
77
74
74
217
204
64
214
99
312
210
71
163
96
151
153
147
318
179
146
4
175
2
212
22
141
18
171
35
203
171
204
143
229
4
26
237
231
165
211
24
166
1
161
233
166
168
196
226
174
2
117
0
110
110
1
126
42
140
138
57
134
43
26
44
46
145
134
97
32
99
37
135
67
153
37
146
52
126
63
88
97
139
46
45
136
138
142
141
34
98
39
95
83
120
119
112
118
114
41
64
0
54
51
44
108
95
49
119
19
98
21
21
40
22
116
94
100
7
61
9
91
40
99
49
99
12
99
71
101
98
101
14
10
110
116
102
104
45
116
46
112
79
102
113
119
110
120
19
51
46
88
96
0
1
32
0
0
4
19
2
18
17
1
1
50
9
3
54
2
3
28
51
2
1
2
2
1
40
21
31
19
0
1
37
31
0
3
65
5
37
64
2
1
62
58
59
2
2
2
2
2
0
125
59
85
121
19
126
17
14
16
21
95
98
114
13
90
21
90
33
130
32
131
32
112
98
96
86
120
28
19
121
116
117
118
21
106
9
121
102
133
133
131
89
123
21
93
24
100
96
0
131
66
128
143
44
146
41
196
40
45
204
185
125
150
97
35
123
30
122
44
130
193
136
238
104
224
248
185
215
240
257
146
146
192
241
52
129
221
246
122
146
162
248
48
233
0
229
82
0
155
121
99
150
62
169
40
64
61
65
174
101
151
41
143
76
189
71
127
68
192
78
125
194
129
116
185
78
71
185
181
120
126
56
153
61
140
124
169
164
120
175
129
54
93
0
89
111
57
84
34
107
144
25
103
59
31
74
26
105
134
77
64
125
27
135
52
133
65
135
61
127
87
98
128
124
49
28
113
121
119
121
59
91
29
95
93
119
127
123
128
139
28
69
0
65
68
0
172
97
95
139
29
121
25
48
39
28
144
143
107
56
139
27
189
51
146
23
184
24
190
177
191
189
174
43
37
150
180
131
158
44
166
39
148
162
168
125
166
166
160
37
126
16
124
113
10
92
49
34
88
60
33
48
42
49
66
62
88
38
57
68
40
63
47
89
47
81
47
54
59
84
60
57
28
41
68
78
87
82
63
54
27
89
73
44
94
96
43
96
24
25
26
35
27
17
95
28
92
75
29
108
36
17
31
32
105
113
77
30
110
32
108
36
93
27
102
32
128
85
89
125
122
34
50
129
119
131
120
45
94
26
89
129
107
89
123
131
92
47
69
0
61
62
0
156
69
163
156
54
186
28
55
57
60
162
107
162
159
104
58
168
199
222
205
164
206
155
86
146
220
161
213
207
233
161
159
227
65
231
26
142
93
151
149
211
213
215
63
70
186
73
70
181
109
10
33
106
70
115
70
74
62
72
21
85
22
65
37
3
100
3
32
7
40
60
102
34
28
39
33
4
20
34
37
33
90
3
33
58
33
28
54
87
33
90
94
58
25
2
29
25
0
