373
184
366
365
256
371
162
258
261
272
367
343
212
260
353
209
344
261
356
256
345
246
330
201
331
336
318
255
205
340
333
328
341
262
364
221
183
364
340
371
353
347
367
245
202
225
192
205
212
214
63
220
234
64
228
179
36
137
180
227
229
101
171
248
156
240
68
240
44
78
176
208
75
99
235
50
191
163
226
79
219
78
173
135
143
74
172
218
229
212
53
218
169
43
36
41
43
0
241
104
268
270
126
265
83
76
63
83
277
262
181
112
89
115
269
116
266
94
257
67
269
155
126
258
120
125
84
266
279
276
284
78
106
129
246
112
187
266
115
125
118
54
93
83
191
208
86
224
107
280
231
78
96
51
101
95
108
302
196
175
7
219
5
225
7
160
5
221
11
200
192
199
169
227
12
10
234
230
200
221
8
205
3
166
238
217
168
205
229
201
3
155
0
135
152
5
104
58
121
114
31
117
42
32
48
16
120
115
112
23
88
21
126
26
127
52
125
44
125
93
109
118
135
52
31
133
129
140
137
24
133
46
129
114
126
122
137
120
139
46
81
0
71
79
42
124
112
60
131
15
110
12
19
58
15
128
129
110
10
96
12
124
52
136
51
135
11
123
93
107
121
138
16
9
130
133
134
130
50
143
51
125
95
116
141
151
119
135
21
57
53
108
112
0
5
132
7
5
23
105
4
105
110
6
5
163
76
5
164
2
5
76
160
4
7
4
4
6
122
110
117
40
4
3
120
130
6
5
138
31
102
143
4
4
142
134
143
4
1
3
1
5
0
114
48
77
127
34
124
43
33
46
51
80
81
119
37
81
38
102
53
121
47
129
47
121
84
83
80
121
47
41
118
113
118
121
45
84
28
119
112
123
128
135
75
135
49
76
52
63
59
0
162
95
166
176
64
182
53
177
66
64
185
183
181
162
117
73
178
49
183
66
185
171
180
205
114
197
233
203
209
235
235
195
190
178
219
69
161
224
227
159
179
188
235
54
216
0
205
104
0
156
106
76
127
62
158
41
63
43
70
158
96
132
32
96
48
148
51
99
57
144
66
100
156
93
100
161
67
51
158
160
105
115
62
140
58
110
121
156
147
105
157
117
46
80
0
71
107
48
132
75
128
129
22
68
19
46
36
40
140
156
80
45
151
46
150
24
152
40
155
42
146
87
134
147
139
34
51
147
151
152
150
37
135
50
131
119
100
157
164
159
141
45
82
0
81
92
0
139
86
57
99
27
103
17
71
71
32
97
94
67
77
101
30
137
76
97
20
142
29
146
145
160
156
149
62
60
102
153
80
109
64
126
51
113
125
104
79
130
112
119
43
75
22
76
64
18
84
50
30
84
43
40
47
47
37
48
56
84
32
54
49
39
55
40
72
41
71
43
56
33
79
48
48
27
37
62
82
82
78
55
46
15
72
53
20
82
79
40
88
26
14
22
31
20
17
89
36
86
55
43
109
33
27
51
43
81
100
31
34
94
30
88
28
89
26
89
31
88
86
40
91
104
35
45
105
94
100
102
40
88
12
72
97
62
94
93
97
85
41
56
0
51
50
0
142
61
141
144
32
201
13
33
38
35
142
157
144
157
93
32
141
173
207
186
138
190
154
88
163
219
163
172
175
218
160
163
234
42
219
11
141
87
140
144
191
233
236
35
81
172
80
77
162
131
35
60
119
89
122
61
87
73
81
47
127
43
81
57
13
122
10
54
19
58
57
139
56
47
62
52
19
29
59
54
58
97
16
53
98
43
46
87
95
51
153
134
62
34
14
34
34
0
