321
144
313
328
154
328
118
165
168
166
311
343
149
160
333
146
336
156
337
164
334
157
270
160
280
267
277
145
132
274
266
275
260
149
252
129
166
240
257
248
249
261
257
154
168
153
174
178
151
102
16
104
110
11
103
76
8
77
82
115
129
25
113
127
100
134
16
134
11
19
121
132
22
31
132
16
105
99
130
24
140
23
89
54
71
19
79
97
103
103
12
103
88
10
9
9
9
0
126
61
143
149
38
136
33
35
34
36
147
140
110
39
31
36
151
37
148
34
148
31
132
106
35
151
35
40
37
151
145
140
151
52
39
47
149
42
120
169
47
47
43
50
37
35
121
124
31
126
63
227
144
60
113
70
120
116
125
237
104
89
3
112
2
123
7
98
4
107
9
94
106
110
96
119
2
6
132
130
109
112
9
103
2
102
127
106
97
91
126
105
1
92
0
81
76
2
69
25
69
73
20
73
7
8
9
16
78
69
58
7
54
15
72
16
73
11
69
9
64
48
47
58
62
13
12
65
63
60
66
5
51
14
56
45
56
59
54
58
52
11
39
0
42
42
10
49
31
30
44
3
50
2
2
14
3
47
39
45
2
32
3
40
19
42
25
40
3
41
33
51
44
48
5
2
43
49
49
48
28
46
20
55
29
52
49
50
54
47
6
35
27
54
49
0
0
6
1
1
2
5
1
6
7
1
0
17
5
0
15
1
1
18
22
1
1
1
1
1
12
10
9
3
0
1
13
14
1
1
34
5
26
36
1
2
34
36
36
1
0
1
0
0
0
28
15
24
28
8
28
7
4
7
8
22
21
28
3
20
8
22
10
33
12
35
10
23
25
20
18
26
11
6
22
23
23
21
2
22
3
24
21
25
23
24
22
23
4
24
12
20
21
0
62
34
64
58
5
66
5
143
6
7
162
74
63
70
56
6
68
8
67
9
66
151
66
178
54
174
186
127
161
186
179
72
75
138
178
9
62
151
181
63
65
69
175
11
165
0
166
61
0
49
42
31
54
18
47
9
16
14
20
56
41
48
14
50
18
52
19
46
23
52
21
44
55
40
39
55
18
20
54
52
43
51
12
49
18
43
38
50
52
46
53
43
15
35
0
32
45
14
66
19
68
71
6
59
6
14
9
14
70
71
62
12
68
13
72
11
73
12
66
12
71
58
65
78
74
16
17
75
72
68
73
14
70
13
65
67
62
72
76
71
75
9
52
0
54
57
0
144
52
107
137
21
100
19
23
19
20
144
134
115
25
131
15
136
28
134
12
140
12
147
149
142
156
149
24
24
133
150
114
132
25
145
23
143
130
135
133
137
135
132
16
115
3
118
112
3
35
11
8
38
32
8
14
12
28
33
15
39
25
32
15
9
17
30
45
12
39
15
15
13
33
15
13
16
11
33
32
34
29
38
14
11
42
31
11
41
36
14
44
12
8
10
12
4
4
60
12
24
18
33
54
10
35
33
35
25
46
32
7
49
11
53
30
25
26
45
28
61
26
25
58
62
12
43
59
63
67
59
43
25
12
23
70
56
24
66
70
26
50
15
0
12
10
0
79
24
79
82
48
140
29
46
48
47
83
57
72
134
39
39
75
151
157
154
78
152
81
31
87
150
78
146
151
149
79
82
147
42
151
17
84
55
75
77
137
153
145
46
24
135
23
21
130
67
5
13
62
58
60
49
54
55
59
10
60
11
53
15
6
74
3
13
6
16
56
65
12
13
14
10
1
6
12
10
15
47
1
12
56
10
11
26
62
13
63
67
48
14
3
11
10
0
