272
127
290
295
169
267
102
174
176
173
289
255
155
169
255
130
266
167
254
169
256
159
248
139
236
245
256
149
128
230
235
249
246
160
236
123
136
250
246
236
244
249
256
155
128
143
129
145
133
153
34
167
170
53
168
141
19
122
150
172
169
59
150
186
131
176
61
183
38
57
155
152
50
52
172
31
149
111
161
58
157
63
135
81
118
56
139
165
174
168
38
164
132
23
24
28
22
0
164
77
184
180
77
191
58
51
47
49
182
183
114
60
54
61
160
60
190
77
179
43
147
97
65
148
61
61
46
169
161
160
150
43
55
68
149
62
126
162
68
65
61
36
40
43
126
125
38
185
83
231
192
41
94
27
71
74
73
242
160
131
5
163
2
162
1
115
0
165
2
143
151
146
138
166
7
4
162
166
157
155
0
149
1
144
163
146
122
129
157
139
0
113
0
109
114
1
41
22
42
44
7
45
23
17
30
5
45
37
52
1
30
1
32
2
39
29
33
30
30
30
54
57
36
27
3
39
36
34
39
3
50
23
28
27
30
32
29
33
30
28
21
0
24
26
24
75
55
39
62
0
69
1
1
27
1
69
66
67
0
45
0
56
36
64
33
62
0
52
45
68
61
58
0
0
56
71
53
56
38
59
38
76
43
73
60
64
81
65
4
49
37
75
77
0
0
6
1
1
2
7
1
7
7
0
1
14
2
0
15
1
1
5
13
0
1
1
1
0
10
7
9
7
0
0
9
12
1
0
7
0
6
8
0
1
8
11
7
0
1
0
1
1
0
35
24
42
39
3
45
4
4
4
3
29
38
41
3
37
3
34
5
49
4
47
3
37
40
41
37
40
5
2
38
40
39
41
6
38
1
33
40
47
47
43
35
44
6
38
6
35
42
0
89
48
90
88
23
84
20
114
18
19
110
97
92
93
60
23
97
17
99
26
93
126
95
134
64
130
138
121
137
135
147
99
103
104
123
33
89
129
133
100
106
111
140
34
121
0
131
72
0
98
66
45
86
37
105
22
36
27
40
105
67
91
32
80
36
104
39
68
50
107
53
77
92
66
73
94
46
34
99
110
75
77
31
89
26
66
68
99
98
70
99
71
33
49
0
44
63
31
82
41
87
119
25
60
16
6
35
7
77
102
75
35
112
6
112
21
107
31
97
36
100
76
75
90
99
32
3
95
87
101
93
26
75
3
93
75
93
99
98
105
103
5
60
0
61
62
0
97
36
51
57
10
55
5
57
38
10
59
64
48
37
55
5
89
41
60
6
99
7
102
90
104
106
98
38
40
59
88
55
64
42
85
32
70
77
64
50
73
64
72
10
45
10
49
44
6
42
22
9
41
35
12
24
23
25
35
26
38
24
32
30
25
24
24
44
25
45
27
30
27
44
27
28
13
20
41
35
39
36
33
26
6
39
39
17
48
44
17
47
21
11
15
13
11
16
56
15
56
36
20
58
23
12
19
16
55
69
38
24
62
24
63
23
54
14
65
14
63
59
45
56
65
27
21
62
61
58
60
24
58
11
51
65
58
59
65
70
63
23
31
0
31
31
0
78
28
72
73
33
115
11
32
37
36
81
61
85
104
46
34
79
109
123
120
85
124
76
43
80
124
82
108
118
125
79
81
123
29
117
15
78
41
82
79
109
114
124
31
23
108
18
21
92
68
5
6
70
66
73
57
69
65
63
3
68
17
64
6
0
66
0
6
1
4
65
74
6
8
7
5
2
3
5
5
5
70
1
5
74
4
8
10
73
4
80
75
81
7
1
4
4
0
