161
80
156
165
106
160
77
108
110
108
167
175
89
113
179
103
173
118
170
111
181
114
171
96
170
180
171
110
89
158
182
176
171
119
167
83
75
177
173
170
175
171
177
111
78
94
84
80
92
116
27
124
117
22
116
91
17
60
94
115
124
28
93
126
77
133
29
124
25
34
100
105
28
36
120
24
85
72
111
31
111
30
89
91
64
24
75
115
117
116
20
117
84
20
15
18
19
0
115
45
122
129
50
132
50
51
49
46
129
107
62
52
41
46
115
49
117
54
124
45
102
75
45
116
48
51
37
111
118
114
111
34
47
53
102
54
71
108
46
51
51
27
42
34
91
83
35
114
45
177
118
39
80
24
55
61
64
190
114
97
2
109
1
133
12
101
6
116
15
107
102
112
93
122
2
9
124
117
107
111
6
107
1
100
109
108
98
90
120
106
0
83
0
82
81
1
17
8
29
23
8
24
15
9
18
6
23
27
22
12
23
17
26
16
28
14
27
18
20
9
20
27
20
16
10
28
22
23
25
18
29
16
26
25
32
34
39
38
31
18
7
0
11
9
17
64
41
36
57
4
61
4
6
25
6
59
58
60
5
46
8
67
25
62
26
61
7
67
48
77
63
70
7
2
68
67
69
57
26
63
23
72
48
64
68
64
74
68
8
52
23
58
63
0
0
18
0
0
4
14
0
12
17
0
1
29
9
0
34
0
0
15
32
0
0
0
0
0
27
26
25
12
0
0
34
34
0
0
41
7
25
42
0
0
39
38
35
0
0
0
0
0
0
47
22
38
48
6
46
10
7
8
9
40
39
44
6
30
6
34
8
45
8
44
5
44
35
31
29
41
11
9
53
48
47
50
8
36
6
41
43
45
51
43
29
48
11
29
5
23
25
0
78
35
73
82
24
75
22
79
25
30
99
80
77
55
49
26
73
20
78
25
80
94
80
110
43
98
107
89
101
120
115
81
72
82
105
24
53
113
104
58
78
68
118
17
106
0
104
45
0
69
50
38
61
25
71
18
28
18
31
76
46
82
18
63
30
73
40
46
37
81
35
54
82
39
41
82
41
40
88
75
51
51
45
52
24
73
43
88
81
46
84
51
44
38
0
32
47
24
44
27
52
70
19
47
18
9
37
9
52
71
49
24
77
10
64
19
67
21
65
30
76
50
49
69
85
26
9
81
81
85
82
36
46
10
79
44
68
80
90
83
83
12
36
0
35
38
0
72
50
36
67
20
60
10
19
19
20
62
64
53
23
66
17
76
23
62
13
72
21
71
74
75
78
80
27
20
64
89
51
67
26
77
23
61
72
71
53
71
67
70
19
53
9
52
50
5
42
19
11
52
33
15
18
17
29
35
27
30
18
17
23
17
24
18
34
20
33
20
20
25
34
17
16
13
18
33
37
29
34
20
17
11
31
26
12
31
32
20
39
11
8
7
13
10
5
40
5
37
33
5
44
15
6
6
6
37
48
24
11
48
5
45
8
42
5
41
7
39
43
32
43
42
11
14
36
46
35
46
16
39
6
45
47
36
48
47
52
42
15
34
0
35
33
0
58
35
68
59
10
98
5
12
10
10
66
67
61
74
50
7
64
88
98
95
62
91
61
39
62
108
65
93
93
116
69
65
123
22
115
11
76
54
79
77
99
114
115
15
39
84
30
42
82
52
4
14
50
37
47
35
41
48
37
8
47
8
37
12
4
52
4
10
4
15
32
52
12
11
12
16
2
4
11
13
15
54
3
14
37
12
8
26
41
10
45
40
35
11
2
7
8
0
