476
264
516
508
362
526
243
410
396
384
508
483
299
396
466
316
495
383
475
374
496
360
490
291
471
484
462
363
314
450
459
477
484
375
492
316
307
475
505
500
485
495
486
365
290
356
297
304
341
275
67
276
280
72
275
224
58
157
214
275
289
122
219
318
182
318
83
305
73
103
236
283
94
140
299
74
215
182
311
86
302
94
214
188
158
104
236
287
291
295
79
294
232
71
63
78
74
0
322
164
345
334
213
341
82
101
75
87
350
381
265
187
166
181
396
209
410
142
411
105
384
254
207
409
198
209
140
419
417
427
441
123
185
210
350
212
264
397
213
209
214
110
157
153
304
302
155
318
141
469
317
168
181
97
214
239
240
492
252
204
12
277
8
340
14
205
13
265
19
302
253
285
203
327
13
16
334
314
253
306
6
251
9
230
325
269
235
246
309
265
8
168
0
142
170
10
160
76
187
185
41
187
66
33
69
27
188
157
161
22
120
25
178
30
163
67
167
72
152
124
148
156
162
72
29
158
149
158
162
25
162
72
150
128
166
166
145
165
154
89
102
0
93
95
77
172
111
65
129
4
164
4
7
99
7
129
141
193
9
117
14
135
94
153
121
146
15
147
122
194
183
152
19
16
151
194
153
151
117
151
109
203
118
191
146
148
201
148
23
78
118
165
178
0
18
125
15
12
34
103
11
108
116
10
18
166
113
13
180
11
14
123
191
8
17
16
18
16
161
144
166
98
10
10
183
182
17
11
196
53
157
188
16
20
190
202
190
14
11
11
6
16
0
195
70
107
211
73
205
88
69
92
85
121
116
171
50
103
85
153
101
188
91
187
84
165
115
106
117
173
85
78
167
168
173
170
58
112
37
188
139
176
168
170
104
177
64
114
78
103
100
0
158
92
160
175
52
178
42
292
51
59
273
263
175
228
139
46
171
46
168
50
178
285
169
315
128
307
323
274
301
323
334
179
176
282
312
42
166
289
321
146
181
178
332
36
307
0
306
124
0
185
163
109
192
40
192
81
35
88
47
193
164
190
42
153
50
203
65
153
64
218
61
158
201
121
152
199
62
38
202
196
157
173
71
182
102
158
166
204
209
151
209
167
45
108
0
120
162
98
148
75
163
164
20
85
30
86
48
70
172
152
99
29
156
84
149
20
158
35
160
30
151
106
171
167
166
27
75
152
152
156
176
30
175
72
143
156
129
157
153
160
170
83
86
0
88
103
0
233
157
125
195
27
165
23
74
73
34
202
199
163
82
203
40
253
78
199
28
257
37
275
265
278
264
260
82
66
197
264
177
187
72
238
54
215
233
209
160
207
216
229
41
153
25
142
148
22
124
78
53
138
82
62
89
96
76
90
96
120
70
69
102
86
89
50
126
84
109
85
90
76
129
81
78
35
71
97
126
121
110
103
76
27
121
102
44
128
119
57
121
42
21
44
47
26
42
108
38
98
66
60
126
60
49
65
66
112
124
48
55
130
41
113
64
100
44
122
61
127
98
61
120
134
56
66
136
128
126
127
81
108
28
72
142
92
107
134
134
104
81
53
0
49
50
0
198
92
221
211
63
273
24
65
63
59
217
220
209
217
127
76
213
275
291
294
222
281
225
116
231
317
227
265
286
315
238
244
326
59
299
30
211
137
220
215
269
304
315
49
110
264
103
103
245
158
38
84
184
91
176
51
81
87
88
70
202
88
113
103
26
211
13
91
30
103
75
223
86
81
94
99
28
73
109
101
96
154
23
88
139
87
94
148
147
86
225
206
97
69
14
65
60
0
