518
237
519
503
354
521
230
388
372
374
510
494
317
358
502
302
505
358
497
346
506
350
473
290
493
478
483
330
290
471
481
487
473
333
492
297
325
482
509
507
502
516
499
335
334
314
324
324
310
320
88
326
326
86
337
239
61
162
234
316
337
125
238
359
185
334
95
347
78
128
244
305
110
135
331
93
239
199
325
104
329
119
216
226
155
108
209
316
337
317
95
320
219
77
69
81
83
0
322
169
342
343
160
362
108
103
104
109
373
408
262
146
129
146
391
150
412
155
415
129
398
251
156
422
166
155
157
391
419
416
431
107
155
171
349
166
231
369
163
174
163
84
143
132
289
295
129
304
140
441
299
124
210
114
198
205
190
477
264
223
11
264
6
274
11
237
12
265
14
246
265
288
240
328
9
19
305
303
265
297
27
274
5
252
324
272
261
291
329
278
4
198
0
170
181
3
162
86
184
192
62
182
78
43
83
51
188
194
137
46
155
66
193
80
197
71
196
80
186
139
145
143
184
79
78
178
210
199
192
81
154
66
161
159
203
188
198
195
193
79
81
0
75
83
67
168
174
75
195
33
147
26
34
75
35
202
190
175
28
152
26
174
91
193
92
186
36
214
143
169
181
203
39
36
219
189
211
217
94
203
87
183
150
172
201
207
187
203
42
86
93
154
151
0
8
132
9
11
36
109
6
97
124
5
13
152
77
5
166
4
4
88
164
5
8
8
11
7
167
144
169
73
4
6
197
204
7
6
215
43
137
211
9
8
207
210
209
6
5
6
2
6
0
189
94
152
210
43
209
69
46
66
71
155
159
210
57
143
55
172
75
224
76
224
65
176
158
162
144
202
73
52
200
195
212
206
56
168
35
184
164
194
205
198
149
199
60
141
80
130
135
0
221
122
211
227
73
245
59
246
71
69
304
284
250
214
191
80
256
71
267
86
244
266
245
329
187
325
356
250
274
334
351
252
264
266
344
87
237
313
341
225
259
277
370
71
327
0
341
162
0
233
161
130
238
99
249
40
87
72
90
241
182
231
75
196
96
245
121
162
112
247
125
182
237
171
150
256
107
103
265
253
172
180
98
221
86
205
175
242
238
166
242
189
89
118
0
116
156
84
190
90
214
227
60
129
42
69
91
54
211
228
158
79
241
82
237
41
250
71
240
82
230
184
196
237
232
79
77
248
250
260
239
84
204
75
244
210
201
230
236
235
259
76
142
0
138
144
0
219
168
124
241
77
173
54
86
58
73
225
226
189
78
220
70
233
75
220
51
257
66
236
211
234
242
256
75
79
210
228
171
197
74
218
53
206
206
218
159
208
219
194
65
143
16
127
133
20
151
68
43
151
89
47
58
59
79
101
76
126
66
81
61
57
77
61
125
55
136
55
72
74
109
71
74
54
48
88
118
113
124
81
70
32
136
96
51
130
133
55
126
38
36
40
58
37
28
147
56
127
92
57
174
63
45
60
61
149
155
105
49
149
63
153
60
145
41
144
54
157
143
112
174
144
65
60
161
157
161
174
74
136
36
132
173
140
158
170
184
162
80
89
0
95
92
0
220
114
233
238
81
290
33
81
75
75
230
213
238
226
161
85
249
260
327
268
269
286
239
158
259
329
245
268
278
340
254
251
336
98
314
47
240
161
235
235
276
324
301
91
106
242
116
117
228
203
45
87
194
144
199
105
131
118
133
60
204
70
148
83
21
204
10
73
25
89
103
240
88
69
102
83
29
58
80
96
85
183
17
91
148
72
90
115
187
94
233
209
126
57
16
67
69
0
