189
85
204
191
101
191
72
103
103
103
204
193
90
105
187
78
185
107
188
105
187
98
194
97
186
189
190
98
97
182
197
191
201
105
166
89
102
173
166
164
180
177
180
95
91
79
95
97
88
88
26
98
100
20
102
77
17
53
73
88
102
42
80
104
76
109
17
103
21
34
81
121
37
45
133
21
96
78
130
36
137
37
110
77
94
47
114
141
141
133
26
147
113
16
10
20
23
0
110
38
112
126
58
115
46
49
45
51
127
110
68
44
38
39
108
47
109
39
130
34
124
80
45
119
47
47
43
118
115
128
126
37
42
49
89
46
84
112
48
47
48
33
28
30
73
82
22
110
52
157
117
36
63
24
54
50
50
164
96
82
0
100
3
117
4
75
5
99
6
95
93
105
83
108
2
3
108
118
104
101
7
102
3
88
124
103
79
87
112
94
2
69
0
71
71
0
66
28
72
69
20
74
17
13
26
11
76
74
64
19
54
16
78
20
76
19
74
24
71
60
59
63
77
23
21
76
79
72
82
16
70
21
75
65
68
75
77
80
79
28
39
0
41
36
23
47
50
27
62
10
48
8
9
18
10
63
54
57
5
46
6
53
18
56
23
56
5
53
41
53
51
59
4
2
53
54
53
56
22
53
20
56
49
53
55
55
52
53
3
36
21
49
58
0
3
39
2
3
7
39
1
30
40
1
2
43
31
2
47
0
4
28
50
0
3
2
4
2
48
47
49
18
1
1
47
42
2
1
40
14
35
52
3
3
46
45
44
1
1
2
1
2
0
51
19
36
53
18
54
13
11
12
14
32
33
51
13
35
17
42
19
50
18
53
16
57
36
36
37
51
21
25
48
54
51
61
20
36
12
55
47
53
60
55
40
56
17
39
25
32
27
0
74
46
68
83
19
83
12
66
18
19
92
77
84
61
67
20
78
16
81
19
78
80
80
105
50
100
117
80
83
114
111
72
74
76
101
22
76
103
108
60
77
73
101
15
95
0
91
48
0
68
49
38
53
22
72
14
21
21
18
70
55
66
17
55
15
64
17
56
18
71
22
54
67
51
52
79
23
16
66
60
54
61
22
71
29
44
57
67
67
54
67
56
17
38
0
35
58
29
58
31
63
72
13
46
17
17
22
15
69
67
42
27
70
22
68
17
68
21
79
23
83
56
63
83
84
25
15
82
83
83
78
21
73
16
79
62
69
83
83
79
85
16
46
0
42
48
0
60
52
34
65
28
41
26
26
23
28
67
71
48
24
73
30
66
24
70
22
66
28
68
61
70
63
65
28
22
65
77
41
65
16
66
18
60
56
57
39
64
58
59
23
34
5
37
35
6
41
25
7
42
32
9
20
22
30
29
24
40
10
36
25
19
22
26
45
23
38
19
23
14
42
30
23
11
17
31
48
43
40
30
19
4
40
25
15
40
33
21
39
20
7
9
17
10
8
36
13
38
14
26
42
17
24
32
29
27
45
16
15
45
16
43
25
32
19
51
26
49
29
19
48
46
14
32
62
49
49
46
22
34
9
30
56
34
34
48
48
31
28
12
0
14
13
0
61
24
64
59
27
81
16
23
23
21
65
54
56
59
32
23
58
62
80
65
57
66
63
26
67
76
62
59
74
79
69
69
83
34
84
15
76
51
76
71
71
89
80
31
29
61
23
26
61
68
4
23
59
41
68
37
46
50
48
12
59
19
45
21
7
67
5
25
10
27
41
76
18
21
30
28
12
16
28
27
30
65
6
21
58
25
23
26
66
17
70
74
51
10
6
16
11
0
