343
136
341
355
182
354
115
213
205
204
357
324
163
191
313
142
321
187
314
198
322
178
333
156
337
339
343
180
148
322
331
337
334
184
315
140
175
338
338
334
330
336
333
188
144
143
147
149
149
217
26
220
217
57
221
189
26
152
191
217
184
75
159
183
128
194
57
187
32
55
163
171
54
73
177
28
148
124
173
52
175
48
119
81
104
49
119
154
146
144
28
150
122
31
27
26
31
0
167
76
192
185
82
202
42
49
47
50
193
187
120
80
63
71
199
78
204
57
194
46
177
120
80
183
81
79
49
196
193
186
195
54
73
82
155
77
131
171
75
80
79
45
64
63
137
141
64
174
79
250
185
65
95
38
85
86
84
260
160
137
3
161
3
162
2
125
3
172
4
153
151
177
151
182
4
5
180
180
151
155
5
174
2
156
195
166
141
154
192
177
2
134
0
126
126
2
78
42
90
95
15
92
30
22
29
11
91
81
98
8
83
13
88
13
93
25
82
38
93
68
90
89
81
35
10
90
86
85
86
15
92
31
89
76
88
90
89
88
90
32
63
0
62
69
27
67
56
44
72
7
77
7
8
35
9
68
73
76
6
63
6
65
39
78
36
73
8
63
49
80
86
66
9
10
70
90
68
71
43
75
40
82
59
89
81
78
87
77
9
44
44
89
83
0
3
53
4
1
9
43
4
45
44
3
1
69
29
3
71
2
3
44
64
3
3
3
3
3
68
57
77
43
2
3
80
78
4
1
74
35
55
77
3
3
73
75
76
3
4
3
1
1
0
83
37
68
96
25
98
23
14
21
28
69
70
94
20
61
23
74
24
87
28
93
21
92
66
54
64
82
32
32
81
92
90
89
31
69
18
96
69
93
91
88
64
100
32
67
28
51
55
0
113
59
120
122
38
131
30
123
41
37
141
121
122
97
89
44
121
37
131
41
135
126
121
163
96
161
170
121
139
165
174
122
121
131
159
42
109
151
166
119
123
132
169
30
164
0
162
77
0
112
85
61
107
32
129
30
25
39
33
123
82
111
28
97
38
106
42
76
39
121
42
84
125
82
74
111
47
41
116
120
82
83
45
97
39
90
82
121
112
79
118
86
41
65
0
59
80
35
98
61
107
134
25
77
39
31
47
26
117
132
82
31
135
27
136
26
136
37
136
35
129
87
109
131
132
32
30
133
139
129
140
42
112
33
133
106
114
140
164
159
154
31
88
0
83
90
0
94
58
58
99
33
73
28
29
31
35
89
84
68
40
92
22
89
42
88
19
100
21
101
88
105
107
117
34
30
76
118
66
77
32
92
24
89
85
99
66
90
95
81
31
56
10
56
56
10
70
32
24
68
47
26
33
36
41
51
46
60
31
53
46
31
42
36
69
33
61
38
35
39
68
36
32
19
27
52
76
64
76
51
31
11
65
55
25
66
60
27
73
22
11
14
22
13
13
84
37
60
44
39
100
20
39
50
48
61
76
39
23
91
23
81
38
64
28
78
40
95
55
42
91
84
19
43
86
92
86
90
46
55
14
54
89
71
64
97
105
73
51
38
0
36
41
0
107
52
123
119
47
146
28
48
47
39
130
109
100
111
76
34
116
132
152
135
117
139
125
62
113
151
121
120
136
158
128
123
167
51
160
24
131
100
128
130
156
178
169
46
61
126
61
63
114
110
21
29
111
79
107
70
80
82
80
27
114
33
86
35
12
117
8
34
13
37
89
111
30
30
38
38
15
18
33
37
33
93
5
38
98
25
33
46
111
33
136
126
85
21
10
27
26
0
