192
93
208
198
156
204
116
155
164
157
209
219
129
155
219
137
224
151
238
152
227
155
225
134
218
220
213
146
127
213
219
223
224
147
216
129
127
228
234
220
227
234
229
152
129
131
129
128
142
151
34
153
161
25
160
126
25
94
127
169
156
56
131
171
107
163
27
164
29
41
133
148
50
60
156
33
131
95
165
51
167
58
115
113
92
52
129
164
160
165
34
160
128
28
26
30
31
0
163
69
188
182
78
177
67
58
53
74
181
163
111
73
55
57
170
67
189
61
183
49
155
100
64
156
59
66
43
155
162
157
160
34
61
63
140
59
105
141
57
66
58
31
53
51
122
123
47
167
71
226
195
45
94
39
64
74
69
229
142
114
0
139
0
158
14
108
6
139
16
145
136
149
117
179
1
7
163
175
138
163
12
145
0
133
159
136
137
140
171
147
0
112
0
101
115
0
55
20
54
55
18
67
31
13
35
14
59
54
61
7
45
9
56
16
53
31
59
25
45
39
57
58
56
29
15
50
53
45
56
16
62
23
60
40
62
51
61
64
62
27
33
0
28
34
26
70
75
41
88
9
82
8
9
35
8
87
73
81
3
56
5
78
40
83
41
81
7
83
58
83
86
93
12
8
91
101
80
88
40
84
35
90
64
85
90
92
92
84
8
57
38
87
84
0
1
18
0
1
4
14
1
10
13
0
1
30
6
1
33
1
0
13
31
1
1
1
1
0
47
26
43
31
1
1
51
54
1
1
58
14
50
58
1
1
56
59
64
1
1
1
0
1
0
66
38
63
82
8
80
8
9
10
11
58
58
72
8
59
8
62
7
79
8
82
11
84
61
69
71
80
12
17
91
84
86
84
18
69
18
97
78
107
108
108
64
108
23
60
12
51
57
0
136
77
130
144
54
147
51
112
58
60
137
125
132
97
86
47
134
37
132
50
139
124
126
148
92
137
165
111
132
163
154
125
132
122
151
25
99
127
144
104
123
122
141
28
136
0
139
83
0
111
77
50
105
45
108
25
40
36
43
111
64
121
26
103
48
120
52
61
59
119
50
76
99
60
58
105
52
40
108
105
73
68
33
83
39
87
68
96
94
75
101
79
35
63
0
60
76
42
61
36
75
100
33
82
37
11
45
10
73
115
73
60
118
11
128
40
120
65
127
65
115
85
74
138
130
60
11
133
130
137
136
68
59
8
110
64
95
132
135
137
136
10
50
0
55
55
0
96
57
51
83
32
57
27
48
41
35
77
73
54
44
73
31
97
42
86
29
94
32
100
94
104
103
100
43
43
79
103
66
87
39
99
31
87
88
84
68
74
71
83
22
53
10
52
45
3
53
28
23
56
36
19
27
29
30
38
34
55
29
32
38
28
37
26
46
23
42
22
36
34
47
35
32
21
22
35
48
43
52
34
33
18
57
45
28
53
50
25
44
15
14
13
17
11
18
71
19
66
49
23
84
18
17
21
28
72
85
55
26
75
15
77
18
64
14
76
23
70
70
61
72
82
18
22
76
82
87
77
22
71
15
62
89
74
71
83
72
74
24
43
0
45
42
0
95
33
98
102
21
141
4
17
17
16
103
101
107
109
85
22
102
108
151
123
99
123
101
87
105
169
109
117
121
158
123
114
160
23
179
11
118
93
114
113
156
172
169
26
66
109
63
66
111
54
6
11
54
49
61
48
54
53
54
8
70
22
55
11
7
65
5
12
6
11
48
64
12
13
12
14
6
18
14
11
13
57
5
10
61
10
12
29
51
14
73
78
56
7
4
6
4
0
