170
79
168
169
97
157
58
98
102
100
170
166
102
102
166
99
152
103
160
103
152
93
170
98
158
166
152
94
85
168
162
160
156
92
177
73
86
175
177
173
175
167
173
103
103
84
102
102
93
110
23
111
113
22
116
89
17
78
81
117
106
40
88
117
85
116
23
125
19
32
97
130
33
51
138
23
104
85
137
30
141
37
96
59
71
28
95
120
118
123
24
123
94
28
19
27
25
0
109
41
120
115
37
123
46
43
46
50
122
125
83
36
35
33
130
31
133
53
129
53
115
66
38
126
36
36
49
122
125
127
122
41
34
36
95
36
91
121
37
38
35
34
33
31
80
79
34
117
45
172
118
50
77
31
70
72
74
175
103
88
1
105
1
115
3
88
2
103
5
86
99
106
78
112
1
12
121
118
95
90
10
109
2
91
118
105
92
101
126
109
1
86
0
75
89
1
50
30
60
53
11
62
27
20
28
8
58
59
65
6
47
6
49
9
55
33
52
36
66
44
59
59
68
33
15
72
63
65
71
17
65
21
70
50
69
72
74
74
69
25
36
0
37
41
27
62
64
36
90
22
60
11
23
14
18
76
70
61
9
44
8
67
20
72
22
73
14
70
43
58
54
73
18
10
70
63
66
71
22
76
20
65
41
62
72
76
64
75
20
39
22
59
55
0
1
30
3
2
7
22
3
14
23
1
2
32
11
3
42
1
3
17
45
2
2
1
3
1
22
27
23
5
3
2
32
30
2
0
32
8
17
28
2
4
33
34
32
1
2
2
0
3
0
61
29
44
57
11
57
16
8
15
15
40
49
62
11
45
18
43
19
61
21
63
24
64
43
43
40
61
12
23
61
64
68
66
20
50
12
58
53
67
71
71
46
78
23
48
16
41
42
0
77
31
66
72
26
78
23
80
26
25
92
78
79
46
49
31
80
27
79
29
83
75
76
106
44
99
106
73
88
112
109
76
78
69
112
28
58
89
113
67
83
84
107
23
106
0
102
49
0
69
40
39
63
35
79
13
33
30
39
73
45
68
11
60
24
65
33
46
27
68
30
52
84
56
41
80
42
41
83
84
50
56
46
55
32
73
56
84
80
49
87
56
42
30
0
33
54
28
57
27
69
80
15
62
16
13
33
15
69
87
51
30
79
16
88
15
98
30
87
29
93
60
64
89
95
35
14
92
87
92
95
28
67
11
87
72
80
99
95
100
104
16
58
0
59
60
0
78
60
50
72
19
56
18
18
21
23
87
78
58
19
69
20
80
23
67
7
80
15
83
82
83
85
75
18
19
74
78
63
80
19
79
15
72
78
81
65
67
69
69
19
58
6
55
56
5
47
31
13
55
19
26
19
18
13
27
40
44
28
15
37
14
38
10
37
20
37
19
33
28
47
28
33
13
16
30
47
42
39
22
25
8
53
46
25
45
44
26
53
14
15
9
20
13
9
54
12
48
33
22
55
24
11
24
22
52
63
43
21
60
19
57
19
41
11
60
21
77
55
46
75
76
21
28
78
74
78
74
30
56
11
46
77
56
58
71
72
58
33
29
0
30
30
0
75
27
72
74
26
79
15
28
28
31
70
62
72
77
61
32
78
73
96
84
83
87
77
47
80
100
80
82
88
96
76
74
104
38
103
17
82
61
92
84
93
106
100
31
33
89
30
31
81
69
12
20
62
46
68
40
47
51
42
17
65
24
49
19
4
64
3
19
7
23
41
79
22
18
17
24
5
9
22
22
26
60
5
25
50
21
20
31
56
26
73
71
45
12
0
15
18
0
