242
126
227
246
154
235
118
152
164
158
237
254
153
159
251
132
261
162
253
160
257
155
264
141
267
256
267
147
126
268
253
266
253
147
266
130
151
266
269
272
264
286
267
154
142
146
153
142
134
160
32
178
188
29
174
122
23
93
129
194
169
56
128
177
111
169
35
176
23
57
131
174
42
78
176
36
129
109
181
47
187
47
133
107
115
56
144
196
182
182
43
178
146
37
22
37
38
0
181
88
196
204
76
213
94
93
76
97
219
199
112
78
57
59
206
69
209
96
218
81
164
108
73
179
66
65
57
169
181
177
174
53
58
73
147
70
125
168
78
74
71
50
56
54
134
131
52
174
68
243
180
75
102
46
97
95
106
242
156
113
0
162
1
174
7
112
13
154
20
133
141
153
112
168
1
9
173
165
129
139
7
144
1
135
158
143
128
118
169
145
1
115
0
109
120
1
96
37
100
102
25
88
27
15
26
16
95
103
70
23
69
22
105
38
103
27
109
29
91
65
68
80
98
22
31
99
96
90
96
24
78
26
102
89
99
99
101
99
101
23
40
0
42
48
21
83
78
58
96
14
85
14
12
28
15
110
99
99
9
80
12
93
34
104
31
102
13
109
75
108
99
105
15
13
105
105
96
103
33
101
32
102
76
97
111
113
102
112
21
64
27
85
86
0
6
48
6
5
12
30
4
28
32
3
5
51
27
5
58
4
5
30
56
3
3
5
5
6
60
46
51
27
5
5
59
60
6
3
64
12
41
59
5
6
57
63
68
3
4
3
1
3
0
84
43
65
90
34
89
36
24
39
37
68
75
90
20
65
28
87
40
104
42
97
41
91
68
65
54
97
44
45
100
97
103
97
43
65
17
98
72
106
99
105
63
107
55
65
44
67
59
0
103
48
96
109
32
105
27
118
34
37
136
106
110
84
66
31
108
27
105
26
112
130
99
149
75
144
163
128
146
165
157
100
98
124
142
26
104
132
140
87
103
103
140
25
140
0
142
66
0
92
65
48
83
28
82
28
28
31
28
93
76
78
17
74
24
86
25
73
30
81
29
69
91
67
72
98
30
33
98
91
65
72
50
94
40
85
78
106
100
76
109
79
39
60
0
57
77
38
70
27
86
75
12
46
17
35
27
40
86
69
45
32
80
37
68
26
73
31
74
30
76
62
81
85
84
35
36
81
85
86
85
32
78
35
65
79
76
74
85
87
82
36
42
0
40
39
0
119
59
67
101
23
85
16
37
30
17
100
100
76
36
97
11
115
35
89
11
114
18
117
106
127
119
126
31
28
93
114
89
101
34
124
24
102
113
102
81
100
98
109
19
77
6
79
68
8
58
40
16
59
32
26
37
39
33
38
46
50
27
36
42
33
42
40
60
31
59
30
40
35
53
34
38
15
24
43
59
51
50
37
32
16
62
57
28
58
67
30
62
17
16
16
24
21
14
57
17
45
34
27
63
25
19
26
28
48
65
40
13
65
18
64
38
41
19
70
36
65
46
33
78
59
17
43
65
76
70
72
38
38
9
34
74
47
45
77
82
47
50
31
0
22
26
0
84
35
89
89
31
125
22
33
37
30
99
104
92
104
58
30
95
126
159
138
97
133
95
61
96
155
90
121
120
153
95
101
153
30
146
7
97
60
105
96
132
148
150
24
56
119
54
61
114
84
23
49
78
35
82
24
35
39
34
33
82
30
35
44
5
81
8
43
9
47
31
96
46
46
52
45
8
13
48
46
46
69
3
51
50
39
45
65
85
52
98
105
44
38
4
43
41
0
