306
132
300
316
177
314
105
172
176
171
322
322
159
173
312
130
310
173
302
180
311
170
286
144
299
299
302
155
122
273
289
298
291
162
289
127
168
295
304
290
312
303
302
167
159
140
162
164
144
173
31
181
193
36
182
155
22
112
149
184
164
61
156
179
126
179
37
171
23
45
158
162
43
56
175
33
148
139
181
53
177
54
142
80
108
50
147
173
175
167
24
162
135
27
19
27
28
0
170
79
181
192
72
202
61
55
56
56
191
169
123
67
55
65
177
65
194
58
183
41
162
103
67
181
62
71
54
191
183
182
176
54
57
66
165
68
122
180
63
69
68
58
49
50
126
144
46
177
68
236
184
57
102
41
81
88
79
236
155
127
0
167
0
167
3
111
1
160
3
122
143
146
130
160
0
4
167
172
167
143
0
163
0
145
171
162
130
132
161
163
0
124
0
118
119
0
84
37
80
82
13
85
27
22
28
9
76
90
79
12
71
15
86
18
83
29
84
31
77
73
78
85
90
26
13
85
85
84
85
15
83
21
88
82
88
92
86
91
90
22
57
0
57
60
28
72
65
41
76
5
69
1
3
31
4
70
68
77
4
60
9
69
30
73
37
70
8
73
50
82
77
80
11
12
76
82
74
78
38
76
32
85
60
74
86
78
76
81
11
47
35
77
71
0
4
32
5
3
11
28
1
31
31
2
3
57
20
2
56
1
3
42
53
3
4
2
5
4
55
48
53
40
3
3
59
64
4
1
66
15
52
73
2
2
61
70
74
3
1
3
1
2
0
69
33
50
79
29
75
32
25
31
33
51
46
77
21
51
36
60
36
80
38
82
33
80
56
48
62
85
38
38
81
83
83
85
43
48
26
75
77
75
91
85
52
86
45
51
31
40
39
0
134
51
124
141
70
142
53
115
56
58
129
105
118
93
81
39
138
40
131
46
129
104
125
150
81
144
145
100
121
147
153
126
130
120
146
58
123
140
152
117
151
149
145
44
147
0
148
80
0
99
75
52
104
50
106
24
45
29
42
114
64
102
29
86
43
105
46
59
48
109
49
63
103
62
74
95
39
35
110
104
77
80
41
78
27
83
75
100
95
73
107
76
27
63
0
57
69
26
104
48
116
123
11
75
11
42
22
32
107
130
88
20
124
37
127
21
123
25
130
25
128
93
117
131
133
30
34
136
135
133
134
27
117
34
125
111
106
133
127
138
128
40
78
0
68
71
0
89
62
48
89
28
63
23
34
37
30
84
94
68
37
89
35
96
39
91
23
103
28
90
92
93
99
101
28
28
84
94
70
85
25
87
23
87
81
90
72
89
92
81
36
52
8
51
47
10
62
25
13
61
42
14
21
21
38
48
29
41
20
37
24
23
28
35
55
22
42
26
20
28
67
21
26
16
20
59
58
58
63
53
18
15
67
55
14
64
75
22
63
19
6
14
14
6
14
86
25
50
49
36
93
18
27
37
44
69
74
45
21
75
17
80
37
67
24
80
35
83
53
39
80
87
20
38
80
81
76
85
52
59
21
46
93
67
66
98
94
57
53
39
0
34
37
0
123
56
133
137
45
160
25
44
43
45
128
114
118
127
79
41
128
119
156
132
128
128
135
69
147
176
134
111
120
160
142
137
179
49
160
13
133
83
137
140
139
157
167
50
68
114
63
66
109
101
24
43
112
77
111
65
80
88
84
23
115
45
98
47
10
114
4
42
11
38
73
150
49
34
43
45
11
41
47
46
46
105
10
49
104
42
46
69
95
43
132
130
89
36
11
32
35
0
