342
135
377
371
191
383
110
202
194
194
366
345
160
196
364
144
356
195
348
195
350
179
328
163
330
334
328
172
130
315
340
326
332
175
330
145
186
326
335
328
351
336
327
168
142
150
159
160
134
186
32
185
188
56
191
149
26
136
175
197
189
80
157
199
142
198
48
208
38
67
165
202
68
55
215
39
191
164
217
68
212
62
163
87
139
50
156
200
198
191
31
191
162
25
30
29
33
0
188
80
194
202
74
209
61
60
55
55
198
210
147
67
64
64
200
71
214
66
212
49
180
134
68
197
72
72
54
209
199
193
198
50
66
75
179
77
151
194
68
73
77
35
53
45
127
155
51
212
84
275
226
61
110
54
87
88
102
289
176
148
4
196
2
190
2
137
0
192
1
179
176
184
148
198
3
2
220
209
169
194
1
184
2
166
189
172
166
139
194
183
2
126
0
131
128
3
107
38
123
115
17
112
28
9
29
13
117
110
99
13
95
14
109
20
104
28
112
28
100
81
92
106
112
28
11
99
111
105
112
15
110
24
94
86
100
106
98
98
104
27
67
0
76
78
21
71
51
35
60
5
67
3
4
34
3
62
72
85
5
60
8
71
37
81
34
79
9
78
53
79
79
85
7
8
85
89
80
81
42
88
35
89
63
97
87
83
88
89
11
47
32
77
81
0
2
45
2
2
5
38
2
42
39
2
1
60
23
3
63
2
2
41
63
2
2
1
3
2
70
46
70
45
3
2
75
78
3
2
78
26
62
82
1
2
78
77
74
3
2
1
1
1
0
87
41
59
92
28
93
29
20
30
33
58
62
93
24
61
27
75
35
92
33
99
33
85
57
49
66
77
38
26
80
76
74
76
24
59
18
73
64
85
69
75
49
74
26
49
26
46
49
0
97
56
101
107
27
105
20
132
26
28
136
126
107
93
92
32
102
23
114
31
115
136
114
170
89
167
172
132
138
179
166
110
114
142
148
32
104
150
161
97
122
121
166
32
155
0
147
84
0
104
76
60
97
29
111
26
26
34
31
112
81
103
27
90
28
109
29
79
35
113
32
75
103
84
76
106
25
21
96
100
90
82
37
108
38
89
85
112
111
87
118
88
34
68
0
58
75
35
105
56
106
118
19
75
17
35
32
31
117
124
73
31
128
39
121
24
133
33
125
34
115
91
114
129
136
36
34
134
132
131
129
33
118
31
113
106
95
119
143
135
130
38
80
0
74
81
0
124
61
60
83
22
71
20
42
35
26
86
82
71
46
85
15
110
45
78
13
114
13
126
115
134
128
126
40
40
84
117
55
77
38
96
39
91
95
81
63
87
78
97
20
52
17
52
50
15
52
32
19
67
42
27
36
34
35
49
43
48
23
39
41
38
38
34
53
30
45
32
37
30
60
37
36
22
27
56
69
58
65
56
33
16
72
49
20
68
61
34
74
19
13
24
20
15
19
74
23
53
31
47
82
31
41
41
46
60
82
33
28
78
26
89
50
55
42
89
51
80
52
49
82
85
28
43
82
80
79
74
41
54
21
52
97
72
56
96
90
64
53
37
0
36
35
0
111
47
122
113
48
133
24
52
52
50
120
88
114
103
57
43
104
125
151
131
100
137
97
54
114
143
111
117
118
142
107
107
150
48
132
22
113
72
115
111
109
138
142
50
51
113
47
48
102
108
18
36
115
77
114
50
78
75
74
22
107
34
80
38
8
116
1
34
7
37
72
112
37
36
39
36
8
30
41
39
37
97
5
34
94
39
42
68
101
33
124
123
78
33
7
27
25
0
