183
115
186
185
129
187
81
135
145
129
182
188
125
142
191
120
180
132
190
143
183
125
192
111
203
193
193
126
113
188
200
195
184
127
173
120
125
166
178
179
187
179
169
125
131
127
128
129
128
88
26
86
88
20
90
54
17
37
50
89
89
44
58
96
49
94
21
90
14
26
63
99
28
33
105
23
74
56
110
28
108
32
88
83
68
38
83
126
130
114
27
128
95
25
18
22
22
0
124
45
143
138
60
141
57
56
54
62
137
134
86
44
37
39
135
44
145
51
139
50
125
94
46
143
48
47
46
141
132
144
144
36
43
43
97
43
90
113
46
48
52
33
39
32
101
104
36
82
25
164
92
45
77
62
89
104
100
157
65
35
0
60
0
69
2
59
1
62
3
48
66
74
43
76
0
3
80
73
63
63
4
68
0
60
76
57
59
59
72
59
0
41
0
37
45
0
52
25
50
57
13
53
20
21
22
4
51
54
58
8
46
11
63
13
55
18
59
23
64
45
53
51
68
25
22
66
66
64
67
30
59
21
65
33
72
77
82
81
72
24
28
0
31
35
22
77
86
37
98
14
62
10
14
18
15
84
77
77
10
46
8
71
22
88
27
82
13
92
49
78
72
92
16
11
97
76
95
94
27
67
25
76
49
72
75
75
73
75
8
50
27
64
65
0
0
29
0
1
5
19
0
21
23
0
1
44
13
0
44
0
1
24
45
0
1
0
2
0
45
37
40
22
0
1
57
48
1
0
48
12
27
47
1
0
55
54
51
1
1
1
0
1
0
71
30
53
79
20
80
25
18
22
25
53
52
70
23
56
19
55
28
80
28
78
27
69
51
51
52
74
26
30
73
71
82
80
19
60
15
63
59
69
69
73
55
74
24
53
32
42
47
0
74
34
68
75
23
77
21
96
20
19
141
90
58
68
39
21
68
16
72
19
70
105
64
140
38
133
152
98
124
138
139
71
69
101
148
20
70
133
143
56
74
67
144
19
135
0
131
49
0
56
39
32
56
31
60
13
30
27
31
62
36
58
14
56
25
65
29
40
28
77
29
46
63
40
42
61
30
24
68
65
50
47
32
50
28
52
43
70
58
52
68
53
28
23
0
21
46
22
58
35
68
70
13
48
28
23
39
28
63
70
43
28
77
26
81
19
79
32
74
27
73
47
62
78
68
26
22
86
79
71
75
33
63
22
72
70
67
84
84
87
86
23
41
0
40
40
0
93
64
74
100
23
86
22
10
13
30
114
110
80
11
109
32
88
15
108
26
86
32
97
89
93
99
97
14
12
103
98
88
103
13
98
15
96
95
107
88
93
113
105
22
92
5
87
86
6
37
28
13
36
21
19
22
25
11
23
36
44
17
21
28
15
25
17
47
20
42
19
26
29
47
36
31
14
20
31
48
41
36
29
31
6
49
39
26
46
52
22
53
11
13
14
29
19
13
57
14
39
32
19
54
24
13
20
21
51
59
27
21
54
23
56
20
37
14
54
22
66
46
32
59
67
22
25
56
61
63
54
27
51
5
49
63
41
45
61
60
48
23
23
0
15
26
0
59
24
73
63
25
108
12
25
26
26
65
65
74
99
46
28
74
111
133
118
80
112
86
44
81
127
83
105
109
131
82
75
122
27
129
9
72
58
71
72
115
124
126
26
29
103
41
28
98
55
11
33
57
36
58
30
38
33
30
19
63
27
39
31
7
63
4
24
7
37
32
78
30
27
33
28
8
17
31
27
28
63
5
28
59
23
26
50
69
28
83
85
46
23
4
20
21
0
