197
122
214
196
153
215
89
156
157
147
208
205
140
149
200
134
213
152
197
143
204
154
191
141
188
199
196
132
130
177
207
205
177
142
195
122
133
204
209
200
215
201
202
151
141
144
139
147
142
114
27
104
117
27
115
77
18
59
79
122
119
50
89
141
60
129
23
130
21
37
92
111
38
56
124
36
79
66
117
40
115
38
75
85
50
34
82
114
103
111
30
106
74
30
24
29
28
0
138
52
143
153
54
160
50
46
49
49
147
136
81
50
43
47
139
47
141
46
136
38
138
82
51
145
45
52
52
146
139
141
144
50
48
56
137
61
115
148
59
61
60
52
40
37
108
103
35
94
53
163
111
45
93
48
82
82
87
168
73
68
1
90
1
96
2
65
5
82
6
87
79
96
71
99
2
11
99
97
80
86
6
85
0
76
102
88
66
90
113
85
1
59
0
53
56
1
67
40
67
73
16
67
32
26
33
12
66
77
59
13
60
16
84
24
91
29
81
33
77
48
62
68
83
37
19
85
77
84
87
34
82
30
90
64
98
98
98
100
104
37
45
0
47
45
28
70
93
36
105
24
59
22
26
29
26
100
110
79
17
72
21
99
27
102
27
109
28
93
53
88
73
101
22
17
98
83
96
96
29
85
27
75
63
70
85
88
79
81
18
49
27
68
60
0
2
43
6
3
10
35
4
27
38
4
6
60
18
2
61
2
3
21
60
1
4
2
2
2
49
48
46
15
2
3
45
49
3
1
59
7
32
49
3
1
47
49
45
2
2
2
3
3
0
75
37
71
74
16
86
18
8
15
16
70
67
82
9
71
11
65
17
88
17
90
18
90
73
66
64
79
22
17
86
76
79
76
25
75
15
88
74
82
95
86
65
83
20
62
19
56
55
0
109
56
102
114
31
117
31
109
34
28
142
114
109
81
83
29
116
24
109
27
109
108
103
164
87
160
168
105
124
168
169
111
124
107
168
34
92
139
170
96
107
112
162
29
157
0
157
81
0
72
50
41
68
28
82
28
20
35
23
77
48
77
17
60
19
66
27
63
33
73
25
61
84
52
50
78
40
27
91
92
61
67
37
79
38
72
61
88
88
63
90
70
32
42
0
41
60
35
71
43
84
116
30
77
19
24
42
19
87
121
70
50
116
19
115
28
123
53
116
48
107
75
76
104
103
49
18
103
102
101
99
35
78
14
87
78
85
95
99
98
99
21
48
0
52
57
0
94
58
56
101
37
74
30
34
23
35
103
97
69
31
96
34
99
29
99
29
98
33
92
93
102
95
91
24
26
88
95
80
99
29
91
25
79
78
96
79
92
90
79
35
61
8
64
56
6
44
32
18
46
20
23
23
27
12
19
39
56
27
26
42
23
37
27
54
23
48
25
45
43
53
43
43
19
19
42
52
58
54
26
42
12
57
41
32
50
56
32
47
15
15
10
21
23
5
57
25
44
24
31
69
24
21
32
31
52
72
34
21
71
21
69
31
51
20
67
28
70
49
40
70
73
21
37
66
67
72
73
31
43
15
34
66
47
45
69
61
42
34
26
0
18
27
0
79
45
83
80
23
130
12
23
25
25
80
75
71
105
62
25
87
109
139
123
75
127
76
54
80
140
84
117
125
132
84
84
151
29
138
18
85
71
92
89
134
141
141
26
45
118
35
42
115
77
6
26
75
60
75
56
61
52
60
15
69
11
57
27
8
68
2
23
9
27
40
69
24
20
21
18
8
5
15
18
23
66
7
20
53
22
21
17
61
26
58
62
46
13
4
13
13
0
