427
229
450
440
292
431
220
290
315
320
442
448
261
308
469
230
453
303
447
308
437
301
423
287
439
425
454
284
238
448
433
431
440
293
455
248
289
436
448
445
446
459
454
305
241
244
234
248
276
314
86
323
307
74
315
198
58
149
223
303
291
121
205
310
172
300
77
317
64
119
219
263
109
119
276
82
192
167
290
117
286
102
184
220
133
100
195
267
272
270
82
276
184
75
52
72
68
0
290
140
347
332
148
335
106
102
103
101
332
337
262
124
107
117
348
126
366
123
376
106
331
210
136
335
148
144
105
349
350
355
363
77
145
164
282
155
195
323
146
152
158
64
108
103
233
239
92
272
141
362
299
116
161
89
166
183
174
371
243
243
6
257
5
274
10
206
15
248
17
257
263
289
214
296
8
14
290
297
241
287
14
252
3
223
266
245
254
233
260
234
3
181
0
175
182
3
182
76
187
188
78
194
56
33
67
67
203
194
124
58
155
68
203
81
191
53
194
63
174
147
135
138
188
68
71
172
180
184
178
71
150
65
174
158
208
206
217
204
203
59
87
0
74
89
62
146
153
71
171
23
131
28
24
57
30
167
181
152
33
117
33
177
64
183
73
178
37
166
132
158
144
160
37
33
171
160
167
161
73
167
72
170
135
157
172
165
155
170
42
77
73
120
132
0
35
166
36
32
57
136
26
109
129
29
32
204
131
25
211
29
31
137
219
26
32
33
34
32
181
157
180
94
24
24
188
208
35
20
191
69
154
204
29
30
205
205
198
28
26
31
12
29
0
189
67
115
197
57
193
85
66
89
89
118
122
182
69
128
81
164
89
189
97
189
85
187
133
114
148
201
76
92
192
196
185
191
88
126
65
174
169
185
175
188
117
190
92
115
84
99
89
0
173
104
178
188
53
199
51
219
53
62
245
221
204
178
161
71
207
59
207
75
217
227
224
274
170
286
302
225
245
286
298
232
218
216
274
84
192
230
277
197
214
223
294
60
258
0
254
130
0
207
128
107
183
66
216
48
57
72
75
204
131
177
54
176
62
196
82
132
84
198
77
135
212
136
115
222
82
73
207
224
146
143
86
187
76
166
156
235
204
147
224
150
68
95
0
99
148
59
165
90
179
175
31
81
33
94
50
88
185
181
83
35
167
78
169
30
164
44
177
45
161
114
174
158
164
33
77
170
163
164
159
36
174
71
162
152
125
164
162
165
166
78
96
0
93
91
0
173
154
89
171
44
151
33
69
56
46
171
171
117
66
160
43
188
57
164
31
184
38
174
152
195
193
196
63
54
144
194
118
160
72
176
51
167
181
184
118
165
172
181
54
114
15
113
111
15
123
66
34
133
87
45
58
58
50
83
78
89
37
53
73
46
78
39
84
64
92
58
73
69
99
68
72
28
47
62
93
83
91
83
64
16
115
89
51
90
109
64
109
29
30
29
45
36
27
130
45
104
78
46
131
43
27
59
50
112
148
82
44
150
46
135
55
110
41
151
57
133
98
94
142
146
43
59
149
135
154
142
55
130
33
114
145
117
131
164
163
128
56
77
0
68
73
0
182
93
203
185
54
238
21
50
59
58
194
200
181
184
122
48
196
208
277
236
204
233
189
151
212
274
222
210
232
280
211
206
288
36
273
22
199
143
189
190
240
281
280
32
99
215
103
99
198
168
46
89
176
86
171
57
94
89
76
64
156
44
99
98
35
145
13
77
31
85
61
168
94
73
90
101
34
50
88
98
96
139
29
83
107
78
97
137
147
99
186
180
71
70
26
73
72
0
