262
131
284
270
150
270
112
156
154
157
269
268
146
148
270
131
272
146
265
143
263
142
246
135
252
246
228
136
116
244
242
227
243
128
223
125
155
218
217
224
228
225
228
132
178
136
177
178
138
79
12
84
80
15
80
67
11
68
72
79
71
25
67
81
64
73
12
80
12
14
69
74
16
30
79
14
62
60
75
16
72
17
68
32
64
17
76
81
82
84
11
92
76
13
14
13
12
0
126
42
144
128
28
134
30
34
32
34
133
126
95
22
18
22
129
24
134
34
127
31
176
89
21
179
24
20
79
178
183
181
185
48
20
27
126
25
126
155
24
22
22
49
18
18
93
111
18
80
36
168
84
42
112
66
108
106
108
186
69
59
1
74
0
79
0
66
1
70
1
74
73
80
63
90
1
3
84
94
73
77
4
76
1
60
79
78
67
64
96
78
0
52
0
58
59
1
44
21
46
50
0
48
8
2
8
0
47
48
49
1
39
3
52
2
52
10
48
10
45
47
45
43
49
13
2
51
48
49
50
4
47
10
53
46
54
51
50
51
55
10
38
0
40
42
10
40
17
26
33
1
43
1
0
7
0
30
35
38
1
28
1
34
11
36
12
35
2
40
27
48
41
45
4
3
41
45
47
45
11
46
11
44
33
39
44
42
43
44
7
30
11
43
40
0
0
4
0
0
1
3
0
3
5
0
0
6
2
0
9
0
0
3
8
0
0
0
0
0
24
7
22
16
0
0
23
26
0
0
27
3
15
28
0
0
29
27
25
0
0
0
0
0
0
61
32
58
64
15
65
12
8
11
9
48
61
62
3
52
3
46
9
65
8
62
9
59
61
58
43
64
18
3
61
64
66
63
1
64
1
59
54
61
64
65
52
59
1
55
11
52
55
0
71
37
55
71
11
72
13
115
13
13
154
71
67
47
60
9
70
8
70
10
65
118
74
158
56
161
153
104
125
176
170
78
76
108
162
13
73
140
160
65
75
79
166
13
157
0
161
64
0
61
54
38
59
23
72
6
22
12
28
73
57
82
19
66
24
83
32
50
34
87
30
52
76
72
50
83
29
32
84
81
65
62
33
59
15
69
60
85
79
53
88
63
37
54
0
51
65
16
55
23
55
76
14
68
31
12
40
7
55
76
43
48
100
8
89
40
95
51
94
47
99
55
51
111
104
59
13
107
105
109
105
49
54
12
71
55
80
90
90
101
104
11
40
0
39
43
0
121
74
90
129
29
101
21
23
23
30
126
135
102
26
128
25
121
22
122
24
118
30
127
123
121
121
116
22
18
117
116
99
122
13
102
17
110
103
124
100
105
118
111
25
102
8
104
102
4
42
9
7
40
37
4
11
7
41
35
10
40
13
36
7
10
12
37
40
9
41
9
11
8
52
9
12
16
8
55
58
62
58
58
10
18
69
61
6
62
66
10
62
7
2
5
6
2
2
62
14
33
29
30
57
15
25
27
34
37
52
34
13
54
9
60
33
37
26
58
22
65
34
40
71
69
10
36
69
62
60
66
39
33
22
34
73
67
39
73
79
38
42
24
0
26
26
0
67
16
67
67
39
126
22
40
41
37
63
36
63
119
36
43
66
123
130
129
68
134
51
22
60
136
58
119
135
135
60
57
141
41
139
18
52
39
65
67
123
138
135
44
20
120
19
21
115
55
5
15
64
35
61
36
37
43
35
10
61
19
49
9
3
57
0
9
1
14
43
67
14
10
14
13
2
9
14
12
11
66
2
11
59
14
16
30
65
14
71
68
51
12
1
13
13
0
