380
172
405
411
227
396
153
242
249
243
407
407
238
240
413
185
404
238
396
242
412
236
394
215
407
395
394
243
175
412
384
398
402
214
366
192
206
348
374
352
347
365
362
223
193
189
191
210
198
204
54
227
206
58
212
148
49
125
152
216
228
105
190
248
172
258
62
247
50
71
200
204
75
98
217
63
175
139
231
75
224
76
171
151
128
82
163
221
222
235
62
222
164
56
43
57
49
0
210
107
253
256
116
244
70
82
58
75
251
203
169
96
79
86
219
90
220
52
220
46
244
178
96
261
99
116
90
273
265
259
270
82
92
112
232
106
214
275
109
113
115
82
79
74
197
198
75
202
130
286
222
70
116
39
93
93
98
298
185
156
7
197
4
244
14
157
12
203
15
181
194
211
175
225
8
14
239
240
181
226
19
203
5
180
227
189
186
194
226
192
3
142
0
127
139
3
128
57
134
140
40
138
51
31
52
25
142
138
121
33
124
43
148
47
152
39
147
52
135
103
117
134
144
57
38
135
138
133
137
30
131
49
125
112
135
139
143
127
153
52
73
0
73
79
54
101
97
48
110
21
98
21
21
45
21
112
115
94
16
97
26
109
47
122
50
112
23
105
84
102
107
106
23
19
116
109
104
116
50
104
51
115
84
97
122
118
106
116
30
54
53
91
88
0
5
107
7
5
18
95
6
87
85
6
8
137
82
3
136
5
9
88
129
5
8
8
9
6
123
90
112
54
4
4
124
132
6
2
134
40
94
126
9
9
151
152
141
7
7
4
3
7
0
162
74
116
185
49
169
66
50
75
70
99
116
150
59
104
48
138
70
162
76
158
67
148
113
103
115
161
69
68
176
165
163
156
65
126
53
162
149
161
161
166
96
159
67
99
66
88
95
0
200
113
199
233
69
223
53
164
71
73
210
203
231
148
185
64
233
54
220
66
225
162
227
233
186
221
244
169
186
259
259
237
236
175
242
71
232
239
250
228
238
246
261
52
244
0
234
159
0
168
110
90
133
52
180
38
42
48
58
163
110
158
47
134
46
175
50
120
64
171
55
127
168
139
121
167
44
43
173
180
135
138
50
169
52
130
135
173
173
128
179
136
32
99
0
95
130
46
157
81
158
139
28
93
32
77
52
66
162
167
107
62
174
65
168
51
161
60
177
62
173
120
156
178
166
45
65
165
168
170
173
42
164
64
165
159
139
172
174
176
165
61
100
0
103
104
0
125
128
64
142
71
96
60
64
55
77
137
126
69
66
131
68
128
64
129
50
138
53
148
128
146
151
147
74
66
118
136
74
127
64
134
54
125
119
123
72
123
113
115
43
64
17
66
68
5
121
48
28
120
90
35
39
34
66
87
61
99
32
68
60
34
58
61
104
32
93
41
46
47
108
43
48
38
28
89
107
94
95
88
42
15
123
95
40
121
122
45
121
27
24
14
35
21
26
94
38
69
49
45
109
32
37
47
50
77
98
48
29
106
22
99
48
75
32
95
48
98
69
52
104
94
22
49
104
100
100
109
52
83
13
74
111
83
87
114
118
95
52
45
0
43
46
0
144
73
143
142
35
178
20
36
32
39
147
152
137
141
94
45
148
156
201
182
139
172
160
95
159
218
162
154
170
213
152
160
223
52
218
21
160
114
168
159
181
212
226
44
93
159
83
85
151
145
38
71
157
93
154
69
99
97
87
65
148
72
80
84
23
146
8
82
20
80
56
157
75
67
77
72
24
58
75
72
73
145
24
70
111
58
79
119
136
80
177
168
87
53
17
52
59
0
