409
175
412
411
240
420
136
267
261
257
396
400
204
250
400
195
398
248
384
243
400
235
397
204
395
394
378
234
188
375
389
385
383
243
393
182
227
413
425
409
419
420
420
242
175
199
199
200
200
238
49
242
246
61
242
192
39
160
204
249
190
88
153
215
142
217
58
206
44
72
153
203
80
94
230
51
190
152
228
74
231
79
176
140
142
72
176
237
231
231
48
234
197
45
36
49
48
0
238
121
246
267
107
282
77
73
67
76
260
261
173
113
86
106
270
111
294
86
272
67
237
157
104
251
98
107
82
275
250
256
265
47
95
85
229
94
182
240
90
100
113
39
73
78
196
194
77
223
82
293
230
86
108
53
112
124
126
315
190
151
7
199
6
207
2
150
0
189
2
176
182
193
156
205
7
0
204
216
176
190
2
184
4
169
199
188
175
156
204
184
5
137
0
144
132
4
96
52
105
113
20
113
41
32
50
17
125
122
94
20
106
23
120
26
134
48
128
48
118
90
100
114
115
48
27
114
120
113
111
26
114
42
104
104
122
125
121
118
120
47
66
0
59
66
50
100
87
49
97
8
97
5
6
43
6
92
93
93
4
76
8
91
46
98
44
99
7
97
77
103
105
104
9
10
102
111
99
104
49
106
39
108
78
103
111
109
116
109
19
54
42
90
91
0
5
84
7
2
8
82
3
73
89
2
7
114
51
3
105
5
7
59
118
4
7
5
5
8
95
88
84
33
4
3
91
105
7
2
100
19
77
111
5
6
105
113
114
3
3
3
2
3
0
117
54
98
124
33
128
33
22
32
34
90
94
116
20
92
30
107
40
134
37
136
39
136
94
94
100
127
46
44
131
139
137
132
54
99
22
136
118
131
138
133
87
130
52
88
49
76
80
0
160
84
152
160
58
169
41
147
53
53
191
173
170
115
116
60
178
46
182
62
178
154
176
221
99
188
219
147
163
209
213
182
179
154
199
69
150
175
206
133
192
184
214
45
204
0
185
95
0
155
115
81
147
57
156
23
43
41
64
167
121
145
36
124
47
154
50
118
57
167
56
112
160
108
114
146
47
48
155
150
116
128
50
144
48
119
122
162
158
116
167
129
41
82
0
93
118
48
132
61
138
173
30
99
34
47
51
44
138
159
97
38
168
44
157
35
163
45
160
44
132
92
134
142
138
41
44
144
141
150
150
60
129
36
144
132
118
166
162
163
173
46
98
0
100
102
0
130
96
72
125
38
96
38
51
43
45
115
110
72
54
118
41
121
45
114
27
130
35
137
132
151
136
138
40
38
110
127
91
109
42
115
37
117
116
109
82
122
114
115
35
79
15
67
77
19
74
43
19
75
58
27
43
44
61
64
49
55
27
49
50
39
45
43
56
40
63
42
44
45
68
44
40
25
34
57
67
68
72
54
39
12
72
59
24
59
73
31
75
29
13
24
22
17
22
106
30
81
54
35
106
34
33
40
42
81
90
50
27
95
26
91
35
89
24
88
40
101
84
61
104
99
31
38
94
98
113
102
50
77
26
66
102
83
92
109
116
92
52
61
0
55
59
0
120
56
140
137
36
172
29
42
45
38
138
129
148
131
87
46
152
157
198
168
154
170
137
69
128
199
130
155
168
200
136
121
210
50
199
15
133
85
134
128
179
212
203
49
74
153
74
71
156
141
28
63
157
96
140
84
94
99
93
33
127
46
94
44
18
137
9
48
20
52
77
152
51
45
49
49
14
27
53
52
52
108
11
50
94
50
57
79
120
56
155
143
91
36
14
37
36
0
