215
86
219
214
132
223
85
145
148
138
204
222
90
137
212
117
215
149
203
143
211
135
188
101
198
182
190
138
106
185
190
183
189
132
176
97
107
178
172
185
181
192
185
130
100
115
104
107
104
105
19
111
102
28
111
81
17
52
81
105
126
43
91
117
73
134
27
134
17
44
101
123
41
38
127
27
85
68
127
37
132
39
87
91
45
36
66
118
121
114
28
114
87
18
14
20
16
0
124
67
136
137
54
137
35
29
33
37
134
132
88
47
46
49
138
54
139
45
124
30
139
83
51
150
50
58
45
151
136
148
151
17
47
55
110
48
89
122
60
54
52
11
41
45
102
109
38
119
69
162
119
46
82
31
69
71
74
163
105
82
3
98
0
116
3
71
4
100
5
113
92
107
87
120
5
6
122
121
100
109
9
105
0
93
123
105
97
109
127
101
0
62
0
61
66
1
55
21
55
59
24
60
20
10
23
19
60
60
40
19
47
14
65
24
66
22
67
24
60
30
43
41
64
26
23
69
62
68
64
29
41
22
48
43
65
67
65
59
65
28
20
0
17
20
22
50
67
21
74
11
61
9
15
28
13
78
62
48
9
28
8
57
25
62
30
63
10
58
25
59
44
50
10
7
57
62
56
54
29
47
27
59
24
52
53
48
60
57
8
15
21
45
43
0
3
37
2
1
5
24
4
27
24
1
4
57
18
3
49
1
3
26
58
3
3
3
3
3
40
37
44
14
2
4
43
45
4
1
67
8
47
70
4
3
63
64
69
3
3
3
2
3
0
64
34
56
68
16
73
17
17
19
15
59
56
68
20
57
21
57
29
83
28
76
24
68
53
43
45
74
22
21
72
73
71
73
23
57
12
68
63
69
73
74
50
74
20
49
17
38
43
0
78
45
82
85
28
89
30
102
28
32
106
82
79
74
61
29
94
19
89
29
88
100
87
115
70
113
129
98
111
129
129
82
96
102
123
28
72
105
118
68
91
75
115
23
104
0
108
52
0
72
37
35
59
31
75
17
40
23
38
73
47
69
33
64
46
73
47
39
46
87
52
50
77
48
45
70
37
44
83
79
53
55
42
63
31
68
43
83
84
43
68
55
38
41
0
34
48
25
58
29
66
83
19
64
21
18
32
16
70
97
53
32
81
20
81
15
83
29
79
29
73
48
68
69
82
21
18
69
75
78
81
24
61
20
63
60
57
70
77
75
76
22
43
0
42
48
0
74
32
38
57
12
57
6
36
38
12
53
47
48
41
56
10
86
38
54
5
89
7
95
91
95
84
89
35
30
52
89
57
61
33
89
31
73
75
65
51
65
59
74
9
50
10
44
46
12
39
31
14
36
16
24
26
27
13
18
34
27
20
15
34
27
28
9
27
24
27
25
32
34
34
27
25
11
18
25
22
30
19
14
26
5
31
20
30
28
37
22
30
16
6
14
17
8
12
46
11
51
49
12
47
18
8
13
11
55
55
41
15
54
19
52
13
51
9
59
10
60
46
42
49
53
15
9
60
58
54
59
23
49
8
44
53
47
49
68
64
51
21
37
0
35
38
0
71
42
77
76
21
90
11
23
19
20
69
69
82
80
61
26
74
98
111
93
84
94
91
50
82
107
77
91
92
104
84
78
118
23
119
11
81
78
78
74
100
116
116
15
38
88
39
45
83
56
10
22
64
41
58
35
37
46
41
19
55
20
48
27
3
63
5
19
4
22
42
62
22
22
24
23
9
16
24
27
21
48
2
22
45
15
23
32
58
26
67
70
48
14
4
21
14
0
