204
100
217
215
148
207
93
152
148
148
209
207
102
142
213
108
222
138
202
138
208
141
198
123
199
186
194
130
110
187
187
192
188
129
198
103
106
204
200
185
201
192
200
126
102
114
108
115
117
108
19
102
105
15
120
88
13
66
93
112
123
35
108
133
66
125
18
126
11
29
107
126
37
41
128
18
109
91
129
34
132
38
96
82
71
43
74
119
116
102
22
111
92
16
9
11
13
0
131
57
136
148
60
159
44
37
39
44
146
156
95
63
35
49
145
56
165
57
157
41
157
88
55
148
55
54
54
160
143
161
157
39
39
48
138
43
112
140
47
47
46
33
19
21
110
105
23
144
74
243
146
48
135
87
117
133
143
244
114
96
2
105
0
154
9
100
16
107
34
118
94
127
96
149
3
13
133
145
108
137
20
111
0
98
120
109
129
117
142
98
1
71
0
70
75
0
64
23
78
66
26
73
14
11
16
32
80
64
42
17
43
21
67
33
69
17
68
16
68
39
40
32
68
12
34
68
72
56
65
38
42
14
58
49
59
54
67
70
66
16
19
0
21
23
15
52
60
33
72
4
45
2
5
18
5
63
69
52
4
47
1
65
11
65
18
70
5
66
45
55
48
72
5
3
67
55
74
74
19
63
17
53
49
49
70
72
57
65
10
33
15
41
42
0
6
107
9
5
23
81
8
74
84
6
9
156
34
7
167
9
7
87
154
2
8
6
10
7
123
110
115
40
8
6
132
142
8
5
132
23
87
129
7
7
133
135
135
7
7
7
4
7
0
154
70
110
158
36
168
54
36
53
48
103
104
136
24
95
37
116
44
142
42
141
36
123
98
94
85
122
52
40
133
132
133
127
45
106
26
130
110
134
130
127
94
133
40
98
45
84
83
0
132
82
124
137
35
137
34
293
39
36
316
247
141
166
93
46
137
41
154
38
153
295
142
339
100
335
363
265
314
365
368
139
139
274
363
37
118
326
361
119
140
150
385
33
335
0
337
86
0
190
108
96
176
95
202
10
94
19
95
208
98
191
68
171
83
187
98
97
101
190
90
100
188
142
104
206
102
87
193
192
116
123
86
170
16
160
115
208
202
108
213
125
88
104
0
98
113
17
201
92
215
238
45
147
24
53
66
42
205
242
165
57
241
50
244
40
235
52
238
66
225
173
207
244
239
61
47
250
239
251
236
64
217
54
237
203
205
245
240
243
236
56
152
0
151
156
0
283
212
194
302
45
221
16
34
29
51
305
289
237
34
298
59
283
39
300
23
298
51
298
276
308
314
311
26
23
283
314
246
314
29
307
21
272
304
306
247
294
296
293
49
249
9
247
241
8
93
13
5
91
83
8
14
19
83
83
21
57
18
53
15
13
13
56
71
15
79
12
15
13
86
13
15
13
12
81
79
85
88
96
13
24
98
89
11
102
100
11
111
9
6
7
11
7
5
102
33
83
60
35
125
20
25
37
40
75
120
91
18
127
12
128
54
79
32
123
43
135
82
116
138
141
12
58
141
143
156
153
53
104
37
93
162
148
103
155
158
96
63
77
0
74
79
0
189
99
200
176
58
292
23
56
60
59
179
177
199
272
136
75
192
293
333
309
204
319
218
150
219
331
227
286
304
337
235
233
362
93
353
59
233
165
242
241
315
329
343
85
84
297
79
74
276
173
34
51
194
137
178
109
138
149
142
38
192
64
131
48
12
184
5
50
17
56
119
201
49
40
51
49
13
44
45
45
52
167
14
63
149
40
47
95
166
62
193
201
138
40
11
38
40
0
