314
158
337
351
232
345
126
233
235
233
328
334
180
226
346
187
333
223
339
227
322
211
308
179
308
302
309
199
189
308
300
308
300
217
310
181
181
296
311
310
298
302
296
214
181
198
169
169
200
170
42
175
176
48
166
127
34
111
132
180
168
60
146
178
136
189
41
185
34
56
148
189
43
78
197
36
145
125
197
50
203
57
156
125
110
56
154
214
206
210
46
203
159
39
37
41
41
0
238
100
278
251
109
259
91
85
95
92
259
221
169
88
77
97
234
96
250
76
244
55
201
156
102
209
97
100
47
207
203
204
232
42
90
106
193
101
162
211
103
102
104
40
75
73
176
183
74
185
101
260
203
67
150
82
115
127
120
291
178
138
3
181
0
185
14
132
15
169
23
166
149
178
140
202
7
14
185
198
175
178
20
169
1
161
205
165
141
166
202
172
1
124
0
124
132
0
107
51
120
112
19
125
40
24
47
14
117
98
96
9
92
13
114
20
115
40
119
44
115
80
104
101
116
45
17
123
112
109
121
21
111
45
104
87
103
118
114
109
116
40
67
0
62
66
42
115
82
55
100
9
107
7
11
40
10
97
101
123
8
80
14
106
52
106
57
102
12
109
80
120
116
116
24
20
120
135
114
117
57
105
54
121
89
113
111
109
125
116
23
69
60
100
111
0
3
65
3
3
14
51
2
41
51
1
3
70
38
3
83
3
3
48
78
0
5
3
5
3
64
54
58
28
3
3
76
73
5
3
66
2
48
71
5
3
68
72
60
2
3
2
1
2
0
98
44
58
102
20
96
25
18
28
29
56
65
85
17
57
28
68
30
96
28
95
30
81
58
61
56
86
28
28
85
87
87
80
37
65
21
101
76
103
116
98
60
101
43
67
30
50
47
0
101
60
100
109
20
99
13
161
15
19
170
162
112
138
83
23
103
18
115
22
106
171
138
190
82
200
202
181
183
207
201
136
138
180
203
36
111
192
208
101
129
129
199
32
196
0
198
80
0
121
79
66
121
47
134
33
41
44
48
134
79
133
36
120
48
136
48
98
53
140
51
98
135
93
101
124
52
49
137
121
111
100
39
110
52
109
101
132
124
97
120
97
42
76
0
67
91
49
70
32
73
93
19
72
30
31
45
29
80
100
57
42
102
29
96
28
99
37
95
41
90
70
80
95
95
32
33
107
94
97
104
36
81
31
80
81
86
107
108
103
98
29
57
0
55
63
0
141
93
78
127
24
110
19
47
48
28
117
115
93
53
128
30
139
51
126
28
135
27
145
138
150
152
157
46
37
109
132
102
118
42
121
40
128
121
128
90
130
132
121
27
93
13
87
92
15
76
53
20
72
45
42
51
52
34
42
56
69
33
45
61
56
59
30
68
46
72
51
58
46
82
55
54
24
41
52
74
73
75
37
38
6
72
42
37
53
61
47
60
26
18
27
29
22
23
87
34
82
48
35
94
23
30
35
46
70
90
53
25
95
21
93
43
83
26
94
40
94
70
58
99
97
24
41
95
85
86
103
38
67
13
53
95
61
77
98
95
79
49
43
0
46
40
0
106
52
112
114
32
160
19
30
35
35
113
121
112
144
73
36
117
160
180
178
110
189
137
70
131
199
138
164
169
184
137
134
198
36
188
18
105
83
109
107
162
186
188
32
58
163
57
51
169
86
9
33
86
51
95
43
55
56
53
27
88
31
56
38
8
91
4
36
8
31
43
101
36
28
34
35
10
21
28
38
25
82
5
29
85
23
34
56
91
25
112
109
63
25
5
29
25
0
