244
114
256
250
163
255
96
169
172
173
258
225
136
160
226
137
237
157
227
151
227
154
201
131
204
202
193
155
129
194
211
194
213
151
183
138
124
209
210
197
208
206
216
161
118
135
126
126
144
114
22
120
130
30
120
101
16
83
100
128
122
30
103
125
81
130
29
132
17
30
108
100
28
38
107
14
96
76
116
30
118
26
70
54
66
25
88
108
96
101
22
103
82
18
14
12
20
0
152
72
159
163
64
171
35
39
45
38
170
182
100
70
45
57
174
64
185
71
180
57
187
104
70
192
69
80
76
204
186
181
185
69
65
60
152
61
142
174
66
66
71
58
53
49
132
130
46
125
56
204
128
52
105
62
101
102
98
220
107
80
3
104
4
113
4
91
3
110
5
110
99
106
90
129
5
7
136
134
108
118
12
104
2
97
129
108
98
117
136
108
2
80
0
80
74
1
53
31
53
57
11
55
17
18
22
11
57
53
49
4
47
8
56
13
50
17
50
22
59
33
55
49
61
18
16
60
57
67
66
24
53
16
63
41
76
77
73
74
74
14
29
0
34
31
13
70
57
34
64
5
63
4
6
27
5
66
83
75
12
55
8
77
27
84
27
79
15
81
43
69
71
86
15
11
76
78
73
75
31
90
28
76
44
66
83
92
75
87
21
35
29
60
53
0
2
38
4
2
11
23
2
23
32
2
4
78
12
0
71
1
1
47
75
2
2
2
2
1
53
51
50
24
1
2
65
58
1
1
61
7
32
61
1
1
62
60
60
2
2
1
1
2
0
102
51
74
102
39
97
35
28
40
39
78
72
104
30
70
56
103
67
118
62
123
62
114
71
65
63
113
56
67
118
112
114
108
69
80
22
115
99
126
124
119
58
120
69
72
51
66
63
0
112
49
108
115
54
106
53
112
59
59
126
105
100
81
56
59
111
53
98
53
110
122
97
138
51
127
135
98
128
144
150
93
90
106
136
26
66
131
139
64
79
85
149
32
117
0
125
46
0
78
46
48
81
48
94
31
42
36
53
96
50
89
20
81
44
96
50
49
51
105
48
58
82
51
52
82
44
38
83
76
53
57
38
69
33
76
56
88
83
55
85
57
42
42
0
42
59
33
85
32
97
78
9
54
13
53
20
47
92
78
47
20
73
46
72
21
67
21
68
18
61
42
89
60
61
14
48
60
59
61
65
23
87
50
59
86
52
64
64
65
72
48
36
0
33
37
0
106
59
73
98
18
81
15
20
23
16
103
98
81
25
97
15
109
27
101
11
116
16
116
115
115
122
120
22
19
99
103
80
98
16
114
15
98
104
104
85
102
103
104
22
88
5
87
77
6
47
29
14
38
18
14
28
31
10
16
31
32
13
13
37
21
34
14
26
22
37
22
32
25
34
34
36
14
19
26
30
34
34
32
22
16
45
32
18
40
45
20
47
20
8
7
13
7
11
74
8
60
46
16
77
18
18
24
21
68
75
46
12
71
14
69
28
50
13
69
31
73
59
54
61
78
15
29
78
83
71
76
21
56
9
58
70
59
58
77
72
53
23
45
0
42
41
0
97
51
105
104
19
147
6
20
18
19
107
106
108
113
84
26
116
110
168
128
115
127
115
80
126
171
122
123
138
178
124
120
178
31
187
17
127
83
117
109
150
178
172
26
73
119
76
75
121
98
19
66
90
40
95
23
41
37
34
46
92
45
50
69
13
102
8
55
8
67
33
94
61
55
55
60
8
16
55
58
57
81
11
62
55
44
63
62
90
61
95
103
42
41
6
46
40
0
