172
88
175
168
106
169
76
116
109
111
168
185
117
108
187
96
181
109
179
109
178
109
170
101
164
169
170
95
94
169
161
164
167
114
181
88
104
178
185
179
182
170
180
107
108
95
102
108
103
129
32
120
131
25
128
105
14
96
115
134
135
39
117
142
104
142
23
141
23
27
128
132
24
40
133
23
113
89
135
24
134
28
91
57
77
31
99
112
117
120
22
114
93
25
17
22
22
0
113
43
128
130
44
117
62
44
56
62
129
134
96
34
27
34
137
35
143
66
137
56
115
67
38
114
45
45
52
122
122
126
126
35
41
51
92
48
76
106
39
41
46
38
31
30
79
83
29
129
31
185
135
55
94
24
78
75
74
197
122
92
0
124
0
121
0
116
0
122
2
80
106
107
99
115
0
1
114
110
117
102
2
113
1
103
121
128
116
109
119
115
1
106
0
109
112
1
31
12
38
35
9
35
18
10
20
6
39
34
43
6
31
7
36
7
33
21
35
20
33
29
38
46
28
23
2
36
28
35
35
4
46
17
34
29
31
36
39
37
32
22
26
0
31
25
18
59
29
44
51
0
64
1
1
12
2
48
52
66
2
49
1
51
17
49
18
57
2
62
50
67
68
60
3
3
62
75
60
63
22
61
23
74
53
64
59
57
77
64
5
45
20
63
69
0
2
26
4
2
4
22
3
18
19
3
3
30
19
3
43
2
1
23
31
2
2
2
1
4
33
27
32
24
2
2
32
32
3
2
38
21
35
41
2
2
40
39
41
2
1
1
0
4
0
57
39
53
65
16
63
9
8
11
11
51
55
61
12
52
14
52
15
63
18
63
18
63
45
50
44
61
21
20
66
68
72
63
15
56
13
64
53
68
72
71
55
69
19
46
20
46
47
0
92
44
100
102
38
110
39
80
37
37
113
78
86
57
66
37
98
28
96
37
98
74
100
119
65
110
118
76
85
123
128
104
103
83
120
49
82
113
119
97
116
119
128
41
123
0
124
63
0
111
60
56
84
40
103
14
39
20
42
104
61
96
27
89
51
105
56
67
49
109
52
74
102
71
70
106
52
53
114
112
71
67
52
83
24
89
67
101
111
59
100
67
50
46
0
55
67
21
65
49
79
88
25
54
14
19
26
17
76
107
55
35
101
16
105
25
102
32
107
28
111
74
67
107
112
30
15
108
124
112
110
49
81
15
111
81
85
123
120
127
126
12
57
0
58
57
0
70
69
43
89
43
50
33
17
14
38
88
68
48
15
65
25
69
15
63
17
68
27
70
57
72
69
67
17
13
74
73
56
69
12
58
12
59
60
73
46
56
69
60
37
47
6
43
44
2
57
14
11
50
47
10
17
14
36
41
18
35
20
33
21
17
18
27
33
16
36
16
15
18
36
22
22
15
18
39
32
30
32
48
15
18
46
45
16
53
44
19
50
13
4
11
12
2
9
75
17
60
37
15
68
15
13
20
21
55
64
37
13
71
13
66
14
52
13
66
15
77
44
55
72
77
14
16
67
69
74
68
13
58
12
45
55
53
49
60
59
56
16
36
0
37
40
0
80
35
93
89
25
103
16
28
25
33
87
68
81
80
61
30
81
71
108
95
90
100
92
68
99
114
95
92
92
106
90
95
111
38
118
15
93
63
96
95
111
119
116
34
53
79
46
49
71
69
13
20
77
57
81
46
59
59
60
13
84
22
70
21
4
91
4
19
10
22
54
83
23
17
24
21
6
14
20
21
22
74
4
15
54
16
19
28
55
19
74
76
57
12
6
14
11
0
