380
182
390
396
269
398
176
280
300
287
397
355
215
276
368
233
359
274
369
263
359
261
331
207
339
343
341
238
210
343
352
342
317
261
340
221
210
341
340
332
352
349
343
259
203
231
211
198
227
215
53
207
220
48
231
155
40
99
152
235
233
100
147
244
115
239
41
236
36
77
164
218
76
100
242
54
148
126
227
76
230
78
149
158
99
73
145
212
201
216
51
198
145
49
40
47
50
0
267
117
283
289
121
288
75
73
78
79
292
300
214
115
102
123
298
127
335
113
314
92
294
211
125
315
114
138
112
302
332
333
327
86
117
126
267
126
197
289
116
124
125
76
98
85
217
215
92
229
115
333
235
103
118
64
124
142
139
330
182
150
5
188
3
233
16
167
11
183
20
191
199
211
158
243
2
14
231
235
161
223
25
182
3
158
218
181
172
188
224
179
4
117
0
114
122
2
169
60
185
163
62
181
44
30
47
39
183
163
142
50
130
44
192
54
177
40
170
55
181
114
131
141
169
53
49
175
180
169
183
45
145
50
150
131
175
181
178
172
177
46
80
0
69
80
52
132
142
66
160
16
109
12
19
61
17
163
139
132
14
114
16
142
61
164
69
158
17
171
111
138
139
161
20
23
163
137
165
167
60
168
70
144
123
142
164
166
137
181
37
60
63
107
102
0
14
121
14
11
34
85
8
86
87
7
15
182
83
8
189
13
11
112
190
12
14
13
16
14
160
146
156
72
12
8
162
180
20
9
163
34
117
156
18
16
163
170
172
12
13
7
7
16
0
181
80
97
194
65
191
90
69
90
86
105
110
172
62
98
84
154
85
185
90
171
91
156
107
91
121
147
82
62
149
133
141
143
58
112
45
145
131
148
159
149
93
155
60
103
87
96
86
0
155
90
134
153
44
158
35
194
49
46
211
206
171
163
126
61
178
45
176
59
182
205
152
234
123
219
263
203
221
267
260
150
162
197
245
57
145
236
259
124
168
170
270
40
230
0
240
96
0
154
98
82
139
47
155
40
40
54
56
162
112
148
42
132
48
160
55
121
56
163
55
119
178
120
119
181
56
57
163
173
121
118
65
162
64
129
123
173
162
126
158
125
35
85
0
85
123
64
152
58
154
142
19
71
11
85
29
81
164
144
85
30
138
87
137
23
138
37
149
33
141
106
157
142
135
31
80
150
140
141
150
36
160
87
127
158
106
145
145
137
141
99
66
0
75
72
0
162
117
87
152
41
127
33
49
48
36
157
156
125
57
155
40
166
42
151
26
170
36
176
171
183
180
170
49
45
153
171
107
150
44
155
39
155
167
167
101
153
143
154
40
100
17
100
98
12
103
52
25
104
61
45
41
36
46
62
62
96
38
57
50
42
53
36
78
42
94
39
54
44
88
50
46
32
47
60
88
85
86
67
42
16
80
67
29
90
86
39
95
25
11
17
25
20
17
99
36
94
58
55
115
40
41
52
58
105
106
44
38
124
31
113
44
88
31
106
44
109
91
53
121
115
37
50
110
107
104
117
51
98
27
68
123
88
99
131
138
99
64
59
0
59
56
0
150
69
152
150
40
214
17
42
32
37
151
164
144
161
95
44
148
179
215
202
148
208
142
83
153
229
147
179
195
223
151
159
237
39
219
19
146
97
152
155
198
229
230
35
72
179
74
74
175
159
43
93
157
79
163
42
80
76
85
70
166
70
86
91
24
168
7
82
27
96
55
185
89
88
92
94
29
50
93
100
101
127
23
101
78
94
111
136
131
119
181
188
62
84
15
83
81
0
