188
112
195
187
136
201
50
136
139
135
190
191
140
135
184
125
192
140
189
135
198
134
186
131
182
188
173
119
106
172
165
170
163
120
169
98
111
164
172
169
163
170
166
123
124
115
125
121
128
88
20
91
93
13
94
72
13
57
75
95
85
29
69
86
51
96
11
87
14
15
69
86
18
26
90
15
68
60
87
23
90
22
65
44
50
16
62
83
80
85
12
82
66
14
10
12
12
0
87
26
93
90
33
90
21
19
23
24
95
107
63
27
22
25
105
27
105
45
117
41
118
75
30
113
21
27
41
114
122
115
121
49
22
30
88
29
80
120
30
30
31
43
27
26
73
80
22
77
32
183
87
26
108
83
101
110
110
178
71
51
0
76
0
82
1
58
4
72
5
54
65
69
56
74
1
3
75
82
61
64
3
65
0
60
74
63
60
58
74
69
0
52
0
53
58
0
20
11
21
23
5
22
9
7
11
5
27
26
28
3
18
5
25
6
22
9
25
12
24
19
22
27
21
12
7
23
25
22
26
4
29
10
21
16
27
22
27
26
27
14
15
0
15
14
14
31
38
17
40
3
29
1
5
8
6
42
41
31
3
35
5
45
12
45
11
47
7
41
29
34
34
47
14
8
49
34
51
51
14
48
9
35
32
28
52
56
32
55
11
28
9
30
36
0
0
33
1
2
4
22
0
19
20
0
2
42
6
0
41
0
0
20
39
0
0
0
0
0
34
33
27
17
0
0
39
43
0
0
23
4
10
26
0
0
22
21
18
0
0
0
0
0
0
40
21
24
41
13
47
15
8
10
15
24
29
34
8
23
10
31
12
37
11
37
10
47
28
23
18
43
20
24
46
50
50
43
12
31
4
38
31
39
36
41
25
41
14
25
20
22
25
0
39
16
36
40
14
41
14
107
12
15
121
37
38
31
27
14
36
12
36
14
31
115
37
120
23
117
124
69
116
121
126
41
47
94
126
12
36
97
127
40
44
47
126
13
119
0
123
24
0
51
36
29
54
23
58
7
22
14
21
61
31
49
8
46
13
53
19
33
13
54
15
43
53
35
37
55
21
18
55
47
44
38
11
46
16
44
47
55
46
45
54
44
20
34
0
33
38
11
64
11
72
70
4
47
3
19
6
16
68
60
51
11
70
17
67
3
76
12
66
13
76
66
69
77
75
14
19
76
63
70
76
8
73
18
73
66
57
74
69
78
70
18
52
0
53
48
0
105
21
91
101
6
92
4
11
12
4
97
99
93
14
102
6
113
15
94
4
115
6
118
113
112
108
105
16
8
103
113
97
106
10
107
13
102
105
104
99
104
106
107
14
94
6
92
93
1
31
15
6
32
21
12
15
12
18
21
14
32
15
20
19
13
17
11
34
12
27
10
16
9
26
11
11
10
10
16
27
25
25
17
12
8
25
21
8
24
28
11
26
8
4
8
6
3
4
32
12
28
23
14
36
6
8
13
13
27
33
23
8
25
7
26
10
31
7
26
11
30
25
25
30
35
4
11
35
34
28
35
11
27
6
27
34
36
29
38
35
32
18
20
0
19
15
0
49
12
46
46
21
116
12
22
22
21
47
39
48
107
34
25
51
111
121
111
57
114
56
33
57
126
60
113
114
118
56
56
128
34
123
18
54
41
61
62
122
120
125
29
20
112
15
16
114
65
8
16
69
52
67
46
55
48
48
16
66
22
48
17
1
69
1
18
3
17
51
74
13
17
16
21
3
8
16
18
19
65
3
17
59
14
16
25
71
17
76
74
53
17
2
13
18
0
