267
144
266
278
164
272
96
176
174
168
270
264
168
169
276
155
275
167
271
171
273
171
272
153
269
253
250
157
124
260
256
255
259
150
248
140
158
255
244
255
255
241
262
154
168
148
145
167
156
120
25
124
120
20
121
104
15
98
105
123
125
33
109
129
111
133
22
123
18
20
103
139
19
36
132
16
114
106
139
19
141
21
145
62
124
23
142
152
163
156
18
164
140
14
18
15
16
0
195
68
193
198
52
198
85
76
82
84
209
206
109
41
35
39
219
43
212
96
210
92
196
89
46
198
40
43
82
198
200
206
195
59
47
49
134
57
114
164
52
54
58
56
39
43
134
124
36
148
48
251
155
75
120
66
119
128
126
262
118
80
2
120
3
140
4
112
8
127
11
91
107
125
96
133
1
8
125
134
114
120
7
119
1
113
134
120
112
98
142
125
2
102
0
100
95
1
78
22
81
76
5
81
13
6
15
3
74
74
65
3
65
5
73
5
70
19
79
16
69
61
66
72
74
17
3
71
69
73
67
5
74
15
65
62
69
63
66
70
71
12
58
0
58
58
15
91
31
70
81
1
91
0
0
23
1
85
86
95
1
73
0
86
28
81
24
81
1
85
74
98
92
81
1
0
82
92
79
82
25
99
30
104
79
97
94
93
105
92
5
71
28
90
94
0
1
27
3
3
3
23
1
23
24
0
2
30
18
0
25
1
2
21
31
0
2
1
3
3
29
23
22
12
1
2
26
36
3
1
39
10
26
38
2
3
39
37
37
1
1
1
0
0
0
40
21
30
45
18
43
10
9
10
13
30
31
43
16
32
23
40
23
47
22
50
22
53
38
29
34
53
26
17
53
45
49
50
20
34
13
52
42
53
54
50
31
53
23
37
23
31
32
0
71
39
66
73
13
72
12
150
18
20
160
87
63
64
39
25
66
22
70
24
69
142
56
155
46
165
173
117
148
175
178
67
64
129
165
19
54
142
174
44
59
65
171
14
165
0
160
44
0
64
34
31
56
23
62
18
15
22
25
65
44
51
14
42
12
53
17
46
21
58
20
39
63
44
42
60
17
16
59
62
42
45
20
52
27
37
43
60
59
47
61
48
16
26
0
24
45
27
87
40
94
90
5
75
2
19
7
15
98
102
76
19
106
14
104
14
106
20
105
24
90
84
97
104
106
14
12
106
106
99
104
21
93
14
97
93
89
106
103
109
108
17
73
0
77
77
0
141
72
109
145
27
111
23
20
20
24
150
144
119
19
137
20
146
17
143
18
143
18
144
132
146
148
149
15
14
132
146
112
139
12
141
9
137
134
138
124
137
139
133
17
117
7
112
115
4
32
17
11
32
12
14
26
20
16
24
23
30
9
21
21
25
24
17
31
24
29
27
20
17
47
20
16
12
19
44
44
48
44
54
16
10
55
54
11
59
52
12
58
17
7
14
11
6
12
60
13
27
18
41
66
12
32
49
49
25
55
20
14
54
8
57
36
25
31
56
36
42
28
20
54
46
11
32
47
53
55
58
28
28
8
26
42
36
23
50
47
29
26
14
0
12
14
0
75
37
81
81
26
137
17
29
28
28
85
70
79
119
44
25
84
138
153
149
85
148
81
37
89
162
84
135
143
156
97
90
160
44
162
19
103
75
100
102
143
153
157
39
34
136
32
34
134
95
9
21
92
78
99
67
78
72
78
14
107
24
82
21
8
95
1
18
5
22
72
94
19
12
19
20
6
20
20
21
18
86
6
24
89
13
22
38
89
20
111
111
82
19
3
16
15
0
