448
211
447
450
287
451
173
311
302
304
454
407
229
261
414
209
431
270
421
276
410
279
409
226
407
418
421
268
210
401
397
434
413
278
403
212
238
406
411
409
414
424
417
276
204
222
228
220
232
236
53
243
256
56
263
202
32
131
200
267
237
95
205
259
167
255
58
261
43
89
197
225
95
94
242
67
195
162
242
90
249
85
174
172
127
85
168
239
236
229
53
243
184
46
32
41
46
0
246
134
284
279
155
291
67
69
60
61
275
260
177
122
106
116
283
135
305
86
285
67
252
168
123
273
126
132
75
286
267
273
283
60
118
139
267
137
234
271
135
141
136
53
90
89
234
228
85
245
128
348
259
83
154
84
129
134
134
348
206
171
2
202
1
257
9
177
12
210
14
222
211
219
184
247
6
10
238
244
198
211
15
211
2
200
248
214
169
205
247
219
3
158
0
133
147
0
130
65
155
152
44
143
39
28
39
36
156
123
125
28
122
32
151
37
143
34
138
42
138
99
108
122
147
38
35
143
144
149
157
49
128
37
140
128
170
176
172
172
170
42
84
0
82
80
38
100
119
54
133
18
107
15
23
52
22
134
136
110
20
102
17
122
54
133
63
135
23
135
86
103
105
147
32
20
150
127
154
156
59
125
55
118
87
117
123
129
121
126
19
56
45
106
101
0
17
125
13
16
36
101
14
93
102
13
22
164
87
13
169
17
14
78
164
15
20
14
16
17
162
136
152
59
11
11
170
153
16
13
171
40
124
178
18
19
181
185
183
15
14
15
6
11
0
163
63
100
161
40
164
63
39
64
66
92
112
158
41
111
40
119
49
163
51
152
45
148
110
106
107
159
51
63
150
151
152
149
45
121
26
152
117
149
158
148
102
156
53
93
59
86
84
0
161
91
161
170
61
171
40
184
59
63
201
170
170
130
110
68
169
54
171
60
182
189
171
227
123
232
221
174
193
238
252
174
172
185
222
41
160
214
229
146
164
176
239
34
214
0
206
110
0
154
106
76
151
62
167
43
50
45
67
161
103
151
44
132
64
152
70
108
69
157
73
110
169
113
110
167
62
66
164
166
121
114
57
129
56
114
129
170
153
96
168
120
56
68
0
72
104
57
139
70
144
154
29
83
33
59
61
52
148
158
86
53
149
56
150
33
161
53
150
57
139
103
139
170
146
43
46
161
165
159
174
50
141
44
142
133
136
160
152
161
160
46
83
0
93
85
0
164
103
74
131
40
100
22
53
52
41
129
133
94
55
126
39
150
48
130
25
150
40
160
150
169
178
171
54
56
122
165
90
134
55
165
40
148
154
130
104
157
123
140
42
94
15
85
89
19
90
59
22
88
59
31
46
47
31
57
62
83
45
47
55
43
59
31
76
47
88
40
51
44
81
54
47
22
30
50
76
71
77
57
48
15
89
71
30
92
78
38
89
22
20
22
36
25
27
108
45
86
69
42
113
36
27
47
42
90
122
57
26
115
33
110
41
87
30
113
48
109
92
65
106
107
32
46
99
103
111
101
47
87
24
76
109
87
91
112
112
87
49
58
0
52
56
0
149
70
145
141
42
215
12
41
44
44
141
157
148
159
100
56
162
193
229
192
140
196
144
74
154
214
158
173
187
222
154
147
222
52
241
29
172
90
157
142
207
235
227
46
80
173
74
74
161
140
23
58
150
85
129
63
89
85
88
45
131
49
78
59
19
124
5
67
18
57
53
138
58
55
69
72
19
34
76
59
63
121
16
59
85
59
57
96
102
65
147
145
79
55
9
51
48
0
