305
128
322
306
179
311
114
196
196
197
312
302
158
174
310
146
299
189
301
190
305
183
289
139
294
298
288
169
149
293
276
301
302
171
294
126
161
300
295
293
266
291
295
184
146
146
143
150
151
224
40
231
224
58
215
180
28
126
185
223
200
73
159
210
118
209
59
200
26
65
171
208
62
59
214
36
168
123
213
63
195
67
143
101
114
57
138
189
180
180
43
191
153
27
21
26
26
0
201
99
212
210
94
207
77
71
68
67
222
212
147
90
61
82
221
89
237
90
246
79
188
146
80
227
80
92
68
210
236
224
230
50
73
79
202
76
129
202
74
80
83
43
51
46
140
155
52
188
113
237
178
42
94
27
56
58
61
250
168
164
3
185
2
203
8
143
6
177
11
177
171
182
148
202
3
7
196
199
168
177
10
185
2
160
196
181
129
178
204
173
3
117
0
108
117
1
94
28
109
96
41
104
27
20
32
30
106
83
70
19
65
20
85
31
88
27
86
29
84
49
67
76
87
29
30
92
97
88
102
38
75
26
82
66
93
103
104
98
102
30
39
0
42
40
27
91
92
58
96
5
87
3
4
35
6
101
104
103
6
73
7
97
34
105
42
112
8
100
82
104
98
113
12
7
106
109
105
114
37
104
41
101
81
95
115
101
101
107
11
56
35
83
80
0
4
83
6
4
17
56
4
58
67
4
6
98
51
5
102
3
3
39
91
1
6
4
5
6
92
75
87
39
5
7
94
104
5
4
109
32
81
109
4
3
117
119
121
5
5
5
2
4
0
102
30
74
100
29
116
28
17
31
34
67
81
87
25
66
20
75
33
102
31
100
37
113
87
78
80
110
32
33
111
123
116
119
26
79
16
107
93
109
120
116
79
107
32
72
36
58
46
0
161
74
154
167
55
163
49
128
56
66
128
130
155
104
100
61
153
41
170
63
146
132
143
146
95
131
158
140
134
153
158
157
145
135
156
56
139
145
155
122
154
143
149
47
143
0
154
86
0
108
62
57
104
52
118
32
52
37
55
117
56
118
33
99
53
111
59
58
61
114
64
67
132
69
70
126
61
55
118
128
66
70
61
88
42
82
80
124
120
75
119
89
48
61
0
56
69
44
97
62
99
115
22
67
33
30
43
30
92
125
53
47
134
34
128
32
117
42
119
45
122
81
91
126
121
49
32
123
120
127
120
43
88
25
104
82
83
113
111
109
111
31
51
0
49
48
0
86
51
26
53
14
52
10
59
57
14
62
52
36
59
57
12
85
59
51
11
91
10
106
82
101
103
107
57
52
60
97
41
54
52
72
36
73
69
48
36
70
42
66
15
39
10
33
36
17
39
32
12
45
26
28
29
37
20
27
32
52
20
37
31
31
41
24
46
35
46
33
33
31
46
31
29
12
21
24
28
34
42
32
33
9
39
30
19
42
42
26
38
16
7
17
19
7
11
83
28
71
57
21
82
24
14
24
28
73
74
45
16
80
16
90
26
68
17
87
29
91
64
51
93
82
16
36
84
88
91
89
27
68
14
53
92
49
76
76
78
72
32
55
0
50
51
0
108
56
109
110
21
141
7
24
25
23
103
119
111
99
86
30
107
98
141
113
114
124
114
70
126
168
134
103
105
151
124
122
166
30
168
13
119
76
131
120
142
173
180
24
67
109
66
62
107
89
19
29
91
58
94
44
54
57
57
31
93
34
64
41
14
87
9
41
15
45
35
100
42
38
45
44
19
21
43
43
44
74
17
45
69
40
49
64
75
44
99
107
51
33
12
29
30
0
