440
250
480
481
307
487
204
322
331
334
472
478
296
318
494
272
477
329
481
314
479
300
512
302
511
518
495
314
257
512
526
501
523
303
503
252
286
508
494
503
502
494
526
319
290
278
294
311
276
292
69
297
289
77
306
263
47
194
255
303
275
104
258
306
217
306
72
300
60
79
250
260
90
114
298
67
240
200
293
79
295
89
212
163
180
97
235
298
288
282
75
297
237
48
46
48
59
0
324
157
345
348
140
352
137
130
137
131
378
344
242
134
131
131
376
133
365
131
373
114
344
205
144
355
138
144
142
354
377
380
380
99
128
157
318
151
213
346
147
161
157
93
119
117
258
259
110
325
136
467
316
130
166
86
189
191
199
490
271
202
6
271
7
300
3
206
3
272
5
252
259
269
236
305
11
3
312
304
260
281
2
261
4
238
284
254
236
224
283
256
7
204
0
195
205
5
122
64
144
146
23
140
55
31
58
20
148
141
160
21
132
19
148
24
148
53
154
61
154
127
145
167
156
61
30
154
145
158
151
27
175
57
153
125
156
155
167
155
147
54
112
0
105
106
46
174
94
98
146
8
179
4
8
60
7
144
151
178
9
131
7
156
72
152
70
151
11
140
122
195
181
147
13
9
144
198
153
151
66
170
71
187
135
190
155
167
194
165
14
106
81
174
167
0
4
79
1
4
15
65
1
63
68
1
4
116
50
0
115
2
2
74
110
2
6
2
5
2
92
72
97
40
2
3
112
114
4
2
96
15
59
103
5
5
94
91
91
1
3
1
1
1
0
175
89
141
175
49
181
41
30
43
39
122
133
163
36
123
30
138
44
177
50
195
51
166
140
132
107
169
61
47
165
170
164
177
38
152
29
174
144
174
174
171
122
185
51
120
53
109
105
0
181
90
199
211
67
213
58
231
67
64
258
244
188
177
129
56
193
45
200
57
191
238
183
279
145
260
302
232
241
302
304
193
196
234
291
51
170
256
292
162
194
202
286
42
276
0
271
124
0
189
148
110
183
67
192
45
66
63
76
206
142
180
51
189
78
197
82
155
88
206
80
150
222
153
146
241
92
82
231
235
158
170
106
220
78
181
151
245
233
145
244
163
84
111
0
124
146
73
170
88
172
237
43
136
45
45
79
42
189
216
124
92
241
57
243
68
230
89
226
88
220
141
184
235
227
79
51
225
231
215
221
60
204
39
195
163
180
226
243
238
239
54
129
0
125
133
0
217
182
120
212
59
150
46
65
62
62
206
189
140
68
181
56
212
66
181
40
209
50
214
186
211
221
226
59
51
183
212
148
188
50
191
48
181
193
197
140
192
188
180
51
142
15
141
135
16
100
57
19
103
91
36
65
64
75
96
69
104
50
82
68
55
62
78
99
58
108
54
70
55
105
56
51
36
52
85
95
96
92
98
53
24
127
96
36
104
111
48
125
41
21
28
34
21
28
146
47
100
76
58
153
40
44
71
74
116
152
82
39
166
34
153
63
98
47
154
69
153
105
77
155
157
42
75
160
158
146
147
81
103
33
85
166
120
105
182
169
117
79
69
0
74
77
0
199
100
212
209
86
258
32
79
88
81
219
200
215
203
132
83
221
222
263
239
213
231
207
110
216
279
217
216
226
260
217
225
281
90
280
55
230
137
224
229
242
283
268
84
90
224
90
96
211
182
31
68
193
140
182
112
147
149
157
36
190
49
138
69
15
201
12
46
17
64
119
191
58
47
61
61
11
30
56
59
63
164
13
55
124
43
59
87
150
47
165
170
115
42
11
44
45
0
