501
243
534
555
313
547
210
342
333
344
531
481
265
310
498
233
511
317
494
322
486
319
460
274
447
467
464
314
253
442
460
457
461
315
443
246
289
460
454
453
470
454
468
304
231
251
247
256
256
295
60
303
292
94
296
253
44
198
252
305
313
96
279
320
238
352
109
342
53
124
272
330
105
100
339
61
300
244
354
102
349
123
274
195
206
111
244
317
330
330
61
341
283
43
34
47
49
0
313
131
325
319
118
343
91
84
87
91
336
328
213
128
101
107
317
130
346
121
336
94
309
195
132
323
138
141
105
339
322
329
328
80
114
125
280
119
216
303
113
122
119
55
81
74
225
212
62
343
174
405
336
91
172
61
128
144
134
391
293
225
5
295
4
305
2
197
3
304
6
280
260
256
253
287
3
3
301
290
283
264
4
277
0
237
306
272
220
243
300
274
1
192
0
181
191
2
92
53
118
124
37
118
23
17
35
31
117
104
93
19
86
34
110
31
108
35
115
40
103
86
85
94
113
40
35
119
114
114
105
21
99
39
111
87
115
107
108
113
109
40
58
0
54
51
36
117
123
69
131
11
94
5
10
48
10
140
131
108
6
94
9
129
56
133
53
132
8
136
98
116
114
136
9
10
143
130
134
149
55
148
55
122
97
118
145
159
124
148
13
61
56
110
104
0
8
96
15
12
28
80
4
70
79
3
10
141
46
5
137
7
6
58
140
4
9
8
8
8
112
93
101
34
5
6
126
122
8
5
111
24
85
114
6
12
112
110
115
3
7
4
3
7
0
121
68
85
147
41
121
46
27
46
50
83
88
121
35
81
36
98
54
128
49
134
51
128
87
86
87
145
55
60
149
161
133
141
46
90
27
118
110
111
129
127
81
132
42
72
52
72
70
0
190
96
180
177
62
193
56
220
63
63
219
196
194
165
143
62
191
45
200
58
207
244
215
240
136
245
259
237
255
255
260
210
213
234
238
47
181
258
271
167
187
203
246
40
244
0
223
127
0
157
93
80
150
60
163
38
65
48
64
146
92
150
43
127
74
175
79
107
79
172
90
102
158
102
89
150
73
70
177
168
106
104
80
128
47
121
104
159
141
89
142
104
56
76
0
64
97
44
148
62
159
172
38
105
17
46
42
44
149
174
116
38
166
54
163
23
166
42
166
39
163
128
154
160
169
46
48
160
164
163
168
36
158
45
154
155
137
178
160
161
173
48
102
0
109
112
0
190
77
80
115
24
110
18
95
96
21
101
114
92
99
110
21
186
101
119
12
191
21
208
178
206
193
194
82
63
109
199
93
96
74
157
55
146
148
95
84
139
99
142
19
79
24
79
81
17
76
39
19
69
40
28
46
38
38
47
48
67
33
44
39
38
49
34
69
33
73
35
52
38
72
56
45
25
38
56
68
64
57
51
51
16
69
60
28
69
83
33
60
25
15
20
27
18
15
120
36
95
76
28
122
35
25
29
34
101
107
60
30
114
24
108
32
106
16
109
33
114
100
71
112
120
34
49
124
122
113
122
48
93
22
77
139
95
94
137
128
97
53
60
0
59
73
0
154
70
158
157
43
226
13
41
49
45
160
150
169
195
115
45
164
200
246
227
165
219
180
114
183
258
181
195
208
265
173
186
266
66
254
39
182
116
180
180
224
264
254
57
89
198
87
100
208
152
33
54
160
116
153
101
118
103
123
47
172
64
114
60
13
156
3
54
11
59
98
168
54
45
47
52
13
30
50
59
53
148
9
43
119
47
49
70
143
58
179
177
105
43
9
48
36
0
