161
99
166
164
103
164
82
110
114
110
166
176
90
114
181
95
167
112
175
113
177
108
194
86
199
197
195
104
78
196
203
197
185
103
182
92
94
181
181
178
182
185
183
103
100
101
94
100
98
112
22
116
113
10
120
95
8
94
106
118
121
33
99
119
97
117
12
123
5
16
101
136
19
40
148
13
132
121
141
18
148
19
109
44
102
13
117
127
129
130
10
136
122
11
8
10
9
0
140
60
151
161
46
159
76
72
72
74
157
156
80
35
26
42
151
42
163
80
155
77
125
80
36
135
37
34
57
133
137
139
127
35
35
39
102
39
94
116
38
38
42
34
32
30
83
82
28
133
35
184
142
46
89
40
81
81
79
188
113
82
2
114
1
123
3
107
6
110
7
95
101
121
91
133
2
12
130
131
118
112
5
117
2
99
121
114
103
90
122
112
1
87
0
85
90
2
47
9
44
45
6
50
8
10
11
4
51
48
40
6
44
10
58
11
58
11
55
9
47
44
45
47
48
11
6
47
53
47
51
8
48
11
45
44
46
44
48
50
49
11
33
0
31
36
12
79
31
55
68
1
72
2
0
11
4
71
74
79
1
62
0
67
17
70
17
76
2
70
64
75
74
71
5
5
73
78
76
71
20
75
14
82
63
77
71
79
78
72
6
63
17
78
79
0
2
22
0
1
3
21
1
23
20
1
2
33
15
2
34
2
1
21
31
0
2
1
2
1
29
24
31
17
1
1
32
32
3
1
40
12
32
41
2
2
38
40
41
2
0
1
1
0
0
46
21
31
51
16
48
15
11
17
21
34
33
54
15
30
19
41
26
54
23
60
26
46
37
37
28
52
19
26
52
47
54
57
21
40
17
50
50
54
54
53
32
52
28
33
21
31
30
0
74
26
70
72
29
78
26
81
31
38
101
79
76
54
43
31
84
27
77
34
71
77
72
97
35
90
107
69
93
112
107
74
77
77
97
17
56
92
106
47
62
63
94
13
92
0
93
38
0
64
42
32
54
20
64
10
17
15
22
66
38
62
9
43
16
51
19
38
21
58
20
40
56
32
37
55
21
22
58
58
42
43
20
44
19
42
44
47
52
42
50
39
16
27
0
27
37
16
52
27
63
66
5
44
3
13
14
14
57
77
43
16
74
11
76
12
72
15
79
18
65
43
71
68
71
17
16
74
70
73
71
10
66
12
59
57
59
72
66
72
76
19
54
0
53
50
0
79
47
59
73
13
51
14
23
17
16
76
74
62
20
76
15
82
17
70
12
75
14
79
76
77
76
77
16
19
74
73
51
66
15
72
13
71
67
68
56
67
72
62
11
52
3
51
61
1
28
11
9
30
22
9
14
16
14
25
21
29
13
30
16
12
17
20
38
15
34
12
14
16
30
17
15
18
13
27
30
25
29
32
13
15
38
30
16
40
37
8
38
10
2
9
7
6
9
40
10
31
22
22
42
14
16
22
21
33
46
17
14
46
9
47
23
26
17
46
19
39
33
21
44
41
9
25
45
45
46
46
27
30
12
22
57
41
34
61
55
29
32
17
0
13
19
0
68
35
68
66
20
107
9
14
15
17
68
68
67
72
39
26
66
86
115
96
76
94
79
52
73
116
82
92
87
115
78
79
122
32
125
8
84
55
85
81
109
118
123
32
42
81
41
46
83
60
9
23
65
52
73
44
48
51
54
18
57
15
44
23
3
64
1
20
3
23
40
56
19
23
24
24
5
13
17
23
20
72
3
21
56
21
23
32
73
25
78
74
48
21
2
22
22
0
