334
136
334
338
196
348
110
202
209
200
347
317
167
207
323
152
317
203
323
196
325
193
306
161
317
314
302
184
150
319
315
313
322
190
310
145
173
321
326
317
320
321
329
194
155
164
160
158
164
240
40
233
234
83
234
218
37
180
200
247
223
72
206
241
166
229
86
248
49
93
205
201
64
79
194
47
176
139
216
74
211
69
127
77
107
55
131
171
165
169
38
181
135
36
30
33
37
0
176
97
204
207
90
219
58
56
45
59
207
212
141
88
73
79
212
83
231
69
211
62
227
129
84
228
84
95
76
228
216
225
232
63
79
90
194
94
150
214
87
92
94
50
68
62
167
157
56
227
106
276
231
53
113
40
81
90
80
287
208
151
1
207
2
225
2
150
3
209
5
182
187
189
176
218
5
2
219
222
181
182
0
186
1
168
219
192
169
173
218
195
3
151
0
152
153
2
56
35
65
59
5
53
26
21
37
6
64
69
85
9
62
13
72
14
74
36
67
38
82
50
75
76
80
41
16
80
83
80
77
16
83
29
73
66
77
83
80
80
79
37
46
0
50
51
30
72
69
41
81
5
76
2
4
32
6
75
79
75
5
67
7
82
27
81
30
80
5
88
69
70
70
83
10
6
82
82
88
87
39
84
33
86
63
81
97
86
82
90
11
41
35
85
68
0
7
64
5
4
11
51
5
42
51
3
2
81
36
3
95
5
5
49
91
6
5
6
7
4
89
68
89
45
6
5
93
91
5
4
88
23
61
87
4
7
76
90
93
5
5
6
3
5
0
106
45
72
121
40
128
49
31
51
52
71
70
108
25
68
42
87
50
118
50
122
53
120
74
65
64
123
56
59
125
127
139
124
49
73
22
115
82
116
135
125
69
129
49
75
47
61
51
0
146
80
146
141
51
150
36
132
52
58
150
132
150
103
99
52
152
49
151
57
153
142
140
179
106
157
175
134
151
177
177
134
143
143
163
45
127
156
162
114
136
138
163
28
167
0
160
80
0
115
84
66
103
38
112
25
30
31
33
130
82
107
18
99
36
119
37
86
38
135
41
89
119
80
83
114
39
29
118
126
88
94
40
123
43
110
100
129
118
98
129
95
34
68
0
75
95
30
97
52
110
112
14
80
23
50
37
41
110
124
70
29
121
44
128
26
118
30
121
33
113
79
108
108
108
33
44
105
117
116
108
23
111
41
101
111
82
120
114
123
122
40
74
0
69
69
0
109
47
42
72
18
64
10
61
56
20
73
72
59
62
71
21
113
57
78
13
123
26
123
101
113
120
121
59
60
77
113
58
75
58
100
44
88
82
75
63
85
80
79
25
45
17
44
50
13
70
32
16
80
53
17
27
24
49
59
33
60
29
33
35
23
35
27
53
25
59
22
33
25
63
30
30
21
22
53
53
61
61
63
28
14
72
64
20
77
77
24
72
18
6
19
13
6
11
70
17
63
47
29
80
32
22
26
32
68
80
43
30
76
27
76
22
68
17
77
22
84
65
43
78
86
28
37
84
86
83
82
39
61
14
63
97
71
62
94
96
64
44
36
0
37
37
0
120
52
136
126
41
172
19
42
36
35
122
105
125
114
72
47
134
121
150
140
130
144
120
52
127
158
125
128
137
168
142
133
184
51
163
25
148
98
142
142
152
194
189
44
71
125
62
71
130
121
29
56
123
74
130
51
70
65
73
43
119
47
72
56
8
130
5
53
9
64
61
140
56
43
52
61
14
30
54
50
56
102
12
62
89
46
58
86
117
53
144
146
88
48
8
47
45
0
