408
191
458
456
245
449
148
274
276
270
446
414
204
252
406
193
419
267
401
253
423
257
399
195
420
391
408
246
201
396
399
414
383
245
406
199
238
399
420
414
422
412
417
259
171
194
181
181
201
272
68
287
286
78
291
231
35
160
246
282
262
83
198
272
148
281
60
259
40
110
208
281
95
100
291
60
229
166
298
109
302
104
212
173
158
97
179
264
287
263
61
254
216
35
29
37
40
0
254
132
275
290
121
291
80
84
76
81
284
264
173
104
89
86
267
98
284
75
262
70
264
184
109
274
109
118
81
281
281
272
299
74
99
101
268
100
185
269
103
113
103
56
76
69
190
205
64
261
161
320
254
69
127
49
103
110
112
315
241
186
6
232
3
247
6
164
3
222
9
240
196
216
191
247
4
5
246
253
221
254
5
220
0
204
253
225
196
219
263
223
1
156
0
153
160
0
119
50
124
123
55
117
33
18
33
49
135
111
71
32
82
46
123
53
132
32
124
27
111
65
68
68
109
33
44
105
107
106
106
40
73
32
103
79
113
119
120
123
120
39
50
0
46
46
28
107
115
54
114
12
98
10
15
43
16
118
136
119
12
82
12
119
43
133
54
130
18
124
81
111
108
124
15
11
120
123
135
122
52
121
53
112
85
117
124
135
113
132
18
62
50
95
102
0
12
86
13
8
25
63
7
59
76
9
14
124
40
7
125
9
7
56
127
7
10
8
13
12
89
85
79
32
10
13
104
107
16
7
80
15
63
81
10
13
83
81
76
8
12
13
4
9
0
78
34
48
79
24
74
24
24
24
27
49
53
72
24
53
28
60
30
70
29
73
27
71
53
47
50
75
30
30
74
71
71
75
31
56
16
73
56
70
76
69
40
74
23
43
21
41
32
0
146
92
142
149
34
150
38
159
35
36
166
159
153
149
106
24
149
16
144
32
146
189
146
206
123
190
207
182
198
220
204
143
142
192
193
32
125
185
197
123
135
143
192
27
208
0
200
113
0
104
68
54
122
51
113
23
49
47
50
122
76
105
24
103
41
106
46
73
45
112
53
85
117
83
67
112
42
49
115
130
81
84
38
75
53
102
85
108
121
84
117
73
36
57
0
60
77
48
120
60
130
142
21
100
9
28
26
21
128
138
98
25
132
28
142
11
139
25
133
25
149
123
137
151
153
39
25
157
162
155
158
35
141
22
135
129
127
152
143
148
157
27
105
0
107
97
0
143
55
62
89
18
87
14
78
78
21
93
92
81
80
91
17
139
75
88
12
158
14
169
158
178
164
162
71
56
88
150
72
89
68
136
54
121
120
95
77
117
92
108
22
70
25
67
71
21
50
33
18
54
34
18
32
27
24
27
45
42
29
14
52
28
43
14
48
30
39
41
50
40
46
42
39
14
41
29
39
48
51
29
43
12
49
39
31
55
50
36
52
22
18
21
27
17
17
69
18
58
41
25
69
31
15
28
21
70
78
48
23
76
22
76
29
67
24
80
33
69
58
59
79
78
23
34
90
89
90
93
44
61
25
66
84
75
78
94
94
81
46
46
0
49
53
0
111
55
114
126
31
184
12
31
26
26
115
112
117
158
76
40
117
163
196
182
125
182
130
89
121
183
112
152
167
189
126
126
189
46
188
30
133
90
137
133
176
183
187
42
53
157
58
61
150
119
26
30
141
103
117
79
102
114
99
20
135
32
114
31
5
143
2
29
4
35
92
140
31
21
30
29
6
33
27
29
28
121
6
32
93
23
37
70
116
32
143
144
82
26
3
30
24
0
