172
77
182
183
91
176
71
118
115
110
179
178
104
103
166
92
174
104
168
100
171
95
179
94
172
163
170
103
83
166
172
168
170
101
173
89
108
174
169
173
175
175
173
100
106
95
108
109
97
105
22
118
111
17
108
97
15
68
98
118
114
31
101
113
84
122
19
122
15
20
102
107
24
37
113
16
97
88
117
25
121
20
97
55
87
20
109
125
115
121
18
113
105
19
19
24
20
0
116
44
118
123
43
127
51
49
46
51
123
120
60
33
31
31
132
37
127
57
124
56
103
74
32
115
37
37
42
124
119
118
126
47
41
43
94
43
95
113
39
44
43
37
31
27
88
79
28
106
40
160
113
28
88
28
49
59
59
159
98
85
2
108
1
98
0
82
0
100
1
79
98
92
75
111
3
3
104
107
100
88
2
106
1
88
110
105
80
85
120
100
0
84
0
88
92
0
51
24
56
55
5
48
17
8
21
4
55
39
49
1
40
1
43
4
48
15
49
22
46
37
44
49
46
15
7
48
54
49
50
3
47
20
42
45
46
45
43
44
45
18
32
0
35
34
21
61
24
38
50
1
50
2
3
12
3
52
57
52
2
47
3
54
17
62
15
60
2
55
47
58
60
57
4
4
55
61
52
58
17
63
14
57
48
61
61
60
53
60
6
44
19
58
60
0
1
34
3
0
6
29
1
30
30
1
1
33
24
1
38
1
2
24
34
0
3
2
3
2
28
21
36
14
1
0
36
30
3
0
38
13
34
44
3
2
44
44
42
1
2
1
0
1
0
49
25
40
56
13
51
10
5
12
12
36
42
55
15
42
12
48
16
59
16
57
14
49
47
44
41
50
13
8
51
53
49
55
6
41
8
50
47
47
49
51
44
51
6
36
13
29
30
0
73
42
65
84
13
85
8
72
14
12
101
81
73
58
56
17
86
10
75
15
85
86
80
106
62
108
122
71
76
113
113
83
81
68
119
20
98
104
123
75
97
90
116
13
109
0
109
71
0
89
49
39
85
52
93
14
44
14
49
91
43
88
29
95
48
92
49
51
57
105
50
49
99
67
46
96
48
47
92
101
47
55
46
80
14
77
49
101
95
46
95
55
49
51
0
43
53
15
76
38
80
100
21
60
17
18
34
11
80
106
72
28
103
18
106
23
104
27
115
28
107
81
78
105
105
35
14
110
115
109
115
37
80
15
111
78
98
126
120
120
120
15
71
0
75
69
0
69
73
32
81
44
55
35
20
23
41
87
71
41
21
65
29
59
17
62
19
57
29
66
53
65
63
63
17
16
67
66
37
62
25
52
16
52
53
74
42
55
66
54
32
44
2
51
47
2
39
15
6
38
31
7
17
14
32
33
18
27
13
21
20
14
20
21
24
15
21
12
18
14
28
16
9
6
12
21
24
30
29
29
16
11
34
27
13
37
35
13
36
8
4
8
3
2
5
65
20
63
46
19
73
12
15
22
19
64
73
49
12
64
15
63
23
59
15
60
23
68
59
47
57
57
16
22
64
58
67
61
18
58
8
61
67
46
71
68
64
68
18
44
0
41
40
0
48
16
60
59
20
79
8
21
18
23
55
59
57
69
33
22
57
78
84
86
58
91
56
40
59
88
60
83
93
90
60
59
98
28
84
18
70
48
75
72
84
89
87
28
19
75
19
18
69
67
18
16
77
59
73
47
61
64
58
9
85
34
73
19
6
81
2
16
7
15
56
97
15
16
19
15
6
23
21
18
14
83
6
16
77
14
20
34
78
16
99
97
69
10
4
11
12
0
