150
73
149
160
96
154
71
101
106
106
155
157
92
103
152
87
158
109
151
103
162
103
153
78
145
157
145
100
75
147
153
146
163
97
159
88
91
167
160
165
167
160
169
94
85
94
92
97
90
109
20
103
108
17
111
92
16
71
84
109
104
34
78
109
64
108
26
115
20
23
79
96
29
22
98
20
83
76
101
25
93
27
68
59
55
25
75
93
101
90
24
89
77
23
19
20
21
0
119
54
122
126
41
121
42
45
38
43
126
116
76
37
31
36
124
41
123
40
122
39
108
70
40
121
39
47
40
120
112
121
120
45
38
45
98
47
88
123
38
43
45
49
31
31
83
82
31
96
35
136
100
32
67
16
47
49
43
138
85
67
2
83
2
89
1
65
0
91
1
67
80
81
66
91
1
3
95
98
74
83
4
87
0
81
95
84
68
74
97
90
0
72
0
65
75
1
54
20
46
55
9
52
19
11
21
7
58
53
55
6
44
5
50
8
54
23
53
19
54
44
54
59
55
25
11
59
58
49
51
10
60
17
54
51
54
57
56
53
58
18
35
0
38
36
20
65
51
30
67
10
56
7
10
20
8
65
65
59
4
52
7
58
28
69
24
60
6
60
44
59
65
62
12
8
67
70
65
71
27
70
24
63
53
60
64
70
64
69
9
33
24
55
56
0
2
21
1
2
5
14
2
18
14
1
2
32
8
2
33
1
2
21
38
2
1
0
3
0
29
25
23
8
2
2
27
32
3
1
38
9
20
37
1
2
42
39
41
1
2
1
1
2
0
58
21
39
50
11
57
12
6
11
14
37
48
56
9
40
9
37
12
54
11
49
9
57
39
36
37
56
15
20
64
56
58
62
12
35
8
56
49
49
50
50
39
51
16
36
16
29
27
0
74
36
72
78
14
74
12
69
15
18
88
73
85
45
39
22
88
17
83
21
79
53
69
100
45
93
102
56
72
95
105
74
80
59
103
16
64
91
97
59
81
70
109
14
93
0
98
56
0
68
51
39
80
28
75
17
16
23
27
78
49
65
12
59
20
79
24
50
28
78
25
45
81
53
53
81
28
27
74
79
52
58
29
58
26
63
55
75
72
50
75
51
27
39
0
36
51
28
58
26
66
81
20
50
10
16
25
14
65
80
48
30
79
15
87
18
90
32
92
33
88
58
65
92
89
30
10
86
88
91
97
33
71
9
77
63
56
86
83
85
90
14
52
0
53
49
0
48
49
34
64
30
39
28
16
19
36
68
67
40
19
63
25
55
16
60
23
59
20
66
54
63
58
57
16
14
65
50
39
61
15
51
14
47
45
67
35
42
68
35
31
30
4
33
31
7
40
26
17
49
26
17
20
23
23
27
28
38
14
22
26
20
23
18
34
20
39
22
26
24
47
24
25
20
16
40
49
43
52
41
24
21
65
51
16
54
54
18
60
8
10
12
18
8
10
51
15
55
34
25
57
13
20
27
24
58
57
28
14
53
12
55
22
46
18
51
20
53
41
29
58
62
17
27
53
54
50
56
22
43
8
43
55
45
42
52
59
35
26
23
0
21
16
0
60
23
57
53
22
83
17
25
21
23
53
45
56
65
35
24
54
61
88
75
53
68
52
44
64
85
64
65
71
91
60
67
92
33
85
19
66
61
69
60
79
84
84
20
28
60
25
25
58
63
4
17
62
51
52
46
44
46
54
15
61
21
46
15
6
66
1
13
3
14
42
69
17
13
12
12
1
14
13
16
11
56
1
13
61
12
13
31
60
14
79
69
48
11
2
12
11
0
