650
327
703
680
417
676
299
439
456
431
691
675
338
447
694
322
700
441
710
430
701
449
619
322
626
632
636
407
332
623
624
627
644
405
647
322
341
658
650
651
649
663
676
425
318
340
348
335
335
411
101
436
444
110
448
337
58
224
357
444
434
138
346
439
270
442
109
433
62
162
355
444
149
153
456
89
365
269
453
154
447
157
303
281
208
158
282
423
432
413
93
419
329
60
36
53
60
0
389
197
412
427
202
443
118
104
99
94
432
460
307
157
127
131
425
158
461
125
461
82
425
264
178
446
168
173
127
461
466
465
448
96
159
167
424
159
324
459
171
171
172
80
123
100
344
346
108
427
240
518
418
110
250
90
163
174
175
505
374
308
8
381
2
422
12
257
7
378
14
378
328
356
324
441
10
9
434
426
349
405
11
364
5
353
395
383
307
349
396
367
7
263
0
234
264
3
173
65
176
176
92
182
55
35
60
64
185
185
118
55
138
69
200
91
186
50
195
54
163
99
112
120
159
56
65
170
168
164
165
67
120
53
143
127
175
173
166
180
168
63
71
0
67
71
49
154
169
75
163
17
147
13
17
67
20
180
182
158
14
114
9
167
73
190
70
184
19
170
114
163
156
179
15
10
169
159
174
161
76
164
71
163
118
155
157
164
168
162
21
87
73
130
145
0
6
124
9
5
22
93
5
78
108
3
9
154
61
4
172
3
5
82
171
3
7
4
6
4
121
117
120
49
3
6
142
137
8
2
164
34
125
170
7
6
171
162
174
5
4
4
2
5
0
137
70
107
150
30
153
41
32
36
34
99
108
147
31
97
42
117
42
154
44
148
47
135
107
102
99
145
44
32
128
128
133
129
43
111
19
147
121
145
138
156
107
138
41
95
42
81
96
0
225
140
245
242
45
240
36
279
44
43
283
264
228
251
179
40
218
37
225
39
227
311
241
320
175
333
335
284
317
337
346
242
240
293
330
45
238
330
348
215
253
245
358
32
323
0
322
172
0
203
124
91
188
79
213
43
72
66
84
196
128
189
55
172
90
199
94
139
96
217
94
127
187
134
126
198
92
74
224
191
135
137
80
164
73
159
132
203
199
137
189
143
74
100
0
98
120
65
178
91
199
234
55
137
30
51
71
43
194
209
161
61
230
42
242
38
239
52
226
55
213
181
201
240
242
64
40
239
250
251
240
69
199
37
237
196
209
247
249
252
237
40
145
0
145
159
0
252
97
93
137
24
158
15
148
128
28
143
143
117
145
138
22
232
142
140
14
261
23
274
227
273
269
279
127
116
137
249
108
146
98
221
95
195
200
144
110
182
138
177
25
102
37
109
101
33
92
50
36
103
75
34
49
55
56
69
62
91
47
64
66
51
66
48
92
54
82
47
52
52
93
53
55
29
45
71
78
74
86
61
57
28
90
68
45
75
93
53
90
33
23
33
31
22
23
136
38
115
95
40
149
43
35
43
45
131
127
99
46
144
46
126
48
121
25
137
51
148
121
103
141
139
40
46
147
133
139
136
60
111
27
102
161
108
107
148
157
112
66
68
0
73
71
0
167
76
201
196
60
277
35
71
71
68
190
183
187
238
127
70
187
283
306
292
199
300
191
126
199
304
195
270
288
329
207
200
332
92
317
43
217
140
218
223
292
315
315
86
80
263
84
81
242
213
37
50
204
152
202
113
164
151
148
38
198
69
176
47
8
205
3
42
8
44
135
231
54
41
50
49
15
61
48
51
52
186
11
49
181
39
51
91
201
50
228
221
177
41
6
41
39
0
