426
184
455
460
226
459
133
252
246
250
446
423
206
245
422
166
429
232
441
227
432
227
412
208
396
419
392
223
169
410
418
406
408
225
415
163
207
428
424
408
428
422
435
217
194
177
194
215
169
276
42
287
288
94
275
255
36
211
249
287
242
77
219
257
196
251
72
270
39
78
223
252
69
79
264
46
228
192
254
74
265
76
208
126
164
70
185
239
243
250
37
247
201
39
30
38
37
0
248
95
265
265
115
274
75
77
72
78
278
257
175
112
84
85
247
104
280
88
279
77
263
170
103
257
100
102
91
270
278
273
272
70
95
103
237
96
171
255
99
96
95
75
75
70
189
183
72
269
122
346
290
76
125
48
103
103
109
343
239
197
4
252
1
260
2
196
5
253
4
219
217
228
196
258
4
2
255
250
236
224
2
242
1
220
240
236
206
202
251
238
2
190
0
173
188
2
99
41
109
108
24
108
32
20
39
15
117
99
102
16
89
12
104
22
111
39
108
34
100
76
92
110
105
40
21
99
102
97
99
19
117
34
109
92
101
112
112
104
107
34
68
0
73
78
36
94
88
52
107
8
96
5
9
36
9
102
112
106
8
79
7
115
43
114
47
121
12
110
82
118
106
112
17
11
119
113
121
110
49
122
44
107
90
109
114
113
116
112
13
69
47
104
98
0
5
60
4
5
10
49
5
52
46
3
6
75
42
3
81
4
3
48
85
5
6
4
2
4
80
65
81
39
3
4
85
82
7
4
87
21
71
87
4
5
84
92
92
3
4
4
2
5
0
109
44
75
106
32
114
40
28
40
34
75
82
114
27
73
36
92
49
111
46
114
34
112
85
80
72
111
47
54
117
108
111
107
30
85
18
103
81
115
100
105
70
112
39
80
42
62
62
0
139
81
124
125
38
144
33
144
38
37
150
149
137
132
96
45
138
40
132
49
135
148
131
181
94
172
185
148
158
191
179
130
137
158
174
43
120
181
184
112
145
137
192
37
175
0
166
103
0
129
91
66
121
54
135
24
49
42
55
123
83
127
19
94
41
127
40
96
39
128
43
105
140
90
94
135
48
47
130
140
98
109
52
112
46
115
103
143
136
97
153
96
43
77
0
81
105
41
125
55
137
144
22
88
23
39
34
40
141
156
115
43
172
33
160
32
169
46
163
34
164
120
130
173
168
42
36
160
172
169
174
42
137
34
142
137
130
167
159
171
164
37
96
0
95
107
0
123
76
59
88
23
80
22
61
56
30
95
85
67
57
93
19
130
60
74
24
130
23
154
120
137
147
139
62
59
95
132
73
91
50
112
44
111
118
102
72
107
88
101
27
65
14
66
55
17
74
48
22
70
42
27
39
37
42
51
53
69
36
45
42
30
48
46
65
45
62
43
46
39
84
50
48
28
39
64
79
73
81
68
36
21
80
61
30
68
65
29
84
27
8
16
27
13
13
81
35
69
57
32
95
30
23
39
36
77
110
56
28
108
23
103
59
75
33
115
55
119
73
61
106
112
26
59
114
120
117
115
45
77
19
72
122
75
76
113
114
83
52
44
0
37
38
0
144
64
140
145
54
153
30
57
52
60
148
113
156
126
78
60
156
158
179
150
152
153
170
88
165
177
172
130
164
175
161
160
196
59
186
22
161
110
155
154
158
186
188
58
70
154
66
61
131
134
27
57
133
87
136
71
91
90
87
37
131
46
103
46
13
134
10
50
13
47
77
160
45
40
55
48
16
44
47
48
42
124
11
57
128
43
60
74
149
62
172
179
115
37
13
45
41
0
