239
104
247
249
152
243
90
158
162
157
260
209
113
157
210
143
215
150
213
157
204
152
187
132
208
192
201
133
133
200
188
206
195
145
217
123
144
221
225
217
212
226
230
138
129
136
127
138
133
142
39
141
154
36
146
118
18
98
115
152
145
51
113
151
105
138
38
150
25
48
125
161
45
52
161
36
138
104
158
46
174
44
123
92
96
38
117
146
157
148
30
154
133
24
23
26
26
0
178
76
186
184
63
186
70
67
65
75
186
172
102
56
51
52
187
64
190
79
195
70
178
108
61
188
61
67
75
196
194
198
189
51
61
66
156
65
120
178
62
64
73
44
59
59
134
123
65
149
37
213
149
43
112
46
98
101
89
221
114
93
2
121
3
129
0
105
0
115
0
87
121
121
100
120
2
1
126
119
121
109
3
116
2
115
131
125
113
102
120
118
2
108
0
101
97
2
59
21
65
64
13
69
26
7
25
10
59
56
59
8
53
11
52
13
63
29
56
28
55
45
43
61
57
28
8
55
52
53
54
11
73
23
55
52
59
62
65
53
57
24
40
0
40
47
26
85
43
53
78
4
87
4
3
33
4
79
78
84
1
67
2
74
35
74
37
76
4
76
76
99
103
84
5
2
72
103
78
85
35
85
37
98
77
106
88
82
99
87
10
62
37
92
89
0
0
36
0
0
2
35
0
33
23
0
0
49
28
0
51
0
0
42
44
0
0
0
0
0
44
36
42
26
0
0
38
42
0
0
40
19
29
35
0
0
41
40
42
0
0
0
0
0
0
62
32
55
65
11
66
13
9
12
13
51
53
69
9
50
15
68
17
69
14
67
13
64
55
57
51
65
14
14
69
68
66
61
14
58
10
66
62
69
68
72
60
65
17
57
8
50
56
0
115
42
88
119
32
117
29
100
27
31
149
120
107
77
94
32
109
23
110
36
117
108
107
174
86
162
169
98
116
178
174
122
116
88
166
35
112
157
173
101
130
129
178
30
158
0
162
86
0
123
84
65
116
55
133
24
47
34
49
127
89
116
26
111
45
131
48
93
49
128
46
102
129
92
87
133
48
35
135
133
102
102
49
117
37
118
103
153
135
101
144
97
46
80
0
77
106
39
75
48
88
125
30
73
26
11
54
8
100
138
74
56
134
12
142
32
144
53
132
55
135
92
86
142
142
57
12
145
146
137
144
71
84
13
141
77
118
155
168
166
162
13
65
0
75
81
0
87
98
58
117
49
80
44
13
15
59
129
115
75
16
116
49
97
19
105
23
101
40
100
90
101
102
105
23
23
110
104
73
108
16
106
15
96
95
122
83
90
117
83
46
74
9
68
66
11
66
29
17
70
55
20
35
34
55
61
33
40
27
27
38
34
36
37
44
32
50
28
36
32
41
37
27
15
27
42
43
46
40
47
31
11
56
43
21
53
51
33
54
22
10
13
16
10
13
68
17
68
40
25
65
19
14
31
28
66
79
44
22
69
24
70
25
72
20
71
26
71
63
53
77
82
27
26
78
72
77
73
23
68
20
59
73
67
65
75
76
68
25
47
0
36
45
0
89
37
95
89
30
130
10
24
26
31
96
78
87
95
61
25
97
116
135
122
88
133
102
73
94
140
99
112
112
149
95
102
152
45
147
22
104
84
109
99
133
150
143
33
50
116
46
55
114
69
5
17
74
68
79
59
61
63
68
12
84
29
78
14
6
80
7
11
4
16
67
88
11
11
13
13
8
17
12
16
9
69
4
18
76
7
14
18
75
14
90
88
74
9
4
9
8
0
