347
172
369
370
232
366
131
238
238
238
366
355
208
228
363
198
363
234
349
232
360
224
350
235
346
337
331
223
188
330
354
327
348
222
341
197
236
362
351
351
350
359
363
216
231
213
226
230
203
211
70
217
217
61
205
153
48
126
166
225
197
98
153
202
130
197
62
215
49
65
157
220
59
108
238
60
178
148
226
74
237
74
201
111
163
76
198
245
251
249
47
246
194
60
57
57
62
0
245
77
270
275
111
280
136
120
126
136
295
249
185
103
89
102
258
106
274
120
287
93
284
190
96
307
101
101
130
295
301
305
302
125
92
98
232
96
198
270
96
99
102
110
81
74
175
167
73
232
99
297
234
77
115
59
110
124
122
309
182
153
4
194
3
216
3
145
2
203
6
216
162
225
150
258
5
23
250
244
177
206
16
175
4
166
230
185
151
177
246
187
2
131
0
137
131
4
132
42
128
130
12
131
43
22
54
9
137
120
150
5
93
8
118
7
123
52
120
56
114
106
132
145
127
49
9
125
115
114
112
8
154
51
121
108
115
113
117
121
125
51
87
0
95
97
53
153
109
82
146
7
146
6
5
54
7
146
144
164
10
125
10
150
62
159
70
155
11
147
129
167
166
146
6
4
144
171
146
143
67
162
60
174
136
156
150
161
170
153
9
108
68
162
160
0
2
61
1
2
11
57
0
56
55
0
2
74
40
0
80
0
1
43
77
0
3
1
5
1
78
58
81
38
0
2
79
78
4
0
80
20
66
90
1
1
86
89
86
0
0
0
0
0
0
116
64
92
125
45
125
31
22
30
29
97
98
125
44
90
50
111
62
138
60
135
62
115
94
91
73
121
60
50
113
120
125
117
42
114
28
136
91
123
140
133
94
130
43
101
65
100
87
0
210
123
198
219
91
217
67
178
93
92
194
213
222
147
125
94
231
78
225
90
227
174
224
224
105
205
230
176
186
226
241
217
224
164
221
70
180
205
231
158
210
219
240
52
216
0
215
127
0
222
139
118
209
105
238
36
83
52
101
239
143
207
59
158
80
201
90
144
90
207
91
147
219
153
142
220
89
91
213
208
149
157
99
214
59
183
147
227
231
149
227
158
76
119
0
127
140
54
144
78
178
164
32
96
23
55
45
43
178
183
125
50
185
48
180
34
180
49
186
50
179
136
176
187
182
51
57
190
184
189
188
41
170
51
188
168
158
193
188
194
195
53
115
0
109
106
0
138
127
65
139
60
92
47
53
44
64
147
125
96
57
130
55
155
60
127
46
153
55
148
138
150
147
149
56
58
121
133
93
131
57
126
41
118
118
128
81
119
140
116
46
80
9
79
82
14
117
48
28
113
81
29
49
50
68
86
61
107
50
70
61
52
60
63
109
50
106
57
64
61
101
58
50
32
44
87
96
103
97
82
46
27
109
103
33
115
108
49
105
28
13
26
26
11
20
150
60
128
77
45
157
50
38
56
59
119
164
82
42
164
43
165
61
129
38
156
63
153
112
64
160
162
48
75
172
169
163
168
72
118
17
94
156
102
135
158
161
140
77
69
0
77
70
0
185
70
212
211
58
208
30
59
60
61
194
183
203
149
109
59
210
151
228
187
212
186
186
101
196
241
203
173
180
241
213
194
255
59
249
27
186
129
190
180
224
281
269
61
118
174
107
109
178
162
25
62
176
119
170
91
101
117
112
46
190
51
132
68
16
188
6
50
16
67
98
182
64
66
68
68
15
43
80
63
77
137
14
73
112
63
72
111
126
71
166
161
91
57
17
49
39
0
