191
107
201
194
134
204
68
141
138
145
196
200
130
140
207
117
197
132
205
132
205
137
194
112
193
198
204
116
105
187
189
198
179
127
168
108
128
170
180
164
183
192
167
124
117
121
134
122
122
88
23
85
87
20
84
58
15
47
60
93
92
32
68
94
59
102
15
93
20
31
69
112
31
34
119
30
81
74
123
30
121
35
96
76
69
34
98
119
129
126
28
121
100
22
15
20
19
0
143
50
156
158
55
165
68
59
56
65
148
147
94
57
46
50
147
56
147
59
148
45
135
85
57
149
53
55
53
147
141
147
151
46
55
58
127
54
107
133
54
55
56
33
45
47
98
101
39
107
38
191
111
47
88
62
106
108
106
186
89
52
2
92
2
104
3
76
11
91
13
87
92
97
75
111
2
8
105
102
87
96
3
90
0
80
101
88
69
69
89
87
1
60
0
57
61
1
49
31
53
53
12
54
22
19
23
4
56
57
54
10
48
12
61
17
60
22
63
25
58
34
53
47
57
26
21
61
60
65
65
19
54
20
57
43
66
64
66
64
68
26
33
0
33
33
22
85
75
47
96
12
74
5
16
27
15
101
89
80
13
57
8
73
33
85
35
89
16
82
60
79
81
82
12
8
82
90
90
96
37
95
32
90
56
90
102
94
86
104
24
60
34
80
82
0
1
41
3
3
7
30
3
25
31
0
4
55
18
2
50
2
2
22
55
1
4
3
3
3
54
42
40
19
2
2
51
55
4
3
46
12
33
49
3
3
44
50
48
3
3
1
2
3
0
53
21
34
57
8
64
17
13
20
18
31
42
51
12
32
14
40
19
57
16
56
13
53
33
31
39
46
11
16
50
43
48
47
16
34
7
49
38
48
46
47
33
57
20
31
16
35
34
0
57
27
57
63
15
63
18
115
16
19
121
72
55
52
32
12
62
11
57
13
61
111
68
135
44
131
133
84
119
129
144
63
69
109
132
20
52
112
144
57
64
68
140
19
138
0
132
52
0
69
60
40
73
15
69
20
13
28
19
67
55
83
7
74
20
80
25
57
24
83
26
59
68
55
55
76
26
21
76
77
62
67
19
69
35
57
59
74
75
57
73
63
21
46
0
43
58
32
77
25
83
81
19
61
7
20
25
18
78
89
72
20
90
24
97
10
88
21
89
19
89
68
82
93
89
21
26
90
92
89
98
32
85
16
90
86
87
102
101
100
104
24
55
0
67
65
0
97
53
79
107
20
80
15
19
20
22
100
96
76
21
99
11
109
15
102
14
104
12
101
100
115
112
112
16
11
101
116
89
104
21
108
20
99
104
94
85
99
101
97
18
71
5
74
74
4
51
38
19
49
27
29
26
26
20
31
38
48
28
27
38
26
32
20
47
30
50
26
41
41
51
44
46
21
27
42
48
49
49
29
35
11
54
43
32
57
50
33
46
20
15
11
23
15
12
47
12
31
19
15
45
17
15
21
20
36
53
25
18
51
19
53
24
43
13
60
24
56
44
29
50
51
15
29
50
57
48
51
27
43
15
36
60
45
42
54
57
41
31
15
0
19
19
0
79
35
94
87
31
113
20
30
34
28
79
51
86
94
51
35
72
104
127
115
86
114
76
49
79
124
81
112
119
130
81
82
133
32
132
20
78
63
67
87
120
137
136
31
33
106
36
35
110
87
11
25
84
74
86
61
73
68
79
13
86
16
64
19
2
87
1
19
2
27
57
90
22
21
22
23
3
13
25
20
24
81
3
22
57
21
21
32
77
26
81
77
59
20
3
22
23
0
