274
117
288
278
161
280
108
175
175
177
275
275
153
165
288
152
280
176
286
165
286
175
273
142
264
267
268
160
130
271
281
252
263
165
262
146
146
268
256
265
262
268
268
170
155
141
137
152
142
149
33
153
155
30
152
130
19
98
129
164
142
56
128
156
119
151
27
154
23
38
132
140
33
51
152
26
124
100
138
32
140
30
161
87
119
39
132
184
185
180
29
187
149
33
22
29
27
0
184
74
207
210
83
207
83
84
86
82
209
197
137
82
59
70
208
78
211
91
215
83
185
130
79
211
76
82
80
206
207
206
206
63
67
81
159
74
120
191
78
80
88
52
63
62
136
138
56
178
74
258
182
81
99
58
114
131
122
251
132
106
1
130
2
173
15
121
4
145
13
155
138
154
118
189
1
12
175
186
142
169
12
144
1
126
163
141
141
127
170
134
1
105
0
104
103
1
84
19
82
81
22
85
22
14
34
14
87
78
82
17
68
15
83
18
81
26
91
26
78
73
84
75
83
28
20
77
75
80
83
16
78
27
77
60
77
76
83
83
76
29
53
0
50
60
28
91
54
54
92
6
99
7
5
34
8
83
92
94
6
76
5
89
31
92
44
90
5
95
82
105
109
92
7
6
88
105
83
84
45
90
42
106
76
101
90
82
106
83
9
61
44
107
91
0
9
63
9
8
12
45
7
46
43
6
6
63
55
8
63
8
10
45
68
6
8
4
11
8
78
67
72
45
5
7
79
73
13
7
82
38
69
77
11
9
74
74
77
7
10
6
6
11
0
63
26
34
63
16
64
22
17
26
24
40
39
60
15
33
24
61
19
65
22
71
25
71
37
38
54
77
19
36
73
77
71
75
27
38
16
65
63
74
77
79
34
80
31
42
26
37
33
0
66
43
64
74
28
74
24
135
28
28
133
87
66
78
51
17
66
14
74
19
73
132
82
148
49
142
146
108
137
172
154
76
81
115
153
23
70
123
147
63
71
76
147
15
142
0
138
46
0
90
65
43
82
25
95
28
18
34
24
98
72
81
22
85
24
91
23
74
20
95
25
75
90
73
73
89
33
26
97
88
79
78
22
82
39
74
80
90
88
78
98
84
19
61
0
59
71
42
94
36
108
102
10
90
16
17
17
21
103
114
89
17
108
19
108
18
113
16
107
16
114
74
101
116
110
23
15
126
113
124
112
29
97
18
98
91
97
117
117
132
125
19
84
0
80
80
0
123
81
85
117
19
89
11
33
25
16
113
111
96
28
110
19
125
29
101
9
131
11
136
131
134
135
123
29
26
116
133
101
116
29
125
23
119
117
112
84
117
111
114
18
90
8
84
83
9
59
36
24
59
45
21
32
34
38
46
44
62
29
47
44
30
33
35
55
27
55
33
36
36
44
36
36
15
32
39
43
47
55
33
38
8
42
41
27
43
48
24
52
20
7
18
14
8
12
48
18
33
30
34
66
27
32
35
36
44
73
28
22
68
24
73
42
41
33
74
44
64
39
27
74
79
18
44
74
71
68
75
35
43
7
40
58
50
47
70
65
45
42
18
0
19
21
0
87
35
90
93
37
130
23
33
39
37
94
80
83
106
45
34
94
124
137
136
93
132
84
50
91
137
94
125
132
144
94
97
154
47
135
24
94
59
109
105
144
148
151
41
51
131
51
49
121
99
11
27
90
77
109
62
85
81
87
21
95
24
76
22
8
98
6
23
9
24
64
103
25
28
30
28
11
10
25
22
32
96
11
29
79
21
25
34
98
31
123
114
88
19
6
25
20
0
