298
127
305
309
172
306
119
184
188
184
307
301
164
188
304
153
313
190
287
186
296
176
283
156
289
267
278
174
147
273
284
289
280
170
260
147
171
281
267
267
263
273
276
175
142
153
148
144
152
159
36
161
146
33
159
133
16
117
137
161
161
47
136
178
134
167
27
167
25
35
144
169
46
60
189
29
156
127
179
44
172
48
130
81
100
45
135
160
164
160
35
166
135
29
27
26
30
0
196
74
205
203
82
206
73
72
67
70
216
191
140
82
75
74
197
78
213
69
212
51
172
117
82
188
85
86
62
180
192
194
190
64
76
82
167
87
146
199
84
93
92
50
66
64
147
154
62
168
70
229
169
45
116
56
90
100
94
237
145
113
5
146
2
155
10
115
11
148
14
129
137
152
123
176
5
16
183
185
139
163
11
145
3
131
166
142
134
152
175
143
3
105
0
97
114
2
78
33
76
88
19
87
23
14
25
11
78
68
72
5
59
8
79
10
79
24
75
25
74
50
79
83
78
25
9
76
75
79
78
15
81
21
75
70
83
82
74
78
72
25
51
0
47
45
20
86
71
53
85
2
83
2
3
34
3
88
74
84
5
77
2
72
36
85
43
85
5
97
64
88
98
100
9
6
97
107
101
101
34
95
36
96
74
101
98
98
100
99
17
63
38
85
84
0
4
41
2
2
12
29
1
22
27
2
3
71
24
1
74
3
1
40
69
2
4
1
4
1
61
55
55
21
3
1
56
59
3
2
77
16
52
81
3
2
61
76
71
3
5
1
3
2
0
86
39
69
92
34
92
37
20
35
34
61
61
93
35
52
30
71
38
93
42
91
44
98
70
67
64
93
39
47
108
108
105
99
45
72
13
100
74
107
107
104
67
108
52
63
38
54
60
0
100
48
104
119
40
124
36
140
40
39
134
137
112
94
62
40
108
39
118
43
110
135
97
159
63
153
165
122
137
166
179
102
105
127
155
29
91
160
155
78
108
95
173
24
165
0
155
67
0
110
60
47
105
47
111
24
52
37
56
119
61
96
24
87
42
103
49
56
47
106
47
57
84
68
58
88
40
38
85
92
71
62
26
86
42
71
73
85
78
63
84
71
24
40
0
46
62
37
94
44
104
86
10
67
20
41
21
39
105
98
67
25
106
45
101
31
101
27
100
27
87
69
98
97
95
27
32
91
93
93
92
23
102
38
84
100
81
97
95
95
94
38
59
0
54
59
0
99
63
58
91
23
73
19
35
29
23
91
85
84
38
94
16
121
40
100
15
118
19
129
121
125
120
117
28
33
101
119
89
99
31
117
23
103
101
99
74
117
95
109
20
87
8
76
88
5
48
36
19
50
24
16
36
33
20
26
40
40
24
31
35
33
39
25
47
37
45
34
34
31
42
34
31
13
29
40
47
46
44
35
27
9
56
37
22
49
43
27
46
20
6
19
17
6
10
76
27
55
42
27
82
17
25
36
34
65
70
40
17
76
14
74
29
53
24
72
32
72
60
44
86
77
18
34
74
83
74
81
35
63
13
51
87
50
62
81
85
68
40
42
0
40
42
0
123
47
125
124
33
166
18
37
36
36
120
117
110
123
64
34
113
136
164
141
122
142
118
83
123
162
122
126
149
166
135
128
176
54
180
16
136
88
129
126
154
174
180
46
62
129
61
64
133
97
32
57
110
54
112
41
55
56
51
27
109
48
66
47
9
119
7
36
12
48
50
108
43
45
45
44
11
23
50
50
45
80
11
51
70
38
57
60
86
57
116
118
60
34
10
34
36
0
