259
125
267
272
144
266
100
144
152
145
263
268
141
146
267
143
272
139
272
143
271
136
295
147
302
300
297
135
119
291
296
292
302
125
241
120
154
246
238
244
242
247
249
125
163
133
171
161
130
65
22
68
70
20
70
45
18
43
55
72
78
38
59
77
53
83
20
79
20
21
59
74
26
33
87
18
60
58
79
23
77
24
55
47
47
25
69
82
85
78
21
83
58
23
22
21
22
0
114
47
119
130
40
128
39
32
33
37
137
111
93
32
33
33
122
38
126
28
121
23
122
85
34
129
37
36
28
125
124
121
125
73
38
43
110
37
134
161
44
47
42
66
34
31
104
109
29
61
27
164
64
37
116
83
119
114
119
179
54
53
2
57
2
61
0
43
0
53
0
51
57
58
41
61
1
2
64
66
50
56
6
48
0
40
62
56
42
54
63
59
0
48
0
44
48
0
54
27
60
61
7
62
18
15
23
4
60
59
69
2
57
3
62
4
59
26
60
19
64
48
64
69
57
20
5
61
61
58
56
4
72
20
58
52
66
63
61
66
63
20
54
0
54
54
24
47
38
24
43
9
42
7
9
15
9
46
49
57
4
30
8
53
22
48
21
48
8
52
29
58
46
54
12
11
53
52
52
48
26
45
24
55
31
48
48
48
53
48
5
28
18
45
44
0
0
8
1
0
0
7
0
8
9
0
1
18
3
0
20
0
0
8
25
0
0
0
0
0
20
14
14
9
0
0
16
19
0
0
11
1
9
12
0
0
12
12
12
0
0
0
0
0
0
30
16
25
32
1
31
1
1
2
2
24
29
32
2
25
2
27
3
34
3
36
2
35
31
31
31
33
2
4
30
28
33
31
2
29
1
34
26
34
33
29
28
31
2
29
2
26
25
0
43
30
39
42
4
41
2
124
4
2
144
46
44
39
40
2
46
3
42
5
47
128
46
151
36
154
148
83
129
154
161
51
48
104
151
9
49
116
161
41
52
58
157
10
152
0
153
40
0
61
56
24
61
8
51
17
8
23
9
53
56
66
9
63
16
63
13
58
12
69
13
67
69
50
67
69
21
14
63
69
61
67
22
64
26
57
62
63
65
61
73
63
18
48
0
48
63
21
67
28
74
96
12
74
11
3
21
2
77
104
72
29
107
3
106
25
102
31
110
33
108
86
74
98
101
23
2
94
100
104
94
24
71
3
86
76
87
89
89
96
96
1
70
0
65
67
0
120
40
103
129
17
111
13
9
11
20
125
129
118
9
133
18
125
12
123
16
123
16
121
119
119
125
126
12
13
128
127
106
129
11
129
8
122
124
134
111
123
135
119
29
110
0
110
114
5
50
19
17
55
38
13
15
18
31
37
25
43
19
27
30
20
28
22
40
24
40
21
24
24
49
25
22
17
15
40
48
45
54
42
18
13
61
46
18
61
52
21
56
12
10
10
14
14
8
41
10
25
8
40
45
17
33
42
40
23
54
17
16
53
17
51
45
25
41
57
46
53
25
30
64
57
14
51
68
59
61
64
52
22
27
28
62
57
23
61
60
29
55
9
0
7
9
0
76
16
75
78
55
118
37
53
54
50
75
38
74
111
31
52
67
115
130
130
71
127
77
27
85
126
76
126
135
134
76
78
131
49
129
17
73
57
74
74
115
129
119
54
11
121
13
12
119
70
3
2
67
62
70
64
72
69
65
2
55
2
56
3
0
56
0
2
1
4
53
54
3
2
3
4
2
3
3
3
3
55
1
4
54
2
3
10
63
3
57
60
51
2
0
1
2
0
