351
165
355
366
240
372
137
263
251
250
357
315
171
242
314
190
318
237
318
225
321
227
289
186
283
298
287
208
178
272
296
287
297
198
252
175
186
256
264
254
260
274
257
215
175
184
193
180
194
138
38
139
142
29
132
89
25
64
95
137
140
46
90
151
78
148
32
143
25
45
92
189
55
46
191
30
133
99
185
49
187
56
123
116
94
54
118
180
182
176
35
178
118
28
22
37
28
0
215
110
231
227
90
239
57
57
51
58
233
234
134
83
78
83
238
87
259
85
259
59
231
155
84
234
86
87
60
241
224
234
240
59
75
86
199
80
173
237
82
84
87
46
63
63
181
189
61
152
69
247
149
88
116
75
145
148
150
256
117
96
1
121
1
130
6
103
6
106
9
123
113
131
96
155
5
11
157
143
115
137
26
120
0
106
156
119
109
141
173
121
2
81
0
65
79
0
71
25
78
79
40
79
23
16
33
31
72
74
58
12
54
28
75
33
76
31
72
30
55
19
57
55
63
35
28
66
67
65
65
26
57
31
47
51
68
66
66
66
65
28
21
0
22
26
34
81
89
38
91
11
58
12
10
25
14
89
83
74
4
54
6
77
35
81
34
91
7
79
49
82
73
83
10
7
82
84
81
81
43
99
37
93
58
76
99
95
89
98
15
51
42
77
83
0
1
22
3
0
8
16
0
14
20
3
0
57
16
3
60
3
2
30
56
2
2
0
1
0
61
45
59
45
3
1
68
65
0
2
58
15
44
59
0
1
58
57
56
2
2
1
1
1
0
94
53
82
105
21
106
24
15
21
17
68
80
110
24
71
23
83
35
118
36
127
32
123
80
79
82
123
27
47
126
134
134
133
51
86
35
152
129
141
155
152
68
154
69
66
29
59
59
0
138
70
118
142
50
134
49
176
49
48
183
152
149
110
80
59
146
48
150
56
148
184
133
217
79
200
220
161
178
217
219
138
140
163
211
53
113
184
229
112
140
141
219
48
202
0
197
77
0
134
68
46
134
64
128
26
56
33
63
129
66
112
29
92
56
116
56
73
67
127
56
73
132
88
74
139
73
65
138
128
78
85
72
99
44
107
84
144
137
79
133
86
58
66
0
61
78
38
60
21
73
137
20
83
40
26
52
20
71
105
54
46
104
22
110
37
98
41
102
43
109
63
69
112
106
44
25
109
104
106
113
42
75
24
85
69
95
106
111
100
109
23
53
0
55
58
0
140
79
86
139
31
104
21
32
35
26
131
129
109
34
137
31
156
37
133
20
154
31
154
150
165
153
155
35
35
137
146
112
127
36
150
21
141
144
140
113
146
138
133
27
106
4
104
101
11
52
37
18
51
40
19
27
28
25
42
37
52
30
28
33
28
36
31
49
34
46
27
36
37
55
31
35
17
18
49
60
53
57
38
22
10
49
44
23
51
48
24
59
15
15
11
20
13
11
88
21
76
63
13
84
22
14
13
12
86
87
68
19
92
15
84
18
81
8
89
17
89
88
62
81
90
28
27
85
92
85
90
17
82
15
71
75
69
78
76
83
87
21
57
0
60
58
0
109
56
115
112
22
201
11
21
19
20
118
103
128
164
102
22
131
186
223
201
134
198
124
98
128
235
121
179
197
225
127
130
223
31
212
16
120
107
127
129
198
215
225
22
83
173
87
84
174
87
15
31
90
52
95
39
54
52
48
25
91
38
62
27
7
84
4
33
4
26
51
97
30
26
37
29
8
25
31
22
28
79
4
32
75
26
29
46
86
34
102
97
72
30
5
27
24
0
