190
89
189
190
120
195
90
124
122
116
200
193
91
122
187
105
186
122
187
123
187
123
183
88
191
186
185
115
103
201
184
183
184
118
188
93
88
184
183
197
190
190
192
110
102
100
101
96
103
126
23
130
130
29
125
92
17
86
107
123
116
32
95
119
75
118
29
113
24
35
97
100
37
40
108
25
70
55
92
36
93
37
81
67
63
32
83
107
111
112
34
106
79
20
22
19
25
0
106
51
120
117
54
114
26
31
19
25
124
113
93
36
38
33
112
38
117
25
112
19
104
79
31
118
44
43
25
117
111
115
118
22
32
49
100
47
87
110
45
44
48
19
34
31
105
105
39
115
50
154
118
43
68
30
68
68
72
169
99
77
3
103
2
108
5
97
7
100
11
100
87
103
80
119
2
12
111
109
97
104
6
99
2
82
110
99
85
85
110
93
1
71
0
69
71
1
32
15
33
32
14
33
14
11
20
9
34
36
36
6
28
9
35
13
35
16
33
21
33
19
32
35
30
18
13
34
31
37
34
13
39
20
23
24
35
32
33
27
36
19
16
0
16
16
18
35
29
24
39
6
35
7
7
17
6
35
48
39
5
37
9
45
15
52
22
50
11
36
25
45
41
37
9
2
38
46
41
40
20
45
20
40
24
42
52
37
40
50
14
25
20
35
37
0
1
14
2
2
6
9
1
8
12
0
1
34
5
1
36
1
1
20
33
1
1
1
1
1
14
25
13
7
1
1
30
25
1
1
29
4
18
31
1
1
29
29
35
1
0
1
0
0
0
59
31
46
68
19
72
16
14
16
16
42
45
58
13
46
21
56
23
68
23
71
25
57
49
41
36
60
25
27
64
66
62
63
25
48
17
67
61
71
71
69
38
71
28
44
20
41
40
0
71
48
86
88
33
90
25
89
33
30
116
99
84
87
49
38
76
32
88
36
88
99
82
124
58
120
123
99
102
132
133
84
82
99
116
38
85
121
128
80
98
97
132
26
124
0
121
55
0
77
46
34
77
47
76
15
42
22
52
87
42
66
17
52
34
74
33
47
36
64
37
42
56
51
47
58
25
22
65
64
50
50
23
56
17
63
52
64
59
47
62
51
23
40
0
40
44
20
47
22
54
42
16
36
14
24
28
22
43
43
38
23
54
28
52
18
54
24
59
28
60
41
53
64
58
23
22
56
54
64
62
28
55
25
57
51
56
63
68
71
59
23
33
0
34
32
0
75
47
46
61
17
61
10
31
25
13
72
65
51
26
67
21
89
28
60
15
94
23
93
83
85
84
77
25
25
68
88
53
74
24
75
17
75
71
75
59
74
73
74
23
51
5
48
45
7
31
17
11
39
25
12
14
12
15
28
22
35
17
24
17
11
19
17
28
17
30
16
23
17
23
22
18
10
14
21
31
28
22
20
23
8
25
25
18
28
28
20
35
10
7
8
11
8
3
43
17
50
33
10
43
19
5
11
6
50
40
35
22
50
14
39
10
51
6
41
10
43
52
39
50
46
12
11
53
48
46
56
8
47
9
46
44
37
55
49
55
47
13
33
0
33
31
0
65
39
68
76
12
99
3
12
11
14
61
58
57
83
65
15
63
93
120
107
69
105
77
61
73
124
68
96
95
122
75
67
134
17
124
11
74
67
78
84
109
113
130
15
44
103
46
41
93
56
12
25
49
32
55
21
31
33
30
26
56
22
32
24
3
55
1
26
3
31
28
60
27
26
28
28
5
15
25
26
27
51
4
26
35
22
26
35
47
29
52
60
22
21
1
19
22
0
