333
182
346
346
216
335
146
239
235
239
345
338
232
222
328
196
325
223
320
216
335
210
335
228
342
352
332
205
189
330
347
324
326
213
335
172
219
328
332
345
339
337
336
217
219
214
200
218
207
172
37
172
179
31
167
142
26
126
155
174
179
89
160
191
142
187
34
209
33
49
162
184
33
79
189
36
169
136
196
36
197
39
140
79
127
43
147
184
172
180
30
189
152
34
29
34
33
0
219
91
221
219
110
233
86
81
77
82
237
242
148
98
94
95
233
106
246
101
253
77
253
168
104
284
104
108
111
270
284
282
270
98
95
105
214
104
181
264
106
114
104
84
86
91
176
173
91
210
91
284
214
83
106
53
110
135
123
287
158
131
2
177
3
183
5
127
6
170
10
184
175
191
137
204
4
11
225
222
173
192
12
175
2
150
219
177
142
174
215
174
3
121
0
113
111
2
116
62
133
141
11
142
41
16
35
8
141
147
133
9
103
10
150
10
147
36
143
30
133
116
122
134
146
27
11
145
138
148
138
10
140
34
136
123
140
138
140
138
135
29
103
0
99
100
35
118
76
69
96
8
95
6
5
37
7
105
119
116
14
88
11
116
51
119
49
120
16
103
84
119
117
117
14
10
113
125
130
114
54
122
53
121
81
111
112
116
119
117
17
63
58
96
103
0
0
47
2
3
7
27
2
31
33
0
2
75
30
0
77
1
1
55
79
0
1
1
2
2
71
53
65
33
1
1
75
75
2
1
75
12
51
82
2
2
78
82
77
0
2
0
1
1
0
113
47
86
123
40
114
44
36
45
46
82
81
103
34
82
40
83
56
114
53
119
49
121
86
74
69
107
55
62
119
123
117
122
48
86
26
122
98
119
124
132
78
134
48
73
49
70
60
0
165
94
157
166
56
171
37
160
52
55
198
196
182
144
103
67
179
51
183
69
178
160
164
196
94
203
222
158
176
212
225
167
176
155
218
73
159
197
227
127
185
191
233
53
203
0
206
102
0
180
123
102
168
73
183
35
60
45
59
185
111
169
53
129
76
178
89
114
82
197
85
119
188
138
115
185
68
86
174
178
125
132
73
152
52
157
129
185
179
122
185
137
74
104
0
101
129
52
137
73
156
154
23
89
17
60
36
51
163
152
115
35
154
58
155
22
158
43
156
35
144
120
151
151
143
36
49
153
157
152
155
36
154
55
152
147
137
167
155
156
161
53
102
0
103
101
0
128
127
81
155
57
105
45
47
43
57
155
140
115
42
136
41
154
43
147
34
151
41
161
145
170
157
165
49
40
145
152
105
135
46
145
37
126
120
126
85
131
130
121
33
95
10
88
77
8
101
40
26
99
77
29
44
42
69
82
43
96
53
66
47
31
51
64
94
41
96
41
52
42
92
54
49
31
47
80
87
91
94
80
49
18
108
99
36
126
123
33
123
28
15
30
28
16
16
124
58
97
73
60
129
32
44
67
66
96
140
76
26
152
26
136
85
93
58
138
82
151
93
64
146
156
23
86
155
169
157
157
75
108
28
66
150
100
102
159
153
99
79
67
0
68
72
0
170
69
188
185
58
196
34
58
61
61
176
175
172
150
88
57
174
174
221
196
170
198
171
90
173
209
169
166
175
217
167
173
235
50
218
18
179
111
174
180
209
213
229
44
89
161
92
89
159
160
26
68
161
89
160
63
100
102
101
48
160
52
118
67
18
156
9
60
19
54
75
190
64
49
66
69
16
42
68
66
64
143
17
73
113
57
74
91
146
76
185
173
92
52
10
55
54
0
