199
97
210
198
118
207
79
112
123
119
218
204
110
120
211
101
210
113
209
123
204
109
199
117
210
199
211
110
96
209
199
208
209
111
212
91
119
210
218
216
209
218
210
107
109
106
107
105
108
132
28
129
127
22
128
89
16
77
102
125
127
52
102
115
83
119
15
131
16
28
101
117
28
39
111
31
99
74
116
31
116
36
101
82
79
40
102
133
128
128
25
126
94
18
16
20
19
0
134
59
142
144
49
147
56
50
53
51
155
128
83
42
30
38
135
38
136
46
143
30
128
92
42
126
41
48
37
130
133
128
138
31
43
43
113
42
97
123
32
45
46
26
28
32
94
92
26
126
64
171
119
34
82
38
56
66
67
186
99
90
3
100
0
127
4
104
11
115
10
106
97
125
94
130
2
13
134
123
108
120
9
110
0
92
116
104
96
97
126
96
1
69
0
69
78
1
42
24
48
48
16
53
20
16
24
15
55
47
46
13
43
9
51
20
48
20
55
22
46
27
41
39
51
26
21
55
55
50
54
19
47
20
44
33
55
45
49
49
45
22
24
0
20
19
20
70
58
37
64
11
57
7
12
26
14
75
73
72
6
50
8
72
23
76
21
77
10
78
55
72
70
77
16
10
74
71
80
67
28
79
17
72
51
76
74
85
61
83
18
39
27
60
59
0
1
36
1
0
11
31
0
20
28
0
1
54
12
0
53
0
0
23
46
0
0
1
0
0
44
31
41
10
0
1
42
51
1
0
67
14
41
61
0
2
71
64
63
0
1
1
1
1
0
86
42
68
92
32
88
23
11
23
22
72
72
80
19
75
17
74
30
90
27
89
25
86
81
66
71
81
38
29
95
88
92
100
28
78
14
90
74
85
85
91
70
93
35
72
39
54
59
0
98
44
99
99
48
107
40
88
52
48
110
97
104
56
73
44
110
37
101
45
107
87
100
126
57
119
125
93
99
137
134
101
102
99
126
35
72
113
126
85
95
87
123
31
115
0
112
55
0
80
50
26
76
49
73
18
43
26
45
84
45
68
21
61
45
69
43
46
49
73
49
46
75
40
39
77
56
56
85
71
47
44
53
52
25
73
43
88
69
42
79
47
55
31
0
32
39
22
62
26
71
69
14
50
15
33
24
30
76
74
45
27
79
37
73
18
66
29
82
37
74
62
78
74
71
31
33
66
75
72
72
26
82
32
71
80
61
75
87
79
81
36
47
0
45
49
0
81
56
40
78
20
54
13
27
23
23
74
76
60
25
76
18
84
30
71
12
80
12
90
84
89
93
95
28
29
80
88
77
80
31
87
22
91
75
77
60
74
74
69
16
59
7
52
47
9
28
19
13
32
12
18
17
14
13
20
34
34
22
13
30
17
23
10
30
17
28
17
29
22
28
22
27
8
15
30
23
24
22
13
21
6
30
25
18
23
27
22
29
10
17
10
16
13
8
57
15
52
39
10
64
9
7
12
12
64
61
42
12
63
14
61
14
58
8
61
17
51
51
45
61
54
14
15
57
55
60
68
24
57
10
60
70
52
60
64
70
66
25
38
0
41
38
0
91
44
88
92
25
113
8
23
25
22
89
82
94
86
79
27
98
92
130
98
96
92
89
66
91
129
92
88
91
130
92
96
129
29
130
15
94
75
102
104
115
126
124
22
61
78
59
59
80
70
20
40
69
44
71
35
43
44
45
26
75
35
41
40
10
84
6
37
11
40
41
72
45
32
44
41
8
18
47
43
47
68
8
41
35
31
38
42
59
43
74
71
37
32
6
26
31
0
