276
109
285
293
159
279
103
184
174
173
276
270
153
171
273
132
275
169
276
172
273
156
257
142
258
255
252
154
124
256
255
257
246
154
244
128
153
252
248
243
246
251
256
158
136
133
149
143
140
167
36
158
161
51
161
146
20
116
133
160
163
59
138
161
122
168
45
163
27
41
135
158
46
49
169
29
140
114
157
49
167
50
146
86
117
51
124
153
173
170
30
175
139
23
18
19
18
0
155
64
159
161
68
169
54
57
46
46
158
161
98
62
55
57
160
61
176
70
172
51
163
105
63
179
75
71
75
182
171
177
196
49
55
68
157
72
103
160
75
73
79
44
50
48
123
116
55
172
102
216
181
53
91
40
89
80
84
231
165
126
3
154
2
171
1
120
1
160
4
159
137
158
125
186
0
3
184
183
147
153
4
156
0
142
171
158
139
145
186
159
0
119
0
104
120
0
59
25
62
62
12
61
16
9
27
5
59
69
56
12
48
7
61
15
64
25
64
22
62
43
51
52
69
24
22
66
61
74
68
23
66
25
62
55
71
68
73
72
65
16
38
0
32
35
20
67
50
33
63
5
61
3
5
33
4
57
71
62
6
57
4
65
37
75
37
67
10
68
46
68
67
70
5
6
67
72
68
71
39
85
31
73
40
75
86
82
76
93
13
38
31
62
56
0
6
57
9
4
12
38
4
37
32
4
9
84
28
4
73
4
6
44
77
7
4
5
4
4
79
54
68
30
4
3
79
85
6
3
82
13
68
78
5
6
80
88
83
2
6
3
3
4
0
77
29
53
86
24
85
30
25
37
30
50
52
68
22
49
25
64
39
84
34
86
33
84
48
47
41
64
29
27
69
77
82
77
26
61
9
73
60
74
76
81
47
71
19
45
28
35
34
0
104
64
104
111
21
104
17
118
25
21
124
105
100
102
78
27
112
21
119
20
121
130
118
140
97
142
160
117
133
141
152
119
115
124
149
28
95
127
141
92
102
103
145
17
148
0
139
78
0
94
60
48
95
40
93
27
40
29
42
96
58
78
20
81
42
89
45
61
45
85
51
63
87
52
68
81
42
44
95
90
63
76
35
74
35
79
62
97
95
67
91
68
29
51
0
46
60
34
84
46
99
93
13
75
14
23
26
25
92
96
68
27
95
27
99
16
98
24
98
28
110
70
98
115
108
29
27
118
123
112
126
30
89
24
96
85
85
105
105
106
114
29
77
0
72
71
0
100
46
42
70
17
59
20
43
40
18
58
66
56
51
72
19
92
45
75
19
114
23
104
89
103
97
114
50
39
54
104
53
58
43
97
38
86
78
72
55
92
70
79
23
51
10
50
57
4
39
24
11
40
24
21
22
22
21
23
25
42
18
29
26
29
29
25
37
25
37
22
23
21
54
25
24
17
21
35
45
37
52
38
21
14
41
41
16
39
42
19
44
15
11
16
16
10
13
58
17
55
46
20
66
26
13
21
20
60
67
33
21
58
18
68
23
56
13
72
28
76
50
40
73
75
27
26
69
62
62
73
24
65
13
52
74
57
59
80
79
55
33
31
0
27
29
0
104
35
90
98
38
121
18
38
42
38
87
82
101
110
61
39
88
125
139
135
108
125
104
53
111
140
102
118
123
148
109
103
144
36
140
13
96
67
95
96
132
140
139
33
43
116
44
43
107
96
27
34
99
71
105
52
71
64
74
28
83
39
60
29
6
99
1
32
8
30
48
113
25
30
31
32
9
34
34
25
33
79
5
33
70
34
33
63
95
30
120
110
67
32
6
32
25
0
