193
97
212
205
130
201
65
126
134
127
215
178
115
125
190
115
186
124
187
121
195
121
172
106
175
188
184
111
109
154
174
181
177
128
174
108
98
198
189
164
199
192
192
121
102
109
124
116
111
106
27
117
117
20
112
72
14
38
68
115
113
34
67
121
47
114
22
121
14
35
70
96
35
41
91
21
60
40
95
30
106
30
59
86
45
35
64
107
103
107
26
112
63
24
14
22
22
0
122
55
119
125
58
118
33
34
37
32
126
133
72
49
44
48
140
54
158
77
153
57
149
84
59
164
49
61
91
169
164
163
156
66
51
48
134
56
123
149
51
60
59
51
36
32
91
97
35
89
48
160
99
48
85
54
92
93
95
165
74
71
2
76
1
93
8
71
10
71
12
90
91
95
70
111
4
9
99
111
82
106
12
87
0
67
102
78
74
100
110
81
1
62
0
59
62
1
68
18
67
69
40
71
20
14
18
32
69
72
33
23
49
35
78
44
78
20
69
21
67
29
36
37
77
20
47
73
72
70
71
42
42
13
51
56
74
77
80
79
82
18
16
0
14
13
20
75
92
36
101
19
65
18
21
32
22
96
89
75
16
52
13
82
34
93
40
99
19
80
46
76
71
82
13
9
90
79
90
87
32
81
28
67
51
71
87
83
71
78
11
33
34
60
68
0
3
38
6
4
10
18
1
17
18
1
6
77
13
2
75
2
2
50
75
3
5
2
3
2
52
55
43
16
2
2
48
61
2
1
51
10
31
46
2
2
53
48
47
2
2
1
1
1
0
89
35
55
90
29
97
30
21
30
28
63
60
82
18
60
27
70
33
90
36
79
35
87
69
53
55
83
37
39
90
89
94
91
30
64
13
77
72
75
85
84
57
80
31
55
32
47
57
0
72
31
65
72
30
74
30
103
36
36
106
93
64
67
47
22
58
25
70
27
65
105
63
123
41
118
124
94
117
124
141
65
68
114
122
22
53
106
127
51
64
68
135
18
123
0
115
36
0
67
42
39
71
42
68
25
36
33
33
73
44
63
20
61
41
71
46
40
51
74
49
41
73
49
38
76
42
41
79
75
42
46
41
49
32
56
47
67
69
45
71
45
38
29
0
32
50
36
65
23
77
74
10
48
20
33
23
27
73
76
38
23
66
36
67
15
70
24
61
27
65
47
71
75
67
17
35
71
64
66
68
16
67
32
56
71
57
63
61
65
59
29
44
0
41
44
0
102
38
69
89
11
81
5
23
17
9
85
80
74
16
77
14
98
16
85
10
93
15
108
96
96
97
94
20
18
83
100
73
84
20
105
18
84
92
80
75
89
84
82
12
65
3
68
68
4
37
37
22
45
12
25
28
29
7
9
48
38
27
10
46
22
39
9
33
26
38
25
42
37
42
37
36
10
21
30
38
30
26
19
33
2
34
35
30
34
31
25
41
10
21
11
24
23
18
56
16
56
52
6
66
16
5
9
9
58
60
42
16
53
17
56
9
59
7
58
9
67
61
54
65
55
16
12
59
54
60
61
10
62
5
53
55
50
59
60
60
57
11
40
0
42
45
0
70
42
77
75
21
108
10
25
23
20
69
60
87
91
50
31
82
96
126
108
81
106
87
64
101
132
95
101
106
126
86
104
135
29
132
17
88
66
96
86
124
134
128
25
54
101
54
47
93
64
21
46
67
34
73
30
38
34
36
29
76
33
40
39
6
85
2
29
7
40
39
85
36
36
37
42
10
22
42
36
36
53
5
40
49
30
36
53
71
40
81
76
42
33
3
26
36
0
