292
125
294
295
205
296
127
199
213
213
306
290
177
203
285
188
294
202
286
194
289
202
273
179
265
260
276
185
166
266
271
273
269
186
259
167
186
254
255
252
256
275
260
187
171
180
182
180
177
149
48
163
164
36
169
130
28
96
139
155
152
51
138
174
124
174
35
172
31
38
138
171
42
66
188
39
165
135
183
44
192
45
142
85
128
45
153
177
171
178
36
180
138
34
26
28
30
0
239
88
249
245
93
256
86
80
88
93
266
232
172
86
79
76
232
88
239
88
238
67
211
148
82
219
81
82
66
230
223
240
235
74
81
77
208
95
151
212
88
87
91
51
68
63
154
162
60
176
80
276
183
69
156
88
134
145
136
302
143
116
3
150
3
175
7
137
11
146
16
149
129
162
134
176
3
18
182
190
154
164
11
160
2
148
169
152
134
148
174
155
2
114
0
113
123
2
74
34
76
77
9
78
30
18
30
5
73
79
78
3
49
7
83
11
81
32
77
31
80
51
67
76
73
29
13
75
78
75
88
9
75
32
65
60
67
77
71
68
64
30
38
0
46
45
25
120
84
80
131
13
114
8
15
40
13
122
129
124
10
98
9
117
40
118
47
123
12
113
101
131
127
119
16
15
123
130
119
119
49
124
47
140
94
132
120
124
138
117
15
80
44
120
115
0
2
58
3
2
13
36
1
42
40
2
3
71
31
2
72
2
3
38
67
1
2
1
2
2
72
56
66
24
3
2
64
67
2
2
71
10
41
63
4
5
66
65
73
3
2
1
0
2
0
96
35
64
97
21
105
32
19
34
32
61
70
105
22
61
29
75
40
108
40
110
40
90
72
55
56
85
36
33
85
90
88
79
42
67
28
93
82
108
103
110
59
102
49
58
30
55
55
0
114
56
105
109
28
116
23
159
31
27
188
153
131
111
80
47
137
40
134
53
132
167
127
198
83
190
202
146
187
223
221
132
141
156
205
47
103
176
217
114
130
124
202
34
195
0
198
73
0
136
77
61
109
48
115
31
40
43
54
128
82
116
32
112
47
131
55
76
56
126
53
75
109
74
67
112
46
53
116
117
92
89
41
97
44
93
90
120
107
86
116
85
34
72
0
64
70
43
60
34
66
71
14
45
22
32
31
32
65
80
50
37
89
33
76
40
86
39
86
43
92
58
59
90
82
46
26
87
88
95
87
51
67
24
60
57
78
100
103
92
88
25
36
0
32
30
0
151
100
104
159
34
124
26
48
38
35
151
141
117
33
144
25
160
34
141
19
161
23
163
145
158
163
159
31
33
132
150
114
142
35
153
27
146
145
156
119
154
144
141
31
122
4
106
105
5
73
39
23
75
36
25
44
39
33
47
53
56
33
33
48
36
50
21
59
38
59
47
45
44
52
49
41
15
33
37
53
46
48
32
37
13
47
36
27
49
46
29
49
17
15
17
22
12
16
72
25
48
51
16
73
22
12
22
25
65
85
54
23
87
21
75
25
65
20
84
29
77
64
52
85
84
16
33
81
89
83
86
26
61
8
50
82
62
69
80
73
70
30
51
0
50
52
0
109
44
131
118
32
181
10
30
37
34
125
122
123
148
72
31
121
160
191
168
120
169
114
58
107
194
106
160
167
186
118
109
196
18
206
9
98
63
103
100
177
200
184
19
63
156
62
58
159
74
20
40
72
32
76
30
30
31
31
30
69
25
36
47
8
67
8
44
14
42
30
84
44
35
42
39
13
19
45
44
47
70
13
39
63
37
36
56
92
36
90
91
49
20
10
27
22
0
