172
55
167
172
46
166
36
45
48
50
173
162
80
43
171
42
165
42
166
50
164
50
154
73
158
161
163
43
37
160
155
166
154
48
174
28
78
172
181
177
165
181
173
51
76
42
66
74
42
138
27
140
143
17
143
116
8
105
123
142
148
38
148
147
122
151
16
157
12
21
144
111
18
33
126
13
104
90
116
15
114
21
95
62
84
16
96
107
111
106
15
113
102
14
12
14
12
0
93
30
99
96
16
89
55
51
54
57
100
104
51
19
21
20
110
20
111
77
118
63
92
55
19
108
21
21
72
108
102
109
103
48
20
18
61
19
77
86
20
22
21
45
17
19
35
37
16
125
62
140
133
6
88
4
7
10
8
136
130
105
0
125
0
141
6
107
4
125
8
101
125
126
106
140
0
6
147
138
128
129
2
128
0
122
133
130
124
114
132
125
0
122
0
119
113
0
45
24
44
52
3
51
19
13
18
2
44
46
48
2
36
3
50
4
46
16
49
20
52
40
44
51
65
11
10
58
59
54
59
9
51
14
43
41
44
46
52
48
48
14
34
0
35
36
16
53
33
44
56
4
52
5
5
10
4
55
58
52
3
46
2
55
12
60
13
61
4
60
46
61
56
61
6
4
65
65
62
62
9
64
9
62
47
53
65
65
62
67
9
45
13
55
55
0
0
6
1
1
1
6
0
3
5
0
1
13
3
0
14
0
0
9
13
0
0
0
0
0
10
6
13
4
0
0
14
13
0
0
26
4
19
29
0
0
29
24
24
0
0
0
0
0
0
16
12
21
17
6
22
3
2
4
3
15
19
23
3
21
5
18
6
22
4
22
5
22
26
15
15
20
8
7
29
26
23
22
11
24
5
26
24
32
33
36
21
35
14
20
6
16
18
0
58
26
51
55
12
58
8
21
11
11
46
39
68
32
48
22
72
22
71
25
78
33
82
58
55
52
53
29
30
49
54
90
83
28
41
18
59
48
47
57
61
69
43
23
48
0
50
43
0
48
41
37
51
11
62
11
13
12
13
60
48
73
11
57
22
67
23
52
25
71
25
45
73
52
37
73
25
26
67
75
47
44
18
51
10
51
47
57
60
44
64
46
20
39
0
43
48
13
82
23
93
96
14
78
8
7
20
5
88
107
87
16
110
5
108
13
100
23
103
24
101
91
96
104
110
25
5
114
107
108
105
29
97
7
108
88
90
113
114
108
112
9
77
0
76
79
0
20
22
3
18
16
8
18
16
13
16
21
16
5
8
18
14
13
16
13
14
19
11
25
20
25
23
16
14
15
19
19
9
20
15
16
14
12
13
28
12
8
24
9
19
5
4
3
3
1
33
13
12
38
38
12
13
14
28
30
20
24
20
26
16
12
17
17
28
12
24
11
17
11
36
14
14
17
7
30
31
29
36
31
13
16
45
36
12
44
45
12
44
9
5
9
10
6
4
49
7
34
23
21
47
9
19
29
32
33
49
26
9
55
6
51
29
36
21
50
28
49
26
31
47
51
10
21
48
54
50
49
19
31
10
28
47
43
30
58
53
27
15
17
0
15
19
0
55
12
61
55
33
36
16
34
34
36
55
31
49
26
32
34
59
30
39
31
52
33
60
35
65
37
69
31
35
40
66
67
47
48
41
21
71
49
65
65
35
50
44
48
8
29
11
12
28
82
4
10
74
71
80
68
71
74
73
5
85
11
74
7
4
94
0
5
3
8
69
97
6
11
10
7
4
9
9
8
12
88
1
10
86
6
7
19
88
12
89
91
84
8
2
7
6
0
