389
165
387
393
217
409
161
236
231
221
392
369
181
213
361
160
360
220
356
216
371
212
344
193
365
357
366
198
164
341
344
369
360
205
343
171
182
352
367
348
371
342
361
211
183
174
183
193
177
89
17
84
87
15
87
69
11
57
69
89
74
25
64
86
55
83
21
80
13
22
65
89
26
36
83
20
62
53
89
27
90
28
74
45
63
28
69
95
103
86
15
89
76
10
10
12
8
0
223
106
237
253
100
244
71
77
65
67
239
238
166
81
66
72
236
87
258
83
241
65
227
160
92
237
90
91
75
244
252
264
239
76
82
94
226
98
173
256
92
93
99
65
60
55
179
178
57
99
41
200
99
24
139
118
140
130
130
192
59
51
1
62
1
107
10
94
34
63
34
111
66
102
55
118
3
42
122
123
63
113
34
73
1
66
91
67
107
103
134
68
1
51
0
52
54
1
95
18
92
89
36
85
36
24
34
22
90
80
58
15
63
24
79
27
90
33
87
33
78
40
59
54
79
35
33
75
73
76
83
47
62
22
77
68
105
105
108
107
102
31
28
0
29
28
37
114
139
48
149
32
100
26
33
35
36
150
135
116
17
87
10
132
37
136
46
145
22
129
71
113
107
138
20
15
139
116
139
138
47
145
39
111
83
109
132
140
110
128
19
55
50
98
96
0
5
121
8
8
23
99
7
85
102
5
9
146
52
6
153
7
8
70
148
2
8
6
8
7
119
107
101
38
5
8
130
131
10
5
119
9
90
124
9
9
119
119
119
6
4
5
2
5
0
151
60
101
147
39
158
53
35
51
50
98
97
119
31
95
31
97
42
138
38
131
38
117
93
84
80
117
47
33
119
118
128
129
47
104
26
127
112
134
136
140
86
130
43
98
51
81
86
0
116
58
116
123
56
132
51
154
51
54
181
162
133
102
70
49
121
48
129
49
127
140
118
189
86
184
207
127
148
201
197
127
123
118
187
54
103
163
193
109
129
119
195
44
187
0
177
66
0
137
71
60
125
74
145
28
66
59
68
144
77
137
36
116
74
141
85
80
85
140
87
80
131
75
73
136
71
73
139
131
81
78
54
91
58
104
82
136
117
80
118
75
46
51
0
52
85
52
91
36
100
121
24
80
25
49
41
50
124
115
76
48
126
47
112
35
121
48
118
44
114
76
114
115
120
42
53
118
112
121
121
44
114
42
92
111
107
119
120
118
124
40
58
0
63
61
0
128
98
73
142
37
96
27
19
22
36
141
130
96
14
134
32
126
20
146
25
124
29
122
118
125
146
136
20
15
134
125
100
151
18
129
17
117
124
150
115
135
148
126
33
105
4
102
100
2
67
50
32
64
28
27
40
41
20
36
66
66
45
32
70
41
54
26
68
33
77
33
54
53
58
50
52
17
27
52
71
64
62
28
54
11
54
55
45
65
62
45
64
18
31
19
46
27
9
89
26
94
71
12
87
29
10
14
16
92
94
69
25
93
21
97
19
94
10
84
20
102
93
74
99
100
31
26
100
98
102
104
26
103
7
90
106
88
90
99
105
92
29
63
0
59
62
0
128
69
137
140
37
159
12
40
42
37
125
105
116
139
83
41
129
147
189
161
135
160
128
78
124
188
133
153
164
197
127
128
195
42
188
25
142
86
142
128
172
201
190
42
72
135
63
72
135
107
23
54
109
61
114
50
63
63
62
45
131
53
73
55
14
126
4
47
16
54
57
119
46
50
52
59
13
22
56
50
53
100
13
51
67
42
48
63
112
53
132
121
69
52
13
44
40
0
