263
120
271
281
165
274
116
169
166
174
271
269
164
165
272
138
261
160
274
155
259
154
261
144
256
265
254
160
138
262
255
255
258
162
262
131
152
260
272
261
265
267
270
168
136
150
156
148
152
148
28
150
150
42
151
125
25
102
112
150
187
54
157
196
127
189
46
181
34
54
160
177
58
68
186
39
151
116
195
59
180
53
156
108
145
61
168
188
194
198
44
196
159
35
29
37
36
0
205
81
197
214
86
211
88
83
78
83
205
203
126
89
65
85
204
81
209
80
211
82
207
104
77
210
82
86
82
190
204
213
202
73
68
80
174
77
150
187
76
82
82
62
52
52
123
130
48
188
84
234
189
56
89
39
86
85
81
252
175
146
3
169
1
173
10
138
11
166
17
151
146
159
136
188
3
10
176
177
163
158
8
147
0
140
165
143
126
133
160
144
1
115
0
112
111
0
81
37
88
80
15
79
27
16
30
7
79
81
71
7
52
6
80
9
80
26
81
27
94
62
87
77
106
29
24
101
103
102
96
16
87
29
98
89
107
97
103
108
105
25
54
0
51
52
20
89
79
56
100
6
81
4
10
28
5
95
104
96
4
71
7
103
31
104
26
103
5
102
74
93
89
101
5
7
101
99
99
95
29
96
27
95
69
93
104
105
101
105
9
55
30
82
85
0
5
51
7
6
16
53
3
46
48
2
4
64
38
4
77
2
4
33
75
4
5
5
6
5
63
48
47
14
3
5
63
65
5
4
72
12
53
76
6
6
71
76
71
4
3
3
1
4
0
88
30
61
82
29
88
29
19
34
33
52
59
92
30
50
31
63
39
92
36
97
34
81
56
53
46
86
37
36
94
97
95
93
40
59
15
91
68
101
101
96
56
95
39
55
31
44
44
0
105
71
110
116
27
122
23
125
31
31
129
126
116
102
85
41
125
28
119
43
124
123
119
153
82
154
164
131
140
172
165
106
108
121
165
28
105
153
155
97
118
113
166
24
164
0
153
86
0
91
68
40
92
38
97
21
37
33
44
89
59
90
24
82
34
92
45
62
44
95
40
67
94
66
66
90
38
35
96
83
67
71
49
84
31
81
62
93
96
60
101
64
47
52
0
53
67
31
79
30
86
94
8
71
23
40
29
35
86
101
69
42
102
34
105
29
102
42
99
40
109
73
99
111
111
53
34
114
117
116
110
43
85
27
92
86
91
113
111
111
111
30
54
0
58
54
0
114
75
54
99
28
87
22
51
57
28
97
84
60
60
83
25
120
50
90
16
118
17
118
108
115
126
125
41
44
79
127
62
79
53
103
37
94
100
80
68
93
79
101
16
68
13
62
66
10
57
34
22
57
34
24
31
27
32
38
32
47
23
32
33
26
39
31
50
30
51
34
34
27
50
35
28
12
26
35
31
42
35
32
21
9
38
42
21
39
46
24
49
19
13
23
20
14
15
65
19
51
38
26
75
23
17
27
25
54
68
44
20
78
20
76
30
55
20
71
32
86
61
44
74
79
13
39
87
84
92
81
42
56
9
47
82
52
59
83
86
54
50
37
0
41
37
0
94
40
94
97
29
141
16
30
27
24
102
98
83
112
57
21
93
129
156
139
94
135
85
56
81
155
77
118
123
159
81
88
166
24
146
14
98
62
101
107
117
142
153
27
52
123
50
48
114
77
24
48
78
45
78
38
48
43
49
29
88
41
58
41
5
101
5
36
7
40
56
106
43
33
41
41
10
23
43
41
41
90
8
36
63
39
37
53
81
36
109
111
53
32
4
35
30
0
