273
137
297
284
187
278
145
203
196
198
291
301
176
202
287
165
283
211
290
196
294
183
306
179
287
309
291
178
172
296
306
292
301
193
291
165
158
300
297
303
305
290
303
190
192
177
176
183
176
187
39
205
192
31
204
161
28
140
168
193
181
47
146
189
135
194
33
190
21
36
151
178
35
62
173
28
139
122
176
35
175
30
133
103
115
32
142
179
160
169
28
172
136
22
22
25
25
0
201
90
205
213
70
210
78
80
73
80
212
202
131
56
51
56
202
60
198
72
212
68
183
120
60
204
65
70
49
192
195
203
202
28
65
76
186
68
134
186
71
73
71
27
58
59
162
158
57
189
82
259
192
60
118
56
93
101
99
261
168
129
1
172
1
178
9
140
11
165
18
142
154
173
130
186
1
11
189
180
153
150
5
153
1
150
175
152
147
143
185
161
0
121
0
116
131
1
54
29
61
56
12
54
25
15
30
10
59
65
69
3
51
16
65
15
65
28
62
26
60
41
57
73
63
30
15
64
68
68
70
9
75
27
53
53
61
61
64
61
60
31
34
0
41
43
25
100
69
53
88
7
101
6
8
20
6
91
106
102
5
62
6
96
31
97
37
102
11
89
65
97
98
88
7
7
88
100
82
84
34
94
28
96
62
90
90
89
90
88
13
59
33
87
92
0
0
33
3
3
4
25
1
22
23
0
4
51
9
0
50
0
0
22
57
0
0
0
0
1
79
43
63
53
0
0
75
80
0
0
119
23
77
101
1
0
108
111
109
1
1
0
1
1
0
145
83
122
155
29
158
28
21
32
30
113
127
145
15
120
25
119
32
159
31
162
36
143
120
120
102
145
37
32
152
146
152
150
37
118
28
143
131
156
158
156
102
157
42
111
38
105
101
0
177
80
169
182
54
182
49
136
58
59
195
171
174
111
117
56
178
38
176
58
169
131
174
204
121
203
219
139
145
210
224
186
187
141
203
51
161
210
218
150
181
176
222
39
191
0
198
101
0
125
100
90
139
52
145
28
51
40
50
159
100
157
45
138
61
151
72
100
59
143
63
116
154
103
100
152
56
53
157
160
112
120
66
154
42
146
121
172
165
106
173
120
65
86
0
80
101
40
98
48
110
150
36
111
60
41
82
35
111
161
99
81
162
29
173
70
173
85
169
95
158
100
104
149
151
70
40
157
148
146
155
76
112
34
121
99
138
161
156
164
167
39
62
0
69
64
0
111
116
61
123
64
90
55
53
45
56
124
118
81
42
121
57
107
37
125
47
109
56
116
110
121
111
116
40
31
124
113
81
123
37
112
29
105
96
115
83
102
121
106
48
80
7
71
72
10
92
38
18
82
78
16
36
37
67
74
38
67
24
53
43
35
43
45
60
39
59
33
36
40
69
32
37
23
35
45
60
59
57
59
38
22
62
62
27
66
71
25
66
23
5
24
16
11
13
74
21
80
54
19
82
27
13
21
25
80
83
56
21
89
14
83
26
77
21
87
27
88
74
74
92
100
23
26
91
104
99
99
31
86
14
73
102
85
82
93
93
79
31
57
0
56
61
0
94
50
116
104
23
163
13
23
23
23
110
91
96
134
83
30
103
135
176
153
114
150
122
86
118
180
126
151
161
193
127
127
189
40
183
25
125
105
116
122
170
194
194
34
57
143
61
62
131
96
17
43
89
66
100
45
75
59
70
26
90
42
66
40
14
100
8
37
16
47
48
109
44
48
40
47
11
24
40
36
40
86
11
41
75
38
40
63
86
36
105
101
54
29
13
29
21
0
