257
156
262
261
186
258
130
195
198
195
271
256
165
195
252
182
258
200
256
191
264
185
273
160
268
280
266
189
155
252
264
260
279
173
271
177
150
273
261
277
283
269
269
177
175
168
169
185
170
136
39
151
142
29
139
96
23
78
107
142
174
49
121
177
104
181
33
175
26
45
132
164
45
60
176
39
123
102
166
48
175
51
128
123
89
44
105
170
176
172
38
173
126
33
27
32
33
0
164
67
184
176
70
188
54
49
53
53
182
163
114
63
57
59
174
67
177
59
183
44
164
118
68
174
61
74
54
181
171
177
178
64
67
67
160
71
149
201
72
67
75
59
55
49
143
145
53
170
84
267
179
91
114
66
137
135
134
277
154
109
1
151
0
179
10
116
7
152
12
137
132
142
120
166
1
6
172
166
139
155
7
139
0
125
157
146
121
121
167
139
0
103
0
95
96
0
61
23
64
61
27
64
32
12
31
26
65
66
46
15
59
26
66
33
67
29
75
27
54
24
47
36
57
31
27
56
61
55
57
29
45
26
47
48
60
57
62
64
61
28
24
0
21
20
29
81
83
44
96
14
77
13
17
35
16
99
94
83
16
69
11
100
45
102
34
102
22
80
52
88
73
88
18
14
89
91
90
88
43
95
39
90
50
83
89
92
84
87
18
39
43
72
65
0
1
46
5
5
9
28
1
25
33
2
3
60
19
1
56
1
1
30
61
2
4
1
3
0
69
42
53
36
2
2
69
79
3
2
56
11
34
55
1
1
62
58
54
1
2
3
1
3
0
142
58
95
149
32
143
44
22
44
38
87
105
117
21
93
21
90
29
128
32
119
33
119
100
90
86
122
45
28
134
125
125
129
32
107
12
130
93
131
114
124
92
122
33
87
39
83
90
0
93
63
101
97
31
106
25
171
33
30
181
138
94
119
66
28
106
19
112
24
112
180
106
187
78
179
205
156
186
216
205
100
109
177
197
39
92
175
207
97
117
106
210
30
200
0
188
74
0
108
61
53
102
54
110
25
45
35
53
105
65
107
26
98
45
112
61
66
57
117
56
69
111
77
64
107
58
45
119
102
72
72
42
90
35
82
67
112
110
75
108
67
43
51
0
48
65
42
67
28
78
78
15
63
45
50
55
42
74
72
38
46
72
40
74
42
78
54
83
55
58
39
63
62
60
30
39
57
55
59
59
38
63
40
46
59
60
68
64
60
70
42
22
0
24
24
0
171
67
101
139
21
112
13
42
48
25
128
134
114
46
131
19
167
48
126
9
161
16
169
165
164
173
171
41
37
123
167
105
125
39
143
37
150
142
113
108
138
125
141
13
115
15
113
109
10
46
28
20
43
29
21
27
27
22
33
39
39
24
24
45
30
46
14
46
31
42
31
39
33
48
36
39
12
27
42
40
42
51
27
31
9
43
44
34
55
51
37
46
25
20
12
25
15
18
65
13
75
48
19
70
27
13
18
16
68
68
52
23
67
23
69
13
72
10
61
12
75
82
64
83
81
24
19
78
87
73
77
24
72
8
74
82
74
82
87
82
81
21
51
0
50
48
0
98
52
106
100
32
167
14
27
29
29
115
70
100
138
67
24
98
165
190
173
99
169
96
66
95
195
97
165
173
199
98
99
196
19
192
9
98
78
107
102
183
200
203
23
61
159
58
65
143
61
12
54
66
24
63
16
19
26
20
37
71
40
33
49
9
77
1
43
6
52
27
66
47
47
56
45
8
9
47
47
43
57
8
45
25
46
50
55
56
47
70
65
24
39
5
44
33
0
