476
265
488
512
395
489
251
419
408
421
485
469
308
384
471
343
462
373
472
380
452
371
479
301
505
495
502
372
304
493
488
500
483
390
477
324
349
485
497
480
508
501
491
386
314
354
321
317
361
289
78
288
302
72
298
231
65
198
239
297
330
120
279
346
244
367
92
350
66
96
291
322
87
124
326
65
269
227
326
89
317
94
253
168
198
94
250
303
320
317
71
314
261
68
65
69
70
0
389
191
426
419
191
412
143
140
119
147
426
452
295
175
144
167
455
173
457
190
469
161
461
282
180
465
177
194
197
471
465
470
475
195
184
198
384
211
255
461
212
217
221
161
150
151
318
300
140
404
158
545
403
179
195
107
262
284
261
567
313
222
8
305
8
342
3
222
5
308
11
280
271
298
240
350
8
10
363
349
298
302
5
294
4
253
337
305
261
255
332
286
2
218
0
202
208
5
130
42
122
140
29
145
62
28
60
19
130
119
150
9
105
18
138
19
134
54
132
61
131
107
146
143
130
66
17
132
141
137
129
13
154
66
120
111
125
131
128
131
128
72
86
0
84
82
55
205
117
88
160
5
202
5
3
73
4
164
170
207
3
134
3
158
88
168
86
170
4
168
139
212
224
177
10
7
168
230
160
161
91
167
86
223
129
208
162
167
222
164
7
104
93
205
204
0
2
73
3
2
13
72
3
63
65
2
5
94
38
4
99
4
3
54
92
3
6
4
4
3
75
58
76
31
3
1
93
91
3
2
82
10
53
87
3
3
90
84
95
4
5
4
1
2
0
101
61
85
114
33
111
31
29
33
33
81
91
115
29
80
31
98
38
121
36
125
36
127
95
78
82
134
42
46
133
132
140
143
34
100
15
128
103
131
131
140
86
143
38
86
40
80
79
0
176
83
161
179
54
172
49
309
50
59
315
288
156
251
107
61
161
47
170
53
181
325
164
348
122
323
365
304
339
373
375
195
182
287
366
40
144
312
379
140
155
174
362
37
352
0
346
120
0
201
147
123
186
60
191
60
48
89
58
203
151
200
43
169
52
221
69
152
63
217
73
159
212
163
160
201
68
76
224
223
171
181
84
206
103
209
163
228
234
155
243
178
81
137
0
126
152
92
169
71
178
228
36
159
33
33
60
30
192
221
147
51
225
39
236
37
237
61
226
51
224
159
192
210
215
43
29
213
215
216
219
52
190
28
215
183
168
214
222
241
237
32
143
0
141
144
0
277
179
169
219
31
210
27
79
72
34
218
218
187
77
226
27
274
80
223
19
285
30
288
260
289
275
278
71
59
222
274
188
232
79
278
52
261
266
225
181
246
233
260
31
184
28
187
186
15
104
73
33
115
80
51
79
75
74
79
78
105
39
65
76
64
82
50
89
65
95
66
85
62
107
69
67
30
64
76
89
90
84
78
73
20
108
87
56
103
96
58
114
53
23
44
40
24
43
120
40
107
72
36
139
45
41
48
51
106
134
63
48
123
33
126
58
104
45
131
50
137
103
68
143
144
39
82
156
150
153
158
78
116
20
79
133
100
97
141
149
108
67
56
0
59
60
0
188
105
225
219
49
274
23
57
54
52
223
232
204
255
137
45
214
311
339
312
213
309
213
128
229
347
209
297
322
343
239
215
361
83
347
50
233
182
243
257
311
363
349
69
116
306
117
117
314
172
24
44
181
143
175
126
142
138
153
29
193
40
156
45
12
207
9
35
17
40
153
228
49
43
47
46
12
44
47
41
42
184
17
42
173
36
48
72
172
44
196
207
160
24
10
32
31
0
