236
123
237
235
156
234
94
158
153
155
248
215
133
142
211
117
214
141
221
145
215
144
191
131
195
188
186
135
121
187
189
193
197
130
195
120
130
206
201
201
213
204
205
139
124
124
136
139
128
134
31
114
122
34
118
92
19
66
84
130
104
38
76
103
66
110
31
115
23
37
71
108
34
37
108
27
75
67
103
38
103
39
86
65
72
42
86
119
120
112
24
122
87
22
18
21
21
0
136
74
145
145
60
153
50
49
47
43
146
166
90
55
39
50
161
55
168
59
150
57
161
99
56
163
53
52
63
168
159
171
167
62
48
56
134
61
126
165
55
62
68
56
40
41
117
101
34
126
38
192
114
51
79
57
82
95
92
197
80
66
2
91
3
101
1
79
1
93
2
83
88
90
76
107
3
3
106
110
84
90
9
100
2
88
100
105
78
81
112
91
2
69
0
65
65
4
51
20
57
51
21
51
19
16
24
21
57
53
40
8
41
16
53
23
55
21
58
22
52
22
42
41
46
25
19
53
52
55
47
35
47
18
60
53
72
73
77
74
76
21
20
0
18
19
21
63
87
44
92
25
59
19
24
25
26
94
91
78
9
62
16
92
22
98
25
97
22
90
51
68
69
86
21
17
90
72
86
80
22
97
25
71
50
66
102
101
76
104
26
43
25
58
59
0
7
57
5
6
19
33
4
33
40
6
6
95
21
6
87
2
6
47
85
3
7
4
7
4
78
58
64
30
3
6
79
86
7
4
70
9
44
68
5
6
70
71
73
5
7
3
3
5
0
90
47
54
100
35
104
34
34
41
36
59
62
80
23
51
24
66
31
84
30
80
31
83
50
56
47
84
34
34
91
85
82
82
42
53
17
87
79
89
86
95
56
95
39
54
38
51
49
0
68
32
76
69
40
64
35
106
40
39
111
90
73
80
44
39
86
38
78
48
81
112
63
125
44
129
125
104
127
135
134
59
71
111
125
27
41
117
135
47
56
63
132
23
122
0
119
32
0
59
38
27
68
38
74
15
34
22
30
64
31
62
9
61
28
63
33
34
31
68
29
43
68
36
38
68
38
33
64
70
42
45
29
46
26
56
47
67
70
39
59
45
34
34
0
34
43
21
54
24
76
62
7
46
8
34
19
32
70
68
45
19
63
31
62
13
62
15
65
13
65
41
71
65
59
18
34
69
67
59
61
14
70
30
55
65
48
53
57
53
58
35
38
0
43
43
0
103
30
65
90
6
65
6
16
19
10
84
84
79
14
87
7
98
14
86
4
99
8
109
100
103
105
108
21
13
95
106
86
92
13
101
17
100
91
93
80
97
98
103
13
85
6
77
70
3
44
32
21
44
14
24
19
24
9
8
41
39
32
13
40
20
46
8
42
22
44
22
37
43
41
43
42
14
17
32
46
43
37
17
38
9
43
43
34
42
47
40
49
15
20
14
30
27
14
59
9
45
33
18
61
13
14
17
16
45
57
32
13
57
15
51
17
52
12
60
18
71
51
41
62
62
15
20
68
64
65
61
27
44
5
43
59
52
56
66
61
55
32
34
0
38
34
0
85
43
97
96
30
119
13
27
28
33
107
78
101
91
67
30
91
102
143
112
105
112
110
64
106
143
108
114
117
150
109
111
143
29
141
12
97
69
95
92
144
152
149
32
59
109
61
57
108
77
18
44
73
40
70
28
44
40
40
31
76
44
40
42
10
78
6
43
8
34
26
89
44
36
48
41
9
22
41
47
37
73
8
39
55
33
41
62
69
44
92
88
35
41
7
34
37
0
