348
129
350
358
201
352
122
207
204
212
352
295
168
199
314
188
293
195
299
204
303
190
258
172
255
255
232
174
169
249
242
233
250
175
257
162
157
240
248
252
250
248
245
185
175
174
163
176
178
114
18
112
103
24
122
105
19
90
109
109
114
30
97
119
90
118
24
128
18
26
100
128
23
32
131
20
106
84
126
27
132
27
79
54
74
24
89
106
106
106
24
110
75
22
17
23
23
0
134
55
141
127
63
136
17
23
14
16
140
155
118
53
51
55
155
54
154
24
155
19
152
119
55
155
62
63
41
164
160
173
167
80
57
62
164
61
148
212
54
60
56
60
45
46
138
138
46
129
50
247
141
67
138
103
160
156
159
250
106
79
2
106
2
122
4
65
9
107
12
109
92
105
85
122
3
6
126
129
103
119
6
100
1
94
115
105
94
106
122
98
1
76
0
68
75
2
47
33
54
53
3
54
15
10
18
3
48
57
46
6
44
8
53
10
50
16
54
18
61
43
43
42
66
18
13
61
62
58
57
8
40
12
47
47
54
52
58
58
62
17
34
0
35
36
14
49
50
27
50
9
42
8
7
28
9
56
51
49
4
35
6
43
32
49
38
53
7
59
30
58
49
63
16
12
56
60
63
61
35
51
32
53
22
50
59
53
62
47
8
18
35
46
45
0
1
38
0
0
6
29
2
25
24
1
1
60
12
1
56
0
1
28
59
2
2
2
1
2
38
42
40
13
1
1
47
46
2
2
33
8
23
31
1
2
36
36
35
2
1
2
0
1
0
89
36
73
96
13
97
14
12
15
15
70
78
94
12
72
15
75
17
101
18
103
18
94
79
72
63
98
12
20
103
101
97
101
23
89
10
110
93
121
116
116
73
111
25
77
12
75
72
0
64
35
76
79
9
77
9
179
12
14
194
130
77
87
56
14
77
11
72
13
81
185
84
207
55
202
216
155
188
215
213
82
81
171
218
16
77
177
221
74
89
78
211
16
209
0
208
66
0
78
46
28
67
21
78
23
20
27
24
75
58
81
12
77
28
78
35
55
30
92
33
56
91
64
57
89
31
35
95
101
70
62
40
89
27
85
61
110
101
73
96
69
37
48
0
48
62
29
55
21
58
112
16
86
59
12
67
15
59
113
56
70
108
15
109
63
110
68
113
67
104
59
58
111
105
56
14
109
97
103
107
71
54
14
69
49
87
108
111
107
114
12
37
0
43
39
0
165
91
106
158
30
134
21
30
21
31
166
149
126
29
160
18
172
26
150
13
168
20
176
157
180
181
176
27
30
154
177
133
154
29
172
22
160
163
156
130
163
156
157
21
136
9
132
132
7
56
28
23
51
37
16
22
20
27
38
32
48
25
33
29
22
29
26
53
20
45
28
34
29
44
22
22
7
15
31
40
35
37
23
20
5
43
32
14
38
37
18
44
12
13
12
18
11
13
35
11
33
29
17
44
16
13
19
27
38
47
26
13
51
18
53
23
34
16
54
25
65
39
32
61
54
20
35
62
65
65
62
31
36
10
43
70
57
38
63
64
42
33
23
0
23
22
0
71
26
80
78
32
155
17
36
32
30
81
66
79
141
46
28
79
166
187
173
81
176
90
42
80
174
77
168
178
186
76
84
184
31
181
13
88
65
85
91
176
184
170
30
36
153
34
37
158
55
6
12
49
37
57
38
44
39
39
17
55
19
37
15
3
49
0
16
2
17
33
47
16
11
18
16
2
8
18
14
15
44
3
17
29
17
13
22
45
16
59
52
34
16
1
14
12
0
