236
103
240
242
150
248
100
155
152
158
238
253
116
149
250
122
240
154
236
149
246
148
227
111
246
249
240
145
112
239
238
236
248
145
233
127
124
231
229
239
233
234
233
150
128
136
129
133
126
146
32
159
151
29
158
131
28
106
129
154
147
48
129
151
110
146
35
165
26
35
125
156
39
45
164
33
133
108
166
38
157
40
144
76
128
40
145
171
171
170
27
170
144
31
28
29
31
0
198
75
196
188
76
191
86
78
86
94
204
180
131
71
61
59
185
70
204
92
203
80
190
116
64
197
68
70
100
195
204
199
196
61
63
67
137
72
140
172
79
64
70
65
55
52
122
112
45
175
67
247
168
72
93
45
93
92
96
236
125
101
4
144
2
171
10
119
9
135
12
127
117
136
97
149
4
5
144
161
130
135
12
121
0
117
151
135
123
119
161
135
1
105
0
96
94
0
73
24
73
76
11
71
27
13
31
5
75
63
68
4
59
6
69
10
65
24
61
30
69
48
72
68
61
30
8
60
63
62
62
9
77
27
62
55
64
54
60
58
54
24
40
0
36
40
23
97
59
58
88
1
94
3
4
41
5
91
85
102
4
78
5
95
37
86
40
93
6
80
73
108
99
90
7
5
89
109
91
85
48
96
37
103
74
102
97
93
103
102
9
65
39
98
92
0
5
44
4
1
9
33
3
27
35
3
4
51
24
1
66
2
4
46
54
2
5
4
4
4
63
51
64
27
1
3
67
72
4
1
72
16
57
81
4
4
71
83
78
2
2
1
2
3
0
80
33
51
80
29
81
25
12
26
28
46
44
80
24
40
22
53
35
80
35
74
27
63
47
50
48
69
30
26
73
66
76
76
25
52
19
76
51
73
78
74
51
76
30
43
32
45
38
0
86
38
92
94
30
85
26
124
30
28
123
101
88
95
53
33
90
24
86
32
90
115
92
112
48
118
140
103
125
134
142
91
94
119
134
20
78
125
143
65
82
87
147
18
123
0
123
46
0
82
59
36
68
31
75
24
26
30
35
70
53
67
11
50
25
62
20
58
25
68
27
60
58
36
47
55
22
17
53
52
61
57
27
63
35
55
59
74
72
52
79
63
25
38
0
39
56
36
71
32
78
94
13
60
13
29
26
19
75
98
53
20
91
28
95
15
83
21
93
16
82
57
81
87
97
19
26
87
79
93
89
18
76
25
77
75
69
88
90
74
81
23
53
0
45
55
0
109
76
77
107
17
83
14
28
31
16
104
109
81
27
104
23
110
26
101
21
110
24
108
95
104
104
94
26
17
96
99
75
104
34
98
26
88
100
103
79
98
96
93
25
73
9
79
74
6
46
25
16
44
31
16
30
30
22
29
32
39
18
29
31
25
40
19
32
29
35
30
27
28
43
36
33
11
27
38
46
49
48
25
28
7
41
33
22
37
34
18
36
17
11
18
16
7
18
55
20
43
35
27
60
24
22
34
30
57
55
32
16
64
17
64
37
44
21
58
36
54
47
31
67
54
21
34
55
57
58
66
34
40
7
33
62
32
49
61
63
46
36
22
0
26
20
0
72
30
94
94
32
130
17
30
29
32
83
73
90
81
48
30
85
101
120
120
85
123
94
61
96
129
98
106
113
130
98
91
131
31
129
12
99
69
101
104
99
136
129
32
38
112
34
45
98
81
20
32
82
47
81
41
51
49
48
25
99
33
65
34
6
106
4
33
8
33
53
98
38
23
37
34
10
29
38
35
38
90
8
35
96
34
36
49
106
39
129
127
80
28
2
29
28
0
