463
233
495
473
308
483
239
348
345
331
484
496
306
337
498
269
510
332
496
328
497
326
518
288
544
511
499
327
244
520
502
526
531
312
538
245
323
552
528
535
512
574
554
309
296
297
300
318
280
348
78
360
367
74
366
278
48
207
271
375
323
148
257
351
235
343
59
348
56
93
273
333
91
140
339
63
293
227
346
84
374
92
250
206
170
98
227
317
321
334
76
323
245
68
53
66
67
0
296
144
348
337
167
337
107
104
101
101
352
349
231
145
121
144
376
154
397
149
407
125
380
255
161
415
151
163
176
405
420
431
426
140
150
159
330
163
286
389
160
163
172
124
129
120
268
273
120
363
164
467
371
131
176
76
166
179
161
461
304
262
3
315
3
354
5
259
3
314
3
294
314
320
263
358
4
12
351
355
325
336
9
309
2
298
362
328
291
289
350
307
3
249
0
242
238
3
161
86
181
174
43
167
50
39
64
32
176
181
150
41
146
50
198
60
197
65
200
65
179
140
139
158
183
68
46
197
186
195
202
52
167
64
210
176
218
220
216
217
220
70
107
0
95
103
63
165
203
78
211
33
136
33
46
75
42
217
213
167
28
146
23
209
77
215
90
213
35
207
146
166
169
217
33
23
210
175
218
227
84
228
82
159
146
170
232
246
173
243
44
91
74
148
146
0
10
139
18
15
31
107
4
97
114
5
16
185
68
7
187
5
8
95
186
2
13
7
11
10
185
154
160
56
4
6
191
201
15
4
174
29
119
186
16
15
176
184
182
3
9
6
4
8
0
158
84
125
180
37
174
46
34
49
53
110
124
158
39
120
38
125
54
166
48
174
54
161
130
125
111
168
61
53
176
177
179
172
48
130
31
166
149
182
177
170
118
180
50
138
57
109
109
0
270
130
264
300
114
297
96
197
112
122
262
257
294
187
189
138
277
114
310
128
296
219
257
296
173
279
303
218
233
315
296
256
267
196
276
118
244
276
291
235
281
286
299
106
288
0
272
168
0
243
144
142
235
128
249
67
96
79
102
254
143
247
83
205
111
249
118
148
128
241
130
159
250
179
143
256
128
120
252
244
146
158
121
233
89
221
174
270
254
161
262
167
126
115
0
107
155
80
214
89
231
284
55
169
36
58
78
47
234
283
189
84
276
62
290
55
284
80
278
75
263
206
238
286
279
73
60
271
261
266
279
75
235
55
248
213
214
299
297
281
294
55
164
0
164
169
0
209
158
91
186
81
120
61
75
69
68
170
193
135
82
199
72
189
74
182
47
197
61
171
182
201
204
200
71
70
172
189
136
178
73
174
45
159
170
172
135
156
163
166
44
107
18
112
94
15
116
84
48
118
80
60
66
65
50
71
96
109
60
65
93
65
94
51
111
72
106
70
93
77
121
89
92
46
65
89
106
118
107
81
93
25
122
83
60
123
124
78
117
45
35
37
51
46
30
165
53
156
116
57
164
56
34
61
57
169
181
101
51
181
50
192
78
158
39
176
65
187
155
125
189
205
50
91
203
207
215
213
71
166
29
138
196
138
154
189
199
151
78
101
0
95
94
0
237
102
265
259
93
285
38
101
98
97
246
208
257
192
186
85
252
206
287
243
253
244
245
146
241
304
254
207
211
292
269
271
319
99
314
44
258
184
272
265
269
294
308
96
123
213
125
133
204
215
29
75
217
163
221
136
164
169
162
46
228
58
171
59
14
234
8
62
14
76
145
256
64
47
65
68
16
43
64
65
64
191
13
67
169
53
67
99
184
66
245
233
149
52
9
48
53
0
