116
45
119
116
58
114
36
61
59
58
109
117
59
55
126
50
117
60
123
59
120
53
127
59
127
124
120
52
52
123
119
122
125
53
116
44
57
118
122
125
118
123
121
55
53
47
52
53
51
78
22
86
83
15
87
59
12
46
65
91
91
22
63
99
64
101
14
98
14
20
70
98
24
27
106
19
84
75
99
22
101
23
83
52
67
25
76
98
106
102
21
103
79
15
9
14
13
0
78
27
77
81
24
77
37
30
29
33
81
78
58
22
18
21
86
20
74
43
77
36
80
42
19
83
24
17
46
81
85
83
79
51
21
24
59
20
56
89
26
23
20
37
15
16
42
42
16
83
28
106
92
22
48
15
29
31
29
112
67
57
1
69
1
82
1
53
1
72
1
59
73
76
60
89
1
2
82
81
73
76
2
70
1
70
79
70
62
56
78
70
1
55
0
51
59
1
32
15
29
34
12
31
10
9
9
10
30
33
20
9
28
14
34
19
35
8
34
8
37
20
27
19
40
9
20
35
27
36
34
18
23
10
24
18
33
34
30
35
35
9
12
0
15
12
15
33
33
18
34
5
30
6
6
9
5
40
44
34
5
32
6
40
11
46
11
44
8
37
29
38
41
40
5
3
41
41
45
47
12
34
14
36
27
28
45
44
36
42
3
21
8
32
31
0
0
17
0
0
2
14
0
10
13
0
0
18
8
0
25
0
0
13
21
0
0
0
0
0
18
9
15
6
0
0
20
21
0
0
10
1
8
13
0
0
14
15
12
0
0
0
0
0
0
21
12
21
22
8
24
4
2
4
5
19
18
21
3
22
5
19
2
24
3
24
5
23
22
18
20
23
10
7
25
29
24
24
6
17
3
19
23
22
25
23
14
27
6
20
11
20
19
0
54
31
47
54
7
55
7
38
7
7
63
50
50
22
31
11
53
12
54
10
59
51
68
63
39
71
73
36
44
73
71
66
62
43
67
13
47
59
67
49
56
55
69
11
63
0
62
42
0
42
35
28
37
13
52
7
15
15
19
46
41
47
11
49
19
50
16
34
22
55
25
35
46
27
37
44
18
19
44
47
29
33
17
28
16
41
33
37
39
29
40
34
17
22
0
21
35
11
47
14
58
71
13
50
2
9
11
8
60
58
49
13
61
8
62
7
59
12
54
11
66
60
60
66
64
11
8
71
73
63
67
15
62
8
73
61
61
81
73
74
76
7
49
0
53
55
0
41
33
23
49
23
22
20
12
11
22
50
41
30
13
41
21
37
17
48
22
43
24
43
34
41
43
39
14
16
47
34
29
45
18
38
14
38
33
44
25
27
42
30
19
20
3
20
19
4
30
14
13
29
19
12
11
10
19
20
20
30
18
16
22
11
18
15
22
10
28
12
18
11
31
20
17
9
8
22
29
25
25
16
17
12
21
20
11
21
29
13
27
7
6
6
10
8
3
26
4
25
19
11
35
9
5
8
8
27
26
22
8
24
9
30
3
21
5
21
7
26
22
26
28
27
9
5
27
27
33
31
9
31
4
24
27
32
27
32
29
29
8
21
0
16
17
0
27
10
35
29
10
40
8
7
9
10
31
19
28
34
20
12
29
43
40
50
33
40
33
17
33
53
39
44
43
52
42
42
52
28
51
13
45
40
47
49
50
48
56
29
13
39
12
13
37
51
4
11
51
50
52
48
53
52
53
4
61
12
51
6
1
57
0
9
2
8
48
56
10
6
10
10
1
2
7
10
6
60
1
6
58
9
9
17
69
9
70
69
55
8
1
6
7
0
