306
142
300
315
195
305
128
203
209
206
307
295
159
195
297
151
292
181
284
188
296
182
281
159
273
285
285
178
154
260
273
286
278
175
247
148
180
267
272
256
272
284
267
172
167
166
176
178
164
131
25
126
127
33
126
103
20
85
101
127
122
38
95
139
70
125
36
126
26
41
96
102
33
44
105
25
78
78
111
31
116
34
67
64
55
34
78
100
96
105
30
105
75
22
23
25
23
0
156
90
169
159
72
181
47
44
36
46
176
185
98
68
57
70
190
76
209
66
205
55
166
118
69
177
72
74
52
199
179
187
186
67
66
76
177
76
144
199
72
74
81
47
53
56
140
147
51
111
57
194
125
55
89
62
95
102
107
204
93
66
2
99
2
130
7
87
14
103
18
101
92
99
87
126
3
9
113
117
93
108
9
93
0
84
121
96
85
93
111
90
0
64
0
63
69
0
56
44
62
59
8
55
18
19
25
8
54
80
60
11
60
18
80
25
79
25
78
23
105
50
66
61
108
24
45
97
98
103
109
27
63
22
70
62
87
82
81
85
92
22
38
0
36
34
21
83
91
42
87
11
80
13
12
37
15
88
112
90
18
62
18
96
38
110
41
115
29
108
63
83
80
98
26
18
104
80
107
107
35
123
31
91
47
86
124
130
90
132
39
45
35
65
69
0
6
71
6
3
17
47
3
48
56
5
8
93
28
4
105
5
3
56
111
5
3
6
6
4
99
77
91
45
4
3
103
101
2
3
108
22
68
98
5
6
111
109
105
3
5
4
2
5
0
139
79
109
145
49
144
41
24
40
37
104
111
136
26
100
29
115
34
143
37
145
37
124
112
101
88
125
61
39
131
126
132
145
42
114
21
130
114
139
140
142
102
135
54
114
55
95
105
0
146
54
147
144
64
143
63
134
68
61
159
138
122
87
86
61
135
52
136
61
147
137
129
169
82
160
182
133
149
183
191
137
139
138
188
44
103
178
191
95
120
126
191
36
184
0
170
73
0
131
68
64
121
66
125
24
59
44
66
128
70
109
28
103
49
118
60
59
59
118
61
61
105
74
68
110
57
49
117
107
69
65
41
92
37
90
74
108
107
66
118
78
45
51
0
55
68
35
108
27
112
118
16
84
35
56
55
50
112
123
75
59
137
48
129
48
135
63
133
64
115
81
102
116
119
51
43
122
126
113
117
43
114
50
89
117
99
117
119
114
105
45
60
0
57
60
0
108
80
67
115
32
90
35
29
30
32
126
111
91
32
125
31
110
29
116
26
124
27
125
127
123
121
121
32
28
118
129
82
113
27
117
25
106
124
124
80
109
116
110
33
86
8
83
75
8
49
29
20
54
32
23
24
29
17
29
40
52
28
35
38
32
39
19
50
26
55
27
44
45
51
44
38
14
26
38
42
45
46
35
42
8
55
41
30
58
55
42
56
17
18
21
25
16
12
89
20
79
67
23
93
17
17
27
23
81
80
66
19
93
17
86
19
76
12
94
22
84
85
63
95
102
15
26
86
100
83
87
31
77
15
73
99
72
83
99
99
96
33
59
0
62
62
0
123
53
126
131
34
184
13
32
38
39
124
123
125
138
94
36
127
140
193
163
134
164
147
96
145
215
142
143
148
187
152
137
205
37
199
17
139
105
149
150
190
194
214
34
88
140
87
84
135
96
21
55
99
61
98
47
55
54
58
40
100
46
58
55
14
101
14
61
18
60
53
120
59
49
58
56
13
17
57
57
57
92
17
57
63
54
63
71
99
60
111
104
48
43
14
45
40
0
