411
228
428
427
289
436
184
306
289
295
418
415
278
279
433
255
427
282
412
278
417
271
423
291
436
445
432
259
226
424
439
446
419
277
433
248
294
442
447
417
458
452
447
285
274
270
284
259
259
214
61
234
241
39
238
164
38
136
174
236
218
92
175
237
129
238
40
240
42
66
179
256
71
81
265
59
179
164
257
68
241
72
207
152
179
71
223
285
264
273
57
280
217
45
31
49
48
0
287
115
335
317
110
329
130
130
118
126
315
278
200
97
83
97
290
109
315
115
297
97
224
179
102
244
102
111
57
251
246
247
267
77
97
106
240
95
205
283
98
96
102
66
68
77
205
211
75
259
84
439
278
134
191
126
220
230
224
460
192
154
1
197
0
254
21
186
25
202
36
219
191
242
149
282
1
45
280
262
191
222
35
196
0
178
230
197
203
195
258
195
0
139
0
141
133
0
129
52
137
141
44
136
35
16
41
24
140
143
102
37
108
39
141
44
137
39
133
40
139
104
107
110
136
44
40
140
137
136
129
55
109
44
124
105
151
138
151
146
141
43
71
0
72
78
45
141
139
92
159
14
139
9
11
53
12
161
160
151
17
118
15
153
54
168
59
167
20
162
121
153
149
168
25
20
167
158
154
173
57
153
54
156
116
153
161
168
158
171
23
102
50
136
139
0
11
83
13
9
19
74
6
69
71
5
10
110
54
5
117
7
9
71
119
4
12
10
14
9
100
90
92
41
5
10
104
116
11
7
120
20
78
117
12
9
116
117
126
6
8
4
2
8
0
163
70
87
177
62
178
91
54
88
94
101
96
151
43
98
60
110
83
152
88
166
83
139
103
93
85
136
87
49
127
135
133
130
56
102
29
143
109
142
150
150
81
139
59
99
94
97
96
0
101
49
88
111
28
92
25
248
29
28
234
164
93
113
66
19
83
16
89
22
84
237
89
277
66
254
273
207
261
284
274
85
88
224
253
17
86
225
262
73
77
91
261
17
255
0
233
61
0
97
84
43
88
27
93
31
25
56
24
98
78
82
24
87
16
94
23
87
25
99
25
90
99
82
97
103
38
27
103
100
103
94
27
99
58
89
87
103
97
89
96
106
28
68
0
67
81
50
121
36
129
79
10
59
10
82
17
74
128
86
60
23
80
82
86
11
89
21
93
19
85
68
139
98
94
16
75
93
91
94
99
18
138
67
95
139
84
109
97
95
102
72
63
0
69
64
0
236
102
175
223
21
179
10
41
41
20
210
194
187
40
210
28
238
36
216
17
231
24
257
246
244
234
236
36
35
211
242
199
221
36
249
26
230
236
237
204
234
232
237
36
201
13
203
192
12
74
55
30
72
44
31
52
51
36
36
60
71
43
47
49
45
56
38
78
50
74
55
62
51
78
56
56
29
57
67
77
69
73
56
53
18
83
69
44
76
72
43
73
39
24
33
27
16
24
90
8
46
32
51
87
32
44
54
56
55
78
40
28
82
28
88
54
48
40
82
52
81
53
52
89
92
31
44
81
88
93
87
54
55
19
48
85
63
48
95
82
56
55
27
0
24
22
0
149
64
150
160
67
232
34
74
68
69
140
145
157
194
84
62
146
220
265
250
142
255
154
85
152
260
159
232
236
259
173
180
268
56
255
28
169
123
164
169
247
256
263
47
64
240
63
66
217
143
40
91
155
66
152
40
66
62
69
70
158
75
74
92
18
170
7
84
13
96
51
184
93
84
94
85
14
54
95
92
94
141
9
97
111
84
91
136
132
93
196
197
80
81
11
80
81
0
