202
93
209
210
132
218
92
138
145
137
201
213
109
139
194
105
214
135
217
131
212
130
194
120
199
213
215
128
122
198
206
206
206
132
206
116
118
208
212
206
217
205
220
122
119
117
118
121
118
134
29
142
140
34
133
103
20
86
102
143
152
57
119
150
106
144
29
156
27
40
116
143
34
47
157
34
122
113
156
42
148
45
131
93
113
47
130
167
162
164
36
167
135
27
21
28
29
0
176
65
189
191
76
189
79
67
62
79
192
177
99
74
58
64
172
72
196
83
193
59
148
101
71
180
60
70
75
164
173
172
173
55
61
59
130
70
119
160
62
68
67
45
52
54
121
106
49
149
72
210
156
43
90
36
66
67
67
206
138
110
3
132
1
146
3
93
2
140
5
125
114
134
121
143
1
7
143
145
139
146
3
124
2
107
133
134
103
107
128
130
2
103
0
88
100
1
64
36
72
69
16
76
20
9
26
15
72
64
67
6
52
9
69
12
63
22
66
24
70
47
59
58
75
28
22
73
71
69
72
26
65
21
77
58
84
91
89
86
82
20
43
0
35
40
22
86
71
49
96
12
85
12
11
26
13
95
93
101
13
79
17
93
23
100
30
98
17
101
73
93
91
103
20
16
101
96
99
111
29
97
26
88
75
89
100
98
87
99
15
58
30
84
84
0
4
54
1
2
6
53
3
51
41
1
2
59
33
3
56
2
3
34
53
1
4
3
2
4
65
46
59
39
3
1
62
72
3
2
56
12
49
51
2
3
62
58
55
2
2
1
2
2
0
51
22
32
57
9
55
19
13
23
21
28
26
48
13
23
14
43
17
54
22
49
22
42
29
29
31
39
10
12
36
38
41
41
21
26
13
43
45
42
47
44
23
50
21
27
10
22
22
0
96
61
98
101
20
105
13
102
24
27
114
110
105
74
80
22
101
14
112
24
113
105
99
132
89
134
145
103
111
149
152
108
99
107
149
15
90
133
142
92
106
95
147
9
138
0
143
76
0
81
59
33
73
15
68
20
16
33
23
70
66
70
9
69
23
80
20
64
19
79
27
59
82
56
67
93
33
34
80
88
63
67
38
76
33
73
63
85
90
52
76
63
29
45
0
44
64
32
89
46
88
108
11
61
6
14
14
13
91
105
77
20
110
13
113
13
111
26
107
21
108
76
81
102
98
22
10
105
105
105
105
22
89
8
102
77
87
118
108
115
108
12
72
0
69
74
0
96
64
40
78
33
52
35
35
30
36
87
89
54
33
81
33
81
38
71
31
90
27
84
69
85
83
92
41
40
53
89
42
65
37
94
31
74
71
71
41
66
69
61
29
41
9
36
38
11
50
31
16
54
34
19
24
23
26
30
35
49
30
33
34
24
28
28
50
24
44
25
33
28
42
27
28
21
17
27
42
35
43
31
27
8
42
33
22
39
32
22
39
14
13
8
19
13
10
49
24
43
31
24
52
25
13
26
23
45
52
19
21
52
23
52
27
40
16
56
26
54
40
23
57
55
23
30
53
53
58
50
31
44
12
33
54
36
44
56
50
45
33
15
0
19
18
0
71
27
84
67
32
109
21
26
27
27
81
77
68
79
43
21
74
102
114
105
73
98
80
46
85
114
86
97
102
111
80
85
118
38
115
24
87
77
95
92
119
128
133
33
42
98
41
40
89
88
7
19
78
66
79
54
73
62
68
9
83
18
76
18
2
93
2
14
3
17
69
92
20
11
14
17
4
15
17
16
17
75
3
15
71
16
18
23
70
16
87
66
62
11
3
17
13
0
