167
81
168
171
104
165
79
122
126
116
167
172
103
112
165
94
165
112
167
116
160
109
163
103
164
158
157
117
91
171
163
155
161
112
178
94
99
172
172
177
184
166
178
112
110
109
98
110
103
110
25
107
96
35
113
66
29
42
70
107
102
47
63
108
46
110
29
112
27
40
66
120
43
46
128
41
77
62
126
49
132
45
87
97
68
57
93
141
135
140
45
146
84
36
30
39
38
0
112
53
123
123
45
118
48
45
48
57
117
116
61
44
35
39
129
47
123
58
122
48
113
63
42
114
41
47
44
113
114
123
118
35
38
47
96
45
89
107
44
41
48
27
36
33
78
82
36
98
36
145
104
31
70
29
54
62
61
137
79
59
3
83
2
90
1
61
1
75
1
73
73
79
59
92
4
1
81
81
68
71
2
81
1
66
102
83
67
70
94
80
2
54
0
48
52
2
57
38
57
58
19
58
29
26
39
10
58
67
60
14
40
15
71
24
66
37
71
33
72
36
59
55
75
35
27
73
71
75
72
23
63
30
70
50
70
78
71
80
75
38
40
0
34
37
25
70
86
35
101
21
56
20
27
23
23
97
84
63
13
58
14
79
23
86
21
79
20
91
43
61
55
82
24
17
84
74
89
82
29
73
25
60
48
65
86
74
64
76
19
44
28
59
57
0
1
25
3
2
6
21
2
18
19
0
3
40
13
1
37
0
2
26
36
1
0
2
2
1
41
31
35
20
1
1
43
44
1
1
50
15
39
53
1
2
51
54
51
0
2
2
0
2
0
70
36
49
74
10
72
15
12
16
13
44
54
61
12
49
15
53
15
69
15
70
16
55
55
43
46
59
14
16
56
64
66
69
14
53
11
61
54
64
60
59
44
66
12
45
13
40
40
0
86
40
91
94
33
96
25
68
33
35
114
88
97
54
57
38
101
34
99
34
100
72
97
114
55
110
114
56
73
114
118
87
93
70
118
26
85
109
115
81
91
94
115
24
106
0
108
65
0
68
47
27
61
33
70
20
31
40
29
70
54
60
12
48
21
61
25
45
21
61
35
56
66
44
51
71
25
29
67
71
51
57
45
63
35
70
52
81
78
50
86
62
44
31
0
34
47
28
66
30
76
113
26
69
18
13
40
15
83
105
60
34
107
13
120
13
111
35
116
35
99
75
84
102
103
26
13
105
101
114
110
38
80
14
106
76
95
118
120
116
113
15
60
0
61
65
0
71
50
48
73
26
49
32
18
17
32
78
69
48
20
69
25
62
14
62
25
65
32
71
68
64
69
67
16
18
71
62
45
62
16
61
13
62
54
58
43
49
64
57
22
40
7
41
38
5
45
31
16
54
31
24
16
13
20
27
34
47
29
22
42
16
33
18
55
15
45
14
38
34
41
37
36
19
15
38
45
47
49
25
41
9
48
38
34
47
55
39
50
15
21
8
32
20
11
43
9
45
26
24
48
31
17
25
26
61
53
32
27
55
26
60
24
50
18
53
23
52
44
39
46
58
27
23
52
50
51
46
28
44
14
49
57
49
50
59
60
51
27
20
0
21
25
0
68
28
86
68
26
95
17
22
25
23
75
67
61
74
43
26
65
87
105
93
61
92
77
49
68
102
70
87
90
110
70
69
113
44
99
23
88
62
82
82
95
102
106
31
36
77
27
33
78
77
11
21
77
62
75
52
63
65
61
12
72
20
61
12
4
72
4
15
6
18
50
74
13
12
17
17
4
20
17
10
15
65
4
12
56
12
17
27
68
15
72
84
62
11
4
11
9
0
