485
203
486
512
284
486
186
316
306
301
505
467
280
301
484
224
485
295
478
307
487
295
475
261
468
468
460
291
236
478
482
468
469
273
472
233
291
470
479
464
465
484
471
287
250
242
246
260
258
276
81
288
303
74
296
224
54
186
226
323
277
105
196
277
172
282
70
283
53
94
216
274
97
115
292
61
219
164
297
100
302
96
220
184
170
97
211
275
302
302
73
293
219
61
51
56
60
0
280
132
284
308
150
313
101
89
91
97
306
306
224
132
119
128
301
135
310
95
310
73
289
171
141
313
131
133
104
312
316
317
301
75
117
132
286
132
220
300
132
139
142
66
99
86
230
227
86
278
148
374
275
92
160
75
138
131
143
385
234
194
4
246
3
282
10
187
8
230
15
238
212
242
199
257
3
6
258
269
247
241
12
235
3
221
268
246
224
207
262
241
1
182
0
182
185
3
147
88
174
167
35
166
54
36
61
26
167
175
146
30
148
32
190
36
186
51
187
57
180
131
130
146
177
49
48
183
180
177
168
54
166
47
178
149
195
188
189
192
189
53
115
0
99
111
53
130
137
69
150
20
121
21
22
53
22
154
144
140
19
101
16
137
58
148
58
135
24
158
96
133
130
164
33
22
167
136
162
163
61
152
63
140
114
149
155
158
142
157
28
70
61
127
121
0
15
127
11
10
26
104
14
102
100
12
13
167
75
15
185
11
11
105
182
10
11
13
15
14
138
141
132
48
15
7
156
166
16
11
150
35
129
140
14
13
151
152
150
13
16
13
8
16
0
154
56
114
159
44
163
66
40
61
64
102
117
148
56
104
55
121
51
147
63
160
56
151
112
97
105
151
51
70
145
163
154
158
51
107
27
151
136
143
154
149
111
149
53
96
54
75
72
0
189
85
197
195
67
201
63
200
58
69
213
221
184
172
136
73
201
66
205
79
202
224
211
253
158
243
258
213
223
265
276
225
226
214
258
80
193
251
252
183
217
228
259
63
247
0
231
119
0
190
117
108
191
87
215
51
77
74
84
210
135
176
56
183
81
200
88
115
95
227
85
136
183
131
119
198
68
64
190
175
138
138
73
157
62
146
128
192
180
129
184
135
58
96
0
98
124
57
178
93
180
184
33
113
35
60
48
50
191
206
96
55
200
57
202
37
207
45
202
51
194
121
180
203
197
40
59
197
196
198
200
60
169
56
176
147
158
196
198
194
199
61
116
0
119
118
0
172
110
84
132
36
117
29
57
58
35
136
140
98
63
131
29
177
67
138
22
193
32
184
172
196
193
181
62
58
129
170
107
122
66
164
55
165
155
146
108
153
149
148
41
89
20
85
85
17
98
54
29
106
60
49
61
56
47
61
75
100
46
55
68
52
72
54
94
60
87
58
66
60
102
67
60
34
43
74
107
110
100
81
53
22
111
90
40
108
107
43
95
24
13
24
30
10
23
140
64
116
80
64
164
39
39
61
63
129
151
80
43
156
44
154
65
125
36
146
65
149
116
78
145
145
47
67
156
137
143
150
64
106
34
94
130
109
117
154
159
133
70
76
0
63
70
0
182
76
211
199
72
236
24
72
69
73
197
172
199
176
111
73
190
203
259
210
203
225
194
119
205
251
200
189
204
244
207
214
267
75
257
31
193
137
201
213
195
258
256
76
88
183
93
92
189
164
30
69
163
106
175
98
115
115
114
44
177
50
106
76
21
172
13
62
28
72
86
182
63
60
69
63
31
44
61
63
67
144
28
67
109
51
72
112
144
63
176
183
87
55
16
54
56
0
