339
166
345
360
199
343
111
213
215
218
351
353
176
208
337
156
332
205
349
192
337
200
321
175
326
313
312
194
161
305
328
324
310
192
304
155
193
321
329
313
316
330
329
203
160
158
160
172
159
183
34
195
177
59
174
160
30
139
171
182
170
75
149
188
148
194
51
185
35
61
153
178
58
73
189
43
162
129
193
60
198
59
141
105
132
45
135
166
176
173
27
171
146
30
29
34
24
0
168
78
185
190
91
198
48
56
53
48
187
174
142
78
68
75
193
84
218
52
197
47
197
123
79
200
81
81
56
222
194
205
206
43
74
88
192
77
149
197
74
80
82
35
59
61
145
154
59
212
68
250
196
57
101
43
88
98
91
250
170
129
2
179
4
175
5
122
1
164
2
148
152
157
133
161
4
3
168
172
166
152
1
157
1
163
185
170
148
133
176
176
1
133
0
126
124
0
80
42
94
87
16
95
16
16
25
15
98
96
75
15
73
19
99
25
95
28
98
29
79
71
83
83
92
21
10
83
84
87
95
10
88
27
83
80
98
93
92
95
99
27
70
0
59
59
26
70
58
25
72
3
59
2
3
29
0
69
66
62
2
53
1
66
35
70
36
68
3
65
63
72
72
79
3
2
61
82
71
69
37
69
32
77
72
74
72
71
78
76
5
37
40
65
66
0
8
61
9
7
7
49
5
54
49
7
9
70
43
7
66
7
6
30
64
8
6
9
5
8
62
50
64
25
7
4
69
64
10
8
75
17
64
83
6
6
78
72
69
9
8
9
2
7
0
56
21
42
61
11
58
18
6
16
19
39
44
59
11
51
17
51
16
57
18
58
18
55
52
47
38
55
12
15
61
61
59
54
12
42
9
54
44
54
58
62
43
58
18
42
7
29
32
0
101
58
102
109
20
105
18
134
19
24
132
136
112
105
82
21
113
14
115
16
110
144
123
169
87
151
182
121
149
170
182
114
106
135
150
29
111
137
173
102
118
122
172
20
154
0
150
80
0
121
86
63
101
32
123
28
25
36
30
112
91
98
24
90
22
119
26
81
30
121
28
90
122
85
90
126
29
27
124
123
100
101
37
117
41
104
93
133
126
87
130
97
27
75
0
75
82
32
98
59
108
139
14
71
13
19
24
13
110
134
79
23
143
14
141
14
137
28
143
26
140
82
106
137
130
29
15
130
143
134
135
42
117
15
125
97
97
144
136
140
144
16
91
0
93
94
0
107
64
47
87
24
83
18
52
48
26
98
89
65
49
77
20
98
43
93
20
111
22
114
102
123
124
132
46
44
85
122
64
87
49
103
39
98
106
86
61
104
85
108
25
68
11
61
63
9
79
24
11
81
55
21
27
28
54
65
39
54
19
45
27
24
29
33
49
22
53
27
32
23
58
32
35
20
31
47
59
64
67
49
30
13
62
48
21
63
60
22
66
20
10
15
15
7
12
62
14
46
32
34
59
18
31
37
38
44
60
27
22
61
15
60
28
46
20
65
33
57
47
31
68
57
21
36
55
58
63
69
46
43
17
32
80
58
46
72
79
54
52
27
0
31
24
0
98
26
97
101
38
133
22
44
41
40
92
85
98
120
44
40
92
122
133
131
97
127
102
59
102
146
108
136
135
137
100
106
136
47
145
20
109
77
111
98
121
144
138
48
39
125
34
37
125
102
5
23
108
95
108
83
87
88
92
12
107
28
96
26
4
109
2
16
6
21
88
106
22
21
18
16
10
18
18
24
22
104
6
25
99
18
23
41
113
18
121
114
103
16
6
12
13
0
