397
221
412
411
300
413
216
311
314
303
413
402
269
300
425
254
413
308
412
315
416
309
414
252
432
425
438
318
262
433
422
433
430
308
449
251
283
434
437
439
432
447
439
309
256
274
237
250
275
36
14
38
34
12
36
22
11
14
25
38
37
18
22
39
19
45
12
41
10
18
26
45
20
27
47
17
29
25
45
19
44
19
30
40
20
19
31
49
46
44
16
46
29
13
5
10
11
0
8
3
14
12
7
11
3
3
0
2
13
7
9
6
6
7
12
7
12
2
7
1
7
8
6
11
5
5
1
8
11
8
11
0
6
5
10
6
12
12
5
7
9
0
9
8
10
12
9
68
28
321
69
21
309
297
296
304
295
329
28
26
0
28
0
183
121
200
161
30
162
191
136
195
27
187
0
152
182
182
32
183
146
27
0
26
143
31
172
175
191
28
0
25
0
22
20
0
218
130
248
245
81
239
45
35
66
71
236
255
169
74
194
85
258
100
249
69
251
71
271
225
174
172
263
65
107
276
273
275
269
105
184
69
257
237
267
272
276
269
273
71
113
0
114
122
68
6
152
20
164
153
5
147
147
1
137
149
152
5
105
158
148
170
2
156
3
158
162
179
112
6
4
184
175
179
184
3
183
185
2
201
3
5
116
4
188
209
5
197
208
0
5
3
3
0
32
142
33
28
54
104
21
95
105
27
31
154
85
23
149
29
34
93
173
25
28
29
32
28
151
135
140
47
29
25
167
173
35
24
167
50
132
165
35
29
173
183
173
27
34
26
10
32
0
193
85
128
198
61
191
82
57
78
77
126
142
199
82
132
79
175
99
217
104
215
100
203
133
132
179
218
98
92
213
221
212
230
92
145
68
208
185
218
219
219
134
216
101
136
90
132
119
0
90
45
82
103
24
98
18
193
24
25
250
204
93
127
79
20
97
15
98
19
90
200
92
281
72
262
293
188
215
282
289
94
93
198
269
12
92
234
279
76
96
94
275
10
235
0
238
58
0
55
71
40
53
10
55
32
11
54
8
55
64
54
7
53
10
61
9
67
11
63
9
55
65
48
71
69
11
11
71
75
72
91
22
69
42
48
81
88
80
81
91
94
19
29
0
28
57
19
142
69
149
134
15
76
36
95
42
94
159
138
81
52
138
91
127
38
144
49
130
46
113
83
147
122
121
49
91
121
121
122
130
49
144
79
117
135
103
136
132
130
129
90
62
0
66
64
0
206
243
153
287
68
223
27
7
7
76
292
292
227
5
303
70
246
10
298
35
247
67
242
236
240
241
239
6
3
284
255
228
276
5
229
7
215
230
280
197
217
277
230
76
199
0
189
186
0
155
77
63
166
79
78
3
3
16
73
88
172
85
61
104
2
84
30
160
2
148
2
93
74
160
93
92
51
4
90
150
165
166
49
102
14
155
101
93
160
167
114
169
2
103
0
98
104
1
77
11
50
22
63
91
47
46
62
73
52
82
19
44
78
38
84
70
49
46
82
68
85
63
27
87
85
39
62
87
96
90
92
79
67
21
51
91
62
65
97
105
68
82
10
0
14
13
0
160
68
158
155
46
202
15
51
47
49
147
148
143
178
99
54
156
230
249
234
152
235
148
98
159
238
162
214
219
238
171
162
252
56
237
29
157
102
158
164
207
237
243
39
70
217
77
74
197
120
44
88
121
48
133
35
55
54
53
67
138
59
61
92
28
133
10
84
31
94
36
130
85
77
96
92
27
32
96
89
101
92
32
89
54
79
91
112
89
98
149
136
31
77
18
77
79
0
