230
126
238
248
154
243
98
170
160
162
241
230
154
163
236
146
244
166
247
159
243
156
236
144
233
239
216
153
121
230
219
225
232
146
236
128
127
238
228
231
229
229
245
145
143
152
135
147
141
138
31
136
149
24
138
113
19
94
101
146
133
43
110
145
103
138
25
142
19
40
111
135
32
62
155
29
118
96
143
33
155
39
95
84
73
39
99
135
134
139
35
131
104
23
17
28
28
0
144
63
150
151
47
161
62
50
55
59
161
164
105
52
43
46
170
47
185
76
184
59
164
82
57
175
53
59
69
177
189
186
182
56
52
54
155
56
126
174
55
56
57
58
40
38
113
121
37
147
61
229
154
47
103
67
105
121
116
240
122
87
1
132
1
137
4
96
5
124
4
113
119
135
93
137
2
7
137
141
122
117
6
113
1
118
141
124
118
112
144
124
1
100
0
94
101
2
64
21
58
61
23
63
25
12
25
20
63
66
65
10
48
17
63
24
69
26
71
23
60
35
59
54
59
27
18
59
57
56
58
10
60
21
56
38
64
59
64
61
67
24
37
0
35
35
24
82
57
44
77
9
62
5
9
20
11
76
81
77
10
55
8
82
20
86
29
89
13
79
52
81
75
73
9
7
78
85
77
78
24
71
23
83
62
78
74
71
90
70
2
47
30
79
75
0
1
9
0
1
2
7
0
6
5
1
0
27
3
1
30
0
1
21
29
1
2
1
1
0
20
15
19
19
1
0
27
22
1
1
28
4
17
30
1
1
26
27
26
1
1
1
0
1
0
39
18
41
38
7
30
9
7
9
7
39
42
43
4
35
7
34
9
47
8
46
8
40
38
33
30
40
15
7
47
48
49
44
11
41
3
48
37
47
51
54
35
52
8
39
13
39
39
0
82
39
77
86
20
83
17
121
17
19
142
103
82
64
60
17
84
16
83
18
91
132
87
158
51
147
161
112
132
160
158
84
93
113
159
22
73
126
160
59
75
77
157
17
151
0
148
60
0
80
55
39
79
28
74
22
26
28
27
89
56
81
12
61
23
78
24
55
22
88
24
60
78
57
53
94
35
30
87
87
64
64
37
84
32
84
57
95
83
54
106
65
34
46
0
42
61
29
87
40
90
132
26
77
19
10
38
11
91
114
79
22
123
9
116
16
119
26
107
27
116
82
83
113
113
34
10
116
128
127
113
38
78
10
117
83
86
135
133
129
124
9
74
0
77
77
0
121
67
89
121
20
84
16
22
27
18
118
108
102
28
103
15
125
29
107
17
127
16
124
121
131
127
128
25
29
109
129
94
115
21
119
23
110
117
112
84
108
111
115
23
88
7
89
86
9
46
24
11
54
29
16
21
23
24
39
29
39
26
28
32
19
34
19
46
20
35
24
30
31
39
25
28
14
25
34
52
44
48
42
26
19
59
51
26
55
62
22
62
15
12
15
16
12
14
50
10
36
24
26
52
19
27
27
30
38
59
34
22
56
20
58
20
47
19
56
22
62
39
38
59
63
22
25
55
51
60
55
26
50
14
48
73
50
40
70
64
44
29
19
0
17
29
0
68
31
78
71
25
126
14
27
26
26
68
59
68
116
50
31
71
131
153
142
78
143
71
56
81
157
80
145
146
150
90
71
158
40
157
27
87
73
89
105
150
154
147
38
35
134
35
37
133
72
6
16
69
62
75
65
65
57
62
11
79
17
68
14
8
81
6
13
7
9
61
96
10
7
13
15
7
12
12
15
13
88
4
13
86
10
10
14
83
14
90
95
81
5
2
7
6
0
