288
143
304
298
186
301
108
201
206
197
295
275
194
203
288
177
289
203
282
197
268
201
276
177
270
274
264
186
153
270
272
262
281
178
278
165
183
273
280
279
282
274
282
186
200
168
193
197
183
121
34
115
128
29
127
81
24
62
74
127
116
59
62
124
60
123
37
123
30
42
78
118
48
49
114
40
68
61
118
48
118
45
85
95
64
49
95
124
132
128
35
128
96
36
26
34
38
0
184
77
183
181
77
189
63
72
63
72
201
188
114
71
64
72
181
65
191
62
192
48
174
115
68
163
73
72
50
178
178
184
167
55
73
71
153
72
132
182
78
81
83
40
61
56
152
145
63
118
40
229
126
65
110
75
140
139
138
233
84
67
0
91
0
112
4
76
6
97
9
79
80
98
76
107
1
4
102
111
89
89
10
93
0
83
112
92
86
85
110
92
1
65
0
59
66
1
100
73
105
105
13
110
32
23
35
8
118
116
109
14
96
14
110
23
126
39
117
40
117
85
100
104
127
34
26
125
123
116
128
39
113
30
130
92
138
135
136
137
134
37
74
0
70
70
31
97
110
68
123
27
93
20
29
33
29
110
132
103
24
75
21
131
38
139
46
138
40
132
66
110
90
139
33
24
134
104
138
125
45
128
44
107
64
97
124
128
103
128
37
51
45
84
90
0
8
77
9
10
22
48
9
42
58
7
11
118
24
7
113
6
6
52
117
5
10
8
6
8
77
78
61
26
8
6
89
95
8
10
81
9
52
81
8
6
74
80
78
6
7
6
6
7
0
92
44
54
89
13
86
25
22
27
30
55
59
68
13
57
16
59
19
73
23
69
20
69
54
46
49
74
19
19
75
66
73
69
13
52
7
62
62
63
64
71
53
71
9
48
20
48
51
0
74
51
77
97
17
92
19
141
19
20
160
121
93
83
71
22
97
21
86
23
98
144
84
184
80
192
201
133
172
205
205
98
98
146
194
24
73
178
200
85
97
91
208
19
187
0
172
61
0
98
74
45
70
24
94
18
22
44
24
87
72
77
11
77
21
80
27
71
23
87
27
79
95
70
75
99
25
28
95
95
81
84
29
78
44
69
78
86
96
71
78
83
21
59
0
65
72
42
123
44
136
156
25
124
18
24
37
24
137
141
117
33
144
23
144
27
139
33
141
32
160
124
139
164
164
32
16
169
164
165
164
31
139
19
152
138
135
160
165
162
172
24
106
0
102
108
0
157
92
103
155
40
119
27
31
29
48
160
156
122
28
165
31
167
28
155
24
150
29
154
157
163
157
158
22
26
150
153
121
148
25
147
20
141
139
160
119
137
163
152
45
127
5
120
115
5
69
42
22
74
33
29
33
29
30
41
50
68
36
32
52
25
54
24
61
31
73
34
55
51
76
55
55
20
30
54
79
73
76
45
56
9
80
59
47
66
74
51
76
18
25
24
38
29
16
81
20
45
26
45
83
22
35
60
51
46
75
30
22
74
21
66
42
44
29
66
45
65
44
36
75
74
26
50
78
71
78
83
54
47
20
46
73
61
44
82
77
42
57
16
0
16
19
0
135
46
134
140
66
146
43
61
66
58
129
92
124
133
84
68
130
158
165
157
130
153
142
84
147
164
148
153
171
167
151
150
171
73
176
40
148
113
141
136
161
170
172
67
44
156
34
38
151
126
14
23
133
111
129
102
100
101
102
23
130
25
109
20
5
126
1
15
7
17
97
150
14
21
23
20
5
14
27
23
29
124
6
20
108
16
22
43
120
24
133
131
100
27
3
21
21
0
