422
195
453
423
270
427
195
296
276
297
425
435
215
259
418
202
437
281
409
288
429
273
393
199
399
396
392
267
219
398
394
402
395
265
375
218
232
397
383
394
380
391
402
264
224
220
225
236
230
254
61
257
267
59
251
191
40
129
196
272
270
90
202
265
143
260
72
282
46
100
211
256
84
112
271
59
216
151
277
93
273
95
226
199
157
95
206
261
284
274
60
294
217
47
30
48
43
0
278
130
298
288
140
277
114
117
106
108
310
284
184
118
98
105
285
115
294
108
299
79
258
189
122
280
116
124
92
278
302
291
300
58
111
117
259
105
203
280
113
131
119
57
74
67
231
200
73
242
146
314
267
88
166
63
136
142
138
341
220
192
6
237
5
267
12
175
11
239
15
223
206
236
197
264
5
9
266
257
213
239
12
227
3
198
263
244
211
224
274
227
3
154
0
146
149
1
124
46
134
136
59
142
37
21
38
38
135
126
101
34
89
40
130
48
133
38
129
44
122
88
96
92
132
41
41
126
127
123
131
35
99
45
123
88
132
125
127
138
127
48
52
0
50
53
37
148
151
76
164
14
132
11
14
56
12
165
142
140
7
105
10
150
54
146
60
156
12
152
98
134
142
151
16
12
157
147
141
166
63
146
58
147
103
135
138
141
153
142
10
64
55
116
127
0
8
121
9
9
16
94
4
87
90
3
12
130
50
4
124
6
4
53
127
4
9
7
7
5
107
86
109
22
4
6
120
111
8
4
124
21
93
131
5
7
123
120
128
2
3
6
3
3
0
134
41
101
142
30
136
40
31
44
51
86
97
126
29
95
35
109
41
133
39
138
40
113
101
95
100
117
40
35
122
128
131
132
35
100
26
123
105
130
130
129
91
127
43
91
45
79
82
0
181
106
185
191
54
210
46
191
62
59
206
189
191
155
153
62
194
57
189
57
195
199
186
240
139
228
252
188
213
240
263
192
190
210
246
50
187
239
248
158
205
200
258
41
230
0
228
122
0
155
110
81
162
63
172
41
60
58
56
168
104
176
48
143
72
179
77
102
82
183
83
112
170
120
107
173
72
82
185
186
117
120
81
170
54
142
118
190
171
115
191
126
73
91
0
83
110
56
121
79
125
148
35
81
24
51
55
42
134
161
88
64
155
46
161
37
157
65
160
61
153
92
126
149
161
40
39
149
139
145
144
50
124
45
140
127
112
157
164
147
158
43
84
0
82
91
0
159
90
62
119
34
120
20
80
75
37
119
108
81
87
118
44
167
80
113
24
179
37
183
167
175
170
178
69
77
130
163
102
123
75
172
59
145
140
127
98
149
130
126
23
87
23
96
86
21
70
49
25
81
56
37
43
45
51
62
55
69
43
31
55
44
57
30
66
45
70
47
61
50
71
63
53
19
41
60
73
60
62
46
46
12
80
54
38
71
70
40
63
17
18
26
24
14
17
85
39
101
67
27
98
39
12
32
29
97
111
60
36
116
34
108
28
96
21
105
25
110
92
76
116
115
32
42
117
131
118
126
44
98
18
99
122
96
108
131
116
105
52
71
0
74
78
0
143
57
148
145
40
216
21
41
41
40
136
145
142
152
88
42
146
185
232
209
149
207
162
101
153
247
148
189
194
222
149
154
235
43
229
23
149
95
135
140
197
232
233
31
68
194
74
67
187
116
20
47
127
70
121
66
70
79
77
43
113
36
76
53
18
128
7
43
22
53
59
117
44
46
46
48
18
33
53
51
50
105
16
58
81
49
59
76
108
55
134
142
79
37
16
48
37
0
