80
40
94
85
44
92
33
53
53
47
84
83
51
52
82
39
82
50
82
48
88
47
78
44
85
85
83
42
28
83
82
81
83
42
90
39
46
86
83
89
93
83
88
43
52
43
49
57
42
49
10
51
48
6
49
31
6
29
36
48
60
19
52
61
45
69
9
67
6
17
55
87
24
23
81
15
69
61
86
21
81
24
53
56
36
19
48
70
74
74
11
69
58
9
8
7
9
0
61
26
74
73
14
73
37
36
43
43
71
80
32
15
10
17
78
15
80
52
80
51
72
30
20
76
17
14
46
72
74
78
77
37
18
19
39
24
43
59
17
18
25
31
11
11
33
36
11
66
27
81
64
21
34
9
26
23
26
81
48
40
3
53
2
55
2
37
2
53
4
37
48
49
46
54
4
2
54
53
52
54
1
57
2
44
54
56
43
50
61
58
2
39
0
41
36
3
24
11
26
25
8
25
11
4
10
5
25
30
20
9
21
7
29
16
26
7
26
12
45
27
17
16
43
9
21
44
50
41
43
14
21
8
29
28
28
33
34
38
36
6
12
0
9
14
6
49
35
30
54
6
40
3
6
13
5
50
59
53
2
41
4
63
11
63
10
62
5
65
40
56
49
65
10
7
68
55
70
62
14
72
11
54
43
56
75
74
53
78
16
33
11
43
44
0
2
21
2
1
3
19
1
21
23
0
3
25
9
2
25
2
1
9
30
0
2
1
2
0
18
14
19
7
1
1
20
22
1
1
20
5
17
23
1
1
24
25
22
1
2
1
0
2
0
40
17
24
44
10
48
16
16
17
15
28
26
34
10
23
7
34
12
33
14
35
10
26
25
22
17
29
11
6
27
26
29
27
10
25
7
37
26
38
35
36
27
38
10
22
12
23
21
0
43
17
35
40
9
39
6
34
9
8
46
43
45
31
25
17
43
9
41
10
45
43
46
49
30
51
52
35
43
53
54
45
43
38
51
14
37
47
48
35
40
41
53
10
45
0
52
32
0
30
19
18
25
13
32
7
12
15
14
29
19
28
9
22
14
30
13
20
14
30
16
15
32
20
21
31
19
14
31
33
22
21
18
24
12
33
20
32
36
19
38
24
16
16
0
14
17
11
31
16
38
46
9
35
9
15
15
14
44
43
27
13
34
10
34
7
38
16
40
12
40
37
38
46
47
11
11
52
49
49
46
10
39
14
35
32
32
37
40
47
39
15
27
0
29
26
0
31
23
19
28
9
16
7
13
13
9
30
18
17
16
26
6
34
16
26
6
30
6
32
33
34
33
30
13
14
33
33
22
30
9
27
7
27
28
23
17
23
25
18
10
14
5
15
16
7
6
11
3
12
7
8
11
10
4
4
13
8
8
6
12
6
14
5
11
7
14
10
13
13
11
13
13
2
10
6
8
10
8
8
15
3
16
11
14
15
16
13
17
6
3
8
6
5
4
18
7
22
18
4
24
9
3
6
4
23
17
10
10
23
8
17
6
18
3
24
5
28
22
11
22
24
7
13
22
23
27
26
14
24
6
19
27
26
22
28
27
24
14
13
0
11
11
0
36
11
31
34
12
36
6
10
13
13
35
26
33
36
25
10
32
37
41
40
36
42
33
23
32
52
34
39
40
43
37
37
46
17
46
11
40
39
42
45
41
43
45
17
16
39
16
19
38
40
14
19
43
30
42
24
27
28
30
11
45
25
31
20
3
49
3
14
4
20
29
45
13
18
16
15
4
13
13
12
15
39
6
16
31
12
18
20
37
14
45
44
34
10
4
6
11
0
