316
167
326
322
183
316
134
180
183
179
321
310
154
179
331
162
317
186
322
169
316
177
320
161
314
329
328
174
141
310
316
321
316
158
274
134
160
279
275
280
275
282
288
160
183
150
180
184
157
117
19
116
119
20
124
96
13
79
93
129
145
28
114
151
102
143
21
146
23
29
120
123
30
45
117
26
74
67
111
30
112
33
61
73
48
34
81
100
96
88
26
95
65
22
17
24
24
0
150
70
172
168
47
171
39
36
34
38
171
165
128
43
42
44
168
44
168
44
180
35
152
114
43
164
42
46
41
171
175
170
164
63
46
52
161
57
140
187
52
55
50
59
40
32
140
143
41
135
61
211
141
57
121
66
116
130
124
231
106
91
0
113
0
137
9
104
21
114
22
109
112
115
98
147
1
18
142
141
115
132
27
111
0
97
128
114
115
126
150
106
0
83
0
79
83
0
70
15
68
69
31
61
21
12
24
30
71
52
41
3
49
19
54
23
56
20
56
19
41
27
40
52
48
20
10
47
41
44
38
16
45
18
42
39
55
52
59
52
57
25
28
0
30
25
25
56
66
27
74
15
52
16
18
21
19
74
60
56
3
39
2
55
26
61
20
58
5
68
37
57
50
69
22
14
73
60
76
75
26
81
25
59
41
54
85
89
55
85
19
34
26
48
43
0
1
60
5
5
12
40
2
28
40
1
6
73
17
2
72
1
2
38
77
1
3
1
3
2
50
55
39
14
2
1
56
63
1
2
32
1
26
28
1
3
36
31
30
2
1
2
2
1
0
71
23
58
66
7
73
17
11
16
17
44
59
63
6
49
5
49
8
69
8
69
7
58
53
59
47
62
15
5
61
63
62
59
1
56
1
51
54
56
54
57
53
56
3
54
12
56
51
0
67
41
66
71
7
65
5
145
6
6
181
104
67
91
52
13
72
12
78
12
77
169
72
200
58
206
204
143
173
202
210
66
74
155
199
18
73
182
207
72
86
82
207
18
190
0
184
60
0
91
52
53
82
21
93
11
21
20
23
85
69
87
15
83
27
91
33
63
30
102
37
69
109
66
68
118
51
51
116
105
74
75
36
80
29
91
76
96
92
83
99
95
32
62
0
62
78
27
43
25
52
90
12
68
39
16
42
12
55
82
49
51
93
11
84
39
89
47
91
54
89
54
51
95
87
49
16
97
83
98
86
59
62
13
66
53
101
95
107
112
108
16
36
0
33
40
0
155
103
95
149
36
117
28
18
21
38
146
158
112
22
161
40
142
27
165
27
148
33
152
126
153
152
152
27
27
157
146
113
155
27
140
20
134
138
156
121
130
159
140
41
117
6
114
114
12
70
29
19
68
49
15
24
22
40
51
33
45
13
24
31
16
30
13
45
18
47
17
31
29
38
24
29
11
17
28
30
39
39
18
25
7
31
30
24
34
38
21
36
10
18
8
24
18
9
46
8
55
34
18
50
15
13
17
14
56
52
33
18
51
17
45
17
49
14
42
17
52
44
36
51
49
16
22
52
53
52
57
25
54
9
49
64
52
49
62
64
46
33
27
0
28
26
0
82
33
77
78
44
135
27
45
47
43
82
37
76
134
47
31
86
150
160
153
77
161
79
38
85
164
84
150
166
166
82
88
162
25
164
8
80
62
85
81
163
164
168
28
40
157
40
41
147
49
5
13
56
35
52
40
35
41
37
13
59
20
47
19
3
59
0
16
4
15
48
62
15
17
12
18
2
2
16
16
18
54
3
17
42
13
16
26
52
17
59
61
39
15
2
13
14
0
