366
163
378
380
240
365
176
261
245
244
380
397
176
255
381
207
386
256
369
245
376
248
329
182
334
322
329
235
193
333
306
332
331
231
338
193
196
320
332
335
323
347
326
237
203
198
197
205
207
200
45
204
205
42
212
143
19
93
148
219
196
75
128
214
99
207
43
214
38
69
140
167
55
69
176
42
119
95
176
59
171
60
150
158
121
76
156
231
222
218
59
214
165
43
33
41
37
0
260
135
263
284
128
270
85
83
79
82
273
262
187
110
91
92
278
114
286
100
291
77
257
152
113
269
117
117
92
264
271
288
279
85
107
123
239
118
166
261
122
117
123
62
91
94
205
132174
94
211
106
366
218
80
179
138
205
198
208
363
164
147
5
175
5
248
26
158
32
165
42
219
180
207
115
226
3
33
229
241
152
202
56
155
4
138
230
156
165
206
244
163
3
106
0
91
107
5
164
80
199
183
73
174
40
28
46
62
182
182
113
43
122
77
187
86
178
41
177
46
171
110
94
103
165
47
71
160
154
164
169
78
116
43
153
117
170
171
167
179
161
39
70
0
61
62
50
133
151
64
159
39
109
34
42
57
36
157
165
135
20
126
41
153
59
155
71
164
49
171
104
134
132
166
49
42
171
149
167
154
66
190
69
142
110
139
197
183
148
184
49
69
66
121
121
0
9
117
10
8
20
83
7
67
71
6
8
152
62
7
164
7
13
105
155
6
10
7
5
8
131
117
116
55
8
9
158
147
6
9
143
27
99
136
5
8
133
137
134
7
7
9
4
4
0
138
68
99
141
36
134
50
39
47
52
100
103
137
34
101
49
106
52
140
53
150
50
130
96
86
93
133
61
61
142
141
134
144
59
86
40
127
119
124
143
159
101
139
63
92
49
95
85
0
141
81
150
153
43
143
36
215
41
34
255
202
154
161
117
48
154
34
173
45
163
225
160
245
123
269
294
219
253
294
285
157
173
226
282
41
144
261
280
144
164
166
263
34
255
0
236
99
0
164
118
93
153
65
173
33
62
60
80
187
114
156
46
150
71
163
74
120
68
169
74
131
186
144
127
176
65
68
186
184
137
142
64
168
71
145
142
186
170
124
194
155
68
93
0
91
121
62
179
69
192
206
49
123
24
55
53
49
184
193
153
43
179
57
186
21
205
49
187
53
187
160
187
222
198
60
47
198
199
191
214
47
190
49
176
185
159
202
179
197
180
55
120
0
141
123
0
184
138
103
189
43
148
29
42
39
46
198
184
161
41
189
53
203
51
181
30
189
41
203
192
206
196
203
35
36
183
203
160
180
32
205
30
188
191
188
149
174
183
177
42
142
8
136
138
11
107
65
32
101
68
39
50
54
44
65
74
105
60
62
77
58
88
42
93
56
93
59
72
78
93
78
70
27
47
57
82
84
68
50
61
20
91
87
64
80
83
60
93
34
30
22
47
32
23
97
25
86
64
31
102
41
37
45
42
85
107
56
40
102
34
97
40
90
26
107
37
106
89
79
116
120
42
41
113
127
125
126
51
99
17
83
141
101
95
134
123
104
54
57
0
70
75
0
159
78
182
156
47
247
24
46
43
54
163
170
197
213
128
57
200
234
276
256
188
259
185
149
180
263
202
221
231
267
205
200
262
65
279
49
201
146
212
209
238
275
277
54
89
223
87
85
226
214
39
68
218
152
220
110
163
149
161
46
223
80
163
66
15
229
7
57
15
71
119
233
65
57
65
73
20
80
74
70
69
174
11
66
168
52
66
136
173
75
230
233
125
54
16
43
51
0
