152
69
158
161
111
153
80
115
119
121
164
167
96
118
180
94
171
114
174
108
165
114
151
107
154
158
163
102
82
166
162
159
146
116
153
96
109
156
165
156
165
162
160
113
82
100
79
85
103
113
33
118
130
30
123
81
27
63
85
119
117
73
81
121
60
121
28
125
27
47
79
102
50
67
120
36
71
57
109
43
107
45
73
111
62
46
86
120
127
127
43
118
81
31
23
28
36
0
111
44
128
130
58
122
39
38
44
33
119
113
89
53
49
51
126
50
114
43
124
45
102
71
58
109
57
57
32
122
111
118
115
19
55
59
94
57
73
104
55
56
55
18
44
43
87
82
39
89
47
192
98
52
96
84
105
98
102
190
70
72
2
82
2
108
21
95
35
86
23
90
102
115
72
120
3
29
108
112
75
96
28
78
1
81
114
80
112
95
113
78
2
53
0
47
49
1
100
73
109
117
44
105
32
9
34
48
111
105
78
40
95
44
110
54
109
29
115
36
111
91
62
79
100
34
51
113
102
107
103
47
75
29
91
81
105
112
115
111
96
32
40
0
38
41
25
59
59
21
69
17
54
11
13
32
16
62
62
63
13
54
12
64
34
62
38
71
16
69
57
66
65
73
18
16
71
72
70
75
40
65
36
72
63
58
74
69
69
71
14
33
33
61
56
0
36
180
38
26
59
135
32
135
143
28
33
207
119
35
228
39
40
133
228
36
39
37
32
35
205
177
201
87
31
25
226
228
36
31
202
50
167
196
32
37
197
218
203
42
35
32
19
36
0
207
82
135
215
76
216
92
76
96
92
133
144
194
77
138
82
174
92
207
91
218
95
209
142
130
161
205
107
110
212
220
227
224
98
152
59
211
189
226
223
225
131
218
90
137
92
125
116
0
162
91
151
170
44
177
39
245
39
41
309
270
168
189
137
46
177
40
172
50
176
281
166
332
134
342
363
273
288
372
370
170
180
272
358
34
169
338
365
143
172
184
369
27
323
0
320
122
0
191
40
40
193
146
193
20
140
25
148
199
52
176
70
166
143
181
152
63
151
191
152
50
199
102
51
181
154
162
198
189
53
59
146
130
29
181
63
204
186
54
201
63
153
33
0
29
57
30
176
110
196
175
28
101
24
96
47
90
199
185
121
51
176
96
189
31
188
50
177
50
187
140
206
182
182
47
89
190
192
183
189
48
191
93
177
179
150
195
189
190
186
93
99
0
101
102
0
249
231
147
292
94
235
50
22
20
97
297
281
200
27
292
79
260
25
286
41
243
78
260
256
273
274
273
21
27
282
269
221
291
23
271
11
244
254
288
230
268
276
258
63
220
6
222
204
4
42
33
17
39
23
23
24
25
14
21
36
37
26
18
28
18
23
14
30
20
45
23
27
26
33
26
30
17
14
34
39
37
42
25
31
5
40
28
16
36
35
25
39
14
14
13
26
15
11
178
71
160
112
57
203
22
45
63
72
153
206
109
17
203
16
212
72
147
46
216
77
215
146
138
218
208
15
88
228
221
231
219
87
153
30
133
225
156
168
221
237
171
85
140
0
144
148
0
202
101
214
203
56
246
14
59
58
57
204
212
215
204
140
57
222
258
304
288
219
274
209
157
220
291
220
246
294
312
217
229
319
49
315
30
217
151
213
218
282
334
324
49
104
267
100
105
282
167
40
96
171
93
181
62
88
94
97
71
152
62
87
92
34
162
16
86
37
101
70
177
92
78
115
94
35
38
106
102
94
141
30
101
88
104
108
112
131
103
175
165
63
80
23
81
76
0
