173
77
189
176
111
183
82
109
111
116
170
178
98
115
191
82
183
109
178
116
184
109
166
103
176
188
180
104
80
174
184
171
187
113
191
94
104
187
176
191
193
190
192
106
102
94
93
93
94
114
20
112
126
36
124
85
25
49
87
121
125
46
98
131
70
122
31
125
17
45
90
126
42
63
120
31
96
64
126
38
126
45
74
101
47
39
63
124
113
124
25
118
78
22
14
23
22
0
94
58
112
97
48
111
29
26
27
30
104
111
56
47
35
44
95
46
122
35
117
29
107
70
42
123
41
49
31
129
128
120
126
31
42
47
111
43
98
125
49
50
50
34
24
24
90
91
24
110
62
145
103
43
60
27
46
50
52
147
82
71
1
92
1
99
5
67
5
87
7
89
86
87
80
101
2
5
104
107
100
99
5
83
0
77
109
94
76
86
108
96
0
68
0
59
66
0
59
17
55
55
29
58
22
14
21
24
56
59
36
19
40
15
51
20
50
20
54
25
63
30
36
38
60
20
30
59
56
58
58
26
42
17
43
38
63
65
62
63
64
22
20
0
24
21
19
51
57
19
67
16
39
11
16
22
14
70
61
50
8
30
7
59
17
71
21
64
10
71
34
50
49
70
18
11
68
59
71
69
21
65
20
52
40
52
72
67
49
67
12
27
23
46
41
0
5
41
4
3
12
24
5
17
23
2
5
62
16
5
63
4
4
32
64
4
4
4
3
3
58
49
50
24
4
5
56
59
5
4
51
14
41
49
4
2
56
47
47
6
5
5
3
5
0
54
29
37
59
18
56
20
21
24
24
36
36
47
13
34
16
46
17
51
15
49
14
42
32
33
34
47
24
18
46
47
46
43
16
31
10
45
45
48
50
50
28
46
17
31
21
24
21
0
62
37
63
73
24
66
28
73
25
27
76
67
71
64
48
33
71
31
69
31
72
89
73
93
45
91
99
87
95
105
98
75
73
78
98
27
55
87
97
63
65
70
107
19
101
0
93
44
0
59
38
27
64
41
64
14
33
27
32
71
40
65
19
56
33
61
40
42
38
66
42
36
62
45
49
67
32
35
62
65
38
43
24
56
29
49
34
67
53
43
54
48
25
37
0
32
40
30
69
27
69
79
12
44
7
25
15
21
72
77
42
19
73
18
71
8
70
16
72
15
61
65
58
71
77
16
20
71
77
67
70
15
71
22
72
73
61
70
68
77
74
20
44
0
51
50
0
63
30
24
35
5
40
7
28
29
7
35
47
35
30
44
4
69
26
41
1
75
4
69
71
70
69
73
25
24
50
63
38
49
26
62
22
68
57
41
38
51
46
57
7
36
6
33
27
5
30
26
11
26
18
19
19
18
11
17
33
30
19
20
31
16
29
14
34
18
35
15
28
29
38
33
29
16
16
31
32
31
34
20
28
9
34
26
28
35
43
33
37
13
11
9
21
12
11
46
6
39
27
8
41
21
11
10
9
36
39
34
15
46
21
45
12
38
9
48
16
51
45
34
49
47
18
16
52
49
48
45
21
45
10
40
48
40
39
56
55
43
23
28
0
27
22
0
78
30
72
77
22
77
13
22
23
24
68
63
73
72
57
31
67
85
101
91
74
90
73
43
71
96
77
80
90
108
77
82
113
36
106
13
83
43
87
93
97
103
105
25
41
74
35
34
77
66
16
21
67
53
70
38
52
61
52
15
65
10
45
19
5
65
8
15
8
17
40
53
22
17
21
21
6
13
21
16
20
44
7
22
30
19
20
29
40
22
52
50
26
15
5
12
15
0
