284
151
289
297
196
291
143
208
212
216
297
281
161
219
282
184
282
208
291
206
283
195
249
177
259
251
261
188
187
254
257
260
243
195
251
179
177
242
250
246
259
255
250
193
191
188
203
204
190
95
32
102
102
36
105
61
28
52
58
104
95
44
67
105
57
113
36
114
34
41
71
105
41
50
107
39
58
40
109
38
112
44
58
89
49
43
76
106
125
111
40
108
65
39
32
40
39
0
182
92
192
202
74
190
36
35
34
40
203
203
114
63
58
67
204
68
201
57
210
52
205
117
70
209
70
70
65
216
223
222
213
80
66
76
188
84
155
231
76
79
79
81
58
56
156
149
53
100
51
212
108
58
115
92
123
133
131
217
79
71
3
86
1
133
28
102
38
94
55
110
93
113
66
130
2
31
137
129
79
116
26
74
1
74
103
82
82
94
116
71
1
57
0
50
46
0
82
44
83
93
29
93
34
22
41
22
95
84
70
12
63
15
82
23
86
41
90
40
88
52
64
72
95
47
27
98
95
89
100
22
77
37
80
64
89
87
87
83
91
40
37
0
34
36
33
79
89
47
96
16
78
11
13
38
16
100
111
91
17
69
16
112
36
118
41
121
23
109
66
88
86
112
21
15
110
88
113
102
41
104
34
90
54
86
107
104
88
96
19
38
37
71
77
0
1
58
4
4
11
39
1
33
36
1
2
82
25
1
84
1
1
48
88
1
1
1
3
2
62
56
51
17
1
1
65
69
2
1
62
10
33
64
3
3
67
64
66
1
0
1
0
0
0
138
72
103
144
32
144
31
15
33
30
92
106
132
25
93
31
96
39
141
41
151
39
148
121
103
73
138
49
45
152
143
138
143
50
114
19
151
115
157
154
163
93
167
54
105
50
93
95
0
116
52
109
116
40
127
40
139
47
45
191
169
114
108
62
57
123
49
113
59
124
139
109
213
64
189
221
137
168
212
225
114
117
155
212
52
90
190
214
94
119
118
209
43
200
0
200
61
0
121
69
61
117
74
122
30
56
40
70
126
69
123
43
114
72
139
74
63
80
149
78
74
122
85
70
135
86
64
129
133
76
76
78
116
43
109
67
129
129
73
142
77
73
61
0
62
83
41
65
31
82
89
26
67
34
42
54
37
79
98
54
59
113
35
109
63
99
70
100
70
89
64
66
85
87
46
30
85
92
85
92
57
74
39
62
67
85
97
93
100
91
35
26
0
30
33
0
129
108
94
148
39
116
32
22
19
39
167
146
120
26
158
41
148
21
172
25
147
30
138
143
148
146
154
22
16
161
142
136
162
16
141
18
123
145
158
119
138
153
141
31
126
9
117
120
7
63
37
21
60
34
22
40
35
26
31
44
59
30
32
44
29
38
23
59
34
56
34
47
41
55
44
48
15
32
38
55
51
63
29
42
12
53
47
28
54
59
37
49
20
22
20
30
23
10
93
22
90
70
25
99
30
17
27
26
97
92
77
29
97
22
93
32
97
20
97
32
95
87
73
107
104
27
30
102
101
108
109
42
83
9
82
111
82
97
94
107
99
37
63
0
69
60
0
106
50
114
116
35
170
21
32
30
34
107
81
107
132
70
34
116
154
197
167
105
181
109
72
121
189
117
159
166
185
116
112
186
28
179
14
110
81
115
107
166
201
194
32
61
157
58
59
149
79
27
55
89
39
88
35
39
37
37
35
76
35
38
49
7
82
3
43
9
47
28
73
46
40
48
47
8
12
48
49
53
71
7
47
43
50
57
51
70
50
80
73
36
43
7
41
34
0
