616
233
614
606
365
617
216
369
365
384
607
578
292
362
579
268
579
372
584
353
572
339
540
281
543
531
560
335
282
534
548
543
530
330
545
277
326
554
551
530
542
565
565
329
270
288
276
292
285
360
79
362
371
98
371
308
62
258
317
370
380
108
328
398
296
403
107
415
61
129
351
374
129
125
362
77
302
262
364
124
364
131
300
199
233
121
257
352
350
349
76
359
307
59
44
48
58
0
338
160
351
349
165
388
94
96
95
80
366
358
238
145
115
129
358
134
370
117
355
81
342
228
138
370
142
154
105
379
369
371
371
80
134
158
331
145
249
348
149
146
148
63
100
105
276
279
96
393
214
465
402
84
198
67
117
125
124
473
359
297
10
358
7
365
4
269
4
351
7
324
331
335
312
393
7
9
390
382
356
348
8
366
8
319
383
357
280
323
371
360
8
264
0
243
257
6
121
59
137
137
47
137
48
35
49
43
135
123
109
24
110
37
131
43
136
46
134
53
125
105
108
111
118
49
35
121
120
130
126
52
118
43
131
111
155
164
154
143
157
51
70
0
69
72
40
137
134
67
139
18
130
15
18
55
20
140
155
135
21
102
18
140
56
153
70
162
22
143
104
134
147
153
25
19
149
149
147
146
71
135
60
138
101
131
142
149
144
135
22
62
62
121
117
0
9
94
12
11
14
79
9
77
72
12
10
138
66
6
139
11
10
73
142
10
17
11
9
7
139
99
126
67
8
11
142
152
14
10
154
35
99
161
9
5
155
156
145
8
12
9
6
13
0
128
67
99
143
28
148
39
28
42
36
88
90
140
35
97
41
103
50
145
54
139
48
136
102
101
94
129
39
38
141
136
137
135
40
106
23
140
113
146
157
152
97
148
50
91
45
86
74
0
235
116
229
248
79
234
74
233
74
77
224
220
233
208
156
62
234
53
241
70
226
243
237
256
172
254
278
252
258
299
300
254
245
248
270
57
215
276
278
201
254
244
287
43
267
0
263
183
0
202
127
98
186
70
202
46
71
67
83
208
121
178
46
170
76
217
89
128
92
212
92
124
196
152
111
182
88
72
182
190
114
128
79
166
62
167
120
209
182
107
209
129
79
100
0
96
120
64
174
90
172
203
51
106
31
37
67
47
174
198
114
58
217
35
210
42
220
62
211
53
209
148
163
216
215
48
37
223
213
214
215
50
183
46
194
160
144
203
208
215
220
38
122
0
120
122
0
188
88
65
107
32
111
19
122
118
33
104
107
77
122
104
25
199
119
99
19
197
26
223
188
212
213
198
106
95
114
191
80
97
111
163
83
167
139
105
65
141
108
122
30
72
31
62
64
18
98
52
30
101
71
38
44
55
53
76
65
96
56
67
71
39
54
49
103
59
92
53
69
58
98
58
58
35
41
82
91
103
86
66
54
22
103
77
46
96
88
41
101
38
19
26
41
24
35
108
40
107
69
39
125
39
28
51
45
117
125
67
44
121
41
109
56
100
33
139
63
132
104
74
140
138
41
57
147
143
134
134
62
107
23
96
144
100
106
140
147
115
69
66
0
68
66
0
187
87
216
206
74
262
24
74
80
77
220
209
198
187
135
83
212
221
270
238
203
255
213
105
193
269
201
217
220
277
207
203
303
81
290
34
187
121
212
191
227
274
285
83
82
233
89
99
218
181
25
48
187
126
171
102
129
129
131
40
195
47
155
46
12
172
4
38
16
47
112
180
43
32
51
46
16
35
50
41
37
154
13
37
159
36
46
90
162
38
197
184
129
35
11
37
29
0
