181
101
188
187
113
180
70
113
122
115
194
178
122
117
185
104
183
119
190
104
180
117
186
117
175
183
180
101
96
167
177
178
170
111
171
91
116
178
174
173
177
186
173
109
115
104
119
117
105
75
13
80
79
15
83
71
10
55
68
81
75
34
66
86
54
87
16
82
16
18
69
82
19
31
84
16
71
52
87
20
86
21
71
37
66
20
85
91
84
88
17
91
77
15
13
18
15
0
115
46
119
109
32
126
60
52
48
54
119
129
84
26
25
26
125
28
144
81
144
63
117
57
33
126
38
37
56
134
135
127
126
47
34
31
88
36
90
129
35
35
35
44
26
30
72
75
26
101
36
183
105
41
91
57
89
91
91
191
75
61
2
83
3
94
4
57
5
80
8
69
72
69
73
91
3
2
88
84
84
74
3
75
1
69
87
73
67
67
92
69
2
64
0
60
65
1
32
19
33
34
6
36
13
13
14
2
40
42
42
4
28
1
40
3
43
15
49
18
38
26
40
41
50
18
9
45
47
51
50
7
43
16
47
38
54
50
51
50
50
15
33
0
32
33
14
65
52
39
65
1
64
2
2
22
3
62
73
68
9
49
6
66
23
77
26
73
12
71
50
67
68
63
11
6
72
68
67
67
25
76
17
74
44
60
70
69
74
72
11
39
24
55
58
0
0
20
2
1
0
10
0
9
12
0
1
25
3
0
21
0
1
10
23
0
1
0
1
1
12
12
9
0
1
0
13
12
1
0
19
4
17
18
1
0
22
19
20
0
1
0
0
1
0
36
21
22
39
13
36
11
10
13
14
21
23
38
8
26
17
32
20
45
18
43
14
40
25
26
29
39
15
16
33
43
36
44
16
26
10
42
35
41
36
37
19
40
16
24
14
22
21
0
54
18
54
54
28
51
28
104
27
27
94
54
49
51
23
22
46
21
44
21
42
97
41
113
30
108
119
82
112
126
124
40
39
86
113
15
38
91
113
37
42
47
118
18
109
0
104
25
0
53
36
31
52
21
54
16
27
25
23
51
36
43
11
48
17
47
16
38
15
51
16
42
47
38
39
47
19
14
45
48
41
40
22
50
27
58
39
55
48
44
54
44
23
33
0
30
40
24
67
18
81
84
11
62
10
14
15
9
74
81
80
12
79
12
85
7
85
12
87
10
86
68
73
84
80
10
15
83
89
91
89
15
78
13
85
78
87
95
92
94
93
10
61
0
62
67
0
86
31
69
78
5
66
3
17
17
7
72
77
71
16
73
5
89
15
79
5
95
4
95
95
92
98
96
19
16
77
94
72
85
12
89
10
88
83
77
74
83
84
87
11
71
2
73
74
3
28
22
12
26
11
13
22
24
8
11
28
30
17
14
29
24
23
10
27
23
25
28
25
27
23
28
24
9
21
20
17
20
25
17
22
9
23
25
20
29
23
27
27
15
4
11
11
8
15
29
11
24
19
16
32
14
5
18
17
25
43
26
13
44
13
36
28
33
18
45
26
48
31
27
46
39
12
24
45
40
40
42
22
24
14
29
39
32
31
43
42
26
27
17
0
18
15
0
75
37
85
78
35
114
12
33
31
31
78
56
77
95
57
34
80
96
114
98
73
110
81
54
87
122
82
96
101
126
86
85
127
42
115
22
105
62
94
96
119
125
120
40
40
99
35
39
98
74
10
19
71
61
67
51
65
55
60
10
79
20
62
13
5
70
2
12
5
15
59
77
12
16
16
18
3
7
19
16
17
64
3
18
66
14
16
25
64
16
86
86
62
13
3
12
13
0
