214
105
225
216
144
221
118
163
147
154
227
225
119
149
222
133
220
159
235
143
227
141
227
122
214
226
210
141
135
220
224
214
225
149
227
121
117
223
223
235
228
228
230
141
129
137
125
132
133
167
32
170
172
24
172
142
17
123
143
173
149
32
126
152
118
157
31
156
18
36
133
145
41
34
140
30
131
103
150
41
151
41
106
80
73
34
91
126
124
135
27
133
95
27
16
25
25
0
135
54
149
142
62
147
44
43
45
47
142
129
85
42
36
40
140
49
143
55
150
34
133
86
54
128
51
50
35
135
140
138
141
34
41
50
127
47
106
143
43
47
46
28
40
37
106
104
30
163
89
230
180
54
103
35
72
75
75
236
148
107
2
139
1
170
4
116
8
148
10
143
140
132
132
169
2
13
179
163
130
157
5
133
1
124
152
135
119
133
152
137
2
106
0
101
104
0
42
16
44
44
15
43
21
9
22
9
41
45
44
16
37
12
46
15
48
23
51
20
44
30
40
39
46
24
21
47
45
45
43
17
45
21
40
23
43
43
42
40
43
21
22
0
18
18
22
55
52
24
58
10
51
9
14
19
10
60
53
61
4
35
4
58
23
56
27
64
7
56
34
62
54
63
11
6
61
58
63
69
28
55
27
62
37
50
57
56
60
59
9
28
24
43
48
0
2
21
3
1
6
16
2
11
12
0
3
34
9
1
35
2
3
16
29
3
3
3
3
2
26
22
29
13
2
2
37
38
4
2
30
7
20
36
3
2
28
29
31
3
1
2
1
3
0
73
26
55
73
18
64
16
8
16
15
51
53
56
10
45
13
50
19
66
14
69
16
80
57
47
53
85
24
31
84
80
83
90
27
54
12
85
58
82
86
78
45
84
31
48
17
42
47
0
110
53
100
107
35
105
34
116
30
32
124
118
107
89
71
39
110
26
108
32
106
118
96
146
74
147
156
114
136
154
159
109
106
121
147
39
83
141
151
87
106
109
159
32
141
0
132
72
0
102
45
51
109
48
100
17
46
21
52
107
55
104
21
90
56
103
60
54
59
100
63
58
98
49
49
93
53
52
93
94
58
57
42
69
19
77
56
87
90
53
103
55
48
34
0
42
47
20
37
21
49
65
21
44
21
15
34
16
48
62
42
33
64
18
67
26
69
39
72
40
62
63
47
64
67
40
19
61
70
64
65
46
50
21
57
53
76
71
80
81
82
20
29
0
31
35
0
92
66
49
75
22
76
16
35
36
25
84
84
69
42
86
25
97
40
85
18
105
22
110
101
114
110
111
48
40
80
104
74
95
32
103
31
96
94
96
75
90
92
87
21
62
11
66
54
9
36
20
14
42
29
19
24
22
24
32
37
41
26
23
27
20
28
16
37
24
32
23
32
26
43
25
22
15
15
30
35
32
35
23
23
13
40
32
22
37
35
19
32
14
11
13
18
12
8
66
11
60
49
7
66
20
6
8
7
73
65
53
11
71
13
63
11
72
8
70
10
62
63
57
78
68
13
14
66
73
75
78
18
70
6
60
72
59
65
72
72
64
15
52
0
56
55
0
76
33
82
79
17
124
8
13
16
15
86
77
91
101
59
19
85
116
140
125
86
125
80
60
84
147
82
120
132
142
83
76
137
23
144
14
81
52
83
75
116
137
135
20
47
100
48
50
98
51
5
25
56
34
57
30
35
32
34
14
56
20
39
21
5
58
4
23
6
19
23
58
20
21
22
21
3
8
23
25
25
38
3
19
29
24
24
31
47
24
56
59
27
17
3
16
20
0
