479
231
500
510
334
494
227
353
346
359
495
475
294
339
501
297
496
333
484
347
470
354
495
294
511
506
519
325
282
505
502
522
508
345
500
262
326
512
513
518
503
524
506
349
302
312
312
313
310
319
89
320
332
91
320
217
77
161
225
337
290
139
221
312
176
331
84
321
83
101
224
304
118
131
304
96
199
151
309
117
309
121
226
225
164
116
244
335
345
342
104
345
231
88
74
85
88
0
349
167
367
366
148
365
119
107
120
122
367
382
264
136
120
136
382
151
393
160
401
119
400
246
144
408
132
151
163
391
416
432
430
101
142
152
306
155
226
370
156
152
157
90
127
114
287
271
110
269
111
427
295
129
196
125
213
221
209
428
235
199
7
244
4
262
8
217
11
248
14
255
237
284
207
302
6
26
293
297
253
280
27
256
4
244
290
253
231
263
309
261
3
189
0
176
192
4
185
95
203
210
63
216
73
63
96
56
214
212
190
47
180
63
223
68
231
84
209
91
216
158
163
196
208
87
73
225
213
206
214
86
182
77
205
175
226
231
225
244
237
82
107
0
107
110
85
172
185
96
212
34
168
19
31
75
31
200
201
167
33
145
29
204
84
204
90
214
43
198
145
181
193
206
44
28
210
206
207
217
90
216
92
197
141
176
222
219
201
221
51
89
95
166
161
0
10
184
12
14
31
158
8
140
149
6
12
217
99
6
231
8
11
114
231
10
13
13
15
10
187
174
194
70
9
11
207
206
13
8
183
34
150
199
14
16
196
197
192
9
7
9
4
10
0
223
99
161
237
64
237
82
58
81
76
157
164
218
73
156
75
190
96
238
90
221
87
227
161
161
159
212
90
91
227
236
241
239
78
178
65
238
196
244
244
236
156
236
82
158
83
139
125
0
252
161
238
279
97
279
69
235
97
90
308
273
269
177
208
102
288
83
291
94
285
247
284
346
213
328
372
234
249
365
376
299
292
223
361
101
265
321
362
235
310
282
354
74
334
0
331
192
0
235
180
143
229
86
237
49
72
92
77
236
178
227
81
202
97
247
126
180
121
251
118
188
266
180
162
280
106
113
268
263
191
200
125
230
92
217
202
284
269
198
293
221
91
152
0
142
194
84
218
99
235
262
55
158
44
90
76
79
225
255
160
79
249
86
245
55
240
74
245
84
251
201
213
259
266
82
82
267
261
258
279
82
232
83
260
225
224
280
286
297
295
84
144
0
148
158
0
217
190
120
222
101
160
68
53
47
96
237
225
162
58
239
97
218
57
219
77
203
97
206
208
218
209
209
58
48
227
210
176
229
61
213
41
196
218
229
160
198
227
191
96
142
13
130
128
10
168
82
42
165
119
51
79
75
92
119
103
139
88
94
82
67
88
73
157
78
157
71
87
73
143
83
77
58
60
113
150
148
153
98
82
25
142
109
55
133
141
69
146
59
40
50
70
41
47
159
53
145
94
65
163
65
48
76
79
142
155
74
55
171
53
157
68
142
52
152
65
169
155
103
157
161
58
67
171
174
174
160
74
139
45
143
191
145
145
172
184
160
75
93
0
90
96
0
229
100
229
226
61
284
27
71
62
64
227
211
237
238
161
76
245
234
316
258
250
270
236
153
251
315
243
236
256
310
271
249
330
85
312
51
246
179
251
262
278
334
305
76
117
222
127
130
208
232
45
102
235
154
231
119
155
152
155
70
265
105
188
114
31
259
16
99
33
112
126
273
104
80
111
109
26
90
96
98
96
203
29
93
172
81
91
140
210
89
264
256
157
74
25
76
72
0
