532
247
527
533
356
540
227
399
392
382
533
513
316
357
533
325
510
366
514
356
502
358
534
323
502
524
520
367
307
518
519
501
524
345
549
304
354
532
549
547
561
539
541
363
313
331
309
330
343
322
86
347
334
83
328
261
67
198
271
343
359
137
292
383
260
370
88
368
78
99
307
374
105
145
386
79
317
283
385
108
385
104
308
192
246
119
301
380
373
367
88
381
303
84
72
89
81
0
355
162
385
388
158
402
133
135
114
134
400
397
293
154
135
152
422
149
423
167
446
133
442
250
166
460
171
181
205
472
469
461
494
180
149
171
373
164
264
445
184
181
182
167
128
127
314
286
125
378
141
549
390
164
179
83
213
233
218
533
314
222
6
319
5
353
3
224
5
331
6
282
279
293
251
341
5
6
344
329
304
299
5
293
4
278
328
303
266
251
343
300
3
237
0
232
236
5
127
69
145
144
17
142
64
38
78
13
147
159
165
17
121
18
158
25
153
65
155
76
158
120
168
175
157
76
25
164
151
157
162
21
184
71
162
130
161
170
172
166
156
69
115
0
111
115
66
183
135
99
173
11
169
5
12
78
9
174
167
195
11
121
7
178
82
187
93
176
10
185
145
205
207
191
12
9
193
211
186
187
94
211
86
218
157
201
205
210
210
197
17
120
93
196
189
0
9
85
7
9
18
81
4
77
76
3
9
103
50
4
101
5
6
67
107
4
10
5
10
7
115
79
100
57
6
5
118
116
11
5
108
16
76
94
6
10
94
94
95
2
5
4
3
6
0
107
72
104
119
14
120
15
9
13
18
97
104
120
13
99
21
98
30
126
29
131
20
142
106
102
95
133
27
32
145
148
144
149
27
112
18
141
119
143
145
138
105
138
32
100
19
85
88
0
186
121
187
199
54
210
43
267
54
56
283
265
185
219
144
42
194
36
188
41
189
278
178
336
141
318
359
272
313
360
355
185
172
278
331
29
175
296
334
146
166
178
333
19
318
0
303
135
0
218
165
116
200
66
213
53
60
83
75
220
159
205
55
187
80
230
77
174
77
220
84
179
224
192
167
240
95
83
260
237
191
188
111
246
85
204
185
254
249
166
245
194
83
142
0
143
160
78
179
116
208
281
48
183
60
23
89
18
214
272
157
86
271
21
270
62
288
86
283
76
275
186
205
289
280
86
21
286
302
301
305
84
202
24
279
189
240
305
312
305
309
19
162
0
163
159
0
255
167
145
227
46
194
30
76
70
48
221
218
167
82
220
35
249
85
201
26
253
33
271
247
275
283
273
85
79
214
274
166
212
83
244
68
250
233
214
174
225
211
231
37
172
19
170
158
18
124
65
49
120
91
47
75
78
78
88
82
112
58
83
89
69
88
68
114
74
115
77
77
73
128
88
84
34
70
97
122
123
124
79
66
29
131
96
46
123
125
63
117
53
24
45
43
24
45
160
60
125
87
59
162
64
47
68
71
131
145
81
59
150
45
145
59
124
46
155
73
158
114
81
164
159
53
80
170
156
173
155
83
123
33
96
175
113
117
159
165
127
91
68
0
69
66
0
200
81
213
216
80
242
51
70
77
75
217
203
200
200
115
84
217
257
315
296
216
302
195
135
211
296
199
251
279
310
198
200
311
95
295
53
229
147
220
223
272
312
302
83
84
261
92
93
266
190
19
26
182
166
180
157
168
161
172
14
207
41
183
31
9
205
3
24
8
29
162
220
25
23
30
26
8
33
25
27
23
191
8
26
193
19
26
51
167
25
222
187
173
21
7
17
17
0
