302
169
319
329
224
332
158
241
229
222
323
348
183
229
339
187
355
242
339
216
349
229
333
185
332
319
336
218
170
336
328
344
313
223
333
175
222
330
333
330
330
350
331
231
209
201
215
201
202
198
45
203
202
56
191
141
43
101
140
205
197
84
158
207
115
221
52
210
45
63
158
212
82
84
216
54
167
127
225
84
214
75
161
135
106
84
160
221
210
223
62
221
152
53
45
54
50
0
226
101
253
260
102
263
76
83
77
81
263
251
173
83
74
77
262
89
273
100
259
84
237
165
94
264
96
98
90
260
268
267
269
55
90
107
214
104
144
240
97
105
116
55
74
71
107201
194
76
224
100
354
226
84
149
115
163
180
184
343
184
158
5
184
4
220
9
168
13
187
19
191
188
199
156
223
5
16
231
226
184
187
17
168
5
164
223
190
181
173
224
182
5
143
0
120
135
2
134
59
144
131
55
154
52
21
57
46
146
129
126
38
92
38
130
48
128
55
124
57
129
92
101
115
120
50
37
123
120
114
123
36
122
44
116
99
111
120
124
118
125
56
68
0
65
73
53
120
114
64
134
24
109
20
29
48
22
143
142
126
20
109
20
134
52
139
55
140
23
165
99
127
118
159
33
35
155
125
155
158
51
148
54
123
103
127
143
159
125
150
33
72
57
114
126
0
6
81
5
4
15
54
4
57
68
2
9
118
53
5
111
5
5
67
128
5
4
6
5
5
105
94
91
43
3
1
108
114
6
4
103
24
76
122
8
4
112
115
106
4
6
4
3
6
0
122
69
86
126
35
116
37
26
36
35
94
90
103
30
81
33
99
45
131
41
130
46
109
90
78
84
118
41
36
120
112
129
132
39
101
33
132
109
130
130
141
86
122
47
88
40
73
76
0
172
87
157
174
45
173
49
206
47
48
225
200
165
156
141
53
181
38
179
50
183
220
166
267
132
259
276
196
232
291
284
177
163
206
272
46
151
243
270
142
153
162
283
36
245
0
237
115
0
169
117
99
169
64
179
30
65
53
74
189
126
193
58
152
72
178
71
114
88
193
82
143
175
123
110
202
87
81
175
176
126
141
70
167
53
151
112
175
183
138
183
121
69
97
0
96
122
51
151
85
171
163
35
119
18
41
42
39
170
187
150
50
182
48
198
42
182
53
183
53
209
147
179
192
178
65
36
193
203
200
195
59
165
39
192
161
161
200
201
200
200
47
114
0
109
123
0
183
142
106
175
65
127
37
44
40
56
171
169
135
44
176
51
184
48
168
32
186
56
195
181
186
181
179
37
36
170
189
140
169
32
175
25
174
181
167
136
155
157
171
59
109
5
114
110
9
105
44
24
104
73
28
44
49
52
78
58
92
43
70
51
45
42
48
85
43
85
48
51
51
89
49
57
33
42
64
67
79
75
43
52
17
83
70
40
71
90
44
79
34
35
28
40
32
24
105
24
96
58
35
102
44
32
41
44
97
109
63
41
99
34
104
45
100
32
125
45
113
90
86
121
119
38
54
114
116
108
117
53
100
32
89
121
126
102
129
115
94
59
56
0
43
49
0
179
91
194
191
45
232
17
52
52
45
188
166
184
193
137
59
180
207
243
228
176
222
180
137
186
255
178
218
214
246
193
174
253
73
261
37
210
152
198
201
236
249
243
59
77
215
79
90
215
179
28
35
189
151
172
126
148
149
158
32
172
43
156
45
11
184
5
40
17
43
114
194
39
30
52
52
11
51
43
46
37
170
11
46
154
40
50
89
161
50
190
196
128
29
10
35
27
0
