180
102
191
175
122
191
63
134
127
121
177
176
104
120
181
108
181
123
179
123
167
118
167
121
168
168
162
103
110
169
162
165
162
113
172
95
117
167
169
172
172
170
176
108
126
115
118
123
116
113
22
109
111
21
117
95
15
83
100
111
119
37
100
111
93
116
20
126
13
27
93
126
25
30
131
18
122
112
137
28
128
25
98
49
84
22
100
114
105
114
20
114
100
18
13
15
14
0
122
51
134
137
33
137
50
55
48
51
140
138
84
34
27
30
147
35
146
68
147
63
133
69
38
137
38
47
57
138
131
144
139
46
42
44
92
43
88
118
39
40
42
33
31
31
85
80
31
132
27
188
128
57
87
36
84
85
87
189
94
78
2
101
1
93
0
86
0
95
0
80
90
94
81
97
1
0
106
105
101
93
1
105
1
99
105
100
83
87
104
102
1
88
0
85
87
1
37
15
38
45
3
38
15
11
18
5
38
42
43
3
37
8
40
6
43
15
45
18
42
32
42
48
43
18
6
40
43
41
40
3
47
14
35
33
40
36
37
36
35
14
30
0
27
29
15
54
22
43
52
1
52
1
1
7
1
51
57
58
3
48
4
56
11
57
9
60
4
51
51
58
62
53
1
1
53
59
51
58
12
57
15
61
50
57
60
56
63
62
1
49
17
57
62
0
1
19
2
3
7
13
1
15
18
1
2
32
14
2
29
1
2
24
27
2
0
2
1
2
30
28
31
24
2
2
34
39
1
2
52
18
41
48
1
2
48
45
50
2
2
2
2
1
0
63
35
54
68
15
68
13
7
15
16
49
48
60
10
50
12
51
16
60
16
62
19
72
54
51
41
62
20
17
66
73
63
65
19
56
9
72
60
65
73
70
49
72
21
49
17
44
48
0
94
37
89
100
45
89
37
79
41
43
114
85
93
47
62
40
91
31
97
30
90
98
91
133
77
135
131
81
99
133
130
103
107
82
128
37
86
120
133
92
99
102
132
35
131
0
130
56
0
103
64
49
77
34
93
9
28
12
36
101
68
99
26
94
40
99
39
58
43
104
36
62
103
65
56
101
36
34
104
101
65
64
39
80
13
88
70
105
97
53
103
57
38
60
0
48
61
11
69
48
81
100
30
51
18
21
41
19
81
90
53
36
95
22
108
15
98
38
94
36
98
58
72
98
97
34
20
97
102
107
103
32
85
17
93
72
81
112
111
103
107
17
59
0
59
56
0
85
71
52
100
36
69
28
13
12
33
97
84
56
15
81
28
84
12
78
21
77
24
80
76
84
79
72
9
11
75
74
59
67
11
80
9
68
74
83
52
68
71
67
29
60
3
49
56
4
49
11
6
49
47
6
13
12
42
44
11
39
11
26
10
7
12
30
37
11
34
12
10
10
49
11
11
13
6
40
47
47
48
43
7
17
47
43
9
48
47
13
57
12
1
4
7
3
5
45
23
39
30
27
63
12
19
29
28
45
65
49
10
69
9
63
30
40
25
68
28
66
37
50
60
65
13
28
72
72
66
69
25
46
15
50
60
51
46
56
67
47
21
35
0
32
30
0
71
30
71
74
17
110
6
19
22
20
73
65
72
87
52
18
64
79
120
94
76
87
80
62
85
113
82
98
103
134
81
74
134
42
137
17
83
69
88
84
118
133
131
37
40
95
38
41
87
75
11
24
77
57
77
38
54
60
56
16
75
23
59
23
6
75
4
18
7
21
47
57
24
14
25
21
6
13
19
23
21
61
6
21
53
19
22
27
65
21
73
74
54
15
6
17
17
0
