174
80
174
169
96
175
76
113
102
104
172
177
85
111
184
85
177
107
182
113
185
104
177
85
165
176
170
110
79
176
170
166
176
110
176
81
91
173
183
185
166
175
175
110
93
82
77
84
85
362
85
365
367
94
372
296
60
221
289
377
318
159
248
344
227
335
80
341
60
121
256
311
106
165
319
77
245
204
332
109
331
112
255
185
193
113
248
322
328
322
82
320
258
67
50
65
69
0
275
74
291
291
57
298
207
219
222
219
317
334
154
73
50
68
333
77
360
262
344
260
331
137
76
352
51
80
276
366
351
358
372
271
74
56
166
78
324
365
75
83
76
275
30
29
88
86
29
332
191
440
352
116
164
80
150
178
161
469
301
254
7
316
9
317
8
226
11
313
17
307
293
344
260
355
14
14
347
334
294
322
14
300
9
277
324
301
287
296
345
301
7
227
0
204
219
5
174
87
191
202
57
199
45
31
60
49
194
186
147
64
160
49
197
69
202
54
198
52
191
145
151
157
198
54
57
199
199
202
204
64
167
49
181
160
192
194
193
195
200
52
104
0
89
109
51
249
279
131
314
18
238
21
16
44
17
306
293
260
20
252
15
311
39
322
39
310
18
310
253
251
252
315
19
17
311
269
326
318
45
330
42
267
256
273
322
327
273
316
22
192
36
215
209
0
19
142
25
17
46
120
13
107
112
14
23
174
97
12
186
13
22
114
193
19
23
17
22
25
190
165
194
114
17
18
213
200
29
18
176
67
145
194
16
23
187
191
197
16
21
19
9
18
0
199
90
136
218
59
224
75
57
75
66
133
154
209
79
147
73
173
89
218
82
212
92
210
161
149
168
213
91
75
210
213
206
215
68
165
50
216
182
212
228
212
158
217
73
149
83
123
120
0
234
127
224
245
71
240
60
201
64
66
245
264
228
219
183
69
247
46
235
63
241
238
244
295
184
279
303
234
249
297
295
245
232
234
284
78
227
268
291
203
272
252
296
60
276
0
267
145
0
191
87
77
182
122
192
30
100
52
107
199
97
197
54
183
107
199
125
92
111
204
115
92
223
142
93
224
125
121
228
227
105
117
112
164
62
176
106
217
218
104
199
106
106
72
0
74
91
55
155
89
174
174
46
83
48
90
78
73
183
199
86
70
193
84
194
60
200
78
188
75
170
97
161
182
190
60
71
180
193
188
196
61
184
71
164
174
126
181
184
189
189
85
84
0
86
88
0
219
165
85
180
64
148
48
89
87
58
180
171
116
91
161
54
204
97
157
42
204
51
203
177
193
193
192
70
69
151
184
110
162
77
178
53
159
173
157
101
177
158
170
43
94
23
94
80
16
83
52
21
75
53
35
37
40
31
52
53
67
28
54
56
29
49
41
73
40
67
40
54
44
77
52
44
25
30
57
77
75
71
59
52
16
75
65
27
70
74
42
70
25
17
13
27
18
15
182
43
129
92
62
178
32
45
61
70
141
171
92
33
172
29
170
60
141
39
184
67
187
137
116
186
199
35
75
195
197
204
195
69
141
28
119
202
132
142
195
196
146
81
104
0
96
100
0
186
87
183
189
42
249
19
44
41
45
180
214
192
187
119
59
204
217
288
241
229
227
198
119
188
267
201
201
214
276
204
189
276
54
266
22
201
146
209
202
228
279
277
45
112
206
109
110
222
151
38
88
163
86
150
65
77
88
79
64
162
48
103
84
17
159
18
78
30
78
63
174
74
77
80
88
22
30
83
89
84
125
22
85
104
83
91
123
144
81
173
192
85
59
20
70
58
0
