251
144
281
277
161
284
132
179
180
176
271
264
159
179
282
148
287
185
279
183
272
178
281
137
297
290
279
174
148
282
276
288
284
167
253
140
160
269
259
277
265
255
277
168
177
154
166
177
157
153
40
167
157
30
164
126
20
91
135
167
170
63
124
168
112
171
28
173
30
49
136
176
52
66
177
32
145
126
192
56
195
52
158
115
136
57
159
208
214
206
40
212
173
27
26
28
28
0
190
75
205
210
76
198
70
77
70
75
209
162
121
63
52
61
177
68
188
54
172
41
167
135
74
177
63
65
44
164
177
178
167
38
59
69
168
70
139
187
62
69
73
35
56
48
144
151
47
159
54
249
172
70
132
57
111
119
114
260
149
104
3
142
3
169
9
133
7
148
17
134
138
152
118
157
5
9
155
152
147
138
4
149
3
140
166
150
131
122
158
148
3
114
0
114
112
2
90
35
89
93
35
87
28
16
30
33
98
93
77
20
66
27
88
37
94
25
90
27
76
50
70
76
89
28
27
93
87
88
92
26
71
26
73
75
77
86
82
84
92
30
49
0
53
50
25
81
79
52
97
17
82
11
17
25
11
93
107
90
10
81
26
104
30
107
32
111
26
110
71
90
89
107
35
24
102
93
114
114
38
132
33
91
83
92
133
137
94
132
48
57
36
86
82
0
7
96
11
7
18
77
8
76
86
5
13
128
50
4
125
5
7
78
132
6
10
7
12
8
79
76
80
23
7
7
85
86
11
7
84
20
67
83
8
7
78
73
82
5
9
5
6
8
0
97
58
85
114
19
109
18
10
19
24
84
89
104
20
83
26
94
29
120
33
119
31
109
96
87
90
103
33
23
111
113
108
106
24
92
22
115
114
108
114
107
82
110
25
81
26
78
79
0
106
52
103
119
36
117
31
123
34
37
172
124
113
92
90
34
108
30
111
39
108
140
108
185
91
188
189
130
161
209
209
114
111
135
199
48
117
177
192
104
138
131
189
42
180
0
172
68
0
121
68
71
121
56
127
26
49
37
50
125
76
129
43
115
52
126
55
82
51
125
52
89
130
96
77
122
49
50
124
129
80
78
52
110
37
119
83
130
127
75
128
86
58
64
0
66
81
36
104
50
105
145
34
99
35
34
57
29
114
154
90
65
156
27
156
44
162
61
147
61
144
81
111
153
151
57
28
154
153
154
154
67
106
32
133
102
134
176
171
153
160
31
70
0
80
77
0
119
90
78
126
36
88
22
29
28
36
134
118
91
25
124
33
116
30
117
21
119
32
132
113
124
119
127
27
22
124
127
106
122
31
115
26
120
125
116
91
120
112
112
36
88
12
90
80
4
71
27
16
76
45
20
25
26
39
44
39
61
36
42
38
29
37
36
56
29
60
29
36
37
68
35
40
36
26
52
64
64
61
47
39
16
56
49
31
65
64
31
71
19
20
17
18
17
21
94
11
63
51
34
88
19
32
27
33
72
95
61
18
99
17
84
28
68
28
93
37
89
71
68
96
85
15
39
84
79
90
86
22
63
21
63
96
75
64
93
83
67
32
44
0
50
52
0
90
34
101
99
30
141
13
30
31
30
105
76
101
131
79
39
95
139
162
154
103
148
107
83
109
161
107
139
150
181
113
110
175
44
168
27
122
84
122
116
152
152
157
42
48
149
45
51
126
107
18
25
109
75
109
58
81
83
79
21
119
57
79
29
2
110
1
24
3
32
64
127
30
27
28
33
2
26
35
32
36
101
3
35
106
30
29
49
126
36
149
132
97
26
1
27
27
0
