168
69
173
172
107
167
67
117
119
116
167
158
96
112
168
81
166
109
168
116
145
103
154
98
158
156
154
107
88
157
144
157
161
102
150
68
84
143
149
151
142
144
149
100
83
89
88
78
84
108
23
104
99
25
107
70
19
52
73
106
105
46
90
118
76
120
31
113
22
36
93
122
40
68
136
34
108
85
133
43
130
44
80
80
71
43
88
118
131
122
44
123
93
22
14
22
27
0
120
43
134
131
57
145
49
44
38
44
128
123
82
50
47
46
130
46
134
41
121
40
108
81
52
116
49
53
42
130
126
126
112
33
52
58
104
53
99
122
52
52
51
29
46
41
84
71
40
97
56
137
117
23
59
22
31
43
43
149
94
87
2
108
2
111
3
82
5
101
4
97
98
101
81
111
4
4
116
112
97
103
5
98
3
100
102
105
84
85
108
109
1
81
0
77
75
3
54
19
64
58
24
63
20
10
19
17
65
61
51
12
45
19
66
20
64
19
57
26
56
47
46
48
53
24
22
62
62
61
60
21
49
19
62
63
60
64
67
67
72
20
31
0
31
33
21
55
73
33
78
12
52
13
9
26
12
72
66
58
12
47
8
66
30
76
28
77
14
69
62
57
64
69
10
12
76
60
71
65
28
68
29
65
52
63
69
71
62
66
13
38
33
48
47
0
8
51
9
5
10
42
5
36
40
3
5
57
36
5
66
3
8
45
65
3
5
8
4
6
62
41
58
29
6
2
62
65
6
4
55
21
45
67
8
7
62
59
64
5
5
6
4
6
0
62
23
41
66
22
64
23
18
24
29
47
53
73
23
51
29
60
28
80
26
72
28
79
50
45
60
78
29
32
76
78
74
77
27
54
22
79
58
71
76
75
47
85
28
50
30
48
43
0
84
58
90
108
23
98
19
73
27
26
97
82
87
57
81
20
93
20
90
18
89
65
90
102
73
97
113
71
78
109
119
91
89
68
106
21
87
102
102
81
95
97
105
13
97
0
96
61
0
85
62
38
74
23
70
22
21
28
25
81
62
80
14
70
27
74
34
59
28
81
30
62
84
52
60
81
30
24
95
87
66
69
28
78
33
68
57
73
78
62
82
58
22
40
0
39
59
34
52
33
58
68
10
26
12
36
20
28
58
60
34
20
62
23
59
17
63
22
66
21
65
50
61
70
68
22
26
74
76
67
63
21
49
27
56
54
52
72
67
70
77
27
34
0
32
33
0
65
57
24
64
24
43
25
34
30
23
59
59
38
29
60
22
59
29
58
18
63
22
62
59
62
66
72
33
28
46
62
31
44
29
67
33
56
59
51
28
48
46
49
19
28
7
29
30
4
47
23
17
42
32
13
16
20
29
30
27
40
14
37
20
19
26
27
39
20
44
22
22
24
39
22
29
12
18
41
38
38
40
33
16
7
43
39
17
42
45
13
50
13
13
11
13
13
9
46
13
36
20
19
50
15
16
27
24
34
50
23
14
54
13
50
17
37
12
49
22
45
35
29
46
52
14
13
45
46
45
55
23
45
10
31
45
32
41
53
49
35
25
19
0
16
21
0
55
32
61
61
18
82
9
19
21
21
61
74
62
61
25
17
61
61
82
73
56
80
55
31
63
87
71
51
71
86
75
68
87
10
86
8
60
42
63
69
67
92
91
12
40
68
38
38
64
39
12
28
39
24
43
20
22
20
20
21
62
23
38
27
9
52
2
27
13
32
26
61
26
29
28
33
8
18
30
30
31
48
11
32
46
24
34
37
61
36
74
78
43
19
11
20
23
0
