197
98
203
194
126
203
76
130
128
133
195
199
111
122
191
97
188
120
207
122
189
118
193
97
207
201
199
114
100
200
197
198
195
118
205
92
114
189
200
197
197
196
194
125
100
102
100
93
109
124
20
135
124
28
120
99
21
63
99
127
126
66
94
124
92
139
31
134
20
38
100
136
41
51
132
22
110
102
144
40
141
44
112
79
104
42
115
150
155
149
24
165
124
18
10
17
17
0
137
54
144
147
61
148
60
56
54
56
147
157
91
62
46
48
149
58
156
67
161
52
145
87
60
152
65
65
46
151
151
149
149
45
54
61
122
60
97
134
64
61
66
30
48
37
95
100
43
141
66
167
152
46
79
33
61
60
56
178
117
102
4
120
3
143
4
88
3
119
8
125
110
119
95
146
5
7
155
142
116
122
9
117
1
105
146
120
97
116
140
119
2
90
0
88
85
2
57
20
69
59
9
62
16
12
19
9
65
58
53
14
50
12
59
21
61
16
62
15
57
37
46
47
50
16
14
55
54
56
59
14
44
19
52
45
54
53
53
57
59
19
31
0
31
33
17
69
49
41
80
2
77
4
5
25
3
75
74
77
2
68
2
75
25
71
26
71
3
70
70
73
72
74
7
6
74
78
74
69
26
69
28
75
61
66
80
79
81
76
2
55
28
77
75
0
0
34
0
1
2
30
0
21
24
0
0
39
26
1
40
1
1
26
40
1
0
1
0
0
35
36
43
26
1
0
43
40
1
1
33
16
27
33
0
1
40
39
41
0
0
0
1
1
0
64
29
37
58
17
60
16
15
21
18
44
43
57
19
36
14
47
18
56
19
55
19
58
46
44
39
57
23
22
55
57
63
52
18
49
10
52
49
52
50
54
32
52
18
42
25
31
34
0
83
42
88
84
13
86
12
87
18
13
103
95
87
71
72
20
92
11
88
18
87
88
88
105
68
100
114
92
95
118
113
88
92
90
107
18
82
104
129
75
86
91
119
12
119
0
110
65
0
72
46
31
67
14
78
26
10
20
18
78
49
71
14
63
18
65
21
58
18
69
21
57
71
53
59
75
24
22
70
74
67
60
23
55
30
57
55
67
62
49
68
57
15
47
0
38
54
27
67
37
70
66
11
43
5
22
15
23
70
80
47
21
74
19
75
17
82
23
79
22
82
50
77
76
78
19
17
76
83
73
75
25
72
16
72
58
65
84
92
85
87
21
41
0
43
48
0
80
54
43
68
15
52
15
44
39
19
58
62
32
38
51
16
77
32
60
10
80
9
75
76
78
78
80
30
33
64
75
49
59
36
70
23
69
65
68
52
67
66
70
22
49
7
50
42
7
38
26
12
46
23
15
27
24
27
27
25
35
14
22
24
24
28
23
31
21
35
26
23
21
28
18
19
2
18
20
24
29
32
22
18
5
28
21
12
28
27
14
24
12
5
13
12
5
10
40
18
32
24
21
43
11
17
23
23
33
49
27
17
57
14
55
27
29
18
50
21
46
27
27
53
53
15
28
45
49
59
60
20
29
5
22
43
22
28
37
40
30
23
20
0
18
21
0
56
27
61
54
19
86
14
21
16
16
57
58
53
68
23
13
58
82
95
87
52
89
55
28
58
97
57
73
81
92
62
65
96
28
89
11
53
42
55
62
82
92
96
17
19
81
21
25
79
62
17
32
65
43
68
35
45
47
47
12
67
16
58
28
12
66
6
26
10
22
47
90
29
23
32
27
7
23
27
27
27
65
10
23
60
27
26
41
73
25
77
83
54
22
5
19
16
0
