367
131
385
358
195
371
104
201
204
207
373
304
154
192
321
139
319
187
321
187
305
185
299
155
294
301
302
179
131
294
302
294
303
171
292
140
155
294
293
287
296
309
287
169
141
135
156
157
138
209
44
211
204
45
214
173
30
132
181
218
191
72
160
203
149
197
58
201
35
63
169
184
57
57
174
41
149
128
189
56
189
54
143
104
110
49
135
174
186
185
41
182
148
35
29
35
34
0
177
87
197
188
79
210
59
57
49
57
201
207
137
69
60
64
199
71
215
71
213
58
179
126
66
195
71
71
53
202
206
202
208
45
65
70
184
61
147
198
63
66
61
36
48
42
140
146
39
183
99
252
209
38
115
50
71
71
81
252
190
148
3
194
1
194
3
145
2
188
3
163
173
185
167
209
3
3
213
200
186
178
2
175
1
164
204
184
161
163
199
174
2
134
0
112
134
0
90
41
95
102
26
102
26
19
35
21
111
97
87
18
72
23
104
26
96
30
99
32
99
76
78
89
111
29
29
107
95
97
100
20
92
36
108
81
110
113
111
120
116
30
55
0
51
52
35
55
65
29
69
9
61
7
8
29
8
73
77
72
9
53
11
79
34
84
35
86
9
84
73
73
79
77
9
8
74
79
79
82
34
83
33
78
65
73
80
82
73
84
15
42
29
65
71
0
9
49
10
6
12
42
7
38
36
6
9
58
40
7
64
6
5
34
57
6
10
6
9
9
78
51
76
38
7
4
73
84
11
5
86
29
68
83
10
9
86
86
82
5
7
7
6
9
0
82
29
56
80
23
82
30
25
29
25
59
59
75
14
52
24
64
21
75
27
78
19
67
64
57
60
78
33
30
76
84
79
79
34
57
17
77
69
89
79
82
49
83
33
54
27
47
42
0
125
65
122
129
46
124
35
111
39
47
115
104
123
82
96
39
131
34
131
37
125
114
119
148
98
140
154
110
120
161
160
130
136
125
148
40
114
144
146
112
130
138
143
31
143
0
141
81
0
98
68
55
100
27
102
23
21
29
28
103
66
93
20
82
30
101
33
67
36
99
38
73
96
78
78
92
26
30
99
99
78
81
37
86
39
85
77
108
107
77
105
92
36
63
0
62
80
33
98
49
113
120
16
65
6
30
25
27
111
118
75
24
122
32
120
15
117
25
121
25
108
74
106
104
100
22
34
104
98
105
107
33
94
33
95
96
83
110
109
109
117
28
68
0
63
76
0
101
55
48
78
18
73
21
39
44
19
73
77
51
45
77
27
95
43
71
21
88
27
98
103
113
112
92
45
38
67
101
58
71
37
86
28
84
84
76
55
75
68
74
21
48
10
46
45
13
57
33
21
60
36
31
32
30
37
44
38
52
25
31
39
29
36
31
59
25
51
26
35
33
64
38
36
18
25
60
64
63
60
55
33
10
66
55
21
67
64
18
58
17
13
17
20
9
10
63
14
47
32
38
68
29
37
31
36
52
67
30
21
72
18
68
31
48
27
75
33
61
46
37
63
66
19
31
69
66
68
75
30
46
14
51
71
49
56
67
80
56
33
30
0
35
30
0
102
36
100
100
39
138
19
35
38
36
102
105
105
96
57
38
105
113
146
134
112
130
112
56
113
161
110
112
116
159
119
117
168
43
162
23
113
75
119
115
151
163
172
38
54
114
52
53
112
109
18
36
104
70
108
57
69
70
69
32
88
33
64
34
9
98
5
31
11
44
54
113
36
37
35
41
13
25
36
31
39
89
8
37
98
34
36
62
91
35
135
119
82
27
8
16
22
0
