408
185
424
415
257
413
151
263
275
264
417
410
204
255
401
189
394
251
393
247
402
246
372
223
387
365
379
243
190
355
376
380
359
236
364
181
226
380
375
370
386
387
388
244
184
202
213
208
198
217
43
214
230
54
209
175
36
126
179
220
211
77
181
224
151
231
48
224
42
64
178
203
57
81
196
36
149
130
210
63
215
74
151
123
123
62
173
221
216
217
50
213
170
42
37
51
46
0
237
103
242
254
117
279
69
73
61
67
260
249
179
98
97
96
262
106
278
74
260
57
251
155
105
269
113
123
76
278
271
258
263
67
106
114
226
119
195
257
120
130
133
54
93
86
200
190
88
206
109
306
237
82
123
71
122
118
126
312
196
168
0
197
0
205
3
139
1
188
4
179
172
193
163
212
3
1
204
212
183
198
7
190
1
172
217
199
175
176
225
190
1
154
0
148
149
1
114
68
129
134
16
137
42
27
53
13
129
129
131
14
107
20
130
21
125
42
124
48
134
99
122
123
140
52
27
137
135
134
135
31
135
45
136
114
132
141
139
131
142
43
74
0
74
79
38
112
97
51
105
5
98
6
8
50
8
108
112
119
14
82
13
107
52
121
55
130
17
121
72
115
113
113
14
8
114
134
115
120
59
124
60
116
79
114
114
114
115
122
10
49
60
97
97
0
6
73
3
6
11
69
5
60
67
6
8
113
37
4
118
4
4
57
114
4
4
5
6
3
106
82
99
36
3
2
111
121
8
5
84
15
68
92
3
4
88
95
96
3
1
4
2
4
0
102
59
84
106
37
98
32
19
28
25
82
88
106
33
86
34
91
43
115
36
121
42
116
91
84
82
101
43
42
124
113
120
115
46
88
24
112
99
115
116
116
86
123
43
85
42
81
79
0
180
96
161
183
48
183
46
157
55
56
197
182
170
118
127
50
188
45
190
50
189
164
190
214
128
200
233
158
177
217
234
192
183
161
218
47
151
218
224
133
168
162
219
31
199
0
190
109
0
161
116
81
141
61
167
45
49
51
62
145
112
149
38
119
54
167
60
99
67
177
63
114
149
91
107
152
60
47
155
147
118
118
55
131
61
122
124
153
154
112
157
131
50
78
0
82
107
54
127
77
135
157
34
74
22
41
47
44
140
164
83
41
162
45
164
30
164
46
170
42
166
93
142
156
166
39
36
165
177
162
163
58
141
40
152
139
111
166
155
160
157
38
90
0
92
92
0
149
98
82
132
41
102
28
53
38
46
128
117
79
57
119
40
140
51
129
32
154
37
146
134
151
153
153
53
35
129
140
90
130
41
139
37
117
122
120
90
121
121
114
42
73
16
84
72
12
82
50
30
84
60
36
47
43
45
56
49
86
34
55
50
43
48
44
78
41
90
46
50
35
93
45
43
34
40
73
97
92
92
65
48
13
86
64
44
96
93
45
82
32
12
25
28
16
23
120
41
107
64
50
124
37
35
45
49
97
115
62
36
118
34
129
51
102
36
119
62
111
91
53
112
115
32
49
108
113
106
120
42
97
14
83
108
83
92
108
106
106
51
58
0
56
55
0
135
55
142
147
62
181
27
56
54
57
151
152
154
140
78
59
143
172
210
182
159
192
159
83
158
206
156
157
180
206
168
160
209
51
228
21
133
103
148
139
183
207
210
43
69
159
76
71
150
137
27
50
135
91
132
70
91
96
94
35
127
50
89
50
12
140
9
39
16
52
59
160
48
37
51
54
15
34
50
49
50
125
16
51
104
53
55
93
126
56
162
159
82
37
13
33
39
0
