579
300
587
607
406
594
281
451
450
435
601
575
411
411
599
355
599
416
587
412
582
403
590
382
572
589
571
410
338
573
578
585
596
414
590
361
409
618
603
600
606
610
610
428
357
351
368
350
386
380
82
378
385
104
363
284
70
233
308
397
370
140
289
379
256
378
97
373
85
110
303
340
122
133
359
91
275
211
348
115
356
129
280
224
230
136
311
386
389
384
104
376
310
80
75
84
83
0
433
201
467
474
215
477
211
178
173
188
473
473
311
202
172
187
502
211
523
210
520
164
449
284
215
491
200
232
197
478
504
480
504
114
209
229
386
227
290
438
219
223
232
104
175
167
345
341
162
382
181
570
415
127
270
130
224
240
238
586
328
262
10
342
4
406
17
280
14
354
29
319
300
354
270
393
11
20
412
397
331
368
23
340
2
308
376
336
281
325
397
325
3
249
0
235
241
3
178
87
183
187
19
192
80
55
72
13
203
189
196
24
160
31
204
42
206
66
208
85
208
151
201
202
218
84
52
220
210
221
217
34
208
77
192
151
188
201
193
198
201
78
112
0
119
109
66
240
229
133
251
12
230
12
13
87
11
266
262
261
17
185
15
257
111
274
114
296
15
284
190
256
243
291
22
15
299
272
287
273
113
257
103
265
197
265
268
261
260
252
17
150
103
235
230
0
6
127
12
11
32
99
6
92
94
4
13
159
68
5
172
2
6
86
168
5
11
6
12
10
159
129
153
54
5
10
173
163
12
3
181
29
136
191
11
10
184
175
193
5
4
5
1
6
0
172
73
121
178
55
189
66
41
66
67
118
132
179
40
113
47
136
62
190
62
182
64
168
126
107
113
166
71
63
174
175
173
173
70
129
35
192
147
187
202
190
110
195
75
112
60
94
99
0
236
136
247
234
79
255
72
321
77
81
330
286
247
247
188
88
261
79
255
89
251
313
286
372
185
350
395
311
333
377
396
283
282
323
374
99
215
339
376
226
266
280
385
79
364
0
350
159
0
315
178
137
280
135
293
91
112
111
140
305
156
299
75
285
147
323
167
165
160
343
174
180
311
185
176
301
142
129
316
297
193
206
109
219
109
212
188
289
278
178
285
196
103
150
0
137
178
106
227
104
249
272
37
176
36
59
75
60
250
260
160
63
261
57
265
44
248
68
264
71
267
182
234
269
263
55
53
282
259
253
259
61
240
57
257
234
214
254
275
277
282
48
189
0
180
176
0
288
187
143
224
45
199
33
84
81
45
225
198
180
88
215
46
251
91
221
35
267
47
283
271
276
303
293
84
82
232
289
178
235
80
252
65
233
253
237
171
228
234
244
54
187
25
183
162
18
121
77
33
128
85
54
90
89
76
89
91
119
60
75
89
79
104
40
108
93
103
85
93
84
119
97
90
32
73
80
109
95
97
79
74
17
122
99
66
124
114
63
119
51
26
37
44
35
39
214
83
208
149
62
228
58
53
63
82
201
222
131
54
224
57
213
74
206
34
223
75
235
198
156
255
246
57
79
243
257
241
243
84
213
34
163
270
181
200
272
275
206
95
152
0
131
143
0
278
129
299
294
97
352
46
101
102
99
296
280
275
257
163
94
286
314
377
329
280
337
291
163
295
383
297
291
329
382
304
306
397
104
372
41
284
206
281
282
354
390
388
94
135
307
139
130
309
230
46
66
228
180
245
142
164
174
181
51
251
83
192
72
16
269
12
54
16
80
167
250
64
71
68
71
21
69
73
70
69
197
18
78
198
59
61
134
209
77
278
269
182
50
11
54
55
0
