490
201
492
519
313
502
204
317
329
324
500
449
245
293
472
244
472
291
454
295
452
292
430
231
459
442
442
290
230
427
456
443
439
289
460
225
247
467
476
466
478
479
474
302
238
249
237
245
244
319
72
318
326
85
329
270
35
181
258
334
318
109
258
342
195
345
74
336
42
111
263
317
96
124
332
67
253
176
330
98
330
104
215
208
152
92
215
311
298
311
55
302
236
48
31
37
44
0
308
151
334
332
123
351
100
106
94
97
355
333
208
124
98
117
351
129
367
130
364
97
334
173
139
340
127
131
121
340
348
337
342
93
99
111
296
118
218
324
114
120
120
71
84
75
228
228
71
284
186
387
305
84
185
84
144
142
147
392
261
216
9
269
4
318
19
205
9
277
23
286
254
274
229
321
8
19
322
310
261
302
19
262
5
243
305
276
231
259
316
258
5
187
0
181
176
3
131
59
145
135
59
151
39
30
47
44
138
120
90
22
98
41
119
39
129
54
124
49
127
85
97
96
139
50
54
142
140
143
140
77
101
46
106
118
153
153
153
154
146
47
59
0
55
53
47
130
156
66
170
23
131
15
25
49
24
171
175
144
18
119
17
161
46
184
56
177
25
154
111
143
143
159
26
14
153
157
171
170
51
169
52
154
119
153
173
170
150
170
21
77
50
126
129
0
7
102
7
4
19
69
6
64
72
4
7
125
44
4
135
3
7
70
128
6
8
6
8
8
131
92
111
49
4
5
135
138
11
6
118
24
89
128
9
8
118
120
129
2
7
6
3
6
0
136
54
99
138
34
138
38
31
35
38
92
96
114
30
96
42
94
47
123
46
122
44
128
104
87
86
114
49
46
135
146
129
140
46
102
29
128
111
120
117
126
87
134
43
81
33
70
72
0
190
109
188
188
46
203
43
193
49
45
207
207
185
177
140
57
206
51
200
59
196
239
196
261
174
245
273
221
245
272
258
188
193
243
243
69
178
256
268
175
215
211
271
50
245
0
238
132
0
149
103
74
153
74
159
39
77
64
80
169
96
130
38
128
75
129
78
95
68
150
73
105
156
95
101
139
76
61
147
162
115
114
53
108
58
124
103
139
127
94
153
115
59
74
0
69
101
52
151
65
164
181
41
116
23
46
55
38
169
171
120
55
188
39
189
33
186
58
186
49
187
136
159
195
197
60
33
196
205
198
207
57
168
42
191
157
164
190
198
199
195
36
128
0
124
123
0
193
83
70
120
24
127
13
115
106
20
120
112
83
108
109
18
187
100
112
11
196
15
204
191
199
200
203
96
88
104
178
96
106
80
164
72
147
146
117
102
137
113
135
14
95
30
76
82
23
66
49
28
66
38
36
42
46
30
41
56
63
39
37
69
44
55
34
62
43
63
41
61
52
71
63
55
26
41
55
84
82
74
44
58
8
71
54
50
70
84
50
69
28
19
21
44
27
20
95
28
96
73
28
107
40
22
33
35
97
110
70
35
113
36
120
31
100
24
100
31
107
92
87
102
111
43
35
113
103
109
99
32
107
17
108
112
109
108
116
112
109
33
75
0
62
61
0
137
68
146
160
38
214
9
37
42
41
151
141
162
185
123
46
167
195
244
210
167
217
175
116
172
241
182
208
212
244
186
173
248
67
240
35
180
142
197
202
227
252
249
53
81
196
75
74
193
169
34
58
174
130
178
101
126
131
135
34
167
72
131
57
7
175
9
48
13
53
104
196
52
52
49
59
12
45
50
51
51
160
17
54
136
49
54
90
161
51
179
198
126
33
13
35
37
0
