578
281
598
612
394
606
263
425
420
417
604
625
337
407
620
309
613
405
616
413
608
404
542
349
576
563
555
372
326
575
557
584
573
382
557
301
363
562
571
566
560
577
582
385
347
325
318
344
349
341
89
366
368
69
371
267
65
189
270
371
376
158
292
407
243
405
83
384
68
108
306
401
115
149
429
99
320
266
432
123
419
128
300
271
234
121
291
404
404
414
86
417
307
90
78
91
89
0
391
188
424
435
204
436
130
127
114
119
438
440
303
165
143
145
422
173
451
149
446
115
423
289
178
439
185
195
157
454
457
464
453
125
172
190
364
180
281
427
169
184
191
100
126
131
318
320
125
409
187
524
421
166
209
82
209
233
210
559
332
291
5
346
4
384
15
292
14
342
21
330
314
359
265
397
7
15
388
381
325
360
15
328
1
309
353
320
307
311
361
305
4
221
0
201
218
1
179
84
205
198
61
196
70
54
82
48
200
180
179
49
176
56
191
74
210
84
202
79
232
153
152
170
225
88
88
235
234
225
224
92
183
71
220
199
235
247
242
248
247
86
99
0
109
104
81
200
197
98
222
30
186
25
36
87
33
233
196
191
26
153
23
198
95
206
92
207
34
209
147
202
186
207
33
34
207
211
219
211
108
224
102
217
160
190
219
233
214
219
36
104
93
175
184
0
10
138
13
12
39
90
8
82
102
11
14
215
82
7
214
5
5
144
210
7
9
11
14
12
178
156
159
63
8
13
200
204
15
8
216
30
140
205
12
12
211
203
196
8
7
9
3
7
0
243
116
163
264
72
256
89
60
84
84
162
185
239
77
159
82
195
97
263
84
266
95
241
191
161
156
246
92
90
238
249
255
240
87
177
41
238
196
254
251
249
172
251
94
170
87
145
138
0
268
156
269
285
103
296
89
267
93
100
330
299
284
227
198
120
299
101
307
116
312
280
309
356
216
351
388
279
315
381
393
328
316
292
363
119
278
340
363
249
328
312
380
87
338
0
336
173
0
269
195
136
254
102
282
77
87
101
104
273
195
269
69
234
101
282
113
200
113
294
129
208
319
187
188
314
124
106
294
282
207
201
115
256
93
229
219
302
284
203
296
230
101
150
0
141
198
99
202
90
229
256
49
166
49
94
102
85
221
231
151
84
256
86
243
62
264
83
255
91
246
185
226
253
258
79
72
254
254
258
253
77
235
82
216
226
212
244
252
245
251
79
130
0
139
146
0
241
180
128
223
63
163
51
85
79
66
207
224
164
89
214
61
251
84
226
46
248
47
257
247
256
255
250
83
83
221
255
169
217
72
232
64
228
215
242
156
215
233
210
69
157
26
144
137
20
148
86
51
147
107
42
78
74
86
111
79
145
59
79
91
67
86
63
134
76
118
84
84
76
133
86
89
43
69
93
129
129
121
100
66
27
120
102
62
128
123
65
138
47
32
35
61
29
33
166
43
151
101
64
154
73
36
56
61
169
172
108
65
184
53
185
76
155
48
160
69
166
148
125
175
166
55
60
178
173
166
182
59
168
26
146
181
132
168
169
170
161
65
103
0
112
111
0
237
121
237
228
57
304
24
60
59
66
245
243
257
233
183
81
269
260
343
300
258
310
269
176
262
360
274
284
293
374
277
256
361
88
366
44
255
185
271
274
312
346
359
81
125
278
128
120
280
212
58
103
239
138
231
96
147
149
149
72
233
92
160
96
30
233
13
95
26
94
110
263
94
84
98
88
26
78
102
90
105
202
23
86
158
84
90
178
208
96
264
269
139
69
22
66
73
0
