196
104
202
203
134
201
69
140
135
138
197
205
126
132
196
116
202
138
190
130
194
130
185
125
186
192
182
116
95
183
183
184
173
113
174
121
113
171
157
175
180
167
171
112
137
114
135
123
119
96
26
90
104
23
92
66
16
43
65
115
88
44
69
97
41
103
19
97
15
36
68
105
32
42
115
22
76
66
115
34
113
33
78
71
69
37
81
118
114
115
36
104
85
22
15
24
26
0
115
65
128
148
43
129
54
47
56
60
134
128
96
33
25
36
147
41
125
63
142
43
123
66
39
149
37
46
65
128
126
144
142
47
42
45
123
46
77
131
51
46
52
38
33
28
85
81
24
96
42
166
99
43
82
66
83
89
92
176
74
58
1
81
2
88
0
58
1
72
2
79
67
80
54
88
5
6
98
94
70
76
4
73
3
70
94
76
72
73
99
82
2
51
0
43
45
3
51
24
53
50
16
62
26
18
22
7
56
64
43
11
41
13
63
17
67
22
64
26
63
33
55
55
73
24
21
65
71
67
68
26
57
21
60
45
75
69
70
72
72
20
30
0
33
32
15
66
83
31
97
16
62
8
17
21
16
92
77
61
9
37
3
70
18
75
22
77
11
70
43
59
54
79
10
5
84
60
78
74
23
81
23
68
43
72
74
79
65
73
13
41
19
47
50
0
3
18
5
5
7
11
2
11
13
2
5
43
9
2
41
2
3
24
41
2
5
2
5
5
29
30
27
17
2
5
36
34
5
1
55
14
40
53
4
3
50
52
53
1
2
2
3
3
0
68
26
47
65
20
70
19
14
19
21
42
53
65
15
43
24
50
25
72
30
64
28
61
51
36
34
55
22
26
58
66
57
62
19
45
10
61
42
61
63
60
39
60
16
40
21
33
35
0
81
39
84
85
29
84
29
104
27
23
117
83
71
58
46
18
76
14
72
16
73
112
71
131
42
125
142
83
111
131
135
75
72
98
135
25
65
115
142
54
75
76
140
16
132
0
129
56
0
76
40
34
56
22
61
19
26
28
27
65
54
62
10
60
31
69
30
48
33
72
37
46
66
38
42
60
27
26
55
61
46
45
26
51
26
60
45
65
55
42
54
55
21
41
0
35
52
26
58
30
70
82
7
52
19
24
31
15
74
75
42
21
77
23
72
11
76
21
77
22
75
53
63
69
76
23
22
74
72
79
72
28
62
27
68
60
59
76
81
74
78
21
47
0
50
54
0
93
56
69
96
22
77
12
25
24
23
91
99
79
25
98
15
97
21
91
13
98
13
111
95
110
105
106
19
20
91
104
70
92
20
94
18
93
85
98
72
83
86
91
20
74
6
68
67
7
45
34
13
50
26
21
22
17
15
28
28
35
12
18
34
22
29
18
37
24
29
26
31
28
36
28
30
13
18
26
36
37
32
18
28
6
34
31
23
40
41
28
37
13
14
11
21
15
12
34
14
37
25
20
46
20
16
26
16
44
50
24
18
59
19
58
18
44
16
56
18
58
43
28
65
56
22
23
57
59
64
63
24
48
10
38
54
37
43
61
61
41
25
22
0
23
25
0
68
29
66
72
24
111
16
22
29
24
73
66
69
91
44
24
63
111
133
114
72
115
65
41
71
126
65
113
114
123
72
76
138
32
128
16
68
47
68
71
128
131
129
27
31
108
32
36
112
71
13
26
72
42
75
28
44
44
39
18
70
36
45
29
3
71
1
23
7
27
33
87
29
26
32
27
5
17
31
31
32
69
8
28
61
27
29
53
62
32
90
89
50
22
6
23
22
0
