196
106
197
200
135
193
87
136
143
141
195
193
118
138
199
117
185
138
187
138
193
127
185
131
177
186
178
129
108
182
184
170
175
131
188
101
107
186
192
188
187
187
187
124
123
116
116
125
125
106
27
111
117
35
112
68
32
51
61
115
121
61
73
135
60
127
39
126
33
47
78
120
43
67
116
40
68
57
128
43
119
43
68
99
48
45
94
112
117
123
45
120
68
39
34
44
44
0
118
43
137
128
50
134
46
45
47
45
128
126
92
57
51
50
147
59
141
50
142
48
126
100
56
151
53
51
48
141
145
144
147
38
46
58
136
56
98
143
59
65
60
38
47
45
99
101
43
88
49
157
100
44
75
44
76
81
75
160
89
66
0
87
0
94
6
68
4
88
11
86
83
89
68
103
0
11
103
100
83
80
5
95
0
74
100
86
73
83
107
86
0
61
0
64
65
0
64
45
76
71
8
76
30
25
38
5
71
70
83
8
64
12
82
16
77
33
75
33
91
55
81
72
88
38
24
93
92
99
90
32
80
29
93
67
98
105
94
103
98
34
44
0
48
47
32
72
83
37
99
30
61
15
30
28
26
93
89
78
21
55
18
77
27
95
35
89
31
94
51
82
79
98
26
19
107
82
100
96
30
98
33
71
60
75
95
95
78
97
24
39
29
66
58
0
5
42
4
3
8
30
4
19
28
2
3
63
16
4
75
6
4
30
69
2
5
3
6
4
53
45
41
13
2
4
59
63
7
3
44
7
34
41
6
4
45
45
51
3
2
4
3
3
0
69
35
42
79
13
84
27
17
25
25
53
54
64
16
45
15
51
23
78
20
69
20
73
52
52
51
64
16
25
65
76
78
73
27
54
19
77
69
90
91
88
51
85
25
47
17
41
37
0
97
51
93
114
33
104
29
77
37
39
115
98
89
68
55
34
106
31
110
30
109
100
96
137
67
129
135
87
97
144
151
114
111
93
141
35
90
127
131
86
113
112
146
29
130
0
139
68
0
83
65
39
81
39
85
22
32
41
39
88
71
90
21
77
36
91
38
61
38
91
40
77
100
56
65
95
44
37
89
95
71
78
33
75
45
78
77
91
89
73
89
74
29
51
0
53
68
37
75
42
86
95
17
65
19
28
33
23
77
95
65
35
101
24
99
15
93
30
96
32
105
73
83
103
107
42
20
112
106
112
113
58
82
21
104
87
106
120
119
121
120
20
62
0
58
65
0
80
74
52
92
31
56
25
21
16
31
93
88
67
24
81
32
78
17
87
25
85
23
91
91
90
83
86
16
17
90
84
59
85
19
74
15
65
73
86
59
82
95
76
39
62
6
54
59
5
57
43
26
57
32
30
27
27
18
36
49
57
44
26
52
24
52
24
69
27
65
27
57
54
73
55
59
33
22
53
72
72
67
49
45
20
78
55
39
74
72
48
79
15
22
14
32
21
9
61
21
65
32
25
62
29
25
33
26
61
75
38
23
73
24
73
24
48
15
67
26
65
54
41
67
69
33
25
63
71
62
61
29
54
15
58
71
46
62
57
67
58
33
27
0
34
29
0
90
40
85
95
35
115
17
30
30
33
90
62
104
85
75
34
98
102
121
109
95
110
108
61
98
113
101
115
105
132
95
107
131
47
128
23
90
65
96
89
113
125
121
35
37
101
39
41
103
72
12
22
77
56
78
45
56
50
62
16
69
13
57
21
4
73
2
13
5
20
46
88
23
24
19
20
6
19
24
23
27
63
3
24
75
22
29
40
68
27
92
94
58
20
4
18
19
0
