179
96
177
180
125
183
76
138
136
138
177
159
100
128
166
109
166
121
166
129
160
133
147
110
158
158
164
111
99
162
153
153
149
117
173
102
115
168
173
168
157
176
168
122
111
101
105
106
113
104
34
100
105
27
100
70
16
64
73
109
129
39
98
135
90
130
25
137
27
35
100
121
35
49
126
35
92
75
131
37
131
40
79
78
68
31
89
116
120
115
31
119
85
20
21
19
21
0
134
54
145
145
50
142
56
53
46
53
139
140
98
40
40
39
145
42
141
51
135
45
129
80
53
139
43
49
53
140
140
144
140
46
46
48
109
53
95
131
49
47
52
41
41
36
89
80
37
118
48
170
121
40
86
44
77
84
81
168
94
79
2
98
1
107
1
74
3
96
6
93
89
98
80
107
3
5
110
112
97
102
9
95
0
84
104
106
80
89
107
91
0
79
0
68
70
0
55
22
57
61
18
63
28
22
32
15
56
65
56
13
54
15
64
19
62
32
60
30
67
49
50
49
65
27
18
68
65
60
67
13
57
30
50
49
55
57
58
59
56
30
32
0
33
32
24
66
45
46
75
15
68
9
13
18
17
67
73
77
7
56
10
74
28
69
29
67
12
71
59
73
67
69
10
8
65
77
71
76
24
76
21
71
63
74
69
79
76
78
16
50
26
63
63
0
4
47
6
3
8
47
2
44
44
2
5
50
30
2
50
3
2
43
52
1
5
4
4
2
47
42
52
37
3
4
51
56
5
3
47
20
41
56
4
5
52
51
51
2
3
2
2
2
0
62
29
46
61
15
63
19
13
21
20
52
56
65
16
44
17
56
11
63
18
71
22
61
49
44
49
67
16
15
64
65
64
66
21
44
17
70
58
59
68
71
45
64
21
53
17
50
47
0
82
36
77
88
18
90
17
95
17
16
117
100
83
59
70
13
75
12
77
9
81
105
86
143
70
135
141
95
110
136
140
83
86
91
141
16
84
124
140
75
82
88
142
9
133
0
127
55
0
63
45
36
68
33
70
18
28
28
32
65
54
68
19
63
28
68
31
47
29
64
28
50
71
47
51
59
25
23
69
66
54
57
36
67
26
60
51
89
72
51
79
55
36
41
0
39
48
23
54
38
65
81
17
55
25
16
33
9
60
91
55
47
98
17
93
27
86
42
81
46
75
52
63
78
91
34
17
87
94
88
85
43
71
16
70
58
67
90
92
98
103
20
39
0
42
48
0
81
63
46
92
39
63
28
25
24
37
104
72
51
24
77
27
83
22
77
18
82
24
86
85
86
87
91
21
18
67
94
55
78
18
75
14
76
89
70
59
80
71
77
13
58
1
62
57
6
29
22
21
33
11
10
19
19
15
16
28
28
22
12
28
16
24
15
27
23
28
22
27
30
38
28
24
10
16
30
29
38
35
23
23
8
43
30
25
37
39
19
37
10
11
11
18
12
6
40
13
44
25
19
52
13
16
20
21
43
46
25
22
46
19
43
18
47
13
49
20
42
49
32
42
42
19
12
46
40
38
43
12
49
8
47
54
42
55
52
51
49
16
28
0
28
30
0
59
30
64
63
21
105
7
19
14
18
65
39
54
83
44
18
62
93
111
95
67
99
69
42
58
109
64
103
106
117
77
69
120
33
121
17
65
57
77
78
107
120
124
30
28
105
31
31
97
61
15
15
63
47
65
26
51
43
48
9
64
24
47
20
1
63
2
16
2
23
31
57
17
15
21
22
7
15
18
19
20
57
2
26
38
10
20
24
44
25
49
56
37
19
1
17
21
0
