241
123
248
252
163
251
110
169
171
156
253
248
150
157
249
137
242
156
248
154
245
157
267
154
252
254
263
165
130
265
259
264
259
157
264
130
150
258
259
270
272
261
268
171
137
143
126
141
140
159
27
158
160
32
172
129
21
104
131
164
173
58
137
180
126
183
40
184
27
45
154
152
37
43
158
29
139
104
162
39
159
41
113
81
97
40
129
156
156
150
36
160
115
29
22
29
28
0
179
69
186
193
85
186
57
58
66
64
191
176
111
79
51
64
171
69
188
71
198
54
157
124
69
164
72
72
62
168
182
183
187
52
62
72
159
74
120
181
74
74
78
40
59
55
134
135
48
177
82
239
201
61
112
56
85
92
88
245
155
113
4
159
3
180
8
119
6
150
9
148
147
157
124
178
4
8
175
182
141
167
4
157
3
130
180
159
134
148
181
156
3
109
0
110
113
2
47
23
54
48
9
54
20
14
27
10
55
58
57
7
51
15
59
18
55
21
64
27
56
35
52
52
51
27
11
51
53
56
53
7
62
27
45
43
43
45
46
44
49
27
33
0
32
32
27
76
60
53
78
5
62
6
6
22
7
73
86
81
10
64
8
90
27
92
29
87
10
85
65
77
75
82
8
8
80
92
83
77
32
73
29
79
72
80
84
81
86
81
9
52
28
72
74
0
1
33
5
6
11
21
4
21
23
3
6
51
28
2
55
2
4
27
55
3
4
2
3
3
66
45
56
23
1
2
67
69
1
1
49
9
47
52
1
1
54
52
48
1
1
2
0
2
0
78
39
60
82
30
83
27
17
35
38
61
62
69
26
52
32
68
45
76
33
71
38
76
53
53
42
75
35
33
77
77
80
73
26
52
14
86
50
81
85
88
46
83
30
45
28
47
50
0
106
48
94
109
26
97
21
124
34
29
129
132
91
102
71
26
106
10
104
22
104
132
106
152
78
151
165
128
142
161
169
114
110
132
163
26
93
136
162
87
101
104
158
17
140
0
154
74
0
110
54
49
99
58
110
23
43
30
56
111
64
99
24
92
45
112
46
63
46
108
51
61
109
70
56
95
50
53
102
94
67
68
29
75
32
80
61
91
95
64
95
69
40
57
0
43
65
29
81
37
91
85
13
56
15
39
26
35
92
85
52
32
89
32
85
27
84
34
96
36
84
62
82
90
90
35
32
90
93
95
96
29
92
39
84
88
82
102
98
97
94
30
46
0
51
54
0
111
81
56
84
27
66
19
39
40
25
92
93
63
40
86
13
114
38
81
15
109
16
108
100
116
101
116
34
27
82
97
60
74
27
94
30
86
93
89
67
101
100
93
22
69
14
62
62
11
56
17
17
54
40
10
26
23
31
34
28
39
23
25
27
19
27
21
37
21
39
25
29
24
32
25
25
23
22
30
29
35
32
33
22
13
43
40
19
39
34
23
34
20
7
11
8
13
11
60
24
64
35
15
58
24
8
18
14
63
65
35
19
72
17
72
25
60
11
69
21
77
60
41
75
71
21
26
71
67
75
76
24
64
12
57
81
53
67
86
86
58
34
45
0
45
42
0
94
52
102
98
28
109
11
32
27
27
99
91
95
98
61
28
96
126
136
125
95
128
98
52
101
148
92
121
130
151
90
86
152
30
156
7
99
53
98
98
139
147
148
32
50
122
50
54
124
87
18
39
94
46
82
34
44
52
44
26
96
31
61
50
14
93
2
30
10
39
42
93
32
27
44
36
10
22
43
37
31
81
10
39
50
32
37
57
83
42
98
92
49
26
6
26
25
0
