323
153
329
327
224
331
145
250
245
250
331
323
185
228
323
200
329
240
326
234
317
227
302
189
289
300
299
220
194
290
303
303
304
223
275
181
163
280
303
268
281
301
285
229
162
206
177
183
209
171
47
183
183
42
182
108
37
68
111
192
162
64
106
176
85
166
51
173
34
61
107
159
51
66
159
46
111
85
156
51
156
48
105
123
77
59
111
176
159
166
45
183
109
42
28
43
44
0
230
114
253
250
100
255
66
60
59
65
245
217
146
91
81
80
220
100
256
75
239
62
252
150
101
270
98
101
88
274
259
284
281
88
90
101
224
106
186
254
104
106
104
91
76
79
195
194
72
164
66
261
165
82
117
89
141
153
140
279
108
86
1
113
0
137
10
98
7
115
16
130
121
136
99
157
0
16
153
152
118
148
24
135
0
104
160
118
116
153
174
120
0
74
0
75
72
0
79
28
83
78
41
79
41
29
40
38
85
81
64
15
66
32
84
38
92
35
83
42
108
40
66
57
109
41
54
112
108
104
102
71
67
30
77
90
124
110
120
115
121
39
29
0
28
26
29
120
138
50
157
27
117
26
32
56
35
153
153
121
23
93
28
138
49
161
59
166
39
142
81
119
117
145
36
24
158
138
143
144
57
144
59
127
79
111
141
137
131
140
34
50
55
94
94
0
8
97
11
9
27
77
6
70
88
6
11
138
42
4
152
7
5
77
167
7
11
9
9
6
138
126
115
46
4
6
150
146
10
4
108
15
74
109
9
9
113
117
108
3
9
7
2
3
0
166
67
118
164
39
171
50
37
58
50
110
132
160
37
106
41
120
47
172
47
168
49
172
126
111
99
171
49
56
180
173
166
163
53
127
29
170
124
168
182
176
107
183
60
113
46
87
106
0
133
60
134
148
59
151
49
164
57
61
187
155
149
119
83
71
156
59
145
67
153
159
148
203
78
193
216
154
180
211
217
141
139
151
200
63
114
173
203
114
141
145
203
57
198
0
199
72
0
150
80
60
139
87
147
49
76
58
86
151
76
150
41
130
80
156
86
79
85
152
86
75
146
98
77
152
85
78
166
147
86
90
78
114
79
132
77
148
152
85
144
78
84
51
0
58
87
69
87
36
100
142
36
104
56
41
73
36
103
129
49
66
115
45
117
55
134
73
120
66
114
66
102
119
110
51
35
112
116
127
122
42
86
40
83
101
98
113
107
112
115
43
50
0
53
58
0
155
87
102
147
29
119
26
32
32
29
155
148
114
31
143
30
151
31
141
19
149
22
160
165
157
168
158
29
31
137
165
122
135
26
157
22
145
149
146
115
147
136
147
21
117
9
113
113
8
55
69
35
55
19
43
52
53
13
18
84
59
40
16
72
48
74
14
59
46
59
50
82
60
67
77
77
15
38
44
60
62
56
23
80
11
61
47
66
59
65
66
65
33
30
29
44
35
19
94
18
99
75
9
102
22
13
15
18
100
97
73
29
97
25
105
11
96
8
99
12
111
97
86
106
108
32
18
110
102
107
111
23
118
8
109
111
92
108
108
110
102
24
75
0
83
81
0
118
38
124
119
22
195
5
21
20
19
114
113
130
138
102
28
124
157
222
174
123
185
124
98
134
222
131
155
163
211
138
135
232
28
218
16
141
102
141
122
203
214
219
25
76
165
84
78
154
100
22
50
108
54
105
35
53
58
52
44
103
44
71
53
9
113
5
41
17
49
55
119
50
43
52
48
11
31
55
54
53
100
14
49
70
44
52
80
103
53
131
125
59
41
14
46
42
0
