248
130
261
265
159
261
103
165
168
164
269
249
162
156
257
144
258
155
260
154
256
159
262
172
266
266
278
155
122
269
266
273
268
162
282
124
159
280
274
281
282
280
289
152
153
142
146
152
149
177
34
169
174
30
171
116
28
88
116
158
143
48
102
151
91
151
32
144
34
46
108
162
45
57
167
36
118
105
170
44
169
45
132
104
96
67
141
173
175
178
44
179
149
40
26
38
42
0
182
92
194
196
77
187
77
69
83
78
190
208
127
69
52
72
207
68
217
99
209
83
173
99
74
183
72
69
79
194
190
190
192
40
67
76
158
69
104
173
69
73
72
37
53
48
135
127
52
160
70
220
161
58
107
52
88
86
87
230
129
113
3
130
2
152
4
131
6
138
10
133
132
153
116
178
5
14
172
170
128
150
9
131
4
123
169
136
102
128
162
131
2
101
0
92
103
3
81
38
93
90
22
95
30
17
35
16
96
103
74
21
75
23
101
32
106
34
98
35
86
70
81
78
88
33
22
86
88
98
94
17
78
35
82
60
88
87
87
88
90
34
52
0
49
49
31
100
88
54
104
9
87
13
13
32
16
103
94
102
10
73
10
89
28
99
35
102
15
87
74
100
103
101
11
11
91
104
98
104
39
112
32
121
81
116
111
117
107
110
18
71
35
91
96
0
1
59
3
1
5
54
0
51
54
0
2
64
38
0
63
0
1
46
66
0
1
1
0
1
58
49
62
28
0
0
62
61
1
0
68
14
57
74
1
1
69
74
78
0
0
0
0
0
0
87
41
50
82
18
82
36
24
34
30
52
56
87
24
58
26
74
29
89
31
88
34
78
54
47
45
80
30
28
81
70
85
76
28
59
15
72
59
76
78
78
48
83
29
53
30
44
43
0
109
53
102
127
27
130
23
111
25
26
140
140
106
99
84
24
125
22
115
19
115
123
108
169
99
159
169
115
122
180
184
125
114
125
177
22
114
164
169
96
123
122
168
13
154
0
162
90
0
101
78
57
101
29
104
32
28
34
31
96
72
101
24
88
31
115
42
82
36
123
40
79
110
65
75
105
41
32
110
112
86
95
53
102
40
104
90
129
127
85
130
77
50
57
0
59
85
36
107
57
111
120
18
73
18
30
28
33
108
122
87
23
124
26
121
18
125
26
129
25
129
92
119
135
127
28
30
127
133
131
129
36
114
25
129
101
103
135
138
147
144
30
84
0
86
83
0
94
92
56
107
35
67
37
37
34
43
104
108
61
36
114
47
106
40
102
29
107
36
109
94
111
105
107
33
30
90
110
70
83
31
96
29
95
100
102
53
87
97
79
39
65
7
62
56
4
53
35
17
65
47
25
29
33
39
46
42
48
23
31
40
25
39
26
49
38
41
29
43
36
51
45
48
20
30
47
51
48
54
45
40
17
63
48
26
63
59
32
64
24
14
19
23
14
13
70
23
43
38
30
73
31
27
36
34
52
52
34
27
64
30
66
28
60
20
65
30
68
48
40
68
66
20
32
77
71
73
68
31
45
12
42
69
45
54
74
75
63
39
28
0
32
29
0
87
30
88
88
43
114
20
38
34
36
83
92
74
101
40
30
84
107
129
119
85
127
96
46
96
132
101
114
119
140
100
101
143
47
139
18
108
73
106
114
120
142
145
42
39
121
38
44
108
102
13
37
110
72
110
64
80
80
75
26
107
24
79
33
9
111
2
32
11
29
61
103
36
32
28
35
7
28
40
35
37
84
5
33
86
33
35
62
98
39
129
126
76
28
5
28
32
0
