206
102
206
197
148
199
104
163
160
153
202
205
135
158
210
136
206
154
217
159
202
146
199
133
202
195
201
146
126
207
204
201
205
158
205
127
135
216
212
210
211
209
224
157
139
147
131
131
151
135
41
139
139
34
141
89
34
70
93
147
148
64
100
157
63
151
43
167
31
58
105
130
49
62
150
44
87
54
139
50
145
57
88
114
56
45
103
133
143
153
40
143
91
41
33
37
39
0
169
65
175
170
67
173
54
47
54
55
185
173
111
71
50
58
189
64
194
78
200
60
172
100
71
176
70
75
60
175
183
174
180
50
68
65
157
69
119
173
73
76
75
39
56
58
125
132
46
121
71
169
130
61
74
38
86
91
89
171
112
84
2
109
1
116
6
80
4
115
9
113
107
109
96
129
0
5
132
128
109
124
9
102
0
100
116
112
84
112
131
107
0
78
0
68
80
0
65
33
69
71
24
77
38
26
40
15
72
82
70
14
63
21
73
22
75
36
82
44
85
43
66
78
86
39
32
87
83
90
90
32
83
40
78
60
98
94
99
93
89
39
47
0
46
46
37
90
95
51
114
18
77
12
21
35
24
110
121
95
18
78
15
107
49
125
42
121
30
113
52
101
91
114
30
19
122
104
120
122
46
105
33
95
59
100
112
113
99
122
22
59
33
81
80
0
4
62
10
8
14
55
5
45
48
1
8
77
20
3
82
5
4
37
78
2
4
5
5
3
65
54
54
18
1
4
65
66
6
3
50
14
37
57
4
5
51
60
52
4
4
5
2
4
0
78
46
70
88
15
82
12
6
13
11
70
70
84
11
71
11
69
16
84
18
73
15
80
69
67
63
81
15
14
86
77
77
79
17
76
10
79
72
84
77
86
63
84
22
59
13
56
53
0
128
68
120
118
38
132
34
113
46
40
143
124
123
86
83
47
125
37
119
46
128
122
117
145
82
151
167
107
114
164
157
119
113
113
154
44
101
140
156
106
124
126
165
46
145
0
140
86
0
102
62
55
103
54
102
28
42
46
44
110
66
108
30
99
51
107
55
71
58
107
56
64
106
69
66
104
44
45
111
110
74
71
39
78
50
92
82
100
92
78
107
81
41
44
0
47
71
44
73
40
88
122
28
88
22
14
49
12
89
137
83
52
148
16
135
38
143
55
138
59
123
96
87
128
134
55
14
119
128
132
139
50
81
14
112
81
112
138
128
125
128
13
67
0
70
68
0
92
71
44
81
30
65
27
27
30
33
92
88
60
31
82
35
102
37
74
26
87
30
103
82
104
99
97
32
34
82
100
68
88
25
84
31
92
87
81
70
79
76
83
25
57
11
48
48
8
43
47
17
58
31
31
29
30
20
30
53
61
29
26
52
30
50
18
56
33
49
33
57
50
54
56
50
18
32
52
58
64
56
27
56
16
53
39
47
54
47
48
56
28
21
19
26
18
9
70
11
69
50
17
68
31
15
24
22
76
79
55
27
77
24
69
26
72
24
77
21
82
67
58
88
87
26
28
91
86
88
79
26
67
15
64
88
70
64
85
88
69
31
43
0
43
45
0
91
32
86
81
25
122
11
23
24
25
91
76
83
98
73
32
89
105
131
108
83
124
86
61
101
139
95
109
120
142
92
95
137
34
144
22
95
74
102
97
132
147
145
28
46
110
43
46
107
86
12
17
85
77
88
63
67
69
75
18
78
22
78
18
1
83
3
15
4
18
67
84
18
18
16
20
3
9
13
15
16
73
6
14
62
13
14
27
67
16
75
80
56
16
3
8
13
0
