227
140
237
244
158
238
76
171
175
165
228
225
153
165
224
147
218
171
221
166
214
166
238
166
234
235
225
165
147
223
213
235
240
157
228
133
177
233
246
234
243
251
248
153
160
159
172
185
157
117
29
117
128
25
124
72
23
48
65
121
121
47
73
110
62
118
26
117
22
33
71
122
37
51
118
31
68
59
124
35
115
37
73
89
47
38
84
124
129
128
38
131
79
36
24
34
37
0
135
70
155
150
62
166
47
48
49
59
166
132
98
54
41
46
146
61
154
45
161
30
137
80
62
146
70
66
41
155
156
144
151
54
58
69
157
62
130
191
69
71
60
55
49
47
114
114
44
103
34
181
102
46
109
84
115
121
116
203
65
50
0
68
0
89
2
69
2
75
7
74
80
92
56
105
0
9
107
96
70
89
4
72
0
76
93
78
64
75
95
67
0
57
0
58
56
0
81
51
85
81
20
89
37
29
39
12
88
91
81
19
81
18
96
27
102
34
98
35
94
50
80
85
96
40
29
110
103
95
102
37
87
30
98
69
105
108
114
110
102
37
54
0
59
58
27
82
104
40
111
28
67
15
29
28
30
108
116
80
15
68
18
99
33
109
33
106
28
104
51
78
69
102
20
14
103
79
99
99
36
93
37
78
55
72
100
103
80
93
17
44
39
71
63
0
5
56
3
2
18
38
5
31
39
3
5
77
22
3
79
5
5
42
77
4
6
3
3
4
69
64
65
32
5
4
67
78
4
3
71
24
53
71
3
2
66
72
80
4
4
5
2
4
0
69
34
47
74
13
73
22
14
20
21
51
57
70
21
50
22
61
29
76
30
77
25
73
50
48
53
64
20
23
67
71
68
61
23
56
20
63
61
71
68
71
49
68
27
51
18
39
44
0
81
40
76
95
27
91
27
116
27
27
155
94
85
57
47
41
92
34
95
31
95
126
92
163
67
163
171
82
133
159
163
93
94
116
165
32
83
135
168
86
101
105
165
29
164
0
159
58
0
79
62
36
72
32
76
30
32
43
35
92
66
75
19
64
33
83
38
68
35
78
33
66
69
59
71
75
33
29
75
64
72
66
28
65
36
65
62
71
72
67
81
67
32
42
0
46
55
32
98
42
125
139
27
94
11
18
33
19
116
127
101
28
135
22
125
15
132
30
132
31
127
107
118
142
144
31
18
140
133
145
143
31
116
17
131
108
125
136
143
149
142
18
103
0
101
102
0
122
80
92
141
42
95
31
12
15
42
145
125
104
12
126
32
109
12
122
26
119
37
120
121
123
118
116
12
9
127
115
103
127
10
115
10
114
107
127
113
113
121
115
33
91
2
98
94
3
66
39
39
68
35
30
26
28
29
36
49
69
50
27
53
27
38
22
74
24
73
27
47
47
68
50
46
24
24
55
61
59
66
29
47
17
58
46
35
55
54
40
58
19
17
16
33
22
16
66
10
57
31
35
70
28
21
42
41
56
75
39
29
62
29
68
36
55
27
72
33
59
51
42
60
55
33
40
62
73
70
68
41
55
19
54
73
58
60
74
75
67
38
29
0
32
25
0
117
39
121
110
44
148
20
42
44
45
99
83
113
132
75
42
117
131
158
141
105
138
115
78
123
155
110
132
144
165
127
114
173
57
168
31
115
82
106
120
145
167
163
49
39
123
47
38
121
108
12
26
116
90
116
75
82
97
91
14
103
26
83
20
2
102
2
20
7
23
69
127
23
23
20
29
8
22
25
24
26
116
3
30
93
22
29
39
107
24
114
116
89
24
3
18
21
0
