330
88
340
326
134
339
80
138
136
141
336
284
143
135
296
112
292
138
295
132
292
130
238
149
245
235
234
110
103
236
232
239
242
108
217
99
138
221
226
231
216
219
222
110
166
115
156
167
110
93
13
90
97
14
103
81
13
69
76
94
97
34
79
95
72
92
14
96
15
15
84
105
17
33
103
18
86
77
108
20
102
18
76
39
74
19
82
95
97
87
20
100
78
14
11
15
15
0
123
41
126
142
43
137
41
42
39
37
136
132
93
34
31
26
126
36
133
35
133
28
142
96
39
146
34
33
51
155
149
151
155
52
31
39
109
44
109
143
39
43
41
54
33
35
110
102
31
87
32
171
90
30
120
76
93
93
98
178
71
63
2
71
1
79
0
67
2
79
1
59
71
77
63
84
2
0
81
75
69
66
14
79
1
68
92
79
79
81
109
75
1
68
0
61
63
1
84
45
92
94
13
91
16
12
15
12
93
92
82
6
75
15
93
17
88
13
94
14
102
50
78
81
106
14
25
106
107
106
104
6
79
13
83
65
85
85
86
86
84
10
66
0
61
68
12
49
17
28
40
5
50
3
4
12
4
41
38
48
1
31
2
39
13
40
17
37
2
40
30
52
49
38
1
2
37
51
43
42
21
40
17
54
31
52
41
43
51
40
4
31
18
48
48
0
0
4
0
0
1
4
0
3
4
0
0
8
3
0
10
0
0
3
8
0
0
0
0
0
6
6
4
2
0
0
5
5
0
0
2
1
1
2
0
0
2
2
2
0
0
0
0
0
0
18
8
19
21
1
21
3
1
3
3
18
23
25
2
19
2
20
3
21
2
23
2
24
17
21
14
22
1
5
25
24
23
21
5
16
2
22
22
23
19
18
18
22
5
18
1
16
16
0
70
30
39
68
1
67
1
94
1
0
154
83
67
46
68
0
63
0
65
0
67
115
70
161
70
163
160
86
106
167
165
72
66
94
161
3
64
136
161
65
72
71
169
1
167
0
171
72
0
115
103
37
110
5
115
8
3
18
5
119
115
118
0
116
3
114
1
120
1
115
1
119
122
109
113
120
2
2
116
122
124
114
9
121
22
112
126
123
116
118
117
125
8
116
0
110
118
20
62
14
66
81
6
71
15
1
22
1
66
87
63
24
89
0
94
21
96
21
91
25
82
69
67
88
83
15
2
85
83
83
91
16
70
3
80
72
81
87
91
84
86
3
58
0
63
60
0
100
77
83
124
28
96
26
14
13
31
128
143
92
14
144
46
112
12
144
42
113
36
113
111
114
120
119
16
16
125
117
100
136
16
108
16
110
111
163
90
109
157
112
67
101
2
106
102
3
101
16
15
103
98
9
13
15
93
98
14
72
17
71
15
16
16
68
87
12
83
13
19
13
85
20
16
29
12
85
91
93
91
91
14
22
95
87
13
91
95
14
93
10
5
12
13
7
9
55
12
15
6
43
55
13
45
50
50
19
43
9
13
41
9
41
42
16
34
49
39
47
14
18
44
46
11
45
45
52
44
53
47
15
12
14
59
50
16
59
56
17
55
0
0
1
1
0
81
20
74
82
65
100
53
67
64
61
85
37
85
81
28
56
87
107
107
107
91
112
75
27
75
109
74
95
112
107
75
82
113
52
110
20
71
59
75
67
99
107
113
52
14
104
13
10
97
61
1
3
59
54
63
55
62
60
61
2
68
3
63
2
0
71
1
3
1
2
64
93
2
1
2
3
1
2
1
2
2
89
0
4
72
3
3
5
78
3
79
76
80
2
0
3
2
0
