113
62
120
117
57
117
30
57
60
60
117
118
67
62
116
52
112
58
112
60
114
56
129
76
123
127
128
56
44
127
129
127
118
55
118
50
68
124
117
118
126
123
126
56
59
52
70
69
47
107
13
102
107
18
101
88
16
89
93
106
113
30
97
115
96
114
23
118
16
21
99
71
17
32
85
17
72
58
79
16
81
15
73
40
56
16
77
77
80
80
15
80
70
16
17
16
16
0
72
33
84
86
22
92
42
46
43
44
90
92
46
20
15
20
98
18
104
63
104
54
96
35
20
98
21
23
64
101
96
100
112
38
21
24
55
21
66
86
20
19
20
36
20
17
36
40
17
84
22
120
91
12
83
17
30
26
30
115
87
76
2
83
2
84
1
82
1
86
1
67
85
84
76
94
1
0
97
93
87
81
2
87
0
85
96
94
80
70
101
92
1
87
0
88
85
2
47
15
49
47
4
46
17
7
18
1
49
39
52
1
39
2
45
1
42
16
44
17
42
39
50
55
44
16
2
49
48
42
49
2
59
15
50
45
50
49
53
53
56
16
43
0
46
44
15
40
21
35
51
1
36
3
4
9
4
51
41
41
3
40
4
41
5
44
9
47
4
42
40
36
36
38
1
1
39
44
41
43
12
43
11
39
39
42
41
44
38
43
1
34
12
36
34
0
1
9
1
0
1
5
1
6
6
0
1
17
5
0
15
1
0
7
19
1
1
0
1
1
24
11
18
12
1
0
21
24
1
0
28
8
14
25
0
0
21
21
22
1
1
1
0
1
0
39
20
26
37
10
40
9
6
10
10
26
26
37
8
23
8
29
13
42
11
45
11
43
31
22
26
34
9
9
41
43
42
45
7
24
6
42
33
34
43
42
22
45
10
26
8
22
23
0
79
30
79
80
40
81
35
36
44
40
66
39
77
21
40
44
81
36
81
41
82
46
82
66
35
61
65
34
43
67
69
78
69
35
63
36
54
50
61
57
68
68
61
31
64
0
60
35
0
68
46
20
66
19
62
7
19
8
25
61
40
56
7
59
21
62
21
42
22
66
26
39
70
44
41
71
34
27
71
69
44
46
30
45
8
50
45
64
69
44
62
45
31
37
0
37
44
8
63
30
69
79
13
45
9
11
17
11
71
89
45
13
88
11
92
5
82
14
81
13
85
60
78
100
96
24
12
93
89
96
92
24
72
10
84
68
78
92
87
92
88
6
63
0
64
61
0
29
24
23
41
17
26
17
11
12
15
38
42
27
12
40
18
32
15
40
9
39
11
39
36
39
37
37
14
11
40
32
26
38
10
33
9
26
27
40
26
34
39
25
19
20
2
23
22
3
41
15
8
38
39
8
7
7
33
34
13
30
13
25
13
6
10
19
33
7
32
9
7
8
50
9
8
13
4
43
53
54
47
38
10
11
40
37
6
42
36
3
37
3
7
5
4
7
3
51
6
35
21
31
50
7
25
30
30
36
48
23
7
53
9
57
24
34
21
51
21
42
37
33
42
43
13
18
44
48
44
44
17
29
14
29
44
37
29
41
46
36
16
25
0
19
23
0
64
26
64
62
21
79
14
23
20
20
65
53
70
48
59
25
63
50
80
49
67
46
71
47
71
82
71
53
48
83
71
69
83
33
75
12
85
67
84
87
70
82
83
35
38
42
41
39
44
63
5
12
66
53
61
53
55
53
53
10
61
15
46
18
6
54
3
14
4
18
46
65
14
10
15
16
8
12
16
16
14
59
4
15
55
10
13
20
60
16
69
61
53
10
2
10
11
0
