203
115
203
199
128
208
56
126
134
131
203
194
110
136
193
120
189
133
188
133
184
130
185
120
182
191
179
114
116
184
168
181
174
120
171
104
125
162
172
174
164
173
167
123
125
117
132
116
122
88
16
88
93
22
85
69
14
62
71
94
90
27
76
92
61
90
20
94
19
20
76
100
22
32
100
21
88
83
99
22
107
18
87
46
79
15
109
113
109
113
16
109
93
20
16
17
18
0
115
29
126
119
30
119
48
51
43
49
132
120
83
28
25
24
128
27
120
49
130
45
123
90
31
122
33
32
42
126
125
131
132
47
30
40
120
37
100
136
37
40
38
45
28
27
90
96
27
98
17
180
107
39
109
65
104
105
112
188
72
57
0
79
0
77
0
80
0
84
0
55
81
81
61
86
0
0
82
84
82
60
1
79
0
81
87
74
82
61
83
77
0
73
0
77
83
0
31
21
36
36
1
32
15
12
18
1
37
35
49
1
36
0
33
1
40
19
34
23
42
37
43
45
37
21
4
41
42
40
42
8
58
20
41
30
42
48
49
43
44
21
31
0
34
34
19
59
32
41
63
7
54
4
7
16
5
59
58
60
3
45
1
57
15
62
20
61
3
71
48
72
64
76
11
7
72
72
70
74
20
69
18
73
54
66
74
69
73
75
16
41
21
59
55
0
3
34
4
2
6
21
3
14
17
2
4
49
8
4
50
4
2
23
49
3
5
4
3
1
44
39
24
21
4
2
39
43
3
4
30
6
18
23
2
3
26
25
28
3
3
4
3
4
0
76
38
63
80
22
82
11
6
13
14
63
68
80
14
67
16
63
21
89
19
89
19
85
68
65
47
78
18
19
78
73
87
78
15
68
8
72
62
79
83
77
53
79
18
61
18
60
57
0
71
30
60
72
26
72
24
100
21
22
146
93
75
47
46
25
75
22
81
31
75
99
78
149
50
147
148
76
106
152
155
92
87
94
144
32
78
126
156
75
96
95
150
26
147
0
143
46
0
89
45
41
77
29
85
14
41
20
38
80
51
69
16
69
32
83
34
51
33
85
37
50
86
51
51
80
35
29
80
77
55
61
28
68
21
61
53
81
86
51
85
57
26
41
0
46
45
23
64
35
77
99
23
73
25
22
41
23
71
102
60
43
103
18
100
34
99
44
98
46
105
67
76
104
109
41
16
113
108
115
110
36
77
22
90
75
84
107
104
103
110
22
57
0
58
55
0
100
74
85
124
29
85
25
6
3
31
126
116
95
6
121
34
99
3
114
29
99
19
103
99
107
99
94
2
6
114
101
107
127
8
106
5
96
107
126
106
107
132
104
29
97
1
97
92
0
60
18
16
57
34
17
19
16
25
34
26
46
21
33
21
14
21
21
45
19
43
13
15
15
41
18
18
18
15
39
47
49
44
37
14
11
52
40
13
39
47
17
49
13
9
9
18
11
11
54
15
50
23
22
55
17
23
28
24
48
56
41
14
61
13
57
16
51
18
51
20
62
44
37
58
55
16
22
62
56
60
57
19
48
13
48
52
47
45
53
61
49
24
29
0
29
29
0
73
28
77
77
21
107
11
22
24
23
73
47
72
108
49
27
75
109
132
114
70
114
71
56
72
139
74
110
118
131
75
69
137
38
140
13
90
76
90
90
131
134
134
33
36
103
37
36
109
60
10
25
65
43
65
39
42
40
43
14
73
23
51
24
8
76
2
24
6
23
49
83
16
18
21
19
7
19
25
21
24
76
8
21
68
20
27
27
82
26
94
88
68
22
5
21
19
0
