153
84
158
159
92
160
49
94
92
96
154
160
89
91
170
82
158
91
157
89
160
84
134
90
145
144
147
72
73
136
147
140
132
91
157
77
97
134
143
154
155
151
144
82
87
81
89
85
76
95
20
101
92
18
95
68
12
55
76
100
101
35
76
110
61
107
13
108
14
35
81
92
27
38
96
29
69
46
97
30
89
34
64
69
59
29
73
97
97
103
30
95
68
21
17
23
21
0
89
33
101
98
25
95
38
36
38
49
101
105
66
33
26
26
106
31
108
47
103
46
99
59
35
99
28
36
51
100
101
97
111
42
33
39
84
36
89
109
36
40
39
40
32
28
65
76
32
87
48
123
88
12
70
24
32
34
33
129
81
70
3
79
1
87
3
65
1
80
3
84
72
77
66
90
3
5
90
88
73
83
5
69
3
72
96
74
67
76
104
75
3
52
0
50
51
1
55
27
69
67
22
63
23
12
21
19
70
44
41
7
37
11
48
15
50
18
50
23
54
32
47
48
46
21
15
53
51
47
55
20
50
20
51
50
57
62
61
52
60
21
31
0
31
30
19
44
45
31
56
10
51
6
8
15
11
57
68
53
12
53
10
68
15
74
22
80
17
70
45
54
54
75
15
13
76
56
65
77
22
75
14
52
34
44
76
75
51
79
22
29
11
41
42
0
5
53
5
5
20
26
2
23
37
3
6
62
19
3
72
2
3
28
69
2
3
1
4
2
46
61
44
18
1
5
64
71
4
3
39
4
23
45
4
4
49
44
42
3
3
3
3
2
0
41
12
29
44
11
41
10
7
10
9
28
32
36
2
34
3
34
4
45
3
34
4
48
33
26
35
47
8
14
53
50
51
47
13
34
5
44
41
46
53
48
27
50
15
28
11
24
23
0
88
37
79
94
34
93
39
59
33
34
83
65
85
40
48
34
87
35
89
32
80
61
83
90
48
67
83
46
62
84
79
81
74
61
82
33
59
76
91
65
74
79
73
26
87
0
75
52
0
60
39
33
62
32
58
16
21
17
25
67
38
59
12
56
24
63
26
33
24
68
27
40
62
43
38
70
20
24
60
56
44
44
20
44
16
58
40
61
48
36
53
42
22
30
0
29
41
19
70
28
79
85
23
59
7
16
23
12
84
98
68
19
89
12
84
11
93
22
94
18
96
68
87
97
102
20
16
103
98
104
104
24
80
13
100
74
81
96
100
100
99
14
55
0
57
62
0
53
36
32
51
23
34
24
25
22
21
51
52
32
24
49
22
49
21
43
19
47
16
51
48
46
51
49
10
17
54
44
40
50
13
50
9
45
40
53
37
34
56
40
21
28
4
26
30
5
43
24
27
51
18
21
17
23
15
17
33
43
22
16
29
17
26
18
43
25
41
20
28
23
31
25
25
12
13
28
37
35
33
24
21
13
38
33
24
42
38
20
38
13
15
11
15
15
8
33
8
30
17
20
42
14
11
22
16
34
39
27
14
40
14
39
18
39
9
37
19
33
36
30
43
47
13
15
44
43
38
40
16
42
11
38
47
37
37
54
50
44
17
24
0
30
29
0
61
18
62
60
21
97
8
20
20
20
62
62
57
54
41
24
58
61
86
73
68
73
63
40
73
87
75
58
60
96
79
80
100
33
101
15
79
59
73
80
92
92
106
29
31
63
33
34
56
66
6
15
67
53
70
54
56
57
56
8
74
18
66
13
5
73
2
12
3
14
57
71
12
11
14
14
2
5
15
12
10
69
4
15
68
15
14
18
66
17
80
74
58
11
1
9
11
0
