270
142
281
276
110
273
78
129
130
134
269
301
190
120
295
111
294
134
289
121
292
123
309
169
315
311
301
134
106
315
297
308
305
133
347
87
166
337
333
338
335
340
334
138
186
113
179
185
124
187
39
199
186
39
190
147
32
124
151
185
176
62
137
180
111
178
37
185
37
48
138
136
41
70
158
35
108
94
155
41
153
44
94
76
93
42
128
139
146
140
41
144
105
39
30
34
44
0
178
75
205
195
60
204
105
86
105
104
205
231
106
60
45
61
240
65
245
137
253
126
218
91
56
229
54
57
132
228
225
230
236
32
59
59
126
64
116
150
59
69
63
35
47
50
112
110
49
136
49
202
131
17
116
40
50
58
59
208
129
106
1
130
0
142
2
105
5
135
7
104
121
149
104
160
1
9
149
143
128
125
4
131
0
114
137
130
110
119
144
121
0
101
0
102
101
0
92
41
101
106
14
108
31
30
48
9
93
100
117
10
84
14
105
18
110
34
101
43
121
67
110
113
130
42
27
131
124
134
128
28
118
42
120
91
123
123
126
129
121
41
71
0
73
74
39
121
93
82
135
15
126
14
13
34
14
138
130
130
9
106
15
126
33
134
42
129
14
135
82
132
124
135
21
17
142
130
147
140
39
134
41
130
106
127
141
144
135
136
18
93
37
126
122
0
4
51
6
4
8
36
2
36
36
0
5
72
29
2
76
2
5
46
76
1
4
5
5
5
80
58
67
32
2
4
83
80
5
4
75
15
51
69
4
5
70
70
71
3
2
1
2
3
0
128
53
99
138
43
137
39
27
38
36
90
106
121
19
97
27
95
33
129
33
120
31
107
100
91
79
124
37
32
123
118
124
125
42
102
18
142
112
148
142
143
93
138
41
95
41
80
84
0
201
92
177
215
54
221
43
86
47
49
205
184
195
79
149
52
219
43
210
48
214
91
193
203
144
206
217
72
94
221
217
193
187
78
209
43
202
201
219
175
211
212
225
33
205
0
205
159
0
131
111
89
124
36
141
33
25
37
37
137
127
163
30
135
59
174
62
116
57
175
66
128
189
115
112
183
67
69
195
190
129
137
82
158
44
155
116
206
193
120
202
133
71
101
0
100
125
41
135
76
150
174
22
134
45
44
59
35
150
188
112
73
175
42
181
61
189
75
189
75
227
128
150
225
216
100
42
231
231
229
231
111
155
37
174
152
197
241
237
237
245
43
108
0
106
107
0
61
126
35
148
97
50
86
23
21
93
141
122
66
24
116
80
58
20
119
72
71
76
72
73
74
79
76
28
30
100
73
56
106
29
75
25
69
69
122
51
65
120
69
71
49
4
51
48
1
116
33
25
118
93
30
30
29
77
90
50
92
38
76
48
31
46
59
98
34
98
29
40
39
103
40
36
26
27
90
101
99
95
73
35
20
102
94
31
95
91
29
97
21
18
16
25
17
16
111
28
85
52
55
111
26
43
64
60
81
100
55
22
109
17
102
52
75
36
102
49
120
80
55
115
114
24
57
121
114
117
119
55
84
21
65
118
87
80
116
114
85
53
48
0
45
52
0
131
52
144
136
65
133
52
59
58
64
135
94
142
90
67
58
133
84
141
113
140
103
166
54
178
149
187
91
110
137
180
168
147
105
142
33
170
143
176
180
119
158
152
110
66
88
61
73
84
141
18
48
150
104
147
86
104
94
98
30
114
38
82
51
13
112
9
46
12
53
63
111
45
47
41
48
14
23
48
47
50
99
12
51
88
43
52
71
101
47
116
122
72
40
10
35
33
0
