220
125
253
247
150
242
106
175
171
170
237
268
132
179
251
134
261
163
265
173
253
164
228
134
235
223
233
148
124
229
231
228
224
141
229
125
141
222
227
230
233
227
234
154
128
146
137
141
139
142
30
137
154
20
143
113
19
96
117
155
132
41
111
134
93
134
26
136
22
35
116
135
43
49
149
20
123
102
136
40
145
45
151
102
126
52
154
181
188
190
34
184
143
22
18
26
23
0
206
89
218
208
75
224
92
84
83
89
217
196
130
72
60
65
202
77
218
90
215
71
171
103
77
168
70
75
67
183
176
178
186
45
74
73
145
78
119
161
81
81
81
30
62
57
132
126
58
155
69
224
165
45
115
59
89
92
94
235
131
106
3
146
1
150
6
124
10
143
13
126
126
158
114
168
3
7
157
161
144
141
12
139
1
126
136
147
112
113
140
135
2
98
0
97
98
1
70
31
81
74
11
72
26
19
29
9
73
59
71
6
53
6
60
11
71
26
74
28
73
55
76
77
75
25
12
79
86
79
77
15
79
23
79
63
76
78
73
76
88
32
45
0
42
43
25
106
74
76
108
8
97
4
5
29
6
107
105
103
11
90
8
104
29
113
28
121
8
113
80
105
108
119
13
12
119
106
123
123
36
113
31
117
94
107
116
110
105
113
15
67
30
98
88
0
2
53
2
2
7
38
0
29
28
2
4
68
27
3
72
1
3
31
63
1
2
4
3
3
71
55
71
42
1
1
75
82
3
1
70
19
58
70
3
3
70
76
73
1
3
1
0
2
0
76
28
47
85
20
88
17
14
20
20
52
55
74
20
50
27
62
35
83
29
80
33
83
50
44
55
80
26
30
78
81
81
86
23
51
11
86
64
91
90
87
51
94
26
51
31
45
43
0
110
49
102
101
38
111
33
120
37
37
122
134
95
99
58
37
109
29
104
35
105
113
108
143
57
138
150
114
123
159
148
108
103
126
158
28
79
118
148
95
102
111
141
29
137
0
140
74
0
114
65
52
104
41
107
23
47
32
51
113
59
95
25
80
41
109
43
61
48
107
47
65
91
57
60
83
29
38
95
93
79
78
35
82
34
66
65
90
89
69
87
65
44
49
0
49
62
33
69
46
86
97
16
61
26
34
33
26
85
86
56
32
99
30
93
23
84
32
83
36
96
69
78
100
105
32
33
107
100
108
99
27
81
33
86
76
84
100
102
102
97
28
54
0
54
54
0
112
72
51
85
23
78
16
36
26
25
89
78
73
38
79
16
108
44
81
13
113
16
112
107
116
110
110
35
32
96
120
77
81
35
106
24
87
97
92
73
89
93
98
23
72
10
58
63
8
51
23
17
56
41
23
26
22
38
36
35
45
25
33
34
27
33
27
47
23
46
25
25
27
48
27
28
20
26
40
41
45
49
35
34
15
44
40
29
36
37
18
46
20
13
18
17
10
14
80
25
65
40
24
79
23
19
31
27
69
73
45
22
74
17
66
31
58
17
74
30
78
57
44
72
72
22
30
71
72
80
76
25
50
8
48
80
47
62
78
75
53
30
35
0
38
40
0
91
43
106
107
22
149
13
26
22
25
107
107
93
98
59
30
114
121
156
129
97
135
95
66
106
146
106
122
131
144
92
111
157
20
143
14
108
67
103
105
114
141
135
22
52
112
48
57
118
67
18
33
77
44
71
44
52
53
51
31
72
30
55
34
6
72
5
33
7
26
48
98
31
30
33
35
6
22
29
32
29
77
7
36
77
28
45
60
89
36
101
114
57
20
6
25
24
0
