205
127
221
215
140
223
99
152
160
153
224
221
146
156
224
123
227
166
217
158
223
152
236
122
233
226
227
156
120
219
219
227
216
147
212
114
130
209
204
202
212
210
210
152
116
126
117
121
133
93
30
114
100
29
107
77
22
53
80
106
125
57
92
120
83
128
35
132
27
40
94
149
52
52
149
36
115
89
148
47
155
51
105
89
85
44
97
130
136
131
39
132
103
22
15
24
25
0
146
59
164
176
69
165
43
39
44
44
169
168
107
63
52
60
158
67
169
50
167
41
150
118
77
157
64
72
45
156
158
153
154
33
67
67
139
68
110
151
59
66
63
37
37
40
115
125
38
135
74
164
136
46
81
41
68
84
75
185
108
100
6
118
4
131
8
87
4
118
10
109
101
111
100
124
8
10
135
139
114
122
8
107
5
89
137
107
98
105
135
125
2
71
0
73
79
1
74
22
85
74
35
87
22
18
25
22
83
69
49
15
61
18
71
25
69
24
69
22
81
46
55
57
78
21
27
88
87
79
71
24
55
21
78
64
82
80
83
85
83
21
33
0
31
30
18
70
69
36
78
10
63
6
8
28
11
80
66
76
7
51
5
65
29
74
35
65
10
63
61
74
73
70
11
10
68
74
66
71
35
79
31
72
56
68
77
72
70
69
10
37
34
65
66
0
5
49
5
4
14
40
5
32
38
3
6
62
29
4
60
5
5
38
50
3
5
3
5
3
54
43
58
36
5
5
56
59
7
4
53
19
49
56
5
6
50
51
54
4
4
5
2
3
0
74
26
42
67
25
70
32
28
29
33
43
45
65
21
45
26
54
30
72
30
70
34
69
43
46
52
66
34
28
70
68
70
68
25
50
18
65
58
65
63
62
40
67
23
45
34
43
36
0
83
60
78
89
18
94
15
86
17
22
117
118
86
93
83
18
97
18
94
21
87
111
96
141
77
128
152
113
125
158
137
100
100
118
138
20
87
137
146
94
108
101
147
14
130
0
133
71
0
82
60
41
68
20
80
26
16
40
15
80
61
72
11
66
18
81
22
72
26
84
26
62
83
60
65
81
23
24
78
85
69
73
20
71
36
64
69
87
75
64
76
75
18
51
0
57
64
36
57
33
59
55
8
24
11
33
13
31
62
51
38
16
56
36
60
13
55
14
60
18
57
30
56
51
62
20
32
52
52
51
56
29
60
25
55
54
44
61
71
71
66
28
30
0
32
32
0
108
89
40
90
27
68
20
46
46
27
86
89
64
46
83
23
112
46
85
19
110
24
107
95
110
116
107
43
36
90
108
69
93
42
94
37
88
91
86
74
77
78
68
16
43
15
50
50
11
46
22
11
40
32
19
25
23
28
34
29
36
15
20
27
21
32
20
43
23
38
20
33
25
45
34
28
9
21
31
35
44
43
31
32
11
40
26
23
35
48
29
34
20
12
18
18
11
15
52
21
33
26
18
46
19
16
25
21
41
55
39
13
49
13
48
26
29
16
48
25
57
36
33
60
67
12
31
54
57
63
61
29
38
7
35
60
39
37
59
56
41
25
25
0
23
29
0
79
31
77
75
26
114
15
30
28
26
79
83
83
84
41
31
78
101
126
117
76
110
66
36
65
116
67
104
104
120
77
65
111
24
112
5
73
54
78
67
99
122
122
21
39
106
39
37
102
56
13
35
55
33
62
30
29
35
37
21
52
24
33
42
15
60
4
36
16
35
20
68
31
37
32
37
11
12
30
32
41
52
10
37
42
35
30
51
56
37
76
73
30
31
10
25
26
0
