229
121
227
229
152
231
90
159
163
167
244
216
135
154
225
133
229
155
226
155
231
158
219
134
224
219
224
146
116
218
223
225
215
135
228
138
139
236
214
226
230
219
235
144
125
133
127
137
141
149
25
142
145
20
141
125
14
118
131
148
151
51
146
176
147
168
26
166
17
34
149
159
31
47
162
19
149
123
162
28
171
32
151
77
135
33
158
169
170
171
23
178
154
24
17
22
25
0
164
77
178
201
70
190
71
62
61
76
195
208
123
57
51
55
221
63
228
99
222
84
188
88
63
209
62
62
104
198
213
203
190
84
56
63
147
64
108
181
62
62
68
57
47
48
126
123
44
182
85
262
186
60
127
65
106
108
115
278
150
113
3
167
1
187
7
120
7
152
8
138
149
157
125
160
2
2
170
175
152
148
3
149
0
140
171
153
130
136
178
147
1
121
0
106
126
0
48
12
48
53
8
54
16
7
17
4
52
49
56
6
44
6
48
7
49
19
51
17
44
42
53
63
51
20
7
46
52
51
50
4
60
16
47
54
56
58
57
56
61
13
39
0
44
40
21
81
35
54
74
0
80
0
0
25
0
72
83
81
1
65
1
82
26
74
30
77
1
77
75
94
82
84
1
1
87
91
83
78
30
83
28
86
69
88
84
84
92
90
2
62
22
87
85
0
1
26
2
2
2
21
1
17
21
0
2
19
14
0
28
1
1
18
25
1
2
1
2
1
36
19
35
21
0
1
35
39
2
0
36
11
31
33
2
0
26
35
35
1
1
0
1
0
0
45
27
39
55
17
55
16
11
15
16
40
39
64
13
40
19
52
26
66
22
66
25
64
44
42
43
65
24
27
63
64
66
65
27
46
12
65
48
74
70
70
37
68
25
42
22
32
29
0
99
44
106
108
37
103
36
133
40
41
120
95
108
77
55
53
106
35
122
50
123
134
105
140
57
138
146
110
140
154
153
102
106
124
134
23
76
131
145
77
88
81
145
19
141
0
134
57
0
77
48
41
72
23
81
15
22
24
21
84
64
84
11
77
28
91
29
67
29
91
28
67
89
59
62
95
36
35
88
88
64
63
36
67
31
65
64
87
90
59
99
69
32
56
0
50
67
32
78
40
87
98
11
65
12
23
22
21
91
110
67
24
106
21
111
17
107
27
105
25
95
64
100
98
101
16
17
97
102
99
96
17
85
21
97
78
70
88
95
87
90
22
77
0
68
69
0
130
51
84
96
7
81
5
42
35
6
93
103
87
34
99
8
128
34
97
5
137
9
141
135
135
129
130
30
31
101
119
83
103
36
120
26
110
115
102
90
108
92
102
13
78
9
78
75
9
40
19
7
41
29
8
21
21
26
29
20
26
10
28
20
19
24
22
31
23
31
22
21
19
30
20
18
10
18
26
44
32
28
33
18
8
39
38
12
34
36
16
43
12
9
14
5
7
12
58
11
36
20
24
57
15
23
26
27
36
59
16
12
47
12
55
27
31
19
59
25
59
39
29
53
49
12
28
47
49
50
44
36
33
15
34
60
45
42
59
61
36
38
24
0
24
22
0
97
52
106
98
19
144
5
21
21
21
99
98
104
108
69
28
109
124
157
134
102
132
113
69
114
160
113
130
131
165
115
119
182
37
173
17
114
80
117
118
153
159
164
36
61
120
68
57
114
91
13
23
89
67
97
48
72
72
71
18
88
23
65
26
8
93
4
22
8
26
50
98
22
22
24
24
6
18
30
25
26
87
5
27
94
24
25
50
96
29
103
107
80
15
5
17
15
0
