544
246
583
568
376
578
228
396
391
399
591
527
255
380
525
281
534
367
537
357
527
354
495
271
529
539
513
340
258
490
528
514
525
348
490
268
296
509
501
504
530
507
518
361
248
303
260
272
290
323
66
326
310
72
326
235
46
168
255
318
294
105
241
307
186
325
82
330
54
115
274
310
112
98
337
77
245
193
337
119
318
124
237
237
163
113
216
327
318
310
82
311
234
45
40
47
51
0
347
181
389
384
169
390
107
101
111
116
383
391
265
158
131
136
385
158
431
154
408
116
363
236
149
394
152
155
109
398
364
379
394
93
144
154
356
169
288
385
151
167
174
73
100
96
297
295
102
315
155
409
312
97
180
88
157
172
155
438
262
235
9
297
7
342
22
205
17
300
33
273
253
270
225
301
5
17
308
303
257
289
8
262
7
240
279
282
216
256
295
269
4
186
0
167
213
4
127
63
150
142
52
139
46
30
47
43
147
145
111
37
111
56
166
61
145
48
157
45
142
85
106
110
150
46
61
149
138
153
147
61
115
42
126
126
156
148
169
162
158
46
64
0
58
58
38
146
136
91
162
16
114
16
19
71
19
152
152
151
17
110
18
144
69
162
74
159
21
152
97
141
140
161
17
15
158
155
164
159
80
166
64
159
99
147
156
164
155
157
21
74
65
114
121
0
12
107
14
15
29
79
9
72
78
9
15
150
52
10
175
11
12
92
174
13
9
10
15
13
107
96
104
39
11
9
121
127
17
9
141
25
79
146
16
13
145
141
136
14
8
7
4
11
0
137
64
87
144
38
154
44
36
46
50
87
95
133
36
88
52
113
62
137
63
138
54
125
88
78
77
132
51
42
137
137
131
149
41
97
27
140
103
121
124
129
84
132
42
87
51
64
72
0
172
111
177
184
49
185
39
251
45
45
268
241
186
208
136
46
184
32
185
55
180
267
170
290
132
287
328
268
278
316
307
166
177
251
309
56
190
286
322
167
201
201
310
39
297
0
295
124
0
155
119
77
164
45
167
47
46
68
53
173
124
168
31
150
64
169
58
119
66
162
66
119
164
117
123
158
61
59
173
157
122
132
59
127
67
134
125
168
149
114
154
133
48
80
0
77
122
67
160
87
183
175
31
120
21
61
41
42
178
181
121
44
184
50
199
25
197
44
190
42
200
133
176
204
205
52
52
197
189
205
202
46
166
59
168
162
149
200
208
198
210
59
124
0
130
126
0
241
114
107
155
22
156
12
85
81
20
159
155
121
87
144
23
220
85
152
9
236
21
248
231
254
245
244
97
82
151
239
126
169
86
206
70
190
189
167
139
186
161
181
30
127
24
113
121
30
96
55
26
94
49
28
62
57
40
54
71
68
46
46
71
60
68
32
70
64
82
57
70
62
80
69
73
32
46
62
83
79
80
49
67
18
95
69
50
81
74
50
86
38
18
29
35
21
27
91
26
84
65
43
87
36
28
46
44
86
88
59
28
96
33
102
41
78
31
107
42
116
87
73
111
116
37
56
123
120
113
116
50
94
36
86
146
102
103
140
137
95
59
57
0
51
57
0
158
85
174
172
48
234
18
49
49
47
169
157
185
211
130
72
199
233
257
245
185
253
202
126
199
271
185
242
243
270
197
189
270
63
271
31
185
144
194
199
241
279
281
61
81
236
81
82
222
167
36
67
178
126
179
99
118
130
131
52
183
72
120
54
15
178
7
62
26
61
101
193
58
53
65
56
21
55
69
59
63
164
21
64
129
47
66
112
167
64
198
200
112
48
19
47
46
0
