239
146
262
248
194
243
128
206
189
208
247
275
182
198
283
171
275
188
270
195
269
192
295
192
307
291
286
187
174
283
295
297
290
196
295
160
184
282
312
304
311
303
297
205
161
184
173
184
187
180
37
188
194
45
191
154
28
127
150
191
173
62
147
179
117
198
35
188
30
50
146
183
49
59
196
34
161
129
186
54
198
48
161
98
139
49
163
210
193
193
31
201
161
32
30
32
32
0
224
87
236
241
86
242
89
80
89
84
238
242
146
82
61
77
234
84
244
105
246
94
217
129
72
223
78
83
91
228
240
236
230
64
59
60
169
64
138
206
61
64
67
53
55
55
154
142
58
187
97
289
206
83
118
48
100
117
108
290
181
137
4
190
3
213
11
130
4
202
15
170
156
194
151
206
3
15
218
214
185
194
8
173
2
163
224
179
151
180
213
182
3
125
0
131
133
2
70
24
92
91
17
88
26
12
35
8
87
83
87
15
70
15
89
14
93
25
90
33
80
62
82
90
85
34
18
87
82
84
86
21
85
32
89
76
89
90
87
84
80
33
49
0
46
46
30
98
75
62
108
8
103
8
9
37
8
103
109
109
8
89
9
110
32
113
34
112
13
118
98
112
116
119
13
14
121
106
123
127
36
126
35
111
101
113
131
129
122
122
16
76
35
110
105
0
2
65
1
2
8
56
3
51
52
0
3
68
40
1
73
1
2
44
79
1
3
1
4
3
82
65
77
45
0
4
87
95
3
2
93
19
75
96
0
1
94
103
97
3
1
2
1
1
0
98
47
69
117
37
112
52
24
44
43
70
74
108
31
69
31
80
44
114
41
113
46
109
78
73
75
106
45
48
106
101
110
107
38
81
23
105
84
102
113
116
67
113
45
65
44
55
57
0
146
54
142
145
55
154
52
160
58
51
166
149
132
103
85
49
144
33
143
59
144
152
146
194
77
176
202
148
168
203
205
149
139
151
183
42
112
167
196
91
147
139
193
29
186
0
172
83
0
108
68
54
100
42
120
29
45
38
49
121
64
111
35
82
41
113
55
59
56
126
58
61
110
59
66
125
52
46
114
113
72
83
60
77
37
91
79
121
112
82
117
79
44
68
0
58
79
36
95
54
99
88
22
51
16
43
31
46
105
89
46
32
94
49
99
20
103
33
102
26
96
61
97
95
94
30
47
95
91
97
95
42
100
41
92
102
78
101
108
106
107
51
51
0
54
58
0
151
81
88
118
17
82
19
52
38
22
123
117
87
50
111
27
143
46
120
21
144
23
143
139
137
152
139
36
36
112
139
86
111
40
119
25
106
125
113
84
129
114
108
32
79
10
78
85
8
56
37
14
50
29
30
33
32
25
38
36
49
30
28
33
24
37
23
47
31
58
28
41
40
47
41
33
16
22
42
52
51
49
42
25
10
58
57
20
56
65
25
52
17
20
17
20
16
14
82
29
71
49
26
90
25
20
29
32
73
91
46
20
95
23
104
42
63
32
104
38
85
67
42
92
89
20
36
82
91
91
88
35
72
13
66
89
57
78
87
92
92
38
51
0
53
49
0
103
51
113
107
28
192
12
28
25
27
106
110
102
142
79
26
102
157
200
173
99
173
101
58
99
189
103
152
140
189
108
115
186
28
186
11
93
68
108
104
168
197
198
24
59
153
57
68
146
91
20
59
84
46
86
35
44
46
54
33
100
36
53
52
12
107
7
49
19
52
52
111
45
47
50
44
14
15
52
49
53
97
14
51
51
40
50
53
95
53
101
90
54
41
15
42
37
0
