607
241
599
620
337
603
206
359
378
357
614
580
263
344
575
245
563
359
594
329
570
334
546
316
537
543
530
335
264
527
541
548
559
330
514
253
293
566
541
535
546
530
566
319
274
265
279
302
255
318
62
342
348
93
333
263
43
180
251
332
289
128
236
314
189
312
72
318
54
92
244
279
82
109
288
59
243
180
302
85
293
89
261
229
184
103
228
318
325
334
63
325
262
53
36
58
53
0
318
169
365
373
144
379
91
90
74
80
351
351
247
152
122
135
349
137
386
99
375
86
311
219
147
351
154
156
94
361
355
344
360
72
132
144
322
148
253
341
144
144
142
63
93
93
276
271
79
304
134
444
333
108
180
86
158
157
166
435
263
227
4
268
3
308
5
223
4
276
10
280
245
299
246
322
7
6
318
331
270
290
12
252
2
247
292
265
259
234
290
261
3
210
0
194
204
2
130
84
146
151
43
153
52
29
62
34
154
162
134
40
120
42
157
46
153
54
146
59
162
121
129
131
175
67
52
160
157
162
165
68
143
54
175
137
171
175
186
195
180
56
76
0
87
87
59
137
129
64
153
19
125
23
25
60
23
151
137
132
18
101
18
129
54
140
67
147
29
141
92
141
137
148
29
26
143
146
141
144
67
141
60
132
93
137
153
147
144
148
26
73
63
132
127
0
7
70
6
7
15
61
6
58
63
6
5
88
48
3
94
4
8
61
97
6
7
5
5
5
72
69
71
37
5
4
90
85
7
7
110
24
77
107
7
5
103
106
119
6
7
7
0
6
0
109
49
70
114
12
112
33
27
29
28
65
79
105
20
61
30
92
28
99
33
111
24
109
77
80
87
107
24
37
110
118
122
114
29
87
18
108
94
105
111
111
80
106
29
70
20
62
63
0
171
91
173
183
46
180
41
206
45
49
231
207
170
155
137
46
184
46
175
54
175
227
188
268
133
263
282
197
245
292
286
188
196
226
269
52
171
253
288
163
181
184
287
43
263
0
253
127
0
175
124
100
160
75
156
39
65
65
74
167
123
187
40
157
85
189
81
123
74
188
78
130
183
136
124
180
76
68
184
187
135
137
72
178
76
151
141
186
188
138
198
155
71
97
0
106
138
65
170
95
189
244
46
138
31
26
72
17
196
273
174
80
265
28
257
38
277
71
276
75
247
169
194
242
252
63
26
245
240
248
252
69
182
28
212
166
188
236
235
220
222
27
135
0
141
156
0
192
101
102
152
33
133
19
70
54
33
158
147
109
72
144
29
181
75
151
26
200
30
204
181
209
212
215
58
62
156
205
128
155
68
187
48
163
173
143
134
168
145
166
35
107
14
110
106
14
83
56
23
84
52
41
55
63
40
56
65
75
40
54
67
50
72
40
90
55
91
54
66
58
89
65
57
37
48
68
88
86
73
75
58
18
96
80
43
107
107
46
114
28
26
26
41
25
33
131
32
97
64
52
126
52
39
54
64
108
126
81
43
121
42
125
59
96
39
120
54
121
98
91
122
129
42
57
123
137
127
124
65
106
21
95
145
114
107
146
136
107
65
67
0
70
67
0
184
57
164
164
76
233
38
82
85
76
162
145
173
167
97
81
164
189
234
205
177
218
178
93
184
241
180
209
222
242
183
182
259
85
252
30
187
148
190
195
215
257
242
79
72
212
67
74
196
186
27
34
194
154
183
127
156
153
159
15
192
52
160
34
7
204
4
29
7
31
131
184
29
22
31
27
5
33
30
27
26
164
5
25
177
27
31
61
167
20
198
195
148
22
3
25
22
0
