394
192
437
435
241
422
172
250
238
249
432
419
244
238
430
203
418
244
417
225
415
244
436
242
421
423
420
223
195
419
418
412
437
215
426
185
241
457
426
439
437
423
456
222
212
192
203
221
188
251
60
268
279
66
273
219
43
182
212
288
243
107
210
262
186
260
62
266
58
79
219
251
73
104
261
57
206
183
267
69
270
78
170
141
130
70
171
232
225
239
58
236
182
50
43
50
48
0
223
97
226
231
88
238
65
68
70
72
224
217
164
71
58
65
227
76
227
64
239
60
218
172
79
223
78
86
52
231
240
225
242
47
75
90
212
81
195
247
77
83
85
44
73
57
194
187
56
242
110
345
257
78
166
52
115
118
118
348
227
185
3
215
1
264
9
205
12
230
14
220
209
235
203
262
6
14
268
263
220
235
12
217
2
221
247
245
218
213
262
230
1
177
0
157
173
2
144
72
169
161
41
153
47
20
50
32
164
151
147
38
136
33
156
45
159
46
160
48
162
135
129
153
153
46
45
168
158
166
169
51
148
45
165
140
166
169
164
167
171
48
103
0
104
98
47
76
81
53
114
38
76
34
38
26
37
111
123
90
37
104
45
122
30
131
36
128
49
117
105
90
82
129
43
37
119
95
121
125
36
114
35
87
98
87
122
118
86
125
53
44
37
74
75
0
13
108
14
12
25
96
15
90
100
15
14
112
85
16
135
10
13
89
124
8
17
12
12
16
142
115
137
73
13
10
133
141
12
9
164
50
126
151
13
12
140
153
152
13
12
11
4
13
0
157
66
109
167
43
164
62
36
67
66
101
113
161
56
103
47
119
58
180
64
174
61
157
121
109
124
169
57
58
175
166
175
165
48
113
33
143
136
147
153
151
105
156
56
101
56
90
95
0
178
79
178
187
46
182
37
164
42
47
205
178
174
136
145
37
190
38
193
41
174
183
173
226
147
229
247
167
184
241
241
182
182
178
229
37
166
217
239
159
192
186
238
24
223
0
216
114
0
155
104
86
135
33
136
33
26
43
30
137
125
156
34
123
41
175
46
113
50
175
47
135
171
128
112
176
57
54
174
171
129
140
38
163
44
121
134
174
169
134
173
134
28
92
0
94
117
35
112
52
122
157
24
75
39
56
62
48
129
138
78
57
152
60
155
43
144
58
149
57
154
109
119
149
163
56
53
160
156
149
154
51
128
52
127
128
126
155
154
156
153
56
70
0
77
75
0
135
121
63
154
59
112
51
67
57
60
142
132
89
61
136
46
148
62
136
36
153
43
165
137
161
149
133
55
56
124
130
87
122
54
131
46
124
117
142
86
124
145
125
62
88
13
82
77
22
107
51
24
109
91
37
37
34
53
85
54
101
41
81
53
26
48
67
103
19
113
26
51
45
114
59
48
47
30
105
123
130
124
84
54
18
114
91
32
125
124
44
132
14
28
22
35
33
10
118
28
62
49
58
108
32
52
74
75
68
103
43
26
111
23
112
64
59
47
106
70
105
54
40
98
110
31
67
96
95
96
94
54
63
17
56
113
78
66
106
109
74
63
43
0
43
49
0
123
55
134
127
43
163
28
47
51
55
132
136
132
141
83
60
147
157
183
177
146
176
139
90
145
192
137
154
172
203
141
143
207
60
210
21
135
113
150
134
186
204
204
54
70
146
65
72
157
131
28
57
114
73
117
50
76
66
77
49
134
52
80
60
15
137
6
57
16
66
68
141
59
59
64
70
19
32
66
68
65
109
16
72
101
59
70
90
117
65
150
157
79
47
14
57
52
0
