250
142
250
262
163
265
86
162
164
164
258
278
158
158
273
141
261
164
268
162
270
157
252
153
268
262
258
129
142
260
258
267
243
153
250
129
141
251
274
265
259
263
257
152
154
134
150
132
151
146
37
158
159
24
161
126
23
91
125
156
175
65
131
163
114
171
27
170
22
40
140
163
42
64
160
30
133
112
170
37
165
45
96
81
75
35
112
132
149
143
31
131
102
21
18
23
20
0
164
61
193
176
58
185
76
75
73
79
183
176
119
56
57
55
172
55
175
79
185
65
163
110
54
166
54
58
77
162
183
176
188
61
57
66
135
57
130
167
59
54
56
51
41
45
114
124
46
149
52
242
153
83
107
54
118
122
117
249
116
95
3
129
1
138
1
108
1
125
4
109
114
118
104
147
3
4
147
144
118
134
5
127
1
121
139
135
114
118
145
124
1
97
0
87
90
1
81
40
91
92
23
89
18
19
22
19
92
85
71
11
65
20
89
22
85
20
84
26
94
56
76
70
96
22
23
94
100
99
90
28
73
20
84
75
102
108
98
100
101
21
52
0
61
55
22
92
110
53
130
17
88
15
21
22
21
125
120
100
6
82
6
107
29
110
32
116
12
102
62
97
89
102
15
7
103
101
103
104
34
102
30
98
64
91
104
91
97
99
13
62
30
96
87
0
0
22
0
0
1
20
0
18
22
0
0
23
8
0
24
0
0
10
29
0
0
0
0
1
35
23
31
7
0
1
34
35
1
0
28
4
24
26
0
1
27
27
31
0
0
0
0
0
0
31
17
33
37
10
35
3
3
3
3
27
35
42
6
32
7
26
9
44
9
42
9
45
36
36
28
47
14
8
45
48
45
45
18
37
4
45
42
50
49
52
33
52
14
29
11
20
26
0
59
44
60
62
12
60
16
135
12
9
133
75
67
83
46
22
63
15
63
24
63
149
61
148
45
145
150
126
144
153
159
64
63
140
156
12
52
140
158
59
65
60
143
10
138
0
143
45
0
64
42
28
63
19
61
14
16
36
18
65
51
53
12
55
17
61
18
55
15
66
14
56
69
48
58
64
21
17
61
70
59
67
19
53
31
54
50
70
68
54
63
56
18
38
0
34
52
24
88
36
93
109
4
90
13
8
18
7
86
108
72
22
110
11
106
13
102
22
109
28
105
75
90
102
111
25
15
99
113
110
112
27
95
9
107
90
99
103
121
119
115
8
86
0
83
84
0
132
48
86
112
10
88
6
28
29
10
107
113
102
31
110
8
141
26
109
5
131
12
141
135
139
131
135
25
28
123
127
95
106
25
129
29
134
121
127
93
112
119
124
24
102
4
90
88
10
47
30
31
53
21
20
24
23
16
23
43
47
27
21
36
27
46
17
53
28
52
23
37
39
54
39
36
15
16
48
56
53
58
34
28
10
68
44
35
58
49
31
59
21
18
14
26
18
11
58
12
34
27
34
65
25
30
39
36
49
55
29
18
61
19
63
40
44
30
64
39
68
49
34
68
64
23
35
60
69
67
72
32
45
13
34
73
57
47
68
69
50
35
23
0
25
26
0
88
38
99
94
40
126
16
34
34
32
101
62
84
105
58
42
99
123
133
135
98
133
112
63
106
148
102
131
129
156
105
107
158
61
162
21
111
92
121
127
132
149
155
53
41
126
40
45
132
83
9
10
88
71
93
79
74
84
73
10
92
16
70
10
2
81
1
10
3
11
72
97
12
7
15
10
4
15
11
19
12
86
3
12
103
12
17
27
110
13
113
108
92
10
2
9
12
0
