264
117
285
276
148
279
89
149
159
147
280
225
133
131
233
100
234
134
236
134
234
134
218
122
223
226
225
138
107
213
229
215
224
135
239
112
121
253
252
246
262
250
259
141
124
112
134
130
122
168
24
178
182
38
171
136
22
109
139
181
146
49
107
151
91
151
38
162
23
40
112
131
35
48
131
27
91
78
139
39
127
36
90
66
80
37
96
118
122
123
23
126
83
24
21
26
26
0
132
70
150
146
54
157
39
46
44
43
151
182
102
46
42
54
179
53
191
89
193
67
179
95
56
180
54
57
98
200
190
202
193
63
47
52
143
57
136
177
58
62
59
58
37
40
112
109
38
139
66
197
139
40
90
34
64
70
67
201
108
94
1
110
0
120
1
101
1
115
1
112
105
131
101
149
0
6
150
146
108
122
10
125
0
99
156
132
104
133
153
117
0
91
0
83
87
0
76
29
71
79
20
78
27
20
35
16
76
69
61
10
57
16
82
20
77
34
75
33
65
45
63
71
71
32
21
72
69
69
67
18
66
26
66
40
71
73
76
78
76
27
38
0
36
37
29
75
85
26
104
19
63
19
21
25
25
93
95
74
11
62
14
84
25
101
25
94
21
78
57
72
69
77
11
8
80
75
75
78
30
101
23
74
55
77
110
105
81
100
22
34
27
57
59
0
1
60
4
3
7
44
2
44
50
1
4
79
18
1
78
2
2
39
79
2
4
2
3
1
72
59
64
26
2
2
79
81
3
1
114
11
74
105
2
2
110
117
106
1
2
2
2
1
0
127
58
95
134
40
138
40
27
41
38
84
106
125
24
91
33
104
45
138
46
140
46
135
93
93
75
151
49
61
146
155
151
150
64
100
31
158
139
165
168
165
90
154
64
93
53
82
77
0
148
84
152
160
50
157
48
96
53
57
160
135
150
80
106
75
167
65
162
70
172
102
176
164
97
151
169
86
111
157
161
181
176
105
163
65
136
154
162
135
167
150
154
55
157
0
145
95
0
116
61
49
107
52
124
19
50
35
49
117
73
112
22
85
55
107
58
72
51
112
60
74
117
52
59
114
50
52
107
121
73
67
47
96
29
83
75
114
111
66
119
72
53
50
0
44
63
26
97
32
110
127
28
89
30
45
51
41
109
117
73
49
112
42
122
36
117
44
120
42
121
80
106
118
116
43
47
109
115
105
112
51
112
40
105
90
99
118
122
115
124
38
50
0
56
64
0
75
78
53
96
47
52
45
28
25
52
93
89
64
35
101
37
76
32
83
37
79
36
84
74
81
84
84
31
26
82
83
62
90
29
81
22
68
69
93
59
64
95
71
40
47
6
50
36
3
59
33
21
62
42
26
26
26
26
33
38
55
33
29
43
29
40
19
56
26
57
25
38
31
60
37
40
8
17
40
65
57
63
27
38
8
50
46
27
56
49
32
56
17
24
12
29
22
10
67
19
63
52
19
74
19
11
24
26
63
74
43
19
77
13
75
26
68
16
84
26
80
69
62
82
92
16
30
80
71
86
91
33
84
12
66
95
72
80
91
92
81
30
53
0
51
52
0
106
43
107
110
35
136
18
32
32
32
111
92
115
78
75
37
109
90
144
108
110
113
115
74
109
153
128
108
108
147
113
111
154
38
146
26
124
87
120
118
136
157
159
38
61
103
59
63
106
105
21
60
108
58
125
44
56
51
52
43
112
58
60
50
10
116
8
44
15
59
49
113
52
43
54
55
13
20
56
59
59
94
13
52
73
49
56
70
97
48
124
127
72
36
12
43
34
0
