150
72
168
152
97
157
68
105
99
102
159
154
87
100
153
79
158
102
148
95
156
103
145
78
149
143
141
90
70
147
139
146
143
98
137
73
81
145
148
147
144
152
153
97
70
86
77
77
77
101
25
105
103
21
99
66
18
38
65
109
81
41
50
97
44
96
24
86
16
33
58
79
39
32
89
26
43
26
82
35
78
38
57
74
39
40
55
88
81
92
31
83
52
21
15
19
20
0
123630
49
104
106
49
109
26
28
31
29
114
111
83
45
40
43
106
50
113
36
115
28
103
64
49
105
54
50
31
96
95
101
107
18
47
53
92
51
57
91
47
51
56
15
33
34
79
84
39
92
45
167
92
26
100
96
124
113
102
156
74
69
1
74
1
106
18
87
27
82
23
99
74
96
61
111
0
26
106
116
70
103
29
64
1
59
79
66
103
85
97
71
2
38
0
37
39
1
116
54
131
125
44
119
21
24
25
31
123
121
89
39
85
29
127
48
122
18
123
31
115
82
70
74
117
36
52
115
120
133
109
47
79
34
108
95
130
112
123
129
119
27
58
0
52
57
33
38
81
24
72
43
39
38
47
20
53
80
66
42
28
58
41
62
22
72
19
69
33
85
51
44
38
88
49
49
83
44
91
83
22
89
22
45
63
45
91
99
49
81
51
23
25
43
44
0
6
71
9
8
16
64
6
56
54
8
10
97
65
10
82
8
13
47
84
8
10
9
10
5
76
76
73
37
8
9
78
82
10
10
84
42
73
96
11
7
74
93
86
8
7
6
3
10
0
59
36
45
73
17
68
31
25
38
30
46
54
55
23
50
29
56
28
53
35
70
25
53
46
49
39
55
24
25
56
53
62
53
30
51
22
53
54
54
67
53
44
54
29
46
23
44
38
0
74
53
82
94
26
93
21
112
15
27
142
122
91
85
83
18
82
17
87
20
84
108
95
146
84
153
134
94
109
152
153
91
103
106
145
27
82
112
149
87
88
88
136
12
127
0
127
53
0
73
69
49
63
24
81
18
21
31
22
75
58
72
15
63
23
67
27
52
26
84
26
64
87
61
60
76
34
29
90
81
61
64
40
70
32
65
65
100
81
65
80
73
26
43
0
36
60
26
100
53
108
86
21
44
14
26
24
25
100
112
83
28
112
30
105
17
117
24
107
23
119
61
88
110
97
28
22
107
86
113
110
26
85
27
108
88
78
113
107
113
97
23
62
0
52
52
0
104
98
54
126
38
79
32
28
18
45
116
95
66
29
116
33
100
26
92
18
95
23
118
110
106
93
105
22
17
114
104
66
96
19
107
16
105
100
96
54
102
119
104
36
62
5
72
65
6
84
33
30
77
49
42
16
16
22
38
55
71
36
34
51
20
44
21
76
20
74
23
41
39
66
44
46
27
17
44
72
61
66
35
44
11
69
44
35
72
79
45
73
9
28
10
36
37
7
59
11
35
28
33
72
27
27
31
32
49
62
39
18
62
17
82
39
43
26
57
30
65
49
48
69
65
27
42
69
67
71
65
40
46
20
38
73
54
44
66
70
47
40
20
0
16
18
0
102
45
94
114
34
135
12
29
25
26
110
93
87
123
60
30
99
122
139
119
109
124
96
66
112
142
114
120
126
128
120
101
148
32
136
23
104
75
105
107
129
156
153
34
41
113
39
47
94
124
8
44
111
96
118
75
88
89
96
13
113
15
67
35
7
131
5
22
15
41
66
104
31
25
35
29
11
35
33
34
36
84
10
34
88
25
26
52
91
36
134
119
85
23
8
18
20
0
