459
196
470
474
233
464
148
268
263
277
472
423
239
240
440
197
439
256
427
263
433
253
414
244
423
435
416
244
191
410
423
412
431
247
424
202
255
439
428
422
447
430
460
243
206
210
212
231
193
262
55
275
273
85
277
226
50
171
231
270
289
133
248
300
221
309
100
306
59
109
254
260
101
114
280
63
226
203
269
101
258
98
185
144
159
79
184
251
243
252
67
265
198
49
46
48
46
0
200
91
237
236
113
245
55
68
58
58
235
240
173
105
98
106
244
111
283
74
268
56
244
170
117
268
121
115
78
285
267
260
269
58
103
118
234
110
191
244
112
110
123
44
82
86
196
208
83
253
119
331
256
81
151
58
106
104
119
363
218
196
2
236
3
249
6
195
5
231
7
214
229
234
215
269
3
5
256
267
241
237
12
237
1
205
253
232
227
221
267
241
1
172
0
149
181
2
130
80
142
148
21
150
47
32
58
17
143
144
146
23
133
23
151
29
161
48
158
59
143
112
134
161
163
55
25
160
161
164
161
25
165
54
145
116
156
148
146
147
145
58
102
0
86
96
46
101
112
59
120
26
101
21
20
41
28
125
128
107
20
86
23
118
49
121
59
125
26
137
72
107
119
139
30
22
133
115
136
143
56
147
50
104
81
104
138
150
106
139
39
48
52
93
91
0
13
141
12
11
27
114
8
104
113
8
16
133
63
9
143
12
9
64
142
11
8
10
8
10
114
113
112
44
9
6
138
129
10
8
113
28
84
119
11
9
121
116
116
11
9
11
4
11
0
120
54
97
120
32
128
32
24
36
34
89
91
134
38
85
41
119
47
127
46
136
50
132
92
91
109
138
46
56
147
142
144
142
47
96
41
137
128
141
129
143
94
144
54
94
48
93
87
0
179
96
179
193
45
190
47
165
52
49
190
179
187
148
135
53
179
48
177
50
178
183
177
218
147
215
231
172
205
232
235
183
197
194
228
67
167
214
228
175
183
192
230
57
222
0
225
118
0
158
109
80
139
56
161
37
53
67
60
151
93
139
41
127
46
144
64
106
67
177
65
110
157
117
97
157
62
60
153
165
118
132
80
141
63
117
115
171
154
97
174
132
57
77
0
68
102
47
138
81
147
173
29
111
36
50
56
39
153
196
106
53
183
52
182
33
178
53
185
45
171
103
141
158
176
41
43
172
181
175
170
49
133
44
145
126
111
168
176
171
179
39
96
0
97
102
0
158
82
73
119
33
108
32
65
61
32
107
111
86
60
106
29
151
63
106
27
160
28
163
145
159
158
164
68
65
102
153
74
105
63
137
47
127
119
97
68
113
94
112
20
69
11
67
70
17
90
51
25
91
54
37
43
43
32
55
53
71
46
55
53
38
57
42
76
44
77
39
47
49
95
47
49
28
29
72
108
97
94
87
45
19
115
84
38
105
136
50
109
31
20
23
29
24
21
116
40
87
59
54
127
35
42
54
49
91
129
48
30
132
31
130
50
104
44
132
59
126
82
56
133
138
24
70
129
126
113
128
62
85
22
65
131
89
79
125
128
93
70
58
0
54
57
0
155
46
145
155
67
198
26
63
69
72
164
153
164
127
87
79
168
155
194
175
166
174
171
70
171
208
168
168
157
212
167
176
223
68
203
36
163
102
168
154
164
223
208
62
73
166
77
74
148
127
27
55
135
86
129
71
98
95
94
45
125
37
97
51
10
148
6
46
17
49
76
146
57
42
55
60
14
32
55
57
58
135
16
57
110
48
54
75
128
63
147
155
88
37
12
47
40
0
