294
136
292
299
157
307
125
176
165
169
297
293
147
168
295
154
299
161
292
164
301
160
321
160
322
323
311
163
131
301
314
320
319
147
256
132
159
255
262
252
264
251
268
153
165
144
160
163
151
104
21
105
104
26
100
87
17
62
75
105
107
30
81
111
69
102
22
112
21
27
79
105
28
41
110
25
93
80
108
32
117
33
84
62
63
34
91
107
116
118
26
117
89
25
26
25
26
0
144
59
152
156
53
151
46
40
43
38
158
157
101
46
39
45
167
43
161
48
165
32
165
121
44
162
43
47
39
171
172
167
165
61
50
51
162
49
134
196
58
56
59
56
40
37
136
135
41
121
63
190
124
50
105
67
106
110
109
211
99
93
0
102
1
128
6
103
7
107
9
107
96
124
85
122
1
9
124
134
98
117
18
113
1
87
143
110
101
128
145
110
1
75
0
66
71
0
83
26
79
84
33
79
18
8
17
33
84
64
45
6
55
18
66
24
57
14
68
15
47
36
50
48
60
21
14
51
56
53
49
21
55
17
51
54
69
68
74
65
73
18
35
0
38
35
15
59
62
34
65
11
58
11
14
19
15
64
57
58
10
49
11
57
29
67
35
64
15
80
51
69
61
85
15
18
75
71
77
73
32
86
28
69
51
61
87
93
74
92
21
29
31
50
55
0
3
46
3
5
8
23
1
26
35
2
5
67
22
1
71
2
1
41
66
1
5
1
2
2
47
52
49
16
3
2
60
68
3
1
65
7
45
63
3
1
71
66
64
2
2
2
1
1
0
115
51
79
124
24
123
31
17
33
34
72
88
97
17
77
14
72
27
104
26
99
22
101
82
70
61
104
27
20
100
103
108
101
8
93
6
97
76
102
95
98
78
99
11
84
29
68
75
0
74
35
73
76
19
77
22
133
17
24
157
112
78
82
58
20
79
18
77
21
72
139
75
173
45
163
176
117
141
169
182
81
80
137
172
23
72
153
175
75
85
87
183
19
161
0
161
49
0
70
55
45
75
34
82
15
34
25
33
86
52
83
28
78
47
89
47
51
46
94
48
60
87
65
51
92
44
49
90
99
56
58
66
73
27
84
58
96
101
52
110
55
58
34
0
37
48
26
61
26
57
98
26
75
47
33
71
30
63
85
34
55
90
28
90
46
89
58
93
58
78
53
56
80
87
53
27
85
78
80
83
37
58
29
47
64
61
71
70
74
76
31
30
0
32
31
0
117
77
102
126
25
90
21
28
20
25
131
122
93
29
119
20
127
23
117
12
129
13
137
121
126
133
125
25
20
126
138
103
124
18
122
19
133
117
115
101
118
122
120
15
100
10
99
99
10
45
32
14
42
23
15
21
26
13
20
31
43
30
17
35
29
33
11
52
31
41
29
34
34
47
37
36
18
24
36
43
44
46
30
30
8
48
35
27
46
46
25
41
16
10
15
17
12
12
56
16
53
37
19
69
16
9
15
23
56
55
49
13
57
13
59
22
46
14
60
23
62
48
48
53
51
13
23
71
67
68
68
34
51
11
49
71
59
45
68
76
58
33
42
0
41
43
0
87
33
87
87
42
123
23
38
40
37
85
63
85
114
44
39
88
139
159
155
91
147
87
47
80
155
91
133
140
147
85
84
157
28
162
18
79
54
75
78
146
157
148
25
38
141
34
34
127
55
17
36
67
30
65
26
34
30
28
23
70
29
29
38
5
64
2
31
6
40
21
55
44
36
37
43
5
9
38
42
36
50
6
38
26
34
41
46
50
39
74
63
22
33
3
31
31
0
