255
144
269
270
179
272
122
187
205
195
264
267
183
197
266
167
278
183
282
194
275
181
263
163
275
279
256
187
165
261
270
262
265
191
242
171
163
251
247
250
249
243
255
187
170
175
163
169
176
137
39
141
142
28
145
91
25
73
98
140
129
42
95
121
68
135
36
137
25
43
87
157
50
54
161
36
120
97
163
44
161
46
146
101
128
62
141
195
187
197
44
198
150
33
21
38
38
0
188
63
196
192
73
196
70
63
62
72
188
191
123
65
53
56
201
63
206
67
203
60
195
119
63
195
66
72
68
197
196
196
203
48
65
66
171
67
140
198
72
68
73
48
60
56
141
136
56
145
89
244
145
48
134
69
114
105
111
241
124
113
3
114
3
152
8
115
7
123
13
140
127
160
99
180
5
10
178
175
114
146
14
122
2
107
165
133
131
128
175
127
1
74
0
81
81
2
79
32
89
83
26
88
34
28
43
17
82
87
71
22
54
26
86
31
85
36
85
38
77
48
59
68
78
31
25
80
86
82
73
24
70
38
77
55
86
79
85
87
86
38
38
0
36
35
35
91
87
39
108
19
97
19
23
30
24
103
109
96
15
77
22
113
36
118
38
110
38
106
66
107
94
103
25
21
98
112
104
99
34
108
40
100
63
99
115
103
108
122
29
54
35
93
92
0
0
62
1
2
17
31
1
24
33
1
2
101
22
0
88
1
1
55
94
0
1
1
1
1
93
67
91
55
1
0
106
110
1
0
72
14
50
78
0
3
76
80
78
0
0
0
0
0
0
156
89
129
180
34
179
40
30
43
41
122
131
153
29
125
35
133
42
163
33
169
45
179
135
125
122
162
38
54
173
182
172
175
52
140
29
178
162
171
189
191
134
198
51
121
36
119
121
0
208
118
211
237
61
222
62
129
58
69
222
217
223
105
180
79
233
75
234
76
237
143
219
238
163
232
253
123
144
246
249
238
236
127
245
105
213
243
263
204
257
247
258
71
246
0
239
154
0
194
99
81
189
122
207
29
114
44
132
215
97
193
61
183
109
198
113
96
121
210
121
102
190
107
100
194
100
109
183
197
102
106
103
140
48
152
110
176
182
97
192
119
90
80
0
79
88
39
109
53
116
181
34
131
79
43
98
47
126
197
95
114
186
48
187
103
185
107
202
113
191
124
128
182
193
97
39
198
190
184
181
104
122
41
154
113
171
188
207
197
200
45
72
0
70
80
0
112
157
71
181
100
78
82
38
31
99
173
157
87
48
153
74
132
39
149
47
121
75
112
101
124
121
115
33
31
153
118
80
158
32
117
21
106
109
131
85
104
141
109
51
81
6
75
74
13
92
40
30
94
62
41
35
33
48
61
52
69
44
42
52
29
56
37
70
36
69
33
40
43
70
49
49
15
26
52
59
67
63
44
37
14
71
50
37
68
68
36
60
20
26
12
32
29
14
122
27
127
117
14
124
35
7
22
18
136
145
108
26
130
25
132
22
129
13
134
18
141
125
114
132
134
21
26
132
138
133
125
43
126
12
121
146
130
130
157
154
121
35
100
0
106
109
0
112
75
135
134
29
167
10
30
32
31
118
101
131
131
103
36
125
130
187
151
122
152
137
97
129
194
130
144
152
185
146
143
192
51
201
26
130
96
145
143
168
195
203
42
91
142
84
79
137
101
18
52
110
68
105
62
60
65
70
28
113
38
77
49
13
118
7
39
16
55
55
101
47
44
51
55
8
19
45
52
55
74
14
52
53
40
46
55
68
48
88
87
51
38
8
33
37
0
