400
181
410
400
239
413
136
241
240
240
400
376
208
244
392
199
382
234
399
233
391
222
377
213
384
398
371
218
190
364
375
379
392
219
368
191
191
379
380
379
386
383
390
214
188
204
203
205
185
211
49
220
218
71
230
175
51
140
168
222
209
81
185
217
170
247
64
233
55
82
190
219
71
87
225
46
177
145
233
66
220
71
171
131
140
79
161
226
220
226
48
218
186
41
36
45
43
0
218
91
223
225
107
241
65
60
57
63
234
213
164
92
79
83
223
101
239
64
225
49
222
156
98
227
96
100
61
247
228
231
243
59
84
94
227
85
183
235
87
88
85
47
75
61
180
172
62
213
108
296
252
58
139
61
107
109
103
306
198
175
5
221
1
219
3
162
5
218
6
198
195
218
187
239
7
4
241
228
204
211
6
210
2
189
237
201
170
189
231
199
1
154
0
154
166
1
123
60
125
131
16
128
41
35
50
14
134
125
125
18
91
20
130
24
131
52
128
49
133
107
133
134
139
49
26
145
136
136
139
23
145
46
132
120
150
129
136
138
144
48
98
0
87
93
38
98
102
41
112
17
91
10
15
41
18
104
94
104
7
85
9
95
46
97
46
99
14
101
69
98
103
101
17
15
99
104
110
112
43
114
45
94
89
95
119
101
92
120
15
45
42
83
76
0
6
98
9
6
21
84
7
72
85
7
10
111
66
4
117
5
8
63
111
6
9
8
11
7
99
92
98
39
8
7
115
117
7
6
105
31
70
100
9
9
109
105
108
8
8
10
6
8
0
17
3
16
17
5
15
7
5
5
8
13
12
18
4
15
4
12
5
17
4
16
2
18
13
14
14
15
6
4
18
18
20
18
6
15
5
17
21
22
20
20
11
20
4
14
9
8
8
0
152
92
150
155
48
153
34
163
45
49
181
168
163
120
126
41
165
40
166
40
159
168
160
199
122
190
201
151
169
190
198
165
167
159
202
42
152
187
204
128
160
164
199
29
190
0
194
98
0
147
106
78
125
36
131
31
32
42
44
134
99
143
29
112
40
134
47
110
47
157
43
111
145
104
104
146
45
38
154
139
119
108
53
126
45
105
102
148
134
108
143
120
36
91
0
90
109
39
130
76
149
185
24
110
26
7
43
5
148
193
114
48
206
9
209
23
203
44
203
45
207
133
156
207
201
41
8
218
202
212
212
54
132
9
174
133
136
199
193
206
196
5
126
0
129
118
0
127
85
67
116
32
82
30
47
52
36
112
116
67
55
113
37
125
47
96
30
127
48
140
125
138
139
142
58
50
112
136
74
108
47
126
49
101
121
99
78
116
117
109
35
71
20
67
74
12
85
40
26
91
67
32
36
30
48
61
47
73
32
62
40
32
44
47
82
36
85
32
44
43
106
38
38
27
38
73
94
82
84
69
50
16
84
70
27
93
91
39
91
23
20
22
27
23
19
92
38
80
53
56
109
35
51
60
59
77
114
49
33
105
31
111
62
87
44
110
59
87
80
44
86
89
38
45
84
100
94
99
30
82
16
65
91
73
80
88
80
82
37
36
0
36
37
0
121
50
113
124
49
184
23
52
55
53
143
132
125
131
68
61
130
148
177
169
139
179
140
70
147
192
141
157
166
201
135
140
200
56
190
28
149
91
153
140
184
207
205
46
62
162
64
66
154
130
8
9
126
123
130
118
132
125
122
4
131
15
127
8
3
132
0
7
2
7
134
132
7
9
8
11
1
11
8
7
11
138
3
6
124
9
6
15
134
6
146
149
123
5
3
3
3
0
