231
137
255
245
191
243
104
188
195
192
258
250
148
179
257
154
252
176
255
189
253
184
256
166
264
254
258
175
133
255
258
253
256
172
269
139
159
255
260
271
264
272
257
170
153
161
167
155
173
153
34
146
154
20
145
122
14
100
110
142
151
54
133
158
112
159
22
154
23
27
128
167
33
40
170
22
144
141
169
29
170
38
163
73
118
28
135
173
177
180
26
171
161
26
18
23
24
0
170
75
179
196
70
192
68
55
67
66
191
201
127
59
56
69
211
66
209
83
206
66
186
114
64
206
63
69
82
191
181
199
208
60
66
69
166
71
113
189
76
78
81
56
56
50
134
144
51
199
74
271
205
83
119
61
125
138
131
288
149
104
3
150
1
187
4
121
5
148
9
139
140
150
127
179
2
7
170
173
138
154
7
134
0
127
173
134
131
139
173
140
0
105
0
101
105
0
69
21
72
63
12
74
18
15
25
9
69
58
64
11
61
8
72
11
76
19
71
19
72
55
70
71
72
20
19
79
72
73
69
11
61
18
64
68
73
76
76
71
76
24
47
0
47
44
17
77
57
53
81
4
77
5
3
26
2
76
74
73
5
63
5
72
27
72
26
73
7
81
64
84
78
84
7
6
84
82
81
82
33
86
29
74
71
82
86
84
76
93
6
59
30
75
69
0
5
40
5
4
8
34
2
39
42
3
3
59
35
2
54
2
1
37
67
2
4
4
5
6
59
44
51
32
2
2
69
63
5
1
72
17
60
85
3
3
82
74
77
3
2
3
2
5
0
70
31
53
83
26
82
25
13
22
28
51
51
71
23
48
21
52
33
72
33
72
32
76
50
44
47
76
38
35
81
81
79
79
36
54
16
80
55
81
84
75
44
85
36
42
31
34
33
0
103
39
103
112
43
114
36
158
47
49
157
128
104
114
53
44
108
37
106
43
109
157
102
187
57
178
189
120
156
194
192
106
111
142
170
35
101
155
180
73
108
112
184
23
158
0
167
61
0
99
60
46
84
34
98
18
32
23
43
89
58
87
16
81
31
85
37
63
27
93
36
65
81
48
58
77
31
26
83
82
64
66
26
74
28
63
65
92
88
61
88
63
25
53
0
48
60
30
92
37
102
81
11
60
8
36
12
38
94
86
50
19
80
39
89
8
90
16
82
19
93
65
92
97
97
19
30
96
102
98
104
25
87
31
91
91
77
106
104
105
104
33
62
0
61
60
0
127
79
90
133
19
101
14
26
28
18
123
123
106
27
125
19
141
23
114
11
132
13
142
129
144
145
141
27
20
121
147
110
114
30
133
26
130
134
118
106
135
129
134
17
106
11
101
92
8
45
24
8
52
36
14
22
23
29
38
28
36
10
30
26
28
28
26
39
24
40
26
30
28
42
28
29
10
23
33
48
42
45
27
21
11
44
32
16
42
37
16
38
16
11
14
11
10
10
44
30
47
41
25
64
17
26
34
28
55
61
30
19
60
20
59
33
55
20
65
37
68
46
29
73
58
16
42
71
65
73
74
35
50
15
38
79
47
60
74
78
57
36
34
0
35
32
0
93
48
102
98
24
166
9
22
25
27
104
100
98
127
67
19
114
133
190
162
110
149
108
79
110
175
109
132
141
181
112
111
180
31
188
20
97
89
105
106
159
183
197
25
77
147
65
71
147
89
21
42
84
54
90
36
60
50
55
40
85
21
53
44
11
84
9
32
13
42
46
103
40
31
39
41
17
23
42
41
39
86
10
46
82
38
40
52
87
39
115
114
66
26
9
28
28
0
