269
122
278
270
177
278
114
183
186
187
275
270
166
192
272
156
275
178
271
182
268
171
262
160
279
262
260
178
158
271
250
262
263
178
262
147
166
252
256
255
255
259
253
180
139
160
141
144
163
156
37
167
158
25
174
147
27
109
143
165
196
62
166
192
158
196
36
196
28
44
164
183
54
55
206
37
177
165
205
40
206
46
168
108
136
48
169
204
196
197
37
205
171
36
34
37
33
0
184
75
202
199
83
204
78
79
79
83
196
198
122
66
66
73
202
75
204
95
206
80
205
117
75
218
87
84
100
224
217
232
220
85
73
79
158
78
158
200
81
89
81
83
64
56
132
128
60
210
80
287
222
80
122
52
107
113
108
276
168
122
4
182
3
191
5
122
2
172
6
133
144
168
134
180
3
5
188
181
164
168
1
170
2
156
179
178
159
142
189
175
2
140
0
133
132
1
79
38
83
75
18
86
34
14
34
12
85
78
86
10
74
12
81
12
78
28
79
31
82
70
70
82
86
30
13
85
80
84
79
14
92
24
75
77
86
78
87
84
85
36
60
0
58
61
28
101
63
58
97
10
86
4
7
38
8
99
102
102
10
90
9
97
37
103
37
102
9
105
95
104
99
111
11
8
112
110
104
101
36
110
32
106
100
97
103
110
107
110
10
58
43
93
93
0
10
75
7
7
15
57
8
59
60
5
9
89
68
8
86
10
10
46
92
7
10
10
11
10
90
84
97
57
6
6
100
103
12
9
105
31
81
104
7
11
99
102
104
9
8
8
4
12
0
59
37
57
69
10
76
16
12
14
13
53
54
76
15
52
20
65
17
80
22
80
17
78
51
52
69
72
17
23
80
74
77
75
19
47
18
79
73
68
81
73
60
79
23
54
11
49
44
0
112
66
121
123
29
118
27
135
33
40
156
132
121
106
100
37
120
34
123
38
126
142
134
179
99
166
182
131
155
193
183
130
127
138
174
44
118
162
181
107
140
132
180
33
165
0
163
76
0
119
69
50
119
54
131
27
38
28
51
132
69
119
39
114
51
123
60
71
62
129
63
82
128
84
84
127
47
45
134
126
78
97
43
105
28
93
84
113
111
75
114
89
34
58
0
53
63
26
106
36
105
137
21
91
28
17
45
14
96
142
92
39
138
20
139
37
140
36
130
33
145
79
100
137
137
42
18
129
137
134
133
45
113
11
128
93
104
137
135
134
140
18
75
0
79
78
0
116
80
73
113
35
88
24
34
32
37
115
108
79
35
113
33
123
36
99
27
118
28
128
111
131
108
123
31
31
109
126
85
108
42
127
29
116
117
120
77
115
118
122
38
81
8
83
75
7
62
27
13
61
46
24
28
32
42
50
27
54
13
40
26
22
30
30
48
25
39
24
24
20
50
22
27
10
18
43
38
36
42
49
21
9
65
57
22
61
65
27
61
20
11
15
13
10
18
92
28
69
54
40
98
23
30
41
40
72
91
51
24
92
21
90
36
74
27
88
33
79
70
57
87
92
24
32
93
92
93
91
30
74
8
62
87
62
80
88
92
73
32
62
0
50
53
0
105
42
96
102
31
131
12
29
32
26
111
118
106
114
70
38
100
131
170
149
105
151
129
65
129
161
129
130
146
166
141
123
171
45
163
19
113
93
121
117
140
168
169
41
49
125
50
49
116
94
11
16
86
78
97
66
78
74
82
13
104
14
76
16
3
105
0
12
4
14
74
98
14
17
10
16
6
19
13
14
19
91
4
21
97
14
14
30
96
20
111
109
84
18
5
17
14
0
