326
185
351
348
254
336
155
259
252
268
339
352
215
256
358
206
344
254
343
244
350
244
319
208
311
327
320
245
213
330
312
325
337
244
311
203
220
335
332
329
333
332
344
240
226
226
229
232
215
172
46
170
176
47
177
107
39
81
110
167
171
89
101
169
85
167
46
178
46
62
111
166
67
94
188
56
117
87
189
65
183
77
131
133
77
73
120
186
200
205
55
195
130
59
44
54
55
0
213
117
248
243
133
259
76
65
64
69
265
255
200
125
118
129
270
128
271
101
278
70
295
187
131
302
123
130
116
309
315
319
318
106
126
145
266
141
201
286
150
151
143
82
112
114
219
214
99
179
98
297
176
113
124
77
157
178
166
315
155
128
3
153
2
198
12
127
18
149
28
163
146
188
109
201
3
25
207
199
146
191
28
143
3
137
187
147
143
147
201
144
2
96
0
78
83
1
168
73
187
182
39
190
49
28
54
37
183
178
135
36
138
36
170
55
172
49
180
48
192
121
132
138
184
54
52
195
184
193
200
58
149
48
189
147
202
207
209
203
206
56
94
0
91
90
47
141
145
67
152
20
135
20
20
62
23
149
138
127
14
106
15
132
77
140
83
145
22
142
101
154
131
145
24
15
143
142
144
140
83
160
75
160
112
152
165
168
149
164
26
56
77
120
128
0
12
109
15
18
28
76
10
78
82
7
16
138
74
7
144
8
10
79
148
11
13
10
15
10
148
123
160
68
8
10
163
161
18
9
175
46
138
163
18
16
175
160
172
8
11
9
5
10
0
176
80
129
189
82
187
92
73
96
101
137
130
182
58
113
82
140
102
175
94
178
106
171
131
112
112
165
106
90
174
165
177
174
55
125
40
147
120
151
159
165
108
150
62
114
102
99
87
0
136
80
126
146
40
144
30
203
42
43
229
195
125
160
94
44
138
33
140
41
149
178
143
231
108
221
252
190
202
229
263
140
147
182
242
36
126
222
245
109
134
137
248
24
231
0
232
95
0
145
102
83
141
46
148
45
37
74
42
140
108
150
31
112
31
144
40
119
44
148
50
132
145
118
116
144
45
39
140
142
135
126
49
156
74
124
125
147
149
121
147
137
43
86
0
99
122
70
159
59
167
113
12
83
14
95
23
94
173
130
81
33
135
104
141
26
132
38
144
35
118
102
172
126
130
26
91
123
130
129
132
28
170
106
114
169
115
129
136
123
133
100
82
0
78
81
0
164
138
103
163
39
133
27
43
38
41
171
184
124
44
175
45
178
50
170
38
179
50
202
193
194
199
191
47
39
159
196
129
175
31
185
28
171
182
180
127
173
182
177
44
122
9
118
114
13
109
58
36
117
71
43
64
63
50
73
79
105
60
68
60
53
74
56
107
66
127
64
69
69
118
71
77
45
54
90
110
108
112
83
72
10
105
74
50
103
92
53
108
41
24
26
40
28
21
96
35
68
50
58
111
37
34
56
58
70
110
50
40
115
40
111
59
81
47
110
55
112
76
44
105
119
33
62
113
105
118
117
70
63
26
59
116
70
76
111
120
72
70
43
0
33
43
0
195
73
197
197
67
213
34
64
62
62
207
169
161
153
98
57
193
191
225
205
179
202
168
88
170
225
179
181
201
232
167
175
246
49
223
27
172
117
177
166
211
229
231
46
86
188
88
85
192
158
47
114
173
71
176
48
69
73
71
86
170
81
77
115
23
182
16
94
34
109
54
190
116
95
108
120
28
61
107
104
102
132
26
112
92
96
104
144
134
112
188
208
67
80
18
75
86
0
