246
127
245
242
147
255
82
147
141
151
250
259
146
154
256
130
247
148
250
147
251
143
243
148
248
244
228
138
116
238
239
237
244
131
212
114
132
212
211
217
201
218
223
135
147
119
154
158
132
86
26
94
97
18
95
73
15
43
73
95
93
46
70
98
57
106
11
96
16
25
69
118
31
47
123
19
96
82
122
37
119
36
107
91
74
47
92
149
140
135
32
155
125
20
13
17
23
0
154
64
162
162
61
175
79
79
78
75
177
157
93
55
46
53
158
55
169
84
187
67
154
89
47
160
48
55
69
160
174
157
154
68
44
47
121
53
109
172
41
46
51
57
36
34
93
97
34
118
44
204
132
39
123
79
111
111
105
206
81
74
2
83
1
104
7
74
8
96
15
79
86
94
68
109
2
7
105
103
91
98
6
87
1
72
96
91
79
73
102
79
0
62
0
58
58
0
76
52
77
88
15
81
17
16
21
10
83
77
66
8
71
12
82
19
79
19
78
22
97
58
72
73
103
20
37
106
103
111
103
37
68
21
84
61
99
98
102
104
97
19
47
0
44
52
18
82
107
52
114
16
79
10
15
27
14
113
119
100
15
80
8
115
26
134
32
126
23
112
68
102
82
113
10
7
104
98
112
105
36
103
30
92
65
87
106
110
88
102
15
52
29
78
75
0
1
29
1
1
7
17
1
13
23
1
1
53
5
1
50
1
1
34
52
1
1
1
1
1
42
41
38
23
1
1
45
50
1
0
45
8
30
42
2
2
41
37
42
1
1
0
0
1
0
36
12
19
35
4
33
11
12
12
13
10
22
31
9
18
12
23
14
32
13
36
7
30
20
20
22
38
7
15
38
36
35
30
11
24
6
29
23
27
33
30
22
28
9
22
11
18
21
0
40
24
37
51
3
41
3
109
3
4
128
75
45
57
44
7
46
7
51
5
47
119
44
149
41
138
144
96
129
146
136
50
48
99
144
5
46
106
143
48
49
54
149
6
135
0
138
43
0
60
42
25
50
14
46
13
15
30
15
45
42
45
5
42
13
48
9
39
10
46
14
41
56
41
40
53
17
17
57
52
45
48
19
46
33
47
48
57
51
47
54
48
19
32
0
33
43
22
78
23
81
100
8
86
13
13
14
11
93
99
81
13
104
8
92
6
104
17
104
15
105
88
99
112
102
19
10
107
114
102
105
14
96
12
101
102
101
115
118
119
115
8
83
0
86
84
0
106
61
79
108
22
80
18
21
22
19
111
100
94
23
101
8
120
22
109
8
113
13
115
113
125
114
121
21
23
98
118
92
110
22
114
21
108
109
107
93
111
107
111
23
96
1
94
90
5
35
27
12
38
18
31
28
24
10
18
43
48
23
22
43
23
43
14
45
27
44
26
42
39
49
40
39
11
26
39
45
49
49
15
32
6
35
29
29
39
36
34
37
15
14
14
16
12
5
52
6
26
23
33
46
15
24
35
29
32
57
28
15
57
14
54
37
39
28
62
36
61
33
29
61
65
13
34
46
58
53
57
34
29
14
27
63
48
39
52
56
31
33
15
0
16
13
0
66
17
70
71
40
108
31
44
44
44
78
41
86
106
46
50
83
124
115
123
78
127
86
41
81
111
78
114
119
125
81
89
126
50
126
25
87
65
94
90
118
121
127
50
18
113
19
18
108
90
6
12
95
86
95
90
83
83
90
8
84
21
77
11
5
92
0
12
4
10
74
101
11
12
11
9
6
12
13
11
13
91
3
10
90
11
10
28
93
9
94
95
81
10
4
11
9
0
