224
100
253
241
125
241
92
129
136
133
238
214
134
124
229
110
221
124
221
128
223
115
230
125
234
233
239
120
88
238
238
231
244
120
227
97
131
235
216
230
226
226
234
114
122
109
123
128
107
138
28
135
137
24
142
121
14
98
126
145
131
42
104
128
91
126
21
131
19
33
110
122
30
56
131
22
111
97
134
30
136
37
106
90
93
29
107
144
137
141
25
142
108
20
15
22
18
0
146
62
159
167
53
164
72
63
68
64
167
153
95
49
39
42
142
45
150
54
145
50
125
80
46
130
47
48
35
138
135
134
144
25
50
47
119
51
108
136
48
47
59
29
35
37
104
106
32
131
74
179
142
34
82
17
45
43
47
182
136
112
3
142
1
153
7
99
8
137
11
127
112
128
105
150
2
9
147
142
126
134
11
139
2
127
157
137
122
124
157
133
1
100
0
102
102
0
69
39
80
71
16
72
20
13
23
12
73
76
65
12
63
14
74
17
83
23
82
21
74
58
57
57
82
24
19
73
80
71
78
19
70
20
76
69
81
83
83
87
90
21
46
0
42
43
23
57
85
44
97
20
64
22
20
23
21
101
87
68
16
68
15
82
24
98
26
89
24
96
68
76
71
94
24
24
103
75
107
97
24
94
25
77
60
75
99
91
74
95
23
45
20
66
69
0
4
50
3
5
12
41
4
38
39
4
6
69
36
5
72
4
4
41
65
3
5
3
4
6
62
45
60
27
4
5
65
76
6
3
60
5
37
66
4
4
64
63
69
4
4
5
1
2
0
87
36
59
83
26
89
35
17
38
38
54
61
73
24
53
34
58
38
88
33
92
39
97
54
51
45
88
40
48
96
96
95
92
36
57
18
84
69
86
89
94
56
92
35
60
40
49
55
0
103
60
92
108
29
99
26
80
24
28
105
97
98
63
64
27
98
22
113
32
111
91
118
119
84
107
127
83
90
127
121
117
121
93
136
26
106
115
132
101
113
113
127
25
125
0
112
75
0
88
58
47
92
37
94
20
29
35
37
96
62
81
20
68
37
92
37
60
34
93
34
58
89
54
63
93
46
41
94
94
67
67
31
77
34
78
64
86
93
53
86
67
34
41
0
48
51
32
63
25
71
75
11
47
21
34
26
35
67
74
51
25
82
32
82
18
79
28
79
23
71
54
67
73
70
30
26
73
67
70
67
29
57
27
53
53
54
65
74
75
67
34
31
0
29
34
0
67
64
28
63
25
50
19
31
32
26
68
53
37
39
61
21
70
38
62
15
80
23
82
77
82
74
83
36
36
66
72
44
55
30
67
26
60
52
60
31
52
58
53
25
35
4
31
27
7
53
38
22
61
35
26
26
28
26
31
43
51
26
25
30
19
36
23
52
21
55
24
35
25
52
33
30
13
19
33
49
40
49
24
28
6
48
36
21
50
44
25
45
10
15
11
22
15
11
65
26
56
35
23
72
21
17
25
33
48
72
43
20
67
12
71
32
51
25
68
31
81
49
35
63
73
18
37
71
74
77
70
34
48
9
40
63
41
53
71
67
52
38
33
0
27
30
0
81
33
93
83
32
103
15
30
36
33
78
76
83
75
46
37
83
80
108
90
73
92
72
36
78
112
69
82
75
113
76
78
109
29
108
17
80
48
79
79
94
106
106
27
42
84
32
32
74
64
19
44
84
26
72
18
32
29
30
27
76
27
40
40
7
89
4
36
8
38
32
82
42
34
44
36
8
19
35
37
39
65
6
47
68
38
43
64
80
40
98
102
48
28
4
34
28
0
