226
123
236
230
144
232
107
160
148
152
220
219
120
157
241
120
218
152
216
158
229
155
202
128
198
210
209
140
134
206
198
199
205
142
216
120
128
209
212
209
205
210
214
149
147
131
143
145
133
122
34
125
113
29
124
95
26
76
99
122
114
37
84
114
73
124
26
123
30
30
87
120
31
48
125
27
85
77
120
39
129
39
96
95
62
38
83
128
134
122
30
130
89
32
25
31
28
0
140
67
154
146
75
150
56
49
53
64
162
141
91
59
57
61
149
63
133
48
141
33
123
97
59
136
62
65
29
131
142
142
140
32
62
63
130
69
110
142
59
62
67
27
53
51
115
120
53
123
40
188
126
51
87
59
101
98
99
210
84
69
1
88
2
107
4
76
2
91
2
79
86
91
73
101
1
0
103
101
89
94
0
87
0
83
98
91
70
79
101
81
1
72
0
61
64
0
51
36
61
62
5
60
30
26
37
4
58
69
76
10
55
11
68
18
69
35
66
41
79
60
68
69
67
39
18
73
73
78
71
26
78
33
70
51
95
88
86
92
96
35
48
0
40
46
30
89
98
50
98
22
74
18
27
29
26
99
92
89
19
57
12
97
36
100
35
101
21
104
53
85
82
108
24
12
109
89
101
110
43
80
35
88
62
84
84
88
95
91
11
56
38
82
73
0
2
40
8
6
11
31
2
23
32
2
10
60
17
1
58
2
2
26
57
2
3
3
5
5
74
39
72
48
3
3
80
86
4
3
60
19
47
64
3
4
66
64
57
2
1
3
0
1
0
55
29
36
50
15
54
15
12
19
16
43
42
53
13
41
20
49
24
59
22
54
19
62
39
40
33
65
17
31
68
68
65
69
20
44
7
61
51
55
61
61
45
64
19
42
13
33
34
0
84
49
86
85
21
86
17
102
19
17
147
99
90
72
64
19
95
19
78
21
89
115
94
151
72
147
154
101
124
148
153
97
90
99
152
31
76
143
163
90
99
89
150
24
138
0
133
72
0
79
73
43
78
25
85
26
30
42
28
86
70
81
18
69
27
78
30
73
32
85
36
67
79
61
74
81
30
29
90
81
66
78
35
75
41
78
63
86
86
76
92
76
28
55
0
48
67
34
87
55
89
119
25
66
7
12
29
13
100
115
87
27
121
15
119
7
121
21
126
24
120
104
100
122
121
34
12
129
129
124
121
38
103
14
129
95
103
126
119
122
126
18
80
0
72
73
0
97
78
60
106
37
65
25
21
16
42
99
89
67
18
96
33
87
20
89
22
94
26
95
88
90
94
95
15
15
94
92
75
93
15
95
17
89
89
109
73
88
98
90
43
71
4
71
70
5
61
31
27
58
31
26
26
29
19
27
45
62
44
34
45
24
49
29
57
29
56
27
40
45
63
42
43
31
23
53
74
55
60
31
43
12
64
47
33
56
59
38
67
19
22
15
37
21
11
69
15
53
27
30
67
35
17
31
31
45
46
33
25
53
25
58
23
52
11
54
23
55
44
41
61
60
25
30
61
55
57
51
30
59
14
53
59
56
55
72
72
65
36
31
0
25
27
0
89
40
85
86
34
116
15
38
33
31
86
72
93
114
68
40
96
121
133
131
87
131
86
56
104
133
104
118
128
140
100
103
136
46
133
30
96
70
100
100
124
126
128
46
38
109
33
35
107
86
11
21
90
76
86
57
79
72
79
19
99
25
85
26
6
103
4
21
7
20
75
101
20
16
22
19
3
19
22
24
18
77
5
17
95
16
21
46
98
22
112
106
91
17
2
18
17
0
