169
85
195
184
100
183
62
105
101
98
177
177
91
96
193
85
186
101
191
100
175
90
163
92
173
164
160
93
76
169
152
158
169
90
181
68
74
183
168
177
176
174
188
92
89
78
84
91
74
111
16
115
120
12
125
98
7
77
93
131
99
30
75
100
75
106
10
99
9
22
82
103
19
37
108
19
82
69
104
19
109
22
80
56
58
27
62
96
98
96
15
96
78
11
9
10
8
0
106
39
111
105
30
106
29
30
26
29
106
96
73
24
23
22
100
22
102
32
104
28
87
58
22
89
26
32
22
82
90
94
96
12
22
28
83
25
66
90
27
26
24
9
16
16
73
77
17
111
48
141
109
27
53
23
43
46
43
146
91
71
0
89
0
96
2
77
2
93
3
74
76
86
68
86
0
1
93
93
86
85
2
78
0
78
99
84
75
72
97
89
0
65
0
62
59
0
34
7
30
30
12
25
8
4
10
9
26
28
17
5
25
9
26
17
20
7
21
9
34
19
20
18
33
8
14
31
29
35
34
14
19
10
23
26
30
31
32
32
29
11
13
0
12
13
10
28
36
18
41
6
29
5
7
9
7
35
28
32
2
30
3
28
8
29
14
32
4
36
23
30
29
36
7
4
35
35
37
36
13
36
11
35
28
30
40
43
35
40
8
23
12
32
32
0
0
23
3
3
8
14
2
8
11
0
3
30
6
0
33
1
2
18
34
0
0
2
3
1
31
22
24
11
2
2
36
33
1
1
37
5
23
32
2
1
31
31
37
0
2
1
2
2
0
74
21
40
71
20
68
20
15
22
19
48
48
59
14
40
12
44
22
60
19
57
22
47
41
30
36
56
20
19
57
59
58
65
14
48
6
59
45
54
61
66
40
64
12
35
20
42
41
0
68
38
65
67
18
75
12
55
16
16
82
82
68
53
52
23
77
18
63
23
74
61
72
89
56
91
100
77
77
98
100
77
76
81
95
27
57
90
92
72
72
76
97
24
89
0
89
54
0
73
45
43
78
36
79
9
29
13
29
78
50
74
20
67
29
76
39
40
44
79
40
50
77
49
43
84
40
33
80
79
43
46
31
52
12
61
47
71
68
45
71
46
32
38
0
41
45
14
47
18
58
75
14
59
23
19
31
20
60
56
47
29
61
22
64
25
61
27
57
31
70
44
53
71
61
22
20
65
63
66
73
24
48
17
51
57
56
62
64
70
62
21
31
0
35
28
0
56
29
29
49
20
40
12
28
27
16
44
56
41
25
55
18
64
31
45
16
67
15
63
57
62
65
61
28
25
49
59
36
49
21
51
20
57
48
52
41
41
54
46
21
30
5
34
27
5
39
15
7
40
30
9
14
14
26
30
16
31
9
21
14
13
16
23
27
13
31
12
18
18
28
14
15
12
9
26
33
29
30
21
13
7
35
18
12
29
28
12
25
8
7
1
7
5
6
47
4
43
42
4
47
5
5
6
6
45
44
36
4
49
4
45
6
40
6
40
7
40
45
41
49
43
8
8
48
55
48
47
9
39
3
41
47
40
41
38
40
40
12
32
0
35
29
0
48
20
44
46
17
81
8
19
22
17
45
41
52
76
38
20
48
77
91
82
51
79
52
37
46
83
53
77
85
95
55
49
90
24
85
13
59
43
59
57
85
96
91
21
28
70
24
23
68
47
13
27
56
29
54
27
33
33
30
19
56
39
31
28
3
62
4
26
4
22
26
54
26
24
28
25
3
25
24
27
23
43
3
28
36
28
26
34
53
28
59
61
31
19
4
21
17
0
