257
108
283
261
148
287
81
153
161
148
278
244
139
149
255
132
258
145
255
145
251
134
263
136
257
254
255
146
112
257
249
258
260
132
234
102
145
239
234
241
237
247
237
133
124
112
123
122
116
145
28
138
136
27
152
120
23
86
124
146
144
49
111
148
94
149
31
153
23
34
116
171
26
60
170
28
144
114
178
32
178
30
154
76
126
28
143
185
179
172
22
176
145
27
24
24
22
0
156
62
166
166
59
170
59
60
60
61
177
169
114
59
53
52
169
57
171
78
180
55
167
106
61
174
63
65
58
173
170
167
165
34
56
67
134
68
105
152
60
66
62
30
46
53
114
124
51
160
69
223
171
51
98
33
73
72
83
223
130
105
2
135
2
164
4
115
4
130
4
125
128
152
106
171
3
6
156
159
138
144
3
130
1
116
147
131
125
122
156
134
1
111
0
103
111
1
56
24
64
56
10
61
18
12
24
6
61
67
66
6
45
7
53
8
59
26
59
21
56
39
51
57
64
24
19
64
71
62
61
20
70
21
66
64
69
71
81
75
75
24
36
0
38
38
25
69
56
50
76
11
66
11
11
22
8
78
71
76
7
67
10
73
30
80
28
80
9
74
63
83
87
82
11
9
78
83
76
81
25
70
26
89
54
77
73
69
83
75
8
51
33
78
63
0
5
45
4
4
10
33
3
44
38
2
5
47
33
3
57
5
6
51
64
3
5
6
6
7
45
45
50
19
4
1
52
53
7
6
44
14
37
47
4
6
46
41
43
4
2
4
4
2
0
53
28
49
59
19
58
21
16
22
24
44
48
51
15
40
17
43
23
52
18
51
20
57
53
49
34
52
24
24
51
51
54
59
24
48
17
54
48
53
58
58
41
56
24
44
26
35
37
0
104
59
107
108
23
110
21
88
20
23
123
124
114
76
93
29
121
23
119
27
119
105
128
154
98
150
163
112
116
150
160
121
128
102
147
31
119
144
155
112
125
115
151
20
152
0
146
87
0
95
80
43
79
20
91
23
17
35
16
85
78
99
15
77
19
99
26
80
29
92
25
88
97
76
83
94
17
16
99
98
82
87
24
92
34
75
86
104
99
77
98
81
15
61
0
68
75
28
90
44
101
107
10
78
17
22
17
22
102
104
84
25
107
23
106
19
110
26
108
23
121
89
108
119
123
36
22
127
122
120
123
35
101
20
113
94
102
120
121
129
127
27
78
0
74
85
0
82
77
47
97
39
49
37
33
25
40
102
89
66
30
92
36
83
28
94
25
90
32
93
92
95
98
98
29
34
88
88
61
85
36
87
23
82
90
87
58
82
92
83
34
52
9
60
59
11
60
21
19
65
36
24
26
27
39
43
33
51
25
38
37
22
30
26
50
26
59
23
35
31
59
32
34
17
24
48
63
63
56
46
29
9
58
62
19
63
63
27
63
15
14
11
23
18
17
46
14
42
29
24
54
21
16
27
31
41
51
19
17
45
15
47
28
36
14
42
23
55
39
20
54
51
18
25
44
55
50
54
24
37
9
28
48
33
46
55
55
47
34
15
0
16
15
0
74
31
66
72
29
105
17
25
28
27
69
89
79
82
43
24
70
97
104
99
74
96
91
38
87
110
91
93
91
112
96
89
120
48
118
24
97
84
106
103
95
114
123
47
36
94
41
35
89
101
15
22
100
78
97
62
72
69
73
17
112
18
81
27
17
109
6
25
14
24
72
95
25
21
32
25
17
18
30
23
27
81
12
24
78
26
25
45
98
26
109
113
79
16
11
19
18
0
