212
91
218
218
117
224
76
134
134
132
213
215
117
124
212
105
218
123
200
130
200
130
192
126
193
193
195
112
107
193
200
185
199
125
187
97
127
201
195
182
187
193
195
132
105
101
103
104
111
124
27
125
125
45
131
93
25
62
91
123
120
49
92
133
74
132
41
138
36
47
93
144
44
56
157
36
118
97
147
49
150
47
91
92
76
46
92
125
131
124
40
135
105
28
27
29
27
0
126
62
139
139
68
131
50
50
45
50
143
129
98
56
50
57
137
68
149
57
143
40
141
80
66
143
60
63
59
144
149
153
152
45
55
66
133
58
100
154
66
69
62
44
49
48
99
100
41
121
64
172
125
44
67
35
67
65
67
170
108
88
1
105
0
122
8
84
6
103
11
108
83
99
88
115
2
10
109
106
100
109
8
101
1
91
108
93
85
107
107
95
0
72
0
67
76
1
56
29
63
67
22
66
26
17
27
10
65
79
63
19
56
19
71
24
67
39
69
31
80
46
58
60
81
35
35
79
80
77
79
18
63
30
68
57
75
71
80
73
71
28
32
0
28
29
24
67
62
37
67
11
61
14
10
39
16
56
71
55
11
49
14
67
31
65
36
70
10
62
48
71
70
79
14
10
73
71
70
71
35
73
32
68
57
69
74
74
71
72
9
42
34
57
62
0
3
60
5
4
9
45
2
48
48
2
5
65
41
4
61
3
4
49
64
0
6
5
6
3
70
57
56
39
1
4
63
71
6
2
66
19
52
71
4
6
62
73
74
1
4
4
1
5
0
73
31
40
70
20
67
25
18
35
28
38
42
60
24
35
19
52
26
68
32
61
28
64
40
38
47
69
26
41
75
75
70
71
42
43
19
66
64
63
71
71
37
73
48
36
28
39
38
0
91
41
72
92
24
93
17
92
19
22
112
102
103
71
86
31
109
23
108
34
110
107
95
135
72
128
137
97
107
137
138
91
83
90
135
11
85
130
125
73
91
96
131
10
124
0
133
72
0
79
71
50
73
16
83
16
13
32
16
81
76
79
16
72
20
80
26
68
24
82
24
79
90
69
58
91
24
21
86
86
70
74
24
75
25
77
67
92
86
62
94
72
16
56
0
51
63
27
83
30
84
82
11
57
10
28
18
21
91
79
57
14
80
21
81
14
87
18
86
16
88
72
89
92
85
21
23
88
87
99
93
21
75
26
91
79
71
97
92
99
94
30
57
0
53
53
0
74
60
38
80
31
45
31
28
33
35
74
65
50
28
75
31
70
32
73
23
76
28
85
82
82
87
87
30
34
71
76
48
75
28
73
20
69
69
74
40
71
74
64
23
45
3
47
44
6
51
31
17
49
37
15
22
22
25
38
30
46
17
26
31
26
31
33
46
26
46
25
30
30
49
40
36
15
25
43
47
55
46
40
30
8
50
46
16
56
61
23
54
16
14
15
18
17
11
53
19
41
24
25
51
18
16
21
26
42
48
21
16
47
24
47
15
38
14
38
18
45
40
22
50
45
23
19
50
45
52
49
24
40
4
33
53
35
38
55
56
44
21
22
0
19
15
0
71
17
67
81
25
100
16
30
27
29
71
75
71
73
44
29
74
86
105
103
75
108
90
43
84
95
78
81
98
104
84
79
108
28
96
11
74
52
77
73
85
109
105
27
34
87
41
37
83
79
19
34
82
54
78
45
55
55
56
18
82
31
53
31
4
81
3
24
7
29
44
79
32
26
29
29
5
16
31
30
37
61
5
30
50
23
32
53
65
35
87
77
39
23
4
22
25
0
