178
95
189
182
139
192
84
151
146
143
185
190
125
141
196
127
193
143
204
138
197
130
219
117
209
204
194
132
111
199
212
191
212
136
207
116
106
200
199
202
206
196
205
137
124
127
122
120
120
93
20
94
97
12
93
65
11
54
58
94
98
28
75
105
57
99
18
107
14
30
80
128
33
39
135
23
97
93
122
31
128
26
80
82
67
25
96
123
125
123
23
120
90
20
17
21
19
0
128
59
147
140
54
136
54
54
49
55
145
130
84
58
45
54
143
58
146
62
159
52
157
74
54
147
54
54
67
157
164
163
153
66
57
60
135
61
116
172
59
55
61
60
45
45
112
103
40
111
59
194
119
63
88
51
107
106
109
197
82
73
3
87
3
132
16
77
17
89
27
106
86
115
63
119
3
22
118
124
81
106
14
81
1
77
112
87
88
85
116
75
1
59
0
59
57
1
68
44
72
81
13
73
25
18
25
13
75
77
71
13
63
10
89
22
81
27
87
26
98
59
67
67
96
27
29
103
93
93
88
32
73
22
97
66
104
106
105
107
107
24
44
0
46
43
19
83
91
44
98
13
72
10
14
29
16
93
111
92
12
79
18
107
34
114
36
110
23
107
56
93
78
103
23
13
109
95
103
99
34
98
31
89
65
81
100
98
83
100
20
47
33
68
67
0
2
37
3
2
9
22
1
16
29
0
3
54
15
1
58
1
2
25
57
1
2
1
2
1
43
42
31
16
1
2
50
48
2
1
25
3
24
26
2
2
25
25
26
2
1
2
1
1
0
29
10
24
27
1
30
2
3
4
2
18
20
27
1
22
2
24
3
37
4
31
1
27
26
26
25
30
2
3
34
29
33
28
2
26
2
23
22
29
32
30
24
28
4
25
3
23
26
0
43
29
44
45
3
39
4
115
4
3
110
75
49
58
38
7
46
4
50
7
47
121
51
136
36
126
137
103
129
141
135
40
42
118
141
6
42
115
138
36
42
47
136
3
131
0
145
40
0
61
46
44
60
10
59
18
10
38
14
62
46
58
11
54
18
59
14
53
15
63
17
49
65
50
54
59
20
17
62
65
57
52
28
58
34
56
59
60
70
55
70
57
20
38
0
41
55
30
73
23
83
105
9
71
13
3
19
2
71
108
76
18
103
4
105
12
103
16
114
21
98
77
74
97
104
21
2
102
107
110
112
27
81
3
95
70
88
105
101
110
114
3
73
0
66
70
0
105
52
71
99
16
87
8
23
19
12
96
100
81
21
110
7
115
22
111
10
115
13
112
109
114
112
105
26
19
101
107
93
106
23
114
24
108
108
112
85
105
107
102
15
79
8
89
77
7
41
31
26
42
24
24
23
28
15
21
32
51
27
21
40
26
41
19
44
30
44
30
39
36
44
43
39
13
27
37
50
51
43
25
38
10
44
32
31
40
46
24
49
20
14
14
18
14
15
59
15
40
26
27
51
27
25
35
33
37
45
24
21
44
25
41
35
41
21
46
34
48
37
20
49
52
22
34
55
55
46
49
30
35
11
32
51
47
39
42
51
37
27
15
0
15
12
0
73
31
81
78
30
99
19
32
32
32
84
61
73
104
51
31
76
114
119
117
80
124
88
51
85
124
93
116
129
121
90
99
121
50
114
23
82
66
89
83
104
116
114
47
27
110
22
18
105
71
3
7
77
68
70
69
73
68
63
4
76
6
67
7
1
75
0
5
0
6
64
72
4
5
4
6
0
1
7
4
6
64
1
6
63
6
4
4
68
4
70
64
72
6
0
6
5
0
