380
150
395
370
185
382
96
189
197
194
370
343
170
188
324
148
350
201
346
199
348
194
322
173
331
309
313
177
149
313
310
331
303
186
315
139
196
333
342
316
344
355
339
178
159
152
176
178
157
196
36
191
178
53
185
173
35
138
159
186
194
64
163
186
143
198
47
190
29
55
164
181
43
65
198
31
163
140
176
53
186
50
176
96
131
49
157
200
189
195
27
194
175
25
24
29
29
0
188
79
202
211
72
237
68
73
67
62
212
191
139
61
55
57
195
66
215
66
202
49
184
133
69
188
74
78
68
212
195
198
201
55
76
81
177
77
137
187
73
82
82
45
58
52
135
148
55
193
75
280
199
74
116
56
100
115
114
298
157
131
3
185
3
184
1
136
1
181
1
145
172
173
148
185
4
2
194
193
167
164
1
175
3
158
187
174
159
134
189
166
3
143
0
129
136
2
83
45
92
93
18
94
23
13
28
16
92
94
93
10
82
15
97
15
100
23
100
21
99
85
92
107
107
26
21
97
111
101
101
18
106
21
97
87
92
96
95
102
105
27
66
0
72
72
28
82
67
49
79
1
81
2
2
26
2
83
74
81
4
64
2
79
35
84
39
83
5
88
62
86
88
90
6
5
82
95
85
88
36
97
36
96
70
83
91
98
97
94
12
49
36
76
81
0
6
51
5
6
9
42
3
44
37
7
8
71
45
5
80
8
4
52
76
7
9
6
8
4
84
55
61
37
6
5
70
82
8
4
79
14
53
65
6
10
79
80
88
6
6
5
2
6
0
63
28
44
72
20
71
26
28
28
26
40
42
73
18
39
24
58
27
72
29
71
23
62
47
37
38
65
22
28
65
68
74
66
20
47
14
61
54
66
66
62
39
67
27
43
27
37
40
0
127
65
115
137
33
122
33
143
30
35
146
137
122
91
85
40
134
28
134
35
127
136
119
168
92
171
182
121
142
182
185
124
125
141
168
35
106
165
180
107
127
122
180
27
176
0
171
80
0
123
80
70
99
32
117
32
26
44
32
125
77
108
24
91
31
109
34
84
29
123
36
84
102
77
78
111
38
22
95
109
86
91
28
101
46
90
84
122
110
82
118
99
30
78
0
70
82
38
102
48
109
115
7
87
20
23
22
19
114
121
79
24
123
21
121
21
132
28
119
24
128
87
117
135
139
32
21
131
141
143
141
39
116
24
135
103
100
137
132
143
132
24
85
0
81
84
0
122
79
72
97
27
84
20
46
40
25
107
97
84
47
103
22
113
42
106
18
128
29
128
113
132
118
126
38
39
93
124
78
85
39
104
31
104
104
101
68
101
93
98
24
78
5
62
67
10
65
31
10
60
46
15
30
35
48
47
36
63
22
52
33
40
28
44
71
35
73
31
34
36
72
34
34
21
27
48
62
67
62
63
26
14
69
61
25
68
65
25
67
20
6
16
17
3
20
75
21
53
33
39
86
21
29
41
34
54
74
43
25
81
17
76
49
59
33
79
57
87
55
44
85
81
15
48
89
83
80
83
49
50
19
43
81
68
46
89
89
44
53
30
0
25
30
0
123
47
125
112
46
142
19
49
43
45
118
99
123
124
65
47
108
140
157
139
126
144
110
52
115
164
123
124
143
161
118
104
160
52
172
22
120
83
111
126
151
174
178
48
59
140
58
53
135
119
18
35
106
93
121
75
92
86
95
22
112
34
97
29
5
115
0
23
5
27
78
123
25
25
35
28
2
26
33
25
26
110
3
25
104
26
29
57
112
28
138
145
97
26
0
25
23
0
