171
86
179
173
115
182
69
118
117
113
177
179
105
115
179
106
183
117
177
107
184
107
198
119
182
190
191
114
100
192
185
193
193
119
183
86
102
180
199
192
191
194
183
111
94
93
103
98
103
132
19
133
134
21
132
115
9
95
115
133
116
29
101
119
98
124
10
117
11
26
99
97
22
34
109
18
91
71
107
24
103
30
78
59
66
30
81
100
103
99
18
107
86
10
10
11
12
0
122
50
137
137
49
131
51
37
45
48
139
132
84
41
37
36
135
40
141
47
132
38
123
61
43
122
39
39
37
126
116
120
123
28
41
49
104
43
92
116
42
38
38
19
36
32
94
88
31
152
62
201
150
39
71
30
62
66
67
187
127
79
2
134
1
147
5
100
7
127
8
101
110
107
91
117
2
4
120
121
105
103
9
112
1
104
127
115
110
96
124
115
1
86
0
88
89
1
33
14
37
41
10
37
9
8
12
7
32
37
36
6
28
7
37
20
33
13
37
15
44
21
23
28
45
13
23
41
42
41
39
11
30
8
23
26
32
35
32
29
35
12
20
0
22
21
9
60
51
34
65
11
45
8
12
13
11
60
62
47
7
51
6
61
14
59
22
56
9
68
44
55
56
68
15
12
67
62
67
68
17
73
19
60
59
58
71
77
63
71
20
38
17
55
51
0
4
43
5
5
7
21
5
17
23
5
5
43
12
3
42
6
3
24
46
4
4
5
4
3
43
33
40
11
2
5
51
53
4
4
38
10
23
46
3
3
47
41
42
5
3
5
2
4
0
73
32
47
68
23
72
19
15
18
22
46
52
61
14
45
10
37
19
59
17
65
17
54
52
47
32
53
23
16
60
57
57
53
19
52
12
70
65
75
79
71
47
83
21
48
25
42
46
0
108
53
106
113
36
110
34
72
40
36
114
107
109
67
73
43
112
30
109
39
115
83
102
124
76
117
134
85
94
134
133
107
106
92
120
45
90
122
122
96
115
114
124
39
120
0
112
65
0
82
35
38
82
50
86
9
48
14
59
87
31
79
17
75
58
98
55
38
56
93
59
39
95
49
37
102
50
60
103
89
42
42
47
56
21
75
37
77
69
35
88
40
49
37
0
38
34
17
56
25
65
82
24
49
19
25
31
19
69
69
54
25
83
24
75
21
77
27
68
29
80
56
66
88
88
42
29
77
82
83
91
29
72
25
77
69
65
87
83
96
92
30
35
0
40
40
0
81
58
50
70
24
49
17
28
33
19
72
76
62
28
78
21
87
32
83
18
88
23
90
82
86
95
97
30
25
75
86
55
80
25
85
21
71
77
63
46
68
67
73
15
47
6
47
43
6
39
19
10
42
27
12
12
11
18
26
20
27
17
16
19
8
13
13
32
10
27
14
16
19
32
20
20
20
12
25
39
32
35
23
17
14
40
24
14
31
37
16
37
11
10
11
13
10
8
59
18
59
49
12
62
9
8
13
12
62
74
57
7
80
10
74
15
58
7
67
13
68
53
61
67
67
7
15
62
70
65
63
19
54
7
56
74
69
54
75
75
61
16
53
0
48
45
0
78
43
79
81
19
100
10
22
18
16
84
64
81
69
61
22
79
77
116
89
80
93
74
55
76
114
85
84
91
117
88
79
124
23
121
13
81
62
84
87
103
112
126
26
47
87
55
50
82
65
10
26
66
41
64
36
44
37
40
15
62
23
42
25
5
61
2
21
8
27
34
47
23
21
25
28
6
13
24
25
26
40
4
26
27
18
24
30
42
27
46
54
23
22
4
22
19
0
