359
202
375
379
258
381
171
271
267
272
361
376
211
255
378
221
371
262
378
249
374
250
341
239
343
348
334
240
219
343
357
347
346
259
367
204
256
359
379
345
363
382
365
250
207
223
228
223
224
228
65
243
230
57
241
176
49
139
184
242
242
117
181
232
154
232
62
245
58
87
187
251
80
110
270
59
183
167
260
73
257
87
156
149
114
72
157
224
239
219
63
223
147
57
40
54
56
0
229
108
253
251
115
246
68
76
71
72
259
259
184
103
92
101
254
102
256
85
260
63
241
174
112
270
107
112
88
250
271
267
269
69
115
126
268
125
167
274
119
131
126
50
92
82
222
210
85
252
118
358
239
121
117
51
137
146
155
357
218
182
3
213
3
231
14
149
13
200
16
223
199
234
162
247
7
16
245
234
199
211
16
206
1
194
250
199
183
213
245
198
2
149
0
120
148
2
144
53
156
152
46
140
53
37
49
31
159
149
126
20
115
31
148
34
147
54
157
51
134
96
128
132
145
57
33
145
136
149
147
28
129
50
135
110
138
139
142
139
145
51
69
0
76
70
48
102
97
44
107
16
100
11
13
53
18
100
106
108
14
89
14
106
58
113
63
117
17
116
95
115
122
119
14
15
122
119
116
113
60
128
57
118
95
113
126
121
120
118
15
57
61
98
96
0
6
78
4
5
17
76
2
73
70
4
5
92
47
2
95
5
7
56
93
3
5
5
6
5
103
73
114
49
3
4
115
117
7
4
144
39
100
143
5
6
145
129
128
3
4
3
1
5
0
130
73
87
149
38
142
50
43
47
51
90
90
144
35
89
47
116
59
149
62
150
62
147
92
75
95
133
52
75
147
145
148
142
47
100
33
135
112
138
137
142
83
137
56
80
55
79
69
0
153
80
143
158
51
150
44
175
55
54
194
199
151
152
109
48
148
42
155
51
157
190
142
230
109
215
247
179
198
248
235
148
143
179
230
25
137
203
225
119
138
149
233
22
210
0
212
105
0
152
112
80
128
48
154
41
43
54
57
154
117
136
38
116
48
150
56
110
49
160
61
115
164
112
105
153
54
49
158
159
117
126
65
140
60
133
129
167
162
112
176
131
61
89
0
86
108
59
117
67
143
123
31
73
24
55
41
48
124
137
82
38
132
51
131
28
129
45
139
43
135
109
127
136
138
46
55
137
137
133
141
34
138
54
127
123
104
146
134
138
140
53
84
0
76
75
0
147
100
72
122
31
103
24
51
50
27
114
115
98
61
123
28
174
51
121
22
174
27
176
157
183
176
172
56
57
123
178
104
118
59
157
43
149
148
120
96
155
120
135
33
102
13
95
90
22
91
43
30
90
62
42
57
47
51
57
58
77
57
64
66
53
63
53
90
54
72
49
51
59
87
57
50
37
43
74
89
90
85
71
48
31
99
83
42
97
85
45
100
35
21
25
25
18
27
101
44
82
60
39
123
34
27
44
41
76
103
51
31
103
33
108
45
77
26
102
42
118
89
50
108
113
30
63
117
110
105
105
59
77
31
49
122
64
72
111
114
78
74
50
0
47
46
0
150
63
161
168
49
180
23
60
55
55
158
163
151
172
102
47
157
188
211
185
157
193
150
91
163
234
143
181
182
218
152
174
219
64
247
30
161
110
175
183
202
247
238
50
87
174
78
86
196
140
38
61
138
89
135
51
84
72
92
51
139
41
84
69
20
144
7
53
21
69
60
161
56
56
62
60
22
38
62
63
62
117
24
64
88
48
67
84
102
64
159
144
84
49
12
46
44
0
