267
126
288
277
168
278
115
176
181
178
272
230
143
167
245
142
232
176
230
186
233
159
265
139
260
260
264
166
140
259
269
271
260
172
280
141
160
267
282
279
269
296
282
185
138
155
133
130
152
181
25
176
187
56
175
156
37
125
148
191
177
65
143
189
119
178
43
179
37
55
156
166
57
64
172
44
146
124
173
53
172
57
152
112
118
61
144
186
193
183
48
181
158
32
35
37
34
0
234
82
244
249
92
230
107
94
109
107
239
215
135
82
66
72
219
80
221
92
232
80
179
117
76
208
83
92
64
196
216
203
206
71
81
88
178
85
152
212
82
94
91
55
59
62
144
147
59
207
73
254
187
53
124
56
92
94
94
262
167
137
4
174
4
187
7
139
6
171
16
161
148
176
140
192
5
10
186
187
163
173
10
170
4
157
187
172
142
148
188
174
4
136
0
128
135
3
50
17
60
57
14
63
25
13
29
6
62
53
64
10
43
12
63
14
61
27
57
34
65
37
59
69
65
35
17
65
63
63
66
14
61
34
62
55
66
75
68
66
65
33
30
0
32
33
28
122
112
84
134
11
117
6
9
35
11
128
114
122
4
99
5
117
31
120
31
121
9
126
98
128
127
133
10
9
129
136
125
128
29
139
25
127
96
114
133
139
123
141
14
78
35
106
111
0
4
55
5
4
14
39
1
31
41
1
4
61
34
3
62
3
3
36
60
2
3
1
5
2
75
57
73
29
3
5
79
84
5
2
59
7
50
54
5
4
57
62
60
1
3
2
1
3
0
84
39
60
98
27
98
27
15
27
25
62
60
97
19
64
29
75
31
95
35
90
35
102
64
59
55
105
23
31
107
109
102
110
31
65
12
123
92
116
120
122
66
126
41
68
25
64
61
0
106
54
101
102
31
113
27
135
27
29
152
138
103
103
77
24
110
20
108
31
102
131
112
173
82
153
176
131
147
175
173
110
105
134
162
31
98
143
165
96
107
107
163
22
161
0
156
78
0
113
67
60
104
53
120
25
51
40
54
115
79
117
47
102
51
116
56
67
65
122
59
77
124
89
77
121
72
61
122
130
76
78
70
103
45
105
76
122
118
79
131
85
63
46
0
47
73
39
71
31
73
104
16
60
41
35
48
28
74
104
71
55
116
27
104
42
110
59
110
64
109
65
63
105
103
62
26
114
111
113
113
52
79
22
89
75
91
104
108
116
120
25
45
0
44
52
0
112
71
59
85
27
86
24
49
43
35
97
87
63
45
84
28
112
46
95
19
120
24
117
119
126
124
121
45
38
100
120
76
101
43
121
35
109
119
108
85
106
112
106
25
79
17
84
70
11
61
28
16
65
38
20
35
29
34
39
37
47
21
21
33
24
37
22
42
27
53
27
38
30
37
34
38
14
29
26
32
34
41
13
38
5
28
20
26
31
24
25
28
20
14
20
21
11
17
69
35
64
52
13
70
23
8
19
17
69
77
62
14
82
17
79
27
71
11
71
25
86
67
59
79
80
20
29
91
72
80
91
26
79
13
60
80
60
84
83
90
82
34
58
0
59
62
0
92
44
88
87
17
137
7
19
18
22
88
99
106
109
54
30
89
130
151
131
97
138
96
67
101
151
102
118
137
162
113
105
171
31
149
11
97
67
99
101
124
163
172
30
52
137
51
59
129
88
13
43
88
50
88
45
51
48
56
23
82
25
44
41
5
79
6
33
9
34
36
84
32
31
36
32
8
12
31
32
31
71
9
26
46
34
36
60
69
29
89
87
35
26
6
27
23
0
