269
156
279
283
194
297
133
202
211
205
289
274
156
190
269
181
279
193
268
198
256
180
272
149
272
265
260
193
172
260
254
268
263
174
262
163
163
265
256
258
275
265
275
179
184
177
181
189
179
152
38
150
155
21
151
105
15
81
100
150
147
57
105
160
80
165
30
177
24
41
114
139
39
58
148
34
85
80
155
42
154
49
86
118
64
40
78
147
147
151
31
157
81
18
19
19
23
0
146
77
173
169
71
175
40
41
39
38
174
180
116
72
51
62
199
64
199
69
202
56
240
124
77
261
75
77
130
254
245
250
265
107
66
73
185
76
177
238
75
83
80
112
53
44
157
144
44
152
78
250
161
62
136
85
137
140
144
279
127
114
5
128
4
150
14
112
15
127
24
136
129
136
105
164
7
13
169
165
114
144
25
117
4
119
151
127
114
128
153
108
3
80
0
76
83
3
106
30
105
111
59
104
22
18
28
41
112
111
63
18
79
48
98
52
105
29
103
26
108
50
59
63
102
30
54
110
105
107
108
44
65
27
67
77
97
108
110
108
103
27
39
0
45
37
27
79
69
38
79
11
74
5
9
34
10
81
84
85
11
56
8
83
39
93
38
83
10
90
50
89
73
88
15
7
97
96
91
93
48
86
40
86
54
92
90
90
93
86
16
38
45
75
74
0
0
37
4
3
6
20
1
17
23
1
3
57
12
0
62
0
1
38
55
1
2
1
2
2
55
45
56
29
1
2
65
67
2
1
58
10
47
61
2
2
56
57
59
1
1
1
0
1
0
99
52
71
105
18
116
26
15
28
30
65
77
105
19
70
30
87
40
115
40
120
35
106
76
73
57
103
24
27
104
109
107
102
19
77
7
93
71
91
97
102
72
99
18
75
27
72
74
0
90
49
83
83
12
88
10
172
10
11
184
132
85
120
66
17
89
9
88
12
86
186
84
225
69
202
224
154
196
209
210
81
84
156
210
20
87
184
208
79
96
87
213
19
209
0
200
62
0
100
79
55
85
25
98
33
19
46
24
99
78
83
14
79
19
88
29
85
28
92
27
90
108
72
81
101
30
28
106
97
85
82
26
92
42
78
77
96
89
78
96
87
22
66
0
69
75
41
64
33
72
100
7
84
44
25
49
30
68
102
61
55
114
26
123
57
108
54
103
62
103
63
62
101
102
65
24
106
107
110
109
46
63
26
53
65
78
84
90
97
94
25
39
0
36
35
0
185
93
108
147
20
133
16
46
43
22
147
151
114
45
143
21
160
51
142
19
178
26
177
173
172
178
176
43
42
143
175
125
151
47
170
30
150
155
149
120
152
158
152
24
126
12
120
124
14
64
40
23
65
42
28
41
42
35
35
51
66
28
29
43
34
43
23
56
36
55
41
38
34
52
39
40
14
34
44
55
46
54
35
31
10
56
41
23
45
52
31
53
22
13
26
20
14
13
50
10
41
20
20
48
22
15
21
20
42
55
30
24
51
28
50
28
35
25
54
34
57
32
30
56
56
22
33
54
62
51
59
23
39
14
41
59
52
40
61
62
40
32
21
0
21
22
0
82
37
91
86
29
143
18
27
30
29
85
44
93
133
47
33
85
170
163
173
91
162
90
59
88
180
100
164
164
183
90
90
178
29
169
10
91
63
92
90
169
179
181
26
32
154
33
39
154
60
10
34
72
35
63
34
33
36
30
26
69
28
34
36
4
64
0
38
4
34
29
84
32
31
34
33
4
9
33
33
36
72
3
34
41
33
29
35
66
30
67
68
45
26
6
29
27
0
