522
209
580
561
254
541
150
279
265
262
563
528
228
256
532
196
522
253
510
257
514
245
469
254
482
474
477
228
193
469
471
470
486
217
473
172
245
497
480
476
484
471
486
230
236
200
231
249
190
307
54
309
299
75
315
266
42
249
276
300
269
94
232
281
231
303
69
290
36
77
252
213
54
82
236
39
203
165
241
53
233
58
210
120
194
63
209
260
255
261
31
261
218
36
29
35
31
0
244
127
266
279
88
280
68
68
62
67
269
262
179
85
57
71
266
82
273
72
265
57
233
150
91
253
101
107
82
273
257
267
265
53
86
98
240
104
201
253
91
92
98
52
64
54
199
202
56
278
108
381
296
73
149
63
122
130
126
384
250
205
3
267
0
282
6
195
6
268
6
238
237
246
227
277
2
5
283
268
247
252
3
246
2
230
260
241
213
219
265
240
0
219
0
202
212
3
87
35
101
93
13
96
25
16
27
9
104
96
104
6
95
11
101
14
107
31
107
32
110
96
107
119
108
32
13
111
116
113
109
12
115
26
113
100
114
114
117
119
117
32
86
0
87
92
32
84
47
42
73
1
79
1
1
32
1
77
75
84
0
61
1
72
35
78
35
77
1
73
65
89
99
72
1
1
72
98
76
74
40
73
37
97
65
94
69
66
93
77
2
50
40
92
88
0
0
16
1
0
1
17
1
16
20
1
1
31
12
1
29
1
0
23
37
1
1
1
2
1
41
24
37
23
1
0
44
41
2
1
36
13
36
36
1
0
38
40
39
1
1
1
0
1
0
42
22
35
55
9
56
9
7
6
10
32
33
49
8
34
9
42
12
45
10
47
8
50
39
33
39
52
6
15
53
55
55
51
16
43
11
53
50
51
54
55
40
61
19
38
9
34
32
0
106
70
115
109
7
117
11
149
5
7
175
143
105
125
88
10
113
10
108
10
117
191
116
217
104
214
216
178
197
225
221
109
105
175
202
9
107
198
203
91
110
105
214
10
208
0
199
88
0
134
114
90
124
13
137
27
16
40
21
136
116
131
16
129
27
143
27
120
27
149
33
119
166
106
109
160
49
49
153
153
124
133
49
136
41
118
125
159
152
120
161
129
38
92
0
98
129
40
139
85
162
211
26
124
24
9
46
9
156
199
131
33
211
12
206
24
196
35
222
33
214
146
160
213
215
40
9
217
215
218
212
62
166
10
224
149
153
235
229
229
230
9
138
0
146
143
0
169
77
83
122
21
100
15
70
61
20
120
122
87
63
121
17
164
61
111
16
160
18
157
149
168
168
172
57
59
110
169
97
116
60
153
56
157
148
119
96
146
120
151
24
109
18
108
100
13
91
26
21
90
77
17
35
32
73
73
32
84
38
72
36
29
34
56
83
39
85
37
37
34
84
30
33
14
32
81
87
84
86
63
33
17
89
72
25
92
93
26
89
27
7
22
20
4
14
86
35
55
38
43
80
23
38
51
46
64
111
37
23
116
22
115
68
61
56
113
76
109
55
47
106
107
23
65
104
106
110
113
56
54
28
42
103
87
56
105
105
55
58
29
0
25
31
0
141
41
141
134
84
162
48
82
81
88
132
92
133
138
52
80
122
176
187
189
137
193
130
40
135
192
139
157
182
186
142
147
193
87
191
33
153
87
149
149
166
181
183
83
27
168
31
33
155
164
10
11
148
142
146
125
148
131
146
7
147
18
132
10
5
137
3
8
4
11
127
151
10
5
12
10
4
29
13
10
8
144
4
5
148
9
8
33
155
8
165
164
152
7
4
5
6
0
