251
161
253
256
181
259
138
202
203
195
261
272
172
203
276
168
279
194
274
183
277
192
286
171
278
274
286
178
161
271
267
276
268
179
273
155
177
278
271
288
280
286
291
178
174
172
175
175
177
170
32
178
176
36
179
99
21
67
104
180
167
77
91
161
66
163
33
175
31
50
102
152
50
62
167
43
103
79
159
53
162
53
102
123
87
54
113
172
174
168
40
175
103
33
21
31
35
0
153
77
181
181
72
184
52
42
52
47
184
170
119
69
53
61
194
64
181
48
187
32
168
124
66
178
62
71
39
181
174
179
171
39
62
62
167
63
142
187
66
67
63
45
51
47
145
147
46
140
73
247
144
64
126
81
125
138
134
264
114
89
2
120
1
157
12
103
14
126
20
139
114
147
100
158
2
23
157
155
107
149
15
115
1
93
151
118
99
124
144
106
1
66
0
55
63
1
102
37
103
108
47
116
31
24
38
37
107
116
76
23
86
50
118
61
126
31
126
35
110
56
76
82
129
38
66
131
129
128
126
53
80
36
94
86
118
114
121
125
114
31
46
0
47
45
30
72
97
41
104
36
70
33
45
35
43
106
105
75
20
67
32
101
25
97
33
99
35
107
52
74
73
104
37
28
109
76
109
101
35
106
27
80
62
75
110
104
81
111
43
39
31
59
53
0
9
63
12
10
21
40
8
32
48
4
14
90
25
5
91
6
4
47
101
6
9
6
6
5
64
65
62
18
4
6
71
70
7
6
60
5
34
59
9
6
62
56
52
6
6
8
5
5
0
108
49
76
110
25
113
35
24
35
29
69
74
96
19
69
17
64
31
104
33
103
25
97
73
66
63
95
36
34
103
102
108
102
22
76
13
103
84
100
109
110
68
111
29
71
35
67
59
0
102
59
104
110
31
106
28
165
33
35
171
140
114
114
71
38
105
26
117
39
114
171
103
194
74
204
214
152
189
203
214
107
103
178
212
29
91
179
214
85
98
97
202
22
203
0
189
67
0
85
55
52
78
34
86
29
30
36
32
93
54
81
24
75
35
86
39
57
44
94
39
54
91
66
61
97
46
44
102
101
64
68
35
65
43
67
65
80
84
68
88
82
32
48
0
41
63
33
65
22
63
80
13
51
28
28
36
31
63
76
32
40
76
29
81
31
81
45
80
44
77
41
69
74
78
33
31
73
73
81
83
39
59
36
50
62
72
78
73
83
72
39
37
0
29
25
0
149
84
94
130
24
114
24
36
29
32
143
123
118
41
129
19
167
37
133
15
172
18
172
161
167
178
174
35
27
136
168
122
138
44
165
28
145
160
142
109
153
143
156
25
120
7
112
113
5
61
43
27
67
25
39
26
32
20
28
53
71
41
29
51
26
52
19
70
25
72
26
64
53
71
54
60
16
27
51
62
67
61
26
48
13
64
49
47
69
64
46
66
21
37
18
42
31
17
56
18
60
38
21
67
31
16
26
29
62
69
42
26
77
24
70
39
56
21
73
36
72
55
56
75
75
26
39
72
79
81
78
31
63
11
54
81
72
61
94
86
66
36
39
0
29
35
0
99
41
102
112
35
166
16
37
32
35
105
71
107
136
79
34
112
154
186
168
116
172
112
76
109
174
118
164
170
190
110
118
197
27
186
11
109
80
104
108
182
190
182
20
65
171
54
61
153
61
16
35
62
33
61
26
36
27
34
24
59
33
31
37
9
59
5
27
9
38
26
57
33
28
31
38
8
4
38
37
30
54
10
43
25
32
37
42
46
34
54
51
19
24
8
35
26
0
