219
128
234
233
152
234
96
170
161
158
228
235
142
161
238
129
243
166
244
158
240
148
221
147
206
209
215
142
136
201
209
208
197
153
190
124
136
201
200
201
211
225
203
148
129
142
148
139
137
115
33
112
121
19
124
78
17
54
85
126
135
51
100
131
84
133
28
138
18
48
96
130
45
56
127
39
93
81
132
46
135
54
112
94
81
48
100
135
134
146
37
136
105
29
23
28
33
0
130
60
153
144
56
149
52
49
53
53
156
158
101
57
47
50
162
55
174
66
168
58
140
91
55
158
52
60
57
162
154
148
155
56
48
58
122
54
113
156
45
49
57
52
36
41
108
109
38
133
69
205
135
51
107
68
107
111
102
215
109
91
3
111
2
121
2
72
3
106
5
117
97
115
88
125
4
6
124
122
102
108
6
98
2
101
117
105
88
99
128
100
1
76
0
77
77
0
59
24
58
54
13
57
20
16
21
9
55
74
45
20
52
17
78
32
74
18
79
20
76
39
50
56
72
26
21
70
74
68
73
28
53
23
64
43
75
73
79
77
74
20
32
0
32
32
24
78
97
34
99
16
61
7
20
26
15
93
110
82
11
48
7
96
32
96
30
95
17
81
38
73
65
76
13
12
75
83
84
76
30
83
29
77
42
79
87
82
74
87
15
42
30
58
58
0
5
40
5
4
9
27
1
29
30
3
5
60
25
3
59
4
3
33
62
2
5
4
5
4
55
41
59
29
2
1
64
59
5
3
64
16
52
74
4
5
75
74
70
4
2
3
1
3
0
69
29
42
71
13
74
26
22
25
27
47
50
70
18
47
17
56
24
68
26
67
21
68
39
32
40
56
21
23
69
66
71
65
24
44
12
62
58
64
63
62
38
62
26
44
21
35
38
0
88
44
84
95
25
101
23
107
25
28
139
114
86
84
56
28
86
20
93
32
93
121
86
155
60
161
156
102
130
162
158
90
86
124
147
20
82
143
170
85
92
91
163
21
154
0
154
58
0
83
61
45
75
32
77
25
26
29
27
91
59
76
18
79
31
87
35
63
40
91
36
65
84
62
57
96
43
35
91
95
60
70
39
79
38
73
62
86
87
65
87
65
32
44
0
46
63
33
72
27
79
89
17
65
14
21
29
19
78
99
58
26
82
19
84
18
82
23
99
26
94
66
78
92
100
31
19
105
96
95
95
27
85
23
91
80
79
95
92
99
99
19
65
0
64
65
0
116
61
84
101
22
90
21
31
24
24
106
116
98
24
114
22
120
24
113
19
114
23
125
112
129
128
117
26
23
112
116
87
113
23
104
25
110
110
119
84
106
112
99
32
88
7
76
74
4
51
27
18
51
24
23
25
22
23
32
45
49
31
19
36
22
35
20
45
25
42
26
39
39
45
37
33
10
25
41
53
50
47
21
36
5
58
45
29
46
48
35
44
19
19
13
31
15
14
53
15
58
30
16
56
20
13
21
22
51
57
26
21
53
14
61
21
52
14
57
20
60
52
32
57
58
23
23
61
54
59
62
19
54
12
44
61
40
53
59
58
47
23
21
0
25
31
0
85
32
76
74
20
125
12
24
23
27
74
67
77
115
53
20
71
131
152
140
76
143
83
55
86
151
79
134
133
161
77
80
152
31
149
16
86
65
78
79
155
163
158
33
38
127
35
43
116
76
16
28
85
61
81
43
62
59
68
24
84
38
55
27
5
72
3
26
6
22
48
90
22
22
25
25
4
31
24
24
23
76
5
22
79
16
24
48
80
24
92
95
58
17
4
22
19
0
