406
200
421
424
253
419
177
286
273
282
440
421
270
274
441
226
455
270
433
280
429
266
425
254
426
403
417
263
209
436
418
414
420
250
440
227
281
439
433
429
447
435
428
256
237
236
218
232
237
295
77
303
305
72
300
224
65
157
225
317
289
154
204
316
173
312
72
300
56
104
230
304
123
135
315
90
226
174
323
127
310
111
217
237
152
117
221
310
315
316
112
305
220
79
68
83
87
0
268
126
304
287
138
309
104
111
97
93
310
304
223
130
109
125
303
135
324
120
338
116
301
210
137
310
142
144
114
302
323
326
317
81
129
135
257
140
183
281
136
140
139
70
104
108
233
229
103
263
128
363
287
108
127
79
148
148
151
383
236
208
8
243
6
271
18
227
19
248
18
241
253
270
216
289
8
22
279
293
243
266
15
249
3
244
273
240
245
229
280
233
4
167
0
152
166
5
187
113
185
192
89
189
54
27
60
69
179
196
162
71
138
67
190
88
184
54
189
63
180
171
119
141
186
71
90
176
191
182
182
78
163
62
184
152
173
171
192
189
165
60
69
0
68
77
62
136
159
55
173
35
140
28
36
69
42
171
157
148
39
134
32
165
75
173
80
183
37
171
143
167
155
185
40
34
182
175
184
181
76
195
73
166
148
166
187
186
169
193
43
84
77
123
137
0
24
146
21
21
43
96
16
91
89
17
21
163
83
20
164
20
23
92
160
20
25
24
24
26
177
139
167
105
20
11
184
196
23
17
174
62
114
162
26
20
175
182
171
16
24
21
12
25
0
177
60
130
180
57
173
85
60
79
89
118
129
173
74
112
73
150
83
177
94
168
84
166
128
125
119
178
105
91
169
179
180
170
79
119
65
167
142
175
179
165
109
177
73
122
92
106
100
0
183
80
173
177
66
187
46
174
59
52
196
181
192
153
147
61
196
54
184
69
186
195
186
222
149
223
243
193
202
261
237
192
193
196
236
77
161
214
231
166
191
182
230
50
217
0
207
102
0
171
127
84
165
70
177
53
55
73
82
178
111
159
40
123
69
170
65
116
69
182
86
127
189
129
120
181
85
82
199
190
141
131
77
163
67
142
136
177
175
112
187
141
59
92
0
84
125
73
166
88
175
146
14
82
15
87
28
85
158
155
99
37
138
97
157
24
150
34
143
39
134
91
162
141
124
26
81
131
130
147
134
33
168
88
143
164
112
152
151
140
144
97
80
0
74
88
0
145
118
58
125
39
117
24
73
77
35
120
114
88
77
120
33
164
71
110
19
175
33
167
140
164
163
169
64
63
131
177
89
121
62
150
52
126
136
120
85
128
126
124
43
85
18
81
82
13
107
60
40
102
60
57
52
47
43
60
72
107
66
55
66
55
82
36
103
51
91
49
68
67
114
72
70
31
47
87
101
100
109
71
62
29
112
85
45
101
114
51
112
36
35
30
51
36
29
120
34
106
82
35
111
49
42
55
45
128
118
59
46
119
37
126
45
119
35
119
40
112
115
64
119
120
39
55
125
119
125
116
53
113
14
88
123
79
108
127
126
113
55
57
0
65
59
0
160
74
177
173
66
213
30
63
61
61
159
170
169
155
103
61
179
181
212
181
187
186
179
111
197
224
183
193
187
235
187
185
243
72
228
27
189
117
186
193
229
245
240
61
89
185
95
85
168
157
52
117
159
73
157
54
73
70
78
64
165
76
82
110
39
184
17
93
49
106
53
155
101
90
116
104
36
36
111
116
113
131
32
119
86
91
109
146
134
116
170
182
60
81
39
83
87
0
