630
268
671
649
387
686
246
390
391
394
649
652
304
381
661
292
667
385
659
387
645
386
614
339
610
624
617
342
300
619
631
602
611
351
590
277
318
591
603
577
612
599
608
365
309
322
329
332
305
406
100
412
413
98
404
306
46
201
316
428
421
134
331
455
269
437
88
443
62
149
341
376
139
151
400
91
302
216
400
130
416
138
240
278
181
126
223
362
348
360
76
369
253
62
33
59
57
0
388
182
417
416
165
432
130
136
132
137
416
391
280
149
123
138
400
156
451
146
434
117
394
226
154
423
164
171
156
433
420
437
419
109
141
169
376
169
301
426
156
159
160
100
101
94
301
279
97
360
216
490
370
120
206
90
165
184
174
532
312
276
5
343
1
378
16
248
11
351
29
351
332
353
296
411
7
20
398
405
314
385
26
321
4
309
388
329
297
371
406
345
6
211
0
196
228
1
184
84
211
219
101
218
56
38
63
71
217
218
117
54
151
62
209
98
218
55
219
56
227
118
117
123
235
58
103
239
216
232
246
76
127
51
167
156
202
199
207
198
194
59
77
0
75
86
57
192
184
85
203
36
175
24
37
70
33
216
201
180
29
134
23
201
69
210
87
213
37
189
138
190
186
214
28
18
209
203
211
209
60
220
72
184
128
186
227
228
205
234
45
107
57
157
152
0
10
127
12
9
33
97
9
81
98
5
11
207
66
8
202
7
10
109
201
6
13
9
16
13
166
137
124
51
7
11
176
169
16
10
159
21
102
169
11
10
179
166
153
11
9
12
8
6
0
183
90
115
191
41
186
73
50
74
73
106
126
164
53
124
52
141
64
181
68
173
61
168
126
117
108
181
73
70
188
192
195
186
59
134
33
170
151
173
183
180
130
171
69
132
70
113
101
0
236
154
248
251
67
259
68
257
73
73
257
229
256
227
177
83
243
68
245
80
246
273
228
303
182
298
316
270
288
311
324
228
239
289
315
76
218
305
316
199
237
227
316
65
290
0
285
144
0
183
126
90
187
90
197
57
79
77
83
191
129
173
44
164
72
191
91
120
81
191
79
120
175
121
125
184
78
72
177
190
140
145
76
169
71
172
141
195
195
134
199
147
80
109
0
106
139
86
192
89
227
216
36
134
34
85
67
74
202
207
139
62
222
66
209
41
217
61
213
59
227
147
193
213
220
59
61
218
222
232
229
65
208
68
227
186
165
228
239
234
239
79
132
0
123
143
0
241
111
93
147
27
141
19
127
105
29
147
149
106
123
160
32
234
115
148
14
247
34
247
246
256
254
237
90
103
160
246
131
157
90
221
69
182
195
162
124
177
151
175
39
111
32
108
97
25
88
68
41
94
53
44
71
70
29
62
87
88
51
55
94
54
92
36
85
66
85
60
89
84
97
93
80
31
49
73
94
90
93
62
72
30
103
82
64
91
90
76
109
42
35
29
49
36
26
118
38
120
75
37
119
49
29
41
46
116
143
93
35
137
41
136
54
121
36
124
52
143
113
102
151
132
36
60
137
131
146
133
64
109
36
110
160
130
109
155
146
116
69
66
0
66
65
0
210
82
204
204
75
296
29
74
79
76
201
189
216
204
143
89
222
237
296
268
224
261
213
121
200
294
214
234
240
313
225
223
315
84
310
43
232
143
233
244
286
300
314
87
115
234
113
115
226
197
53
90
214
130
215
104
146
139
136
54
196
76
131
76
21
226
15
73
29
87
106
225
81
76
80
76
33
51
88
82
95
168
29
90
147
75
91
126
177
96
223
231
128
63
25
55
62
0
