458
176
471
458
266
481
169
286
289
279
480
413
225
252
425
205
436
262
425
256
420
257
380
213
388
389
385
246
208
373
373
389
389
255
418
202
243
424
424
406
434
428
423
246
202
210
213
223
216
281
62
270
289
79
278
210
43
169
224
289
252
90
213
279
166
282
75
277
53
101
210
239
86
94
248
48
203
176
265
91
250
98
168
121
130
82
161
216
219
207
61
213
150
46
39
43
48
0
235
120
261
276
115
277
70
77
66
71
266
266
190
118
96
118
261
127
294
79
275
57
255
172
124
281
116
131
82
278
266
274
271
57
112
122
247
117
206
271
122
129
118
48
93
76
213
213
69
234
124
336
261
82
142
57
112
123
113
353
215
173
6
234
4
243
7
167
4
244
13
221
206
229
211
254
4
7
255
254
222
250
6
232
4
218
256
228
214
219
252
228
4
167
0
154
170
5
117
53
130
130
42
131
35
20
39
35
126
124
105
30
111
33
138
41
125
33
138
40
115
91
99
106
117
34
29
120
108
114
108
36
121
40
118
104
120
106
121
129
119
44
63
0
64
70
44
99
90
41
109
7
90
4
7
48
9
108
112
103
9
69
10
103
44
105
50
114
9
94
73
105
110
111
12
8
113
110
116
104
47
110
44
107
76
105
96
112
102
108
13
41
48
90
86
0
6
77
8
9
12
58
5
57
62
8
10
109
57
6
116
6
11
75
111
8
10
6
12
6
112
87
99
53
7
2
112
113
15
6
99
21
70
91
9
9
97
98
94
8
10
6
7
12
0
96
42
69
118
31
113
40
25
29
31
62
75
98
22
68
22
88
27
95
28
100
26
102
72
67
71
110
35
34
114
106
102
109
50
69
23
124
106
118
119
122
65
122
45
56
32
46
43
0
143
74
148
152
51
152
45
169
46
49
176
166
150
135
106
42
159
42
159
47
153
183
158
215
113
196
213
177
194
225
230
162
151
177
214
46
126
209
220
124
158
155
217
41
207
0
206
101
0
147
93
83
131
52
149
37
40
57
51
141
97
146
39
120
50
151
64
98
59
155
58
111
151
94
105
158
58
61
167
167
112
121
43
126
55
106
105
160
142
98
138
106
46
76
0
77
92
46
138
81
141
156
19
105
25
29
35
24
143
151
100
44
165
29
168
25
165
47
165
42
159
104
130
156
157
42
24
161
171
171
174
42
129
21
150
133
135
176
172
157
153
29
105
0
112
110
0
133
69
70
104
20
95
18
59
48
21
99
101
95
70
108
16
155
63
100
20
156
23
154
149
170
173
165
65
72
114
172
71
107
60
136
56
138
137
113
83
132
111
117
25
75
21
81
67
21
74
36
23
77
52
23
42
35
37
42
47
74
38
49
44
33
41
41
74
36
73
39
42
48
84
39
42
32
33
73
77
85
79
66
46
22
89
64
35
83
83
37
87
18
15
21
32
15
26
93
31
77
47
34
114
29
31
52
43
80
96
47
28
95
27
103
40
88
24
100
32
84
76
61
99
103
27
33
100
102
109
104
39
88
15
70
117
87
87
102
98
87
49
52
0
58
52
0
137
46
134
134
44
167
22
49
42
48
140
137
131
140
67
59
128
145
207
183
130
184
150
80
159
206
154
154
179
210
160
150
217
55
204
25
140
99
151
147
185
214
212
58
77
156
67
74
158
129
21
40
139
102
143
80
97
100
111
25
137
53
90
43
10
121
7
35
11
42
78
147
34
35
38
34
11
29
42
34
33
120
10
36
107
36
40
67
111
31
146
139
91
21
8
27
21
0
