623
337
640
666
443
667
305
462
472
456
643
649
379
456
677
396
664
446
683
440
666
441
650
415
677
655
660
449
381
664
662
665
665
431
661
370
427
687
677
667
682
667
690
448
405
381
411
402
396
421
106
430
447
111
446
352
71
268
348
455
451
191
369
498
329
509
112
507
83
146
399
465
133
195
481
106
365
316
461
132
477
140
342
273
287
150
397
490
487
465
122
467
351
99
83
84
93
0
450
181
495
492
209
490
155
153
164
161
507
522
367
181
163
170
535
182
546
200
524
169
480
324
194
492
177
195
186
492
527
506
518
133
182
203
430
205
319
483
201
211
207
101
167
174
358
372
160
448
209
619
454
157
270
127
248
254
243
648
388
321
6
390
6
444
12
338
6
387
17
391
411
431
356
470
9
22
489
503
384
438
25
413
3
375
463
397
361
402
464
384
2
296
0
274
296
1
201
74
228
206
81
213
76
36
86
62
220
202
173
51
171
64
188
74
201
86
201
92
203
155
163
179
207
84
79
210
202
210
204
72
170
84
192
162
223
211
209
212
204
83
100
0
101
97
81
218
200
107
251
39
219
31
42
94
42
263
252
229
30
196
39
243
92
250
110
252
48
250
178
247
224
248
52
37
254
253
253
244
116
279
99
261
178
244
278
287
270
278
55
142
103
207
215
0
20
182
15
10
40
141
12
129
146
11
14
250
118
15
265
13
14
134
253
14
11
18
22
15
257
197
253
126
13
13
263
288
16
11
250
56
180
246
17
15
258
266
258
9
12
12
8
15
0
308
129
231
339
66
317
83
60
82
84
213
248
296
64
212
76
232
78
316
82
309
78
298
227
210
214
301
82
86
308
297
295
289
81
234
33
284
228
286
283
279
213
289
88
211
69
178
190
0
332
180
335
373
140
342
115
284
132
134
392
324
341
233
245
127
343
116
345
123
350
308
339
422
279
415
450
301
319
427
439
367
353
313
419
132
317
392
425
314
367
369
440
112
392
0
400
207
0
324
192
139
314
183
340
66
163
100
174
346
189
334
103
305
190
333
186
192
191
341
208
207
355
210
199
360
185
184
358
333
212
236
169
238
96
265
200
324
319
194
310
210
162
139
0
150
207
93
231
108
230
313
48
235
117
76
145
77
239
340
176
142
334
79
339
132
334
154
352
158
313
183
235
314
316
145
72
329
307
325
315
131
223
78
266
230
273
318
302
335
317
78
148
0
145
154
0
281
226
143
271
106
181
89
103
85
104
266
251
197
101
251
80
260
92
224
64
297
79
279
265
270
280
291
83
100
246
277
187
253
82
269
73
266
248
243
203
241
246
213
87
178
30
174
166
26
140
97
63
158
95
67
84
81
65
100
119
146
91
85
113
81
115
62
142
93
131
82
121
105
150
102
97
66
57
108
147
133
132
92
87
40
144
123
80
147
141
76
152
54
38
46
62
45
46
215
59
212
167
58
241
78
35
64
66
229
259
187
67
262
65
265
72
223
42
260
79
249
225
198
249
249
69
78
262
249
266
264
94
218
37
203
269
216
217
267
278
227
93
146
0
153
151
0
300
138
317
316
104
390
40
103
101
97
306
274
305
293
183
113
303
327
411
355
304
347
305
194
319
413
317
317
346
438
326
331
445
104
433
65
329
233
336
326
397
448
461
90
184
313
176
184
323
242
32
98
257
156
240
126
143
156
161
70
247
76
164
92
31
256
17
93
33
92
130
249
91
88
99
100
24
72
98
97
97
203
21
108
159
85
95
127
193
102
219
250
138
68
25
81
70
0
