331
159
359
350
224
332
138
244
238
238
354
327
192
237
338
200
330
232
337
219
346
229
326
194
306
315
312
213
175
309
313
309
325
208
313
194
211
329
323
318
325
320
334
229
203
203
195
211
207
183
50
190
187
39
176
120
39
93
121
188
190
84
134
173
116
196
44
202
35
52
149
201
59
86
205
48
154
131
204
61
203
63
135
138
119
69
143
206
209
200
58
197
153
47
33
46
49
0
219
103
230
243
113
236
75
78
63
81
231
233
172
101
85
96
255
103
251
102
258
67
246
138
89
249
99
103
93
249
250
267
260
57
102
102
202
102
149
227
103
102
109
49
77
82
187
188
87
185
95
282
192
71
128
66
122
133
123
288
155
135
5
174
5
190
6
140
7
159
10
160
167
179
136
203
5
12
194
195
164
180
12
161
2
150
181
163
150
150
184
155
3
109
0
112
119
3
131
78
149
146
28
141
41
32
46
26
142
141
147
26
117
33
147
40
138
48
149
49
161
114
126
138
165
49
45
167
155
164
160
38
145
50
152
115
159
168
168
167
160
54
83
0
87
95
48
121
97
53
124
17
113
18
18
53
21
118
108
113
10
90
15
110
54
123
60
111
16
119
87
127
120
131
23
21
130
131
135
137
59
131
60
134
108
131
128
135
121
134
23
64
58
119
120
0
7
94
7
9
24
79
8
78
79
13
12
131
67
8
116
17
13
85
126
13
15
9
14
14
128
110
121
70
6
8
132
131
12
9
121
30
84
117
14
11
107
111
117
12
12
8
6
13
0
114
58
82
106
44
117
44
32
52
49
75
82
113
53
74
61
94
65
131
71
123
65
125
77
70
87
124
59
56
118
118
119
126
55
85
41
123
110
115
128
124
59
133
71
70
50
68
66
0
174
82
149
174
58
177
51
163
62
66
196
188
162
141
99
56
164
49
161
47
176
155
146
205
104
214
224
161
168
215
242
152
165
148
212
39
154
197
211
129
156
148
220
36
201
0
201
104
0
154
116
85
135
41
155
38
37
53
46
160
110
145
35
122
38
154
51
125
51
157
52
115
146
113
115
153
60
52
166
154
130
137
49
155
51
131
118
156
155
118
164
129
43
99
0
102
127
57
147
87
143
149
22
87
14
68
29
56
155
145
105
31
146
57
144
23
153
30
137
35
140
122
148
156
144
35
53
140
140
140
156
41
165
55
156
150
121
166
161
165
155
63
106
0
100
102
0
131
127
94
149
53
114
39
43
40
53
161
163
112
44
167
58
168
45
160
43
150
53
150
162
164
167
152
44
32
155
155
130
153
55
132
40
135
138
156
107
142
150
145
47
100
22
95
86
13
111
44
27
108
85
45
51
48
69
84
67
95
31
68
58
40
55
56
98
42
96
44
50
49
99
51
45
25
41
71
105
102
100
68
52
19
103
89
41
112
102
50
97
31
26
30
33
28
28
101
38
81
55
46
107
35
43
49
50
93
102
46
41
100
37
91
52
87
44
104
48
103
86
37
103
98
37
52
101
95
97
100
54
84
16
66
112
66
95
124
127
101
63
44
0
43
48
0
140
62
149
169
51
166
26
54
51
54
150
159
141
119
82
55
151
164
206
174
143
163
151
86
153
210
155
154
165
203
156
155
217
72
202
28
157
104
174
173
195
215
237
48
81
171
73
75
163
145
40
72
160
104
168
70
109
107
111
41
150
48
101
59
17
169
5
53
17
66
75
155
57
63
68
64
12
54
63
64
62
117
18
68
99
61
65
95
112
65
149
148
75
40
14
45
53
0
