218
111
223
221
149
213
66
151
145
149
219
218
142
143
227
140
216
150
214
140
218
144
218
153
214
222
207
140
118
218
193
211
216
133
209
94
128
209
207
203
186
205
209
138
142
124
137
140
133
104
16
91
103
15
91
77
13
65
72
99
100
35
90
106
72
107
13
106
13
16
89
116
21
48
112
12
90
66
107
20
117
20
74
63
63
17
77
99
105
105
18
108
82
8
12
12
11
0
91
48
111
113
38
112
37
36
35
40
129
101
65
39
36
40
111
41
112
42
132
33
119
74
40
131
34
36
52
131
140
135
123
64
35
37
109
40
121
146
38
42
40
64
40
37
80
83
37
101
35
194
96
22
115
78
111
109
104
200
77
63
1
81
1
81
3
62
1
78
2
65
75
76
66
90
1
2
91
92
73
77
2
80
0
75
87
88
73
68
87
84
0
78
0
69
72
0
47
29
43
46
5
44
14
10
22
5
48
43
36
2
39
7
42
5
49
15
41
11
53
41
40
45
63
14
14
58
63
57
68
11
58
15
47
34
53
60
60
59
59
20
34
0
41
39
18
65
66
39
66
10
55
8
9
21
11
66
78
72
8
53
11
74
22
85
30
79
14
70
35
69
56
75
10
8
71
65
69
69
27
62
27
65
42
60
66
68
69
68
7
34
33
52
62
0
1
17
2
2
3
15
1
12
15
1
2
30
5
1
26
1
1
15
25
0
1
1
1
1
33
24
28
17
1
1
33
34
1
1
53
8
31
51
1
1
47
52
52
1
0
1
0
0
0
78
27
42
84
27
85
35
22
34
34
44
50
56
15
40
17
48
24
63
24
62
26
52
50
41
34
55
33
15
55
54
59
57
8
46
7
53
42
54
55
49
43
56
10
49
35
38
41
0
55
31
57
52
12
56
15
123
17
15
130
73
54
63
37
19
59
21
56
17
59
119
60
143
41
139
146
92
132
151
147
66
62
116
153
23
53
107
140
46
57
59
142
18
136
0
134
34
0
62
34
29
57
18
61
13
26
20
24
58
43
47
6
44
18
56
17
41
15
50
19
42
55
41
41
56
20
21
59
56
47
51
20
46
24
47
53
56
57
45
59
48
25
37
0
34
48
23
121
32
126
103
9
75
7
40
15
40
127
109
88
14
99
41
106
11
108
14
106
10
118
93
130
109
113
18
32
111
112
111
113
14
125
40
116
118
92
114
114
116
116
41
85
0
87
93
0
124
47
92
117
15
105
17
18
14
20
115
113
104
17
117
16
121
18
119
7
129
8
131
116
118
117
120
19
16
115
116
95
115
18
113
19
117
118
119
103
117
126
114
20
101
6
103
93
6
36
23
10
34
24
13
21
22
16
27
30
39
20
29
26
23
28
23
46
20
37
22
30
32
36
33
31
13
19
34
42
41
43
23
26
9
37
27
23
40
39
21
38
16
8
11
12
10
12
44
6
35
16
25
44
15
15
27
27
31
45
22
11
46
13
52
24
32
15
42
24
50
26
27
52
52
9
27
53
49
42
53
39
31
21
23
61
47
34
62
62
35
38
24
0
20
20
0
74
34
75
85
34
119
21
37
32
32
77
55
85
112
52
38
95
119
143
129
92
135
89
63
95
141
100
125
138
151
95
101
143
61
146
18
103
73
112
110
134
141
145
55
34
123
35
33
117
105
18
41
121
80
118
70
78
90
78
24
124
28
89
42
8
128
3
37
6
40
83
103
38
37
38
42
7
9
39
40
44
105
8
41
69
38
43
46
91
43
112
106
68
35
6
35
35
0
