233
135
218
227
167
231
104
184
181
185
229
232
145
185
228
136
226
179
227
182
232
171
243
143
225
226
226
154
120
227
221
231
229
153
240
143
142
241
231
241
236
243
243
154
164
155
153
156
159
121
37
117
112
27
116
75
25
51
74
114
110
56
68
108
60
115
22
109
21
36
74
133
33
60
131
32
90
75
140
34
136
32
75
78
64
42
97
122
125
120
37
123
87
30
21
30
34
0
153
62
162
171
64
149
49
49
50
48
165
168
95
61
58
61
178
68
181
62
180
57
145
105
68
176
61
67
40
153
170
168
180
44
56
60
145
61
121
150
59
62
64
34
51
49
118
127
53
114
49
208
102
69
88
57
113
122
120
205
88
61
0
83
0
110
7
64
8
91
9
90
71
100
71
109
1
16
114
112
81
101
19
75
0
63
102
67
73
84
101
66
0
55
0
53
54
0
80
41
78
81
19
84
29
24
32
9
85
78
72
22
65
15
89
22
80
25
90
33
100
59
73
62
103
36
24
103
100
100
95
35
79
27
89
55
106
98
98
96
99
26
42
0
34
42
21
82
83
41
95
25
62
17
24
31
20
94
108
74
18
78
26
91
28
108
36
111
34
93
46
73
70
91
25
14
99
73
99
99
42
92
31
70
52
71
102
104
78
99
28
42
35
62
58
0
8
50
11
9
9
42
7
31
40
6
12
68
16
6
72
8
8
32
75
11
9
8
8
9
53
51
42
12
9
5
60
55
7
5
47
6
29
42
10
5
45
50
51
7
12
8
9
9
0
56
27
41
59
16
51
14
16
19
18
36
43
36
9
42
15
36
15
49
11
49
18
46
45
37
31
43
15
15
49
47
50
49
19
40
15
50
45
50
55
55
29
59
21
40
14
36
28
0
78
41
65
77
17
81
9
128
12
14
157
110
80
71
53
12
73
11
73
13
77
132
82
183
60
173
178
110
149
177
185
80
78
122
175
22
77
150
180
66
80
86
187
19
170
0
169
64
0
72
59
51
71
35
85
27
24
40
29
80
66
74
16
63
23
81
24
63
30
92
23
65
66
51
60
59
27
25
74
69
62
65
28
61
47
57
69
70
71
68
73
77
23
39
0
35
52
39
57
41
73
88
12
54
4
14
19
15
75
80
68
24
84
14
82
11
99
28
97
29
112
76
78
102
111
34
9
108
105
99
101
23
76
14
105
65
75
96
106
99
101
12
51
0
50
56
0
122
71
93
133
33
98
22
26
23
33
133
128
101
25
124
28
125
29
120
17
122
24
120
125
127
131
121
32
28
127
131
101
117
23
120
20
108
114
116
87
113
125
112
26
92
5
90
83
9
55
37
18
59
29
33
23
20
15
28
55
52
29
25
55
25
49
22
53
27
58
30
46
42
68
43
41
15
19
33
56
56
50
23
44
9
45
36
40
41
43
40
43
10
23
11
35
24
9
51
14
46
31
27
56
28
21
28
27
52
56
30
24
61
26
62
30
43
21
55
34
58
43
30
63
59
29
30
61
68
55
65
33
48
14
42
70
38
46
67
66
46
36
21
0
20
19
0
77
36
81
82
35
140
21
38
46
45
88
79
93
120
64
33
92
133
147
147
90
148
89
59
90
144
89
131
137
140
94
90
152
37
149
23
74
59
92
87
130
144
150
33
28
140
31
24
137
87
5
14
78
62
73
47
60
56
60
8
77
15
62
22
6
85
2
19
8
20
61
69
22
19
16
20
8
13
16
23
20
60
6
20
62
15
23
37
60
19
72
74
52
14
6
11
17
0
