336
222
351
350
288
351
180
290
294
287
341
340
231
288
336
250
354
288
357
284
342
281
334
241
342
345
348
269
232
327
337
348
336
283
346
207
222
358
352
352
352
357
358
277
228
250
222
228
263
197
50
198
196
37
200
173
29
142
160
204
213
64
184
233
157
229
40
227
36
61
186
221
50
67
238
36
201
162
236
54
230
54
163
122
126
49
157
197
206
207
41
192
154
42
36
42
42
0
287
113
286
304
105
299
102
85
107
112
319
295
182
91
78
81
299
103
299
130
324
102
283
149
101
294
102
96
102
295
313
302
294
78
91
116
244
105
203
287
118
119
120
71
83
76
207
207
75
231
82
394
249
105
192
116
199
216
219
396
175
140
3
198
1
221
4
150
8
183
10
165
161
176
154
197
3
7
217
207
177
189
6
180
0
170
229
192
142
168
224
198
1
138
0
127
140
2
95
36
94
103
12
98
38
16
41
9
96
104
95
13
95
14
104
20
105
39
101
34
96
79
99
103
100
36
12
102
93
99
107
19
109
33
107
86
97
103
101
108
105
41
66
0
74
66
31
125
73
82
122
2
141
1
2
43
1
124
122
137
2
105
1
125
44
130
56
130
3
123
92
142
138
131
2
2
128
144
127
123
57
134
57
146
111
136
132
140
147
135
7
85
65
130
134
0
2
68
1
2
7
68
2
68
72
2
2
77
50
2
87
2
0
42
83
2
2
2
2
1
84
66
91
24
0
1
97
91
1
2
107
9
80
104
2
2
102
101
101
2
2
2
1
2
0
84
38
53
78
21
80
31
20
29
33
48
50
104
36
50
37
77
47
101
49
102
48
86
54
50
65
90
34
39
85
93
103
93
52
53
21
95
78
98
108
96
44
97
59
45
29
43
40
0
146
64
123
146
41
139
34
244
42
41
268
178
156
142
89
72
161
38
167
73
165
238
154
264
77
246
282
205
246
275
285
152
154
225
253
48
99
219
259
101
127
137
259
40
246
0
234
73
0
137
87
74
110
47
146
36
42
40
50
144
82
104
15
90
27
114
37
82
42
136
42
93
107
81
85
110
36
25
103
109
102
103
36
103
51
89
100
133
120
87
120
97
28
74
0
67
96
52
104
54
124
115
10
78
10
33
19
22
111
108
80
20
114
34
114
11
121
20
123
20
133
95
119
144
145
17
30
139
136
134
126
30
131
25
143
107
103
146
141
139
132
32
85
0
87
91
0
221
95
159
203
10
180
9
51
42
10
189
197
182
39
204
15
223
45
186
16
223
15
231
223
227
215
225
40
36
196
223
177
192
33
219
27
203
217
191
164
211
207
208
29
165
7
164
167
13
65
32
21
69
51
20
40
43
43
51
47
64
18
47
40
30
36
39
65
40
58
33
40
34
69
38
38
9
30
61
71
65
66
62
36
10
72
60
22
65
76
21
72
20
7
24
23
13
18
73
25
39
43
44
83
22
41
48
53
55
78
40
22
86
21
77
44
59
29
72
46
72
55
39
81
74
20
32
72
84
81
85
27
64
7
57
95
58
64
89
77
74
29
40
0
33
35
0
117
53
118
123
18
252
7
20
22
18
127
152
132
225
84
22
138
240
260
247
131
258
150
87
154
287
145
247
255
280
150
152
294
35
283
23
158
98
160
153
243
270
273
33
76
230
70
73
228
139
25
51
136
93
149
75
100
101
93
35
129
40
92
41
9
127
5
43
7
47
72
132
46
37
47
48
7
26
45
44
40
110
4
46
95
42
49
70
112
45
148
132
89
35
4
38
31
0
