294
147
302
305
157
299
100
177
169
172
298
301
178
166
311
145
295
174
306
168
303
159
265
183
263
263
269
154
135
247
264
257
263
145
260
139
183
263
255
249
266
261
272
157
160
151
168
170
157
128
17
125
123
14
128
110
13
106
112
121
151
31
140
150
132
154
11
153
13
20
139
153
19
38
157
16
145
131
155
20
156
22
158
35
152
19
173
171
167
174
13
172
156
13
13
14
15
0
165
64
171
180
50
188
76
74
72
70
181
189
103
50
36
39
185
48
199
90
195
85
176
91
38
191
42
42
73
199
182
185
188
69
38
41
140
44
148
178
34
42
42
69
31
36
114
105
34
201
27
307
197
78
164
92
147
157
156
312
130
87
1
135
0
160
10
115
13
132
19
108
120
143
103
152
1
15
160
151
125
134
5
118
0
117
127
121
128
103
137
122
0
114
0
117
112
0
55
15
58
60
9
63
14
4
12
3
62
60
59
3
53
3
57
4
55
13
58
17
62
52
60
60
54
14
1
63
55
56
54
4
57
14
55
55
58
57
61
58
53
13
46
0
48
46
13
75
41
57
76
1
74
2
1
15
1
75
83
79
2
67
3
76
16
78
20
78
3
83
67
77
78
76
5
3
80
81
79
83
20
82
21
81
70
84
82
81
84
90
3
64
22
78
76
0
0
16
0
0
2
20
0
17
16
0
0
25
9
0
21
0
0
13
23
0
0
0
2
0
28
18
27
15
0
0
27
30
1
0
31
5
16
30
0
0
34
31
30
0
0
0
0
0
0
38
12
23
38
14
37
16
14
18
18
21
21
37
9
20
12
28
19
35
20
37
19
39
24
17
20
36
20
21
37
39
40
40
11
25
5
33
29
33
34
34
20
34
14
23
17
24
22
0
26
19
33
36
8
34
6
157
8
8
142
75
36
62
24
10
35
7
37
10
40
140
30
164
26
169
158
110
160
165
166
33
37
138
164
4
31
122
167
34
32
36
170
3
158
0
150
23
0
37
29
21
36
8
39
13
8
19
8
38
31
32
5
35
8
36
10
38
7
34
8
36
40
44
40
39
8
8
43
37
42
41
7
35
17
37
35
40
36
39
40
40
11
29
0
28
39
20
96
33
110
96
3
81
2
23
3
22
99
89
90
3
92
21
98
4
92
3
101
3
105
90
107
101
91
6
19
98
102
96
91
8
103
20
91
101
81
95
95
96
95
20
82
0
83
87
0
148
62
116
142
8
116
4
13
15
10
142
131
127
15
145
8
156
17
147
7
146
7
160
151
157
163
160
13
12
157
166
142
151
12
153
14
157
155
141
130
150
145
152
15
128
3
122
132
5
31
11
11
33
23
9
16
16
14
25
19
29
16
14
16
16
18
14
26
17
24
14
20
16
31
19
18
5
14
29
20
18
18
28
14
10
31
30
10
31
33
14
35
11
3
7
7
7
4
41
5
10
6
36
39
12
30
34
38
16
37
13
11
42
9
37
37
13
27
35
38
39
15
15
40
48
10
38
40
41
42
44
39
20
17
12
45
37
16
44
49
18
40
9
0
7
6
0
76
28
75
76
37
135
18
34
36
38
75
70
85
139
41
38
82
149
160
157
88
163
89
41
97
156
99
142
155
149
95
103
157
71
155
21
110
80
114
115
145
168
161
62
25
150
24
24
150
99
13
22
97
80
97
64
85
84
87
17
108
19
88
19
6
112
4
18
4
19
89
118
25
19
23
22
7
25
25
22
20
103
8
21
123
20
23
42
115
21
139
133
107
18
5
17
15
0
