216
102
230
226
136
214
107
146
133
138
231
226
115
131
231
118
214
143
234
133
226
135
228
136
225
237
228
131
124
221
229
221
235
128
237
96
110
240
240
231
237
229
240
129
132
120
128
128
118
150
29
153
153
36
155
114
21
100
126
153
131
45
97
138
86
140
27
139
24
36
96
139
41
53
148
28
114
101
152
43
138
48
121
85
102
42
116
146
141
153
33
148
122
29
21
27
30
0
135
53
144
145
47
132
50
48
46
48
142
147
100
39
36
39
135
46
150
50
151
38
125
91
42
136
51
51
32
136
134
140
144
33
47
47
129
43
106
147
44
48
45
31
35
42
100
103
37
144
79
196
144
46
94
33
71
70
69
204
137
107
0
136
0
154
8
114
8
133
10
132
113
145
111
162
0
14
154
164
122
147
7
127
0
112
150
127
116
122
155
118
0
90
0
87
93
0
37
14
40
40
11
43
26
16
27
11
39
47
42
7
43
10
50
17
48
20
46
26
59
25
41
46
58
27
23
63
59
56
60
16
49
25
47
37
53
53
57
50
54
22
26
0
29
25
19
60
62
25
73
13
59
11
15
30
19
73
65
61
7
50
12
65
29
68
30
66
15
59
42
60
55
68
15
13
63
64
59
67
30
67
28
56
36
64
69
65
67
70
14
36
30
59
57
0
2
27
4
4
10
16
3
14
24
3
4
39
11
2
42
3
1
16
44
1
3
3
2
4
32
27
32
5
2
1
40
40
1
3
43
7
22
41
4
3
41
38
45
1
1
3
1
1
0
81
41
64
77
22
82
20
13
22
24
58
62
74
14
56
21
65
28
83
29
82
26
79
66
62
55
73
28
23
75
76
79
80
22
64
15
80
70
81
85
78
50
80
22
54
26
53
55
0
124
59
109
112
42
125
35
100
44
43
121
118
120
85
79
45
113
32
117
42
124
109
118
146
91
146
154
103
122
155
153
125
120
105
155
37
103
130
141
93
109
113
150
28
141
0
130
81
0
89
60
36
89
37
83
22
38
31
36
85
59
80
21
81
44
86
49
60
49
96
49
67
82
44
64
84
44
28
76
84
77
72
46
78
31
76
69
91
99
62
96
72
41
48
0
40
66
30
64
26
75
78
34
54
17
25
38
22
79
87
50
36
85
32
77
15
78
40
88
36
82
57
67
79
80
34
25
88
82
84
81
32
71
24
85
78
74
94
92
83
100
25
41
0
44
46
0
100
60
36
68
21
47
15
40
34
21
71
78
53
37
71
24
96
39
74
19
88
29
102
95
94
94
95
33
34
77
101
58
75
27
87
25
83
74
80
51
71
76
71
28
48
10
47
46
10
52
28
16
58
24
20
25
24
19
34
39
44
26
28
35
26
36
17
50
24
40
24
32
37
45
32
29
13
19
38
43
40
39
20
23
10
36
37
30
33
31
26
37
15
15
11
18
15
10
55
14
54
42
16
56
18
5
13
16
58
56
38
22
49
18
58
19
56
12
60
14
57
56
54
61
62
17
13
67
63
60
60
17
53
11
56
68
59
53
63
72
54
15
32
0
31
34
0
81
34
83
87
24
119
13
24
23
26
87
75
77
100
60
25
91
110
135
111
86
115
83
50
91
134
78
110
110
124
87
93
136
25
131
18
91
56
98
92
117
131
131
26
50
110
47
44
98
62
4
26
58
41
67
33
41
43
45
27
63
28
46
29
12
70
5
27
16
29
42
67
33
29
39
41
11
16
36
40
36
53
9
37
45
30
39
40
54
34
63
65
31
22
10
21
25
0
