316
150
322
314
174
321
120
190
185
184
312
317
188
181
315
170
331
194
314
185
309
191
309
192
313
298
309
167
146
306
298
301
314
164
297
140
192
297
288
303
304
309
298
162
201
178
202
201
172
162
21
154
161
35
155
126
24
102
116
165
154
43
122
171
91
161
27
154
23
46
131
168
38
55
171
33
130
111
168
40
167
39
127
89
103
34
126
165
165
159
27
163
133
29
25
33
29
0
176
68
197
197
61
208
75
70
59
73
190
193
126
45
37
39
188
43
207
76
207
70
188
120
52
198
56
53
64
200
200
197
206
74
41
50
157
55
145
206
53
55
47
63
36
32
130
133
32
160
68
285
165
76
141
79
147
150
148
298
128
108
3
129
0
160
2
102
8
130
8
141
129
161
114
172
4
14
178
184
124
144
4
128
0
120
171
135
131
137
172
136
1
98
0
91
99
0
68
23
74
72
14
75
22
12
25
12
72
73
61
11
60
22
86
29
89
21
85
24
76
53
70
66
80
28
20
77
80
79
79
16
64
25
66
52
72
74
74
77
78
23
43
0
40
41
26
89
54
60
100
12
80
9
12
15
9
96
82
80
3
60
7
70
27
80
25
79
6
77
57
85
82
74
7
5
79
83
76
78
29
81
23
87
68
89
81
81
84
73
8
56
21
77
81
0
2
22
1
3
2
17
1
15
18
0
3
21
14
1
28
1
1
6
26
0
2
2
3
1
32
18
28
16
1
2
33
30
1
0
26
1
17
21
3
2
25
27
27
1
1
1
0
0
0
43
24
36
48
9
49
6
5
6
7
32
36
48
5
32
4
40
9
52
8
53
9
55
38
37
30
49
8
6
55
58
49
55
7
46
0
46
35
51
52
51
34
50
8
31
10
36
37
0
70
33
60
61
13
59
15
159
15
12
165
106
62
80
45
15
64
13
61
12
63
157
61
161
49
171
179
127
163
187
174
70
65
145
178
22
62
153
189
66
71
78
182
19
177
0
173
48
0
83
61
48
78
28
79
20
31
25
26
85
70
91
27
76
43
97
45
58
50
99
45
62
101
66
51
99
53
42
102
102
68
68
38
72
25
81
65
102
93
62
100
73
39
59
0
60
73
28
67
30
75
95
11
51
12
9
26
12
67
94
53
29
93
12
100
16
92
28
99
31
92
66
63
91
76
23
9
85
89
90
90
27
63
11
79
62
76
98
91
89
92
8
58
0
55
58
0
162
75
105
134
19
112
18
29
25
16
135
130
119
31
138
17
169
29
134
9
162
13
153
149
161
165
151
24
25
132
148
116
122
34
154
20
143
150
126
109
152
131
137
14
109
3
111
108
5
58
28
22
62
36
20
25
23
33
40
31
45
26
33
28
17
29
20
39
23
34
21
29
27
54
30
31
10
23
44
51
46
47
37
32
11
55
45
20
59
62
21
60
11
12
15
17
23
12
63
20
59
45
24
64
24
15
26
27
54
75
41
14
72
13
75
37
54
18
75
35
92
54
44
90
92
15
50
91
90
97
93
57
51
10
49
95
62
63
95
103
55
58
37
0
40
37
0
96
32
100
109
56
135
46
55
52
55
103
70
95
125
33
48
101
148
157
157
98
163
80
34
86
159
83
143
149
163
81
87
164
24
156
13
68
50
69
73
155
161
164
29
32
153
33
33
146
67
6
13
65
56
53
49
57
49
59
5
70
8
62
11
1
72
1
10
4
12
56
82
9
10
12
11
2
11
11
8
10
68
0
10
73
6
8
15
74
9
82
82
66
6
1
6
5
0
