284
128
305
310
160
305
96
179
179
171
294
308
131
174
306
134
297
164
308
174
300
167
265
158
259
279
273
156
127
270
283
272
282
158
280
120
168
291
286
291
302
288
292
154
143
129
143
151
130
153
30
151
159
48
162
144
23
120
144
151
157
65
145
176
141
174
46
183
23
52
149
146
40
49
161
20
145
126
160
50
150
47
140
75
105
38
137
149
155
155
22
156
140
20
18
22
21
0
162
57
179
166
81
172
46
50
51
59
182
154
144
74
58
57
154
68
168
44
166
31
158
115
60
165
64
73
43
185
172
183
184
36
62
68
156
71
133
163
66
68
76
33
51
47
127
134
49
167
76
209
178
36
92
35
43
52
53
206
163
133
5
169
4
178
2
123
0
179
1
135
155
157
137
179
5
1
174
175
164
149
0
159
4
143
163
151
125
140
166
155
2
129
0
122
125
3
80
41
87
79
9
81
20
15
26
8
82
78
81
7
69
9
75
9
76
19
79
28
79
67
78
78
80
22
13
80
88
81
87
14
90
23
85
72
100
92
92
94
96
23
59
0
63
64
22
80
53
38
63
3
68
3
4
25
4
69
69
80
3
47
1
68
28
67
27
63
3
69
52
73
70
68
2
3
64
75
71
68
28
67
30
75
44
74
68
70
82
68
6
34
32
76
69
0
5
48
4
3
9
35
2
37
50
0
4
61
32
2
60
2
5
33
62
1
4
3
4
4
61
53
57
26
2
3
67
68
5
2
79
14
69
79
4
4
88
69
76
2
1
2
0
2
0
66
24
45
67
15
70
13
7
16
16
47
51
65
10
43
11
43
13
68
13
59
14
56
42
42
47
57
19
11
52
60
55
58
9
49
11
71
51
66
73
78
42
70
18
43
18
34
37
0
111
54
114
115
25
117
21
98
22
28
132
112
118
72
73
24
128
23
119
24
118
109
112
129
96
130
145
89
109
135
124
108
108
96
119
27
109
130
135
95
121
122
137
21
124
0
127
79
0
104
64
62
93
22
100
28
22
26
29
94
69
114
37
77
43
119
49
64
56
121
49
72
111
70
71
125
51
44
126
114
78
79
46
106
38
94
89
131
126
77
140
88
38
63
0
62
81
38
103
68
99
130
20
75
24
24
39
21
105
113
62
31
118
18
126
21
123
34
123
31
120
73
88
118
116
29
19
129
123
121
116
47
92
14
122
89
98
131
137
141
138
21
80
0
72
83
0
76
58
32
72
32
53
29
37
41
30
75
75
47
48
67
30
73
43
67
25
91
27
91
69
88
92
92
47
40
68
88
41
70
39
70
26
63
54
64
47
54
73
52
31
36
8
36
33
14
60
31
16
61
57
21
29
21
39
53
31
55
23
38
25
22
28
38
56
22
52
26
23
21
63
25
24
20
19
47
53
55
52
45
20
11
47
40
11
50
51
17
61
20
12
9
11
10
17
85
38
56
46
39
88
18
27
43
38
60
80
33
16
79
14
73
43
62
23
76
35
70
51
28
94
78
13
34
78
78
72
82
31
60
13
50
81
56
55
78
80
57
39
41
0
41
39
0
84
28
96
98
35
119
25
37
41
41
93
88
98
82
54
46
107
100
123
105
107
111
98
48
90
116
92
97
112
109
87
83
128
38
106
17
88
57
87
89
98
111
107
33
28
93
34
32
87
77
10
20
86
58
75
51
59
61
63
15
92
21
71
23
5
85
3
19
6
20
66
102
25
19
27
23
10
23
22
24
17
88
9
22
84
9
16
41
99
20
102
106
77
16
4
16
16
0
