219
109
253
243
143
243
82
149
148
151
244
234
131
142
231
125
230
123
240
123
227
136
213
142
209
217
206
124
113
203
215
204
215
138
213
106
126
216
221
223
217
217
227
138
144
123
140
141
120
132
34
145
153
42
147
106
31
88
118
158
145
58
112
154
91
152
37
157
35
43
122
157
48
59
162
40
122
94
163
49
161
47
109
85
77
45
93
136
134
133
35
124
102
32
20
29
28
0
154
58
157
155
56
158
57
58
52
50
166
142
102
50
45
46
156
51
147
50
166
43
154
90
59
158
58
66
59
159
167
153
164
39
48
56
155
58
109
161
56
55
53
26
39
47
115
117
42
146
78
189
146
38
77
29
58
75
62
208
126
109
5
122
2
146
7
96
8
129
10
141
128
127
110
161
1
7
165
159
114
145
9
117
3
116
146
120
113
137
149
120
1
83
0
75
86
3
87
35
95
87
29
95
20
13
25
18
88
85
71
19
71
24
91
30
97
28
88
26
85
52
79
73
84
28
28
80
90
81
86
25
74
22
81
72
83
84
88
82
84
25
43
0
42
50
27
58
62
39
80
13
61
16
16
19
12
80
74
59
11
62
8
71
23
77
28
78
12
61
57
72
69
66
11
8
65
71
67
65
29
72
30
70
59
68
67
72
73
65
12
44
33
68
71
0
4
52
4
4
6
48
4
45
53
2
7
58
43
4
56
6
4
35
67
3
4
4
3
3
60
54
64
25
3
5
67
70
6
2
69
25
54
68
3
3
57
63
64
2
5
5
2
6
0
70
25
43
73
12
72
30
26
32
31
42
47
67
30
47
31
64
33
73
36
74
34
67
42
46
51
66
23
29
64
69
66
70
28
53
17
67
63
67
69
69
45
71
28
47
23
47
43
0
88
60
91
98
25
110
18
107
20
28
117
98
100
83
89
28
99
24
104
30
96
111
96
129
90
126
130
94
108
140
127
91
99
100
136
32
96
118
139
79
99
101
130
23
129
0
120
62
0
91
74
45
89
23
95
23
16
26
23
84
75
91
19
77
25
89
28
68
25
87
24
67
90
67
72
94
30
28
95
87
75
79
26
76
29
82
78
97
98
78
93
84
29
62
0
64
74
27
57
43
68
72
9
55
25
25
27
22
66
80
49
27
81
28
84
23
81
24
88
29
87
55
68
85
92
27
23
85
82
83
91
28
80
27
80
66
67
87
99
85
77
23
40
0
50
48
0
97
59
48
83
32
73
26
42
38
28
89
77
50
36
82
20
97
40
77
20
95
19
99
88
96
86
91
38
37
68
101
55
67
44
90
42
82
74
80
50
81
82
75
21
54
8
50
51
19
61
31
15
70
49
24
25
22
42
43
36
64
20
39
28
21
33
41
60
26
67
18
39
32
61
36
34
13
24
52
62
61
60
38
34
4
56
56
21
56
59
34
58
16
15
12
31
15
10
48
18
37
27
27
53
17
25
25
30
40
52
23
24
52
17
45
28
34
22
51
32
58
34
31
55
59
18
36
58
53
61
47
37
40
12
30
52
45
37
59
64
48
33
30
0
22
31
0
71
30
74
81
35
109
19
27
32
35
73
80
70
85
35
23
68
98
119
104
75
110
77
45
82
128
80
85
96
125
80
82
122
33
112
9
79
49
83
82
106
121
119
32
40
93
41
44
90
68
9
29
64
40
65
33
43
42
38
24
66
26
43
34
7
70
4
31
9
28
42
104
31
32
33
23
7
17
31
31
31
82
7
21
87
27
30
53
94
28
114
114
79
27
8
31
20
0
