251
104
243
258
158
255
106
169
174
172
240
236
138
171
236
143
236
164
244
164
225
167
229
137
221
226
230
147
119
216
225
222
223
162
216
129
121
222
237
236
227
227
232
157
128
132
129
130
132
161
41
160
155
42
162
102
30
84
106
159
131
65
102
158
93
151
50
146
35
66
111
139
58
60
152
47
103
88
135
57
152
63
113
104
84
63
104
153
156
161
43
161
110
37
27
32
35
0
169
85
167
174
76
179
48
50
51
54
183
186
131
70
53
56
181
61
186
60
193
45
166
115
66
176
63
68
53
178
179
170
169
44
59
58
152
61
106
180
68
67
67
32
43
40
131
130
40
123
72
201
137
53
84
38
75
79
78
194
120
98
6
114
3
127
5
97
9
125
10
140
110
142
99
144
9
18
152
150
119
134
9
116
1
113
139
120
106
115
131
119
2
76
0
76
76
3
97
45
100
93
31
101
28
21
33
28
103
87
81
18
63
28
94
36
94
31
90
32
84
69
70
87
88
36
25
85
84
86
89
42
79
29
86
94
112
104
108
110
113
32
49
0
48
48
26
66
67
31
85
18
63
16
18
25
17
80
76
69
10
65
15
81
24
83
27
77
17
80
57
75
69
84
20
18
89
71
82
88
27
82
30
76
67
71
80
85
74
88
22
43
24
57
68
0
7
58
9
7
17
54
8
51
48
10
7
63
29
9
65
8
6
36
70
8
9
9
10
8
67
55
66
35
9
6
78
74
8
7
60
18
57
64
7
5
66
71
64
10
9
6
4
9
0
81
41
54
89
23
92
40
26
37
39
59
56
87
31
56
38
83
43
94
41
96
41
86
57
56
74
96
38
40
92
89
90
95
39
64
29
83
77
89
76
81
54
83
39
60
29
49
53
0
99
74
86
109
20
106
21
109
20
20
113
114
108
78
91
27
106
26
117
27
113
132
120
144
92
147
171
122
135
160
169
119
130
131
169
34
106
159
178
117
127
119
170
32
158
0
159
85
0
73
49
33
76
34
85
23
34
36
40
71
55
77
21
69
32
73
33
53
36
77
33
57
77
60
56
72
36
30
72
80
67
61
30
63
31
70
60
80
83
54
88
55
29
45
0
38
53
28
73
36
84
78
13
53
22
35
36
33
85
78
50
27
83
34
81
20
78
26
78
22
85
64
77
91
96
27
33
95
92
95
95
29
94
29
87
88
76
94
100
94
91
33
49
0
50
55
0
104
81
47
96
35
67
31
50
43
37
90
82
59
45
75
21
97
52
78
17
113
21
112
90
121
115
123
50
47
77
102
61
77
39
101
38
89
82
73
52
82
72
69
15
61
11
49
56
10
55
29
26
57
33
19
21
18
26
29
33
48
27
29
32
21
31
25
55
25
57
26
36
28
54
39
36
15
22
41
53
53
53
34
27
14
56
38
28
51
59
25
55
17
19
14
18
16
11
63
19
45
47
29
63
22
24
28
29
51
66
32
22
65
20
62
38
58
21
63
35
72
54
43
71
83
20
38
79
76
69
74
32
54
14
51
76
59
55
75
75
56
36
33
0
32
34
0
69
29
84
76
19
112
8
21
19
25
67
59
70
109
51
22
76
114
121
109
76
114
82
65
88
132
87
107
118
139
78
86
134
26
135
17
85
70
76
76
124
145
136
24
40
115
35
42
114
95
19
40
97
56
93
31
50
62
56
26
88
56
57
32
6
91
5
33
6
37
46
94
36
34
30
36
6
34
36
30
33
67
5
29
53
33
31
57
79
38
94
94
52
34
7
34
32
0
