343
164
357
359
192
344
138
218
219
211
351
353
161
209
360
178
345
210
349
202
363
207
317
186
312
329
328
195
177
310
325
327
331
208
311
179
234
339
337
337
347
346
347
212
178
196
193
192
186
211
47
217
228
24
231
186
21
163
194
230
210
54
192
228
189
235
18
217
23
31
197
225
33
56
220
23
206
171
221
30
233
35
180
120
164
30
176
223
219
222
33
221
182
27
25
26
30
0
259
108
284
283
100
290
131
109
114
124
283
294
171
101
82
85
302
95
312
143
309
121
250
144
94
276
103
101
133
283
278
278
292
105
96
101
201
97
167
251
104
104
100
94
81
75
171
164
74
256
77
341
256
102
170
67
132
150
146
360
191
140
2
206
1
220
3
173
7
193
10
171
191
201
163
229
1
5
221
221
193
200
5
191
0
182
216
197
179
171
222
191
1
173
0
167
174
1
89
36
95
92
7
92
32
20
35
9
95
95
91
10
79
11
90
16
95
32
93
33
91
73
85
83
86
34
11
89
89
87
91
14
94
30
93
90
94
91
88
95
96
38
63
0
68
64
32
143
72
96
127
7
134
7
5
50
7
123
140
154
4
110
2
131
55
138
59
135
5
145
114
147
152
150
9
7
154
152
145
151
61
155
61
152
114
149
160
161
161
160
16
108
57
150
153
0
1
77
1
1
6
74
1
70
80
0
1
88
46
1
95
1
1
48
93
0
1
1
1
1
84
57
77
22
1
1
88
83
1
0
84
19
57
89
0
1
85
86
85
1
0
0
1
0
0
120
58
76
131
61
131
49
29
47
50
82
86
121
44
84
50
101
71
128
64
130
69
137
78
73
87
136
68
74
127
133
132
140
54
84
26
131
106
130
135
127
71
132
60
83
66
73
77
0
124
62
120
141
52
133
48
168
49
52
197
155
139
107
72
55
137
39
140
57
144
159
151
191
68
175
207
153
160
199
198
139
148
151
184
44
92
179
206
91
118
120
194
31
190
0
188
68
0
127
100
75
106
36
132
40
26
52
36
128
97
122
18
112
36
128
37
101
41
126
42
117
117
87
95
127
29
25
122
119
108
107
19
104
53
94
106
111
109
96
112
108
28
80
0
78
104
50
142
48
152
96
8
62
8
78
12
70
142
96
73
21
99
67
106
12
102
25
101
19
112
82
142
117
107
16
72
96
103
100
114
27
137
72
106
133
78
112
107
115
114
64
77
0
86
75
0
146
100
118
142
24
120
15
29
26
25
155
154
120
25
154
30
162
24
155
25
161
30
169
164
162
169
152
25
23
155
158
119
153
20
146
19
140
156
168
115
146
168
151
55
116
8
112
108
7
82
43
25
94
58
30
43
49
54
61
51
65
33
46
45
37
52
33
64
47
67
37
48
43
74
44
44
20
38
65
77
74
69
44
42
14
70
52
36
57
59
38
61
20
12
16
25
17
18
71
20
61
49
33
73
26
22
35
34
61
84
28
20
89
26
88
48
72
33
87
52
91
62
45
93
88
21
47
86
96
95
94
53
50
13
52
92
55
58
79
90
55
48
25
0
34
30
0
150
66
144
146
49
196
23
45
46
47
143
133
137
143
99
47
153
148
207
160
156
181
157
95
173
220
181
165
165
207
175
175
214
68
211
23
179
120
188
181
190
205
219
67
79
163
72
76
151
143
40
85
158
81
153
68
81
77
82
63
170
58
86
83
11
174
6
75
17
90
77
184
81
86
83
87
15
42
88
86
85
157
15
86
125
71
89
116
165
86
212
199
116
63
12
65
65
0
