176
92
196
182
104
196
57
117
114
111
190
187
120
107
187
97
189
107
185
112
188
114
188
115
195
191
194
100
85
191
181
201
190
106
215
84
119
207
205
203
210
217
214
111
123
98
111
113
102
123
18
119
121
18
113
101
12
84
104
126
127
36
116
130
102
136
20
133
15
14
115
116
16
44
119
15
117
102
119
18
127
18
120
48
106
18
116
139
145
141
16
137
123
17
16
17
18
0
142
44
146
153
50
142
66
64
64
73
162
153
90
44
43
44
158
42
158
80
165
59
147
73
41
157
48
51
71
161
162
161
155
58
48
55
116
49
96
141
51
53
49
53
37
34
89
88
39
122
26
171
130
54
80
26
74
69
75
173
99
77
0
104
0
105
1
105
1
101
2
70
101
94
80
106
0
2
100
111
95
96
1
99
0
96
113
107
105
89
111
103
0
94
0
98
96
0
53
30
57
57
3
59
22
12
20
2
60
69
66
5
52
8
65
9
69
21
73
24
66
59
58
69
66
25
6
70
71
66
69
6
79
23
62
60
63
64
69
64
63
22
42
0
48
49
19
71
38
50
70
7
66
8
8
19
9
68
70
67
5
57
8
66
26
67
22
69
5
75
69
76
73
77
11
11
76
81
84
81
29
90
26
83
68
74
86
91
77
89
19
53
32
74
80
0
2
41
2
2
3
40
0
38
38
0
2
46
32
1
38
1
2
27
40
1
1
2
2
1
61
35
63
41
1
1
58
59
1
1
62
35
61
62
2
2
71
63
64
1
1
1
1
1
0
55
25
54
66
19
65
21
14
22
20
48
48
58
20
48
13
47
20
56
23
61
24
66
50
43
50
62
26
18
66
64
61
63
21
52
15
71
62
70
76
75
48
68
23
51
26
43
44
0
95
54
86
110
28
107
23
77
34
34
125
118
110
62
74
38
110
30
110
36
102
74
108
131
81
123
137
76
87
133
139
113
103
78
134
37
96
122
132
93
118
125
137
25
128
0
121
66
0
101
64
52
100
34
104
16
32
21
38
102
71
112
37
82
39
101
46
71
50
110
44
68
96
78
62
104
41
38
99
102
65
69
37
90
23
82
73
101
98
73
105
75
26
60
0
54
72
23
67
36
69
78
19
57
15
21
32
22
69
98
50
32
97
24
91
28
99
33
100
34
101
65
74
104
102
36
20
104
110
110
108
47
89
23
82
72
76
114
117
113
116
24
52
0
52
54
0
77
84
43
101
42
52
42
17
15
43
102
100
53
13
97
35
72
14
93
28
77
33
72
73
76
70
75
10
11
84
75
58
99
12
72
8
69
71
99
50
71
103
68
48
62
0
60
60
2
59
23
14
64
46
13
18
20
42
48
24
40
16
29
23
16
23
24
43
19
44
21
24
18
59
24
24
17
18
52
58
62
63
51
28
14
65
57
19
66
66
13
67
14
5
10
16
9
9
68
29
50
43
33
82
17
26
37
34
45
65
32
14
63
18
65
24
53
17
72
25
70
51
36
63
66
16
31
65
65
67
66
30
53
14
44
66
48
49
65
75
51
30
34
0
32
33
0
89
38
91
92
35
97
21
34
28
32
92
72
71
69
48
23
78
81
110
85
76
90
76
44
77
122
82
85
91
110
74
75
121
25
117
15
81
64
90
81
100
117
113
32
51
86
52
47
85
67
12
28
69
45
64
39
48
47
42
19
80
25
65
29
9
81
4
25
12
22
55
95
25
20
26
26
10
17
22
23
24
87
10
29
71
17
21
35
78
26
78
95
61
16
8
15
16
0
