194
91
202
212
119
206
88
125
128
117
204
213
110
134
213
95
216
132
213
127
209
122
200
99
219
207
210
119
96
210
206
210
220
120
204
89
97
211
198
218
213
208
210
118
104
97
90
97
101
106
29
105
109
24
108
90
15
67
89
113
120
38
106
132
98
131
24
119
16
34
103
141
33
42
151
26
121
103
146
34
147
39
113
70
101
39
114
145
149
152
24
143
116
18
13
17
18
0
139
52
157
145
68
155
67
55
58
60
150
138
82
52
48
50
140
58
146
52
156
49
126
84
51
130
56
63
49
136
141
138
144
38
52
58
118
53
100
129
51
54
61
33
44
50
101
102
46
139
63
172
139
39
72
37
58
63
62
175
113
89
2
118
1
132
3
85
5
122
6
103
98
98
96
121
1
3
110
108
101
93
8
105
1
90
127
106
96
105
131
104
0
83
0
85
90
0
52
19
53
56
11
55
21
18
24
7
55
65
46
9
49
16
64
24
65
20
71
18
70
51
46
52
70
19
16
75
70
69
77
17
56
19
59
56
59
61
65
68
65
18
29
0
29
30
20
72
57
29
66
7
65
7
9
23
10
68
66
71
4
62
8
64
32
69
27
61
10
78
50
78
71
76
10
10
74
81
74
71
33
78
31
78
52
74
82
84
81
83
11
50
28
71
67
0
2
55
2
1
9
47
0
46
50
1
2
60
39
0
51
1
0
30
57
0
2
2
3
1
51
46
53
17
1
2
49
50
4
2
49
10
40
49
2
1
45
48
43
1
1
2
0
0
0
52
28
32
56
10
56
16
11
17
12
39
41
61
12
33
19
52
19
67
20
60
19
56
46
35
41
53
16
16
57
60
52
53
15
38
9
59
48
54
52
51
33
54
14
40
16
32
31
0
75
54
78
83
17
73
14
78
16
11
98
89
85
69
61
18
82
12
80
14
78
97
91
118
58
112
125
94
102
134
129
91
84
90
119
22
78
124
122
72
85
84
126
13
117
0
114
67
0
64
45
35
68
10
72
15
11
27
12
67
54
59
13
62
14
65
22
50
17
66
20
56
76
49
50
71
25
22
76
66
61
63
28
72
27
62
60
80
73
62
76
69
23
41
0
42
59
29
71
31
76
79
11
58
10
20
25
19
80
82
65
22
84
21
96
21
90
20
87
25
76
59
75
80
76
21
21
81
78
80
81
29
70
20
88
68
65
93
90
94
82
24
50
0
50
52
0
72
56
31
59
25
52
23
36
33
27
65
57
44
31
57
15
80
31
54
16
72
14
76
64
85
83
84
37
37
59
81
39
56
35
71
34
72
71
57
42
65
62
66
12
41
15
45
38
6
43
28
11
43
30
16
29
26
26
31
25
35
18
26
25
25
28
19
41
25
42
19
30
24
37
25
26
16
16
29
40
31
33
32
26
8
40
29
21
44
40
25
42
13
10
11
15
9
10
42
11
29
21
14
41
16
13
19
24
31
33
15
16
37
15
34
20
29
8
36
19
33
28
15
30
31
12
17
41
38
36
35
18
28
10
25
33
26
24
32
35
26
20
17
0
13
17
0
55
27
47
55
14
85
6
17
15
14
56
66
67
66
37
24
76
92
91
94
78
93
79
46
81
100
80
92
95
104
78
85
119
34
99
16
80
67
87
83
101
111
105
32
37
87
32
36
83
57
20
26
65
43
66
43
44
50
46
21
64
25
42
25
10
65
7
29
11
30
37
78
30
24
28
27
9
12
25
28
26
62
9
26
70
23
26
46
75
22
88
87
64
19
5
16
17
0
