231
129
255
253
138
244
97
156
153
150
235
253
136
147
254
121
262
151
251
149
249
145
226
134
235
218
238
137
111
224
227
234
224
139
223
107
129
224
230
226
229
226
228
143
126
112
129
131
122
159
34
153
159
34
150
109
17
83
112
160
153
39
112
161
106
161
21
167
18
39
116
151
39
45
152
30
111
91
144
46
148
46
90
71
71
27
96
120
129
119
21
122
91
25
16
24
19
0
131
57
154
142
49
140
37
32
38
38
150
142
112
46
35
43
147
54
164
53
163
46
155
97
48
167
48
50
49
159
161
163
164
47
42
42
141
52
127
170
49
48
55
44
42
39
126
117
43
146
72
202
142
51
91
43
82
84
86
220
126
97
1
131
1
150
8
103
8
137
16
119
126
130
114
156
1
9
155
155
122
148
9
122
1
117
164
133
119
138
167
134
1
89
0
86
88
1
80
39
93
91
28
89
21
14
24
21
87
93
69
22
63
23
92
30
92
28
96
20
83
70
67
66
86
21
24
83
95
85
83
19
67
24
70
69
81
81
81
86
81
27
45
0
46
47
17
51
42
31
56
10
53
11
9
24
9
55
62
58
8
56
15
59
21
68
29
66
16
73
47
61
60
76
18
15
75
64
69
76
28
67
26
73
53
58
77
75
67
74
23
34
29
58
60
0
5
47
6
5
11
26
2
30
29
2
6
64
31
4
55
4
5
43
56
4
7
5
7
6
49
49
48
14
3
5
58
63
5
3
57
10
41
62
3
7
58
65
63
2
3
3
1
4
0
88
40
63
92
37
84
33
22
38
34
63
65
98
23
60
31
74
40
100
45
98
42
81
61
52
48
72
53
37
80
79
86
78
31
62
15
88
73
77
85
78
63
92
26
62
52
54
57
0
104
44
97
101
34
101
28
107
35
36
112
105
93
86
54
37
98
29
98
38
96
113
95
139
66
136
139
115
120
141
147
92
93
109
133
25
80
125
143
75
90
92
144
23
137
0
136
57
0
94
63
50
86
24
98
25
22
34
25
102
74
88
15
60
26
102
23
64
26
97
20
77
83
67
61
90
15
15
102
94
72
79
24
81
40
65
71
89
69
66
78
74
18
46
0
45
62
35
76
30
69
57
10
30
12
43
16
41
69
57
42
12
53
54
49
13
49
14
57
18
55
37
70
51
48
16
43
53
51
49
51
21
76
39
57
66
49
59
60
62
64
38
32
0
31
29
0
104
58
55
86
21
73
14
35
30
21
89
74
58
31
81
18
100
36
78
14
92
12
98
91
100
93
90
27
28
82
103
65
78
30
81
23
86
89
90
66
86
93
88
29
59
5
56
56
13
60
36
13
59
37
22
28
31
35
44
37
52
24
44
29
23
25
30
48
26
50
22
35
30
58
28
28
24
21
40
58
67
64
45
23
16
70
47
21
63
63
25
64
9
10
9
14
10
7
42
12
32
23
29
51
18
19
28
26
36
48
23
19
46
15
36
25
34
18
46
29
53
36
17
54
47
17
35
57
61
52
51
32
34
11
30
53
36
32
57
58
36
34
15
0
17
19
0
86
36
95
88
25
126
17
27
26
25
93
83
85
90
54
27
88
102
137
119
89
119
77
38
77
133
87
115
112
140
88
90
154
17
148
8
80
58
82
73
132
155
161
15
49
117
50
51
118
79
19
47
79
27
70
24
30
30
29
26
79
34
41
44
10
75
2
41
11
51
36
76
35
31
36
51
13
11
42
46
37
72
7
44
44
36
41
56
71
48
83
80
33
36
4
35
37
0
