267
132
271
273
151
279
76
153
161
160
272
274
165
152
275
133
271
153
278
155
278
147
242
154
245
239
231
140
124
237
231
228
244
144
231
127
149
238
237
232
231
233
239
145
167
135
164
176
145
100
30
104
106
21
104
55
17
45
61
111
100
37
62
108
52
102
27
103
22
31
68
128
41
42
139
28
109
86
132
45
145
47
102
86
87
48
103
148
149
151
37
157
108
26
26
29
30
0
132
63
147
139
57
152
51
52
41
42
159
129
109
49
45
46
135
55
149
34
148
26
124
84
56
134
56
50
33
147
151
139
144
43
46
59
125
64
108
152
59
58
57
41
51
46
112
113
45
91
29
187
99
57
90
74
119
114
122
191
67
43
1
73
1
70
0
56
1
69
0
55
69
70
50
74
3
1
83
72
67
69
0
70
2
65
76
75
68
53
84
71
2
51
0
51
48
1
71
53
74
82
7
81
29
22
32
5
79
92
79
10
83
8
94
16
92
28
89
33
94
67
85
86
100
28
26
99
108
103
102
33
82
27
102
65
120
118
116
108
122
29
63
0
60
62
28
64
74
35
81
23
69
17
21
29
22
83
88
67
10
70
29
92
26
101
33
99
31
96
42
72
73
104
36
28
103
75
105
99
29
118
29
68
61
68
126
124
67
116
55
29
29
48
56
0
7
59
9
10
17
41
8
37
46
8
11
74
18
5
81
6
7
42
79
5
7
7
7
6
74
62
65
26
7
8
83
83
7
8
52
12
38
52
8
8
53
51
46
7
8
7
5
10
0
43
18
29
45
8
45
14
13
13
14
27
29
37
8
33
12
31
12
41
9
41
12
38
39
33
25
39
14
14
45
44
38
47
16
32
8
47
33
41
49
40
28
48
12
31
16
26
28
0
66
26
63
72
8
75
6
123
7
8
165
93
69
61
55
5
73
2
78
6
77
119
71
164
53
166
175
102
124
174
166
65
71
112
164
5
74
141
166
67
77
76
160
2
165
0
167
58
0
63
62
37
63
13
70
20
14
33
9
63
62
71
11
61
18
71
16
71
18
81
19
71
65
50
63
72
17
12
71
66
67
71
15
63
34
60
70
75
73
68
76
72
23
49
0
55
71
36
86
38
101
108
12
91
9
21
22
16
104
105
88
16
108
16
113
12
110
17
113
16
111
84
100
110
111
20
14
109
104
109
110
29
97
8
114
93
101
129
120
132
122
13
84
0
89
87
0
111
80
91
134
39
88
34
13
14
41
135
116
96
20
118
26
114
18
121
31
116
28
109
112
117
116
121
15
21
121
123
94
125
18
117
15
117
109
126
96
105
132
113
29
93
3
104
92
9
66
41
27
72
35
37
28
29
32
35
52
61
34
30
49
32
48
23
64
26
58
25
52
45
66
47
46
16
28
47
63
65
61
28
46
14
64
50
46
64
61
49
65
21
25
17
40
28
12
66
16
37
17
47
60
22
36
42
41
41
58
22
26
59
22
60
40
43
31
44
43
63
35
33
67
65
18
42
61
63
64
70
53
42
22
42
78
61
42
76
79
36
49
13
0
10
13
0
78
25
84
78
45
107
32
47
47
49
81
60
78
100
41
37
73
122
134
123
75
128
86
49
87
128
88
116
128
128
87
99
128
57
130
30
95
70
101
101
122
136
131
53
19
123
23
21
126
103
13
23
100
89
103
81
86
81
87
13
103
36
81
20
5
99
2
16
7
17
75
94
19
19
18
25
5
28
22
23
17
76
4
23
86
14
16
33
92
16
107
94
77
15
4
18
15
0
