208
88
212
203
80
203
57
82
79
90
218
219
98
84
216
67
216
81
225
81
215
77
197
83
199
202
199
78
67
200
203
188
202
75
200
71
75
199
208
201
202
201
202
71
96
71
94
100
72
123
19
123
114
8
119
114
6
112
115
122
127
23
129
131
131
134
8
136
9
12
128
151
15
23
151
10
133
129
142
16
151
12
156
32
147
19
149
163
155
168
9
172
155
7
7
8
7
0
135
35
131
134
28
144
78
84
76
80
148
113
68
23
17
22
119
19
123
56
119
53
113
68
22
121
24
27
54
117
110
115
120
62
26
35
86
33
88
124
34
42
37
60
19
11
69
66
18
139
32
175
147
41
101
26
48
52
51
179
125
98
1
131
0
126
0
118
0
124
0
84
120
121
100
125
1
2
127
125
116
102
3
124
0
113
123
124
112
91
123
122
0
114
0
107
116
0
39
14
43
41
3
40
4
4
3
0
41
47
43
2
40
5
43
5
45
5
47
5
43
40
40
42
51
5
6
46
45
46
49
5
46
3
44
39
50
47
48
45
42
5
39
0
32
35
6
73
24
59
71
1
76
2
1
12
1
70
85
72
2
65
1
77
12
74
12
76
3
75
67
78
70
73
2
1
77
77
79
78
11
73
13
81
63
82
75
76
77
72
3
65
17
78
72
0
0
8
0
0
1
10
0
9
8
0
0
9
2
0
13
0
0
5
12
0
0
0
0
0
15
9
11
2
0
0
12
12
0
0
15
1
13
16
0
0
18
17
16
0
0
0
0
0
0
26
14
24
28
4
28
2
2
2
2
23
24
30
4
20
3
20
4
30
3
30
4
24
23
23
18
30
5
3
24
30
29
29
2
27
0
27
22
27
28
26
23
28
3
26
5
25
23
0
55
25
41
51
6
57
8
56
8
7
76
57
50
33
33
6
47
4
46
4
46
62
59
88
43
82
89
54
63
93
86
58
65
56
88
5
46
71
86
45
44
45
88
3
79
0
77
32
0
59
46
28
46
9
58
7
12
9
12
55
48
57
5
51
15
62
17
44
21
67
17
49
59
49
44
67
18
17
67
59
48
45
14
50
12
54
50
56
57
52
60
56
15
47
0
50
47
12
81
37
92
102
12
81
7
8
17
6
92
108
81
13
101
6
103
14
100
16
109
17
111
89
99
119
121
25
7
114
118
124
118
32
84
4
103
84
91
122
118
120
122
4
85
0
85
88
0
50
36
36
58
22
38
19
13
13
19
57
58
46
17
48
22
53
13
53
14
55
19
56
53
59
53
55
14
16
56
54
48
53
13
54
14
50
50
56
39
50
61
49
24
35
4
38
37
6
36
13
6
34
32
10
12
12
27
36
18
35
14
36
14
10
14
28
39
11
44
15
12
11
47
15
12
4
12
37
44
42
41
38
14
3
45
41
9
43
43
10
47
8
5
8
8
5
4
40
12
21
19
22
47
5
25
26
23
24
41
14
6
37
5
37
24
15
20
40
23
48
13
23
48
47
2
27
46
46
45
45
29
13
11
13
43
36
15
38
47
15
30
14
0
15
14
0
49
15
47
48
28
58
27
37
35
37
57
40
58
53
35
37
49
67
74
68
58
69
68
30
71
71
73
61
65
77
71
69
79
52
71
18
69
61
79
79
68
70
73
51
14
66
14
16
56
76
6
6
81
74
79
75
72
76
79
4
97
17
76
7
1
85
1
7
1
8
86
104
8
5
6
8
0
20
7
6
7
101
0
6
114
7
5
12
112
5
107
113
104
3
0
6
4
0
