318
152
322
326
229
339
143
256
244
252
326
309
213
236
337
203
336
236
321
245
320
222
325
231
326
340
307
218
192
322
332
318
331
221
332
200
235
335
348
333
347
342
337
219
203
226
199
205
201
225
45
230
217
55
222
180
50
133
179
219
200
114
174
214
142
221
54
216
52
60
173
217
61
100
231
50
183
137
225
68
225
71
173
127
138
62
175
234
235
231
56
219
177
55
53
52
62
0
265
80
267
270
117
273
89
88
88
100
290
253
191
113
102
110
257
113
268
93
271
85
271
195
110
283
118
129
112
274
285
282
277
98
116
129
232
126
169
259
125
122
135
97
109
100
191
202
112
239
96
341
245
89
128
50
105
118
110
346
192
153
5
201
2
229
2
163
5
215
7
180
190
195
163
219
3
0
228
225
190
195
3
196
4
191
202
203
162
176
214
187
2
147
0
141
157
3
130
64
135
125
15
131
56
37
62
6
133
130
146
12
113
13
130
17
128
57
126
61
129
112
128
138
137
59
14
128
138
135
131
21
157
58
135
117
140
149
148
146
142
58
91
0
94
95
56
139
116
82
127
6
130
8
14
59
10
136
138
137
8
101
13
142
65
143
84
151
12
145
111
152
141
157
17
15
153
150
151
149
77
154
75
159
113
147
154
149
160
148
23
73
74
132
131
0
3
66
5
6
16
38
5
42
49
4
5
90
42
2
103
4
4
63
92
4
5
5
6
5
110
67
113
72
3
6
113
122
7
3
85
18
67
99
5
6
96
95
91
1
6
4
2
5
0
148
62
93
142
49
142
56
38
55
54
96
95
130
35
94
50
104
63
142
59
140
61
122
93
88
81
119
56
59
125
118
128
120
56
91
30
145
108
138
142
150
88
154
58
94
61
75
79
0
192
112
198
200
60
202
46
160
71
61
197
212
201
149
107
94
222
61
218
91
205
160
231
221
104
206
237
147
185
233
241
220
231
170
224
87
193
208
240
165
227
230
233
55
234
0
210
117
0
210
122
108
185
61
188
45
53
68
61
194
135
179
50
167
75
189
94
127
92
200
85
151
202
158
134
205
90
78
202
216
158
156
84
190
77
182
161
197
198
147
199
162
64
114
0
105
140
62
166
54
163
161
35
78
17
66
39
59
157
166
111
35
166
61
153
24
155
41
164
40
154
117
153
153
146
34
65
145
149
153
144
32
159
60
150
145
132
150
147
160
144
65
98
0
92
89
0
119
108
72
116
42
100
38
35
41
47
129
130
97
43
126
51
149
49
146
43
141
52
153
133
157
164
143
57
54
125
142
102
135
53
135
55
113
121
130
88
109
120
120
49
79
15
81
66
18
97
58
26
98
73
43
51
57
56
74
53
88
44
63
63
53
54
51
77
54
83
51
47
47
78
48
52
28
39
68
84
82
81
79
46
25
98
92
35
110
106
48
111
39
18
40
35
18
26
134
55
105
72
45
127
40
30
56
51
124
148
69
38
132
27
139
75
104
41
151
68
125
101
81
139
134
34
60
136
137
140
139
56
111
14
95
140
92
122
143
139
114
71
68
0
71
66
0
173
77
193
196
49
215
28
50
55
58
190
187
185
144
106
55
196
159
194
187
191
186
194
112
198
219
186
154
180
205
200
197
232
58
201
27
191
126
182
190
201
222
218
50
93
174
94
94
167
158
32
72
166
102
168
80
101
105
106
43
166
57
106
69
19
172
11
63
20
72
79
184
69
59
80
73
18
52
77
87
72
147
15
74
109
55
84
111
126
69
177
181
88
51
13
59
54
0
