228
154
235
231
156
238
113
166
165
172
240
239
138
178
238
154
246
169
239
161
233
163
224
153
220
229
219
154
143
214
223
231
230
158
240
146
141
249
262
247
249
248
258
162
165
159
165
170
165
158
14
159
161
17
159
130
15
129
136
161
144
34
117
138
104
145
23
136
19
23
120
101
26
23
97
15
76
70
103
25
95
27
67
53
47
20
64
90
81
84
14
83
60
14
15
12
15
0
136
58
142
147
44
147
35
31
29
31
146
164
101
44
38
39
176
39
178
65
176
44
179
96
49
181
45
52
67
179
191
188
181
69
54
54
155
51
153
207
56
49
59
65
36
36
133
139
29
147
76
252
148
68
122
64
131
138
134
267
122
92
2
125
1
153
9
104
10
129
12
117
119
135
108
155
2
15
150
156
119
145
9
126
1
105
149
119
98
130
142
132
1
92
0
93
97
1
60
21
67
72
27
63
17
8
18
20
67
58
47
4
48
18
60
16
58
21
57
17
48
31
43
41
53
17
16
52
49
52
51
9
50
16
38
37
40
39
41
46
41
17
24
0
24
26
17
55
62
30
70
9
51
9
9
20
9
70
84
60
9
56
14
74
26
77
21
82
12
71
41
61
58
79
9
5
75
60
76
75
25
75
22
58
39
63
77
73
60
74
13
29
20
52
50
0
0
27
0
0
4
16
0
14
15
0
0
44
12
0
49
0
0
28
49
0
0
0
0
0
49
40
32
25
0
0
50
50
0
0
53
7
34
52
0
0
53
48
55
0
0
0
0
0
0
137
62
95
140
34
141
43
24
39
41
92
95
118
28
89
21
89
39
128
37
127
45
131
96
81
62
131
43
41
132
120
146
131
33
91
14
124
102
130
135
129
84
132
38
85
41
81
77
0
84
49
83
90
24
91
22
161
25
31
171
129
89
96
57
32
97
27
95
32
94
154
88
177
69
186
186
133
169
172
181
83
86
135
172
23
75
156
170
72
92
88
191
25
178
0
171
57
0
94
56
50
98
47
102
21
38
22
49
103
54
101
28
86
50
106
54
54
57
109
53
58
95
58
55
98
52
45
97
97
58
65
50
83
26
88
65
105
114
55
112
66
46
48
0
47
53
25
61
19
63
85
14
62
44
47
42
46
69
82
37
50
82
44
78
42
81
50
79
49
77
36
66
77
79
54
37
78
81
80
77
37
55
39
43
61
63
69
72
73
73
35
26
0
23
25
0
148
67
99
124
23
110
14
31
27
27
125
119
104
31
120
19
143
34
127
17
134
18
153
144
152
152
143
32
31
129
144
116
140
30
140
23
128
132
128
118
130
122
131
18
105
6
105
100
6
40
18
12
45
29
20
16
20
26
32
25
29
17
23
21
19
22
20
42
26
35
19
24
26
50
28
27
13
18
46
46
45
41
22
24
7
41
36
16
42
44
20
42
14
9
14
14
14
14
66
20
64
51
18
79
13
11
21
20
61
82
58
10
71
15
73
19
56
14
72
14
81
61
59
82
83
16
25
85
82
86
78
27
66
10
64
81
72
58
84
85
65
31
46
0
45
49
0
89
41
94
93
31
141
19
33
33
33
94
56
90
128
62
24
93
148
170
157
87
157
88
57
88
170
88
142
147
171
88
89
170
25
167
10
78
63
97
88
159
169
161
27
50
137
46
58
144
59
14
48
66
25
66
25
28
25
26
33
61
38
24
45
4
64
4
38
6
50
20
52
43
42
40
41
5
6
43
44
40
50
5
46
19
48
49
46
56
57
62
60
19
36
3
36
39
0
