157
70
158
147
84
161
66
94
94
83
155
163
79
82
156
65
155
84
160
81
158
89
170
91
167
173
171
85
71
169
171
170
174
80
186
73
91
191
185
178
185
189
190
96
85
73
87
90
78
113
22
109
114
32
113
96
17
74
98
123
111
29
88
111
79
108
31
112
18
35
94
97
22
28
94
16
88
70
105
24
104
28
90
63
94
26
90
114
122
118
23
122
96
17
15
18
18
0
126
41
122
120
33
133
55
61
65
62
131
115
72
27
20
20
119
26
136
63
138
58
120
52
27
120
27
30
69
124
138
131
131
38
30
28
97
25
77
111
27
31
27
39
18
20
72
69
19
102
49
131
102
21
54
17
32
40
34
146
99
75
2
102
0
117
2
76
5
100
5
97
89
99
90
106
2
4
117
114
97
93
1
92
1
88
95
92
86
78
102
98
1
79
0
68
74
0
46
30
48
43
15
47
13
9
17
13
45
51
48
6
35
13
46
15
48
15
42
18
47
40
38
47
52
19
20
56
54
53
55
22
46
15
50
43
53
60
58
60
55
18
30
0
28
30
16
69
42
43
78
10
61
7
11
10
9
77
74
64
6
57
7
72
13
76
16
78
8
65
62
68
65
66
5
1
64
73
67
63
12
67
12
60
63
66
70
74
69
73
7
54
17
71
68
0
5
30
3
6
6
22
3
23
24
8
5
31
20
6
35
6
4
16
34
5
7
7
8
8
48
30
41
27
8
5
51
49
8
6
55
15
41
51
6
6
47
52
51
6
3
7
2
8
0
48
23
42
57
9
53
15
9
11
14
46
39
45
10
43
11
46
11
50
14
55
6
52
52
45
35
58
13
7
54
60
63
57
10
48
10
52
49
60
50
53
42
56
13
50
13
43
42
0
84
45
72
78
12
82
6
68
8
7
86
87
86
61
77
11
92
11
87
12
86
64
96
110
79
110
116
71
70
115
114
99
99
72
109
11
97
98
107
85
94
96
106
9
103
0
101
72
0
69
57
37
67
16
77
15
15
15
18
76
61
78
20
74
22
84
24
61
30
81
26
61
74
63
59
80
21
28
73
80
62
68
30
83
18
71
60
87
96
68
86
75
28
53
0
50
63
16
59
37
59
71
18
47
25
16
32
11
61
85
53
39
88
14
86
28
87
40
90
43
88
67
59
89
87
44
16
83
86
84
86
38
51
13
71
56
66
95
87
84
76
14
40
0
36
39
0
51
50
18
55
30
33
24
29
28
31
52
53
24
29
54
30
50
26
50
21
65
30
67
57
65
67
63
36
27
44
59
25
53
23
50
29
49
44
54
24
44
58
35
36
19
11
21
18
5
58
13
7
59
56
10
14
11
44
48
18
36
11
34
18
9
17
32
42
10
45
13
18
12
40
17
16
13
12
35
40
35
35
23
18
7
36
26
14
38
43
16
40
3
7
10
15
7
5
37
15
36
28
13
46
14
16
21
21
39
43
21
12
44
9
41
16
28
10
43
18
44
36
24
45
43
11
17
43
41
45
43
17
38
9
29
40
34
34
48
51
35
19
26
0
23
23
0
51
27
54
49
18
52
15
26
23
19
51
36
50
62
36
31
55
61
73
68
55
70
58
35
45
78
57
63
70
71
55
62
72
27
81
17
58
39
67
57
68
67
70
30
23
56
19
18
62
50
13
14
48
37
47
24
36
35
41
13
60
21
42
13
7
63
5
17
9
16
32
59
12
13
10
15
7
23
14
10
18
42
4
18
48
8
13
23
47
14
56
54
39
11
3
14
7
0
