321
160
341
344
154
348
100
159
160
156
334
319
180
162
332
128
341
158
326
161
326
162
345
184
357
338
338
149
127
342
340
343
332
142
340
131
198
334
335
340
339
347
350
141
183
141
177
182
134
229
39
233
222
38
223
179
23
134
184
235
246
83
176
240
142
248
44
253
32
67
181
225
51
87
249
42
188
153
241
55
241
58
168
137
131
57
154
234
242
232
40
237
178
40
25
41
37
0
186
65
205
214
72
209
88
85
85
85
206
148
108
59
44
49
150
55
155
38
149
34
135
106
56
146
54
57
30
150
151
157
151
24
52
54
134
56
104
145
52
58
54
20
46
41
118
120
43
220
90
281
230
41
147
39
68
69
70
278
199
150
4
196
2
201
2
166
3
191
1
145
178
186
167
203
4
1
201
201
199
187
1
200
3
179
202
204
162
167
205
197
4
163
0
154
158
3
84
42
83
83
26
95
32
17
33
21
95
105
77
18
86
41
110
48
101
27
107
34
114
53
73
63
121
31
47
109
120
115
125
54
78
32
73
95
122
118
117
120
124
33
49
0
48
44
31
94
94
46
118
27
80
19
23
28
24
121
115
98
16
77
23
116
24
123
32
128
30
98
71
100
89
98
12
6
95
100
99
101
24
103
23
101
71
90
106
108
98
105
17
69
25
93
85
0
1
25
1
0
5
20
1
17
22
0
1
34
10
1
42
1
1
23
36
1
2
1
1
0
42
27
43
29
1
0
46
49
2
1
33
7
23
35
1
1
37
32
36
0
0
1
1
1
0
82
49
62
90
9
86
25
19
25
29
65
61
73
11
63
9
70
16
83
12
79
14
80
64
60
66
83
17
20
89
85
86
85
24
60
15
89
81
94
103
103
56
93
27
58
13
61
55
0
140
82
129
149
31
131
26
104
24
26
149
111
147
69
122
36
144
31
140
37
142
97
141
157
122
154
167
88
97
162
157
141
149
96
169
44
140
150
171
134
152
159
166
43
159
0
160
118
0
106
75
59
100
38
110
22
39
41
43
107
87
105
25
107
47
105
46
80
45
116
50
91
129
100
87
118
67
61
120
127
88
99
56
96
45
106
93
126
122
94
130
90
60
67
0
58
90
28
148
57
175
216
45
170
21
13
60
10
174
221
181
58
242
13
235
34
221
52
235
58
222
195
180
220
229
56
13
232
215
226
235
58
182
18
233
171
208
244
245
251
242
17
156
0
164
154
0
93
83
50
108
49
49
50
46
37
48
103
99
57
40
94
48
90
35
92
37
88
33
90
90
98
96
94
40
38
91
93
65
89
31
83
30
77
68
90
71
69
92
72
37
57
11
55
54
9
69
36
24
63
37
36
19
20
31
49
47
66
38
28
44
20
43
24
60
22
63
25
41
44
63
39
47
26
30
59
58
71
71
53
44
24
87
78
38
79
83
39
80
16
22
14
35
25
15
77
18
65
54
24
88
26
22
27
26
69
75
41
21
72
23
77
35
64
18
80
31
80
65
62
86
91
22
32
93
82
85
95
48
66
25
69
105
90
66
104
101
62
57
44
0
42
46
0
112
30
134
116
57
117
38
59
62
60
117
67
118
86
85
62
119
94
123
117
123
119
131
75
131
135
114
102
106
137
120
119
145
77
137
50
139
115
143
150
123
130
135
76
36
93
39
36
83
158
16
16
163
135
163
122
141
140
141
15
165
36
147
19
3
158
2
19
2
14
137
189
19
16
18
16
3
26
20
15
18
177
5
12
163
12
14
33
146
18
184
173
156
18
2
17
15
0
