227
107
224
233
148
229
99
149
158
151
226
208
105
145
222
121
217
138
213
150
205
148
206
119
197
203
210
137
113
205
197
201
207
141
221
127
115
220
227
228
229
229
228
145
124
135
125
128
125
135
36
135
136
27
141
99
21
69
98
139
145
52
101
146
92
143
27
155
17
41
103
143
42
50
149
31
109
81
153
37
142
43
108
83
89
39
122
149
151
152
33
144
109
34
16
30
32
0
163
83
170
175
73
189
73
66
67
71
198
179
121
68
56
63
184
68
193
81
195
68
153
81
72
166
73
79
62
161
178
174
179
64
71
76
141
82
112
158
78
85
84
47
52
50
119
119
49
139
53
200
145
68
93
48
96
101
99
191
115
86
3
111
1
131
2
76
2
108
5
99
113
118
87
130
3
5
123
126
104
110
5
103
0
90
125
107
100
104
137
107
0
86
0
82
83
0
68
41
76
82
24
87
30
22
31
16
83
85
68
20
73
24
93
28
92
30
88
32
77
58
73
62
93
30
25
89
86
89
88
25
66
27
83
59
88
94
90
89
87
32
46
0
50
50
30
101
75
61
111
14
87
7
17
42
19
108
102
94
12
76
10
98
39
109
43
108
19
99
66
96
88
101
14
5
106
102
102
97
38
88
35
91
59
91
88
91
95
83
9
55
36
86
82
0
5
22
4
1
6
17
4
18
20
3
3
37
12
3
33
4
4
17
35
2
4
1
3
3
30
27
25
8
2
4
40
25
3
2
24
3
24
29
5
4
30
29
25
2
2
3
0
2
0
37
15
30
42
1
42
10
8
13
11
25
29
40
11
23
15
38
13
48
18
47
13
39
30
24
21
45
6
15
50
41
42
39
12
29
11
44
33
43
48
48
28
48
14
26
3
19
23
0
79
43
73
79
7
77
5
102
8
9
121
87
79
59
58
11
79
6
86
10
85
109
86
136
61
133
138
92
116
146
139
82
87
91
147
15
63
116
144
62
75
73
141
9
143
0
147
65
0
61
57
36
54
24
63
18
20
35
22
70
59
58
14
61
24
65
24
52
23
73
24
59
70
43
54
67
23
17
65
65
54
55
20
62
34
47
66
67
62
61
60
64
14
43
0
37
48
34
55
34
72
97
27
66
14
2
33
7
68
92
76
25
95
6
94
12
90
23
89
22
93
68
72
97
101
23
3
104
102
102
107
32
74
4
114
73
81
110
109
116
114
8
70
0
70
71
0
114
70
72
108
30
73
28
30
24
29
106
107
77
27
107
23
113
22
102
19
106
21
111
108
109
112
119
19
21
107
112
84
105
23
113
19
100
100
109
87
94
97
89
29
83
8
75
79
6
54
27
22
55
23
25
37
29
21
22
40
52
22
25
38
27
40
21
53
30
52
29
48
39
55
43
42
17
29
41
55
53
59
38
42
16
65
48
33
63
57
37
57
23
21
17
28
18
15
58
9
39
18
35
52
19
24
38
33
42
60
30
22
58
24
61
38
40
32
60
39
53
36
27
47
48
26
30
54
53
57
51
37
36
17
34
50
45
36
52
58
39
29
18
0
13
11
0
62
20
60
56
29
104
14
26
26
23
48
55
57
92
43
29
61
111
110
116
67
115
64
47
70
112
63
109
105
117
64
70
118
31
103
25
71
62
76
75
103
109
121
29
20
103
20
22
102
85
7
9
78
72
78
58
66
64
66
5
76
21
69
12
1
71
1
10
0
14
60
91
10
5
8
13
0
12
9
16
11
84
2
13
86
7
12
20
100
13
101
105
89
12
1
12
12
0
