287
143
288
282
178
281
127
176
170
182
299
296
154
175
302
152
295
170
300
172
294
169
311
152
312
321
320
175
129
317
305
313
317
175
337
134
153
325
328
332
328
338
334
176
162
142
155
168
158
195
39
203
201
37
204
179
16
156
182
203
167
68
179
199
163
189
32
188
21
42
183
195
46
82
197
31
177
159
204
43
206
42
164
88
143
36
158
187
187
185
32
191
164
24
21
23
26
0
180
81
200
206
61
207
84
77
81
85
191
172
122
56
46
53
188
49
196
72
179
59
149
104
56
168
60
57
40
163
159
161
159
42
55
52
154
55
118
166
59
53
58
33
43
39
137
136
36
204
88
298
218
83
123
45
114
127
113
300
185
126
2
199
2
210
6
146
6
201
10
163
157
175
158
204
2
9
206
193
172
182
1
179
2
173
169
175
160
142
191
176
0
164
0
154
167
2
51
25
60
60
9
58
26
16
30
3
64
75
65
11
54
5
75
12
77
25
72
25
63
48
59
63
70
25
11
68
69
70
77
14
75
23
74
58
73
73
79
79
75
28
43
0
45
47
18
86
37
57
73
12
76
7
13
28
12
78
78
91
6
71
13
76
30
83
30
83
13
91
65
92
97
87
14
13
84
100
88
84
26
91
28
93
76
75
94
93
90
93
22
57
33
87
80
0
3
43
1
3
9
39
3
33
33
1
2
60
32
4
64
3
3
37
56
3
1
2
3
2
63
46
62
22
2
4
66
63
3
2
72
11
53
64
2
2
72
67
70
4
5
4
1
5
0
85
36
61
87
28
86
34
19
31
34
64
56
87
17
50
23
54
35
81
36
86
30
77
64
50
53
75
39
37
74
82
77
76
28
58
9
74
66
80
76
80
50
77
31
57
34
49
47
0
82
52
83
94
26
91
26
149
32
35
143
92
100
95
59
31
97
22
92
32
88
137
93
159
60
157
157
134
150
173
161
94
90
139
162
28
94
144
177
86
101
100
165
21
155
0
159
57
0
100
75
56
90
28
108
21
22
25
26
99
70
84
19
76
28
97
39
76
33
99
30
64
109
69
74
106
35
29
105
96
74
74
25
79
24
70
71
84
89
74
95
82
19
59
0
60
73
24
91
47
95
81
13
62
13
35
23
37
84
85
55
22
87
30
81
18
77
28
81
21
81
56
91
85
103
31
27
99
95
95
88
23
93
30
84
80
74
96
94
105
94
36
52
0
54
52
0
127
84
83
131
27
100
14
29
33
22
123
116
101
33
122
17
129
32
113
13
126
19
126
127
133
130
136
33
33
119
140
101
118
30
137
24
129
139
128
107
128
122
120
28
100
8
98
93
10
67
24
12
63
50
17
22
23
35
49
35
47
21
33
31
24
31
29
50
18
50
23
30
32
56
31
23
20
23
53
60
55
51
40
22
10
61
46
17
45
58
22
57
17
10
15
17
9
10
57
18
48
35
27
65
25
17
23
27
52
69
34
23
64
12
65
32
50
16
64
31
55
52
31
59
55
21
32
56
58
59
57
44
52
14
52
77
65
53
74
77
50
45
32
0
31
26
0
103
47
98
96
38
143
23
34
35
42
102
87
95
136
68
37
102
135
160
152
100
143
109
54
110
164
100
126
135
150
105
108
174
41
160
15
98
61
107
98
123
149
152
36
38
131
42
39
132
91
23
42
104
46
88
36
41
44
46
34
99
34
60
42
6
102
1
40
9
46
55
135
44
45
50
47
5
21
50
41
46
109
4
41
75
37
39
62
92
36
123
125
70
37
0
34
29
0
