420
233
422
440
336
431
228
358
359
352
434
401
253
344
431
255
424
361
410
347
411
320
399
267
403
410
380
312
260
409
390
406
417
345
395
282
267
399
397
398
398
388
411
327
253
291
261
268
282
245
74
244
228
62
249
156
58
107
152
246
228
111
165
258
151
256
73
249
57
91
170
238
88
128
242
68
181
130
259
95
252
94
158
164
103
87
155
222
235
238
71
239
167
71
50
68
73
0
304
161
335
341
177
341
74
76
79
84
344
335
250
162
145
150
344
150
357
109
357
84
339
217
166
369
168
174
118
349
355
348
357
84
171
178
339
176
224
369
163
166
175
75
141
133
269
272
129
232
122
374
258
132
149
99
177
197
195
400
195
177
6
197
6
235
16
173
19
199
24
236
194
223
173
268
6
22
270
256
200
249
20
211
2
196
245
205
173
220
263
216
4
122
0
102
130
1
146
82
178
172
39
188
55
35
66
29
179
178
158
34
131
47
199
57
202
59
199
58
168
123
151
173
176
61
41
187
180
186
182
47
180
54
173
152
186
184
181
183
171
58
109
0
100
96
59
176
163
72
176
19
159
21
17
84
21
185
168
177
21
139
22
159
82
171
90
169
25
179
115
177
169
178
33
27
181
172
184
171
94
186
89
188
134
176
179
192
179
180
32
74
82
149
144
0
16
161
14
13
38
129
12
119
129
10
16
195
103
11
208
8
12
123
203
13
15
15
20
17
188
166
174
61
14
18
190
204
16
7
200
36
158
209
18
17
205
214
210
9
13
9
5
11
0
200
96
142
204
83
210
81
49
93
82
117
136
202
60
119
65
156
86
210
82
217
88
202
137
105
122
207
98
77
215
218
197
209
65
143
48
187
143
188
196
194
124
196
74
139
94
109
106
0
199
107
196
211
64
209
47
244
66
70
268
258
199
191
151
57
211
46
196
58
201
244
195
289
125
285
314
252
273
313
325
208
198
243
314
53
187
276
320
144
206
220
315
42
313
0
294
124
0
204
135
112
198
83
217
67
63
82
80
220
139
199
56
137
76
190
81
130
94
202
91
145
193
139
129
209
85
82
219
200
139
140
95
200
83
165
130
208
203
124
219
158
76
98
0
103
134
82
138
70
160
131
26
76
28
91
34
82
155
149
83
58
139
88
149
41
159
54
144
53
143
101
149
135
134
51
85
149
154
145
141
51
169
101
134
162
122
143
149
152
147
101
70
0
66
70
0
173
169
96
175
56
131
33
59
66
55
169
175
140
57
176
51
204
60
169
39
187
49
200
193
211
203
194
51
51
166
208
148
160
60
192
40
177
205
187
146
205
182
210
56
129
10
119
115
13
105
60
40
121
82
48
61
61
48
80
85
101
58
63
82
67
84
46
90
64
93
74
84
82
107
81
77
34
62
81
99
106
101
64
62
22
101
76
47
101
96
59
102
43
25
43
54
29
33
139
37
97
64
59
160
39
40
64
63
117
130
77
49
137
36
134
47
104
22
130
53
140
113
71
137
149
41
57
147
145
140
134
55
101
28
99
144
80
101
145
142
110
56
56
0
66
65
0
187
84
209
194
48
247
15
49
47
49
199
221
209
193
111
55
206
221
255
264
178
247
188
94
183
270
207
214
237
264
197
193
278
43
256
25
187
121
171
174
235
291
281
39
98
251
97
99
237
171
48
93
171
70
163
35
68
71
69
69
177
69
86
111
19
167
8
92
29
106
53
168
105
74
103
106
31
51
116
109
104
113
26
105
83
93
101
149
111
102
176
176
48
78
18
75
76
0
