241
131
245
242
157
235
102
170
171
167
244
248
157
161
243
144
244
157
243
161
254
155
246
154
239
255
239
146
123
235
259
237
242
143
258
135
159
255
255
254
261
269
256
148
154
149
164
161
138
141
32
151
148
34
148
99
31
62
95
150
153
70
106
153
91
155
28
160
27
41
120
152
44
55
157
36
118
101
160
48
162
43
102
89
86
39
125
154
147
150
34
143
100
28
24
32
34
0
166
66
184
193
47
191
68
68
66
63
176
190
115
42
38
40
187
48
179
80
187
67
179
97
53
201
52
54
93
200
189
188
191
79
48
57
153
50
144
199
56
55
57
77
39
37
117
117
41
138
67
238
151
62
101
62
114
128
122
244
113
79
2
110
0
119
0
81
3
118
4
106
108
117
102
123
3
3
134
129
115
121
9
113
0
103
138
119
107
122
150
117
1
83
0
77
83
0
109
52
113
114
21
110
32
21
34
10
108
103
95
15
78
15
104
21
98
32
105
33
103
75
101
92
120
31
16
103
114
115
108
19
103
30
106
84
115
108
114
115
114
33
74
0
69
78
32
95
107
57
119
23
93
11
22
20
20
122
112
89
10
86
11
110
27
115
27
119
21
114
59
101
100
118
16
9
120
113
123
123
24
115
27
120
80
110
124
119
112
129
15
65
33
92
93
0
3
37
1
3
6
26
3
21
24
1
1
54
20
3
48
2
2
34
53
2
1
3
2
1
37
30
39
15
2
2
42
45
1
1
43
7
29
46
3
2
47
46
44
1
3
3
2
3
0
77
23
45
70
13
74
24
15
25
27
43
39
62
12
43
16
50
19
59
18
58
21
59
48
46
38
54
15
17
55
61
56
57
16
45
5
58
50
55
61
64
45
64
14
43
17
36
34
0
86
52
73
93
16
93
15
128
14
14
150
108
75
65
56
14
79
13
80
19
81
118
83
166
49
167
167
110
127
164
163
84
85
115
151
24
84
140
156
69
78
86
169
16
160
0
162
69
0
75
55
38
66
22
66
26
16
35
20
64
62
76
10
77
24
84
23
60
24
84
24
65
91
64
62
87
22
21
90
86
66
70
23
82
35
74
68
89
69
69
82
72
22
53
0
50
71
36
65
34
77
90
11
63
13
16
20
15
77
99
52
29
103
19
95
24
111
35
104
32
105
65
69
104
114
40
18
103
105
106
113
48
73
21
97
71
83
114
110
117
108
21
52
0
53
58
0
124
83
89
124
32
99
29
27
24
38
134
128
91
28
128
38
129
28
142
32
125
35
125
127
136
135
137
25
23
119
137
100
127
23
123
18
112
117
123
100
116
124
120
28
101
12
95
89
7
51
27
22
47
31
28
23
22
25
35
33
60
29
42
29
22
37
33
59
24
62
24
37
34
69
42
47
23
26
63
72
78
74
49
38
10
74
70
36
70
75
42
81
19
14
16
33
16
13
72
17
36
27
47
76
25
42
58
54
42
62
24
17
73
17
66
43
38
34
67
43
58
39
26
62
57
17
32
65
66
64
53
38
41
13
36
57
44
41
59
63
43
37
19
0
19
20
0
81
38
88
82
32
128
23
33
31
31
81
63
75
116
38
24
67
131
140
131
71
136
87
54
79
152
79
131
125
141
85
87
152
35
152
13
93
75
83
89
139
145
140
31
31
123
32
31
127
82
12
24
76
57
82
48
60
55
55
15
86
21
64
23
6
74
1
16
3
20
52
73
20
16
15
21
4
16
22
23
20
56
3
18
64
19
22
27
68
19
87
88
57
10
3
11
12
0
