273
155
275
267
187
274
103
186
196
196
262
277
163
186
264
164
266
188
260
188
266
185
244
164
246
262
228
187
150
245
241
234
244
177
224
146
155
217
227
223
218
216
234
183
173
169
179
175
178
92
27
106
112
23
110
71
19
50
78
109
123
44
83
127
74
134
23
129
23
33
92
125
32
47
127
26
85
77
128
37
125
37
118
87
96
46
108
157
157
156
31
167
123
27
18
28
26
0
183
55
171
164
61
170
61
66
58
62
192
165
119
64
49
55
156
69
170
48
181
30
172
108
64
166
63
58
50
164
186
182
178
52
59
71
155
68
116
187
61
68
67
50
51
47
137
119
50
134
39
223
153
68
102
76
125
134
130
236
91
59
3
101
3
97
2
79
4
91
6
82
96
103
75
113
4
6
114
108
103
93
4
91
3
90
101
98
78
81
103
101
3
69
0
69
76
2
58
37
68
63
20
65
26
16
26
13
75
68
64
11
53
14
73
17
82
23
73
24
78
50
63
61
72
23
25
71
74
74
73
37
62
23
79
60
97
92
90
107
93
26
38
0
34
38
23
83
88
48
91
23
69
17
24
35
24
98
97
81
13
65
15
94
31
95
35
100
18
102
58
84
75
106
28
19
106
90
109
101
36
93
29
91
67
83
92
89
87
92
23
52
41
82
81
0
2
33
2
2
8
20
1
15
21
1
3
44
11
1
47
1
1
23
49
1
4
2
3
3
53
37
43
32
3
2
57
66
3
0
83
16
64
85
2
1
89
81
83
1
3
2
2
3
0
99
40
63
97
24
105
34
18
33
36
55
68
97
20
57
25
73
27
99
21
92
26
81
66
64
56
80
21
22
91
88
93
89
25
76
13
80
74
93
92
103
55
92
27
55
18
51
57
0
112
60
113
123
24
126
23
140
29
27
203
149
114
84
79
19
119
21
118
24
111
143
111
204
75
198
223
111
148
217
208
122
122
130
210
19
98
190
212
88
118
116
213
16
203
0
202
93
0
87
69
53
87
28
103
29
27
41
27
93
62
87
18
82
34
100
39
57
39
108
32
71
100
67
71
107
39
36
97
103
72
81
40
86
40
84
79
110
102
73
103
80
39
50
0
53
68
43
76
42
96
127
22
92
33
29
50
29
100
126
72
45
124
29
123
31
117
45
125
48
105
83
94
112
119
30
26
117
120
119
126
40
103
25
107
92
99
122
121
119
123
25
72
0
74
80
0
151
119
112
183
53
107
41
28
25
50
172
164
116
31
167
41
151
20
160
40
136
39
148
139
147
153
152
20
20
162
141
125
164
27
146
18
139
134
165
116
133
150
141
43
117
7
115
115
5
59
40
22
71
35
29
27
27
23
35
50
56
34
33
48
23
42
23
50
30
59
25
53
49
62
51
50
15
25
47
64
51
58
31
51
6
55
38
36
59
51
43
54
22
21
15
26
23
17
60
22
52
39
27
70
21
17
25
24
62
74
42
20
74
18
65
23
59
19
62
21
71
48
44
67
63
15
33
66
73
66
62
26
55
14
46
70
47
54
72
72
53
32
35
0
29
31
0
66
35
71
75
26
149
13
25
25
27
81
76
82
138
58
31
82
146
183
160
89
165
92
61
85
177
101
155
162
178
100
95
185
45
187
28
110
81
97
101
172
183
177
44
37
138
42
40
148
87
16
34
97
63
96
64
63
69
61
23
86
27
63
27
5
97
2
30
3
31
57
99
29
28
33
27
7
13
28
26
25
91
7
35
71
27
32
44
85
31
102
97
64
26
3
25
26
0
