463
235
453
469
315
480
228
323
340
344
468
483
283
339
487
259
491
338
489
333
489
324
467
246
485
498
485
330
270
475
463
494
487
330
488
265
310
486
475
489
492
498
494
326
267
291
269
277
284
285
94
298
301
99
309
210
72
155
221
321
310
128
214
315
179
317
107
331
78
130
228
314
110
153
326
95
239
183
335
119
330
116
251
237
191
120
258
343
340
342
93
329
242
89
66
84
78
0
356
170
374
358
170
376
126
122
123
119
361
371
272
152
143
141
379
168
402
136
411
107
355
229
171
372
169
171
106
358
360
373
364
93
170
190
326
180
243
360
176
175
181
88
145
142
274
277
126
282
161
414
307
111
172
105
169
173
183
432
261
214
3
260
4
308
6
214
10
268
11
254
255
278
217
297
7
2
305
311
265
280
10
255
5
248
305
264
232
242
310
265
7
185
0
158
183
4
161
78
177
171
56
170
75
61
91
34
161
170
169
37
138
42
174
55
172
83
163
91
192
127
162
159
185
88
59
181
181
183
193
57
174
79
171
133
183
198
184
198
178
85
88
0
80
87
80
157
158
79
170
26
154
22
27
74
26
169
172
167
22
141
26
167
84
191
91
187
27
192
138
179
178
181
23
24
197
194
193
185
101
181
98
186
142
165
185
180
181
193
33
86
93
154
147
0
26
165
23
20
42
138
10
146
150
13
25
188
114
15
189
12
17
118
204
16
25
23
28
26
171
154
184
85
13
21
189
203
21
16
174
41
119
175
22
25
186
177
179
15
20
14
7
15
0
162
74
121
187
30
173
52
38
46
47
113
118
160
35
133
38
132
46
163
47
166
48
163
117
118
134
172
52
56
174
173
170
182
44
129
41
156
147
167
168
166
110
166
58
116
44
94
94
0
227
117
222
235
50
240
45
220
53
65
258
247
233
198
179
62
234
40
237
55
246
237
241
306
187
286
312
237
258
324
321
238
243
237
304
78
235
289
323
216
255
252
326
45
308
0
289
157
0
211
161
146
195
70
237
64
64
98
67
226
162
241
54
210
66
241
83
164
80
248
83
163
255
166
169
272
103
87
253
279
177
186
89
216
97
175
170
250
252
156
248
177
70
111
0
114
155
81
172
108
178
207
52
100
48
53
85
48
166
213
113
62
216
48
217
43
207
64
203
67
210
126
176
223
207
64
46
213
214
210
211
69
182
42
183
160
142
213
200
206
202
51
104
0
115
122
0
194
161
90
184
59
160
37
79
81
62
195
176
124
86
168
54
191
83
168
39
203
55
220
179
219
215
222
78
71
167
204
122
162
71
177
62
161
164
168
100
175
176
162
53
120
17
103
96
15
128
68
37
122
86
57
75
76
63
82
86
104
41
70
72
65
75
48
112
64
105
68
74
73
114
80
79
44
64
94
127
101
108
77
60
24
125
94
52
110
123
63
128
54
21
44
52
26
32
126
65
128
97
54
134
68
33
42
51
129
153
75
54
142
56
166
53
138
33
150
49
166
123
91
181
188
60
78
187
177
168
171
81
140
31
109
181
118
146
166
159
136
80
69
0
66
75
0
201
89
216
206
66
260
37
68
66
73
215
219
199
179
113
63
193
234
276
243
203
257
210
121
200
267
194
224
234
257
209
208
300
56
280
31
188
116
183
191
234
288
298
59
82
226
87
83
224
136
23
54
153
93
149
90
94
104
97
41
152
40
110
59
23
163
11
54
26
64
100
174
59
51
61
60
17
41
60
63
60
131
14
56
127
50
51
107
156
60
183
178
111
40
19
37
40
0
