326
151
348
362
234
340
139
249
254
249
351
347
224
249
351
191
347
247
352
231
345
233
332
215
329
315
316
211
202
324
328
328
325
229
309
206
235
310
316
318
321
321
319
233
209
201
206
203
222
147
44
168
157
34
164
117
30
79
120
167
164
87
126
182
102
177
41
181
33
44
131
196
50
82
193
42
140
116
196
49
198
47
149
105
124
49
163
216
204
199
42
207
157
42
29
42
40
0
253
104
263
258
117
264
113
106
106
113
278
237
142
112
102
102
223
98
238
71
244
75
212
127
102
225
106
114
57
217
218
229
235
80
105
110
210
118
176
235
119
129
132
61
102
90
187
193
87
199
69
313
186
91
169
105
165
168
169
315
150
118
2
154
2
185
13
145
26
156
38
142
143
174
133
182
1
17
182
173
148
167
13
146
2
141
166
141
151
150
174
143
2
117
0
117
125
2
114
68
122
129
17
120
42
24
41
18
117
122
121
23
96
19
128
27
136
51
126
45
133
95
100
110
140
48
28
132
136
137
129
23
125
42
119
99
109
129
127
123
126
46
86
0
89
84
48
143
101
82
127
5
145
5
5
55
6
134
137
140
5
110
5
127
59
145
67
143
9
141
106
136
142
143
14
9
142
152
136
147
73
160
69
154
108
146
156
159
153
161
12
91
61
143
150
0
6
73
7
7
15
56
3
53
61
4
6
91
45
6
88
4
4
39
82
6
6
4
7
6
104
77
104
33
4
5
108
112
11
6
108
13
84
106
6
8
104
100
108
6
5
6
3
5
0
115
48
87
122
46
117
41
28
42
49
85
89
113
36
77
35
102
52
128
44
122
46
103
90
79
65
110
54
35
113
113
109
107
39
82
15
102
92
106
109
107
72
110
44
78
53
59
64
0
87
36
85
93
27
91
21
156
26
29
196
167
89
131
66
26
95
23
87
29
89
169
95
201
53
191
219
150
186
202
214
99
100
159
203
21
87
163
211
73
101
93
201
18
193
0
192
62
0
115
84
62
117
40
107
38
35
63
44
112
89
106
25
103
46
121
44
92
51
117
57
93
99
71
76
103
38
34
107
91
84
86
31
96
57
92
85
107
108
91
120
79
33
61
0
64
86
47
103
56
113
102
15
59
9
49
19
47
113
103
58
30
115
45
105
22
96
24
107
34
95
84
118
99
111
21
45
106
104
110
86
19
113
47
97
118
83
106
103
101
109
47
78
0
72
74
0
160
116
112
165
34
136
18
26
28
35
160
172
134
28
172
33
170
26
167
18
164
24
173
162
160
171
163
25
18
151
153
124
149
28
158
16
144
164
158
119
154
154
164
40
125
9
115
114
9
57
46
24
61
33
39
44
60
27
35
50
53
36
32
49
46
50
24
56
50
58
45
44
50
50
51
60
20
43
41
46
56
56
46
51
13
71
52
38
59
63
46
64
37
16
29
32
18
33
106
29
69
52
62
113
30
46
65
67
69
84
38
33
100
33
102
51
66
30
91
46
79
72
42
85
86
30
46
92
91
82
84
52
80
16
69
97
71
80
98
102
82
48
48
0
44
47
0
128
61
136
129
52
176
28
51
48
53
129
127
132
152
84
46
135
174
217
209
141
208
127
74
136
213
142
180
193
214
141
130
215
58
204
15
125
91
133
134
170
202
198
49
60
172
59
50
163
110
21
57
122
61
116
55
62
69
68
46
121
58
81
59
11
143
8
55
17
58
61
152
62
53
68
64
18
47
71
64
61
127
12
66
114
55
61
81
148
52
167
174
97
41
10
42
36
0
