273
149
277
274
186
276
121
200
205
199
282
279
177
196
284
172
285
192
277
189
284
189
295
208
281
290
283
187
163
293
293
283
280
180
279
159
189
288
283
288
284
283
291
185
198
173
189
197
172
192
52
181
185
42
191
151
34
133
158
186
175
86
132
192
129
172
43
189
40
50
132
175
47
79
177
42
151
128
183
44
187
44
138
96
116
45
146
174
175
177
39
180
149
37
37
39
41
0
196
78
199
232
101
216
79
80
81
85
217
207
129
78
71
70
211
90
217
87
209
66
235
152
91
247
92
92
93
242
249
243
232
67
85
103
204
98
151
237
95
96
98
68
86
79
154
153
75
184
62
285
185
85
122
59
126
128
123
293
149
106
6
155
2
170
2
129
2
148
3
130
152
149
123
165
4
1
165
168
146
150
1
142
0
142
169
157
137
122
168
155
2
129
0
128
133
0
101
45
123
119
2
118
36
25
47
3
124
113
138
1
110
1
117
3
117
40
106
47
116
100
121
136
115
49
5
119
113
110
122
7
139
46
124
110
118
126
128
125
129
42
89
0
102
97
42
109
75
63
101
11
103
7
11
38
8
102
98
115
9
85
8
91
51
100
52
98
9
91
75
117
116
94
7
10
93
124
88
97
55
105
50
122
75
114
109
109
121
111
14
70
53
107
106
0
3
34
3
3
9
33
2
34
32
1
3
49
26
2
55
2
3
44
52
1
3
2
4
3
63
37
57
42
2
2
56
63
5
1
88
25
66
90
3
3
91
78
88
2
2
2
0
2
0
79
45
69
93
41
93
40
26
37
40
70
75
91
25
68
42
74
43
100
41
97
44
97
77
56
71
101
54
68
113
112
112
112
52
76
24
119
87
113
118
126
62
124
63
67
55
56
54
0
156
65
150
170
74
167
67
141
77
82
175
164
157
113
88
84
175
66
169
90
168
133
176
183
88
161
193
143
150
180
188
184
186
134
181
94
122
171
186
136
187
189
184
70
170
0
174
66
0
176
110
80
171
74
187
34
62
48
73
178
107
138
32
130
46
161
62
99
60
165
57
112
146
124
104
157
54
54
164
152
113
113
51
130
46
131
109
153
142
98
149
117
46
81
0
83
101
49
126
51
140
144
18
91
8
47
29
41
141
132
103
26
132
50
146
17
134
23
134
25
134
116
153
146
144
27
50
135
141
153
143
26
150
47
140
149
128
153
145
155
148
42
98
0
102
91
0
112
106
79
137
38
88
31
23
18
39
142
135
99
20
126
33
122
22
141
33
123
31
130
124
125
130
126
22
17
120
117
90
131
23
112
18
113
119
136
99
118
128
110
44
81
4
83
76
7
95
42
27
101
62
38
43
42
53
64
51
88
42
57
41
43
40
43
79
35
75
39
40
40
81
36
34
26
25
74
72
78
82
74
34
18
81
75
26
93
82
32
80
24
14
16
25
20
22
111
44
85
70
55
125
37
44
61
56
93
131
50
34
127
34
126
69
82
50
134
72
138
84
56
145
140
30
80
136
145
153
137
78
82
19
64
137
88
91
137
142
83
75
57
0
53
53
0
164
68
180
170
65
189
36
64
65
58
176
161
150
115
78
37
159
129
180
152
164
154
157
89
168
211
157
138
153
207
162
171
224
45
214
18
164
114
186
179
187
228
232
45
102
165
99
92
142
140
28
54
146
101
152
63
100
94
101
39
160
37
103
65
15
154
10
50
18
52
84
153
53
46
53
53
17
31
50
57
57
120
18
60
106
50
62
83
119
65
146
147
100
38
16
34
36
0
