383
183
399
382
241
395
142
250
234
245
395
363
189
242
367
177
373
233
375
221
367
219
357
200
352
366
361
226
179
360
365
361
367
215
377
183
205
383
378
384
386
390
381
217
205
181
200
196
180
242
54
237
250
78
247
205
46
146
198
249
230
82
186
238
169
250
75
250
50
77
192
230
76
90
230
48
188
163
230
75
242
77
171
163
132
70
165
232
226
223
45
214
162
38
35
41
43
0
224
114
244
242
115
244
91
92
78
79
266
247
164
109
86
94
257
109
270
97
266
82
250
141
103
266
105
115
87
262
253
264
260
76
92
111
224
110
163
235
103
111
104
68
81
71
172
185
75
221
153
280
233
53
116
38
68
87
73
293
205
164
2
211
2
237
13
164
10
219
19
228
187
213
180
256
2
12
252
248
197
246
12
207
1
189
247
206
186
202
243
200
1
145
0
130
146
0
124
50
139
128
33
143
43
36
48
25
142
126
107
14
99
26
125
23
129
43
129
52
136
86
109
108
129
47
28
134
127
139
128
28
120
46
119
112
143
139
131
138
137
54
72
0
70
79
48
109
118
42
133
14
101
11
17
41
12
136
133
112
14
107
17
123
52
136
49
133
30
138
102
122
114
135
20
18
145
121
137
136
52
138
44
123
99
120
143
139
128
148
24
58
49
101
98
0
5
118
5
11
25
95
7
81
100
3
8
151
74
5
150
9
6
80
154
5
6
7
5
8
137
123
127
64
5
7
152
162
4
7
151
36
112
153
8
8
152
147
154
8
8
6
3
9
0
143
60
108
151
34
149
46
33
49
46
103
121
124
41
106
42
121
41
144
52
155
50
162
100
90
108
164
55
60
161
157
159
156
55
107
34
162
141
152
164
167
108
172
51
104
53
85
91
0
174
99
169
190
66
194
59
152
60
65
183
181
197
141
137
74
198
60
200
67
207
168
183
219
140
214
216
172
181
223
221
195
199
171
204
66
192
200
216
173
197
212
206
49
199
0
195
121
0
170
116
85
158
81
183
47
61
49
70
179
109
178
37
140
66
177
73
129
67
185
73
117
176
122
126
191
89
59
197
180
127
128
78
177
55
146
115
192
181
121
190
128
66
89
0
78
112
50
130
68
130
155
35
80
28
51
65
50
141
158
76
57
162
51
181
30
163
52
160
57
161
82
136
154
165
51
48
164
151
157
157
53
131
37
140
127
110
153
152
163
153
50
74
0
68
78
0
108
83
35
94
40
74
38
59
64
48
88
94
45
70
86
37
107
65
78
26
107
34
113
111
120
129
126
59
59
92
110
61
99
65
102
51
87
86
107
61
101
98
83
46
56
15
51
49
14
96
39
29
92
69
31
43
47
53
69
52
89
36
60
49
37
49
39
85
49
84
43
47
44
90
50
50
27
38
59
86
82
84
47
50
11
79
50
40
81
81
40
81
27
16
21
31
18
19
102
35
92
55
30
108
29
31
39
34
90
104
57
29
114
19
114
44
92
24
111
40
96
82
58
101
106
30
40
99
102
110
101
34
93
19
83
117
89
93
110
121
102
43
76
0
71
68
0
140
67
157
148
39
193
11
46
46
44
149
150
143
142
104
37
155
152
189
165
160
175
143
87
167
199
155
147
162
206
159
161
220
60
208
23
160
114
160
164
168
229
226
50
93
169
91
76
158
119
25
60
124
75
128
54
78
77
72
43
120
42
72
68
17
117
9
43
19
63
49
121
52
56
59
63
21
32
59
62
65
82
17
63
83
52
66
87
100
63
127
130
60
45
13
52
44
0
