304
136
316
293
204
307
136
215
215
220
308
286
145
218
291
174
286
210
293
200
295
206
249
163
273
249
270
192
158
255
268
271
265
202
260
178
167
264
267
256
272
270
275
203
161
185
162
170
191
205
53
203
215
45
203
125
40
87
139
211
216
80
144
235
110
210
51
241
44
84
157
197
74
98
211
55
122
105
208
80
198
76
156
167
97
80
144
219
228
216
62
221
149
51
37
54
58
0
210
102
221
216
96
224
62
71
52
63
221
235
170
72
64
75
245
84
229
91
235
75
237
129
95
253
85
97
97
250
245
254
252
69
88
93
201
88
139
217
85
91
96
49
54
60
173
180
56
233
116
479
242
178
220
176
318
316
322
481
171
162
5
185
4
250
32
194
29
185
43
242
227
256
148
282
4
39
279
281
175
278
73
178
3
153
282
182
214
254
296
176
1
119
0
107
113
2
263
104
276
274
99
283
72
44
81
81
269
290
206
68
230
81
284
109
285
81
295
86
254
173
191
206
263
92
98
273
253
259
264
114
213
67
248
238
283
284
304
283
298
88
137
0
126
137
80
95
197
69
206
112
69
108
110
46
114
198
202
86
53
187
118
210
43
220
45
218
122
207
114
100
102
215
124
113
213
113
215
212
40
248
51
95
136
94
237
238
101
240
133
41
44
76
75
0
11
186
16
15
39
138
8
142
142
11
15
224
98
6
236
12
9
118
222
10
16
13
13
13
198
168
191
73
9
11
213
229
15
9
208
33
148
202
12
12
218
212
208
9
8
12
3
11
0
233
121
184
249
70
241
82
68
83
81
179
183
238
63
173
75
199
90
250
89
253
86
230
197
185
185
238
104
90
245
240
253
263
79
203
61
251
225
244
267
252
180
248
90
169
84
164
150
0
226
146
206
260
75
261
52
277
62
77
366
325
253
227
187
79
256
63
249
77
261
306
240
396
172
398
437
271
307
427
415
262
253
297
411
72
228
379
427
194
249
262
423
58
398
0
386
179
0
217
168
140
214
85
237
48
72
75
77
236
184
232
53
199
80
235
80
186
76
230
81
187
238
180
177
238
84
72
242
255
195
206
75
201
66
186
187
230
223
188
231
206
71
123
0
120
167
53
256
117
267
271
50
179
58
97
97
100
282
284
195
100
278
97
294
82
295
103
281
111
285
221
267
311
291
98
87
297
290
291
309
82
269
94
266
247
252
312
321
311
303
98
159
0
161
172
0
270
235
176
289
112
230
68
41
31
120
291
298
222
46
315
109
272
43
300
77
275
111
287
263
277
286
276
43
35
287
276
240
314
42
262
36
234
247
284
223
256
293
253
99
211
14
201
189
10
207
81
63
203
116
84
34
33
81
126
111
181
100
106
106
31
108
67
183
38
187
32
102
104
165
117
106
66
24
133
184
193
183
91
106
39
185
141
103
177
189
100
193
26
78
17
85
75
14
137
43
118
79
75
151
59
55
74
74
122
156
86
53
151
51
155
83
119
52
164
82
166
124
108
161
171
53
86
176
171
177
163
85
124
22
117
168
142
133
175
180
140
83
64
0
62
64
0
238
124
249
262
61
296
32
65
60
61
252
231
254
266
187
72
263
286
363
320
263
317
279
200
283
363
272
290
313
355
280
289
373
94
373
61
263
202
288
286
335
381
384
77
145
291
133
125
296
235
52
101
245
158
255
118
159
161
163
75
277
110
184
103
31
279
12
89
30
109
149
279
91
84
104
94
32
78
102
103
98
218
29
105
178
88
115
157
211
111
266
290
159
83
27
77
85
0
