204
92
199
216
113
214
65
115
125
117
213
216
107
123
208
109
209
123
216
119
216
116
190
120
207
202
200
112
95
203
188
198
192
106
195
96
112
192
192
198
188
202
196
107
113
94
118
109
101
141
22
131
146
28
129
90
18
63
83
138
142
51
95
146
68
149
23
146
22
35
103
141
36
55
146
33
110
96
145
36
145
36
98
98
67
28
100
133
130
128
29
134
103
24
19
26
23
0
116
56
133
129
41
113
46
45
48
53
140
136
84
42
35
32
140
43
140
58
159
47
131
72
47
136
38
45
60
129
143
144
133
50
36
40
93
44
91
124
45
48
45
45
26
29
79
85
29
122
53
174
119
60
77
27
69
73
73
165
111
73
2
108
0
125
3
73
2
111
4
103
92
107
80
116
3
6
116
113
99
105
5
99
2
94
119
93
92
104
124
93
2
81
0
82
83
0
60
33
63
64
18
68
23
19
29
18
65
70
52
12
60
20
73
25
68
23
73
22
78
37
61
54
80
25
32
88
88
84
84
28
65
24
67
50
81
82
79
89
79
28
45
0
40
44
26
65
80
38
100
16
59
13
15
26
17
93
85
64
13
51
10
81
22
82
26
84
22
81
40
61
63
81
17
8
75
72
78
77
28
79
25
70
35
56
83
86
66
82
17
37
26
58
57
0
4
48
5
4
14
35
5
24
35
5
5
60
17
5
55
6
5
27
56
5
7
3
4
3
41
46
37
13
5
3
47
47
6
4
37
9
30
38
5
3
43
42
41
5
3
6
2
3
0
52
22
35
51
8
50
8
4
7
10
31
36
40
5
41
5
39
6
44
7
47
8
54
40
40
35
51
10
9
49
48
47
51
8
38
4
44
32
39
43
46
35
50
9
36
8
32
30
0
84
36
68
75
26
77
22
78
25
29
107
76
82
48
56
22
78
18
77
18
88
92
76
125
62
113
126
86
94
125
120
85
82
88
118
26
67
114
134
70
86
75
116
20
120
0
107
57
0
70
59
37
82
35
80
20
29
31
33
86
54
72
12
61
24
75
29
57
20
75
27
66
77
59
62
75
21
27
83
86
67
67
22
63
30
69
75
75
72
69
74
63
24
50
0
43
58
31
84
40
95
123
28
83
9
12
29
8
87
114
82
28
114
10
116
9
117
29
118
28
120
90
90
112
120
36
13
120
125
124
121
29
81
10
100
89
97
121
110
110
113
6
76
0
80
79
0
80
54
53
85
31
48
25
16
14
31
80
81
58
20
83
22
85
21
83
24
89
27
90
92
90
76
81
23
19
82
86
63
79
12
78
15
81
76
84
66
72
90
68
28
53
7
53
52
3
65
25
28
64
30
29
19
21
21
27
41
60
39
42
37
19
35
30
59
24
61
23
41
30
63
39
35
29
22
59
71
72
72
40
31
20
56
48
28
67
55
34
59
16
24
17
27
17
9
62
12
49
30
20
67
21
18
26
23
53
59
40
24
60
22
59
23
49
20
58
22
69
44
48
68
64
23
24
58
62
65
64
24
43
5
41
60
49
48
62
59
44
23
20
0
19
24
0
68
25
69
72
27
85
20
24
27
26
73
61
65
82
45
30
65
76
103
93
71
96
85
65
76
115
82
89
101
110
82
77
103
40
112
34
80
59
81
80
105
109
101
39
23
86
29
31
93
85
11
16
79
74
83
68
71
75
79
7
81
19
77
15
5
78
4
13
8
15
71
89
13
13
14
16
6
16
12
14
14
76
6
11
86
8
11
16
81
14
89
101
83
11
6
11
12
0
