498
249
532
510
349
529
229
383
361
362
526
495
363
369
494
312
506
374
497
362
498
336
510
309
505
509
512
368
299
510
506
498
512
340
540
301
325
560
533
549
547
561
548
354
321
332
316
321
337
376
99
373
374
83
382
257
65
203
268
370
365
166
274
397
233
388
79
393
70
111
278
367
122
170
376
97
291
239
382
126
389
130
247
230
194
128
243
359
378
354
101
376
250
89
67
88
86
0
370
151
400
418
169
402
144
138
135
142
417
436
272
144
129
140
448
158
445
189
451
155
432
275
160
455
156
170
185
449
452
462
448
158
149
160
377
161
296
439
155
164
166
146
126
126
295
289
118
367
161
513
387
137
175
94
179
187
188
521
310
285
10
327
6
343
10
245
9
318
14
309
295
336
261
362
8
15
374
366
319
366
25
327
4
317
380
320
313
305
388
308
1
229
0
210
241
4
215
89
236
227
75
228
56
37
67
57
239
225
184
54
181
52
239
77
228
72
240
61
232
156
179
183
243
72
72
242
244
250
233
60
204
67
236
207
237
228
234
240
237
68
116
0
112
114
70
202
213
100
225
29
182
28
28
78
32
228
219
192
24
158
29
222
89
230
90
229
34
221
154
212
202
218
33
24
232
223
230
227
93
211
81
204
155
200
222
206
201
218
32
104
92
172
161
0
4
141
4
3
25
121
5
120
136
3
4
183
88
2
194
5
3
106
190
2
6
7
6
5
149
130
152
50
4
4
157
167
5
5
168
22
106
174
4
6
174
176
179
4
2
4
3
5
0
194
99
136
219
71
197
53
37
56
58
142
144
198
50
134
62
160
81
214
77
209
81
188
154
129
127
193
94
80
193
193
203
201
85
149
38
212
172
217
223
224
124
221
89
139
82
125
121
0
250
141
258
270
77
277
81
241
79
82
302
312
267
218
186
86
259
66
278
80
272
275
265
329
213
320
377
259
286
346
354
262
275
290
357
86
247
315
363
257
290
283
348
75
335
0
323
180
0
246
166
132
224
100
238
59
76
99
96
237
159
218
71
210
88
236
94
176
108
240
104
180
237
192
164
249
97
105
261
248
192
195
118
234
104
207
184
268
275
184
243
183
98
138
0
127
169
82
210
129
235
227
40
136
31
81
69
75
234
236
137
64
254
80
243
52
247
66
253
65
241
176
243
260
253
75
72
262
257
249
249
67
238
68
231
224
195
241
251
227
246
72
155
0
147
150
0
217
168
108
211
66
158
46
99
94
64
193
191
134
102
184
62
226
89
182
51
219
54
245
214
244
225
227
96
78
175
212
140
169
89
192
73
181
178
190
143
171
192
176
73
113
32
108
109
30
135
84
56
137
87
58
83
73
67
96
98
124
82
86
87
73
99
61
115
77
118
79
94
88
118
97
91
36
67
88
118
126
116
88
83
29
128
93
75
126
135
82
121
56
39
46
63
38
35
170
51
130
84
77
183
54
51
74
78
135
169
94
51
181
52
182
87
136
61
177
89
183
116
89
185
185
48
82
177
177
180
171
91
127
30
107
180
118
147
172
179
134
89
77
0
84
85
0
210
95
214
224
66
277
22
71
74
65
225
220
240
222
153
90
242
233
297
272
244
257
257
156
239
306
239
252
270
326
236
242
332
91
301
53
261
157
253
259
251
347
324
98
110
253
108
108
249
251
44
85
249
167
241
124
163
159
169
59
241
81
146
94
16
232
13
87
21
95
104
234
89
75
85
80
24
55
93
86
86
186
21
88
145
81
94
149
169
90
242
244
122
75
16
68
60
0
