337
200
356
360
223
361
183
253
256
257
349
366
209
244
386
209
374
261
366
258
369
253
363
217
385
358
373
246
197
378
357
369
371
245
376
196
257
385
380
382
381
397
398
257
186
210
189
191
229
237
61
230
261
69
251
209
53
153
194
255
255
133
201
260
171
275
73
273
51
89
212
264
91
109
280
59
213
170
288
96
282
87
212
156
156
95
199
285
273
277
71
270
206
58
44
59
57
0
232
110
268
274
129
272
113
106
95
103
273
283
221
118
106
107
292
113
296
124
295
101
285
188
114
315
118
124
123
313
311
314
324
96
113
115
258
115
195
290
119
123
127
76
96
95
198
190
100
266
131
333
271
85
125
57
107
110
116
343
232
198
7
241
3
262
7
206
8
234
12
240
242
267
221
281
11
13
279
274
233
250
13
227
3
226
264
242
243
221
269
230
4
155
0
152
168
1
125
78
147
147
42
149
44
28
57
20
147
139
136
28
117
27
159
25
146
54
154
53
144
121
119
134
157
55
40
153
158
164
160
50
136
48
165
132
172
173
174
182
187
62
79
0
74
77
53
146
156
74
154
17
133
16
16
67
21
154
145
153
18
125
14
138
64
146
70
157
18
159
111
154
145
177
34
25
166
168
161
169
67
160
70
173
122
159
161
164
153
182
25
69
70
135
125
0
17
124
20
18
30
92
16
90
96
15
21
142
82
17
157
19
12
75
145
20
21
20
23
13
128
116
125
45
18
15
129
139
19
16
142
35
104
138
18
16
151
146
136
21
20
17
8
21
0
191
70
131
198
70
205
94
67
91
89
135
131
203
72
126
88
173
92
185
96
207
86
188
130
128
140
192
91
91
200
193
184
197
115
137
74
207
171
212
215
224
118
225
104
123
79
100
92
0
220
115
195
218
69
225
56
161
70
75
214
196
217
157
167
74
219
64
213
67
218
184
221
234
174
224
254
180
193
246
236
229
224
177
234
66
206
228
232
200
221
234
241
59
205
0
210
126
0
179
121
89
166
78
176
50
58
71
86
169
118
162
59
145
79
166
82
120
85
186
84
120
182
148
115
193
85
87
196
199
124
135
95
186
70
162
139
197
188
129
193
132
66
81
0
86
116
68
126
79
151
132
39
75
26
91
49
67
148
140
88
45
144
85
145
37
143
46
136
47
137
94
155
157
141
50
83
143
136
148
159
48
154
81
129
138
106
139
150
149
142
92
67
0
61
63
0
154
126
44
118
60
103
36
67
64
50
118
111
85
89
106
39
148
72
121
33
150
41
150
138
147
145
145
57
68
111
137
72
117
58
151
49
136
128
114
68
131
121
125
47
64
15
67
60
21
96
61
42
94
44
39
64
59
44
54
71
96
43
60
70
49
64
45
88
60
87
55
66
58
99
67
57
34
44
82
97
102
94
55
51
16
100
59
45
92
100
48
100
36
23
30
34
23
34
112
67
126
83
42
148
43
34
56
51
124
145
80
45
136
46
140
52
122
24
143
51
140
112
92
154
150
40
61
147
158
155
159
59
126
22
95
159
104
128
159
165
129
65
80
0
77
86
0
165
76
180
175
46
210
17
46
49
47
169
180
160
134
85
46
163
166
202
173
164
178
170
86
171
220
173
150
163
205
162
170
230
46
233
20
167
93
161
165
187
239
223
45
80
161
91
91
144
147
42
92
151
62
153
35
68
60
62
73
151
69
72
91
28
148
20
80
37
109
44
144
100
78
103
106
34
50
104
110
107
115
32
90
74
73
100
140
101
107
153
165
43
84
28
71
71
0
