568
257
569
585
355
574
220
377
364
360
593
577
293
338
561
252
581
355
575
343
560
334
549
291
547
522
526
339
259
539
550
536
522
329
525
247
292
531
557
529
559
559
536
338
264
270
265
282
272
356
85
374
365
93
380
293
48
226
299
372
371
113
291
361
211
352
85
364
47
139
296
339
129
146
376
83
298
224
375
128
388
139
266
259
179
141
221
353
359
373
87
374
275
55
29
51
55
0
302
123
316
331
153
338
97
89
67
92
326
322
218
134
111
110
321
128
360
99
347
75
317
229
130
326
141
152
84
342
318
332
351
86
129
130
316
131
245
370
122
135
135
62
92
94
261
277
84
342
205
427
355
99
204
76
136
124
146
458
315
247
4
323
2
359
6
244
2
337
11
314
283
308
262
363
9
7
366
344
295
331
6
309
1
287
317
306
267
294
336
305
1
218
0
196
215
1
145
65
156
158
74
160
40
35
46
57
148
153
97
52
137
60
169
83
176
47
180
39
138
99
93
106
141
42
50
144
150
153
148
62
104
45
126
132
175
164
173
153
165
47
69
0
63
71
50
115
111
55
131
16
108
18
21
60
22
134
153
121
21
106
23
140
50
161
63
154
31
153
79
131
125
149
25
27
160
142
157
154
56
152
55
130
104
133
165
162
134
164
28
61
47
98
90
0
12
108
11
10
26
83
10
69
90
12
12
126
57
8
148
9
12
72
142
6
11
12
11
10
128
122
123
53
12
12
140
138
11
10
148
31
99
146
13
11
156
148
162
9
8
10
2
9
0
133
74
86
146
38
146
60
46
55
54
88
90
134
44
84
59
123
60
140
61
138
58
125
86
77
102
118
48
54
134
134
141
117
49
88
32
129
119
132
144
127
87
147
67
84
52
68
61
0
192
125
206
210
59
216
46
227
57
58
228
189
214
192
160
45
213
41
197
53
204
256
200
281
162
268
278
246
260
266
292
196
212
265
266
42
191
273
269
175
204
197
269
31
260
0
255
150
0
142
81
69
143
69
156
36
64
54
73
155
89
130
37
114
71
149
61
96
70
138
71
93
138
94
107
145
63
46
140
136
103
112
64
133
50
123
112
142
154
112
154
114
56
85
0
81
103
57
167
94
191
178
32
114
15
47
44
41
181
188
140
47
186
46
177
26
199
42
197
37
197
148
186
181
190
44
46
193
188
188
194
44
193
45
204
182
169
208
204
205
196
43
124
0
133
137
0
192
70
65
109
22
112
18
113
91
22
110
120
97
101
106
16
182
90
100
13
194
23
201
189
198
211
206
95
95
93
189
88
95
91
178
76
159
137
95
82
142
96
146
12
81
29
72
75
29
92
54
43
90
52
33
44
52
34
45
63
71
47
45
57
43
57
40
81
40
86
45
62
49
66
52
53
40
44
59
61
73
79
59
59
16
71
64
38
76
75
42
77
26
15
27
31
17
17
117
29
91
77
41
123
39
23
39
41
103
122
81
36
128
37
113
38
94
29
123
47
113
81
77
114
117
40
45
110
109
100
116
51
95
23
84
119
111
102
124
104
91
50
62
0
56
58
0
150
69
172
161
48
249
17
45
47
48
170
162
173
221
127
42
161
226
264
244
170
234
168
110
166
254
167
229
232
267
171
172
270
62
274
40
181
134
190
197
242
280
282
62
90
218
90
103
216
223
51
70
201
159
202
110
157
152
149
53
217
85
145
53
14
204
8
52
15
59
119
204
54
55
59
57
10
57
63
61
59
158
11
65
123
43
69
106
157
65
195
205
117
56
11
55
51
0
