383
139
409
411
218
396
128
231
227
222
391
383
181
209
380
149
391
206
392
208
384
213
350
182
356
355
369
186
149
349
354
356
361
196
332
153
195
352
353
337
352
357
345
194
179
156
178
170
153
226
51
228
226
74
227
206
30
171
213
231
238
70
197
241
195
239
70
244
44
86
216
236
76
60
247
50
218
179
246
78
251
77
183
102
154
66
173
212
218
213
40
223
190
34
27
35
30
0
236
96
235
240
105
224
67
68
61
61
244
224
154
96
72
92
215
91
240
75
245
58
224
133
93
229
95
97
70
237
241
239
240
55
74
89
213
80
164
227
87
84
90
46
60
68
184
170
53
240
135
285
259
37
116
21
40
56
41
289
224
185
2
234
2
250
1
185
0
237
2
224
230
226
202
257
5
5
261
269
231
250
1
224
2
202
263
245
198
195
268
235
2
176
0
172
168
3
103
52
113
111
26
104
22
22
27
20
112
89
98
13
75
20
95
21
105
32
101
30
89
79
84
90
97
36
22
96
93
95
89
20
99
30
91
91
92
93
96
96
96
29
54
0
60
60
27
87
88
39
95
10
79
9
9
30
11
90
86
78
12
75
9
97
33
101
33
102
13
85
68
83
83
94
15
9
94
90
98
93
32
99
35
88
65
89
99
106
84
99
12
45
38
74
71
0
3
44
4
1
9
47
3
44
41
2
4
73
27
2
80
3
2
61
78
4
7
2
5
2
69
60
75
35
1
1
80
77
5
1
70
18
64
81
3
4
77
75
80
3
4
4
1
4
0
86
51
68
104
27
100
33
26
34
35
63
74
87
19
67
33
81
41
104
39
104
37
94
71
62
68
90
38
46
96
97
96
95
40
71
23
100
87
108
112
108
63
112
39
62
37
53
48
0
172
82
166
173
70
185
59
121
58
59
150
141
182
115
114
73
186
62
183
69
189
134
182
162
116
153
174
130
133
166
155
194
187
135
159
62
149
166
163
154
186
185
171
50
153
0
156
109
0
138
84
66
133
67
136
24
60
37
68
141
81
131
37
114
62
138
72
74
68
122
64
83
119
90
85
112
52
50
138
132
89
84
47
113
36
99
78
131
134
90
129
92
48
77
0
75
89
26
128
61
136
151
20
94
13
29
28
35
133
156
101
31
153
37
154
13
151
32
156
33
141
102
129
143
142
24
30
143
147
150
145
32
142
35
142
129
137
156
153
153
154
29
106
0
104
101
0
88
51
22
52
28
60
27
66
55
30
52
45
32
58
47
27
80
68
48
23
83
25
89
79
90
90
94
56
45
51
79
41
54
47
77
49
70
60
57
40
60
53
61
21
22
18
30
25
16
64
35
20
71
50
26
34
34
31
49
37
58
27
37
45
26
35
32
56
31
56
26
41
27
67
37
41
15
28
53
75
72
69
51
32
4
69
58
26
68
68
25
64
17
11
16
20
15
13
98
32
85
57
34
111
25
26
40
43
75
113
62
26
105
16
115
41
89
20
108
44
114
82
80
114
115
18
50
103
114
113
114
56
86
15
76
114
85
85
118
116
88
54
54
0
58
57
0
125
56
126
135
41
163
18
43
44
44
139
117
135
101
81
51
135
105
148
115
147
126
132
69
130
168
138
118
124
167
139
141
179
54
172
22
137
88
146
145
163
172
177
55
74
119
70
76
121
142
22
55
143
106
133
72
94
91
102
36
156
43
111
37
11
149
5
43
14
37
85
151
40
37
42
44
12
32
42
39
37
118
12
40
96
33
40
66
122
44
136
158
97
25
14
31
29
0
