390
173
421
409
236
409
153
265
258
267
412
360
226
237
377
193
374
247
370
237
349
250
375
230
372
369
381
239
200
363
380
379
382
249
375
182
212
397
391
381
387
403
396
253
200
188
201
208
207
258
69
279
259
62
272
192
31
119
198
265
234
105
171
236
144
272
73
255
51
109
173
240
97
94
247
70
195
146
253
101
256
103
173
175
125
93
168
247
255
249
58
234
190
45
28
42
43
0
228
109
251
255
109
260
85
76
79
85
245
269
159
101
83
102
254
109
279
105
272
81
240
160
106
278
106
118
100
285
267
276
260
52
87
104
211
111
185
242
101
106
110
43
79
77
188
172
66
221
124
307
229
68
152
63
110
115
109
323
190
170
6
200
3
213
9
146
7
204
13
188
190
202
169
229
9
12
226
226
192
202
15
203
1
175
235
203
161
192
227
204
3
154
0
142
148
3
139
65
143
145
55
143
33
31
41
42
134
147
108
52
108
48
145
64
151
42
158
46
161
98
107
101
167
47
65
159
168
163
170
48
114
45
132
113
150
140
147
147
150
44
69
0
66
67
40
114
130
72
140
15
97
12
15
36
14
139
127
125
12
95
11
129
35
132
42
132
18
135
92
118
101
141
20
15
139
123
145
134
53
139
54
113
100
128
148
147
121
145
25
62
45
104
102
0
6
113
9
8
13
92
8
91
89
6
8
129
65
6
139
8
8
66
129
6
8
7
6
9
119
110
116
33
7
8
98
113
9
7
114
16
89
112
7
7
107
112
116
7
7
8
3
6
0
115
54
75
122
39
121
44
38
48
44
73
90
103
38
71
36
91
40
118
49
127
44
102
92
69
67
104
51
39
100
100
114
109
49
79
32
109
95
112
112
109
65
114
50
81
48
71
66
0
161
85
147
163
42
172
38
176
48
45
193
171
176
130
139
62
188
57
172
56
175
181
183
221
142
212
232
163
187
227
241
175
165
180
202
56
174
204
220
144
191
184
220
43
211
0
190
106
0
159
114
82
168
52
167
42
39
56
50
174
113
155
33
123
45
142
45
100
49
164
47
116
168
105
103
163
57
49
180
159
120
124
63
143
62
127
120
175
158
125
167
111
56
88
0
91
125
53
116
70
134
138
30
78
22
53
41
51
133
134
69
29
123
45
152
19
147
29
145
34
141
95
148
145
143
35
50
138
144
145
145
38
143
44
132
108
115
157
148
155
149
46
85
0
88
92
0
133
90
73
120
37
110
26
65
61
36
121
117
93
54
120
34
136
61
133
32
153
42
161
156
169
148
152
65
50
109
148
93
108
54
113
49
111
126
127
80
106
128
118
38
83
28
75
71
20
84
36
24
74
59
32
41
40
43
61
54
63
31
49
56
36
57
37
61
45
71
40
58
41
82
47
43
20
28
63
82
82
84
51
39
22
85
64
28
81
81
38
83
19
15
17
34
19
18
94
31
78
48
38
100
30
35
43
49
77
91
51
30
95
26
89
33
75
27
99
36
88
74
54
89
89
33
38
86
84
93
91
42
87
20
69
102
78
81
95
106
85
46
50
0
44
45
0
127
52
122
121
41
176
22
47
48
48
116
116
133
132
83
40
134
151
191
156
135
170
129
57
137
190
141
143
168
182
131
136
205
44
192
19
129
92
136
132
168
203
189
43
68
158
61
61
150
136
28
65
135
81
137
62
86
86
81
40
142
44
102
53
17
152
7
52
19
58
74
140
56
50
58
58
16
36
56
61
61
103
20
54
93
47
64
85
106
56
136
132
79
42
18
42
43
0
