204
80
215
218
85
209
63
96
98
86
205
227
101
92
228
74
226
87
231
89
218
81
231
104
230
217
228
81
71
233
221
228
225
88
222
72
112
225
235
227
225
231
236
87
100
80
96
105
81
165
26
165
164
17
158
148
10
144
152
166
163
38
157
173
147
167
17
167
13
18
156
184
16
31
191
14
174
164
184
18
188
22
187
64
175
16
181
199
200
187
15
196
191
11
9
11
10
0
146
38
165
151
36
163
93
87
97
95
168
177
75
32
26
28
180
38
184
117
190
113
169
59
31
177
33
33
107
172
184
171
178
43
25
31
81
32
85
97
30
33
32
39
25
21
65
65
21
172
55
213
183
22
109
16
33
32
33
218
157
151
2
172
1
185
3
131
5
170
5
138
159
170
130
176
1
4
177
180
162
151
2
157
0
150
163
164
142
126
174
155
1
137
0
134
136
0
61
20
64
65
4
61
11
7
17
3
68
61
65
6
58
5
66
6
71
15
74
14
63
62
61
72
71
16
7
71
71
72
69
7
72
17
74
66
71
74
72
68
74
16
60
0
58
54
17
83
47
68
91
4
87
4
5
14
5
99
101
88
2
86
5
101
18
96
17
101
4
102
88
98
90
101
6
7
94
94
103
100
20
109
19
97
87
90
104
113
100
111
12
82
19
91
87
0
0
27
0
0
2
25
0
21
26
0
0
37
15
0
40
0
0
39
45
0
0
0
0
0
58
34
47
30
0
0
56
54
0
0
46
14
34
46
0
0
52
45
55
0
0
0
0
0
0
70
40
55
79
30
81
26
15
21
24
51
60
62
14
55
18
52
31
71
29
79
29
74
58
48
53
74
38
28
83
71
80
74
31
59
20
85
79
86
85
87
40
85
42
55
35
47
43
0
115
44
108
106
49
107
36
56
53
45
75
74
97
44
56
31
96
24
90
33
98
62
87
84
52
81
90
57
64
89
95
90
86
60
86
23
73
77
78
65
83
79
85
17
82
0
90
54
0
63
30
33
54
20
62
9
17
15
19
66
42
61
14
57
23
58
28
42
29
63
28
47
65
55
39
66
26
20
65
58
46
46
27
61
19
55
45
65
64
39
68
50
31
31
0
36
45
14
82
43
104
95
8
65
7
40
15
39
103
98
68
19
96
33
103
13
93
19
93
20
84
65
97
91
98
24
33
92
93
95
101
23
105
33
104
104
86
102
116
112
107
37
64
0
62
68
0
39
37
24
46
23
28
23
19
17
21
40
44
28
24
34
22
40
24
40
15
46
16
45
36
50
50
46
17
16
49
41
26
44
23
42
18
43
38
46
29
40
56
33
25
21
3
22
21
2
36
10
8
38
29
16
13
13
28
30
18
37
9
23
14
15
15
23
34
12
30
14
13
17
45
15
13
9
10
34
48
39
39
34
9
12
50
47
13
49
47
9
53
9
5
7
6
4
10
68
19
29
23
37
67
13
26
32
34
31
61
34
11
70
11
69
44
30
31
70
46
68
31
37
59
64
9
45
62
66
71
72
37
40
10
26
61
43
29
67
60
37
37
20
0
19
21
0
79
26
80
79
28
100
15
29
31
28
79
68
68
52
33
37
74
51
90
64
77
63
96
34
99
92
101
60
57
92
96
99
100
50
97
12
88
71
96
102
98
109
107
48
43
64
42
42
61
89
15
37
92
58
100
55
62
66
64
34
110
27
74
39
10
110
5
32
11
34
59
120
40
28
38
38
7
24
35
35
37
101
10
40
104
29
38
50
117
42
139
142
94
30
9
33
29
0
