402
189
428
404
255
409
190
263
256
255
416
404
234
249
413
205
405
257
410
256
405
249
398
223
389
393
410
237
195
396
390
395
393
243
412
212
231
421
395
419
425
439
429
234
247
230
240
239
206
275
64
274
286
57
293
204
44
158
202
297
278
102
224
292
164
289
66
288
50
89
231
253
82
104
276
71
202
152
261
86
272
90
184
173
143
89
185
245
243
250
70
263
196
57
44
51
54
0
231
100
236
257
110
247
76
76
72
81
237
252
195
99
88
103
276
111
278
91
286
67
272
173
120
279
114
114
111
101973
288
291
292
67
109
121
237
121
160
255
130
127
125
72
94
88
202
204
85
259
98
387
257
94
183
87
147
166
154
395
214
168
3
226
2
271
11
184
20
235
26
201
192
231
183
236
2
10
243
232
214
214
18
215
1
206
246
223
199
216
272
224
1
182
0
167
164
1
151
74
165
162
55
176
53
45
68
39
168
150
133
34
139
33
161
42
148
66
167
54
153
122
116
134
155
55
47
163
157
148
159
61
154
63
172
151
166
177
172
189
180
56
77
0
88
89
58
121
152
67
167
58
113
47
53
66
62
159
166
138
33
120
43
155
64
163
63
176
50
158
85
136
116
155
64
50
149
136
160
158
66
153
55
133
89
135
169
171
135
163
50
50
52
103
112
0
5
94
7
3
25
67
4
61
59
5
7
126
63
2
120
6
9
69
126
5
7
6
5
7
119
96
123
73
9
8
136
153
8
8
117
21
71
112
9
5
110
123
122
5
5
3
1
5
0
119
55
77
124
30
131
42
25
41
33
79
88
116
32
72
37
108
38
122
44
126
35
109
75
71
79
117
34
43
133
121
129
132
52
77
34
125
111
129
126
131
85
139
52
86
39
69
74
0
167
85
172
196
53
180
49
194
47
59
222
190
168
144
135
54
186
47
176
51
194
199
182
274
149
234
257
184
217
276
275
190
199
202
272
52
154
248
278
165
184
186
261
39
226
0
246
117
0
166
127
96
161
66
182
52
61
75
58
176
142
182
42
161
63
178
61
147
66
187
69
129
163
133
141
175
65
55
166
166
136
153
59
163
81
141
135
162
183
146
167
148
50
105
0
111
133
66
156
72
173
175
34
124
22
40
35
38
174
186
137
66
197
37
199
38
194
63
191
56
210
159
170
191
199
75
37
216
206
205
185
69
157
35
189
182
182
194
202
218
227
28
124
0
114
125
0
164
128
101
171
65
107
37
53
55
54
185
153
120
63
159
55
171
54
162
36
171
49
195
190
193
197
185
50
51
149
184
120
166
43
158
38
153
161
139
134
143
144
140
42
106
15
108
99
9
120
69
39
112
67
52
49
48
46
57
77
111
80
70
72
43
77
49
108
51
125
49
79
75
105
77
82
45
35
97
102
100
107
64
76
32
99
91
63
100
109
60
114
32
33
30
43
34
27
130
28
102
63
51
131
54
47
55
58
113
129
80
61
127
53
137
60
97
49
141
57
127
105
97
127
132
57
65
136
133
136
122
75
96
31
81
142
137
104
149
152
103
74
49
0
40
40
0
192
93
203
200
96
248
51
92
91
89
210
169
216
192
134
94
220
202
245
215
213
225
219
109
208
254
210
197
219
253
208
233
272
89
255
43
236
146
238
212
224
279
275
91
112
198
97
101
196
189
19
50
185
148
193
125
158
163
155
24
176
33
117
51
15
171
8
40
17
47
112
178
54
42
55
43
12
44
47
50
50
160
17
52
126
38
55
85
159
55
164
178
129
29
9
31
32
0
