384
140
394
395
159
384
99
169
180
172
397
391
161
170
397
121
387
170
386
171
389
162
368
168
370
370
362
156
120
364
371
363
364
150
367
117
176
368
385
371
371
377
384
146
175
127
168
182
118
243
50
248
252
79
248
227
35
190
222
262
241
66
218
262
215
265
66
258
28
79
236
221
71
80
229
43
206
183
232
66
224
78
192
100
180
56
198
221
223
222
37
227
212
21
19
24
26
0
191
81
205
192
78
199
37
45
36
38
200
203
144
74
63
67
172
72
214
58
198
50
208
128
72
218
72
69
65
222
234
226
221
57
60
74
179
69
151
209
72
75
75
56
50
47
139
140
55
224
95
271
245
30
135
20
39
40
37
282
220
189
9
221
3
239
0
172
0
235
0
191
213
216
198
236
9
0
233
237
224
196
1
222
6
207
210
228
180
167
223
223
6
186
0
175
168
3
76
33
85
81
14
90
20
9
28
13
81
80
90
12
75
13
86
17
81
26
83
26
88
68
83
78
98
28
15
99
89
98
86
12
91
23
86
79
88
86
90
89
77
24
66
0
60
71
20
65
42
36
65
5
78
2
2
26
1
67
61
72
3
46
2
66
34
72
35
71
6
65
46
77
65
66
3
4
67
71
68
65
36
64
24
72
48
71
67
67
78
60
6
29
33
64
65
0
2
47
5
4
9
42
3
44
44
3
4
50
23
3
56
2
5
37
55
1
2
3
2
4
49
40
45
23
3
1
52
56
3
2
50
13
40
51
2
3
55
53
50
2
1
3
2
4
0
47
30
43
53
14
59
16
10
12
13
40
38
48
11
34
14
42
16
48
15
48
16
58
43
42
47
61
20
17
59
53
58
59
18
45
14
65
49
63
55
55
40
57
17
37
16
35
32
0
111
76
119
124
25
119
28
93
23
22
119
119
122
110
91
33
141
27
136
31
132
111
137
117
79
119
138
107
106
129
140
151
136
103
125
35
119
126
126
104
128
137
138
29
136
0
132
89
0
125
90
60
108
30
114
24
29
29
31
112
98
113
23
99
26
124
27
100
30
129
28
110
119
91
89
122
32
30
130
129
103
98
28
122
29
119
115
135
125
106
130
105
27
84
0
91
109
32
131
71
135
165
14
106
23
17
27
13
137
171
114
29
176
21
164
24
174
24
168
30
179
118
139
180
170
27
19
173
177
171
178
28
131
17
164
135
130
179
170
184
174
17
115
0
123
124
0
71
41
25
46
28
51
24
50
52
26
51
53
24
44
49
21
73
51
39
18
70
22
82
69
82
83
75
51
40
42
65
27
43
48
64
41
70
57
57
34
54
61
58
27
26
10
27
25
18
78
19
14
84
69
18
30
27
65
64
29
57
17
43
27
28
32
42
60
25
61
26
25
25
75
29
28
17
20
61
61
65
66
60
19
8
70
57
16
67
69
23
66
17
6
15
15
10
13
90
34
49
39
56
98
20
43
48
51
48
78
38
19
75
15
78
39
44
33
75
43
89
45
40
102
100
15
62
86
83
96
94
60
49
17
35
93
70
43
97
92
47
65
23
0
24
23
0
126
34
133
119
70
118
40
81
78
75
130
87
114
74
40
57
116
88
113
106
108
110
120
47
121
125
119
89
100
118
123
124
130
73
125
28
117
95
122
121
105
125
121
80
40
85
41
35
87
124
14
14
125
111
127
100
118
114
109
14
133
22
133
18
9
136
2
13
8
16
120
141
23
11
17
18
10
22
13
21
19
138
10
21
148
17
19
50
148
20
166
162
140
13
7
15
13
0
