785
384
823
836
526
811
401
565
572
569
809
845
440
564
869
428
867
564
858
574
883
546
816
447
843
808
816
533
438
834
810
817
820
508
776
423
424
744
769
784
755
767
757
517
430
454
413
396
468
461
117
471
459
126
440
339
100
233
337
474
477
199
331
498
284
497
118
479
104
169
383
473
174
245
489
138
339
253
519
161
501
169
350
387
249
189
335
529
516
506
135
498
356
122
91
124
128
0
474
233
500
515
237
530
129
128
123
128
530
454
350
219
188
184
449
216
514
116
505
83
489
376
218
523
236
237
94
519
530
529
531
114
206
238
519
207
450
542
241
234
238
94
168
158
463
429
155
430
285
628
452
189
272
123
252
252
245
637
402
350
17
400
12
463
15
333
28
404
43
445
388
460
368
501
20
47
493
497
388
467
43
391
8
368
452
406
350
407
486
396
9
249
0
237
245
8
291
117
305
298
105
291
102
55
104
81
300
307
223
62
223
97
327
111
300
104
328
112
293
224
231
231
311
108
103
301
311
291
291
112
249
96
294
266
322
330
325
326
324
111
129
0
135
142
99
197
205
103
241
49
168
41
50
100
52
211
202
200
33
167
36
188
111
220
124
201
49
219
168
217
212
215
47
49
226
216
223
230
115
205
110
223
168
204
210
206
219
208
38
93
111
181
183
0
35
242
29
25
53
200
26
192
201
25
39
304
203
22
299
24
31
196
308
23
35
26
32
37
297
265
280
142
20
26
300
302
37
22
330
126
294
354
29
33
354
345
348
24
26
28
7
21
0
334
144
229
363
88
365
107
80
118
123
235
249
360
110
233
113
313
139
383
125
375
123
338
245
220
254
329
134
124
340
352
342
348
129
248
96
326
294
326
337
337
214
351
134
216
119
186
174
0
292
168
287
316
81
333
68
370
82
96
377
360
307
296
260
102
347
82
322
87
333
406
338
459
265
444
491
383
414
470
477
357
361
390
460
109
339
435
468
323
357
362
492
63
433
0
432
208
0
323
230
165
264
101
296
91
82
115
90
332
216
291
80
238
82
307
98
225
119
323
102
248
305
237
222
319
103
87
320
326
240
238
100
300
110
232
235
316
321
235
324
238
75
155
0
161
215
108
229
138
263
272
56
188
80
118
123
117
263
264
160
130
289
104
304
103
288
129
291
124
271
179
253
296
291
114
104
289
286
298
290
123
265
119
251
248
240
306
306
296
317
121
148
0
146
153
0
296
210
124
241
67
213
52
131
115
68
248
239
154
125
234
57
300
140
244
41
312
48
294
277
317
330
336
133
122
219
291
145
227
123
271
100
264
283
234
176
273
238
271
48
167
33
177
177
35
187
100
57
175
119
75
81
101
88
121
131
137
65
107
109
78
108
81
136
91
155
92
111
100
182
103
112
46
76
131
173
183
176
107
108
28
165
125
79
164
183
97
185
53
57
46
69
60
43
155
71
151
98
77
172
79
65
90
94
164
154
101
71
181
77
171
75
148
62
183
80
178
149
118
198
189
69
93
189
185
194
195
91
141
33
128
187
128
159
194
192
161
99
78
0
81
91
0
263
117
260
267
68
384
39
75
71
75
291
268
278
319
184
83
272
348
413
368
284
387
273
175
274
425
267
352
391
405
274
263
438
90
432
40
280
190
268
274
393
428
438
88
141
337
133
146
328
235
75
148
277
134
247
98
127
136
133
100
261
143
141
142
35
259
22
126
39
145
108
292
136
130
124
136
42
103
134
138
135
220
32
141
191
122
144
235
235
140
321
307
153
105
30
101
115
0
