336
133
357
342
166
342
119
173
177
172
348
323
175
171
343
137
331
171
333
159
328
162
332
176
332
334
330
157
130
327
333
340
330
155
313
135
175
329
325
322
332
332
328
169
165
137
161
168
143
200
40
206
202
49
207
166
23
137
160
210
182
72
155
190
122
198
37
194
33
58
154
187
54
77
196
35
144
121
190
53
192
55
138
119
102
50
131
193
189
191
40
187
139
35
23
31
33
0
186
69
195
186
68
198
72
83
69
76
198
187
110
46
41
45
181
56
187
65
190
55
171
115
52
176
58
58
48
179
173
182
186
39
47
57
145
49
131
169
54
52
52
40
37
37
127
127
41
190
105
257
204
63
111
42
99
103
99
280
190
134
2
192
2
194
5
122
5
190
10
165
165
189
167
196
5
4
195
197
180
194
4
180
1
166
210
182
153
158
197
176
1
134
0
136
133
1
104
39
124
114
46
114
26
12
32
31
120
97
86
16
86
26
98
27
98
27
101
22
107
82
86
85
106
31
36
109
104
109
106
28
88
25
105
93
109
108
111
112
111
30
59
0
62
62
22
73
72
42
95
16
65
16
18
21
18
99
77
73
11
77
13
79
24
87
22
86
15
87
72
77
80
90
22
19
84
82
86
93
29
95
24
76
65
65
94
86
82
90
22
51
32
75
65
0
4
53
4
1
7
44
1
41
44
0
4
59
27
1
58
2
1
31
61
1
3
0
3
1
50
38
44
10
1
1
55
55
3
1
49
3
31
51
4
2
51
48
49
1
1
2
0
0
0
70
26
49
83
18
79
19
21
20
21
52
56
76
2
53
17
68
15
76
18
71
16
66
58
52
46
71
19
23
73
77
77
72
18
59
10
81
70
84
79
78
47
83
21
56
22
54
47
0
80
54
82
79
18
81
16
123
22
23
128
99
91
94
71
19
92
20
92
24
85
132
87
153
70
145
160
118
136
162
156
87
89
130
158
28
85
144
157
85
103
101
168
20
156
0
149
66
0
91
50
48
91
42
96
24
46
39
51
98
59
106
37
87
54
110
64
53
66
104
57
62
97
66
48
96
59
53
105
99
58
69
43
80
43
69
61
96
96
59
93
60
44
42
0
41
58
36
49
26
54
77
12
50
20
23
26
18
56
75
39
44
93
16
75
35
83
41
81
38
70
51
47
58
75
29
15
71
71
72
69
32
53
21
65
54
59
86
67
80
76
20
34
0
34
34
0
123
56
64
89
16
66
12
46
42
18
89
89
73
42
88
14
122
42
87
9
134
11
130
125
131
129
137
44
43
78
129
79
84
37
120
34
106
99
76
72
105
80
97
15
64
8
74
68
12
44
27
18
48
27
31
30
28
21
32
39
52
32
32
44
26
43
23
52
29
49
29
37
32
60
34
40
20
20
49
58
59
58
38
34
10
58
50
29
57
50
30
49
17
19
11
27
14
10
89
35
76
54
31
89
28
24
35
29
78
93
49
22
85
24
90
38
65
28
87
42
99
69
55
102
103
25
43
105
106
109
112
50
65
16
66
108
81
80
116
115
75
52
44
0
51
47
0
106
36
104
105
57
123
40
53
56
57
109
83
90
100
47
48
94
122
143
131
101
139
83
43
92
152
89
131
141
152
90
88
158
19
163
9
82
51
75
79
138
161
145
13
45
129
47
45
123
58
11
24
61
27
59
18
28
31
23
12
63
21
39
25
9
64
4
22
9
25
31
78
30
21
29
29
9
23
21
27
24
58
7
31
57
13
30
45
59
28
79
80
48
18
3
20
23
0
