549
253
555
538
361
572
223
367
387
387
548
542
313
373
540
325
557
358
545
364
544
364
528
334
532
518
528
343
307
509
525
523
502
359
511
303
345
513
529
505
520
526
516
367
303
314
297
309
318
316
77
337
315
89
336
224
67
180
239
318
333
170
284
354
224
357
88
359
81
99
273
372
124
136
388
86
310
260
379
130
398
122
288
214
239
116
301
382
371
373
91
370
297
79
70
78
76
0
364
161
403
405
181
416
151
134
137
139
420
394
261
181
129
157
403
174
410
129
435
113
413
297
182
421
176
191
153
434
432
436
447
155
171
182
363
166
288
428
179
189
178
126
140
136
303
309
120
354
149
484
370
127
205
85
166
180
185
503
313
265
9
317
8
372
15
247
12
320
22
308
306
338
257
377
12
16
358
346
293
295
16
303
5
294
337
306
287
246
337
289
5
217
0
218
222
3
161
92
175
173
39
173
60
42
83
33
169
185
169
31
154
39
191
33
196
65
189
80
207
141
166
166
215
70
49
219
215
223
212
42
186
75
200
162
199
196
211
196
204
63
102
0
89
98
69
180
177
117
225
17
193
21
21
65
21
225
208
191
18
161
14
199
75
204
82
218
22
219
156
209
204
216
26
24
220
219
217
224
82
223
80
210
144
189
226
215
218
215
35
111
83
185
179
0
6
81
3
4
15
56
3
58
70
1
7
138
51
4
135
5
3
98
143
4
4
3
6
4
87
83
72
30
3
3
91
94
6
5
145
25
95
137
4
2
153
143
144
3
3
1
1
4
0
167
95
137
175
60
172
42
36
47
47
138
146
187
46
124
46
146
67
205
72
211
68
177
141
120
106
191
71
59
194
194
187
197
58
142
27
186
146
190
205
197
113
200
59
125
72
116
110
0
245
121
227
247
63
244
70
247
70
64
293
285
265
205
158
108
294
86
278
103
274
244
275
333
178
336
365
265
274
354
356
282
284
268
361
88
241
338
359
218
273
273
362
82
322
0
330
176
0
242
174
112
243
108
248
67
97
85
100
259
163
240
84
206
115
267
129
172
132
269
129
183
270
214
149
277
127
118
286
289
174
189
119
247
91
236
183
281
273
176
292
191
110
144
0
133
186
80
214
126
231
261
54
159
44
70
84
60
228
270
176
81
264
68
270
45
276
83
274
83
266
184
217
262
275
90
66
282
266
270
282
76
229
68
251
227
215
268
269
278
275
64
150
0
150
151
0
202
162
103
191
69
133
44
82
68
58
194
184
141
76
199
69
213
72
191
58
201
62
213
187
204
214
202
58
51
190
210
130
194
68
209
57
188
204
183
132
191
189
183
66
130
19
124
113
22
125
65
47
132
91
38
68
67
77
103
92
128
65
82
86
69
77
62
129
65
109
69
72
64
114
68
71
45
53
91
116
115
119
92
71
21
123
97
59
120
116
60
119
40
27
41
47
33
29
166
70
148
101
60
191
73
36
55
53
160
197
120
61
202
52
199
78
162
45
201
78
197
154
108
208
204
47
100
203
206
218
209
104
163
40
136
212
136
170
227
227
181
100
102
0
103
111
0
225
95
224
221
74
273
36
78
76
72
242
237
241
222
129
79
245
257
321
300
255
295
255
179
266
325
285
267
279
325
272
260
345
101
327
43
272
195
271
280
287
339
339
94
105
265
117
117
256
207
34
82
219
156
229
128
157
160
151
55
215
75
169
68
16
228
7
75
17
70
130
235
72
60
82
75
19
48
74
78
77
184
15
76
140
73
78
97
167
81
224
207
130
58
12
54
60
0
