540
240
538
549
330
557
185
337
328
340
558
510
264
313
509
233
528
310
499
314
512
325
503
277
490
504
505
288
248
483
500
505
498
313
510
256
304
512
535
503
533
528
515
317
231
238
255
263
250
317
80
336
348
74
327
253
48
191
261
343
303
105
240
311
197
314
78
300
37
103
238
299
119
110
319
71
267
224
324
109
323
120
242
195
208
128
252
306
337
329
82
329
251
51
38
51
55
0
305
150
338
327
139
352
93
98
83
94
334
328
211
118
102
104
331
126
354
106
340
85
320
216
129
351
135
146
116
345
351
345
344
85
127
133
302
122
249
341
131
132
135
73
79
93
263
232
81
305
168
373
293
82
167
66
126
133
128
419
260
218
3
270
1
283
7
190
4
263
7
266
246
259
236
309
4
10
296
289
254
278
10
255
0
231
325
270
222
256
313
246
3
188
0
182
194
3
149
73
161
155
54
148
40
35
50
35
153
152
108
46
115
49
159
50
147
47
161
50
153
109
115
107
161
50
56
156
157
162
156
57
139
49
149
123
163
164
175
165
163
50
77
0
67
80
42
131
142
63
160
18
122
15
21
58
22
165
162
128
17
122
21
146
53
167
61
169
26
157
113
139
127
158
23
16
162
145
167
163
58
146
51
135
107
147
161
151
151
158
19
64
54
120
112
0
9
103
14
12
15
72
8
81
85
7
13
143
39
8
152
11
12
64
150
7
10
10
15
10
119
101
118
52
7
8
129
123
14
9
99
16
74
105
11
10
99
94
90
11
8
8
3
10
0
113
63
77
143
38
118
40
37
41
44
83
84
108
32
83
39
96
48
117
42
127
40
122
92
68
80
130
46
46
131
132
121
123
46
89
28
125
113
141
141
134
82
144
55
91
43
75
72
0
189
117
202
210
70
208
63
179
76
72
208
189
182
167
156
54
187
49
209
57
190
240
190
238
158
238
267
207
226
255
247
193
197
207
251
48
173
233
253
167
189
197
245
43
230
0
217
131
0
139
91
78
142
56
141
36
58
57
61
154
89
141
42
146
58
166
73
88
67
153
70
100
166
114
103
151
61
54
160
161
108
120
60
130
54
130
110
166
147
99
156
118
63
81
0
79
106
49
153
66
164
161
33
106
25
51
44
46
152
173
113
40
182
47
180
30
165
48
177
36
172
126
179
197
186
42
49
186
181
183
195
45
172
37
189
165
154
201
201
210
196
46
118
0
122
116
0
173
80
74
116
31
103
24
89
71
27
111
122
89
80
127
24
166
79
122
18
187
27
188
165
192
194
193
70
60
107
168
94
96
64
146
54
141
146
109
77
135
105
128
22
76
16
79
82
24
83
46
35
81
49
34
49
48
47
51
67
79
38
51
54
46
66
37
77
54
73
58
63
56
78
58
57
24
41
51
70
72
72
52
53
12
70
65
40
68
71
41
74
28
22
27
39
28
23
108
21
85
65
48
110
35
31
49
55
84
114
72
35
103
24
118
50
91
29
114
45
113
93
81
116
113
31
42
113
114
121
117
56
98
23
94
123
110
98
119
137
98
49
61
0
52
60
0
167
64
166
162
53
219
26
55
53
57
182
146
172
175
91
69
186
194
244
207
181
204
187
118
191
251
181
179
190
228
192
192
266
78
248
44
191
120
208
206
196
260
262
65
95
204
89
91
190
163
36
48
180
127
159
97
130
129
132
34
165
49
120
57
9
169
7
46
12
55
88
166
44
47
52
54
11
41
62
49
55
137
13
46
129
42
48
73
136
47
168
172
112
41
12
49
43
0
