235
121
261
251
153
260
96
151
168
160
260
265
142
156
255
127
270
162
266
163
263
156
266
143
269
261
274
157
132
276
260
257
262
158
256
115
162
253
274
262
258
268
260
165
136
124
129
135
128
159
38
160
168
40
161
135
25
107
120
164
150
52
114
158
100
157
40
155
31
49
121
137
41
43
143
38
109
82
144
37
145
46
98
93
74
34
91
139
151
139
31
144
97
36
28
36
33
0
152
84
157
168
75
156
41
38
40
44
169
143
120
65
57
56
157
69
154
36
155
32
142
95
74
152
64
73
35
163
157
159
156
11
65
74
132
69
109
140
61
71
75
12
63
58
127
125
53
154
89
208
151
55
103
31
71
78
75
211
138
117
2
142
2
165
9
104
3
141
10
171
138
163
116
190
4
12
189
190
131
169
11
126
2
103
176
132
126
159
164
133
2
89
0
75
94
0
68
38
74
62
16
78
25
18
28
5
78
65
72
11
58
12
81
15
86
27
80
28
82
50
78
72
78
33
15
80
77
82
75
33
70
27
86
70
99
90
100
93
91
26
47
0
43
48
27
52
57
31
68
26
54
21
19
21
19
66
75
68
11
60
30
68
26
75
37
75
26
75
46
61
57
76
27
27
80
69
71
74
29
76
25
63
62
51
81
75
64
74
33
32
31
55
57
0
7
66
7
8
13
63
4
54
60
3
7
104
56
3
121
1
4
84
117
3
7
3
10
7
76
75
75
23
3
6
91
93
8
2
85
8
56
90
11
8
85
96
100
4
3
3
1
3
0
116
39
68
118
36
124
52
35
54
50
63
68
81
20
67
23
64
32
87
33
84
31
89
62
64
62
91
52
32
95
101
96
93
38
69
17
95
75
102
103
104
71
100
43
67
50
54
55
0
121
44
110
112
52
107
49
104
53
53
102
122
102
92
55
47
118
36
117
45
111
98
86
123
56
120
140
108
126
134
138
102
96
101
129
28
79
130
141
74
87
95
134
28
128
0
126
69
0
106
79
59
112
30
111
27
28
29
33
108
78
97
26
88
36
103
42
87
40
103
51
82
117
73
82
115
40
37
125
115
89
93
36
88
40
83
87
115
104
79
114
89
28
65
0
62
79
33
77
33
89
79
9
44
12
39
15
35
89
80
55
23
81
42
79
21
83
23
75
23
71
57
85
72
75
22
41
71
72
70
71
21
73
38
66
75
50
59
59
68
64
46
30
0
28
33
0
85
40
41
67
14
51
7
46
45
11
61
59
50
45
61
11
94
40
64
6
89
9
90
87
87
92
94
36
37
63
92
48
64
33
81
23
72
82
68
51
74
71
78
21
44
7
37
42
16
72
37
25
78
43
30
27
26
33
40
46
71
38
35
43
28
46
35
70
31
80
28
48
36
70
39
43
21
18
54
68
75
67
48
42
8
66
57
31
72
72
40
72
22
24
17
28
25
10
63
36
60
56
27
76
28
18
27
30
63
70
39
20
77
24
71
32
58
25
85
28
64
63
35
68
77
23
29
87
81
78
77
42
55
12
56
96
62
63
92
83
64
48
34
0
34
38
0
117
45
124
120
39
151
17
32
27
31
111
115
100
97
63
24
106
109
150
116
99
119
107
66
105
149
100
95
104
153
101
105
158
16
144
11
103
80
100
101
139
156
150
20
63
96
65
68
92
81
23
49
73
43
80
29
39
37
42
35
90
34
45
50
9
97
4
43
11
52
31
104
51
43
48
52
13
22
51
52
54
71
8
50
45
46
51
73
73
50
110
110
40
43
8
43
41
0
