420
189
416
431
273
420
157
290
293
287
441
407
198
279
415
190
402
281
419
272
411
275
385
209
396
392
396
260
195
396
386
400
405
241
382
206
234
382
387
387
400
395
392
241
213
235
205
208
213
215
46
226
225
55
222
191
30
131
191
224
245
109
196
244
160
249
62
249
40
73
194
247
66
108
246
51
201
169
245
74
245
69
177
146
131
60
158
227
226
235
42
215
176
37
31
44
36
0
239
94
259
250
131
258
51
49
47
45
262
247
191
109
95
104
250
102
263
62
268
45
251
192
117
263
114
119
74
282
281
284
273
61
110
119
269
112
201
278
120
124
117
36
93
94
228
219
86
230
127
278
237
81
124
64
119
124
126
329
226
180
5
224
2
235
4
145
6
219
8
215
199
219
184
261
7
5
247
258
210
222
6
216
3
197
250
215
209
208
251
215
3
154
0
141
150
3
123
70
151
145
33
146
39
29
43
27
146
147
128
24
117
29
174
37
163
45
162
47
156
108
127
140
159
47
33
162
162
160
170
21
144
50
155
128
161
166
148
161
162
45
95
0
99
100
43
105
109
43
118
14
103
14
18
47
16
127
127
104
20
87
21
104
59
117
68
123
28
115
80
101
86
106
20
17
123
105
121
116
61
112
59
106
58
104
113
110
104
107
13
38
59
84
89
0
8
109
9
9
23
70
7
77
88
8
11
128
60
6
128
7
11
83
130
8
9
8
13
7
139
110
129
70
9
10
146
146
14
10
127
36
96
130
11
11
124
120
129
6
7
11
6
9
0
143
54
107
160
27
163
44
29
35
32
106
108
141
26
106
33
132
37
145
35
162
46
147
108
106
113
146
37
46
149
156
157
147
44
114
32
146
131
153
150
148
108
157
47
102
36
88
104
0
174
96
160
184
50
188
39
175
50
58
204
215
185
155
145
66
195
47
196
61
185
192
184
243
140
234
252
191
195
247
256
176
193
190
247
71
170
228
237
145
193
193
250
41
228
0
218
116
0
151
109
86
143
52
156
47
44
50
54
152
102
156
40
127
51
151
52
116
64
159
55
116
156
120
109
152
58
53
161
164
129
123
57
138
58
131
128
171
152
113
175
134
47
96
0
96
121
65
116
68
135
161
33
103
40
40
67
38
124
173
93
72
174
36
158
47
159
72
165
68
162
101
122
153
178
59
39
177
168
172
166
64
135
35
141
104
142
177
178
170
173
34
73
0
83
82
0
151
117
52
124
46
98
42
63
56
42
131
124
88
52
123
48
137
48
117
34
139
43
149
125
150
150
152
55
45
120
149
83
121
62
135
45
127
146
117
86
136
119
127
33
88
18
85
78
15
95
43
34
94
53
30
39
40
43
58
57
83
33
65
58
35
51
43
101
47
79
40
59
46
82
49
50
29
40
61
83
77
77
56
52
21
96
74
39
85
103
36
88
26
14
23
34
24
27
112
38
94
66
43
117
37
39
52
49
98
113
59
38
117
35
105
59
103
38
98
51
110
90
56
110
117
29
55
119
119
119
119
48
87
18
68
111
75
93
103
104
92
53
59
0
56
61
0
149
68
151
153
50
194
17
50
52
49
156
163
165
148
92
63
165
173
211
189
165
192
150
85
144
231
156
169
184
222
136
148
213
45
209
26
140
91
151
155
186
213
226
46
70
168
71
63
167
107
29
48
122
79
115
71
79
86
79
31
121
38
82
48
11
117
9
38
16
43
57
127
44
39
45
48
13
32
49
54
50
98
14
47
112
44
53
68
107
47
140
131
81
38
10
35
35
0
