499
258
498
514
358
515
243
382
381
387
516
504
309
379
476
307
506
369
502
361
509
375
506
321
512
501
522
356
317
508
492
516
500
370
481
308
333
499
489
502
505
480
496
377
312
346
293
315
341
295
74
301
299
54
305
199
41
147
184
300
310
145
235
322
178
322
54
343
51
89
227
314
112
129
308
85
227
182
312
113
323
119
190
206
139
116
201
299
300
291
92
288
199
73
47
69
72
0
197
93
212
221
106
224
67
67
63
77
228
246
172
98
76
87
249
105
254
93
250
81
209
166
98
226
92
100
69
235
233
234
240
53
102
113
193
116
153
229
105
107
114
45
79
91
177
170
83
304
127
457
307
153
186
130
225
236
236
455
237
207
6
250
3
289
10
207
10
249
15
245
256
277
201
302
6
24
290
306
242
286
23
249
6
233
313
254
246
262
311
245
5
177
0
154
175
3
227
104
228
241
96
243
56
44
67
71
233
251
165
70
187
88
250
98
242
60
236
68
221
164
162
172
242
72
97
234
242
237
236
87
185
70
218
205
239
253
247
245
261
59
113
0
104
112
57
101
160
60
183
85
90
85
82
55
89
182
181
93
50
169
100
192
51
182
55
199
108
185
125
111
95
191
99
97
174
107
191
179
50
187
53
111
113
107
191
191
97
196
101
50
43
86
91
0
6
149
9
10
35
108
10
88
107
6
14
189
74
11
201
12
11
102
183
10
11
12
13
13
168
148
161
63
9
9
184
186
17
10
170
28
109
179
11
14
175
182
178
9
11
7
6
11
0
202
85
149
217
51
232
69
54
67
69
137
150
180
51
138
44
163
65
185
68
195
67
212
144
132
140
200
70
77
219
220
207
213
64
153
33
195
163
189
197
187
129
201
60
134
72
119
120
0
201
110
197
226
82
216
73
255
84
80
305
272
209
199
146
66
214
58
210
69
212
276
192
327
172
333
340
273
281
352
368
207
216
264
346
70
188
322
347
185
220
213
354
63
316
0
318
133
0
181
129
102
171
64
188
49
49
71
62
185
123
169
47
144
56
175
74
155
78
181
76
141
174
133
144
197
68
66
210
203
145
153
67
178
76
171
144
207
198
163
211
164
58
98
0
92
130
58
177
90
212
236
59
148
42
69
88
67
211
230
141
82
237
68
225
55
244
81
244
76
232
161
209
254
248
82
65
240
233
244
236
66
207
64
210
190
188
239
233
238
245
69
143
0
141
143
0
234
178
142
225
62
172
41
65
52
57
224
230
191
59
233
67
263
61
232
45
234
63
257
247
259
255
249
59
52
225
241
171
222
61
235
48
210
236
223
167
221
235
238
74
167
20
179
153
24
151
87
58
159
88
66
42
43
49
92
104
142
80
85
90
47
103
41
127
48
143
48
77
90
157
101
95
59
39
98
145
144
138
79
85
22
138
104
78
150
148
77
143
36
65
23
73
65
24
128
28
91
73
58
134
49
45
52
57
103
136
69
42
120
37
128
48
113
38
129
60
136
115
97
141
144
56
68
160
152
159
157
65
109
31
104
157
116
115
161
165
129
79
65
0
63
62
0
215
108
238
228
71
278
33
67
72
68
246
245
249
246
175
68
245
273
347
295
255
294
261
176
268
326
261
279
297
346
260
265
357
85
318
43
251
163
252
276
274
338
350
73
127
274
131
128
258
214
34
83
202
130
208
115
135
124
131
60
216
55
140
82
24
216
12
71
27
91
112
211
76
76
77
81
28
48
80
84
87
173
18
87
148
71
77
114
178
86
217
213
134
60
21
52
58
0
