387
197
404
377
305
401
209
321
314
325
399
383
229
309
378
270
386
302
381
298
382
303
372
250
356
371
356
298
270
355
366
364
375
291
363
244
252
364
379
374
369
377
370
291
253
278
259
258
295
224
44
226
229
36
235
156
38
121
149
233
211
61
150
214
120
220
41
231
38
64
162
257
64
95
264
55
195
152
263
62
264
72
143
138
130
65
178
215
218
214
57
217
141
44
35
40
43
0
280
122
279
288
100
298
69
70
70
73
325
276
198
95
81
96
268
90
286
64
300
60
288
187
102
280
103
107
66
294
302
297
296
98
112
119
294
120
248
347
116
115
125
89
86
78
263
262
83
219
104
367
220
109
164
108
201
190
190
391
165
137
3
175
2
230
17
147
20
175
33
197
182
190
139
233
5
24
224
228
158
200
29
168
0
144
208
165
158
195
216
173
1
106
0
115
123
1
106
37
99
104
59
99
41
26
41
45
103
87
64
22
64
30
95
44
93
37
89
42
117
44
57
66
112
44
57
103
109
113
109
43
67
35
67
65
87
88
83
98
90
42
30
0
27
30
41
125
138
80
154
34
123
27
35
42
34
161
157
138
17
110
28
150
46
158
55
160
32
163
92
128
132
163
31
28
154
137
159
159
53
163
47
141
94
129
152
158
136
161
44
68
42
109
115
0
8
82
10
9
22
52
7
50
57
6
12
122
40
8
128
5
6
71
121
7
10
9
8
6
108
89
91
33
6
10
118
129
10
4
135
15
70
125
7
8
128
119
128
5
6
6
1
4
0
205
92
162
212
42
219
53
29
54
53
137
160
217
44
143
46
165
67
236
63
232
65
252
167
158
128
248
53
78
254
257
252
253
72
180
34
257
185
250
261
256
158
262
77
157
49
135
152
0
191
90
170
197
81
195
63
234
81
81
302
252
183
183
97
81
203
68
216
76
210
246
218
305
119
282
325
232
272
313
336
216
221
237
304
69
166
291
316
153
204
210
322
55
294
0
291
110
0
224
98
97
223
124
215
35
121
51
129
225
102
183
65
177
118
218
125
95
133
223
132
102
188
115
100
196
117
100
201
195
120
104
111
138
57
173
105
198
192
105
208
108
101
78
0
63
95
53
93
51
114
158
24
129
87
60
111
57
108
164
90
112
164
54
174
107
178
120
175
119
150
84
104
150
165
101
45
168
165
166
163
104
110
42
104
109
161
177
172
176
186
53
52
0
52
52
0
233
163
135
229
46
165
36
48
43
55
233
208
148
56
199
34
233
54
208
31
249
40
227
222
237
237
238
44
43
197
221
179
209
37
205
28
195
205
212
167
211
199
200
40
182
12
170
157
8
81
53
31
86
44
39
41
39
38
43
65
78
28
36
67
34
65
31
81
49
83
43
55
60
67
60
62
20
33
46
60
58
63
22
58
5
68
55
50
54
46
50
62
21
32
11
39
33
11
134
34
147
110
16
146
25
7
15
11
144
131
129
28
136
26
129
16
151
9
139
20
144
145
110
136
139
23
24
138
132
136
148
18
148
3
135
155
123
146
152
152
133
17
113
0
120
116
0
137
76
158
152
21
265
8
20
16
13
154
127
147
217
119
23
146
251
304
253
155
262
159
127
149
309
160
262
265
310
154
161
322
23
311
14
157
125
161
165
289
313
297
19
104
246
111
111
233
110
29
78
120
49
111
39
49
53
46
43
109
55
45
72
7
110
3
67
7
62
38
101
73
69
66
74
11
12
63
71
72
96
8
75
39
63
68
67
88
74
104
89
35
56
7
56
54
0
