459
249
464
464
332
443
241
347
366
339
462
459
296
326
456
266
468
325
466
319
455
326
450
258
456
460
469
316
269
460
451
463
474
308
448
258
284
457
460
470
465
455
458
306
276
310
277
285
279
295
60
300
315
55
294
228
40
165
229
310
281
130
212
310
186
299
65
307
47
96
212
290
87
128
303
62
227
185
294
86
300
83
215
185
168
83
210
294
307
303
68
305
220
67
44
57
61
0
315
161
349
357
185
347
115
132
119
111
355
369
240
182
146
159
384
177
396
158
391
125
327
255
179
359
180
175
120
357
377
364
367
113
175
189
304
184
250
341
192
187
184
96
145
140
287
277
119
286
171
436
318
136
170
88
188
180
181
447
269
234
7
258
3
338
11
232
8
260
15
296
278
315
222
355
9
32
343
358
257
322
19
268
3
226
333
255
256
276
339
264
2
180
0
168
174
3
170
94
184
189
39
185
65
37
70
34
207
190
155
45
150
47
200
51
214
59
205
64
184
149
136
156
196
66
55
209
183
196
196
55
157
61
202
172
199
202
205
213
214
74
97
0
105
100
59
182
178
97
203
18
177
13
14
76
18
197
208
190
19
161
17
200
88
217
95
211
22
222
169
183
194
222
27
26
213
194
228
229
94
237
89
206
180
196
244
236
201
227
38
96
82
172
151
0
9
194
7
9
31
143
5
157
152
4
10
218
138
4
225
5
5
148
218
2
7
3
9
9
202
173
195
76
2
7
207
215
9
4
204
47
148
211
10
8
206
218
219
2
2
5
0
3
0
213
89
140
226
66
230
96
76
94
101
116
144
177
59
125
57
149
82
197
78
197
68
177
145
130
125
186
87
80
195
184
175
186
59
139
34
176
156
182
190
189
127
193
56
138
90
112
105
0
209
126
190
213
73
210
56
225
69
75
264
236
206
200
152
69
223
57
218
71
214
248
204
288
140
290
302
245
261
296
319
202
207
256
303
67
171
266
292
168
211
203
300
58
279
0
274
113
0
192
144
108
193
69
197
57
66
76
78
201
145
167
35
152
55
181
68
129
65
212
75
128
177
126
140
184
64
55
202
183
136
139
92
185
85
157
146
236
206
135
227
148
75
112
0
101
136
79
167
94
189
180
34
102
34
85
58
82
183
178
114
46
167
94
177
35
185
36
180
48
187
110
185
186
191
58
83
196
191
193
201
56
188
82
166
174
155
189
195
184
197
99
101
0
103
112
0
220
164
102
183
47
157
32
78
71
43
185
189
136
64
194
53
215
67
175
33
216
47
222
212
236
229
241
73
63
182
221
143
179
68
206
64
199
192
188
134
196
179
198
52
123
23
130
117
13
121
63
31
126
84
54
67
64
53
74
88
90
45
53
84
72
83
38
90
73
95
62
100
79
104
76
68
26
54
80
96
88
89
60
68
22
88
71
64
100
92
62
93
47
23
33
43
25
37
122
43
110
60
50
133
40
36
49
50
107
130
64
40
136
27
141
58
101
36
130
56
144
97
84
146
151
32
73
149
149
147
135
66
99
26
89
149
96
101
149
155
94
70
40
0
48
52
0
219
90
238
233
76
247
27
72
73
73
236
236
234
197
134
78
230
226
272
245
238
258
240
112
239
268
234
217
251
257
246
235
294
52
276
23
183
124
196
212
232
290
288
58
105
231
101
107
229
155
35
100
161
85
185
50
95
81
100
77
178
75
95
95
21
194
11
82
28
100
69
206
92
93
100
102
20
69
97
103
106
153
17
103
131
89
107
149
154
102
212
211
85
84
13
84
74
0
