287
163
292
296
196
280
121
207
195
196
301
289
195
200
297
176
299
198
298
188
297
191
297
191
286
287
284
177
163
283
284
288
288
185
302
162
180
286
301
293
310
316
294
190
200
172
197
183
182
175
43
171
179
31
174
144
20
113
143
195
192
58
154
190
123
197
34
194
25
64
155
218
68
72
233
49
179
139
217
60
223
65
143
119
133
56
161
191
201
197
41
197
147
26
20
30
32
0
167
84
189
188
55
177
57
69
56
63
200
162
121
43
44
44
171
45
166
44
176
36
169
124
52
185
51
59
42
160
191
170
181
67
58
51
154
51
163
213
46
55
56
73
40
41
141
143
37
187
77
282
184
69
166
78
134
146
136
298
160
115
2
150
0
176
6
135
15
148
18
141
139
169
123
173
4
11
184
170
152
145
17
155
0
139
177
156
134
145
187
150
0
118
0
114
115
2
93
39
104
113
39
114
20
14
24
29
108
111
77
26
97
36
120
51
118
18
123
21
97
62
81
77
92
20
26
99
88
100
96
14
77
19
87
72
83
93
88
94
86
23
61
0
69
61
19
76
70
32
89
13
74
9
15
27
12
93
83
80
7
60
16
74
33
78
35
77
14
83
67
79
85
80
15
11
88
85
86
92
33
90
26
85
68
79
102
98
83
107
22
45
31
72
76
0
6
67
7
5
14
51
4
50
60
5
8
90
41
7
89
5
4
57
96
5
8
7
8
7
95
80
81
47
7
6
89
100
9
6
73
38
70
83
7
7
84
81
83
7
6
5
1
5
0
86
47
79
93
10
98
14
14
16
15
73
79
85
13
79
12
81
14
93
17
94
15
91
81
76
76
89
17
20
89
91
87
86
15
74
9
95
86
90
89
99
81
93
15
72
17
63
64
0
106
50
101
108
25
112
22
155
27
26
187
136
121
86
95
28
114
20
111
27
119
166
107
219
94
227
220
150
178
219
215
107
123
166
214
30
96
205
220
104
114
118
222
23
201
0
205
87
0
108
75
62
97
43
107
18
41
29
51
109
74
113
32
109
46
113
48
76
47
125
50
78
128
86
67
122
55
53
126
136
87
80
52
111
33
102
79
129
124
68
132
86
54
69
0
69
86
35
93
57
96
157
35
78
43
12
62
15
96
154
84
64
150
14
153
47
157
64
152
63
155
85
93
157
155
65
14
163
163
157
157
70
103
16
127
91
116
160
161
155
162
15
78
0
80
85
0
148
100
96
159
41
126
32
41
34
37
160
140
111
29
146
31
147
27
136
23
152
34
161
149
153
155
150
30
26
137
161
111
139
30
146
24
161
154
142
119
141
144
146
23
127
5
129
123
8
65
28
25
66
37
22
31
25
24
40
41
54
34
36
35
22
30
29
65
28
65
22
30
25
60
30
29
28
20
50
65
69
65
66
28
25
72
57
25
85
79
27
88
15
18
12
18
16
12
74
17
60
41
37
80
21
27
41
37
61
83
56
15
81
14
82
31
67
25
88
37
70
62
64
76
77
19
28
80
79
83
82
29
58
20
65
82
71
67
80
77
68
19
43
0
40
41
0
88
52
92
97
33
149
12
34
38
34
103
53
91
141
72
35
100
162
183
176
97
182
94
78
92
176
95
170
170
176
97
97
175
41
171
20
104
69
98
101
174
176
184
35
36
169
42
36
163
77
13
19
83
74
83
65
68
69
71
18
103
30
73
17
3
93
2
16
3
14
69
106
18
13
15
15
2
21
15
15
16
94
3
16
86
13
13
30
90
18
104
101
86
17
5
12
16
0
