440
209
471
461
240
466
180
260
269
270
457
442
248
249
429
216
441
250
448
244
431
244
425
242
439
448
439
251
216
449
433
436
459
254
436
196
236
417
436
444
432
433
422
248
254
219
236
247
227
267
58
281
287
65
281
215
47
181
220
294
274
103
205
295
192
277
68
293
49
87
221
297
88
109
314
66
240
196
292
89
305
89
231
164
186
91
248
314
308
319
64
315
228
59
44
62
60
0
272
117
292
301
116
296
112
112
107
119
310
304
177
98
81
94
303
103
304
126
325
108
314
188
109
336
109
108
133
335
327
335
345
141
105
115
272
116
236
335
117
117
112
111
86
83
211
203
81
288
139
378
306
57
161
66
99
112
110
392
250
219
9
257
7
321
18
207
21
262
24
249
239
270
209
305
5
12
312
300
258
272
16
238
5
217
266
247
246
221
277
235
4
170
0
167
175
5
161
66
177
182
46
186
50
29
58
38
197
190
139
44
153
50
181
53
176
50
187
57
161
116
139
150
154
56
22
156
159
155
138
39
141
60
151
149
155
156
163
157
166
57
89
0
89
87
55
156
120
91
164
29
138
22
23
46
27
170
183
149
17
131
22
166
47
170
55
167
27
156
122
151
143
157
24
18
157
160
159
160
53
171
50
151
134
145
171
169
153
162
29
96
49
141
137
0
7
105
8
6
21
91
5
76
87
4
9
117
75
1
127
4
5
75
125
3
5
7
8
7
105
96
115
48
5
2
123
122
4
5
123
32
93
133
7
5
132
129
133
5
4
4
2
4
0
170
70
116
177
40
171
60
42
60
67
109
114
146
38
107
39
125
59
151
64
159
59
144
108
103
99
144
55
58
157
159
152
157
60
111
19
149
144
160
164
169
101
168
56
104
60
95
95
0
186
107
181
190
54
184
45
180
49
57
219
191
195
171
159
68
206
44
209
63
207
200
200
249
152
259
255
191
214
261
259
219
220
195
243
62
204
229
252
182
213
220
255
40
245
0
241
135
0
148
108
66
136
41
147
35
31
62
43
147
108
120
17
123
29
133
43
124
35
141
37
126
163
111
117
153
40
40
146
157
127
139
49
137
57
128
117
154
153
119
158
126
33
100
0
105
118
54
139
77
166
176
19
129
36
52
52
49
162
184
122
55
180
53
188
48
191
56
185
68
180
128
170
190
192
53
47
189
202
189
205
79
174
48
184
172
160
216
214
215
207
54
111
0
117
111
0
161
119
78
142
51
104
46
74
70
44
138
135
102
86
130
32
156
83
127
38
178
39
181
154
179
184
181
78
75
134
176
103
132
67
160
59
153
149
135
88
136
133
129
43
96
13
94
86
10
92
55
25
100
71
35
39
49
62
65
59
96
48
81
71
44
65
52
102
52
98
51
68
63
109
65
65
30
43
88
107
107
108
88
49
23
107
100
44
117
110
53
113
36
34
19
49
29
28
101
23
66
55
48
100
31
46
52
51
77
89
32
36
83
33
95
49
80
46
100
48
105
77
40
97
97
40
55
101
104
87
89
63
77
15
63
109
69
74
113
106
77
65
29
0
29
32
0
143
69
158
153
51
208
29
38
44
55
163
144
147
169
101
47
156
189
237
208
158
202
194
105
183
252
170
185
198
228
173
183
248
69
247
29
179
139
188
190
212
228
249
65
86
188
83
84
189
155
28
61
157
103
165
89
107
100
107
43
181
58
126
60
8
183
1
60
14
71
96
193
61
54
60
66
12
24
64
52
62
168
7
63
131
44
64
75
160
64
192
199
132
55
5
47
49
0
