216
97
225
217
143
221
90
150
139
145
211
206
113
149
200
121
199
155
196
143
189
147
198
132
183
199
183
139
116
188
191
185
201
128
180
116
125
191
195
187
192
199
195
137
120
127
123
119
130
146
30
129
145
30
135
112
23
88
107
145
130
51
108
124
90
130
25
135
21
35
111
130
28
48
136
22
120
92
132
31
130
30
103
64
74
29
101
124
115
128
22
119
103
22
19
21
19
0
124
47
132
139
48
135
40
44
46
43
141
115
88
48
36
35
118
47
131
32
132
22
113
77
42
117
49
46
22
123
115
128
118
28
47
45
119
51
98
120
50
52
48
23
41
39
104
105
45
122
47
180
128
47
101
52
90
102
93
195
103
79
1
103
0
104
1
84
0
100
1
84
96
101
95
106
3
1
115
107
100
110
3
101
1
94
125
96
89
111
129
105
1
82
0
79
89
1
68
19
68
68
23
72
19
12
19
20
67
52
44
7
54
9
50
11
57
22
51
23
52
47
42
51
58
16
13
46
54
48
50
12
54
21
46
52
46
52
52
52
54
18
40
0
42
43
16
59
42
36
63
7
61
6
5
17
8
57
54
61
2
49
5
55
21
55
23
59
5
58
45
69
67
56
6
3
60
62
57
58
22
61
25
69
44
57
53
54
65
57
10
39
25
58
56
0
5
44
4
5
5
34
6
40
37
2
6
53
23
5
59
5
3
41
56
4
3
6
5
3
45
43
39
19
5
3
52
49
7
6
37
7
26
43
4
4
41
44
34
4
5
5
2
4
0
57
32
48
59
7
59
13
9
11
11
45
56
59
8
53
5
54
8
65
11
61
7
69
59
51
49
63
14
12
66
61
58
61
11
61
11
61
55
63
66
67
55
66
11
43
14
36
38
0
92
35
82
96
38
97
42
108
43
43
119
84
87
67
60
38
91
42
101
47
92
110
94
136
59
127
139
93
110
130
132
98
95
99
135
38
77
116
144
81
98
97
141
28
130
0
130
54
0
95
53
43
84
44
91
18
34
26
43
95
50
78
14
59
29
92
38
48
39
84
32
56
96
54
47
89
39
31
87
85
53
54
44
57
19
66
50
81
78
46
84
55
30
40
0
40
56
22
70
32
75
99
30
68
22
12
43
10
77
115
57
38
114
14
112
23
107
37
114
39
109
74
78
99
106
37
15
97
96
109
97
34
74
17
101
72
89
106
110
96
98
13
52
0
49
55
0
104
52
82
105
17
80
9
17
15
15
103
102
87
20
99
9
111
21
107
14
101
14
113
106
109
112
105
22
21
103
108
78
101
18
100
12
94
95
98
80
91
99
85
22
76
4
77
78
8
50
26
12
40
32
13
25
28
19
30
30
45
31
28
26
21
32
26
40
22
44
20
26
19
40
24
24
20
10
36
37
38
33
36
20
18
52
49
13
54
52
17
55
10
5
6
9
10
7
64
18
47
38
24
70
10
16
21
22
51
62
47
11
59
11
61
17
46
17
56
24
51
39
38
53
54
7
18
62
55
58
56
17
52
11
48
59
45
46
56
58
43
18
30
0
26
30
0
80
31
85
96
25
110
13
28
28
27
78
66
91
103
73
31
93
94
131
114
90
116
97
76
94
144
92
111
118
140
93
88
144
31
137
20
90
83
97
100
132
136
150
28
48
104
45
44
103
76
8
15
76
67
79
60
64
60
64
9
76
29
62
15
6
65
6
14
7
17
52
74
12
16
15
16
11
16
13
15
15
72
7
11
74
9
12
22
70
11
82
70
68
10
5
8
10
0
