219
98
222
228
151
223
89
158
156
153
229
209
103
139
209
121
212
142
219
148
209
140
190
112
183
193
192
133
122
189
203
192
185
140
188
116
126
196
198
180
202
210
204
145
107
120
109
118
123
132
30
139
140
32
140
88
19
65
97
131
135
43
95
135
70
136
33
139
21
47
97
133
45
44
131
38
104
71
141
47
150
46
101
116
73
55
95
149
153
153
32
151
112
26
17
25
23
0
132
67
147
135
61
160
32
36
37
43
150
140
92
62
50
56
143
64
166
53
153
40
143
81
78
157
79
73
50
166
163
153
169
43
57
60
143
61
106
147
60
68
68
29
46
36
112
121
37
127
65
178
133
47
73
37
75
70
74
178
97
89
2
115
0
121
1
82
1
110
3
113
90
118
92
117
2
3
133
123
102
111
3
106
0
99
132
114
83
95
130
114
0
76
0
65
81
0
60
24
63
57
24
58
31
23
24
18
53
54
43
18
46
20
57
29
64
28
62
29
56
32
40
42
57
34
31
59
64
61
63
31
44
25
44
45
72
74
64
65
67
30
19
0
19
18
25
55
75
29
82
15
52
6
18
26
15
78
79
52
17
42
12
78
23
75
25
77
16
77
44
61
48
71
12
6
82
66
71
68
29
77
21
54
39
62
71
76
65
81
13
27
19
44
50
0
2
43
2
4
8
29
1
29
28
3
1
70
23
3
76
2
2
33
71
4
4
4
3
5
56
48
59
21
5
4
63
74
4
1
75
12
52
85
3
5
80
69
76
3
4
2
2
1
0
92
44
65
97
27
90
23
18
25
23
66
76
85
23
60
20
67
29
94
29
91
27
82
76
64
64
86
27
22
87
92
93
88
28
71
10
74
72
88
82
85
68
85
20
66
31
50
53
0
87
40
87
86
31
79
25
84
28
31
104
90
75
79
50
34
78
27
84
37
87
102
84
120
53
118
132
98
115
126
136
84
89
102
128
25
70
111
120
69
89
82
125
23
102
0
114
55
0
82
53
37
82
45
96
22
48
32
52
95
50
78
24
72
40
84
48
53
47
89
45
55
77
49
49
75
32
26
81
77
54
50
39
67
32
59
58
79
79
50
82
57
32
43
0
38
55
30
54
29
63
72
22
41
12
29
22
28
63
78
48
38
82
26
79
22
74
38
77
37
68
51
60
75
77
33
29
73
76
81
76
30
75
26
71
65
69
77
79
81
81
23
42
0
42
45
0
96
45
38
68
21
54
10
29
28
20
68
66
56
32
67
18
91
35
68
11
85
16
88
87
99
99
85
25
26
66
91
58
64
15
80
16
80
68
56
51
65
62
72
13
44
8
45
43
11
35
28
24
42
19
21
25
23
9
25
44
36
20
17
40
25
33
14
38
26
38
23
33
33
30
34
31
9
20
25
33
32
31
17
34
4
34
28
22
34
33
27
35
11
11
8
14
9
8
61
16
63
36
9
56
18
3
11
6
51
62
39
13
56
16
51
9
47
6
62
8
51
46
51
55
54
18
14
56
53
42
60
14
52
6
52
55
43
57
54
55
56
12
41
0
41
42
0
58
36
54
68
14
117
6
14
12
15
64
72
54
92
52
15
65
103
113
109
60
102
78
48
88
124
75
92
103
125
68
78
131
28
125
18
77
64
84
78
121
125
123
23
44
92
36
43
81
58
18
26
64
50
69
26
47
43
47
17
75
29
45
26
12
70
5
32
15
32
34
71
31
27
30
34
11
15
33
32
34
60
10
25
46
31
33
38
59
28
77
80
50
24
11
22
21
0
