364
174
377
386
223
390
151
235
232
246
382
368
238
228
373
191
385
224
389
222
367
220
379
227
380
384
369
210
197
381
380
384
368
218
384
179
245
370
386
397
392
398
379
206
216
202
196
223
186
245
63
259
260
60
248
184
44
148
200
252
244
133
208
251
168
267
61
260
51
81
207
279
77
133
270
63
228
195
291
87
283
84
196
168
161
91
184
270
254
250
59
263
196
52
43
55
52
0
221
87
249
243
121
247
88
89
82
83
262
249
185
111
96
99
255
108
258
94
279
86
249
180
102
285
106
119
94
273
262
271
269
84
102
114
232
113
180
258
118
114
119
70
95
89
186
181
90
242
102
314
267
83
122
53
110
119
121
304
220
177
3
227
1
231
4
204
3
217
4
203
229
234
192
245
6
2
244
242
242
220
5
226
1
218
250
231
224
203
240
225
2
177
0
172
170
2
145
68
154
151
44
153
39
18
48
40
155
155
141
30
114
39
145
47
147
45
146
46
125
117
109
133
130
46
26
139
130
133
135
23
128
48
131
115
130
135
131
139
138
40
81
0
84
85
46
102
75
53
95
9
106
6
11
41
9
99
111
122
17
89
10
106
53
118
64
112
15
107
87
114
113
99
18
14
113
124
105
101
55
94
59
119
92
101
111
102
121
99
10
61
64
106
102
0
18
51
18
10
18
40
15
38
38
14
17
101
51
19
103
18
21
64
99
20
20
19
10
21
95
86
94
68
12
8
95
106
15
17
101
41
77
95
13
19
94
97
98
22
19
13
11
18
0
126
56
78
132
28
135
46
33
46
43
81
96
132
43
82
40
114
56
145
65
140
57
120
91
84
100
122
52
43
128
123
124
138
66
91
42
133
136
140
140
146
78
145
65
79
37
77
79
0
208
102
186
205
56
211
45
146
58
64
209
196
218
127
173
79
215
61
217
74
231
149
208
223
168
223
242
154
160
246
228
224
224
156
215
95
226
211
216
195
234
235
227
61
219
0
201
124
0
196
132
101
167
65
200
33
56
48
63
203
129
197
53
174
62
207
73
138
79
211
77
150
207
177
137
213
91
82
222
214
154
147
91
198
59
185
141
224
227
150
236
157
83
110
0
107
136
54
159
102
162
169
44
83
27
43
56
40
159
177
122
52
186
50
183
28
172
51
174
57
188
138
154
183
177
58
50
192
190
186
178
61
146
46
187
149
156
191
200
203
206
44
106
0
99
107
0
123
144
58
152
80
97
68
49
45
82
161
142
95
58
140
64
127
51
142
45
142
59
147
134
151
139
146
53
46
141
144
86
124
50
124
36
120
132
131
78
112
134
119
65
70
8
67
65
13
117
51
29
114
83
33
48
46
81
94
58
114
33
79
49
39
49
65
108
43
101
43
52
48
111
49
46
29
44
82
104
110
111
82
40
20
103
86
30
109
97
37
100
29
14
26
27
20
27
115
48
101
73
57
136
41
37
63
67
102
129
67
41
128
31
129
59
96
38
127
56
138
104
75
137
135
31
69
145
146
143
146
75
109
34
84
165
130
108
165
165
110
71
76
0
72
76
0
165
69
166
172
73
198
30
70
63
58
187
170
186
138
100
63
177
157
202
160
194
160
172
95
173
218
176
143
161
214
170
180
224
59
217
21
164
110
167
173
182
222
221
58
96
151
94
82
147
157
25
63
162
102
148
68
103
103
101
43
145
36
112
54
16
151
13
45
21
56
87
157
52
43
57
53
22
42
52
53
52
106
16
55
99
39
55
96
113
56
157
153
83
45
14
44
45
0
