281
185
292
277
214
297
72
220
228
218
297
288
222
222
290
217
287
222
284
224
304
224
297
201
291
298
286
206
180
273
281
273
289
195
255
181
198
257
249
261
256
264
261
194
214
202
217
219
209
92
21
99
94
32
97
53
32
49
59
96
97
62
46
104
47
102
37
100
35
39
51
106
43
70
116
46
70
69
125
45
117
42
70
75
54
43
94
125
116
118
39
115
73
42
34
41
42
0
143
45
148
160
54
161
41
39
43
44
168
166
110
53
54
59
167
59
163
42
169
32
190
116
57
189
63
66
56
187
178
194
180
136
62
61
191
66
199
282
61
62
65
130
51
53
145
138
56
64
17
256
76
47
194
164
205
202
204
259
62
52
0
61
0
66
2
61
5
64
5
52
63
73
49
67
0
5
66
71
64
61
6
69
0
65
74
72
64
60
83
68
0
56
0
54
55
0
77
32
84
84
11
78
31
20
34
10
79
79
95
8
70
11
78
12
73
38
79
35
80
56
90
84
76
36
15
77
76
73
73
18
89
31
89
69
100
99
97
105
94
32
62
0
60
62
33
85
63
45
75
10
85
5
11
36
9
74
100
92
14
74
18
99
34
104
41
100
24
125
67
106
103
124
32
24
132
103
125
125
38
150
37
102
64
93
159
164
105
155
55
37
39
66
67
0
2
57
5
3
16
41
1
33
42
1
4
108
23
1
117
2
1
60
118
2
4
0
2
2
143
83
132
90
2
2
152
153
3
1
108
26
85
117
2
1
117
122
121
2
2
1
2
2
0
158
80
110
160
76
153
55
39
50
53
118
116
159
44
113
47
117
74
161
69
159
66
166
115
87
95
176
88
76
170
169
172
173
53
128
26
161
135
156
158
159
115
161
59
111
87
94
101
0
130
62
114
140
17
140
13
191
15
18
272
203
146
119
86
38
152
36
150
39
151
170
142
280
100
272
287
160
201
297
301
140
143
156
278
26
127
244
281
121
154
147
303
23
275
0
264
104
0
165
126
69
162
38
159
32
36
40
41
172
136
165
11
145
35
175
42
141
35
182
37
145
173
115
137
181
42
34
177
163
142
136
29
150
49
138
142
164
161
146
174
149
29
127
0
120
153
51
141
43
156
117
10
97
27
87
32
91
152
117
85
37
119
85
116
33
117
34
113
33
136
95
146
142
137
52
82
135
138
132
128
65
161
81
108
160
133
156
153
156
157
89
71
0
78
73
0
183
177
139
249
89
169
74
13
13
88
254
232
164
11
231
69
181
14
215
49
192
63
193
183
197
197
206
15
14
241
202
180
242
15
200
16
189
190
260
184
194
270
181
106
170
3
168
164
1
137
34
21
128
108
29
36
31
88
106
45
125
46
102
45
27
42
82
124
40
119
32
46
38
106
46
40
33
31
86
105
111
103
77
44
29
103
81
37
94
105
40
98
24
10
17
23
8
15
87
22
67
49
41
97
28
32
46
46
66
94
54
26
88
21
95
46
66
42
94
46
111
71
60
110
113
27
62
115
110
110
108
52
70
27
63
101
81
67
103
109
64
50
29
0
35
31
0
114
40
115
115
38
176
29
40
39
40
118
74
121
164
76
38
117
181
207
193
112
202
121
73
118
211
123
181
201
224
123
118
220
48
231
25
123
107
123
116
217
226
221
45
62
188
54
58
191
128
20
86
134
68
138
55
63
63
69
72
135
71
61
91
25
133
13
90
22
86
47
126
85
84
93
95
23
12
93
89
95
116
26
89
46
94
87
75
98
89
118
119
36
72
22
62
63
0
