289
124
297
284
169
297
129
191
200
197
286
275
152
197
278
149
287
194
277
194
277
191
259
165
267
246
253
175
153
261
260
256
251
178
265
148
168
281
276
267
273
276
281
180
150
165
155
152
165
169
41
190
181
40
185
143
29
99
143
201
182
75
140
193
111
190
37
189
29
56
146
169
63
88
183
43
140
102
189
63
194
70
150
149
109
66
150
207
213
212
51
200
155
39
29
36
32
0
185
82
208
203
96
203
69
75
73
70
213
208
131
83
73
78
208
81
229
94
234
81
188
119
84
205
80
83
67
202
218
204
212
33
75
85
162
79
108
166
78
87
87
26
62
54
144
133
54
185
90
302
190
55
132
104
143
153
143
293
160
130
6
160
1
176
5
128
12
156
21
168
153
182
139
184
6
13
187
183
159
180
21
156
3
151
184
176
163
156
192
161
4
121
0
112
129
2
109
44
127
115
50
118
28
15
39
46
106
96
72
24
89
40
104
43
85
26
93
36
98
82
66
68
110
37
48
101
103
116
110
54
86
29
98
107
113
115
124
116
124
29
46
0
50
47
25
77
110
49
112
27
76
23
28
29
27
108
103
88
20
92
18
96
37
99
40
105
24
106
70
88
85
112
21
23
105
95
106
105
39
128
33
87
81
82
120
124
93
117
32
45
40
74
77
0
16
181
15
19
43
147
14
140
151
13
22
195
106
15
222
15
12
107
211
14
18
17
23
14
185
157
176
72
16
18
201
207
25
14
177
36
125
181
20
19
182
197
183
16
19
14
10
17
0
207
107
159
227
64
239
89
73
92
89
139
155
201
60
164
74
182
86
218
77
212
75
212
151
155
166
220
86
79
211
217
208
219
68
171
39
207
167
218
226
224
150
215
71
149
74
139
137
0
197
116
183
208
37
208
38
284
34
37
366
306
211
195
177
43
207
36
212
43
214
290
211
393
184
402
419
302
305
412
427
226
227
287
409
44
198
379
423
205
233
234
425
43
397
0
385
163
0
255
157
132
243
100
256
26
83
40
105
259
160
252
86
213
118
271
132
158
134
271
133
175
267
199
159
262
109
113
261
264
172
180
116
218
48
229
171
272
266
166
268
188
125
130
0
122
141
38
197
105
232
272
50
174
34
79
80
75
244
245
186
82
250
80
262
51
255
76
258
78
268
185
231
259
258
77
81
270
258
258
261
97
227
74
241
214
211
260
281
279
278
79
154
0
147
149
0
259
220
179
295
94
227
55
42
41
96
291
290
234
41
303
102
288
38
305
51
280
93
290
275
296
294
297
47
47
287
293
244
301
29
285
28
276
265
302
236
276
298
264
82
235
11
230
208
18
144
35
27
142
124
27
25
23
100
125
39
109
48
92
44
24
38
89
120
25
124
23
37
43
112
43
39
30
23
104
120
110
105
103
43
39
120
124
41
133
127
36
128
19
19
16
29
23
18
139
50
147
102
51
152
50
26
56
45
138
160
111
48
178
33
169
55
147
34
182
55
189
147
135
195
193
38
75
205
202
202
199
79
166
49
141
204
182
150
207
204
146
84
118
0
107
121
0
198
99
211
217
63
270
32
65
66
56
213
186
223
249
157
85
231
312
335
310
248
318
236
159
238
336
230
296
312
322
240
232
330
107
319
61
257
175
262
252
293
340
339
86
109
293
100
96
279
217
52
89
227
155
219
110
149
152
154
62
217
82
160
85
24
232
16
84
27
95
119
236
79
76
95
98
26
50
88
89
84
193
27
100
157
69
98
128
185
81
237
237
133
74
22
70
59
0
