153
90
152
156
109
158
57
108
115
102
156
160
98
118
154
91
168
105
158
106
158
106
152
105
149
152
154
105
89
148
154
159
153
105
156
84
100
158
159
161
150
158
159
104
104
98
97
94
99
85
30
85
91
21
93
73
17
62
70
90
115
34
100
116
87
122
23
118
22
24
100
116
27
32
126
20
103
92
113
23
115
29
111
60
88
24
98
116
129
119
16
122
105
18
17
18
19
0
119
38
127
122
44
132
55
53
53
57
134
135
71
38
26
38
138
37
136
58
145
40
114
64
37
120
32
38
52
115
128
117
123
38
38
40
93
44
96
127
41
45
40
30
28
33
91
90
29
116
27
151
114
33
72
42
67
68
65
152
83
57
1
86
1
91
1
63
2
87
1
66
74
80
65
90
1
2
94
91
77
73
4
83
1
83
85
77
78
79
95
80
1
64
0
64
63
1
34
13
38
37
7
36
12
8
18
7
39
37
43
6
29
7
36
8
37
21
32
19
41
34
39
41
42
23
9
43
44
44
46
8
46
17
35
36
42
40
39
35
39
22
25
0
24
23
16
60
32
37
54
5
55
3
4
14
3
56
58
56
3
48
2
62
20
63
23
60
5
57
56
62
60
68
4
4
61
64
67
62
23
63
19
62
60
60
61
66
66
67
6
44
24
60
58
0
4
40
3
3
7
33
4
26
29
3
6
36
34
2
39
5
5
28
32
4
6
5
8
5
37
35
41
21
5
3
31
32
6
5
45
19
41
44
5
6
45
48
47
5
5
2
1
1
0
43
16
34
50
5
47
13
10
12
15
25
34
34
12
28
16
41
15
42
13
44
13
43
34
35
35
44
11
14
46
49
47
50
14
38
13
50
39
46
44
41
34
40
11
30
7
29
30
0
68
40
64
72
20
64
13
83
16
17
96
72
76
46
58
22
73
17
76
22
77
84
78
115
61
102
105
64
86
117
116
70
76
80
100
28
84
90
111
62
80
79
109
18
98
0
97
51
0
62
36
30
54
31
67
9
19
15
26
65
32
51
17
46
25
55
27
38
31
61
33
43
63
48
42
66
33
28
77
77
42
39
32
52
18
60
41
69
70
44
71
47
30
26
0
24
38
13
51
26
56
66
17
45
15
9
25
8
53
76
36
24
79
8
84
18
81
25
79
25
80
52
61
83
68
22
7
74
76
79
84
17
52
12
67
54
57
80
76
79
74
9
48
0
48
45
0
85
37
52
76
18
61
14
22
24
16
77
78
58
23
74
20
78
26
79
18
85
20
76
78
77
82
88
21
18
82
82
60
77
22
77
16
73
83
79
54
81
81
68
22
55
5
50
51
6
25
16
7
33
20
13
17
17
14
13
19
28
12
22
18
14
19
15
27
15
24
14
20
19
29
19
18
7
13
31
33
25
28
21
18
7
36
24
6
35
39
14
36
8
6
7
8
8
8
35
19
39
29
12
40
13
9
19
14
42
38
15
9
37
17
39
18
33
6
38
13
39
39
24
37
42
17
19
43
43
42
44
18
37
6
30
48
34
44
52
47
36
23
22
0
22
25
0
55
25
58
62
18
89
7
17
15
16
58
62
50
66
29
13
54
89
101
81
56
84
55
32
56
95
60
77
82
96
64
66
94
25
95
7
55
38
62
58
90
98
94
24
33
76
30
28
69
52
7
11
53
46
55
41
42
43
47
10
66
11
54
12
2
65
1
11
3
14
53
62
13
14
14
16
5
5
12
17
12
60
4
12
52
8
12
14
49
13
64
59
42
6
4
10
9
0
