272
162
278
284
212
293
146
230
237
235
286
290
194
233
297
212
299
220
292
225
286
233
283
199
290
281
284
212
195
289
289
280
278
211
295
189
187
275
279
291
288
292
287
218
197
208
209
209
207
153
41
157
157
40
154
115
37
82
121
164
173
60
105
160
79
168
41
162
36
58
106
157
45
47
146
38
102
76
162
39
156
44
110
118
72
42
90
161
160
164
35
161
107
33
29
34
38
0
186
89
204
210
74
206
62
56
59
60
214
193
142
62
56
58
203
62
205
53
213
48
186
138
66
205
65
73
45
190
193
206
205
32
61
70
177
71
158
206
59
73
79
30
62
56
160
179
66
146
80
255
148
46
165
108
128
142
137
264
124
113
0
125
0
147
5
114
9
127
12
122
114
140
91
147
0
11
146
152
128
119
10
117
0
116
154
128
101
124
155
114
0
95
0
91
92
0
68
33
63
69
23
66
34
20
33
25
67
66
68
10
49
17
72
23
61
41
65
37
83
44
65
71
83
34
32
82
93
83
81
28
64
26
60
64
74
74
73
81
81
37
31
0
31
26
30
75
64
49
77
7
84
10
9
29
7
78
99
89
18
75
16
92
32
97
30
90
30
88
63
81
79
93
21
17
95
98
96
101
35
101
32
91
61
82
110
103
80
106
27
46
35
76
76
0
2
43
2
2
9
34
2
27
33
2
1
65
17
1
77
2
2
29
69
1
2
2
0
0
90
46
87
51
1
2
82
93
2
1
109
30
84
115
1
1
117
113
118
1
2
1
1
1
0
148
79
127
168
39
164
26
17
22
26
117
130
168
26
120
35
126
42
173
43
176
44
163
122
126
117
166
46
43
157
161
161
163
39
137
22
167
134
170
166
178
114
178
44
125
38
116
120
0
188
106
172
187
74
187
60
150
70
66
218
179
192
94
130
71
182
60
190
66
197
156
197
237
136
217
254
160
173
248
259
199
201
159
231
83
171
227
244
163
195
196
242
64
224
0
216
108
0
177
71
66
155
96
178
21
84
33
109
163
71
174
55
147
101
159
112
72
108
173
117
78
174
95
73
195
124
107
187
194
82
84
123
128
35
140
91
197
190
83
192
85
123
65
0
51
81
38
113
59
126
189
34
123
69
50
86
42
121
161
76
86
165
39
169
73
169
84
157
96
154
91
118
166
157
73
44
158
167
159
166
84
116
37
123
112
146
175
166
159
165
42
64
0
69
61
0
131
131
72
158
69
102
48
34
25
68
165
160
113
33
157
58
135
34
164
49
137
60
147
134
153
154
160
35
31
157
155
129
156
32
138
31
142
146
161
133
150
149
141
39
114
8
109
101
12
61
20
22
56
42
18
23
25
34
46
35
56
24
43
34
17
31
30
55
21
55
26
36
30
65
37
35
25
24
52
61
65
63
49
30
21
63
55
28
66
73
26
77
13
20
12
22
21
8
122
25
118
94
20
131
28
12
22
19
128
127
99
21
121
23
131
24
124
20
131
27
129
118
98
125
128
22
25
136
127
130
131
18
128
12
107
144
126
138
151
145
132
23
112
0
101
109
0
100
58
119
110
22
208
14
21
21
17
115
110
122
158
93
25
125
164
229
187
120
191
129
88
134
235
135
178
188
241
127
127
227
41
228
25
131
111
127
129
218
232
215
35
75
155
76
72
149
112
16
60
109
63
106
51
64
67
59
36
112
38
68
49
12
111
6
40
15
46
59
128
48
39
53
53
13
22
57
52
52
90
14
54
52
43
54
62
81
52
94
106
42
35
8
43
38
0
