187
80
197
203
122
203
82
134
136
130
193
190
113
124
197
102
191
123
198
132
193
123
198
118
212
200
196
123
101
195
194
203
206
125
187
100
117
185
198
187
185
194
191
129
118
108
109
121
111
121
33
132
125
23
124
87
18
67
96
123
134
39
101
139
94
138
21
142
21
36
109
133
38
39
141
30
101
84
139
29
138
33
77
78
66
37
93
122
123
124
31
126
84
25
21
31
33
0
118
38
136
136
53
136
54
55
47
57
140
136
72
45
38
42
131
41
148
50
140
44
125
77
46
138
43
42
52
136
145
138
144
40
46
40
118
45
103
142
42
47
45
37
45
43
102
99
36
123
49
180
135
46
100
52
83
94
87
190
99
70
0
93
0
99
2
75
0
100
4
92
87
103
83
116
0
6
105
100
89
95
11
106
1
88
110
91
92
95
123
102
0
72
0
72
74
0
69
33
73
79
19
71
30
21
35
8
72
81
67
9
66
19
83
20
77
28
76
31
89
51
67
70
85
33
22
94
97
91
89
20
75
29
71
60
86
77
76
80
79
31
45
0
40
44
29
71
71
38
95
24
63
24
27
24
23
88
89
71
14
64
18
75
21
85
25
92
26
87
54
71
70
85
27
16
89
78
87
92
31
77
33
66
46
63
77
76
70
81
18
45
31
63
63
0
5
38
3
6
16
26
3
27
31
3
4
57
21
1
54
2
2
27
57
4
3
3
5
4
41
34
46
12
3
4
50
51
5
2
48
9
37
49
5
4
54
51
50
3
3
3
2
2
0
64
29
52
71
17
69
20
12
21
17
47
49
53
15
42
17
54
23
65
22
67
21
57
49
49
50
54
23
19
59
61
57
61
31
52
13
67
59
64
75
77
44
71
25
51
24
47
50
0
97
55
96
102
31
104
33
103
37
35
126
88
91
52
64
28
93
24
89
29
90
108
94
134
61
135
147
78
106
146
133
100
95
87
132
34
76
114
135
84
100
108
138
27
132
0
133
69
0
81
53
48
84
36
94
19
29
33
38
83
55
97
24
76
48
100
54
53
55
108
55
60
88
57
61
92
40
37
89
91
70
63
37
53
37
63
57
88
84
53
84
69
42
49
0
45
58
21
77
37
87
107
24
72
25
23
38
18
82
111
71
38
101
18
101
23
105
37
118
39
102
80
91
108
117
35
21
108
108
108
108
37
89
25
101
82
88
114
109
109
113
25
65
0
63
65
0
91
67
63
98
29
65
31
14
12
34
102
98
82
15
96
26
95
16
101
21
93
26
89
89
96
92
99
19
20
95
98
72
100
12
88
21
82
88
99
71
85
98
84
29
72
4
69
72
3
57
36
33
63
29
28
21
22
16
26
39
51
34
28
48
21
47
20
63
19
53
21
42
43
54
45
37
22
13
40
61
66
68
35
41
10
72
53
37
66
65
36
59
17
18
12
29
23
7
75
24
60
52
34
84
26
20
37
34
65
78
52
23
77
16
78
35
65
25
68
40
75
57
52
79
70
20
35
70
71
68
70
25
51
15
51
72
55
62
68
75
65
26
37
0
38
35
0
75
42
86
91
28
116
21
32
28
31
84
60
91
90
68
34
83
90
128
104
95
112
87
72
96
131
92
96
103
127
96
91
139
35
126
19
103
84
107
106
114
122
140
38
41
95
41
37
88
79
7
25
73
57
76
46
57
56
56
21
82
28
60
28
8
86
4
25
8
25
48
92
22
25
27
27
8
16
24
23
31
80
8
27
64
23
25
36
73
25
86
84
65
19
4
16
16
0
