520
241
547
538
361
549
243
388
383
407
547
529
312
393
519
335
515
378
521
354
522
376
525
332
504
520
516
366
306
508
530
501
510
373
525
303
350
528
529
538
518
543
550
352
327
347
340
338
347
331
93
323
330
89
337
212
76
146
204
347
349
155
236
364
193
399
102
377
89
142
253
370
143
193
393
113
239
185
389
160
413
151
231
281
162
144
266
367
362
377
120
361
234
98
75
99
102
0
318
170
343
347
173
365
99
97
91
101
368
407
270
160
136
148
412
160
425
156
447
143
406
254
174
444
181
181
175
443
440
439
458
132
171
185
356
187
274
410
185
191
188
118
145
148
295
302
148
306
146
437
317
135
202
128
202
228
215
479
273
200
6
265
3
324
21
210
25
282
34
297
281
308
242
333
7
32
346
326
269
320
26
266
4
262
313
272
254
282
333
272
5
184
0
165
179
2
192
95
205
214
98
226
89
57
98
71
209
214
164
81
161
72
210
97
211
85
203
92
214
149
150
163
209
88
92
201
204
210
207
94
182
95
196
172
225
223
224
218
218
97
90
0
77
86
90
183
186
84
197
54
173
39
53
76
49
216
197
176
38
151
36
188
88
196
111
218
43
213
147
197
192
224
51
38
211
202
218
220
103
206
101
192
150
191
203
199
192
205
33
82
104
166
158
0
15
156
22
17
32
108
13
107
113
11
24
193
91
16
188
19
13
105
192
11
22
16
19
14
168
135
155
68
17
16
179
175
22
15
153
27
117
160
18
15
160
153
165
17
18
17
9
17
0
195
99
142
206
49
221
79
68
84
77
144
145
206
55
126
81
183
95
227
91
228
89
197
148
144
149
192
85
65
211
217
206
211
78
152
48
213
186
212
209
217
152
199
81
144
75
116
122
0
215
126
211
232
75
229
70
265
66
68
297
276
226
208
181
79
238
66
237
67
245
272
236
342
189
337
354
262
296
361
368
251
237
284
330
75
216
326
365
210
256
255
348
59
333
0
321
151
0
251
182
139
213
98
258
66
85
100
95
251
167
234
62
221
90
242
106
187
110
246
107
195
233
192
183
254
114
100
256
247
203
209
110
219
103
220
211
250
267
196
263
222
101
146
0
141
204
93
182
82
177
195
56
111
39
73
81
62
164
182
114
70
175
80
169
40
176
63
183
61
190
133
166
192
197
67
75
205
200
194
213
55
173
78
188
196
182
205
198
196
196
80
108
0
104
109
0
236
145
140
220
66
177
38
85
77
66
203
216
179
87
208
73
254
79
205
51
241
61
241
238
265
264
251
69
78
206
239
195
201
72
234
70
214
223
224
177
198
214
201
61
146
29
153
139
13
149
98
64
131
91
71
75
71
63
99
108
126
82
89
101
71
98
69
130
83
130
73
104
93
121
98
92
57
56
108
130
122
126
67
90
27
131
104
68
136
131
87
124
54
47
45
66
45
42
146
37
158
95
49
155
82
26
52
54
161
135
83
81
133
61
149
45
168
25
155
48
169
150
106
165
168
84
52
181
160
159
170
68
164
31
163
177
141
167
179
191
170
62
79
0
84
80
0
241
92
233
242
94
270
35
87
96
99
246
201
261
239
170
96
257
267
317
271
263
302
258
156
255
304
260
268
286
327
250
276
350
97
326
35
265
167
258
278
289
346
349
86
115
277
122
120
271
182
38
97
195
109
195
94
98
108
117
63
215
73
119
88
19
220
14
84
24
97
93
217
89
85
97
104
22
76
87
94
95
183
20
91
159
77
95
143
167
96
238
217
130
70
22
61
67
0
