381
172
395
403
262
395
165
281
269
266
391
383
189
251
378
205
369
249
377
248
374
246
372
226
365
384
380
241
198
376
381
368
376
247
383
202
210
372
396
381
372
389
377
250
189
210
171
184
192
33
8
28
29
6
30
21
6
15
18
30
32
16
22
33
16
31
11
33
7
12
24
31
12
15
25
9
21
14
33
15
26
13
19
26
12
15
22
25
29
27
11
30
17
7
5
7
8
0
242
118
265
241
153
274
73
78
63
67
273
250
180
137
118
116
233
130
272
65
262
64
244
170
132
256
132
147
55
260
265
267
278
50
133
143
242
145
197
264
134
134
153
38
102
103
218
219
99
41
13
217
48
11
189
179
195
197
185
206
16
17
0
21
1
120
31
119
91
22
96
100
43
103
18
106
2
82
105
102
20
95
93
16
0
16
52
18
104
107
100
18
0
14
0
14
9
0
125
60
133
138
53
134
53
30
59
41
130
145
106
39
103
32
142
46
139
55
135
56
146
106
97
110
148
60
66
138
152
150
152
53
111
67
135
106
149
151
137
145
134
64
51
0
48
48
59
132
99
53
113
19
127
16
17
56
13
109
118
134
15
79
15
116
70
111
75
112
18
105
77
137
125
120
25
15
117
131
123
109
85
114
78
141
81
151
115
120
137
110
30
65
77
116
108
0
21
80
20
18
31
66
14
66
73
7
23
114
43
13
113
19
18
58
115
13
20
13
18
16
90
83
84
37
16
18
102
102
27
17
107
24
80
97
20
19
114
117
113
14
15
15
5
15
0
124
48
74
132
29
125
45
40
46
50
72
77
115
41
74
46
113
49
133
55
121
53
109
76
71
91
113
48
39
118
111
116
116
41
79
32
115
103
116
120
113
70
108
55
67
44
63
56
0
57
45
61
72
11
67
14
176
16
16
202
150
81
96
60
19
81
17
84
19
89
185
75
212
68
225
224
159
186
216
243
87
85
166
224
16
70
202
226
72
79
74
232
12
212
0
206
51
0
126
117
86
126
45
141
63
39
86
40
131
116
119
33
122
36
128
42
123
49
127
51
116
122
103
122
123
46
35
125
122
128
142
42
125
81
116
124
127
121
126
125
122
43
81
0
77
124
76
106
56
117
110
22
61
17
58
33
55
113
116
71
35
113
48
123
26
113
41
133
39
110
82
105
124
108
30
49
118
123
111
115
37
115
49
104
112
99
118
112
109
118
52
60
0
58
64
0
164
147
120
201
53
154
17
4
4
56
202
191
171
7
207
42
173
3
188
27
164
40
186
172
177
176
172
8
11
206
178
175
198
6
179
5
176
170
201
153
170
208
161
56
152
1
138
134
2
77
68
32
68
41
50
62
62
23
42
68
79
43
42
74
60
71
25
78
67
85
68
70
75
84
78
71
30
71
50
77
70
79
42
72
13
86
62
58
89
76
59
80
45
21
38
43
27
34
74
23
66
54
24
74
61
17
27
27
69
80
50
43
77
48
87
39
68
25
76
33
84
81
61
77
92
42
40
94
99
98
91
43
88
15
70
114
77
90
113
108
78
44
34
0
37
44
0
133
75
155
142
57
160
26
59
60
55
146
129
128
149
88
46
134
172
183
177
139
186
145
82
133
187
136
153
187
193
144
139
194
48
195
28
123
83
130
137
175
194
186
44
61
164
54
57
158
112
25
49
110
64
108
27
59
58
66
42
104
43
51
53
19
103
6
39
18
54
42
110
50
45
57
53
14
35
52
58
50
71
16
53
66
51
53
84
67
58
98
119
41
49
11
46
45
0
