474
249
480
487
322
478
227
356
358
341
485
490
307
340
479
314
482
334
507
338
493
325
499
323
503
531
490
322
290
485
510
503
516
348
506
272
310
520
533
530
529
532
535
333
310
303
292
303
312
312
68
318
321
69
323
269
55
209
260
326
328
109
266
340
219
337
61
339
55
82
263
333
91
123
350
70
288
243
352
85
348
89
256
179
227
79
279
331
341
342
73
332
281
65
58
63
67
0
368
144
397
408
185
394
156
143
141
162
413
383
262
163
139
151
409
168
419
171
414
123
410
275
161
426
157
180
175
420
422
437
430
141
153
175
353
167
278
391
172
176
179
134
132
140
271
261
126
338
164
478
362
133
184
61
181
181
183
488
305
265
6
305
5
353
9
262
7
312
14
310
308
324
264
358
7
16
368
368
301
322
10
292
3
289
348
304
293
267
334
298
5
238
0
210
228
4
179
97
207
206
34
196
55
29
67
33
196
206
185
24
185
30
198
31
196
58
213
67
225
160
192
206
229
65
43
213
216
222
213
29
217
62
206
170
209
204
219
212
204
65
137
0
129
144
64
204
158
116
222
15
189
12
15
84
15
202
196
204
11
170
8
182
82
201
88
196
9
202
161
218
211
209
23
12
211
216
221
209
102
210
86
211
141
213
193
218
223
202
15
117
91
196
201
0
6
93
8
4
13
61
6
69
69
3
5
120
42
7
117
5
5
69
128
6
4
9
8
7
146
91
134
79
6
2
149
154
8
6
93
12
57
92
6
5
87
90
93
6
5
6
3
8
0
145
80
116
162
49
156
43
36
45
50
114
121
154
33
106
49
126
51
157
54
162
42
163
130
112
96
150
67
47
154
156
157
153
60
129
28
161
135
161
176
167
112
169
75
116
57
99
99
0
234
118
253
248
99
252
79
215
99
100
256
266
237
191
125
87
233
78
245
95
243
232
219
310
162
300
342
229
261
344
338
234
237
239
306
65
206
284
318
193
222
231
316
57
287
0
282
154
0
228
160
122
212
84
208
54
72
73
92
230
156
222
75
209
91
238
103
156
105
251
102
172
252
198
167
265
111
108
260
257
174
173
113
241
86
222
179
261
238
166
285
180
105
137
0
135
171
89
223
115
244
280
56
154
36
54
73
43
239
282
164
71
277
58
265
49
285
73
274
71
252
191
233
271
267
63
55
255
252
250
263
69
233
51
246
218
205
277
274
273
274
54
160
0
157
160
0
216
153
115
179
54
155
41
72
68
57
183
191
134
65
195
55
212
61
196
50
219
51
228
188
231
218
214
63
63
187
217
136
190
62
202
49
197
195
192
142
193
211
190
67
127
15
124
129
19
137
74
39
139
94
41
69
76
73
90
81
134
59
93
74
69
72
72
139
77
137
74
69
71
132
69
74
49
54
105
124
138
131
98
61
29
136
102
50
138
136
52
131
48
26
40
32
22
29
184
74
134
94
72
187
54
53
91
82
130
199
112
49
203
45
198
110
140
72
211
110
194
127
79
189
188
47
102
193
198
190
193
88
139
42
102
199
122
141
197
198
137
107
80
0
80
76
0
224
94
251
258
79
288
38
82
87
83
254
236
199
216
128
76
226
228
299
263
232
268
217
123
242
323
223
238
268
321
236
247
337
84
325
44
262
178
255
259
275
328
341
74
129
247
122
119
242
199
29
59
226
157
229
119
162
167
152
51
237
48
182
70
21
237
14
51
17
66
148
244
59
60
61
65
22
49
62
72
62
206
23
59
162
49
69
99
179
65
217
222
151
40
17
42
41
0
