248
122
239
249
140
253
109
159
161
148
130630
250
146
149
253
123
255
153
251
145
265
137
252
146
258
263
250
148
127
243
268
263
264
150
249
123
169
258
257
254
254
271
264
152
149
133
149
150
131
201
42
202
218
32
216
166
30
108
158
221
211
82
171
209
140
220
37
223
27
58
168
198
58
70
200
47
157
135
203
56
219
50
156
118
118
53
149
201
201
213
37
205
145
38
23
44
35
0
183
78
177
181
65
190
84
94
75
79
191
195
122
68
53
58
200
59
201
104
206
82
207
113
65
217
65
84
113
215
212
207
218
87
77
70
155
66
145
211
72
69
71
93
55
50
122
127
51
181
87
247
192
76
106
38
104
100
88
261
158
121
2
163
0
187
9
132
11
153
8
156
168
169
117
188
2
7
178
184
129
177
19
152
0
124
201
141
158
156
206
152
1
102
0
95
96
1
108
67
120
120
32
115
33
18
40
14
105
123
100
22
91
22
125
33
114
38
128
37
119
78
99
81
127
32
38
120
129
122
123
37
114
32
127
105
141
136
137
152
135
30
68
0
59
66
26
85
111
49
121
10
73
9
21
36
17
114
121
82
18
81
21
129
30
136
32
124
29
141
79
87
81
139
37
23
146
99
157
158
39
144
27
94
73
89
147
157
93
153
45
45
30
72
68
0
8
100
9
10
21
64
9
64
84
8
9
149
42
7
152
6
6
73
157
8
10
6
13
5
120
114
116
41
7
7
141
145
13
9
139
30
105
156
9
8
137
142
151
7
8
7
3
6
0
141
62
83
139
36
143
47
32
46
45
80
94
119
33
79
33
97
59
124
49
141
59
127
89
76
88
133
51
43
121
127
129
129
30
93
18
132
78
137
126
132
78
133
34
89
40
73
79
0
173
69
157
173
74
165
58
148
66
72
169
176
160
100
90
63
160
41
191
60
164
136
153
210
101
184
193
118
155
225
207
180
184
137
183
63
145
183
207
118
163
168
208
44
181
0
173
100
0
153
88
87
131
70
145
27
54
42
80
150
83
150
46
117
62
148
65
103
76
143
79
100
138
106
93
155
67
60
155
150
101
95
73
132
37
154
99
168
155
83
163
107
63
79
0
68
99
34
146
68
151
166
46
97
18
45
50
39
147
167
105
51
185
53
179
40
189
52
170
62
171
142
158
172
176
51
41
195
188
173
163
64
160
41
173
146
143
175
189
165
189
44
98
0
90
106
0
117
103
64
128
54
81
41
43
39
50
117
107
96
38
124
40
113
41
123
32
111
37
120
118
131
107
115
35
37
101
116
74
97
33
100
25
94
106
117
74
99
113
98
38
70
13
65
59
12
82
42
25
93
56
25
30
28
46
54
43
77
39
42
43
27
40
36
78
30
82
39
44
41
73
47
36
17
26
47
73
72
58
48
36
16
74
56
35
66
74
31
73
20
12
15
25
8
20
103
29
80
72
40
121
29
27
42
47
87
110
58
20
105
23
106
39
90
33
110
37
117
78
72
116
106
27
43
111
119
117
115
47
90
31
80
112
95
78
118
127
84
55
51
0
52
55
0
161
59
161
172
66
182
32
62
64
70
153
155
176
148
119
62
162
133
185
166
181
157
179
107
172
204
181
142
127
183
177
165
208
69
196
38
170
140
195
183
160
192
199
60
92
147
77
79
133
162
38
57
182
138
173
117
127
126
134
34
185
55
125
66
8
189
5
45
14
66
106
204
48
47
56
64
10
48
56
53
59
149
8
56
138
54
52
109
163
64
205
193
124
49
7
40
51
0
