200
94
208
210
124
209
87
136
135
130
206
225
124
122
223
106
218
130
230
127
222
121
234
122
221
233
234
131
112
218
229
219
232
126
230
83
114
229
223
230
233
224
235
130
113
110
113
107
94
144
22
145
150
34
139
120
22
98
124
145
130
43
112
131
92
139
25
136
25
34
116
121
33
42
116
28
97
82
115
36
117
36
113
79
100
29
115
135
144
142
29
142
119
24
23
24
26
0
136
66
148
154
61
153
53
51
44
54
153
156
114
62
44
52
158
59
167
69
171
49
120
83
59
135
63
74
41
140
142
145
132
36
56
71
121
65
92
130
58
63
70
31
48
44
110
109
41
147
51
181
146
33
105
40
77
77
70
189
119
91
4
129
3
144
1
111
1
131
2
114
115
127
91
141
2
2
140
134
126
114
5
123
2
118
134
127
111
102
139
122
1
111
0
108
104
1
44
21
56
53
11
53
23
9
23
5
46
48
52
7
37
4
49
6
44
15
47
19
48
34
52
51
45
25
7
42
43
40
43
6
50
19
50
34
43
47
50
50
48
26
23
0
22
26
24
71
54
40
69
6
64
3
3
27
4
64
55
83
2
50
4
56
35
58
36
56
4
57
54
78
81
64
5
3
62
87
61
57
34
54
33
75
51
74
58
59
80
65
4
50
35
67
70
0
1
39
0
0
6
26
1
35
39
1
0
36
21
1
36
1
1
21
43
1
0
2
1
0
27
33
29
15
1
1
33
38
1
2
46
7
38
48
1
1
46
42
43
2
0
2
0
1
0
43
25
37
41
14
50
14
13
19
17
31
33
46
15
36
19
39
21
51
19
46
15
59
34
33
41
54
20
24
58
53
59
53
21
28
13
54
47
51
58
56
29
57
17
27
17
31
27
0
70
45
63
72
15
70
13
85
14
16
100
91
76
77
48
20
80
13
76
19
76
93
75
118
52
119
138
93
101
123
123
80
83
93
109
23
72
110
109
56
73
77
119
8
111
0
112
48
0
93
70
53
76
19
94
30
24
27
25
92
71
76
20
75
17
74
23
67
21
85
17
71
77
65
69
86
29
24
91
87
68
69
24
89
35
80
58
94
98
68
102
69
29
50
0
60
75
29
71
46
68
80
10
53
20
22
25
20
74
82
50
29
88
21
81
17
90
26
86
28
89
63
77
88
94
33
20
86
78
91
93
40
74
21
87
74
89
112
99
100
104
25
48
0
55
55
0
78
53
42
79
21
53
19
25
21
19
71
72
46
24
67
23
79
27
67
16
86
23
87
78
83
86
82
22
19
78
74
51
72
25
73
15
72
79
70
53
71
65
66
19
45
3
50
53
5
48
24
14
54
38
22
29
23
28
39
33
45
16
42
31
19
32
31
51
26
50
26
28
29
52
31
25
15
23
38
54
52
52
27
30
10
46
38
21
50
45
23
43
13
8
14
16
10
13
40
14
28
24
15
39
26
12
25
22
31
38
23
13
45
17
40
18
38
11
48
16
47
38
27
57
56
14
24
53
63
55
55
25
41
9
28
51
37
43
51
52
41
29
21
0
17
19
0
71
27
78
80
29
93
12
30
32
31
80
54
90
77
49
45
96
92
109
95
91
101
98
57
95
105
91
92
102
107
86
90
110
34
103
11
83
46
86
84
100
111
100
33
30
79
26
27
71
68
11
26
68
53
66
47
57
53
51
17
70
22
51
27
8
65
6
24
13
33
46
74
27
28
27
26
11
18
30
31
29
60
8
31
50
24
29
40
63
30
74
76
48
17
6
13
17
0
