250
107
251
251
142
251
94
138
145
135
259
251
129
140
254
110
253
131
248
148
257
134
239
144
255
229
245
133
109
240
238
253
241
128
241
109
130
240
252
249
232
250
240
133
141
120
137
138
118
146
39
147
160
32
156
114
23
110
129
164
160
64
122
166
109
168
40
166
23
42
138
141
36
54
149
31
107
88
141
40
142
46
117
88
102
38
121
160
166
158
29
154
119
25
25
27
27
0
162
68
184
170
63
172
71
67
65
71
182
178
95
55
42
49
181
60
185
85
184
68
158
98
49
165
52
59
50
161
162
173
171
34
47
51
137
46
108
151
47
49
53
30
32
36
103
111
34
151
59
198
169
48
107
37
64
65
62
207
132
119
1
138
1
164
6
119
3
139
7
124
134
146
120
152
1
7
151
148
126
141
5
141
1
131
156
135
124
129
165
140
1
112
0
104
115
2
93
40
103
105
28
106
19
17
27
23
101
95
80
24
84
17
101
27
104
25
98
32
109
86
72
81
110
25
31
109
97
93
104
30
81
23
106
88
98
103
112
109
104
20
55
0
53
62
21
73
68
49
81
13
78
11
10
20
16
85
78
82
9
67
11
81
27
82
24
91
9
93
76
86
80
99
22
15
95
82
96
91
27
88
24
87
82
82
87
97
82
89
19
51
26
70
69
0
7
57
6
6
18
46
3
48
51
4
8
80
45
3
69
4
5
55
81
4
7
2
7
7
62
63
56
36
3
7
69
72
12
4
67
20
59
64
6
8
73
67
67
5
6
3
2
5
0
81
30
41
86
21
91
37
31
40
39
49
45
85
35
39
35
73
43
76
42
86
39
84
49
41
62
78
33
39
82
80
78
77
39
43
26
81
70
80
85
83
34
88
46
44
23
38
27
0
90
44
87
107
25
97
27
101
25
32
111
94
99
75
86
37
105
32
105
40
106
98
107
129
81
113
122
81
98
135
134
98
109
92
121
35
100
118
127
84
100
112
133
26
122
0
116
66
0
85
62
42
76
33
78
17
29
28
33
82
61
67
16
63
31
80
35
63
33
78
39
65
83
46
55
78
40
30
90
79
50
60
20
65
40
55
55
85
71
57
75
62
23
43
0
42
56
31
67
25
73
81
11
49
17
27
27
26
70
81
48
14
75
32
76
10
69
17
82
18
88
59
73
93
87
27
33
94
99
94
97
33
70
30
82
73
75
102
104
112
98
36
40
0
41
42
0
72
59
37
82
33
51
29
25
26
34
75
77
48
23
81
33
80
19
76
34
80
32
79
63
76
77
74
25
17
79
73
63
68
20
71
17
71
76
77
56
66
73
65
19
48
14
44
43
5
47
26
16
42
29
16
18
23
28
31
34
50
14
32
22
19
30
26
48
23
50
21
28
26
42
26
32
18
23
39
37
42
38
38
23
14
51
43
19
45
49
27
58
14
13
13
17
19
13
63
26
52
31
32
68
18
23
30
37
52
76
37
15
68
19
72
36
49
25
71
34
69
44
37
68
65
13
36
80
76
71
74
46
51
13
44
77
64
53
77
88
46
43
34
0
33
25
0
87
27
91
96
44
112
32
45
39
38
96
70
95
72
49
39
101
79
113
95
85
103
87
44
83
119
81
87
101
121
87
89
139
31
120
8
85
61
88
83
105
123
121
29
40
104
40
35
95
63
20
39
74
39
81
36
42
46
41
27
81
29
48
40
14
82
8
39
13
48
35
88
40
39
42
38
16
32
43
36
42
71
14
38
62
40
39
57
81
34
96
92
55
34
14
27
24
0
