447
244
471
456
308
481
220
322
339
330
453
481
284
326
468
276
481
334
469
323
481
312
470
315
453
462
466
293
261
448
468
458
463
309
465
264
305
473
472
477
485
470
475
307
299
292
300
311
287
273
67
279
274
76
293
224
46
191
232
279
261
128
222
271
214
292
69
291
47
82
236
271
85
101
280
60
251
220
285
87
285
91
241
140
193
100
230
303
277
290
64
290
233
61
53
55
64
0
320
122
350
342
137
347
131
133
131
128
351
376
256
135
110
123
372
135
400
154
391
114
376
231
137
385
137
138
156
375
391
403
398
128
130
135
311
142
215
372
135
150
141
111
96
93
254
245
89
324
111
441
335
130
156
72
177
176
162
464
249
184
10
266
6
276
1
196
4
271
4
200
212
235
205
244
6
2
247
251
259
223
3
238
8
234
269
258
223
197
257
241
7
194
0
190
194
8
127
53
149
148
22
145
45
14
52
19
141
135
145
17
129
19
137
16
134
47
140
50
141
112
139
159
129
49
16
139
135
137
137
15
154
38
135
132
140
137
134
147
147
44
106
0
102
104
51
156
100
87
134
5
145
6
5
56
4
128
154
158
6
118
8
139
62
155
64
156
9
143
120
176
173
158
10
7
154
175
154
144
56
164
63
168
109
161
163
164
192
161
14
107
70
165
158
0
3
64
5
2
10
57
3
60
59
3
4
76
29
3
74
4
4
29
77
4
4
5
5
5
87
51
86
39
2
4
96
106
3
4
87
15
53
80
3
2
86
86
88
4
4
3
2
4
0
96
58
86
103
32
110
30
21
28
32
75
86
94
22
79
16
88
28
103
31
106
35
111
91
80
76
112
40
33
113
112
111
118
26
85
15
99
81
104
106
102
83
103
26
79
29
64
73
0
174
102
157
188
37
191
29
234
37
35
271
256
182
198
156
39
191
33
194
39
189
242
187
304
159
295
313
242
268
313
329
194
206
257
301
40
189
278
316
174
192
197
297
35
288
0
300
146
0
200
131
94
173
69
206
46
66
65
67
194
151
199
52
148
77
202
74
138
74
213
76
145
201
131
125
204
80
82
198
200
138
151
75
199
62
170
145
209
201
132
208
151
72
104
0
108
139
59
174
96
190
214
35
117
27
31
45
29
192
224
136
55
230
30
216
32
237
59
223
55
230
169
176
240
231
60
30
236
249
243
243
57
182
26
220
183
172
253
243
254
264
29
127
0
139
146
0
189
161
104
187
60
145
40
65
57
60
182
179
132
73
178
56
197
69
183
33
217
43
214
204
244
235
224
80
72
175
216
147
186
69
206
55
173
179
186
137
171
175
166
50
136
22
121
121
24
103
55
23
114
87
40
52
52
66
82
53
106
47
71
58
51
52
61
101
51
107
56
54
47
115
59
49
36
53
83
110
113
118
87
55
22
117
100
32
112
118
45
119
37
19
36
32
22
28
141
56
94
75
64
158
39
49
73
76
100
127
75
34
146
30
138
74
101
37
129
70
122
87
59
127
124
33
61
126
132
119
126
57
91
24
85
134
95
106
141
127
100
59
73
0
61
68
0
183
85
187
186
66
239
38
73
73
73
174
196
161
192
104
69
163
240
258
254
172
253
175
104
177
278
168
219
245
265
172
170
271
69
258
38
170
121
196
182
223
248
267
63
81
239
77
76
221
166
20
36
177
132
170
123
138
149
140
22
167
39
147
39
11
176
9
30
11
37
137
195
38
29
41
42
15
36
40
39
35
161
17
31
171
32
41
44
158
37
187
175
140
27
9
23
23
0
