236
118
239
241
140
244
76
149
145
150
235
243
162
142
243
138
250
147
242
146
240
151
256
176
260
244
255
128
126
247
242
255
246
133
262
108
161
256
261
261
246
253
258
138
149
123
144
148
130
153
17
147
157
14
157
136
9
131
138
151
133
50
117
149
108
129
20
142
17
16
120
126
16
43
143
16
120
107
142
20
139
20
132
56
111
23
131
154
142
149
21
141
133
19
15
17
22
0
170
56
176
188
40
174
99
92
86
93
190
164
94
43
34
44
157
48
163
75
165
67
132
83
44
138
44
49
51
142
149
143
142
74
46
49
125
51
123
187
48
50
58
68
42
40
104
98
38
161
36
243
162
51
139
71
104
113
115
254
128
95
2
126
1
135
1
112
1
132
2
98
129
123
111
134
1
2
134
131
133
111
2
126
0
119
130
133
126
100
133
123
1
116
0
114
107
1
58
27
61
66
4
69
26
11
27
4
61
71
74
0
60
3
62
4
65
20
62
25
61
62
66
73
66
23
2
67
71
69
61
2
79
24
68
68
72
66
69
66
70
20
55
0
55
61
20
107
51
74
98
5
94
3
5
26
4
104
100
103
3
84
3
106
28
100
26
103
3
102
93
117
113
104
2
2
98
112
100
102
30
104
23
109
84
110
102
102
108
97
1
83
29
104
110
0
3
36
4
4
4
27
1
27
29
3
4
43
31
1
45
3
4
36
46
1
5
5
4
3
48
31
41
34
0
4
39
50
3
3
57
27
47
58
4
4
62
65
62
4
2
1
0
3
0
71
34
53
74
27
72
22
21
26
29
48
52
67
17
54
21
58
25
69
25
65
27
69
52
49
49
64
24
33
69
75
69
71
29
53
20
66
63
68
68
73
55
69
25
48
26
39
39
0
81
40
81
85
27
92
20
101
27
26
135
93
90
55
64
35
105
31
96
31
96
120
86
147
71
144
151
97
132
164
158
97
90
103
151
28
66
123
151
68
85
85
157
21
145
0
152
54
0
68
58
24
73
21
75
27
15
28
22
73
66
84
15
64
28
80
26
55
24
83
31
59
80
59
57
77
22
21
75
79
58
59
33
83
31
60
60
88
90
58
82
70
31
44
0
43
63
27
73
40
87
91
11
63
16
23
25
22
91
95
60
30
99
23
101
25
108
25
99
25
101
75
82
117
107
32
21
110
116
111
110
39
82
23
95
76
95
117
120
121
116
24
60
0
55
70
0
107
71
77
116
33
84
27
15
19
25
125
115
95
22
118
26
112
19
116
13
122
21
118
117
120
128
127
20
17
116
124
97
115
19
119
19
114
115
122
101
123
120
125
19
100
5
102
96
5
52
23
16
52
37
18
20
21
33
36
28
46
20
40
27
24
28
27
44
23
49
23
22
23
48
25
27
24
18
38
52
50
50
48
17
12
44
42
18
49
42
17
44
12
5
12
11
8
8
63
25
45
25
43
59
15
28
40
38
40
66
33
18
66
17
63
36
43
28
63
33
67
34
29
61
65
16
41
64
67
69
77
43
47
16
29
77
56
41
79
81
43
48
27
0
26
24
0
98
36
105
108
41
138
19
34
33
38
97
78
98
101
55
38
106
111
139
128
93
131
94
44
101
140
92
111
125
150
98
102
158
38
150
15
82
63
95
80
140
150
151
35
49
118
42
47
117
72
12
39
76
55
90
53
59
57
65
21
99
25
72
35
10
105
9
27
12
31
67
114
30
22
28
25
12
28
29
32
28
106
10
34
96
34
31
58
109
30
122
112
80
24
11
20
21
0
