315
137
329
325
185
320
122
195
198
194
325
298
145
185
295
146
301
181
285
188
291
188
280
148
296
292
302
168
145
280
296
301
291
176
303
149
158
303
300
300
294
297
308
177
154
143
140
156
144
172
43
182
170
56
185
157
29
119
150
167
175
59
151
183
123
189
48
181
31
62
154
184
71
79
186
35
162
130
198
68
192
61
138
101
115
58
128
156
160
174
27
155
133
24
23
24
28
0
181
96
196
183
98
201
59
58
47
53
197
174
126
81
75
84
195
82
190
65
195
60
163
116
78
171
79
92
40
185
180
183
189
35
76
76
171
79
132
182
70
71
74
30
59
61
140
138
53
162
77
244
173
44
91
37
74
83
79
239
144
121
0
151
0
166
4
105
4
152
6
150
152
165
134
178
0
5
169
183
148
162
2
150
0
140
173
163
115
139
170
157
0
121
0
102
109
0
85
41
95
92
16
88
26
23
33
9
91
82
87
9
64
10
89
16
93
28
88
28
92
70
91
102
95
26
18
90
94
99
101
17
90
21
90
69
102
107
103
97
96
32
61
0
61
64
31
84
69
42
75
4
70
5
4
28
2
75
92
81
7
56
6
89
31
86
42
98
7
87
55
96
80
93
11
1
91
99
95
91
35
90
33
89
60
92
82
87
85
86
7
46
35
67
72
0
5
56
8
7
12
48
2
51
51
4
7
69
30
3
67
4
3
39
62
2
7
4
7
4
69
40
58
20
2
3
59
63
9
4
93
19
62
84
5
4
80
85
94
5
5
4
1
2
0
58
36
46
67
24
62
25
20
24
29
43
37
56
19
38
30
55
31
72
30
64
27
61
44
38
45
61
31
37
54
64
62
60
35
44
13
69
68
81
79
76
42
82
41
37
32
36
30
0
111
64
113
119
39
124
37
125
41
45
133
120
120
85
86
49
126
38
124
48
127
113
114
155
70
141
161
109
134
159
157
119
116
126
137
31
97
141
160
106
109
115
150
23
131
0
135
72
0
85
61
49
78
30
88
23
23
37
25
91
72
88
16
82
24
92
30
72
32
85
32
67
90
61
67
87
26
31
94
87
76
85
24
82
36
77
67
92
94
73
92
75
19
60
0
56
68
33
82
51
94
80
11
53
5
27
19
26
104
84
64
10
92
29
92
9
95
11
92
12
88
70
93
95
95
13
29
94
101
88
92
17
91
29
84
87
69
97
99
98
94
28
53
0
57
66
0
103
44
54
73
17
68
13
52
43
13
80
80
67
52
72
17
105
47
74
12
107
18
117
102
105
112
117
39
34
72
100
60
77
38
96
31
93
94
79
56
85
67
83
17
56
9
50
46
11
57
27
13
65
43
21
21
27
36
43
29
58
26
43
39
31
32
29
59
26
51
28
33
32
44
29
29
16
26
42
50
49
47
41
29
10
59
44
20
59
55
22
56
21
7
14
13
7
15
66
26
37
27
38
75
19
27
47
42
40
66
30
21
77
20
71
40
47
25
67
34
69
53
27
73
71
21
38
65
71
64
75
36
53
10
47
72
50
51
75
68
57
35
22
0
26
24
0
97
57
119
115
34
140
8
34
36
33
115
96
125
119
58
38
113
111
149
132
116
128
106
56
107
148
98
108
125
142
110
111
144
44
142
15
102
75
108
110
121
133
154
46
48
126
53
54
124
90
15
36
96
67
97
49
63
70
65
21
95
22
72
37
6
97
5
25
12
38
54
110
32
32
37
36
7
32
41
36
39
86
10
39
76
28
34
64
91
36
119
121
65
28
7
30
25
0
