229
105
224
221
150
232
113
138
152
150
234
235
124
144
234
111
232
147
223
138
241
146
229
129
217
243
229
122
112
235
227
227
225
140
269
125
147
258
256
273
261
259
265
140
136
132
130
139
121
136
32
130
143
25
139
117
20
102
118
147
125
64
105
145
93
141
23
139
20
35
103
138
39
47
145
27
122
102
153
34
137
41
111
99
86
27
113
156
148
155
27
148
117
19
18
22
21
0
169
63
173
184
46
167
75
69
67
64
185
179
112
44
32
37
184
41
182
76
175
64
160
88
45
172
45
51
61
173
176
177
179
48
45
54
132
53
118
158
53
56
57
46
39
37
116
115
36
147
70
220
157
75
94
46
98
98
105
235
129
100
1
127
1
138
3
109
6
140
9
125
120
133
119
146
1
5
146
147
124
133
7
125
1
116
137
130
125
101
135
123
1
99
0
92
94
1
93
21
93
102
34
94
14
10
21
34
99
91
75
4
74
31
98
29
92
19
95
20
85
74
79
86
93
17
24
92
87
92
88
24
84
21
80
82
85
90
88
85
87
20
63
0
62
59
18
75
53
54
77
8
74
8
11
18
11
86
85
75
7
81
10
90
22
90
25
93
14
102
73
84
74
104
23
21
102
82
107
103
21
98
26
83
76
72
93
95
79
88
24
54
25
77
75
0
11
42
12
8
17
29
8
37
40
7
10
56
29
8
54
11
10
31
70
8
11
9
12
9
68
50
64
40
7
8
82
66
13
7
59
24
50
65
11
10
65
62
66
8
9
8
6
10
0
89
55
59
97
39
94
37
32
43
45
67
65
93
43
65
41
88
49
100
52
93
52
89
63
68
67
80
59
48
86
86
90
75
43
69
31
85
86
84
83
84
54
87
36
61
50
61
57
0
81
53
86
95
24
92
18
100
22
25
136
95
85
70
77
15
81
17
81
20
86
121
87
141
78
148
157
106
122
156
153
80
83
107
147
20
76
139
145
74
83
84
151
14
135
0
143
56
0
89
47
41
83
23
89
19
14
18
24
92
67
91
15
88
22
95
26
71
23
101
24
67
97
81
65
97
31
22
97
87
68
72
34
88
21
92
80
100
92
74
99
81
28
61
0
61
68
23
96
39
111
90
13
52
10
47
16
41
109
96
76
16
99
46
93
16
96
20
91
13
83
74
108
79
83
12
44
84
87
81
85
19
114
51
97
108
73
100
103
91
104
53
61
0
65
66
0
115
81
77
122
33
92
28
29
28
33
113
99
92
30
109
25
118
25
99
21
110
21
121
117
126
119
118
31
24
103
116
88
101
28
108
21
99
107
104
69
101
101
107
28
80
5
74
79
5
54
9
15
60
48
16
15
15
38
53
16
50
16
33
22
13
20
32
52
15
54
12
23
21
52
18
18
11
11
45
61
49
56
39
16
3
58
45
16
52
52
19
58
9
7
5
14
8
7
55
16
33
21
39
61
13
30
42
36
35
70
27
10
71
10
75
44
33
31
82
41
64
39
36
61
60
7
33
61
58
59
61
35
36
16
38
55
57
30
58
62
32
42
26
0
24
23
0
69
30
70
72
25
123
12
26
24
25
76
55
73
105
55
25
71
106
129
113
74
121
72
64
70
133
73
115
124
134
74
80
132
42
133
24
86
67
91
100
118
132
125
36
30
103
30
30
102
104
27
50
106
65
109
41
61
62
61
32
112
50
68
52
11
110
8
47
12
53
47
111
48
49
48
53
10
24
46
56
53
90
8
49
64
41
49
73
89
52
108
103
58
47
7
40
43
0
