209
106
200
208
144
211
101
155
148
144
203
191
106
146
208
126
202
154
200
150
207
133
212
102
209
213
217
142
118
207
215
207
205
144
214
106
104
218
214
206
211
198
215
139
116
119
107
118
130
140
30
153
153
37
144
100
18
70
108
153
107
42
72
110
56
113
36
115
29
44
88
121
50
60
135
44
102
83
139
47
138
49
100
93
65
43
77
125
117
128
33
126
89
29
22
26
26
0
144
66
150
139
69
149
48
46
47
49
154
141
93
65
51
63
128
72
141
31
143
31
132
103
66
137
65
69
28
136
141
153
128
36
58
65
134
67
115
150
61
65
65
34
50
45
109
112
51
131
59
193
140
52
83
42
81
79
88
205
107
90
4
109
4
139
8
100
9
112
18
104
99
113
90
124
2
6
127
116
98
114
10
116
3
94
122
110
99
99
118
100
3
74
0
70
75
2
49
17
45
44
17
42
24
19
31
17
47
41
51
11
37
18
44
19
43
25
47
28
53
19
46
45
63
30
25
62
58
57
57
22
48
25
43
39
57
58
62
60
60
32
20
0
22
20
26
71
78
42
83
11
69
9
11
37
11
78
73
79
7
51
4
73
31
70
33
76
11
74
55
72
75
76
7
8
69
78
76
74
34
67
41
79
48
67
62
69
78
63
9
43
36
73
68
0
1
32
2
2
6
18
1
20
24
0
1
53
22
2
55
1
2
24
57
1
1
2
3
2
51
34
49
27
1
1
60
58
3
1
55
12
35
46
2
0
58
44
45
0
1
0
1
2
0
63
19
52
68
14
61
12
11
15
17
40
42
53
11
47
9
44
15
60
16
56
14
52
43
39
38
52
18
13
48
48
53
50
13
49
3
48
47
60
57
59
45
56
16
48
19
38
39
0
78
45
72
82
20
75
20
97
21
19
119
112
85
80
57
19
88
16
85
19
85
107
82
132
58
127
125
107
109
144
137
85
87
107
131
38
65
127
140
80
92
92
155
26
134
0
131
55
0
74
43
40
69
38
76
20
35
33
34
81
45
63
16
58
31
66
36
58
32
66
30
59
63
41
51
65
32
28
72
61
63
60
32
58
38
57
59
70
73
58
78
59
34
25
0
26
55
34
64
27
68
81
15
52
18
11
29
16
67
81
41
38
81
14
76
23
69
38
80
34
63
57
61
72
70
20
19
68
66
72
63
32
61
18
76
65
62
73
76
73
80
17
36
0
36
40
0
99
56
55
83
17
55
15
24
26
20
84
85
69
27
91
19
107
26
79
15
96
16
97
101
104
103
99
30
27
76
92
74
86
28
100
26
95
85
77
75
92
81
91
20
65
11
62
65
5
45
34
26
54
20
16
27
29
12
23
42
54
33
23
38
29
40
15
48
31
45
30
37
40
39
43
37
16
29
37
45
42
35
11
35
10
39
33
32
27
30
36
35
22
16
21
27
18
16
45
10
45
33
7
42
24
5
8
10
57
52
34
21
47
20
52
14
58
11
52
13
63
59
50
64
65
21
14
60
59
66
55
16
52
5
43
48
52
47
53
55
49
15
33
0
29
31
0
74
40
72
70
24
116
12
24
22
21
69
62
78
110
55
28
73
113
126
123
76
128
78
71
74
119
81
101
103
126
87
78
118
27
126
17
80
56
83
88
119
123
126
27
36
92
32
33
93
66
12
20
62
51
68
41
45
50
46
15
62
10
41
19
7
57
8
23
8
21
39
52
22
14
25
23
7
3
25
21
23
46
8
20
32
20
19
25
46
18
49
50
29
13
6
13
12
0
