385
153
403
391
219
410
111
220
221
228
403
359
166
207
362
151
363
205
365
200
380
201
311
176
300
306
298
181
154
288
299
303
321
178
306
156
180
316
335
304
337
320
332
178
177
163
188
182
165
208
47
212
223
59
215
169
30
142
177
224
196
73
172
205
147
203
58
205
34
63
170
187
63
61
204
36
157
137
203
70
189
56
165
91
139
58
155
193
212
198
35
201
176
30
27
35
30
0
204
104
239
244
110
253
72
73
63
62
223
217
156
105
88
94
223
94
246
81
227
65
204
142
93
216
101
97
55
228
218
219
226
67
92
103
203
100
170
216
101
98
95
45
74
64
176
167
66
215
82
274
215
70
121
53
95
99
93
277
193
146
2
206
0
194
0
141
1
195
1
165
169
190
162
190
4
0
189
194
181
172
1
186
0
165
206
192
168
143
189
177
0
138
0
141
148
1
95
42
97
96
13
93
26
19
35
13
89
91
94
13
72
12
85
15
96
29
89
30
95
66
87
93
97
33
19
99
93
95
89
13
88
27
93
79
97
98
96
101
95
36
65
0
67
68
38
91
82
42
97
7
90
5
7
35
6
93
101
102
12
83
8
97
40
112
48
105
14
105
74
99
94
112
11
6
114
113
106
107
45
104
40
103
77
107
111
104
100
107
12
51
49
95
86
0
8
50
7
5
13
36
7
42
42
11
9
79
31
6
85
6
9
51
85
4
9
10
9
11
67
51
68
30
9
9
80
91
12
8
99
21
76
92
11
10
89
101
99
8
8
7
2
8
0
97
38
59
92
36
106
30
27
32
29
59
76
83
22
63
31
73
38
87
34
84
37
83
69
61
59
84
52
34
78
81
82
85
33
65
22
95
72
90
93
88
53
90
35
59
47
61
56
0
117
64
117
122
31
120
29
134
23
19
153
137
120
113
98
32
112
16
127
26
125
145
129
180
89
171
191
132
148
192
180
121
132
142
166
31
119
161
187
113
133
132
180
22
164
0
158
81
0
111
80
60
105
31
107
27
21
38
31
119
82
110
22
107
33
118
38
86
37
124
35
88
113
86
94
110
46
36
116
107
84
96
34
103
38
104
83
117
119
84
122
80
34
58
0
60
83
36
119
62
125
113
19
84
16
43
32
39
122
129
81
27
121
39
112
19
119
23
115
28
121
80
119
110
122
30
41
130
135
126
132
28
133
41
134
132
101
137
138
146
143
41
96
0
96
90
0
112
67
65
96
26
76
20
42
50
25
93
97
64
53
88
24
109
47
97
20
118
25
118
111
111
126
126
42
40
92
119
65
86
46
117
38
96
113
96
68
101
87
110
30
64
16
62
62
11
64
31
24
79
49
23
38
34
45
47
37
51
27
41
36
29
43
35
60
35
54
35
39
36
53
37
35
19
28
39
56
58
63
45
31
18
63
45
23
64
52
22
60
24
11
14
19
11
15
70
23
46
33
43
79
19
42
51
49
64
75
38
20
77
22
83
43
70
30
83
45
67
54
45
75
75
27
35
72
77
71
79
49
64
21
64
89
63
60
87
96
58
52
36
0
27
29
0
126
49
139
118
55
153
27
56
54
55
123
88
116
122
63
58
125
131
152
136
129
134
126
51
129
166
130
128
136
152
127
121
166
50
164
25
107
68
102
100
143
169
151
51
44
123
45
46
131
130
30
55
128
91
120
70
87
92
88
30
147
63
100
47
12
153
4
43
10
51
76
167
49
45
54
50
12
38
49
53
49
135
6
49
112
39
43
77
125
41
163
149
95
44
5
32
34
0
