242
106
254
247
150
256
105
160
165
163
241
248
140
152
241
133
252
145
238
152
234
151
248
149
245
241
243
145
126
245
250
250
247
158
245
124
115
246
247
248
242
252
257
152
132
123
125
128
122
158
30
164
163
39
162
130
26
97
126
161
118
43
92
131
83
128
27
119
25
39
101
137
39
55
140
34
105
84
142
41
156
49
129
100
106
53
135
165
174
163
43
173
134
33
27
32
33
0
158
75
161
159
79
179
59
60
50
58
168
151
110
69
58
61
162
67
175
45
173
36
138
77
70
141
70
72
31
147
160
146
136
30
65
70
146
66
104
157
62
70
71
26
48
46
118
123
49
139
70
182
145
37
84
28
61
64
61
204
118
97
2
135
1
147
4
89
1
127
6
101
111
124
92
128
3
5
135
131
124
117
4
123
1
106
128
120
93
98
137
115
1
103
0
97
96
0
65
14
63
63
15
65
23
20
34
13
60
59
58
10
45
12
58
16
60
31
55
29
56
47
61
57
54
31
7
51
61
53
60
17
65
34
59
46
62
60
67
64
65
26
34
0
33
33
33
69
54
38
70
4
63
2
6
26
5
70
64
82
2
48
5
60
27
66
34
67
5
71
51
78
85
66
5
6
59
88
67
61
37
55
36
85
55
81
59
65
87
66
5
35
39
78
74
0
3
36
4
3
4
39
2
34
33
2
5
48
31
2
48
2
2
27
48
4
3
3
3
4
51
32
53
25
3
2
45
50
2
2
43
22
29
44
3
3
43
46
46
3
3
4
1
3
0
35
20
35
41
12
41
8
4
9
9
32
27
44
7
31
12
34
15
48
13
47
15
46
36
31
24
43
9
11
41
46
40
45
15
34
6
55
49
50
54
53
35
56
15
27
9
29
27
0
105
63
104
114
16
110
16
99
16
21
141
121
112
85
95
20
114
19
111
15
111
109
113
157
86
142
156
107
118
141
154
118
122
108
150
25
105
137
147
97
110
118
145
19
135
0
135
79
0
102
90
45
88
17
117
25
13
35
20
100
86
99
12
89
14
110
22
97
23
96
21
97
109
88
100
99
19
17
101
108
96
97
20
88
40
87
95
112
97
93
104
98
18
81
0
72
92
42
83
44
88
96
5
83
22
12
23
11
87
94
69
28
97
15
93
28
98
32
102
30
100
81
71
98
100
29
15
111
104
101
103
33
78
12
98
79
102
112
115
119
113
11
73
0
70
71
0
88
71
42
71
30
65
27
44
41
36
77
87
50
44
86
32
82
40
82
28
89
31
93
88
91
92
92
36
40
71
87
50
70
40
79
26
70
80
71
40
69
80
77
39
43
6
41
37
8
80
32
18
80
67
26
34
31
61
67
41
67
31
36
41
32
36
41
68
34
67
33
36
42
64
38
41
17
31
54
68
63
57
55
27
13
57
45
25
65
66
23
61
25
12
24
23
13
21
34
6
36
22
16
41
26
14
20
18
32
33
18
22
33
18
35
16
30
9
34
20
34
37
21
34
37
20
23
40
42
34
39
23
38
5
27
51
24
38
46
44
41
18
7
0
7
10
0
73
29
78
72
28
106
19
31
27
34
73
77
72
91
44
29
85
96
127
107
83
119
75
47
81
126
79
99
108
117
83
75
116
29
109
13
77
59
80
74
104
113
120
25
23
88
30
28
95
82
9
16
87
77
84
69
75
70
74
8
83
18
69
16
3
83
3
11
3
15
69
73
13
10
12
15
5
15
12
11
12
79
3
11
74
11
12
32
77
10
88
88
76
10
3
9
8
0
