402
221
412
428
276
415
197
309
308
307
418
452
262
293
450
237
443
312
440
296
447
278
423
257
434
415
433
294
219
418
422
423
421
299
413
238
260
418
430
431
434
438
422
302
234
247
219
236
239
307
72
304
315
73
305
230
56
172
225
319
280
132
195
278
161
286
77
281
67
105
205
263
107
144
276
84
206
153
278
115
295
126
174
190
123
109
190
283
271
252
90
280
183
74
59
73
74
0
274
133
314
316
146
313
77
67
71
80
319
323
223
130
119
124
335
138
336
110
345
96
295
217
150
357
154
153
124
323
330
333
336
88
136
149
270
157
216
294
138
150
153
81
112
112
242
235
114
241
126
349
255
110
132
74
141
135
144
363
235
192
8
231
6
250
6
197
9
239
10
236
235
240
208
264
10
14
263
262
227
241
15
223
6
214
260
221
222
239
262
231
9
155
0
145
144
4
173
94
214
204
75
193
52
42
70
50
198
182
158
65
157
58
195
75
200
56
200
66
201
145
138
148
196
75
78
194
208
201
203
68
153
57
176
162
195
209
190
197
203
61
82
0
81
83
58
137
160
62
162
34
119
30
34
64
33
154
154
148
28
118
27
154
77
146
88
167
33
150
116
153
139
151
28
22
159
167
145
155
86
137
84
163
119
148
143
140
168
139
24
62
84
123
129
0
23
155
21
19
44
136
20
131
131
16
24
180
115
14
189
15
24
117
174
15
25
24
25
19
171
164
162
73
14
15
184
183
25
24
195
55
150
186
23
16
205
189
208
19
21
18
6
21
0
152
80
102
159
37
175
62
55
71
66
89
106
152
56
97
55
140
65
159
66
160
56
157
116
107
131
151
58
66
159
155
153
164
68
108
45
165
132
167
167
170
86
162
76
90
60
81
75
0
184
109
193
218
60
223
59
179
58
66
252
213
227
170
192
68
224
52
226
67
227
200
218
278
177
260
287
212
224
284
280
210
218
209
267
61
205
253
275
185
226
235
272
48
243
0
266
149
0
195
136
99
178
76
193
56
59
75
77
206
147
200
51
151
71
198
65
140
78
195
79
161
203
135
134
212
97
75
218
203
157
170
87
192
84
163
161
225
209
153
225
164
74
108
0
101
153
77
148
81
164
181
31
82
29
68
51
63
164
178
107
42
182
70
182
38
173
47
173
52
185
108
158
177
171
55
66
182
184
191
186
57
147
62
154
137
135
173
168
180
187
64
84
0
81
86
0
176
156
70
166
61
132
46
68
58
73
174
161
93
66
151
56
160
63
146
34
169
53
177
148
192
181
184
63
58
146
179
96
152
63
176
48
147
157
160
96
168
154
148
52
91
19
90
91
14
119
62
43
134
65
57
56
62
53
70
82
128
58
73
74
53
77
49
116
65
118
61
58
69
121
80
86
44
48
84
130
128
133
62
69
20
98
84
53
101
108
55
103
36
32
21
55
35
31
113
55
103
77
41
118
57
36
47
43
111
137
77
59
140
52
145
52
106
39
149
58
152
113
96
155
152
58
69
157
155
151
164
69
128
32
112
161
107
114
160
160
138
73
64
0
64
70
0
168
87
179
194
53
226
12
49
56
49
178
202
189
154
117
52
181
196
234
207
182
206
188
100
192
250
190
169
211
240
198
197
256
56
239
37
184
123
187
200
204
257
264
51
90
206
92
87
192
160
27
64
163
101
153
65
102
103
104
51
151
55
102
67
25
158
15
56
29
81
72
146
62
57
75
75
26
21
72
78
77
115
23
76
103
62
84
115
124
80
179
166
80
63
18
60
55
0
