612
265
641
646
420
651
263
433
429
440
646
592
338
415
611
352
606
412
585
414
600
424
539
378
558
547
564
402
347
566
547
554
562
403
535
321
333
540
566
556
563
547
559
405
353
369
361
355
368
182
49
194
205
41
189
141
30
96
144
202
202
91
149
215
112
213
50
215
35
86
151
198
86
80
222
61
150
114
203
89
228
95
162
163
104
98
155
225
217
234
72
218
166
37
30
38
51
0
381
170
400
417
189
431
103
112
107
97
421
406
312
166
150
159
395
176
424
117
438
94
410
285
174
428
176
179
146
434
452
452
454
100
168
182
386
186
291
428
188
186
197
87
149
139
348
342
140
222
114
416
235
66
298
237
253
272
277
457
186
162
4
182
3
244
45
205
62
180
63
242
211
240
154
250
3
76
258
249
166
256
69
163
2
169
244
180
225
222
268
165
3
127
0
114
110
2
188
77
214
196
97
209
66
36
72
73
221
233
163
77
172
83
227
110
236
82
226
72
202
160
150
152
209
79
87
204
212
218
219
73
173
80
181
173
196
209
200
203
197
75
90
0
96
91
67
183
141
73
167
32
165
27
33
73
29
161
175
171
23
129
23
166
89
153
103
171
29
176
122
183
179
184
33
27
176
192
182
179
103
187
96
186
131
179
193
186
189
195
36
88
109
177
171
0
19
161
17
19
31
110
15
104
121
10
19
177
101
19
192
16
17
114
194
13
21
16
15
18
197
150
168
70
16
13
204
191
14
14
190
30
119
180
18
17
185
185
192
18
15
15
2
13
0
212
102
144
236
65
230
89
71
93
93
145
161
214
65
139
81
191
81
223
89
220
76
202
151
144
147
198
86
65
197
216
199
203
45
169
32
167
171
188
183
189
157
187
58
153
87
130
126
0
226
143
199
234
42
219
41
285
50
45
353
315
235
202
180
44
245
40
247
41
229
301
229
381
182
399
415
277
316
410
426
249
245
283
401
55
240
359
397
219
250
246
401
37
370
0
347
185
0
238
172
127
228
85
252
58
82
97
84
251
177
238
72
209
96
248
101
170
104
258
116
183
254
175
162
257
104
94
264
255
176
190
104
228
105
206
173
263
250
179
265
200
90
135
0
124
177
90
208
99
242
268
43
168
38
85
74
82
237
255
192
71
257
78
272
51
247
71
260
75
247
205
235
263
259
75
74
252
263
245
259
76
236
68
255
220
225
268
263
251
261
81
153
0
159
165
0
268
203
152
255
93
202
56
56
51
99
287
257
209
67
287
94
263
57
278
58
261
87
275
277
261
276
277
61
66
272
277
215
279
52
265
53
250
248
267
208
226
257
234
95
202
14
201
179
17
147
70
44
143
101
49
74
73
74
102
96
149
69
88
91
64
93
78
135
77
144
78
94
75
140
85
81
65
67
122
150
135
135
99
82
41
135
104
58
123
123
78
131
49
34
45
53
38
38
150
40
134
90
51
169
71
50
62
65
145
164
98
63
166
61
174
68
133
48
169
57
174
141
137
177
173
54
71
177
167
181
178
81
141
47
139
195
165
145
202
197
155
96
88
0
81
78
0
217
98
229
241
82
303
46
81
85
86
226
211
238
257
156
84
238
308
329
331
239
328
248
165
237
326
243
319
320
352
259
243
347
94
328
48
236
176
223
246
328
341
343
82
88
280
87
96
274
214
53
91
239
146
226
118
150
154
157
61
244
112
184
89
29
258
11
82
28
91
146
253
94
86
78
90
28
66
89
94
91
219
18
94
183
75
100
130
204
103
269
263
159
77
17
75
81
0
