431
193
434
437
241
433
157
257
247
252
433
399
180
225
407
173
403
226
415
203
405
219
397
204
386
391
392
219
176
386
399
391
400
208
370
168
206
391
380
390
387
369
392
202
211
192
197
216
188
249
55
249
239
75
238
200
37
162
196
251
206
89
170
225
159
215
63
220
38
71
173
220
60
93
231
38
186
154
236
64
237
64
175
116
143
67
188
218
222
227
44
220
180
47
34
41
42
0
220
111
243
241
104
251
60
66
63
66
246
225
157
98
75
98
239
100
260
77
254
59
227
167
88
229
87
97
66
237
250
251
253
45
82
91
219
99
174
239
90
106
97
37
74
71
193
202
70
221
110
295
225
67
124
45
84
93
98
309
188
157
5
195
3
206
11
155
9
195
15
177
171
204
160
224
5
12
222
229
184
190
12
195
2
168
207
199
163
165
220
185
3
144
0
142
147
3
119
63
131
131
27
127
37
26
42
21
127
119
120
16
113
25
140
28
132
37
133
44
121
101
108
114
120
35
26
122
124
124
127
28
125
35
132
113
128
133
137
134
140
43
88
0
86
89
38
84
86
43
95
21
98
12
18
44
16
95
102
100
9
78
16
89
44
102
44
93
18
96
67
92
88
103
18
10
96
98
97
103
45
102
39
99
65
92
98
103
105
102
23
49
46
78
91
0
7
80
9
8
15
69
8
67
74
7
9
107
44
7
123
9
5
70
125
7
8
7
7
6
114
91
101
55
4
5
125
119
8
9
97
27
78
99
8
8
109
100
100
6
8
7
6
7
0
134
61
98
145
35
148
43
26
39
42
102
103
127
37
94
35
113
43
142
39
151
41
126
109
95
98
131
44
46
126
135
136
125
36
101
25
129
120
135
128
134
96
128
41
98
53
77
76
0
168
88
168
197
37
181
25
140
38
40
192
198
184
124
135
47
198
35
198
46
180
146
188
212
131
200
217
149
156
223
229
183
193
153
224
52
181
210
229
168
186
192
225
38
218
0
225
138
0
178
131
123
165
37
178
47
28
49
31
177
131
173
36
135
35
182
39
137
42
179
47
150
191
123
129
185
51
40
192
182
147
151
45
188
57
124
139
187
176
139
196
152
38
118
0
122
144
57
138
65
155
152
35
71
32
54
59
48
142
151
77
56
177
55
181
32
170
59
176
60
181
111
143
178
175
48
48
186
185
188
181
57
134
48
161
127
137
178
178
176
177
52
87
0
80
86
0
124
116
59
131
67
77
49
62
51
60
126
121
66
55
125
54
107
52
114
41
115
47
130
120
132
124
121
53
51
118
125
84
106
62
112
47
116
114
127
81
109
123
102
55
60
15
61
55
10
106
30
27
116
99
37
41
44
76
90
49
95
37
67
47
35
52
52
83
44
95
46
50
40
103
50
39
28
41
81
104
95
98
83
46
23
99
84
38
98
100
43
99
23
20
22
37
25
16
90
39
56
49
48
106
30
34
49
52
75
88
54
33
108
26
96
53
64
43
97
55
99
66
45
100
103
29
52
99
94
95
99
48
64
18
44
81
67
67
85
86
59
44
36
0
37
32
0
115
45
124
129
37
161
22
35
41
45
140
120
135
134
80
46
147
158
158
162
133
162
133
72
121
183
114
136
151
171
127
127
180
63
171
27
140
89
139
138
141
187
168
51
62
129
57
58
146
124
26
53
133
79
115
75
84
86
84
44
137
50
94
61
17
147
13
45
20
61
83
150
54
54
49
60
20
33
58
63
62
118
14
57
105
58
56
88
116
61
153
149
72
46
9
37
41
0
