255
142
277
262
193
268
128
212
208
200
255
278
159
200
282
165
276
199
284
196
262
191
254
159
262
256
251
185
153
260
245
265
249
187
246
155
171
249
248
258
235
260
258
190
154
179
156
161
177
150
38
156
155
25
148
127
21
115
125
163
157
49
138
176
127
177
25
170
22
35
141
174
39
50
169
32
137
123
179
37
183
42
162
97
131
38
167
198
196
196
29
193
174
27
22
25
26
0
236
79
238
245
69
247
113
109
119
121
259
270
149
70
59
60
246
71
265
125
265
105
222
118
67
246
68
67
98
239
240
238
239
69
67
70
193
70
142
213
71
72
72
55
50
54
149
155
52
180
53
285
199
73
139
81
138
147
145
284
145
95
2
153
2
162
2
117
6
141
6
129
142
145
111
160
4
4
162
168
136
137
6
127
2
125
136
131
122
104
143
138
1
127
0
114
118
2
80
21
76
80
13
85
26
14
29
8
82
76
81
10
77
6
80
5
78
26
77
33
79
78
84
83
72
26
12
77
81
76
76
10
83
27
69
70
77
73
78
77
82
31
63
0
64
63
25
107
64
75
104
4
98
3
3
38
4
104
109
120
4
94
3
104
43
109
45
113
2
118
93
128
117
111
6
0
115
121
110
112
43
114
45
130
89
120
126
115
124
114
6
72
42
114
109
0
2
39
1
1
5
30
1
30
28
1
4
48
30
2
42
1
2
41
52
3
1
2
3
2
62
41
57
38
2
4
75
61
4
1
63
10
50
69
1
1
66
66
64
2
1
1
0
1
0
78
29
47
86
32
89
41
29
40
41
52
54
78
30
46
31
76
40
83
41
90
47
71
54
46
47
77
38
31
63
68
73
74
31
59
18
81
61
85
86
85
43
80
36
52
29
44
51
0
95
36
91
108
39
108
27
154
41
46
160
109
96
87
42
31
97
22
96
27
96
159
82
185
42
171
190
121
157
187
187
82
85
150
169
22
72
143
182
69
84
86
187
22
181
0
177
48
0
78
57
45
80
22
80
28
14
33
21
81
66
76
19
68
27
77
32
58
33
86
30
70
88
56
63
77
25
20
78
83
61
69
13
58
39
57
69
73
72
63
75
69
16
51
0
40
62
44
91
40
105
90
6
64
10
31
12
34
107
96
66
10
91
41
96
5
91
13
92
12
91
68
103
93
86
13
36
90
92
89
91
16
105
32
83
105
82
93
82
96
98
35
77
0
71
68
0
159
81
125
151
8
123
8
29
27
9
143
162
134
27
149
22
159
27
157
20
166
25
162
144
161
166
155
19
19
156
153
125
159
23
150
13
138
148
160
109
146
152
135
25
124
6
121
118
2
33
32
16
43
28
19
35
32
23
28
34
43
24
26
41
35
33
18
40
30
41
35
36
31
34
30
34
12
28
33
41
34
37
35
24
9
49
39
26
36
30
27
38
22
13
16
20
12
16
68
16
41
31
34
66
23
25
40
38
47
69
25
21
76
21
82
40
42
35
80
40
64
45
29
65
66
18
37
64
65
64
64
26
41
11
35
61
37
34
60
60
46
27
28
0
24
25
0
93
50
100
100
23
165
8
22
24
24
99
89
106
145
63
38
110
151
185
167
104
175
112
64
108
192
112
165
172
180
113
114
190
38
185
12
116
81
109
116
178
191
194
31
52
161
52
55
153
93
24
41
100
56
100
42
60
58
58
32
117
36
92
49
14
112
2
32
14
40
67
135
44
35
48
42
11
23
39
41
42
101
8
41
88
34
39
61
101
39
128
129
80
34
6
35
31
0
