544
264
557
566
309
585
225
344
341
317
569
583
311
337
590
248
600
345
586
335
587
316
591
304
623
590
588
329
250
597
612
599
612
321
599
251
323
606
616
624
609
613
628
335
332
302
313
330
279
365
83
354
363
80
363
294
57
237
289
361
368
136
289
366
252
371
64
379
57
83
289
387
94
130
398
66
324
262
394
91
401
95
296
193
219
99
279
370
371
364
62
376
294
66
53
65
68
0
348
115
396
401
168
398
156
163
148
170
386
376
265
142
114
127
391
133
395
132
405
126
373
291
128
395
139
129
148
385
407
417
419
95
121
133
308
129
269
361
133
143
128
81
125
108
270
281
113
357
175
479
371
97
224
70
150
165
142
498
327
270
5
328
4
390
12
297
9
347
12
346
335
372
263
413
5
10
395
388
332
349
9
323
1
308
358
318
305
279
353
300
4
229
0
206
225
3
167
94
191
194
48
188
55
36
74
36
184
196
174
40
171
42
204
52
208
65
200
73
204
165
160
176
193
65
56
194
202
212
195
37
188
62
181
159
193
189
193
195
185
65
109
0
105
101
64
187
148
102
177
28
179
24
29
66
31
185
188
185
23
141
21
180
69
184
78
198
28
191
138
209
193
194
29
21
189
202
191
188
76
201
72
204
126
192
201
209
203
204
42
106
71
182
189
0
11
114
12
15
24
85
5
85
93
5
14
173
57
4
179
4
6
116
181
6
12
8
14
8
156
137
140
73
4
10
166
179
11
4
138
35
88
144
11
11
131
148
138
5
4
3
1
1
0
193
98
152
207
62
214
53
39
57
49
144
152
195
46
150
51
147
65
206
62
205
50
202
157
143
136
190
62
64
201
208
202
201
51
145
31
172
169
204
187
189
129
199
60
145
61
138
122
0
280
148
286
294
102
298
81
212
107
94
259
241
276
162
192
115
283
102
283
121
292
224
316
312
199
291
323
217
238
325
321
333
333
231
299
125
239
290
310
253
312
317
311
100
282
0
282
166
0
274
179
121
258
119
263
41
96
76
116
277
181
255
63
222
109
274
132
176
128
279
133
183
274
204
165
282
115
129
281
280
195
200
123
229
82
225
212
277
269
179
287
210
118
154
0
146
191
72
240
92
271
308
54
200
37
77
89
55
289
312
227
88
316
68
318
58
308
90
323
100
316
243
264
308
303
82
64
319
309
311
299
73
261
63
267
249
234
291
294
294
280
70
179
0
184
190
0
198
142
100
179
67
117
40
75
65
61
171
160
115
81
164
60
195
75
158
52
210
46
215
189
221
211
210
75
74
184
216
121
157
84
186
64
183
173
176
108
160
179
152
68
91
14
104
104
17
142
61
44
141
112
45
53
56
80
109
84
137
67
102
72
52
74
85
155
56
149
62
76
70
131
79
85
51
56
117
153
139
136
102
85
38
135
121
63
135
144
62
149
37
38
39
65
50
29
196
88
150
120
63
193
57
44
67
63
162
183
122
58
184
50
185
68
159
46
187
75
191
143
126
199
194
51
80
194
211
203
204
87
146
44
113
218
159
155
222
216
159
91
95
0
101
96
0
270
119
272
278
101
262
56
107
106
104
277
234
245
208
150
87
251
223
293
222
258
236
293
177
300
312
287
212
228
305
279
302
309
114
301
53
309
198
287
306
280
314
314
112
133
215
131
141
219
247
31
88
242
197
261
170
186
193
191
44
235
57
175
75
29
242
16
67
27
73
143
251
75
63
78
82
29
44
79
77
82
223
20
80
176
72
68
101
214
62
251
246
151
57
19
56
64
0
