327
142
325
325
181
328
107
197
186
191
341
318
185
185
313
150
320
177
311
182
326
175
301
176
301
299
297
172
153
304
301
311
300
171
293
143
173
300
294
291
299
304
306
174
162
164
161
158
165
170
41
172
164
35
165
142
21
131
143
169
176
72
158
187
126
178
38
188
27
41
164
177
39
69
196
31
171
140
187
39
185
42
167
87
148
45
174
203
203
198
30
203
173
28
29
29
29
0
207
112
224
224
94
228
85
92
78
86
221
216
140
82
65
77
209
87
223
85
218
67
202
125
87
207
86
94
65
182
189
190
198
48
78
88
180
78
125
188
79
77
91
52
57
56
155
145
58
183
65
276
194
68
122
50
116
122
105
274
165
125
6
162
3
169
5
118
5
169
9
142
153
158
125
178
5
4
183
180
150
146
2
154
2
143
179
154
143
131
175
145
4
126
0
116
123
3
87
21
86
84
9
87
19
8
26
6
84
80
97
5
65
8
78
6
77
30
79
25
83
66
88
93
78
27
3
82
72
78
79
11
92
26
82
69
83
85
82
86
83
31
63
0
62
61
28
114
53
65
100
4
102
4
5
24
4
97
96
106
1
84
0
96
31
97
33
90
1
89
88
116
109
84
1
1
90
111
89
90
36
93
33
107
83
109
93
94
118
101
2
74
38
110
102
0
5
43
3
5
8
29
4
29
30
4
5
70
36
2
57
7
7
48
60
6
4
5
7
8
53
51
51
28
3
2
50
46
5
6
56
19
45
50
7
8
57
58
54
2
4
1
4
7
0
72
38
57
76
16
77
24
15
24
24
55
58
75
19
55
18
66
28
75
26
75
28
78
57
55
53
74
30
30
79
78
77
70
27
56
24
73
63
73
71
75
52
72
28
54
26
43
42
0
91
58
81
98
25
93
15
137
22
21
146
124
95
100
87
24
107
17
105
29
113
141
105
173
83
172
181
131
145
174
174
100
104
132
171
20
96
142
164
89
100
111
173
17
147
0
165
65
0
106
84
56
101
17
106
22
16
34
28
101
90
95
25
94
20
106
36
95
30
116
31
97
109
88
79
104
27
20
110
110
90
96
27
104
37
91
94
116
110
89
123
101
24
75
0
81
102
31
116
55
118
130
10
95
16
17
25
19
114
137
103
33
143
24
138
23
147
34
142
36
131
104
120
132
134
32
24
142
137
138
136
41
122
23
141
126
130
154
149
172
153
21
107
0
102
105
0
113
86
62
105
25
82
19
35
30
24
106
112
83
41
102
30
129
33
118
22
121
27
124
110
127
130
135
42
35
99
111
72
102
35
114
29
106
104
116
80
108
125
104
32
79
8
71
72
9
77
32
17
78
56
16
31
38
61
62
35
50
19
30
35
31
38
42
58
36
60
35
28
28
58
30
29
16
27
53
58
55
58
54
28
13
66
59
22
69
60
21
60
16
9
20
19
4
18
76
21
39
31
40
81
17
31
42
46
45
66
18
17
72
11
74
38
40
36
64
51
73
38
29
66
77
22
46
70
68
79
78
50
42
9
34
77
61
44
91
86
44
52
24
0
21
24
0
95
33
105
104
44
133
31
48
53
54
109
111
107
107
49
52
107
129
147
142
114
138
117
56
130
140
122
113
117
145
123
125
152
72
149
28
135
107
137
141
138
158
148
68
41
123
38
50
116
132
9
28
120
107
132
97
109
103
110
21
126
21
106
26
5
128
5
21
8
30
97
123
23
22
27
26
7
19
27
26
28
110
6
30
101
24
26
46
124
27
127
128
102
17
8
16
18
0
