418
207
449
439
278
457
196
287
295
279
431
394
208
272
408
213
413
275
400
266
390
266
372
220
389
382
395
258
206
384
378
389
383
253
396
208
236
401
405
411
396
409
410
268
248
232
243
245
230
256
80
268
267
61
277
194
46
135
208
280
280
106
217
299
179
303
66
305
52
98
234
286
108
124
305
83
226
181
294
109
304
116
212
181
167
100
222
281
285
285
78
288
219
61
42
61
54
0
274
139
289
278
124
298
117
118
93
106
288
310
190
128
101
109
311
121
318
142
324
120
292
185
118
321
125
136
121
305
318
321
324
86
113
137
274
129
168
303
128
132
139
67
94
88
227
215
90
292
145
373
290
95
155
86
150
162
152
388
242
188
4
236
3
241
11
195
7
238
15
250
238
254
211
286
8
17
279
281
244
259
14
240
4
231
272
225
228
212
269
238
3
173
0
162
169
3
137
70
148
142
68
154
48
29
53
59
150
138
100
47
124
68
157
72
156
49
164
48
150
107
100
94
152
46
66
163
160
149
147
62
108
47
138
122
156
137
147
150
157
53
72
0
60
71
40
157
167
86
179
29
142
21
29
68
30
177
178
163
28
134
19
164
72
190
82
185
36
178
130
165
166
194
41
32
184
174
191
196
76
190
62
166
110
159
203
212
170
200
37
90
81
149
140
0
12
124
15
12
34
85
6
79
91
7
18
151
70
7
160
10
9
88
167
6
15
11
13
14
133
112
127
50
10
12
149
153
17
7
164
23
108
156
12
14
158
166
159
6
6
11
3
12
0
130
83
100
140
32
140
34
29
33
32
96
104
144
29
92
37
94
47
161
43
144
45
134
95
95
99
134
34
49
146
140
139
135
54
111
36
121
118
121
136
139
85
134
48
88
30
79
82
0
182
99
180
198
73
202
67
174
61
59
201
188
197
169
142
75
189
65
194
68
198
192
201
249
131
226
246
207
207
255
240
190
205
211
247
76
151
236
255
179
190
186
244
67
222
0
228
121
0
171
115
81
169
73
169
55
68
71
72
171
123
183
45
149
86
199
90
113
98
188
107
129
179
129
134
180
81
89
200
176
141
132
94
159
82
153
126
182
179
130
188
137
88
91
0
87
124
70
160
78
194
225
55
143
21
32
66
33
188
224
188
63
233
38
218
47
209
72
225
72
231
192
189
219
224
72
40
242
234
212
223
52
174
31
224
182
191
232
225
237
237
39
138
0
136
146
0
162
95
69
133
34
95
26
61
48
32
116
118
97
57
121
34
167
67
115
21
171
28
168
158
181
163
170
61
55
133
160
106
116
58
160
49
164
142
122
106
138
136
140
33
82
13
81
76
17
90
45
27
97
56
37
43
43
38
51
63
71
55
56
64
45
72
46
90
58
78
53
70
64
86
72
77
40
50
72
97
87
92
51
63
27
88
74
47
89
82
53
81
36
31
29
49
24
29
111
22
118
93
27
106
59
29
33
36
133
131
87
47
125
46
138
34
117
25
138
42
126
117
102
126
139
54
43
125
136
132
130
46
127
23
119
156
121
125
152
151
138
39
73
0
68
82
0
184
76
184
191
62
222
28
67
64
60
176
168
187
165
152
65
191
197
248
203
195
201
190
147
204
246
190
203
206
254
210
207
261
81
256
49
221
172
230
226
225
254
247
67
95
197
97
103
173
182
24
46
192
137
182
110
133
149
138
37
166
60
145
39
6
183
4
45
10
44
124
192
42
41
44
49
5
33
52
45
45
161
8
43
162
41
45
87
163
46
193
198
130
30
6
33
39
0
