151
86
156
152
100
150
68
105
109
114
151
157
100
109
156
98
149
107
152
113
151
108
142
99
143
138
142
106
88
144
132
147
140
96
139
82
104
147
149
148
150
157
156
106
104
102
110
110
99
81
17
84
82
19
75
68
8
56
72
81
92
22
86
90
74
99
12
95
15
16
88
76
15
24
75
13
75
72
84
15
83
17
81
45
63
16
78
87
87
90
13
86
73
10
9
12
14
0
105
43
124
127
34
119
52
52
48
44
120
141
89
30
22
29
142
28
143
65
135
64
103
57
28
115
34
38
45
114
113
115
117
45
34
36
92
39
90
113
33
41
39
42
21
27
71
85
22
96
23
159
94
43
87
42
80
89
82
165
78
58
1
75
1
88
2
74
3
80
2
67
80
85
57
86
0
2
88
92
79
72
0
85
2
78
90
87
80
62
91
80
1
66
0
67
68
2
24
15
25
29
1
29
12
5
11
0
29
33
32
4
27
5
37
6
34
12
36
11
39
29
34
40
33
11
6
38
37
36
36
1
42
8
28
27
31
29
27
28
32
13
28
0
28
25
11
63
26
51
58
4
63
2
3
17
4
62
55
70
2
52
2
60
22
58
25
56
3
56
53
78
77
56
1
2
55
77
62
55
24
54
24
76
52
68
55
57
72
59
1
51
27
70
66
0
1
15
0
1
3
10
0
9
11
1
1
17
7
1
18
1
1
15
18
1
0
1
1
1
20
12
17
8
1
0
23
22
0
0
29
8
17
27
1
1
28
24
25
0
1
1
0
0
0
65
31
66
80
8
77
10
5
8
9
68
69
84
8
72
8
71
11
86
13
79
11
85
75
71
70
73
10
9
82
82
91
87
9
74
3
80
75
85
83
77
67
83
12
69
9
63
60
0
78
31
74
86
33
87
24
82
32
32
113
79
79
58
57
38
80
29
74
39
78
88
77
119
53
127
125
71
98
116
123
79
81
80
119
38
64
100
120
62
77
78
120
35
108
0
112
37
0
91
44
33
85
47
89
14
46
18
55
96
40
97
34
85
68
93
63
43
61
102
63
48
111
56
33
107
65
69
119
108
46
50
69
74
22
83
43
109
108
39
112
54
66
34
0
35
42
22
53
33
71
125
23
75
36
11
60
9
63
126
60
65
133
7
123
44
126
60
126
63
118
61
64
117
121
55
10
125
124
126
127
50
63
12
93
63
98
114
117
112
113
10
57
0
53
54
0
84
59
63
93
30
63
19
16
16
32
88
81
60
11
78
20
82
11
72
13
76
17
88
80
84
92
84
13
13
81
84
62
80
10
83
7
77
80
86
61
78
81
81
21
61
4
60
62
5
28
18
9
38
19
5
17
13
22
25
15
25
11
12
20
18
15
15
25
16
24
19
19
17
31
16
20
9
18
30
27
28
30
28
19
13
35
28
16
38
36
11
37
11
6
13
7
7
12
85
21
74
62
14
87
8
14
16
19
77
81
70
11
90
8
81
18
67
9
79
16
81
62
57
66
67
11
16
73
70
70
71
14
66
6
69
75
70
62
77
78
74
13
53
0
55
53
0
59
29
58
64
16
96
7
18
15
16
63
61
73
79
59
22
70
85
116
89
74
91
68
55
73
108
73
91
95
117
79
77
110
31
119
20
87
66
86
91
107
118
116
30
44
90
42
42
82
53
6
10
56
57
57
48
47
46
57
7
57
16
51
11
0
61
1
13
1
9
43
64
13
10
14
11
3
9
12
14
13
53
3
13
47
11
10
18
56
13
61
52
53
4
2
9
5
0
