207
100
207
212
129
213
88
133
136
131
213
221
118
123
202
112
218
124
206
117
209
131
193
119
204
199
208
112
110
194
205
207
197
121
187
102
107
188
187
185
195
194
195
120
120
110
122
124
116
107
17
109
109
21
108
70
13
57
77
120
119
51
86
119
65
118
31
122
17
29
92
125
35
52
118
29
90
82
133
36
125
33
79
84
67
42
97
129
130
126
36
134
92
23
18
25
26
0
145
63
149
158
57
147
67
55
58
61
156
180
93
55
45
51
182
48
179
89
174
72
163
84
54
160
53
61
76
155
161
166
161
53
53
52
114
54
101
143
51
55
58
43
40
38
99
105
40
118
43
164
109
64
65
44
84
76
81
162
75
69
1
83
1
98
2
71
5
89
6
93
76
98
68
105
1
6
120
112
76
106
10
80
1
73
106
74
81
88
110
80
1
60
0
65
65
0
86
40
86
83
17
84
20
14
24
8
86
95
66
17
57
12
84
24
91
23
87
23
86
48
73
71
87
27
16
89
80
83
79
21
74
18
79
57
104
100
101
104
95
22
52
0
48
50
22
78
100
41
108
21
65
11
21
24
20
115
102
82
12
61
7
102
26
109
32
99
15
97
50
79
72
94
16
6
95
75
99
99
26
82
27
80
43
73
90
86
79
82
10
44
29
63
62
0
2
20
2
1
7
9
3
12
15
4
2
48
14
3
48
3
5
25
42
2
3
2
5
3
44
29
38
23
4
2
46
51
2
2
53
15
36
58
2
3
55
55
49
4
3
5
3
4
0
79
38
56
84
26
77
21
19
28
25
48
64
75
23
48
29
60
32
83
29
92
26
88
60
50
48
80
28
36
98
86
84
80
28
54
20
81
64
80
76
80
55
72
31
52
31
45
45
0
87
41
77
94
24
93
21
86
21
23
127
117
91
73
53
23
91
23
96
27
96
98
87
127
48
125
140
84
99
131
133
84
97
94
138
18
70
123
133
70
96
89
137
20
125
0
131
65
0
77
54
41
80
37
69
27
30
30
31
74
57
71
14
77
39
76
38
52
32
77
36
52
66
45
64
72
28
25
70
76
58
58
27
58
35
53
56
74
73
54
70
64
27
40
0
37
56
31
89
45
107
109
18
69
16
33
27
28
108
109
72
23
120
32
120
19
105
27
110
28
112
74
98
107
119
25
24
103
101
103
108
30
100
21
109
95
95
111
124
111
122
22
70
0
69
79
0
77
76
55
95
37
61
36
20
24
39
89
85
53
19
87
25
82
15
84
20
82
22
90
78
87
79
81
22
18
87
89
61
93
23
82
18
79
78
84
71
78
85
78
31
55
7
68
64
5
42
30
21
46
21
30
27
24
12
23
36
53
28
28
43
17
37
26
45
19
44
17
42
30
48
31
36
16
17
37
53
52
54
26
33
8
51
44
28
46
47
26
52
18
14
14
24
9
14
57
16
48
28
28
66
20
14
29
31
48
65
31
21
65
16
73
22
50
15
75
28
66
47
49
63
67
16
34
73
72
67
74
38
60
17
50
74
65
53
80
79
57
40
32
0
29
31
0
82
32
79
94
35
113
22
38
39
39
89
73
82
93
59
26
98
93
118
106
94
100
91
52
93
119
91
88
103
119
98
85
112
38
112
17
97
87
103
105
98
114
110
34
38
88
33
36
90
90
15
35
93
62
97
58
65
70
65
23
102
35
76
35
12
103
3
29
11
38
62
94
30
25
32
30
7
23
29
32
27
86
6
37
71
18
31
59
86
30
105
100
74
22
6
21
15
0
