243
106
239
243
120
244
78
123
125
126
238
257
147
117
251
104
257
114
249
117
244
114
261
131
264
257
252
113
106
265
248
258
263
117
261
97
116
258
247
258
260
251
255
114
135
109
134
139
108
114
12
114
115
9
111
98
8
95
98
118
106
24
86
112
75
106
8
107
7
13
84
94
14
26
93
12
86
72
95
14
100
12
94
47
74
22
90
109
101
109
16
109
97
11
6
11
9
0
119
49
128
127
42
131
42
36
41
44
135
123
102
34
32
30
125
36
128
36
126
32
120
86
34
120
35
42
35
126
124
128
133
57
41
44
110
42
110
154
40
42
43
52
32
31
95
99
31
107
33
191
108
48
111
68
105
105
106
193
87
76
0
82
0
82
1
81
0
85
1
72
78
91
62
91
0
2
86
97
86
81
12
95
0
78
108
94
82
86
114
88
0
73
0
72
73
0
52
19
58
57
15
57
13
10
14
11
56
43
46
2
40
4
46
7
42
13
41
15
44
30
43
48
38
14
5
43
42
44
41
5
48
12
43
39
45
45
44
43
41
14
37
0
36
36
13
54
28
30
45
2
51
3
3
15
4
45
48
55
1
36
5
47
19
50
21
48
5
51
37
56
61
54
9
8
50
59
55
54
24
52
25
61
41
58
49
50
65
51
6
34
20
50
49
0
0
11
1
1
3
7
0
6
11
0
1
15
5
0
14
0
0
8
19
0
0
0
0
0
10
10
9
5
0
0
11
13
0
0
14
2
8
15
0
0
14
11
16
0
0
0
0
0
0
15
8
13
20
3
16
5
3
4
4
12
14
13
1
15
2
12
3
15
1
17
3
15
13
11
8
15
4
2
15
15
13
14
2
14
3
18
10
15
13
14
12
14
2
12
3
10
12
0
35
24
34
46
3
42
2
117
2
3
119
59
48
42
43
4
46
4
50
5
48
105
48
128
40
132
132
67
111
140
133
46
42
92
135
6
45
101
126
43
47
46
125
3
128
0
126
36
0
64
46
23
53
11
53
11
8
17
9
50
50
51
4
46
12
52
9
51
10
59
12
53
53
44
50
51
10
8
54
55
54
55
16
47
17
48
45
58
61
49
60
54
17
37
0
37
48
17
76
31
83
102
4
74
6
4
8
4
81
92
75
6
93
4
88
5
88
6
93
7
93
77
90
92
89
2
2
94
101
97
97
11
88
0
93
88
81
98
99
99
97
3
73
0
77
77
0
115
67
95
121
19
90
17
16
14
21
122
111
93
11
113
14
119
16
109
12
126
12
121
118
120
122
126
15
15
118
126
97
119
17
118
14
116
116
119
94
112
118
111
24
101
5
93
93
10
49
16
12
46
37
4
20
18
32
37
24
33
13
22
23
20
23
21
37
17
32
17
19
16
27
20
15
6
15
21
19
23
23
24
15
5
34
29
16
33
35
12
31
6
8
10
11
10
6
34
5
24
12
22
37
14
19
21
21
28
42
24
10
47
12
41
27
25
28
45
27
50
26
23
55
51
10
36
51
46
48
48
40
20
10
19
59
58
25
60
60
23
40
15
0
14
13
0
72
24
80
84
46
103
33
45
45
50
77
49
76
92
28
42
79
104
118
111
77
112
86
28
88
105
83
101
112
111
81
77
115
58
116
11
93
74
92
90
95
103
107
60
20
99
19
21
97
85
5
4
81
79
78
78
79
77
78
5
91
6
89
3
1
97
0
6
0
5
90
106
3
2
6
5
0
5
5
4
4
104
0
5
84
4
4
6
94
4
82
86
77
3
0
3
4
0
