103
53
105
109
60
104
56
66
69
71
110
103
60
68
103
58
103
68
101
68
101
71
111
69
99
103
111
55
57
102
107
107
100
71
115
50
59
123
118
118
119
119
120
69
58
65
55
59
65
84
18
88
86
5
76
79
4
66
81
89
89
17
88
104
85
97
5
87
6
13
87
76
12
18
78
6
70
58
77
12
74
11
66
40
58
12
54
72
70
81
10
77
65
4
5
5
7
0
69
39
86
85
21
88
36
38
39
41
91
84
58
21
18
20
93
20
98
49
90
46
80
34
24
80
26
29
41
89
85
87
89
20
21
23
61
25
49
74
25
26
26
25
19
18
44
48
21
94
24
125
94
27
72
25
49
45
47
126
80
68
0
82
0
80
0
73
0
83
0
62
75
91
70
89
0
2
86
93
76
77
2
85
0
71
97
87
74
77
96
83
0
73
0
72
70
0
20
5
22
20
14
23
3
1
3
11
24
22
13
7
20
13
25
12
23
2
24
4
19
11
12
11
24
4
13
28
24
24
22
10
10
4
19
15
23
18
19
22
19
4
12
0
11
8
5
41
22
38
48
4
42
4
4
7
1
44
45
43
4
39
4
41
7
49
10
47
4
48
40
43
45
49
6
5
48
47
52
54
9
52
11
46
42
46
52
51
46
48
7
38
9
47
48
0
0
13
0
0
0
10
0
10
10
0
0
8
8
0
13
0
0
11
15
0
0
0
0
0
22
16
20
15
0
0
26
21
0
0
19
3
12
18
0
0
14
18
18
0
0
0
0
0
0
29
12
31
35
10
37
2
3
4
5
34
35
40
1
35
5
35
6
40
4
38
5
44
37
36
36
35
9
5
40
38
37
38
7
37
3
41
37
43
43
45
34
40
9
36
6
33
35
0
40
18
45
45
19
45
14
54
19
14
63
59
52
35
33
23
50
20
49
26
54
51
51
71
36
72
66
48
48
72
77
52
53
45
64
23
41
60
67
51
56
56
67
21
71
0
66
34
0
39
23
16
43
22
42
7
22
9
23
43
18
42
8
39
30
47
33
17
28
49
28
24
40
22
25
45
26
23
38
48
25
26
29
30
7
39
25
46
45
21
45
27
25
22
0
21
21
7
34
18
44
65
15
50
21
9
32
11
40
62
37
30
69
11
70
27
67
27
69
31
77
43
43
68
70
31
8
77
76
72
70
37
43
5
54
43
55
73
73
72
77
5
34
0
35
34
0
46
41
27
57
17
30
16
10
6
16
49
45
32
6
42
8
48
8
42
8
41
8
49
44
53
45
48
6
7
51
50
41
48
6
48
5
43
39
52
37
42
51
46
12
41
0
38
30
0
21
9
6
17
14
7
10
9
13
11
12
12
10
10
9
10
11
6
13
9
11
7
9
16
10
11
10
0
7
6
11
7
7
11
6
0
16
8
7
16
12
6
15
4
5
4
8
7
5
35
6
33
27
8
33
5
4
8
6
36
42
26
1
37
4
30
7
30
5
37
6
34
34
30
30
37
2
8
41
38
38
40
9
38
4
36
41
34
36
42
41
36
8
22
0
21
29
0
38
13
38
33
9
55
5
11
11
8
37
33
49
49
34
16
43
55
70
63
39
64
46
35
52
69
51
55
56
79
50
46
75
24
75
11
62
49
63
54
75
79
82
21
22
57
23
24
51
42
6
7
38
33
42
30
34
32
32
4
36
13
30
11
3
33
1
11
2
12
37
51
10
9
9
9
3
7
12
9
11
43
3
10
40
10
11
12
42
11
51
56
42
7
4
7
7
0
