429
200
434
422
310
437
237
343
347
330
420
451
279
328
432
295
438
341
424
322
441
315
413
271
410
427
413
324
281
401
429
424
416
320
418
282
276
429
440
429
427
449
437
319
271
304
266
274
286
266
68
299
293
76
281
235
61
185
254
297
288
114
258
294
202
295
86
303
58
100
261
287
96
107
304
64
245
217
311
96
312
99
222
157
184
100
232
295
293
293
76
294
242
68
59
63
72
0
306
139
345
337
170
350
105
116
110
111
358
355
244
145
126
140
370
144
372
153
379
118
370
235
168
396
151
166
164
383
389
387
389
121
152
160
305
147
207
354
155
159
161
111
116
119
251
238
113
338
131
460
324
129
185
80
173
179
195
478
270
188
5
289
5
318
8
190
8
284
8
235
249
269
226
296
7
8
291
310
249
263
6
248
3
226
274
257
232
215
266
241
4
197
0
188
203
3
105
62
117
113
15
120
49
35
56
16
119
111
145
13
102
16
121
17
129
57
125
63
132
105
131
140
133
68
25
131
133
133
137
21
156
52
132
114
136
141
132
135
144
59
89
0
89
92
54
157
137
71
153
15
132
7
15
72
13
145
136
160
6
100
3
134
76
158
83
144
5
134
97
154
164
133
5
5
129
164
130
138
77
140
78
157
89
159
150
144
170
144
9
81
75
149
155
0
4
66
8
5
11
42
4
44
48
3
8
89
33
2
82
2
3
52
84
4
8
5
6
3
87
62
85
47
4
3
91
103
8
3
89
15
79
98
5
3
97
102
84
4
6
5
4
6
0
108
59
79
116
27
117
29
18
32
29
89
101
110
24
85
27
92
36
112
38
113
36
102
96
84
79
104
37
32
110
113
119
108
33
95
24
119
100
129
122
122
84
119
35
90
33
77
69
0
180
89
171
175
45
179
40
253
50
49
255
232
168
208
138
41
186
41
170
46
175
260
180
303
141
282
300
249
260
305
309
175
174
235
284
36
163
281
304
148
188
174
294
39
288
0
272
115
0
213
136
103
195
74
215
49
63
69
67
198
132
204
57
177
73
206
85
126
82
215
80
143
218
139
126
204
76
75
198
221
161
143
69
181
73
138
146
205
193
134
201
154
57
110
0
100
138
75
159
90
173
197
35
115
16
24
46
18
176
212
134
51
221
34
203
41
205
57
206
56
180
145
172
202
213
59
30
210
207
208
213
53
175
30
205
161
164
244
252
231
238
33
121
0
126
137
0
222
169
117
196
38
168
29
71
67
37
191
175
146
77
174
35
210
75
182
31
231
36
265
234
250
261
253
84
85
175
245
141
174
84
220
67
216
198
173
125
209
181
187
38
151
17
142
141
21
108
59
43
106
80
36
50
60
62
82
69
105
44
63
61
52
70
60
101
60
99
62
73
52
115
58
63
44
47
92
118
109
111
87
54
17
110
88
49
117
116
43
118
42
25
30
48
24
31
125
44
103
70
47
140
48
43
53
55
111
118
66
37
126
33
136
54
112
35
142
53
119
111
78
131
132
38
57
122
128
125
124
68
110
23
87
143
108
119
139
140
129
66
76
0
72
69
0
189
89
200
195
56
263
19
50
50
56
199
202
193
193
117
61
205
235
273
258
204
272
191
113
200
284
191
249
276
288
212
199
295
63
303
31
222
137
213
203
258
298
296
60
89
242
89
88
255
148
19
33
141
136
153
115
136
126
140
19
182
37
139
33
6
175
6
23
9
32
114
176
31
30
34
34
11
36
36
35
34
151
8
34
153
28
39
66
168
34
188
188
132
25
7
25
18
0
