384
187
396
405
256
395
181
278
279
282
400
387
210
275
385
232
384
264
375
256
375
255
381
219
386
392
378
251
220
368
378
383
373
249
393
212
222
407
414
398
411
404
398
263
195
235
196
198
219
276
56
268
266
82
272
206
55
143
205
269
261
97
209
278
179
273
88
268
51
104
213
281
87
92
283
62
229
189
279
86
285
91
214
163
152
83
167
259
266
262
44
261
223
40
40
47
42
0
225
96
246
239
126
260
74
70
62
67
247
254
185
105
96
109
259
112
270
65
254
52
265
166
125
261
120
127
64
265
256
261
269
46
117
122
244
122
174
252
118
123
115
47
96
99
195
194
83
261
119
326
251
63
149
55
102
106
101
357
233
192
3
227
2
244
5
172
2
225
6
212
218
214
189
253
1
3
242
248
228
229
3
235
2
207
242
234
205
200
253
229
2
158
0
157
156
1
109
58
115
111
27
123
52
35
60
19
121
112
114
14
92
17
115
25
116
53
127
54
123
86
107
117
129
58
35
127
113
127
127
32
120
47
120
89
115
120
127
127
124
48
58
0
58
63
53
111
86
50
108
7
104
14
15
53
8
107
106
116
16
78
11
110
66
114
73
110
16
105
77
121
109
105
12
15
110
126
110
112
61
115
59
120
74
110
111
113
125
123
17
52
63
86
91
0
7
97
6
6
20
83
4
84
87
5
6
116
55
4
123
4
5
64
113
4
8
5
8
7
108
87
97
51
5
6
110
112
5
3
111
23
88
114
9
9
126
111
117
6
6
5
4
3
0
104
42
56
102
29
98
38
28
37
41
62
70
93
30
72
39
92
39
108
38
115
35
94
75
62
88
109
35
48
104
105
110
108
45
65
27
102
95
110
110
106
56
109
55
61
34
55
51
0
157
82
157
176
35
173
41
162
37
46
177
178
173
140
131
49
175
38
185
50
164
175
192
223
125
208
229
187
200
230
242
180
195
184
226
58
154
221
232
142
181
193
220
39
199
0
206
116
0
183
121
95
167
55
178
42
43
61
54
179
120
167
26
132
51
171
58
121
61
185
67
135
179
120
132
180
50
48
207
185
142
139
57
158
69
124
145
180
171
135
188
142
48
86
0
104
129
60
119
60
138
148
23
83
19
45
42
33
132
146
85
39
133
39
131
25
139
34
140
30
155
89
134
155
153
34
40
159
161
175
170
43
135
34
157
121
122
164
164
150
165
38
88
0
78
89
0
134
84
53
92
24
86
22
64
63
27
90
99
70
75
90
32
128
58
90
25
132
28
148
128
163
157
159
77
59
103
157
85
107
70
131
56
118
119
101
70
118
98
118
35
66
21
66
62
20
84
53
28
93
70
23
50
51
44
65
56
75
36
44
63
51
57
45
70
59
64
56
63
53
78
58
60
19
45
64
71
84
72
55
50
12
85
60
39
94
82
45
89
31
18
26
29
15
24
91
42
100
66
34
100
39
33
36
50
97
96
56
42
99
42
93
38
102
28
103
37
111
103
58
111
106
34
47
111
111
121
113
34
88
17
71
109
66
103
110
111
102
39
38
0
33
40
0
124
60
137
137
40
183
16
39
45
41
132
141
134
142
80
43
126
162
204
183
134
178
139
67
140
203
147
153
180
205
134
137
222
51
193
26
143
100
140
151
176
217
217
44
68
167
59
64
153
128
23
44
131
98
127
62
89
84
87
29
131
46
104
47
11
148
7
47
17
47
69
152
45
37
46
41
8
37
47
41
48
111
9
46
99
36
44
68
111
43
135
139
89
35
6
38
34
0
