549
258
569
561
325
564
185
343
356
347
575
535
261
326
550
240
540
321
550
313
543
308
538
265
541
539
559
309
247
512
549
543
534
319
506
259
277
531
531
513
531
514
538
319
252
261
272
267
251
378
85
383
382
90
368
278
46
149
272
377
366
110
295
361
203
374
88
378
60
130
301
377
127
127
377
80
303
225
390
111
393
124
260
252
183
123
229
348
355
356
81
346
272
47
28
47
44
0
299
167
329
335
148
354
87
80
80
80
359
329
223
130
101
111
337
128
361
107
359
89
325
202
138
351
138
138
103
359
364
353
349
75
114
125
308
129
224
310
112
120
134
61
81
80
255
254
70
323
197
426
346
93
177
65
136
128
136
449
301
260
6
303
0
369
11
236
8
307
13
309
281
319
264
350
7
9
370
366
297
316
9
304
5
279
337
297
255
286
343
293
5
199
0
176
197
0
160
56
158
169
77
164
40
23
43
55
165
160
97
50
108
55
168
78
164
40
167
43
164
95
100
97
166
42
89
181
171
161
165
94
106
35
149
140
177
179
170
178
178
50
62
0
60
55
39
124
152
77
168
36
113
26
29
43
38
169
154
138
19
109
23
150
56
152
62
157
30
144
97
137
127
155
30
25
162
137
159
156
50
163
56
134
107
129
160
156
137
167
18
67
47
111
102
0
9
124
11
8
24
109
6
107
117
6
13
158
51
7
154
4
11
57
166
9
12
5
8
7
137
103
136
36
7
9
148
146
10
7
136
17
94
129
11
10
130
129
130
8
10
6
4
9
0
150
70
103
147
35
156
46
38
47
52
99
105
133
35
92
39
106
48
152
52
154
54
160
118
96
105
149
54
65
151
154
164
167
43
103
38
145
118
149
163
157
101
142
47
98
45
92
97
0
203
101
222
229
68
227
70
187
71
70
195
190
207
157
146
69
224
66
213
67
225
189
213
241
161
231
266
212
218
259
259
216
223
217
253
47
212
248
248
183
212
203
241
47
242
0
251
157
0
178
110
82
168
77
177
41
69
50
76
164
106
171
59
162
81
180
86
119
83
179
88
119
163
125
117
190
86
85
185
173
117
122
61
151
54
158
111
173
161
122
174
114
64
93
0
84
112
60
131
59
151
168
37
112
35
38
61
40
154
192
124
65
185
41
188
32
181
67
181
58
173
132
154
180
179
56
50
187
168
180
194
50
160
44
174
154
159
194
192
203
198
49
133
0
117
126
0
171
81
64
102
29
98
21
89
85
35
112
113
89
101
115
28
176
95
112
22
176
27
189
178
195
192
171
97
86
123
175
101
124
79
157
62
151
143
121
94
126
127
121
31
69
21
75
68
24
99
56
35
95
54
27
44
44
42
60
64
86
48
50
77
45
61
32
80
44
94
46
71
66
97
65
61
46
44
76
90
99
96
55
58
22
86
73
57
88
90
61
80
23
31
30
41
29
26
116
29
96
71
40
100
44
18
37
37
93
129
70
36
131
34
120
47
103
33
120
40
134
103
92
125
137
35
50
124
129
126
120
62
102
32
97
135
116
106
144
125
109
53
62
0
55
66
0
162
69
176
171
68
231
30
65
63
64
185
165
175
182
127
73
191
191
247
216
171
206
176
130
188
275
184
196
210
258
189
204
265
67
263
39
189
122
197
201
235
269
279
60
104
205
98
98
212
150
39
56
166
120
162
83
116
116
115
31
175
55
135
55
16
178
11
48
16
54
101
163
49
48
57
56
17
49
52
63
51
152
14
57
140
47
60
89
159
50
182
193
114
43
18
41
40
0
