316
157
325
309
249
322
169
252
260
261
302
333
197
245
306
207
339
252
317
246
331
255
332
181
347
344
350
247
189
344
344
341
334
235
334
206
202
330
325
335
329
334
332
242
195
221
194
201
213
211
60
219
224
56
223
159
46
106
149
224
231
119
151
237
140
246
63
228
52
93
150
219
89
112
236
69
163
127
226
91
238
85
133
140
112
97
151
214
202
208
78
218
150
63
42
64
63
0
223
114
259
252
144
257
65
69
61
55
258
251
191
131
117
126
273
132
285
82
273
67
250
177
131
273
142
141
95
259
271
284
285
88
131
141
248
140
175
269
139
146
139
74
111
102
213
213
106
225
112
304
231
105
93
66
131
138
139
324
197
164
3
195
5
232
17
161
9
187
18
188
185
207
157
230
4
12
229
242
189
212
26
188
3
179
239
176
160
200
241
193
5
116
0
95
116
2
156
66
156
148
33
150
41
34
54
25
156
168
140
32
120
38
182
52
179
36
179
60
151
114
127
118
165
52
45
165
167
155
167
41
138
53
168
130
175
160
167
164
172
50
91
0
75
89
55
131
145
71
151
26
125
16
22
72
26
143
143
128
23
118
20
141
71
153
74
142
31
134
108
128
129
132
22
18
141
135
137
147
74
151
70
142
109
135
158
160
134
156
36
45
75
111
104
0
11
124
11
9
23
84
8
87
92
5
10
131
87
5
157
9
10
98
154
7
13
9
12
14
163
126
152
78
8
12
167
163
13
6
173
37
128
160
14
9
159
161
161
8
8
9
3
8
0
155
55
109
161
64
152
68
44
64
63
115
120
148
47
107
59
121
62
150
62
154
65
150
113
93
104
142
75
69
149
148
146
161
59
113
39
152
127
163
157
157
104
160
67
104
85
92
87
0
141
59
125
135
30
147
37
194
35
35
192
203
137
163
104
33
141
27
142
33
132
197
132
220
112
193
230
188
195
227
226
146
142
182
218
24
128
190
215
111
132
133
212
24
217
0
208
89
0
152
117
88
140
40
153
48
38
66
40
138
120
126
42
117
43
148
55
104
56
146
57
121
138
102
116
147
47
41
156
141
117
127
46
135
84
121
122
151
142
123
154
134
37
83
0
80
128
69
151
55
148
112
20
54
10
78
26
72
147
123
62
27
111
84
116
22
114
26
116
33
124
95
154
129
120
42
84
140
137
136
138
37
137
74
126
151
112
138
133
138
131
72
70
0
65
68
0
165
99
75
122
31
104
19
73
58
29
128
129
92
71
129
39
167
61
138
20
160
34
169
158
182
185
187
61
57
129
169
115
136
52
147
54
142
143
128
98
137
128
141
37
88
22
90
84
17
77
67
38
86
49
48
57
53
40
55
73
88
55
54
79
52
66
38
86
54
91
55
67
63
84
74
67
36
51
62
76
86
80
64
63
22
90
65
46
93
91
55
86
40
33
29
42
28
26
105
36
78
62
47
115
45
35
47
56
86
100
56
43
100
45
102
46
85
27
109
48
98
83
46
105
112
50
47
101
99
114
102
45
93
24
71
112
61
100
102
109
105
48
43
0
44
43
0
148
59
147
149
43
180
24
45
42
47
149
154
142
160
84
52
145
195
204
193
143
210
155
100
144
220
139
173
198
220
154
141
243
40
215
22
161
112
152
157
201
222
212
43
74
191
78
74
169
131
38
95
141
65
152
42
70
74
71
66
134
57
76
89
37
157
16
86
34
95
53
153
90
80
94
91
33
39
95
99
106
113
37
93
90
87
96
127
112
92
155
174
59
68
21
70
69
0
