576
258
622
600
376
605
250
385
385
395
610
579
294
379
576
283
565
374
573
362
572
361
543
286
520
537
545
359
278
529
530
544
550
331
491
297
326
499
511
499
492
531
511
340
279
292
295
302
299
306
68
327
325
76
337
254
41
196
261
333
345
118
288
361
237
356
87
362
54
110
296
360
124
140
381
76
296
253
366
117
375
113
255
215
196
110
234
321
342
332
68
333
258
43
37
41
46
0
333
173
375
375
169
396
114
114
126
114
383
414
250
152
131
149
402
160
439
158
427
113
376
236
155
389
166
166
126
413
405
394
394
98
139
163
345
162
277
389
158
153
156
79
108
102
283
292
96
369
205
488
376
128
210
94
186
186
190
514
309
254
7
324
4
363
13
239
6
335
17
326
288
327
255
354
9
15
353
357
289
328
15
287
3
271
348
307
266
281
340
286
5
201
0
173
200
3
140
65
157
151
60
159
49
28
50
48
157
164
93
39
120
39
158
62
161
48
164
51
170
102
101
109
181
51
70
166
172
171
174
48
112
45
138
114
159
148
150
148
162
45
67
0
68
72
51
158
170
93
177
18
148
14
20
51
21
173
180
152
28
126
16
168
65
179
65
180
30
187
114
170
158
189
31
19
177
175
188
186
73
179
67
176
132
174
181
188
173
181
22
81
71
149
146
0
4
89
6
5
17
69
3
74
79
1
9
109
52
3
116
3
6
60
116
2
5
5
7
5
85
84
88
36
6
4
105
116
7
3
131
25
90
132
4
6
141
141
123
6
4
4
3
5
0
148
68
92
156
40
151
50
35
49
52
92
105
139
38
94
49
125
66
151
56
148
64
147
106
105
88
144
50
73
146
149
144
145
61
101
29
167
136
171
165
169
91
170
61
89
39
91
77
0
184
115
209
199
66
205
50
266
64
65
261
248
183
215
158
44
207
46
200
46
200
290
203
315
170
302
326
277
292
329
311
197
184
265
288
41
162
275
316
172
190
194
310
36
282
0
287
137
0
172
108
69
159
68
163
50
66
72
83
188
103
154
38
150
74
173
85
102
79
176
90
109
180
131
109
178
83
90
191
184
118
116
89
155
76
137
120
189
182
117
184
120
71
87
0
77
104
78
145
81
158
187
32
113
33
47
60
44
161
191
127
46
178
40
192
37
197
46
193
48
190
140
159
193
190
50
42
176
197
189
191
61
184
38
193
165
145
191
208
204
200
43
122
0
113
125
0
234
107
118
154
35
132
17
100
95
25
161
156
119
108
147
27
232
99
157
17
240
20
250
234
247
242
228
93
85
176
235
137
165
82
214
68
212
219
168
148
199
177
198
18
137
28
134
131
29
69
65
28
75
38
33
52
57
23
35
72
79
47
44
77
57
80
36
81
63
69
60
81
72
77
86
68
26
41
63
64
82
70
55
67
27
91
76
56
78
72
52
83
31
16
21
36
16
26
115
25
115
73
37
127
39
23
36
38
113
139
87
31
140
32
139
36
101
26
162
41
127
101
95
125
141
44
44
130
125
128
136
47
97
26
93
129
106
100
140
134
96
49
70
0
65
74
0
179
80
174
186
51
252
26
55
58
61
185
172
188
215
136
58
190
240
292
254
185
276
198
111
194
311
192
251
267
290
208
196
320
81
300
32
205
140
208
215
255
304
306
69
93
253
93
87
248
174
39
62
181
124
183
105
126
127
122
36
176
56
121
58
17
185
6
56
15
54
107
185
58
55
52
56
14
49
56
55
53
155
11
55
153
44
63
110
161
57
202
201
119
53
11
45
47
0
