195
92
193
189
148
191
91
150
149
151
192
194
126
147
196
132
190
144
196
149
192
138
194
123
206
197
200
135
116
213
187
197
207
141
207
112
121
200
208
210
201
206
200
140
131
129
121
131
130
127
29
121
121
20
120
107
15
90
107
125
123
42
112
134
106
136
21
129
19
22
115
140
27
38
147
20
120
110
136
26
142
28
129
55
106
27
130
142
151
149
18
145
129
19
14
20
16
0
172
52
186
194
54
199
86
80
85
94
199
201
123
45
36
37
213
43
219
101
218
94
185
100
44
207
46
45
92
199
204
215
211
56
42
47
128
47
107
167
53
46
53
48
41
40
127
114
41
147
41
212
151
58
105
57
93
103
104
212
108
76
1
118
2
128
7
99
5
119
10
88
109
122
91
132
3
6
128
130
116
106
2
104
1
105
123
117
106
92
118
106
0
95
0
94
96
0
42
19
46
46
5
43
25
14
28
4
48
39
52
2
40
4
42
2
42
23
42
26
43
38
45
56
46
24
6
46
47
42
52
7
58
23
40
39
45
51
50
46
49
20
33
0
37
35
27
96
37
76
91
1
92
3
3
24
2
87
89
98
3
80
1
89
22
87
29
94
3
92
79
102
99
97
3
3
98
102
94
91
28
98
27
107
81
99
93
95
112
89
3
77
26
97
93
0
0
23
0
0
1
15
0
14
10
0
0
31
16
0
35
0
0
26
33
0
0
0
0
0
40
25
36
14
0
0
40
39
1
0
52
6
36
48
0
0
54
49
51
0
0
0
0
0
0
38
15
19
37
7
41
4
3
7
6
21
23
28
8
24
13
24
11
31
10
34
11
41
23
18
21
38
8
20
41
44
41
45
17
19
10
35
27
40
42
39
16
39
15
20
6
18
17
0
66
23
70
71
20
67
12
115
27
25
130
80
67
58
38
16
69
11
73
13
68
109
55
142
37
139
145
98
132
145
143
58
56
104
133
9
46
101
137
40
50
57
141
7
140
0
128
40
0
42
42
29
50
16
51
19
17
24
14
51
47
51
12
35
8
46
15
40
19
46
13
43
49
38
43
31
13
14
54
43
44
49
18
45
28
38
48
57
48
45
59
53
19
30
0
29
46
22
51
28
51
64
12
42
11
11
14
11
50
63
38
17
64
12
67
11
68
20
64
17
66
44
49
70
72
14
10
67
69
65
68
16
59
12
60
47
54
63
72
64
76
10
44
0
50
49
0
119
62
92
115
19
85
11
20
20
16
117
112
99
16
109
15
109
17
111
16
116
21
106
115
114
125
119
16
14
107
116
94
114
16
120
11
106
108
107
97
113
108
107
19
85
3
92
92
3
34
20
13
34
18
14
21
24
13
20
22
30
12
22
25
21
22
11
31
26
26
21
22
25
36
25
23
11
21
28
33
35
36
23
24
10
27
30
13
37
33
27
32
19
11
19
19
15
14
37
10
28
20
15
44
17
12
25
18
32
42
10
16
42
16
42
26
29
11
44
22
46
32
24
49
43
14
27
48
47
51
48
31
33
10
24
56
40
31
49
50
35
34
16
0
16
17
0
60
27
57
57
20
131
8
19
22
21
57
67
58
102
42
18
59
116
137
133
65
126
67
38
72
126
75
117
118
135
68
67
149
26
133
13
74
49
79
79
122
136
135
24
35
112
30
32
111
50
6
12
55
40
53
41
39
40
44
4
53
11
46
12
5
51
1
6
6
12
33
76
14
7
12
15
2
15
12
13
12
69
1
7
71
13
9
23
71
12
78
84
65
9
1
7
8
0
