460
232
476
481
343
439
237
368
361
366
484
485
281
373
495
283
481
368
494
363
493
348
465
266
470
466
497
349
288
475
476
465
487
357
490
281
296
484
484
473
491
490
503
361
279
303
256
285
297
276
76
303
304
87
309
212
57
155
212
310
289
139
215
319
165
322
77
318
62
124
210
296
116
143
323
96
229
169
322
120
333
116
210
217
142
113
214
283
280
279
93
298
201
92
70
77
90
0
328
153
353
356
204
362
96
89
91
103
363
365
256
193
156
165
341
199
378
101
363
68
361
244
182
374
177
200
91
381
381
383
382
75
175
188
348
205
258
355
190
198
202
52
152
159
305
309
152
280
154
419
288
137
155
97
181
188
190
422
234
202
3
236
1
294
18
195
18
228
30
259
222
268
210
308
5
24
308
299
234
286
22
246
2
221
289
248
228
252
299
238
4
156
0
144
165
1
201
84
210
210
58
212
57
41
70
37
206
201
179
48
153
59
211
67
213
54
208
71
209
158
146
172
235
77
71
204
231
230
231
65
185
68
196
177
210
230
221
214
219
58
105
0
99
110
72
157
148
78
170
27
172
25
29
91
31
168
163
162
22
126
20
151
94
156
98
166
32
180
127
186
172
179
37
31
179
171
179
176
99
190
93
176
129
174
196
184
192
180
42
75
91
151
146
0
9
165
15
10
35
137
6
126
129
8
14
194
107
8
210
7
9
127
208
6
18
9
13
14
191
148
174
98
9
12
197
192
14
4
218
46
160
220
16
14
224
209
222
9
10
7
3
11
0
209
86
153
227
84
219
92
72
100
99
140
147
231
77
143
95
180
116
239
109
238
107
222
138
133
145
224
107
118
232
226
226
205
107
152
65
236
184
237
228
243
107
239
121
133
96
114
125
0
200
96
197
213
77
203
58
229
91
81
242
265
173
194
132
47
194
42
185
55
192
246
171
295
141
280
316
226
272
311
298
170
183
243
277
42
171
273
301
134
174
183
295
36
287
0
269
102
0
209
154
115
180
58
196
64
58
82
60
210
153
206
41
164
77
201
77
144
79
216
83
148
213
146
141
224
72
66
230
220
156
178
77
217
106
171
165
231
227
162
234
178
65
118
0
116
163
106
159
88
181
142
35
87
36
101
53
90
160
143
84
59
148
107
140
39
140
55
151
61
148
101
157
150
143
43
92
138
139
149
146
49
167
87
131
157
125
142
147
153
165
94
69
0
73
77
0
194
162
86
182
58
140
36
73
60
60
186
177
136
67
164
44
207
73
180
35
197
48
214
209
230
231
227
79
69
178
228
141
181
79
208
61
190
200
181
129
190
179
190
43
125
18
112
118
22
131
83
49
131
68
68
72
83
46
74
96
119
68
72
97
74
93
57
120
79
112
67
90
88
120
85
81
36
68
88
122
116
122
89
86
20
132
102
58
134
140
75
139
51
35
46
58
38
42
138
57
122
80
51
154
60
39
61
59
118
148
84
60
150
59
136
64
115
47
139
61
131
120
73
150
154
46
69
143
152
160
149
81
121
29
106
158
91
126
158
150
122
78
65
0
67
63
0
209
96
225
241
69
269
31
66
68
76
219
250
194
198
136
75
227
231
287
266
225
270
217
120
221
295
223
228
248
294
223
220
329
59
298
25
199
137
225
212
268
317
311
50
107
242
107
120
220
168
47
110
172
68
177
37
72
69
71
79
181
92
73
120
25
203
10
106
27
122
53
185
107
102
112
119
36
61
108
105
113
130
28
110
96
96
99
166
156
116
210
200
76
93
18
94
95
0
