290
166
293
279
211
279
149
237
237
228
280
301
202
224
290
194
281
218
291
216
286
208
282
176
286
273
287
206
181
269
271
276
287
203
264
164
168
265
271
270
263
284
274
211
179
201
193
190
200
154
36
158
156
28
162
133
28
106
125
155
152
49
129
154
111
165
28
156
23
33
125
164
30
58
172
28
127
102
160
32
168
33
160
85
143
47
162
189
193
186
33
183
173
23
17
22
17
0
236
96
255
254
87
258
106
99
103
115
264
233
136
75
72
77
236
75
252
102
240
75
211
138
84
234
89
89
89
228
235
214
232
63
72
84
196
83
148
217
80
75
77
58
64
56
157
159
59
190
88
311
202
79
141
75
141
149
138
311
156
117
3
158
1
183
14
131
17
168
25
163
136
168
127
191
2
27
191
195
154
166
27
154
0
124
180
162
131
145
186
152
0
113
0
111
113
1
85
33
85
81
15
79
25
14
24
10
85
86
74
9
62
12
84
17
83
20
91
23
82
54
64
71
85
24
20
88
92
92
79
20
72
27
72
65
88
77
77
87
78
23
51
0
41
44
21
121
113
76
122
5
120
6
7
43
6
117
128
136
6
97
10
123
46
126
45
129
11
135
91
131
133
126
11
5
121
132
131
116
43
127
33
130
102
126
118
124
134
129
11
95
48
109
123
0
2
51
4
2
16
46
3
31
39
2
4
78
37
2
79
4
3
42
82
3
4
4
5
3
83
69
75
34
3
5
79
88
4
3
66
13
46
65
3
3
65
63
69
3
1
3
1
1
0
100
52
73
98
38
106
40
25
41
45
66
81
95
33
64
34
80
45
90
45
84
35
92
69
66
50
97
56
49
98
106
98
104
56
76
16
115
94
123
131
126
55
123
62
65
46
70
60
0
132
54
132
133
52
138
56
173
53
55
194
170
129
130
72
47
125
39
126
42
132
155
122
214
68
200
222
157
192
228
224
118
127
167
204
59
99
175
210
107
131
132
224
48
203
0
203
76
0
113
63
42
120
62
124
27
58
36
56
103
63
106
32
102
57
112
61
63
60
124
68
68
101
68
64
106
54
52
119
107
66
66
45
90
40
83
67
106
101
63
101
62
45
54
0
47
60
32
85
34
90
84
10
55
20
39
26
40
89
80
50
25
86
49
80
24
83
23
87
24
78
50
86
82
76
34
48
87
86
77
87
43
92
48
79
83
78
98
93
87
86
42
31
0
34
35
0
168
97
110
154
33
120
25
42
35
37
158
152
133
41
149
20
164
40
148
16
173
20
181
172
179
175
177
29
34
154
173
137
150
30
164
19
161
154
146
137
148
151
143
16
122
12
115
116
12
39
34
15
45
27
17
33
37
22
33
35
44
14
33
37
37
33
18
42
40
36
38
33
30
45
32
34
22
23
36
50
45
51
39
33
10
47
40
24
49
52
29
59
31
10
21
27
15
17
87
36
75
65
30
85
11
19
36
34
86
92
72
13
102
16
103
41
66
22
91
41
99
74
73
101
95
15
43
99
115
100
103
43
77
17
69
106
90
83
117
115
75
47
59
0
56
56
0
121
50
123
123
32
190
11
30
31
26
124
118
113
153
79
25
118
169
224
189
118
187
117
78
120
211
123
173
182
224
131
139
230
25
238
8
112
85
126
128
207
228
228
25
78
184
81
80
181
79
26
57
85
37
86
24
35
38
34
41
104
43
51
63
10
102
8
47
16
60
38
96
55
52
59
56
11
26
52
60
54
86
11
49
59
42
52
83
82
56
111
122
52
46
9
47
40
0
