453
260
467
483
330
485
240
353
369
354
479
476
305
359
489
306
482
366
489
362
486
346
493
293
494
486
493
348
315
499
484
486
494
367
501
309
328
498
495
524
492
513
507
368
293
325
275
283
326
274
86
298
300
69
292
214
55
133
229
311
267
143
207
311
167
291
54
306
58
115
205
304
107
147
316
92
213
183
304
115
331
124
246
234
166
129
241
322
314
329
101
334
224
74
53
73
73
0
123
54
142
137
71
153
36
33
35
36
146
139
108
67
61
60
141
71
146
47
149
33
145
97
71
145
72
81
41
152
149
144
149
33
61
68
120
69
83
137
65
73
71
28
57
53
113
113
49
311
167
448
324
137
214
127
203
218
209
460
279
243
7
278
4
326
19
267
21
279
27
315
304
321
234
345
6
23
354
339
286
310
23
286
4
260
328
284
292
258
337
270
4
181
0
176
191
3
252
105
273
257
92
257
58
38
72
72
269
266
186
84
217
92
291
103
271
64
280
69
246
200
174
201
256
70
92
244
255
235
256
72
185
78
252
207
264
269
244
255
247
66
123
0
119
115
66
55
173
36
178
125
60
127
132
30
129
167
188
52
90
184
134
196
29
206
29
193
153
206
139
62
52
217
178
170
214
70
214
213
28
213
37
68
147
62
217
209
67
214
176
32
32
62
56
0
40
172
37
35
55
130
22
135
141
23
40
224
137
20
235
28
28
149
239
25
36
29
40
35
197
178
186
83
24
35
212
214
41
23
240
60
183
238
37
38
233
240
241
28
28
23
12
26
0
229
88
155
251
79
241
94
69
94
94
151
169
228
68
152
83
186
108
230
95
250
104
236
167
161
171
236
114
92
230
226
221
238
89
175
74
246
208
245
247
237
156
238
92
154
119
136
134
0
209
125
222
226
73
223
57
243
63
71
261
280
225
208
185
85
231
64
240
79
232
252
235
312
185
299
343
247
265
329
327
259
251
237
323
83
224
296
316
218
235
244
329
58
303
0
306
143
0
161
120
95
129
42
143
31
50
52
58
152
116
158
48
112
55
157
68
99
68
176
62
122
153
109
115
144
59
39
146
156
108
138
55
153
53
115
125
177
151
110
167
134
48
72
0
66
100
34
177
92
184
190
31
89
45
106
76
94
193
182
88
68
172
103
189
40
190
65
184
68
168
96
195
166
178
56
100
168
168
185
175
51
182
92
153
169
116
172
173
176
180
107
83
0
88
86
0
231
187
113
217
61
167
47
75
77
62
213
216
138
64
216
63
229
69
200
45
231
60
240
212
254
228
241
70
67
198
236
143
193
65
234
60
198
228
219
145
212
218
216
65
140
19
135
124
14
160
83
70
185
83
85
22
19
47
88
107
170
88
67
92
18
95
36
173
19
159
18
96
88
169
97
82
52
18
105
162
162
160
69
93
22
158
120
94
176
169
95
156
15
78
12
99
89
16
140
47
94
64
89
156
48
68
96
88
99
139
68
46
135
48
148
75
101
55
137
84
146
94
86
152
149
47
78
150
152
152
138
94
108
28
94
144
123
106
152
163
117
90
60
0
54
57
0
217
110
231
215
50
274
14
54
59
60
221
227
210
210
136
59
222
229
284
268
214
268
229
140
226
305
250
219
249
292
229
236
315
43
299
33
237
135
218
223
258
292
316
40
121
244
119
120
238
187
51
105
191
70
182
52
79
82
78
84
186
82
68
122
31
191
17
101
31
122
53
205
121
96
134
112
32
47
111
129
119
145
38
115
119
96
124
156
158
117
195
217
83
91
26
91
84
0
