191
89
204
203
111
200
82
125
126
124
195
191
106
117
191
100
197
122
193
119
186
118
186
97
189
192
187
112
101
183
188
187
186
105
183
92
87
189
194
195
198
201
188
116
102
100
94
94
106
131
24
136
137
24
135
107
19
100
114
142
132
38
111
134
94
131
19
140
18
31
115
130
28
32
130
20
108
101
135
32
129
31
119
73
99
38
117
149
141
150
22
136
115
19
19
23
24
0
121
55
125
130
50
129
52
47
50
55
138
126
79
36
30
37
124
37
128
53
140
42
109
84
41
127
37
37
38
120
120
120
127
27
39
38
89
37
83
109
41
39
42
25
31
29
94
89
32
141
70
206
152
42
89
24
58
65
58
208
137
97
2
144
1
148
4
99
2
140
8
127
124
132
105
146
1
7
147
150
117
135
4
121
0
110
133
123
118
103
135
122
0
94
0
92
93
0
34
17
32
33
14
32
20
16
23
9
33
27
37
2
21
8
27
8
29
26
29
26
33
17
31
30
34
21
12
34
34
34
30
12
35
19
27
21
36
29
31
27
32
23
14
0
13
11
22
55
46
32
50
2
56
3
5
16
4
55
57
61
5
46
9
59
17
65
20
64
12
55
43
63
61
59
5
3
53
61
61
60
17
65
19
64
38
66
57
61
64
66
11
43
21
55
61
0
3
23
1
1
5
17
2
16
18
0
2
24
8
2
22
2
3
3
23
0
2
1
3
2
29
17
22
9
0
2
27
32
2
1
39
6
33
43
3
2
44
43
46
1
2
2
3
1
0
63
28
48
69
16
74
15
12
16
16
42
52
69
10
46
17
55
16
67
18
74
16
64
51
42
38
60
16
15
60
64
63
68
26
50
12
71
56
77
76
75
41
76
28
34
17
33
37
0
98
42
84
89
37
95
32
78
42
36
103
93
102
72
63
45
111
39
104
40
102
94
93
110
64
116
121
89
98
126
125
103
105
83
118
44
86
110
123
83
111
108
114
35
115
0
111
58
0
108
54
39
103
62
103
13
57
16
63
107
52
93
29
79
47
91
53
48
56
93
54
57
89
54
50
89
46
40
91
88
50
56
45
66
20
74
60
88
86
54
94
56
37
35
0
35
48
19
40
22
41
78
18
47
23
18
39
16
39
65
39
38
76
18
74
34
81
43
74
40
69
52
40
84
89
42
16
84
89
90
91
41
57
13
65
58
81
87
92
88
94
13
36
0
36
37
0
81
48
31
66
29
49
22
33
29
27
65
66
48
27
71
23
80
29
71
24
84
23
79
72
91
85
89
31
29
69
73
56
65
23
77
26
60
56
74
49
60
73
58
22
46
7
43
40
6
39
15
4
35
31
9
10
16
27
34
16
25
18
23
15
12
18
17
36
19
27
14
20
20
40
20
22
14
8
31
34
35
27
14
18
12
22
21
14
24
16
13
26
12
8
7
8
8
8
58
9
62
54
3
73
12
3
5
5
68
63
48
15
65
15
62
7
73
3
58
5
55
72
55
59
58
15
9
63
64
62
68
15
62
7
62
66
62
64
56
57
71
10
47
0
51
47
0
59
26
55
61
10
100
2
10
8
8
57
61
64
76
55
12
71
82
108
95
71
88
59
62
67
113
69
88
94
123
73
72
127
18
130
11
80
61
86
79
118
129
134
17
57
82
46
50
94
50
11
20
61
33
63
29
35
39
32
17
52
25
35
21
2
68
1
18
3
23
28
68
15
21
17
15
3
13
18
19
23
51
5
18
47
22
21
39
50
22
67
66
34
21
1
14
20
0
