603
302
605
606
450
611
307
465
462
469
605
644
376
429
620
358
664
446
628
446
638
433
592
385
607
597
610
402
366
610
591
601
597
420
628
393
409
610
626
641
638
629
636
422
385
389
354
373
380
351
85
369
356
85
348
261
63
193
269
352
392
180
303
402
255
379
96
396
76
120
316
381
133
160
386
108
294
245
393
130
386
139
316
249
236
134
322
426
406
409
104
400
324
82
65
88
84
0
469
222
502
498
201
501
178
168
156
175
513
455
321
197
162
185
481
184
498
173
508
120
487
270
199
491
193
196
202
496
511
517
522
150
193
213
410
218
313
480
210
218
218
130
151
145
362
365
140
384
184
546
409
173
247
109
220
232
233
595
344
300
9
355
4
399
26
270
25
353
46
367
320
377
285
412
7
30
428
438
347
391
24
348
3
317
388
347
317
340
400
343
8
229
0
215
235
5
207
97
228
221
55
218
72
56
97
40
226
219
201
42
181
50
236
63
233
71
242
77
226
172
195
190
240
87
64
233
244
232
233
49
219
82
220
183
239
253
237
236
230
72
118
0
109
124
79
232
235
138
265
26
210
16
27
88
27
257
263
228
17
182
19
239
95
279
103
271
28
257
181
233
227
259
24
14
259
251
258
265
110
231
93
258
184
235
250
253
249
235
14
133
101
213
210
0
10
167
13
12
29
127
8
122
139
7
12
205
80
8
220
5
8
125
215
6
9
2
8
9
154
138
139
44
4
8
174
169
11
6
150
14
107
142
11
9
153
143
157
5
5
6
3
8
0
161
70
108
164
54
171
58
32
58
62
97
105
158
38
101
45
137
68
174
68
177
72
167
111
99
88
155
68
59
158
166
167
159
64
119
32
167
131
170
175
172
90
172
67
111
69
101
90
0
238
141
251
259
63
252
63
304
62
66
334
328
243
247
177
66
261
48
259
55
251
325
261
380
175
349
400
323
366
384
408
251
268
339
397
83
245
357
384
211
270
273
397
63
344
0
359
163
0
260
178
133
261
109
274
89
86
99
107
273
189
234
66
210
101
244
119
180
118
290
121
174
254
147
165
251
127
106
272
249
189
181
92
218
118
189
193
250
243
168
249
199
85
129
0
132
178
99
240
120
256
257
42
155
25
74
66
69
264
248
144
43
248
68
255
31
251
53
252
46
255
171
230
258
252
56
66
260
249
254
249
66
235
69
244
238
203
271
259
266
277
69
163
0
162
172
0
290
177
134
235
54
220
30
106
105
43
219
213
163
103
216
52
286
106
219
29
281
42
308
268
304
300
294
100
92
219
282
155
217
91
266
78
250
245
214
156
242
234
231
44
177
24
166
152
21
124
91
38
125
74
63
82
86
65
70
105
120
58
85
99
81
98
60
110
83
115
73
101
75
125
88
88
47
64
99
124
110
125
91
96
31
129
90
72
125
132
85
121
54
31
46
64
36
42
187
64
156
115
62
180
66
51
74
74
170
205
93
60
191
58
189
76
169
59
229
72
194
149
104
195
202
52
79
196
184
195
201
77
168
34
119
208
132
160
205
203
161
85
118
0
103
102
0
259
116
275
272
85
323
38
93
89
85
262
253
249
280
156
74
275
324
394
346
262
338
265
151
264
383
260
334
353
379
267
267
385
83
374
46
257
184
255
267
327
381
362
82
110
300
122
124
317
234
47
74
238
180
233
124
171
179
172
59
244
83
177
79
17
253
10
72
20
80
165
284
78
69
94
77
21
71
82
84
82
220
12
77
182
79
78
152
215
76
273
267
161
61
10
66
61
0
