86
28
89
83
65
75
40
63
65
66
88
80
49
62
79
48
79
59
84
61
72
57
88
53
79
70
77
58
41
85
81
79
77
55
78
47
62
72
82
77
72
80
76
53
49
52
42
45
51
45
11
54
46
14
57
38
9
25
43
54
57
30
42
58
28
63
13
62
13
25
49
55
20
32
48
18
37
34
61
18
57
17
36
51
24
28
38
59
53
66
23
55
34
16
8
17
17
0
64
32
72
69
34
72
22
21
18
19
66
57
40
26
28
29
62
28
63
18
67
18
50
47
31
53
27
30
16
61
64
60
67
10
23
29
55
29
42
54
29
33
28
9
25
22
46
46
19
42
23
70
45
17
31
21
34
34
36
68
46
38
1
48
0
42
4
37
3
44
5
45
47
46
40
45
1
4
53
44
44
43
4
42
1
41
53
43
38
49
51
42
1
28
0
30
33
1
34
19
34
33
18
33
6
6
12
13
40
33
27
13
27
14
32
21
33
11
36
13
37
27
24
25
38
14
19
41
37
35
38
15
31
14
37
33
39
36
38
37
35
15
16
0
16
16
13
28
23
9
24
10
19
8
12
17
10
21
21
26
9
26
6
20
16
23
19
23
8
20
21
22
24
22
9
11
24
27
24
26
20
27
16
31
27
26
29
24
26
21
10
9
16
27
24
0
11
38
12
5
22
35
11
31
27
8
13
47
39
7
45
11
11
24
55
7
16
10
8
16
44
45
44
23
12
8
50
51
15
10
50
19
43
48
11
15
44
46
53
8
17
11
8
14
0
33
10
16
36
6
35
17
16
15
19
16
18
33
20
18
21
32
25
37
23
37
19
41
22
21
34
36
13
22
33
33
34
34
142463
24
14
30
31
36
37
32
20
37
20
21
12
16
17
0
43
23
49
49
17
60
12
66
15
20
110
80
46
65
46
16
48
18
45
21
54
102
48
122
47
106
110
85
99
111
106
61
48
84
118
17
39
101
108
51
50
37
93
14
96
0
95
33
0
46
34
20
52
19
47
22
21
24
26
52
33
43
10
43
20
44
23
31
22
45
23
30
49
40
35
52
21
23
46
51
43
46
22
41
26
39
36
50
40
37
58
45
17
20
0
15
40
20
56
25
77
70
8
37
12
11
28
6
64
77
57
21
71
10
80
12
81
14
76
23
80
65
73
76
78
20
10
91
74
86
84
17
67
11
79
56
68
88
84
93
92
17
49
0
45
50
0
72
72
46
100
17
70
16
8
7
15
80
86
65
12
113
18
89
12
95
12
83
17
86
105
90
89
77
13
11
74
115
72
88
13
81
7
71
95
85
70
70
77
109
9
62
1
74
63
1
44
30
31
44
24
33
12
14
12
22
40
49
35
18
32
9
39
10
41
13
47
9
31
32
51
33
31
9
16
30
46
46
36
20
34
7
40
36
28
52
44
25
45
9
25
4
31
23
9
48
13
28
28
16
40
24
19
16
22
31
44
17
21
51
20
41
25
35
10
35
21
41
31
21
42
44
14
17
37
44
41
38
14
28
6
32
44
37
32
55
57
35
24
18
0
22
23
0
80
39
84
86
28
110
11
25
28
22
93
83
85
93
65
26
85
115
113
109
90
120
87
62
101
119
81
107
94
135
67
82
131
28
135
14
91
47
77
78
117
128
113
19
26
121
35
39
102
90
14
16
99
69
110
68
78
87
70
16
90
9
74
20
5
105
3
14
8
18
82
110
15
10
18
16
5
12
15
17
17
73
4
17
70
11
20
22
90
17
77
90
77
12
5
14
11
0
