364
188
400
389
260
390
176
282
273
270
386
385
240
264
393
238
398
274
396
272
401
274
382
231
402
400
399
269
230
401
384
397
398
277
394
222
239
391
394
394
396
398
394
266
212
241
203
215
236
132
41
131
135
28
130
85
23
64
88
141
125
74
81
126
67
136
28
135
23
58
90
117
46
65
119
51
79
66
132
60
131
56
87
102
59
52
102
131
135
125
51
134
70
45
23
43
39
0
10
3
16
12
5
16
5
5
5
7
16
14
8
7
3
5
15
3
17
6
15
6
11
6
6
12
5
3
2
11
12
13
11
2
4
3
11
5
12
7
5
5
5
2
4
5
9
10
1
120
61
287
130
65
184
178
208
216
215
286
92
86
1
100
0
162
63
146
72
105
77
161
118
159
84
166
1
76
170
164
89
170
68
93
0
89
163
93
156
145
159
90
0
69
0
59
61
0
193
118
217
210
81
216
40
35
52
61
229
212
163
67
165
63
218
78
223
58
220
56
216
208
156
172
226
58
92
230
236
228
232
89
174
61
224
204
237
233
228
229
240
58
130
0
115
125
57
8
130
15
125
120
10
118
119
2
131
125
119
6
83
117
129
120
2
114
4
132
111
118
66
7
7
110
111
96
124
5
104
104
2
115
4
6
66
7
121
102
6
104
121
3
4
6
8
0
22
90
20
16
36
76
13
65
77
19
22
115
58
19
118
21
22
67
127
22
30
22
22
20
114
97
99
54
21
8
136
128
22
18
115
44
99
116
25
25
127
131
138
21
25
22
10
24
0
157
67
119
165
36
157
63
41
60
55
108
116
145
56
110
51
151
65
164
64
160
70
155
109
108
124
150
75
66
173
168
169
178
64
129
61
165
158
169
167
177
119
173
67
114
75
103
98
0
120
71
111
130
29
132
25
184
29
35
216
210
133
141
106
36
130
31
126
31
140
185
130
245
123
256
264
183
194
261
262
146
144
187
267
34
135
235
254
136
142
144
250
25
246
0
236
96
0
85
91
56
79
12
86
17
18
42
15
82
96
79
16
78
15
100
16
81
20
91
22
79
84
64
91
91
25
18
102
92
96
110
30
105
40
78
102
108
96
105
118
114
21
62
0
57
81
11
145
80
148
147
39
75
27
78
59
71
156
131
99
38
131
87
134
34
139
45
147
51
159
107
150
156
161
53
72
157
162
172
151
48
164
64
158
150
128
180
167
179
178
71
70
0
73
74
0
163
197
89
227
79
148
56
30
24
86
224
207
153
33
214
60
197
32
208
39
191
67
191
176
190
193
204
23
22
214
180
154
197
28
177
26
165
176
207
152
177
206
163
58
140
3
136
130
6
139
66
49
158
83
71
2
3
49
93
70
150
70
74
70
1
71
43
158
1
145
2
62
74
149
81
67
53
1
108
155
154
150
78
65
25
157
122
68
153
153
71
161
1
76
1
82
75
1
91
15
51
34
64
94
41
51
68
70
62
82
20
34
93
34
88
78
59
53
92
68
86
53
34
99
81
36
71
92
94
94
86
69
60
20
46
95
64
51
99
107
56
73
20
0
19
23
0
154
63
162
159
53
152
24
60
55
58
160
132
155
143
100
59
151
185
223
182
159
190
154
82
157
197
149
174
183
214
147
150
211
43
199
28
158
109
144
161
171
219
203
38
78
171
79
78
189
115
25
86
126
66
118
53
67
62
64
58
128
54
81
80
20
139
12
66
29
79
57
140
78
60
76
78
27
31
81
86
83
101
23
65
72
70
77
94
103
81
140
142
66
58
24
55
54
0
