194
110
200
204
141
203
98
147
151
152
196
201
115
136
213
134
208
150
207
146
207
143
190
101
207
213
206
136
115
205
211
213
195
149
207
122
110
213
209
221
214
214
215
147
120
124
116
114
132
142
34
145
147
20
143
107
15
99
125
160
146
42
111
147
105
141
20
155
20
31
116
148
40
55
154
26
132
124
169
42
163
40
160
103
132
52
149
184
184
187
32
179
153
17
13
16
17
0
173
81
170
179
76
173
67
72
65
70
176
173
103
64
50
56
167
65
169
71
168
62
147
90
66
141
64
72
46
151
148
155
145
45
56
75
147
65
105
156
66
72
70
31
50
43
121
121
46
161
82
207
167
39
89
35
68
69
69
209
157
123
4
146
5
169
7
93
6
159
12
134
129
132
117
150
7
6
156
157
142
140
6
126
3
123
139
136
114
125
138
141
4
98
0
100
106
2
39
21
41
44
11
43
18
16
24
7
49
57
42
9
43
16
46
20
51
20
57
15
48
30
32
39
42
23
17
55
52
49
54
16
45
19
46
46
58
64
59
60
57
27
25
0
26
28
24
83
93
57
99
9
90
7
10
31
10
99
97
90
4
65
9
92
31
100
30
100
8
93
58
79
89
103
11
7
95
88
97
102
34
100
31
90
61
94
106
104
102
99
10
49
35
72
69
0
2
49
5
2
12
40
4
35
42
3
4
72
13
3
75
3
3
31
74
1
4
4
3
1
48
42
49
14
5
5
56
55
2
4
49
6
32
44
1
5
43
44
46
3
6
2
2
4
0
71
41
61
80
16
81
14
12
14
18
60
65
68
7
65
13
68
16
76
16
79
17
80
64
64
47
74
24
18
81
77
79
75
14
59
9
71
61
72
80
80
53
67
22
59
21
59
62
0
122
77
115
132
40
126
38
83
38
46
138
115
119
90
85
34
118
33
128
36
124
93
123
146
90
136
154
98
109
155
151
125
120
110
146
46
109
142
155
103
138
144
156
40
152
0
140
84
0
104
57
52
100
53
109
17
43
29
51
125
68
109
30
93
53
108
57
68
64
108
53
61
100
62
66
109
58
47
111
116
64
74
48
84
27
88
60
105
109
55
121
64
52
53
0
51
68
28
64
31
73
104
22
79
31
24
52
23
68
99
59
44
100
19
98
31
98
46
101
54
103
79
67
102
98
50
22
112
107
107
108
36
70
21
97
71
97
106
111
115
116
23
52
0
52
53
0
86
53
38
66
24
59
18
42
39
29
69
77
62
36
76
27
89
38
67
15
82
23
88
88
96
86
91
31
32
64
96
55
73
42
83
33
82
73
74
52
78
70
75
23
47
13
36
51
5
49
29
18
44
32
16
26
31
26
36
38
50
21
37
35
23
33
31
40
27
46
28
36
33
46
32
35
20
24
35
38
35
38
30
22
12
40
31
22
35
36
22
38
14
5
11
18
11
11
61
15
66
45
11
65
17
4
12
8
57
68
45
18
70
11
68
17
58
9
71
11
78
63
58
65
75
15
17
75
68
72
67
15
65
7
58
80
75
71
86
81
68
19
55
0
56
52
0
68
37
72
71
11
123
1
11
14
10
86
81
75
103
60
15
83
102
137
117
76
118
87
67
91
135
78
111
110
134
85
91
151
24
138
13
81
78
87
88
125
134
145
23
57
103
51
54
97
63
7
21
66
48
70
48
53
54
51
13
67
30
61
25
6
73
2
18
9
22
56
69
20
19
23
26
10
15
26
22
19
60
6
19
49
18
23
35
58
23
75
69
47
18
2
18
20
0
