429
202
442
428
267
449
179
282
277
285
446
450
219
280
449
189
457
272
455
277
450
287
434
242
416
426
440
261
202
423
431
418
433
253
395
197
226
407
414
404
418
401
419
260
193
234
199
207
213
244
64
248
248
62
237
177
44
110
181
263
209
96
168
241
130
232
65
245
49
101
175
259
97
110
278
72
217
156
290
91
291
100
218
209
159
103
212
294
310
296
77
299
220
58
47
61
60
0
283
116
282
310
137
303
75
83
82
84
307
276
204
116
88
99
285
115
303
99
301
68
253
177
119
294
137
128
88
296
286
288
278
52
99
112
271
118
227
275
120
117
126
50
94
77
208
213
80
222
124
326
218
66
132
47
89
89
92
311
199
180
4
199
3
227
10
183
10
210
12
219
182
224
163
257
6
12
245
238
201
211
14
210
3
189
267
216
188
191
250
213
4
138
0
134
142
2
139
73
158
151
50
152
50
38
52
41
150
154
137
38
130
48
161
51
165
49
161
50
148
119
120
138
158
54
45
156
160
159
153
45
132
51
146
127
172
163
169
164
160
58
75
0
73
79
55
119
139
58
149
30
116
31
42
55
37
144
150
126
30
113
21
149
63
150
62
152
30
155
101
120
128
153
29
23
151
127
154
146
68
156
59
135
107
124
157
153
130
156
34
53
60
99
91
0
5
137
9
6
19
120
5
113
116
9
9
153
82
7
161
5
7
84
142
2
8
5
7
7
135
127
140
61
5
5
149
150
7
6
155
36
115
161
6
6
148
163
150
5
8
3
6
8
0
157
66
102
147
36
150
41
31
48
45
97
119
148
40
105
40
130
49
160
47
161
48
141
114
103
117
140
43
40
151
150
143
156
40
122
32
149
143
154
171
163
100
169
45
110
48
100
94
0
184
100
179
191
55
187
49
159
51
59
191
196
182
139
132
57
187
48
183
51
198
185
184
233
132
216
234
178
194
250
247
194
199
175
237
53
184
228
245
160
190
196
233
39
217
0
228
124
0
151
130
95
145
45
163
62
50
56
46
155
118
153
40
134
49
182
62
125
68
174
67
128
167
120
131
167
67
65
166
175
145
140
63
146
65
149
140
176
162
123
170
148
62
89
0
84
118
54
124
55
130
165
32
108
48
55
72
52
136
145
77
56
137
56
150
47
155
60
156
62
149
92
144
158
158
48
46
153
154
163
166
63
128
50
144
123
133
170
164
177
167
55
72
0
73
78
0
132
72
55
101
40
90
32
67
65
41
105
103
70
68
120
39
133
68
113
30
147
34
155
142
151
160
145
74
70
105
142
82
103
70
123
48
115
120
113
80
103
124
109
51
54
14
60
58
15
112
53
29
102
65
38
40
39
41
66
69
90
48
64
60
38
64
39
95
47
105
48
63
55
88
69
66
25
37
74
92
101
95
64
63
20
96
84
45
98
98
56
93
33
28
29
49
34
21
116
31
84
54
39
108
46
37
45
48
94
108
53
42
114
41
119
51
98
29
119
53
124
95
62
119
116
44
58
125
122
126
127
50
87
20
77
123
85
95
118
122
95
41
43
0
54
43
0
144
57
154
146
36
186
15
40
45
38
150
162
155
148
92
42
161
178
204
189
148
188
145
80
160
218
154
164
178
223
162
163
235
55
203
19
155
99
155
154
190
228
216
46
74
157
77
82
152
121
32
56
119
73
140
58
70
71
74
46
134
42
86
53
20
124
9
51
22
64
71
164
57
54
56
55
18
31
56
59
57
120
17
57
112
58
60
86
133
60
157
163
91
42
12
43
35
0
