352
146
369
354
162
360
118
167
165
167
363
352
166
163
354
154
352
161
351
167
355
164
348
151
346
343
335
149
145
337
329
344
336
162
302
137
140
291
305
303
304
305
295
162
155
143
163
163
144
92
15
90
95
20
84
62
17
49
62
83
83
42
53
85
51
86
24
91
21
30
61
84
25
49
90
21
67
55
98
31
92
27
58
56
47
25
72
91
90
88
22
91
58
20
15
22
24
0
129
56
127
128
43
137
28
25
24
24
132
128
98
38
34
42
129
40
130
30
130
21
132
100
40
152
44
40
38
148
151
155
163
52
38
47
132
38
120
154
39
47
40
45
31
32
121
130
34
78
52
183
85
32
125
79
107
108
110
182
76
60
4
76
1
104
8
77
18
69
25
119
75
111
67
129
3
38
119
135
73
122
25
72
2
60
107
80
91
99
126
76
2
50
0
55
60
0
69
32
76
67
17
75
20
13
23
16
72
53
69
2
57
10
63
9
60
20
63
21
68
47
60
54
70
23
19
70
68
67
70
24
65
21
73
57
89
89
86
80
88
21
38
0
39
43
18
56
55
34
66
16
53
16
18
20
17
70
64
55
10
52
16
59
22
66
26
72
21
66
37
51
51
65
17
17
56
56
65
59
32
76
27
55
40
54
71
77
59
72
25
25
27
44
47
0
2
35
3
3
7
29
1
22
27
0
3
56
14
2
54
0
1
35
55
0
2
1
1
3
65
40
55
28
0
4
67
66
3
1
39
7
29
46
2
2
43
49
41
1
1
1
0
0
0
74
32
62
78
5
77
11
4
8
7
49
63
59
5
61
3
53
5
70
5
70
5
64
68
61
54
68
8
4
63
64
71
68
4
70
2
67
68
74
66
65
62
68
3
65
9
60
51
0
83
35
76
77
3
85
4
125
3
3
184
115
82
72
74
5
92
2
93
3
91
145
89
203
76
210
218
112
142
189
207
94
95
131
209
10
92
181
207
82
92
95
200
7
206
0
196
85
0
64
67
38
66
10
68
19
10
26
13
71
61
76
5
73
16
76
19
64
14
77
19
69
92
63
62
85
25
27
86
93
71
72
30
72
26
87
68
99
86
66
97
73
37
52
0
54
69
26
52
32
56
109
16
77
37
4
55
7
57
105
64
56
118
8
112
52
100
50
101
51
103
64
62
111
104
53
6
100
114
106
108
66
64
8
71
58
109
122
123
123
137
8
47
0
49
50
0
116
103
78
154
56
106
50
17
21
63
161
148
94
25
157
42
129
22
145
40
118
46
132
118
135
134
131
23
22
132
138
103
137
22
123
21
131
125
136
102
126
138
128
33
111
3
110
106
4
71
28
28
66
42
22
25
26
33
48
38
56
25
31
36
25
37
25
55
22
56
19
36
33
55
36
35
21
20
36
42
44
43
31
36
13
53
36
26
43
52
31
50
14
17
8
19
15
9
36
4
30
20
18
38
13
16
20
20
28
37
16
12
44
12
31
21
30
19
41
27
48
23
26
43
37
9
28
50
47
42
41
26
31
12
32
51
35
32
49
47
30
28
17
0
13
15
0
50
22
56
53
29
127
17
31
32
31
61
41
61
120
33
28
65
144
150
149
60
147
74
44
79
137
75
141
144
149
65
71
147
46
150
17
73
53
80
73
138
138
134
36
21
134
20
19
124
59
3
12
59
51
56
52
57
54
55
5
52
9
48
6
3
57
1
6
1
11
50
55
8
9
8
8
0
3
9
9
9
54
1
9
46
7
10
10
58
10
53
54
55
5
2
6
7
0
