356
127
366
362
186
371
137
192
195
193
365
330
168
192
333
172
335
187
326
184
318
179
304
141
309
295
304
175
160
304
285
293
308
174
290
142
154
302
295
297
280
294
302
172
159
153
170
169
171
182
21
182
180
20
177
151
10
142
162
177
119
30
106
127
98
124
17
117
12
25
108
78
26
29
80
16
56
50
70
25
82
21
63
41
53
25
72
83
81
84
15
82
58
16
11
13
15
0
159
71
157
162
41
162
37
34
33
30
178
173
121
42
35
36
180
43
185
52
184
46
171
107
40
167
43
47
40
172
177
178
169
65
47
48
154
47
143
214
47
45
50
59
36
35
149
148
33
136
43
268
133
83
121
74
149
145
155
276
106
85
0
109
1
125
1
90
3
109
5
103
102
119
90
127
1
6
129
121
112
107
4
116
0
104
118
114
99
108
129
107
1
83
0
81
84
1
48
16
51
46
11
48
14
6
15
13
52
44
39
4
37
13
48
18
47
13
50
18
28
28
33
34
36
16
3
39
35
29
35
5
32
16
31
26
31
34
31
34
33
14
20
0
29
24
12
51
35
22
47
4
50
3
4
16
4
43
44
55
1
37
2
36
24
44
24
45
2
41
32
55
52
46
2
2
50
57
46
54
24
56
25
61
33
55
57
52
58
53
8
32
27
50
48
0
0
20
1
1
2
17
0
19
21
1
1
34
10
0
33
1
1
12
31
0
0
1
1
0
24
22
26
7
1
0
31
35
1
0
36
2
24
36
1
0
33
38
31
1
1
1
0
1
0
63
33
55
68
12
63
10
7
8
9
48
56
54
8
46
5
34
10
65
8
64
10
69
58
48
42
64
10
8
65
67
71
65
7
53
1
65
57
58
71
65
51
62
6
49
9
45
49
0
88
43
75
94
9
95
8
145
9
11
205
142
99
92
73
17
94
15
96
17
98
142
104
209
74
201
228
136
166
232
222
99
111
146
228
15
96
186
231
85
101
101
223
9
212
0
219
77
0
87
69
51
73
20
91
11
19
16
24
94
72
102
14
76
22
100
27
70
31
108
27
65
90
73
77
92
23
21
95
91
75
79
36
84
16
80
68
107
102
67
106
67
28
65
0
64
69
20
63
26
64
93
12
80
29
13
35
10
65
101
59
49
105
13
104
50
111
52
104
52
98
56
63
100
100
54
8
113
109
107
106
75
58
12
79
56
109
126
115
118
114
14
47
0
45
47
0
135
118
108
161
50
111
37
15
16
51
164
158
112
12
158
49
142
16
164
35
151
40
151
140
151
162
157
15
15
158
149
113
169
18
163
11
131
148
160
117
150
165
144
42
118
3
124
116
2
65
16
12
65
53
9
18
15
46
56
20
38
13
26
23
16
22
19
35
17
45
16
18
20
31
18
17
8
11
23
26
25
26
25
12
6
33
26
16
30
27
15
25
11
5
9
12
8
11
43
8
32
32
13
46
8
11
17
16
40
42
33
10
46
9
39
15
40
7
35
14
50
37
29
48
46
11
25
52
56
48
52
26
36
10
31
48
36
41
48
45
38
24
17
0
20
24
0
72
31
71
72
22
145
17
22
24
26
74
49
68
147
49
24
68
163
172
172
69
164
78
43
77
168
70
158
161
168
72
71
172
27
164
11
76
66
73
78
161
174
170
25
34
155
30
37
153
55
8
14
61
45
58
52
49
54
51
11
65
13
49
17
3
63
3
14
1
16
47
60
11
14
12
16
3
3
13
12
13
54
3
15
28
11
12
10
44
14
37
40
29
11
2
12
11
0
