519
293
550
537
419
534
292
441
439
437
547
566
361
453
586
380
571
431
562
434
544
413
581
369
608
601
599
422
318
624
593
600
588
412
608
342
377
582
591
616
618
606
606
406
379
378
365
370
377
370
96
364
359
90
357
237
66
142
234
376
339
169
212
355
166
358
86
349
76
144
232
374
149
180
367
130
249
183
390
167
382
162
246
284
164
168
273
381
377
379
143
381
254
101
74
102
110
0
406
197
432
450
210
438
148
133
136
145
457
479
333
200
163
177
485
181
499
180
519
142
458
311
197
497
195
207
167
477
509
493
506
145
183
217
439
207
296
478
212
208
218
136
158
170
372
369
170
345
143
507
355
158
217
153
249
273
259
533
292
234
13
307
9
342
32
248
24
285
46
306
300
340
224
363
12
43
347
349
295
329
28
276
10
257
326
278
278
272
316
255
9
197
0
176
186
8
216
107
247
247
109
244
73
64
94
92
252
291
187
108
223
117
289
150
300
84
299
88
255
205
171
195
275
87
117
250
268
252
261
114
202
93
243
218
260
250
252
261
263
94
100
0
105
114
88
221
235
135
267
34
212
27
39
92
37
273
259
224
37
201
36
260
100
253
113
260
38
263
193
239
229
288
45
34
280
250
260
280
107
258
109
238
184
223
252
260
236
273
40
122
95
206
200
0
11
185
19
13
41
147
11
147
152
6
15
192
99
11
200
9
12
89
204
7
18
10
18
10
212
152
208
82
12
15
233
243
18
10
169
14
126
177
18
17
173
178
165
10
14
11
3
12
0
208
95
132
219
64
211
87
64
94
97
136
147
193
57
135
80
171
97
203
88
210
82
184
145
139
145
201
87
78
211
209
212
203
74
148
53
205
174
196
189
193
145
213
85
142
82
122
120
0
250
141
237
273
80
270
67
312
72
76
367
292
250
235
202
79
266
78
272
75
271
313
254
405
215
411
442
301
345
410
417
251
255
328
429
55
236
409
428
223
241
247
425
61
393
0
375
173
0
233
192
125
229
91
222
57
85
109
88
227
172
229
64
227
98
241
103
175
105
246
107
182
228
198
184
222
97
90
224
230
194
205
105
218
122
210
194
237
258
197
254
210
101
136
0
129
189
111
198
89
234
247
56
156
44
83
74
69
241
252
195
71
253
73
274
57
259
81
264
85
263
210
238
275
267
81
77
280
284
261
283
81
233
79
270
237
217
290
273
299
290
81
150
0
162
167
0
260
199
157
268
80
205
62
79
72
90
278
265
201
79
263
78
303
80
279
55
300
67
303
276
310
301
310
77
74
279
284
244
278
74
290
71
271
268
261
224
258
281
247
85
178
23
184
169
24
134
76
46
137
87
62
78
69
64
88
101
137
90
74
92
63
86
68
135
76
141
78
94
94
128
100
105
55
58
109
121
126
144
81
75
30
136
105
65
133
126
73
143
56
35
44
60
46
29
146
46
134
83
64
158
71
43
65
66
140
171
109
62
156
56
157
65
134
34
172
62
180
128
124
175
175
66
78
163
166
186
177
95
146
49
133
189
151
150
201
198
163
93
78
0
79
83
0
260
116
270
261
82
338
31
80
79
75
278
262
270
281
173
95
282
299
358
335
268
352
265
168
263
378
289
296
334
373
302
290
388
98
367
60
295
185
299
293
320
372
390
86
135
290
130
139
293
246
62
82
260
166
254
127
175
170
166
63
248
64
180
82
22
270
11
72
26
82
134
231
79
69
92
93
36
65
95
104
93
199
26
104
149
87
107
143
179
104
234
247
120
76
22
76
72
0
