422
195
441
428
288
452
189
305
307
308
433
410
221
283
412
241
416
280
411
284
397
265
394
239
388
386
400
265
248
384
401
390
391
280
405
196
233
398
419
394
415
414
424
278
218
236
211
230
232
280
64
289
290
84
287
227
49
167
227
294
246
105
193
255
167
256
71
253
46
94
203
256
92
87
249
61
197
166
261
87
247
88
173
140
139
75
178
220
242
241
57
239
171
49
40
53
52
0
281
122
304
298
125
303
80
88
81
85
307
284
184
116
98
112
276
120
305
98
305
74
281
175
120
316
127
130
94
325
320
314
314
84
110
125
269
121
216
303
132
123
126
70
87
88
221
219
82
257
125
367
263
65
149
65
120
129
117
362
219
184
3
230
3
247
10
184
11
220
15
220
214
238
210
268
4
9
264
270
230
236
15
218
4
209
266
237
192
213
283
235
3
176
0
144
162
5
118
65
137
134
30
134
47
32
51
19
137
141
130
28
115
41
156
47
150
44
146
52
142
106
133
121
137
49
32
139
142
143
148
36
143
59
146
118
157
156
158
152
150
56
93
0
91
82
54
119
116
64
131
11
114
8
12
57
16
132
138
129
11
98
12
120
57
139
66
135
15
136
90
138
142
142
15
11
147
147
137
147
67
138
63
143
92
137
140
133
130
140
14
68
65
112
108
0
6
121
9
8
17
89
6
96
97
6
9
128
63
9
142
11
10
56
139
5
5
5
9
7
143
108
153
72
7
7
163
165
10
6
145
30
91
143
7
6
145
148
157
5
9
9
4
7
0
159
70
115
162
58
171
54
40
50
54
112
129
157
47
110
51
133
64
162
64
175
66
156
127
111
118
148
64
56
154
150
167
159
51
138
35
155
137
157
160
164
116
158
62
116
70
97
95
0
194
106
179
213
39
204
41
179
42
47
207
211
209
143
167
67
218
52
215
67
218
202
218
252
150
248
265
198
209
261
274
223
220
207
266
58
200
256
269
180
217
217
269
43
247
0
231
140
0
192
129
98
174
74
189
48
59
59
76
180
123
185
40
151
68
204
80
123
74
197
76
135
188
121
126
198
72
62
191
191
137
135
68
178
61
117
138
200
185
130
198
154
59
108
0
104
136
62
149
76
161
167
33
91
43
61
65
65
154
165
93
48
173
71
178
27
177
51
176
46
167
115
156
156
162
48
58
171
170
171
168
61
144
67
152
153
112
180
166
182
176
71
77
0
75
84
0
163
118
81
144
45
116
40
79
69
54
147
132
91
76
130
40
149
72
121
21
169
40
173
152
178
164
175
66
65
132
157
94
129
71
148
59
137
137
137
87
135
133
131
37
97
24
89
80
21
107
49
34
113
77
36
48
45
65
80
56
85
39
55
55
47
63
51
87
48
83
49
42
45
100
48
53
27
43
75
100
92
78
69
43
11
85
72
49
99
96
50
103
32
28
25
34
28
34
105
44
95
73
37
105
39
29
49
44
108
125
51
37
114
37
112
44
99
31
110
51
108
99
53
120
113
40
41
113
109
110
115
42
102
24
84
111
73
115
122
114
109
45
62
0
70
68
0
151
57
147
136
35
207
16
35
40
38
147
167
133
153
80
47
158
204
234
214
139
223
150
83
147
233
155
197
211
239
133
142
262
44
253
29
152
94
155
144
213
241
249
43
72
187
69
67
177
132
34
74
151
78
140
61
78
77
82
50
151
50
94
77
25
146
13
72
26
85
56
141
72
75
76
82
27
30
88
82
80
113
25
75
93
67
64
92
121
70
143
146
79
47
24
42
47
0
