555
249
561
570
303
569
202
319
328
329
549
545
274
318
559
266
547
310
556
313
550
313
518
274
527
498
532
293
246
495
526
512
507
287
490
235
272
506
495
488
507
500
511
295
285
261
280
299
265
259
62
272
259
67
269
217
39
192
224
272
259
66
230
263
203
268
66
282
44
75
237
224
63
94
248
45
203
188
248
68
243
63
189
96
175
75
207
246
235
245
45
247
191
48
31
44
42
0
310
135
315
312
117
326
102
96
99
100
331
312
210
108
90
103
288
118
319
87
312
76
309
199
112
316
111
121
101
333
324
322
319
75
110
116
276
116
236
311
117
123
126
66
86
84
250
245
82
269
101
417
285
119
186
87
209
197
197
419
220
182
2
231
2
240
4
191
3
224
5
186
204
218
207
244
3
7
245
246
215
218
3
213
1
190
244
227
192
198
240
230
2
181
0
181
193
0
124
45
130
132
12
134
32
18
31
14
133
126
118
12
110
15
126
17
119
35
123
43
122
103
120
120
124
40
14
121
119
116
121
18
132
42
128
117
125
128
131
135
130
40
95
0
95
95
36
107
70
54
102
8
118
9
9
48
9
101
97
125
4
82
6
101
51
99
56
99
5
96
77
138
138
92
9
9
95
136
99
98
58
108
63
135
78
131
105
105
141
114
6
78
54
133
129
0
1
29
1
2
4
20
2
24
25
2
3
30
19
2
28
3
2
23
33
2
2
2
2
1
23
24
30
16
3
1
30
26
2
2
23
13
18
28
2
2
27
25
26
2
1
3
0
3
0
31
11
24
39
9
42
9
10
8
7
23
19
39
9
23
12
33
15
45
15
41
16
37
29
29
35
38
11
15
40
42
39
40
13
25
6
35
39
40
36
37
22
42
14
28
15
24
25
0
91
66
91
100
5
102
7
230
7
6
257
171
94
158
89
12
107
11
96
9
102
274
105
305
91
307
307
222
274
304
315
110
111
247
295
23
105
262
306
105
110
115
299
18
296
0
280
86
0
159
135
107
141
22
168
29
16
58
22
160
141
144
20
129
23
156
26
166
27
167
30
157
153
125
164
169
23
26
165
174
152
167
16
148
62
117
147
138
155
141
155
155
14
109
0
117
141
55
125
60
141
166
9
113
12
16
15
13
124
168
121
17
157
15
158
16
162
17
163
16
173
112
137
180
186
40
8
192
193
184
190
43
132
9
175
121
143
194
184
190
185
12
120
0
117
126
0
225
117
158
209
36
171
27
56
47
33
214
191
165
52
203
31
234
62
197
24
245
27
249
233
247
248
243
60
57
197
243
169
202
58
232
47
217
208
217
167
217
219
199
51
180
14
160
165
10
130
46
30
125
92
30
59
56
82
100
56
85
35
60
57
55
61
55
84
61
86
60
55
48
105
52
53
19
47
97
114
96
103
88
46
9
114
91
41
118
103
49
109
40
23
29
29
20
22
81
17
41
26
64
91
33
51
68
65
51
81
26
26
88
25
92
59
38
51
81
55
88
39
35
79
78
30
49
81
82
86
87
74
45
17
36
99
91
38
106
108
46
73
22
0
21
21
0
156
57
159
153
71
212
51
65
70
69
160
127
154
199
65
79
157
236
261
256
167
269
167
74
154
245
164
226
253
271
168
163
257
85
250
31
153
107
144
146
232
264
265
69
44
234
45
44
231
143
8
14
138
135
135
105
127
124
128
13
127
19
104
9
2
124
1
14
4
10
96
133
13
8
12
14
5
20
16
16
15
116
5
13
116
17
12
35
118
18
130
131
100
13
4
12
15
0
