286
140
306
293
186
299
135
202
199
193
296
285
161
183
302
169
277
191
286
183
296
184
283
172
284
286
285
176
156
274
287
288
290
177
289
143
175
294
290
283
287
293
301
180
156
170
161
171
166
197
29
196
187
33
195
161
26
134
159
187
188
61
169
186
135
200
34
186
22
40
164
170
41
72
183
32
143
131
172
32
178
41
142
93
137
38
159
190
190
184
33
193
164
29
22
26
26
0
204
84
221
227
76
228
82
80
77
82
230
229
133
68
48
53
227
67
234
92
227
73
196
115
65
207
64
73
65
206
221
204
212
56
64
65
177
67
164
209
64
64
70
56
47
44
163
156
38
190
82
288
201
80
145
57
114
122
120
312
165
138
2
175
2
210
13
147
13
180
17
169
169
175
151
200
4
11
192
194
166
163
14
157
2
148
186
154
137
150
181
172
2
139
0
132
133
0
57
26
69
64
18
69
26
15
27
11
67
66
57
12
43
18
75
24
74
21
69
26
59
39
53
52
55
22
12
58
59
61
55
14
60
22
53
45
57
60
64
57
65
23
31
0
30
31
24
101
87
77
122
12
99
11
17
32
17
123
108
95
10
89
14
103
36
108
35
120
16
111
88
109
100
115
10
9
121
116
122
105
42
105
39
111
84
103
102
105
109
100
10
78
32
97
93
0
3
42
2
3
8
32
1
30
28
4
4
67
25
4
71
3
2
50
72
3
4
1
3
3
64
52
56
17
1
1
67
73
3
3
73
10
51
69
2
4
71
75
74
2
3
1
1
4
0
85
43
65
95
42
98
43
30
41
37
65
71
84
27
58
32
78
41
95
37
95
43
91
71
59
49
85
37
47
87
90
86
91
44
60
24
95
74
94
100
110
55
117
50
59
33
60
57
0
104
47
105
103
27
99
25
142
30
31
174
132
87
99
70
32
101
28
101
27
104
152
98
176
67
182
197
141
163
192
189
103
102
152
193
33
94
174
191
86
108
108
186
25
174
0
186
73
0
94
44
38
89
48
103
18
47
22
48
91
53
85
24
74
46
94
50
56
48
105
54
57
88
49
49
87
36
36
85
72
59
56
46
67
36
79
56
98
86
62
94
58
37
43
0
35
54
27
56
24
58
67
10
49
28
37
32
34
60
74
39
34
78
40
78
25
73
31
67
30
62
49
59
71
74
36
42
70
72
77
72
32
73
28
56
65
62
83
78
74
79
38
36
0
33
32
0
130
79
80
124
20
101
13
28
26
22
122
120
91
36
129
10
151
40
121
12
148
13
145
142
151
153
151
35
37
110
147
101
121
28
135
27
123
129
122
107
126
122
133
19
109
12
94
97
9
47
29
22
48
25
14
19
24
16
23
40
51
23
26
29
27
38
22
39
23
45
29
31
32
38
33
39
15
21
38
37
35
36
32
29
8
46
38
21
38
40
32
55
22
20
8
19
21
13
67
24
73
62
15
77
21
11
21
16
72
88
55
20
89
20
86
19
65
13
75
22
85
66
59
85
87
22
33
93
96
92
87
27
71
9
61
77
61
72
81
81
69
30
43
0
45
53
0
86
40
93
93
26
162
12
27
21
22
91
82
82
140
64
18
89
152
165
161
87
166
86
56
94
172
86
146
158
185
86
91
187
24
177
9
93
65
90
91
171
186
182
26
59
145
59
58
143
64
25
43
72
22
80
13
22
26
24
24
74
37
38
42
8
90
1
40
6
50
24
79
43
35
38
47
6
16
50
44
44
62
6
39
54
39
45
62
66
49
102
99
40
32
4
37
32
0
