328
169
342
334
148
342
53
153
154
155
336
321
225
151
333
143
328
152
326
154
310
154
306
209
310
301
304
139
119
266
306
302
300
138
269
122
211
301
294
277
302
307
312
133
194
144
232
230
142
112
14
121
111
16
112
99
10
87
105
113
95
32
87
111
69
103
8
105
9
16
94
89
16
37
98
8
83
75
97
15
94
16
82
46
73
14
79
101
102
95
10
104
83
10
5
8
7
0
104
37
107
121
31
148
52
50
44
55
115
87
68
27
23
21
94
22
124
25
90
19
81
67
23
97
24
23
26
126
88
86
94
63
21
31
125
28
100
162
27
28
25
59
27
18
79
110
21
89
45
213
92
29
150
90
116
122
119
218
86
77
0
91
0
100
0
72
4
90
2
85
88
97
82
104
1
2
109
102
90
109
1
87
0
83
103
87
77
94
103
85
0
75
0
71
76
0
96
46
98
99
12
97
7
6
7
9
95
100
79
7
82
11
102
13
98
8
105
6
106
71
83
81
106
9
22
114
108
108
112
13
82
8
95
73
101
97
97
101
94
6
71
0
67
69
6
53
48
27
61
6
42
4
6
13
7
54
55
50
5
36
2
57
11
57
16
58
10
62
34
53
50
61
8
5
58
50
56
58
14
49
12
49
37
47
54
50
50
52
7
35
13
51
50
0
0
9
0
0
1
6
1
6
6
1
0
25
4
1
25
1
1
18
25
1
0
1
0
0
36
26
28
25
1
0
41
39
0
1
38
8
25
41
1
0
37
41
39
1
1
1
1
1
0
51
22
28
53
6
51
29
24
31
30
28
31
31
2
28
6
34
5
35
5
34
4
33
27
30
28
34
24
6
36
37
32
36
8
29
2
35
33
34
32
34
32
34
4
30
25
27
26
0
34
18
31
33
4
35
3
133
4
2
136
39
33
31
23
5
38
5
33
5
33
139
26
153
29
148
156
88
133
155
150
31
29
97
157
4
31
109
156
34
32
36
153
3
155
0
157
30
0
39
27
21
41
11
33
7
7
12
9
35
26
35
7
36
11
37
9
34
12
37
8
32
40
26
32
35
11
11
38
31
30
31
12
33
12
34
27
34
35
27
38
30
9
25
0
29
32
10
123
15
131
115
2
104
3
27
4
22
133
123
109
10
117
24
123
5
117
12
123
12
125
109
127
121
115
12
24
121
118
117
123
9
131
23
116
132
112
121
127
122
125
26
115
0
109
106
0
135
17
122
124
8
118
7
16
11
8
127
131
120
11
127
8
132
14
128
6
133
9
141
133
133
132
127
17
16
129
144
120
128
17
134
16
134
128
128
117
130
127
126
10
118
2
117
119
2
34
13
14
31
24
11
11
10
21
24
17
39
21
25
12
10
13
22
31
10
34
14
15
16
40
18
14
18
8
42
42
37
47
54
14
21
69
55
12
65
66
13
68
7
5
4
11
6
4
63
8
18
9
50
64
6
51
57
58
12
56
19
4
64
7
61
56
14
52
64
59
76
12
19
77
76
6
69
75
79
79
75
82
10
34
9
97
90
14
90
95
16
83
7
0
8
7
0
107
22
120
117
101
131
81
98
99
96
114
34
100
127
39
88
109
131
137
135
105
143
115
44
111
137
126
135
135
139
115
121
146
105
146
29
130
114
130
132
139
144
143
97
14
141
11
10
141
140
11
27
134
107
133
100
109
113
112
19
121
31
91
26
2
122
2
24
4
28
85
127
26
25
25
23
5
14
24
25
27
113
3
31
93
27
31
43
107
32
128
124
90
30
3
27
28
0
