248
97
257
253
126
251
73
131
129
129
251
249
128
119
240
97
248
120
238
120
239
124
229
127
231
232
228
110
94
239
242
238
230
117
235
98
117
240
241
242
232
236
239
121
116
111
121
111
99
170
44
163
171
35
172
138
18
123
152
179
187
61
158
188
131
187
40
199
28
56
169
176
38
81
169
39
147
128
176
40
172
46
154
98
120
42
147
180
177
181
30
176
155
27
20
24
26
0
137
59
160
156
67
164
68
56
60
67
163
140
110
60
49
57
149
59
155
61
159
53
131
89
56
143
53
59
51
137
139
144
146
42
42
63
117
52
95
137
59
57
57
35
46
42
105
103
41
179
69
223
179
36
106
32
59
62
58
225
157
132
2
170
0
171
2
131
3
166
4
145
159
159
140
168
2
4
167
173
155
155
5
173
0
157
173
165
153
138
172
162
0
133
0
133
128
0
67
28
90
74
16
74
19
12
27
15
86
71
74
13
61
13
78
19
80
23
75
21
79
65
68
65
78
24
19
84
80
81
83
17
74
21
79
69
79
80
79
80
84
27
48
0
52
52
27
66
64
43
70
9
66
10
10
17
15
79
69
73
12
55
12
71
24
73
24
76
8
83
70
78
75
82
16
12
82
89
84
76
26
90
30
85
66
79
85
79
81
82
23
41
32
69
67
0
3
47
1
0
11
40
4
41
43
3
2
56
38
2
53
6
2
34
59
2
4
4
6
3
53
47
58
20
4
0
57
52
4
3
55
14
56
57
4
2
58
60
62
5
2
5
0
5
0
63
32
39
62
25
69
22
21
24
26
35
40
65
24
39
26
60
30
75
30
72
30
68
44
40
60
64
29
39
73
76
75
77
33
51
18
68
63
73
72
68
36
74
32
43
31
35
34
0
83
40
84
90
36
92
31
81
36
35
89
73
83
65
65
30
92
19
83
26
87
82
93
97
68
94
105
89
98
112
114
96
97
82
102
19
74
90
102
70
72
72
98
12
107
0
99
52
0
51
43
28
55
14
52
17
13
25
18
54
45
59
12
56
16
54
18
45
20
62
20
52
61
47
44
62
19
24
65
58
45
43
37
58
28
52
47
74
73
47
74
53
28
30
0
32
48
25
70
28
84
89
13
66
15
29
23
27
84
85
69
17
87
28
92
15
93
20
92
17
88
75
85
88
89
18
26
95
90
94
90
17
82
31
75
82
77
79
86
90
86
24
67
0
63
76
0
91
52
40
58
16
49
17
40
34
21
58
55
46
43
58
18
79
37
59
18
86
18
90
74
94
86
91
33
30
56
76
46
59
28
77
28
61
65
59
48
65
55
66
9
45
11
41
41
7
43
28
14
30
22
16
27
24
19
27
30
42
15
23
32
27
27
25
42
23
40
26
31
24
44
26
27
11
22
32
41
41
44
33
31
9
44
40
16
44
42
22
41
11
11
12
17
7
12
51
17
22
11
28
53
13
27
32
39
31
53
20
16
55
12
57
29
32
24
57
40
53
36
21
55
53
16
33
47
50
52
56
36
38
10
28
58
39
30
64
65
39
38
17
0
17
18
0
86
31
88
82
40
95
28
39
42
43
88
63
91
61
48
43
91
83
101
87
84
88
77
28
88
111
87
73
79
101
98
92
105
34
98
12
80
56
78
82
81
109
99
28
43
75
46
48
85
86
20
34
98
55
91
49
52
56
56
31
100
34
73
38
12
101
3
32
11
42
67
106
35
31
29
36
15
19
32
29
29
90
8
29
72
28
27
54
85
38
105
99
70
29
10
32
36
0
