429
219
462
440
282
441
196
317
313
296
436
437
295
296
434
256
438
298
444
284
441
296
454
278
434
448
446
275
261
449
453
450
463
297
503
236
269
501
509
510
504
513
515
298
290
258
283
290
260
324
72
333
344
85
332
257
64
210
276
331
326
121
264
328
207
324
79
328
71
90
275
325
101
104
348
77
273
237
331
100
343
108
236
173
188
106
241
335
321
321
78
325
242
82
68
74
78
0
315
127
349
347
146
347
160
149
150
147
363
359
259
153
123
130
381
137
386
179
398
134
385
231
145
409
150
156
205
403
429
419
414
159
131
154
301
154
259
389
160
150
157
149
126
106
234
244
109
362
122
472
376
127
169
69
166
173
176
492
286
202
7
292
2
316
1
252
1
287
2
251
265
284
223
320
6
2
318
305
286
254
3
280
2
271
330
293
249
250
330
276
5
221
0
230
218
2
155
64
157
160
38
150
75
32
84
24
144
129
162
18
103
13
124
15
122
74
121
79
116
103
142
167
122
81
15
120
127
123
124
16
186
77
133
108
123
120
126
134
138
78
85
0
84
86
82
184
168
87
187
13
166
12
15
75
14
190
188
193
9
138
9
183
77
203
76
202
10
186
138
194
198
189
14
5
188
207
198
190
85
205
72
206
130
196
195
196
210
201
17
106
73
168
170
0
3
67
3
4
14
52
1
49
50
1
4
99
23
1
105
2
3
56
102
2
4
3
3
3
125
86
108
62
2
2
129
138
4
1
158
31
117
172
4
2
169
161
167
3
3
2
2
3
0
141
86
117
168
40
163
40
31
37
38
111
136
154
28
127
33
133
41
162
44
167
39
148
131
121
113
144
50
43
165
161
161
162
53
121
26
172
139
172
174
177
112
178
54
107
48
94
97
0
257
131
242
267
104
280
72
220
97
99
256
269
278
188
164
117
279
93
278
120
281
226
292
288
171
265
302
236
248
309
317
292
303
222
291
145
235
284
308
258
309
297
296
118
291
0
285
149
0
296
194
141
287
138
308
51
114
90
137
320
173
284
73
213
110
316
139
162
133
304
133
178
284
188
171
291
127
105
303
290
191
200
103
241
96
234
202
275
263
195
278
207
82
137
0
129
172
76
208
128
218
265
46
150
32
45
69
46
226
284
175
83
271
56
272
56
270
81
283
90
266
190
208
277
276
84
37
267
265
274
268
77
227
46
250
206
212
264
287
273
262
42
168
0
164
175
0
181
143
91
171
51
129
39
69
56
58
171
171
106
65
176
55
176
58
165
40
190
57
189
189
201
188
197
72
60
167
190
118
170
69
191
63
179
178
186
131
166
169
167
54
108
19
100
94
11
131
70
31
138
96
50
70
74
75
106
82
108
47
71
76
63
73
57
103
63
102
71
70
68
103
70
81
36
68
99
99
111
118
89
71
28
117
89
46
120
112
58
120
44
20
33
33
22
34
197
81
168
116
52
206
54
39
54
55
182
186
127
50
186
49
194
63
152
43
187
59
172
168
127
187
186
55
73
194
194
199
203
72
163
41
157
213
161
171
214
215
161
82
111
0
99
110
0
241
107
250
249
84
264
40
88
82
83
252
246
226
172
168
85
243
211
290
228
247
222
264
174
299
308
267
207
219
291
271
277
320
97
315
55
266
183
271
261
256
325
328
92
132
198
130
129
202
205
18
62
211
167
228
146
170
180
157
21
200
38
164
61
16
210
11
55
19
64
151
205
52
50
56
58
16
48
59
59
59
183
14
63
154
53
58
92
164
62
198
206
138
33
14
33
39
0
