295
129
296
296
170
305
100
190
188
181
292
303
152
182
306
149
303
191
297
172
299
177
272
161
287
276
281
172
145
291
272
276
287
172
275
153
153
280
296
282
287
274
287
174
148
159
151
157
162
159
29
169
166
31
174
136
25
123
145
168
161
56
143
175
122
167
47
169
30
51
140
158
47
64
177
27
154
141
178
52
168
52
134
97
114
54
134
170
175
175
39
178
133
34
32
31
34
0
205
68
196
205
80
196
88
80
87
82
211
200
130
74
60
69
204
79
210
83
216
67
211
118
74
209
79
85
93
202
211
218
201
64
65
83
161
77
117
201
71
76
78
55
56
57
139
131
58
186
76
266
190
86
117
57
123
128
122
271
152
113
5
165
4
176
9
127
4
166
9
131
139
159
133
175
6
6
168
164
150
152
3
143
5
139
143
144
133
125
146
139
6
115
0
114
127
5
85
25
97
90
11
85
19
10
21
7
100
86
97
6
88
9
95
11
84
29
94
23
90
88
77
92
96
25
8
91
97
95
86
10
99
27
91
91
91
87
91
84
82
24
69
0
65
62
22
90
56
61
94
4
87
4
3
23
4
88
93
89
5
93
5
92
24
94
30
94
4
93
88
89
101
101
5
4
95
113
103
107
35
94
29
106
88
99
97
94
107
103
2
64
30
98
94
0
4
41
4
3
8
43
3
36
33
5
5
43
30
4
53
4
5
33
47
5
6
6
3
4
51
43
58
30
6
0
54
52
6
6
68
37
53
67
5
5
61
68
71
5
2
3
1
2
0
63
29
53
73
19
68
25
13
24
26
51
59
76
18
51
23
66
34
78
31
69
30
66
48
48
58
72
30
31
69
72
76
71
33
57
14
76
71
79
81
80
41
82
34
63
32
53
53
0
93
44
82
89
29
91
20
134
31
29
134
101
92
89
62
36
101
26
99
35
97
137
98
169
65
158
181
122
156
176
175
99
92
135
161
28
83
145
168
73
85
80
171
16
152
0
155
50
0
93
53
53
94
36
94
20
32
30
36
94
75
94
26
79
35
101
40
63
38
92
30
67
110
71
56
102
39
29
105
95
65
66
44
92
33
70
72
116
106
71
105
72
40
49
0
45
66
31
101
39
113
109
21
83
19
28
26
24
113
114
94
20
110
29
120
18
118
20
113
20
139
97
124
132
130
32
27
133
142
139
137
18
117
25
113
123
110
118
124
126
126
31
99
0
91
96
0
123
77
84
108
18
79
14
32
38
18
108
107
92
32
105
16
129
41
105
18
129
14
142
113
135
123
124
37
30
116
122
92
116
30
120
29
117
114
119
80
112
110
114
30
80
11
75
74
5
47
25
17
49
46
17
36
25
31
38
28
50
22
28
28
21
25
23
48
24
53
25
25
24
43
31
27
16
26
38
36
44
44
39
23
10
45
38
17
53
53
15
53
17
8
19
16
11
13
87
18
52
30
40
83
22
33
43
44
57
93
32
22
94
22
87
53
49
41
93
56
84
44
36
88
84
17
56
94
82
89
99
38
58
9
43
79
60
63
76
78
56
43
35
0
37
36
0
93
36
89
87
29
146
21
30
30
34
91
102
73
122
48
22
88
130
156
150
92
144
97
48
99
151
100
141
145
156
101
110
174
54
141
23
117
88
114
124
129
158
153
53
42
133
48
41
123
103
19
31
115
85
114
84
83
99
94
21
111
24
92
32
8
111
4
23
9
29
68
117
28
17
27
31
7
17
25
34
29
103
5
28
115
30
28
48
106
25
142
126
90
19
4
22
17
0
