333
165
343
340
227
335
164
238
244
234
343
324
203
226
327
200
320
239
323
230
336
217
346
202
337
338
346
227
189
328
331
341
340
233
354
186
212
378
377
352
356
371
370
233
213
209
197
217
212
212
56
225
217
61
220
158
45
153
183
225
192
93
159
200
150
210
50
209
47
59
162
216
62
107
226
48
175
172
220
61
229
61
171
97
156
60
187
217
234
222
42
228
186
53
49
48
54
0
235
99
245
253
112
273
115
107
103
114
263
256
173
107
88
110
278
110
277
114
283
87
265
193
110
286
107
115
117
289
287
292
295
110
100
107
225
107
183
263
111
122
121
79
93
97
189
197
89
241
111
327
246
100
119
38
122
136
129
330
200
170
5
207
5
244
6
164
5
210
12
218
204
223
169
255
3
15
242
246
206
216
8
198
2
181
230
197
150
179
220
196
4
140
0
121
142
4
112
55
132
127
9
131
45
27
48
10
123
116
148
5
111
6
128
6
121
50
123
47
132
103
134
143
132
43
9
136
134
137
136
6
156
54
134
110
135
138
136
134
130
53
89
0
95
97
50
127
98
68
127
12
118
11
12
44
12
119
119
131
8
108
10
120
58
126
66
125
11
120
93
143
141
130
10
10
122
146
132
133
66
149
60
151
106
154
155
153
150
143
15
84
60
144
124
0
3
84
3
4
10
71
4
69
70
1
3
89
49
4
91
3
4
51
91
4
4
4
3
3
77
61
78
28
3
4
78
73
4
2
109
20
83
107
4
6
107
106
110
5
4
3
3
5
0
106
43
73
109
38
111
46
33
39
44
77
82
107
33
67
38
66
37
113
44
101
50
86
80
74
74
107
58
49
112
110
121
113
43
84
27
120
89
121
122
119
76
119
51
75
52
63
62
0
183
114
187
223
72
223
68
160
86
88
198
198
191
151
128
70
199
61
190
69
193
174
192
230
111
220
251
178
197
245
257
197
198
176
227
76
164
223
235
146
191
195
239
52
225
0
201
111
0
216
115
103
185
65
211
45
60
56
84
206
128
200
53
144
65
198
91
110
90
217
88
131
167
121
122
162
54
60
171
177
142
133
71
159
63
155
143
186
179
118
181
135
62
96
0
97
125
57
139
81
170
161
19
99
12
51
21
49
168
166
131
27
166
53
169
20
160
28
160
31
169
133
176
166
171
19
50
171
158
170
165
27
169
56
180
155
147
164
180
174
172
51
109
0
98
117
0
145
110
77
129
39
101
35
53
44
38
128
136
89
50
135
55
149
53
136
34
148
51
157
144
157
162
158
43
45
142
154
99
140
50
135
44
122
132
127
92
132
125
131
52
77
12
85
83
13
109
54
37
104
73
40
47
47
62
78
48
101
45
76
59
50
60
64
107
51
100
49
53
42
102
43
47
47
41
85
100
94
101
87
53
30
108
85
34
98
101
32
110
32
20
27
25
20
21
147
61
95
66
57
150
44
39
61
55
107
143
77
37
133
35
140
78
98
39
144
78
146
104
57
139
145
38
87
138
141
138
141
68
94
38
78
148
99
103
155
153
117
82
61
0
68
65
0
179
76
188
169
52
203
32
62
56
55
172
196
179
149
90
41
175
157
219
190
184
204
197
110
196
248
192
166
167
223
174
175
247
58
243
28
191
128
195
191
204
241
229
59
110
168
111
107
173
144
18
54
162
114
160
82
102
118
113
37
190
50
138
56
22
178
19
50
25
52
95
189
54
53
61
63
20
53
68
58
60
157
13
63
120
47
55
87
136
67
180
164
112
42
14
37
39
0
