389
193
402
398
296
397
204
326
324
317
407
403
237
323
401
235
380
308
401
300
408
310
371
232
364
379
377
285
242
375
369
372
370
304
384
229
255
392
384
389
381
397
414
296
228
269
239
242
271
241
60
249
247
66
249
173
56
112
178
261
243
110
162
244
116
248
64
251
62
104
165
259
100
105
257
80
182
122
255
96
256
102
173
199
124
102
179
256
265
264
72
264
167
74
55
73
71
0
286
142
307
310
164
319
89
86
76
77
320
345
251
159
132
156
346
168
362
113
362
93
334
202
154
349
176
170
119
355
342
344
356
85
143
159
294
165
243
327
162
176
160
62
122
122
252
252
115
235
127
355
242
105
157
84
165
162
169
359
205
176
6
214
4
249
22
164
18
206
27
223
201
233
162
260
10
27
261
260
220
247
43
194
6
194
273
207
180
250
285
197
4
129
0
122
127
4
190
84
194
189
55
195
47
43
58
34
198
185
165
32
122
41
196
52
199
54
200
60
177
121
152
156
196
58
47
180
186
185
193
66
170
53
183
153
195
202
200
196
197
54
103
0
102
111
53
144
152
65
171
29
133
20
28
71
27
161
164
145
24
127
26
156
66
173
74
177
34
151
109
145
142
172
29
27
167
158
171
181
87
176
79
153
129
166
177
181
162
185
40
62
77
116
127
0
14
156
16
13
36
129
14
121
126
11
16
188
100
13
184
16
16
104
195
10
18
17
21
14
152
134
155
58
12
10
160
158
18
11
198
42
153
189
14
14
194
203
206
14
16
15
4
13
0
202
89
147
224
83
215
84
65
90
86
142
149
197
81
136
82
176
102
214
109
216
103
206
160
138
142
211
106
110
213
207
203
216
94
163
65
207
175
211
219
219
135
205
118
140
101
119
120
0
209
113
191
218
66
232
65
199
70
73
239
234
217
180
157
72
228
59
215
67
224
216
224
283
163
250
296
222
226
281
293
221
213
213
264
60
187
252
262
168
200
213
284
48
248
0
243
124
0
194
123
112
172
75
191
59
64
70
73
193
133
191
63
165
75
194
92
124
94
214
92
142
200
145
130
194
84
66
208
196
134
154
78
180
70
132
133
204
201
132
210
146
66
101
0
101
126
69
147
78
161
131
31
62
25
99
51
86
170
138
80
38
127
98
133
31
128
43
127
44
126
82
147
128
139
38
89
123
128
135
132
34
165
101
113
152
102
136
134
130
122
100
62
0
61
66
0
164
143
94
153
50
127
38
55
46
47
157
153
118
62
159
40
162
51
154
23
179
46
180
166
178
191
183
56
44
149
180
123
165
59
172
53
153
179
153
121
171
153
164
41
108
20
103
107
17
111
71
39
110
67
64
64
66
50
66
78
92
56
66
74
55
71
48
99
61
89
72
74
64
100
71
68
38
56
67
89
101
92
71
64
12
108
72
43
93
102
60
106
33
22
31
45
38
34
131
62
113
95
59
134
58
45
59
63
127
156
70
45
154
43
139
53
120
36
130
62
145
123
68
147
146
50
65
140
169
152
150
63
113
22
79
134
73
110
124
134
119
67
67
0
66
71
0
194
73
183
185
47
268
20
48
52
47
169
198
168
172
98
36
191
203
262
236
176
237
174
122
185
275
161
201
229
262
180
175
286
40
266
22
174
121
178
178
247
275
275
43
100
225
100
110
215
169
56
114
158
60
164
45
61
66
66
83
176
83
83
126
30
179
8
106
31
114
40
181
121
103
124
122
25
39
107
115
113
110
28
107
92
96
119
139
129
124
174
187
58
88
21
90
85
0
