309
108
318
316
134
321
76
137
131
134
304
289
173
127
298
118
295
128
299
120
305
120
287
163
288
284
299
123
108
296
286
290
303
122
305
91
174
300
305
311
305
304
306
122
146
110
145
144
111
210
29
216
208
37
218
190
18
160
189
210
184
75
162
191
152
192
29
192
18
33
163
178
30
53
189
20
160
141
182
32
184
32
174
65
162
32
178
190
197
193
19
201
170
24
23
23
23
0
198
65
206
203
56
212
107
109
99
106
217
196
119
59
45
49
192
59
204
95
206
89
171
102
59
188
57
60
80
184
183
180
177
78
55
49
150
59
133
185
50
54
54
68
39
34
102
101
35
181
75
229
187
27
138
23
50
51
52
233
166
149
1
180
0
207
8
154
8
176
15
177
178
185
142
215
3
14
208
212
172
172
7
168
0
169
201
180
180
151
188
171
1
159
0
154
156
0
98
32
104
99
17
102
15
9
21
17
101
100
82
8
83
16
106
21
101
20
104
25
95
75
86
90
100
18
18
102
89
89
96
11
88
25
83
87
86
90
92
93
99
21
72
0
74
70
19
122
59
82
125
6
106
2
7
23
6
118
119
120
4
103
4
113
27
120
23
115
6
130
112
122
119
130
10
10
131
131
125
124
26
114
22
120
108
108
108
107
119
117
4
96
25
110
103
0
2
39
3
2
4
33
1
29
32
1
2
39
25
0
44
0
2
22
44
2
2
1
2
2
62
40
55
28
1
0
54
60
3
1
68
23
53
67
4
3
72
76
72
1
1
1
1
1
0
125
50
71
126
44
123
36
27
36
35
82
96
134
47
84
42
101
53
129
58
142
55
110
91
79
82
119
56
45
118
121
120
121
50
102
29
122
106
123
127
122
79
121
50
91
59
78
82
0
127
60
126
142
57
138
49
79
57
58
127
110
157
77
85
66
149
51
158
71
150
88
136
131
99
133
136
88
93
140
129
142
144
89
141
59
104
121
138
113
138
135
139
42
127
0
120
70
0
118
81
61
115
40
113
15
29
24
40
113
84
123
31
109
39
132
46
81
51
131
58
88
135
79
86
143
51
52
140
130
87
89
61
114
27
103
81
130
126
82
129
90
53
70
0
68
81
31
147
65
156
141
19
111
31
61
33
62
161
148
107
32
143
57
136
30
133
36
136
36
142
115
154
143
157
38
50
150
160
158
149
46
153
58
143
156
132
156
160
156
160
50
102
0
99
113
0
76
66
33
85
36
51
37
30
29
43
89
79
48
31
84
38
66
26
89
31
75
32
80
74
86
88
83
25
23
73
71
41
77
23
57
20
62
65
85
41
64
88
63
36
46
2
39
34
10
60
20
11
63
54
14
24
21
37
46
28
48
20
46
25
21
26
43
54
27
55
25
27
22
78
31
30
20
20
66
84
79
75
58
22
16
69
70
16
70
74
19
71
12
7
11
18
8
4
98
33
64
40
41
104
18
32
49
53
70
115
50
13
104
13
101
63
59
49
114
62
97
59
48
109
103
16
60
103
108
100
104
56
52
23
36
108
76
56
100
112
62
55
45
0
41
42
0
108
41
112
128
56
125
39
53
49
50
133
118
140
71
70
62
145
85
140
93
154
92
159
77
160
136
158
86
87
142
153
168
146
78
138
18
164
131
161
160
124
152
136
82
67
86
65
70
87
130
24
62
140
83
143
88
87
93
90
50
154
50
104
64
17
148
11
60
23
53
88
155
57
52
60
58
22
26
62
66
59
128
20
63
107
55
67
86
138
59
163
172
103
46
18
50
43
0
