336
170
331
358
245
349
172
259
254
259
338
360
216
259
368
210
369
257
356
257
370
254
333
210
358
350
361
245
192
356
354
351
356
233
346
191
218
327
333
347
328
325
326
237
208
223
213
197
229
220
55
213
222
46
225
149
41
123
153
222
227
102
173
238
141
232
49
229
47
46
178
225
63
102
226
54
162
136
234
63
229
67
179
131
158
70
187
239
237
224
64
229
184
55
47
52
58
0
247
102
270
284
149
284
87
90
85
92
291
284
213
131
102
122
282
123
312
111
300
96
269
182
136
287
140
133
83
290
281
280
295
81
132
141
230
144
187
259
131
143
139
70
120
114
203
214
114
233
110
326
235
96
142
73
149
151
150
348
178
146
4
184
1
229
12
160
4
186
18
214
203
223
148
232
6
19
240
244
191
214
24
193
2
175
255
203
182
198
258
193
2
138
0
119
131
3
142
59
152
145
30
138
54
32
59
26
162
146
139
16
102
21
141
20
143
61
146
53
144
93
147
150
136
55
25
142
149
148
139
21
149
45
141
108
147
144
141
136
142
54
81
0
76
86
50
145
121
59
132
15
126
16
15
72
17
134
134
147
16
108
11
122
67
139
72
149
15
148
98
157
140
133
23
22
144
154
147
140
67
136
73
158
97
141
142
136
144
140
32
63
85
126
130
0
7
119
10
7
18
112
4
111
114
4
7
134
75
6
143
7
6
72
135
5
7
4
12
9
128
94
119
53
2
6
135
131
9
3
130
30
100
139
8
7
134
132
140
5
6
5
3
5
0
113
53
86
136
50
134
52
44
53
54
88
103
127
51
90
63
135
77
146
77
154
80
152
102
84
101
148
77
70
156
152
148
154
71
104
39
158
117
149
154
155
86
150
73
96
75
79
71
0
157
77
152
159
69
174
55
193
65
73
204
192
165
163
110
61
167
57
166
64
160
169
151
223
111
223
227
176
194
235
234
166
172
179
232
63
146
205
230
127
152
154
225
48
217
0
211
87
0
164
116
104
161
74
183
45
59
62
73
183
128
166
52
144
70
174
77
129
76
182
77
136
162
125
121
171
73
68
191
171
125
135
61
137
74
127
121
158
165
132
168
130
55
85
0
97
123
71
180
80
198
164
19
105
7
80
19
66
188
153
130
18
174
75
165
12
163
22
163
26
175
148
197
178
169
30
69
176
169
174
178
28
185
76
163
183
139
179
173
174
173
73
119
0
115
123
0
172
136
98
169
42
122
30
40
38
40
159
156
135
41
157
34
166
40
153
28
163
31
174
157
171
173
169
39
38
156
167
114
143
43
157
41
141
152
147
114
154
158
128
38
108
11
95
96
11
103
53
45
112
59
37
49
48
54
66
67
105
45
76
61
46
67
50
99
52
113
50
65
48
112
55
55
34
48
77
100
98
100
79
49
18
101
92
42
104
102
54
107
33
28
32
46
35
37
128
50
114
79
49
139
44
39
56
49
122
128
71
52
137
46
136
62
110
37
137
59
139
96
65
134
131
46
69
137
132
135
142
56
106
19
70
147
98
101
133
140
102
62
71
0
69
63
0
199
81
210
202
64
198
22
62
66
59
212
174
179
142
113
60
186
155
229
175
191
190
182
109
188
228
194
172
183
209
198
199
230
65
213
33
207
134
198
202
189
215
230
56
99
178
104
102
170
182
40
95
203
118
190
86
118
120
117
55
192
76
126
93
20
202
7
68
23
82
91
206
74
55
81
75
21
56
73
81
68
139
20
83
114
61
91
104
151
84
195
174
106
52
14
61
55
0
