548
249
558
569
321
554
219
348
337
335
565
560
329
331
572
265
566
320
565
336
547
325
551
293
567
539
539
327
267
555
525
562
555
329
576
260
327
579
589
586
569
584
588
332
307
296
308
309
287
358
103
375
370
102
369
283
63
213
281
369
397
135
289
404
259
421
103
425
73
127
298
397
113
155
395
89
303
271
403
121
400
122
273
207
220
120
277
369
377
370
90
385
298
75
68
79
77
0
343
141
351
362
147
366
131
121
127
132
371
418
273
143
122
142
425
146
455
192
432
155
416
284
156
456
146
164
198
445
449
455
465
134
147
152
327
157
266
379
151
157
162
127
122
126
255
259
121
374
171
496
413
119
208
80
154
164
166
523
313
271
8
333
5
368
7
263
5
335
9
312
334
367
273
395
7
12
380
386
330
343
14
348
6
306
386
352
326
330
411
342
7
252
0
233
243
7
187
88
199
203
56
206
61
54
84
45
201
202
188
46
178
45
210
55
213
82
211
86
204
170
177
191
218
82
54
219
210
224
219
52
190
75
210
166
221
216
210
212
220
79
107
0
115
106
71
180
203
111
219
28
166
25
39
67
41
226
228
188
31
150
23
215
65
236
78
238
31
236
140
191
175
229
42
29
233
193
238
251
78
255
74
211
143
192
251
258
219
260
43
114
70
161
167
0
4
138
14
12
42
110
4
97
119
3
14
187
75
6
196
3
5
115
199
4
7
5
7
6
176
153
151
75
4
5
182
203
9
3
190
36
130
186
7
7
183
188
179
3
4
3
1
2
0
199
95
148
208
44
202
56
41
56
56
148
151
189
31
144
46
158
50
198
50
191
44
183
149
137
143
178
55
63
188
188
196
191
67
156
39
196
166
200
202
214
142
200
67
140
51
126
120
0
256
130
247
265
95
259
81
218
89
99
260
259
281
204
193
115
291
98
289
114
280
241
287
303
192
297
323
226
260
324
322
281
297
230
318
108
231
299
309
224
284
277
304
95
277
0
277
161
0
262
150
120
248
126
266
53
113
76
140
278
143
249
76
216
136
274
145
159
151
275
166
169
260
188
156
281
137
126
264
255
173
177
140
237
85
220
169
272
273
157
281
180
127
117
0
111
153
79
221
103
253
295
58
193
42
51
84
46
250
304
211
98
299
45
305
64
323
92
304
93
314
228
257
301
317
92
52
294
317
311
318
80
237
50
292
225
262
306
304
307
300
58
181
0
181
187
0
172
159
93
185
70
116
56
67
70
62
188
189
136
71
184
66
190
69
175
53
194
54
193
181
191
198
194
74
63
168
194
130
165
67
187
63
176
172
172
130
175
180
163
74
110
20
99
101
19
118
73
43
138
101
50
57
63
71
98
96
127
77
84
89
66
82
62
132
60
115
68
87
73
125
84
79
52
57
98
133
131
134
97
77
27
128
96
50
132
136
69
142
45
33
39
58
40
37
182
63
164
121
76
211
73
43
73
73
171
193
118
64
200
62
202
81
179
42
201
74
203
175
154
207
211
60
88
208
220
217
208
92
179
54
150
232
159
192
224
214
190
99
123
0
122
115
0
248
96
259
263
84
268
36
88
90
85
274
234
266
189
184
114
296
206
304
250
281
259
281
194
292
296
290
226
237
308
302
297
332
115
323
53
303
214
312
311
250
337
322
121
133
221
108
115
216
240
26
71
245
194
255
158
200
188
189
47
258
68
200
63
21
257
11
61
20
67
155
264
67
64
64
66
20
50
72
68
69
225
21
65
187
63
75
110
212
68
241
258
159
50
12
54
46
0
