334
135
346
334
177
344
105
186
187
192
340
326
160
181
323
146
314
182
326
175
324
174
305
164
314
314
315
162
135
302
311
315
315
176
314
131
180
337
328
311
318
346
342
177
146
137
154
173
136
180
33
190
186
58
186
164
20
132
153
202
162
56
148
174
126
177
49
165
27
61
163
178
48
57
182
23
173
136
191
47
176
49
190
101
159
47
169
206
209
212
24
195
188
20
12
19
18
0
186
80
195
196
75
210
64
63
61
61
195
204
123
76
60
59
206
74
213
74
201
61
174
101
75
185
72
77
55
195
184
192
192
44
62
79
172
74
122
173
65
65
71
32
45
43
133
128
46
190
100
242
198
49
105
31
68
79
73
261
184
147
4
180
3
189
1
147
0
181
1
177
164
168
145
193
2
5
202
207
170
167
2
171
2
163
212
171
171
156
199
167
0
127
0
131
129
3
79
41
87
89
26
86
14
11
20
25
88
81
74
15
69
23
95
22
86
17
86
14
83
59
62
74
85
18
15
83
87
82
87
17
72
19
81
79
90
86
83
85
88
14
46
0
44
49
14
69
61
48
75
7
69
5
5
26
7
80
101
71
13
64
14
94
34
91
28
99
18
95
57
77
74
99
17
12
96
84
100
104
33
98
26
75
69
72
92
93
84
100
9
51
30
74
72
0
4
66
7
4
14
43
1
53
57
1
3
87
36
3
91
4
1
43
80
2
5
4
7
2
91
72
77
38
2
5
94
96
6
3
83
18
61
86
4
2
89
72
79
2
2
2
1
3
0
73
39
50
77
24
75
32
19
34
33
54
58
76
27
57
29
54
37
78
34
85
39
87
65
54
62
84
33
40
94
96
95
97
25
65
16
77
76
75
78
83
55
81
28
45
33
52
52
0
111
71
115
115
27
116
24
125
27
32
133
128
112
102
90
31
129
27
128
30
123
137
112
152
82
144
156
127
133
159
145
127
122
127
141
40
104
135
157
98
136
132
152
28
154
0
139
84
0
100
58
54
85
38
108
16
30
23
39
99
59
90
20
72
37
87
40
65
41
98
42
60
95
70
57
101
45
40
106
100
63
59
44
96
25
82
65
106
103
66
105
73
33
51
0
55
63
23
109
50
123
116
11
69
16
35
26
29
120
112
81
16
108
27
103
11
104
16
108
21
124
82
110
125
139
22
28
127
131
130
137
23
115
35
114
115
99
123
129
122
119
40
76
0
72
88
0
109
48
42
74
23
71
12
49
51
21
77
70
59
50
74
20
113
49
69
10
102
14
113
92
111
103
102
52
47
76
104
61
78
44
95
48
94
83
72
48
74
60
81
17
47
16
44
46
16
57
23
10
49
35
19
19
21
33
43
19
47
24
31
23
18
25
32
56
20
63
19
21
20
53
21
23
24
14
50
55
49
50
38
21
11
46
43
12
52
54
17
59
13
7
10
10
10
7
67
31
51
39
27
82
15
26
34
37
60
79
37
17
77
18
83
31
58
27
73
30
77
53
49
77
77
15
36
74
73
81
85
48
46
18
47
75
65
55
90
84
55
48
41
0
36
39
0
119
48
99
112
53
126
31
48
47
50
117
93
126
94
66
51
115
98
131
127
120
118
108
66
111
143
107
113
124
137
102
103
148
52
136
19
109
81
119
123
128
135
144
47
48
115
46
43
104
122
19
45
123
93
124
74
83
89
90
29
114
28
84
37
7
123
5
35
7
36
65
146
37
37
40
36
7
37
42
40
42
123
7
39
85
39
47
66
109
50
118
124
73
33
4
37
35
0
