335
212
345
359
278
341
161
295
297
274
337
358
238
276
361
259
355
288
352
279
343
277
341
242
334
335
331
256
237
324
321
335
321
266
347
232
235
336
340
347
338
358
331
273
220
256
223
209
259
166
37
165
157
29
176
132
19
95
135
173
184
64
152
193
138
201
36
200
32
43
151
203
63
85
205
36
175
145
207
59
204
57
164
134
134
62
170
212
215
226
47
220
162
34
29
37
37
0
207
92
252
239
87
234
67
70
66
74
232
212
176
80
67
77
221
83
228
48
229
37
207
153
88
206
89
91
47
208
222
222
240
122
84
92
235
92
217
299
88
95
105
106
71
65
186
209
61
216
108
357
219
79
222
135
178
194
184
388
186
131
1
191
1
188
10
141
6
184
17
185
159
190
156
219
4
20
215
225
178
189
12
175
0
147
198
186
142
157
201
178
1
138
0
129
140
0
90
27
85
94
34
91
29
17
31
28
102
85
65
13
58
25
92
22
95
29
92
30
96
63
66
68
92
26
31
95
94
96
87
42
76
30
78
87
110
103
110
105
104
29
49
0
46
51
29
92
97
57
119
20
92
14
21
37
23
113
109
106
9
98
13
108
44
115
39
116
17
111
79
103
105
124
20
17
122
110
120
128
47
124
36
105
87
97
129
130
115
129
16
65
35
98
97
0
6
68
8
5
12
52
2
53
62
1
5
79
36
6
97
3
6
53
107
4
3
2
5
5
75
64
69
28
3
5
72
89
7
3
81
15
53
78
6
5
74
71
80
2
4
3
1
4
0
99
47
52
97
37
102
31
22
35
34
54
66
85
22
58
34
78
35
97
38
97
31
86
59
49
53
83
44
45
91
83
95
98
43
75
17
90
73
100
98
102
56
103
47
64
40
60
59
0
133
80
126
125
26
128
27
240
29
27
253
173
136
128
97
37
145
29
149
42
139
256
149
277
102
267
284
204
259
292
285
151
151
232
283
44
141
245
285
115
150
147
296
31
259
0
259
87
0
115
68
68
109
58
120
26
49
39
51
121
83
114
29
109
49
119
57
74
53
134
53
75
109
76
79
119
42
35
110
113
84
91
27
109
41
91
85
112
113
85
107
85
31
62
0
64
86
34
80
37
92
89
15
57
19
33
35
38
88
83
63
29
80
46
81
25
82
24
85
32
96
67
89
96
93
38
37
90
90
86
100
37
89
35
82
81
82
98
94
100
84
43
49
0
50
51
0
224
93
148
195
24
166
19
47
52
23
202
191
173
45
191
22
222
50
183
16
216
18
217
215
230
227
220
50
41
189
225
186
179
48
211
39
209
211
193
172
223
196
208
23
178
13
163
159
12
81
41
22
73
47
26
33
29
38
43
52
60
29
31
44
36
51
20
57
34
52
39
37
36
63
42
38
12
39
48
57
53
50
37
39
8
60
44
25
56
70
31
59
19
18
25
29
22
22
77
23
74
43
30
70
28
21
30
35
73
84
46
24
77
22
81
20
72
17
73
23
72
63
43
76
76
25
31
83
81
78
82
24
62
13
60
79
70
66
84
70
69
23
51
0
47
51
0
97
46
101
105
15
241
10
20
16
17
93
90
101
211
62
23
103
239
255
247
98
242
95
68
92
263
95
228
225
260
99
97
264
21
256
10
101
76
87
100
237
266
270
19
63
219
59
60
219
80
15
46
80
43
69
35
42
44
41
33
87
30
48
42
17
85
5
43
14
41
43
86
47
40
45
37
14
29
46
40
48
62
15
38
50
45
42
52
75
44
100
96
41
29
8
36
30
0
