240
95
250
245
119
245
61
121
124
130
239
221
121
122
217
95
218
118
214
122
215
115
197
122
199
187
198
108
103
189
187
202
191
102
182
98
135
186
182
190
189
194
195
105
141
114
143
142
113
83
12
80
83
12
81
60
10
51
56
85
120
27
97
121
82
119
15
119
11
22
94
85
19
35
83
14
63
52
82
20
84
19
68
48
50
18
63
89
87
90
15
81
69
16
8
16
18
0
104
41
112
108
39
118
33
37
32
31
120
139
83
30
24
30
144
31
159
70
148
65
154
81
35
170
37
39
87
170
154
167
166
97
36
45
120
44
129
176
46
44
45
95
25
21
83
81
29
96
20
178
96
33
127
78
109
112
115
181
73
58
0
72
1
71
0
61
1
68
1
49
66
66
58
69
0
2
72
73
68
58
5
71
1
67
79
75
73
75
88
70
0
63
0
61
59
1
49
27
54
53
21
55
16
9
18
17
52
63
42
4
50
24
69
23
60
9
62
13
50
39
37
38
54
16
15
50
58
49
51
5
37
13
34
38
45
40
42
42
44
13
30
0
28
30
13
61
56
36
64
8
53
8
8
16
8
69
70
63
2
49
13
74
24
77
25
78
12
75
43
62
59
84
14
9
86
73
84
86
23
82
24
68
47
64
87
84
69
79
16
31
24
55
52
0
2
25
3
2
2
26
2
24
27
2
3
39
11
1
41
2
1
11
38
1
1
1
3
3
39
25
40
15
0
3
41
48
3
1
24
3
18
27
2
3
29
28
26
1
0
2
0
1
0
43
28
37
55
22
55
11
13
15
15
46
35
62
11
38
25
54
31
69
30
66
28
69
36
35
34
66
26
31
66
59
69
67
31
45
9
68
52
62
62
67
38
66
31
41
24
37
42
0
49
23
53
54
15
56
16
121
15
17
132
92
43
67
32
8
46
9
45
10
44
105
33
134
31
134
132
88
113
148
137
43
45
103
133
10
40
118
134
38
51
50
137
11
133
0
129
38
0
58
43
29
61
21
62
9
22
18
23
61
42
60
9
59
25
61
24
43
25
64
21
50
61
43
38
64
24
17
67
64
43
47
20
58
21
57
45
65
64
45
65
47
24
42
0
41
41
20
87
25
95
94
10
81
7
25
14
26
98
97
76
18
94
24
106
17
101
17
100
16
92
73
96
94
91
20
25
90
100
102
98
14
101
24
92
101
92
108
99
98
102
24
81
0
79
80
0
111
58
99
127
18
100
14
12
9
21
132
134
115
8
133
27
126
8
135
16
123
25
119
120
121
126
128
8
6
115
122
108
118
6
120
5
110
106
126
104
113
127
119
23
110
2
105
107
0
41
21
8
41
26
11
20
17
30
30
22
31
17
22
25
18
23
21
28
19
36
16
28
27
34
29
30
13
19
29
28
33
31
20
20
4
32
34
25
39
36
26
35
15
7
10
16
10
5
43
5
26
20
18
35
10
15
18
21
26
40
21
12
38
7
38
18
29
15
46
21
45
34
29
46
42
10
18
44
44
46
44
22
31
4
24
41
39
25
42
47
30
23
23
0
20
16
0
92
36
93
98
41
108
27
42
40
40
100
52
103
101
63
43
94
115
134
119
99
119
113
54
105
128
109
112
117
130
105
105
137
54
131
17
106
93
116
111
121
137
137
54
44
122
43
44
120
95
15
31
107
72
100
65
73
74
74
23
121
30
90
31
4
131
3
30
5
30
82
138
27
28
31
31
5
17
34
31
27
113
6
30
105
20
34
53
109
29
129
142
92
22
6
26
24
0
