317
142
301
319
156
316
101
161
166
154
317
306
140
161
304
136
316
157
313
152
308
154
300
173
293
309
307
153
130
295
297
299
316
151
297
126
148
313
312
306
299
298
317
152
167
132
167
176
138
203
27
200
200
36
205
171
23
169
181
198
174
52
142
191
124
184
26
175
23
32
149
119
31
49
138
21
105
89
120
31
133
32
84
58
69
29
91
106
115
110
27
104
79
26
20
21
23
0
119
65
123
129
41
123
23
19
15
19
127
152
84
45
37
37
149
46
163
57
164
41
184
88
56
180
51
51
72
182
188
185
179
34
38
47
128
48
118
146
44
46
49
38
36
34
113
115
32
162
82
249
171
48
152
74
100
109
106
263
144
126
5
152
3
158
7
132
2
153
8
138
130
154
137
150
4
5
160
169
153
154
10
150
1
139
176
155
121
142
175
153
4
121
0
121
114
2
75
20
78
78
17
76
16
8
21
16
77
65
61
6
48
9
63
10
63
19
62
24
60
41
62
62
62
17
8
60
58
57
55
4
66
22
50
48
54
52
52
58
52
24
47
0
43
43
21
37
24
19
28
3
30
3
3
18
4
32
36
41
2
28
5
35
22
38
22
35
7
35
23
42
44
38
8
5
41
40
37
42
19
50
24
46
26
38
43
47
46
46
11
20
24
35
35
0
1
10
1
2
2
6
0
5
7
1
2
24
3
0
20
1
1
16
20
0
2
0
2
2
18
11
9
8
0
2
17
18
2
0
15
0
5
17
1
1
15
12
14
0
0
0
0
0
0
35
13
33
41
1
45
0
2
1
3
30
33
32
1
29
1
31
2
35
1
38
2
41
33
31
27
32
0
2
32
33
35
34
2
32
2
35
29
35
39
36
29
33
3
28
0
33
31
0
74
52
62
74
2
75
2
127
2
0
148
87
77
74
68
4
76
1
70
3
83
140
85
170
65
165
169
107
142
169
177
75
81
116
177
4
82
137
178
72
71
73
168
3
169
0
165
69
0
92
86
28
86
3
80
13
5
19
6
83
89
84
2
86
6
84
5
88
5
89
7
94
98
85
82
90
13
11
103
97
99
100
15
89
25
92
99
99
87
86
97
87
13
75
0
75
87
19
45
26
56
68
9
71
23
3
32
2
54
84
56
32
78
3
82
31
88
33
88
36
98
61
58
102
96
46
2
100
96
103
96
50
56
4
72
55
85
105
101
98
107
3
55
0
53
49
0
134
71
96
125
22
100
27
36
35
28
127
123
96
33
127
29
133
41
121
29
138
30
131
130
139
137
135
38
31
120
131
91
118
38
133
38
112
125
130
92
120
126
116
39
94
6
95
95
5
94
13
17
104
86
10
13
18
74
82
23
68
30
53
21
21
20
47
69
18
64
20
19
18
50
19
17
22
10
50
59
54
59
46
10
24
60
53
8
60
67
12
64
11
11
11
12
10
9
40
10
17
9
32
44
16
29
34
34
21
38
14
19
44
15
35
34
24
29
41
36
48
23
18
50
47
14
36
43
45
47
47
33
22
11
21
42
39
26
43
48
27
39
5
0
3
5
0
72
16
68
75
39
112
38
46
41
44
67
32
63
106
31
37
64
133
141
136
61
135
70
32
65
137
66
133
136
135
67
66
134
39
123
12
64
47
64
61
135
145
127
31
20
123
19
24
120
59
2
6
60
53
59
51
49
53
52
3
48
8
38
5
0
52
1
4
1
5
47
46
3
4
2
3
1
10
4
2
3
45
2
3
46
3
3
15
45
5
53
49
49
5
1
3
4
0
