227
104
232
228
124
233
92
144
144
135
232
231
120
143
237
125
240
144
229
146
234
141
209
123
214
205
203
126
103
206
209
226
202
119
206
104
124
203
211
220
212
222
207
134
124
113
115
118
107
132
39
137
126
34
138
105
20
86
103
121
142
49
122
138
95
141
44
139
25
48
117
152
47
58
153
34
116
106
149
47
160
50
125
91
99
54
118
156
157
168
33
161
133
32
27
25
29
0
153
68
150
161
52
164
65
63
57
63
166
145
89
54
44
52
148
57
149
50
147
42
144
88
51
150
53
49
44
153
161
157
149
27
56
59
123
53
102
137
57
57
60
21
46
41
109
109
42
137
55
190
143
36
74
21
60
62
64
214
122
99
2
135
3
140
8
93
4
126
12
116
119
136
104
136
3
7
141
145
120
121
8
129
2
117
130
122
109
102
126
129
3
94
0
87
95
2
73
32
80
70
18
75
29
21
32
11
82
76
66
15
48
11
80
18
83
29
89
31
82
56
68
68
75
29
19
81
82
80
80
11
64
31
64
63
76
68
62
63
66
31
45
0
45
37
27
75
53
32
65
10
68
7
7
26
9
68
62
68
6
50
5
65
35
68
37
70
10
75
53
71
74
74
13
12
80
77
83
80
35
66
33
78
49
75
74
72
80
59
3
36
29
69
72
0
5
57
5
5
11
41
3
37
41
2
7
62
28
4
59
5
4
25
62
2
2
4
6
4
47
47
49
17
4
5
55
53
5
3
71
10
46
67
5
5
65
62
69
4
3
4
0
5
0
60
27
44
71
22
70
24
16
23
24
45
46
63
11
39
25
45
30
70
28
66
27
68
43
36
31
70
24
37
69
66
65
70
26
35
13
69
48
64
67
62
29
63
29
36
17
33
32
0
102
58
99
104
36
108
35
98
40
40
114
109
117
101
66
52
117
44
114
47
112
102
104
126
68
120
129
105
115
126
138
97
102
94
127
25
89
110
124
78
92
98
116
18
115
0
116
59
0
87
65
36
86
22
88
24
22
31
29
86
61
91
21
82
30
96
28
73
32
98
33
74
89
64
64
87
31
22
91
81
67
68
35
79
33
77
69
95
85
73
94
87
30
54
0
50
65
36
77
33
72
87
15
48
9
26
18
16
73
78
45
23
78
26
73
15
65
22
84
20
69
57
77
74
84
19
24
82
75
85
75
18
72
21
79
74
79
85
88
81
78
24
55
0
52
51
0
80
51
29
59
23
50
13
37
34
24
56
54
49
35
53
25
83
34
61
19
90
23
95
79
88
84
86
30
23
65
85
48
55
26
77
24
72
69
62
49
71
58
66
24
39
9
39
37
8
56
32
16
56
39
24
23
27
31
37
33
57
24
39
32
26
34
31
55
27
52
29
32
30
51
32
28
17
23
37
50
43
44
36
23
15
49
40
19
45
47
19
56
17
11
11
25
15
14
53
25
42
33
31
56
30
18
28
32
49
60
32
25
51
25
55
29
44
16
62
24
49
32
21
51
51
24
31
53
51
52
54
35
47
8
47
66
38
48
61
69
43
35
26
0
23
21
0
95
46
94
92
29
119
15
34
34
30
94
87
92
85
52
29
100
90
114
106
96
106
91
46
94
141
98
103
103
128
96
95
126
34
131
10
87
63
95
93
118
134
140
29
55
95
52
57
95
77
18
34
89
49
84
44
47
51
49
23
85
25
61
41
8
86
2
31
7
39
55
90
38
30
32
32
5
14
35
35
28
71
5
30
64
30
34
48
72
26
93
103
51
22
6
26
23
0
