229
97
240
224
135
233
79
139
139
140
237
246
96
132
240
98
248
134
244
130
247
128
219
122
221
224
219
127
103
223
222
216
225
115
216
106
118
227
213
211
227
224
222
128
97
112
98
102
112
131
24
135
137
38
140
119
23
93
122
148
127
55
112
134
84
134
39
130
27
37
118
158
49
54
153
32
131
110
166
49
163
47
117
92
91
43
120
157
151
154
30
145
127
28
21
30
31
0
147
81
151
147
68
158
59
48
50
53
171
155
115
61
48
58
163
63
165
72
178
48
166
100
62
164
65
66
63
166
167
174
176
34
55
64
142
64
114
156
62
60
60
31
39
39
105
105
42
135
81
174
154
39
76
18
47
50
45
186
132
113
5
139
2
149
0
112
4
134
2
143
117
150
119
167
7
11
163
156
132
137
4
124
3
125
149
142
100
111
148
144
1
98
0
89
108
1
60
21
61
64
14
64
28
14
29
11
65
35
54
3
37
4
40
5
37
22
41
29
49
38
47
51
52
24
9
47
51
49
49
12
53
24
50
48
54
48
54
55
58
29
29
0
29
31
24
71
77
52
85
11
63
7
12
26
10
86
82
67
8
60
9
71
28
80
29
70
10
74
60
79
75
82
10
8
77
76
77
77
26
81
32
70
56
70
81
77
73
84
9
44
32
61
62
0
2
25
2
0
5
22
0
22
23
2
0
46
14
1
46
2
1
25
45
1
0
2
1
1
40
35
34
10
1
1
43
47
2
0
48
7
48
60
2
3
57
54
45
1
2
1
0
2
0
66
34
50
76
19
75
20
20
21
23
48
54
71
13
41
13
54
19
72
21
74
25
68
63
49
48
73
26
32
81
85
75
82
33
69
14
99
65
91
98
102
52
99
35
52
28
43
49
0
125
61
132
137
47
134
43
81
55
54
106
102
126
67
79
58
141
36
143
51
138
80
120
118
72
112
124
87
97
121
123
109
123
84
122
34
105
117
132
101
116
118
122
30
116
0
114
81
0
100
64
58
95
47
104
21
42
30
43
117
55
115
38
96
64
125
64
61
65
120
75
65
109
60
60
107
59
48
109
113
64
68
47
83
31
80
69
93
89
59
103
66
53
47
0
46
54
31
84
39
89
86
20
58
20
26
33
25
77
81
55
22
77
26
85
16
79
33
83
27
94
69
83
101
84
27
28
90
94
97
94
29
82
24
86
74
81
93
93
94
89
25
53
0
51
56
0
62
46
24
55
28
46
22
45
38
28
57
59
36
47
54
29
61
39
61
29
71
30
70
69
79
65
70
33
33
52
68
32
50
35
50
24
43
52
49
29
43
53
48
25
29
14
28
25
10
48
25
10
46
39
21
21
23
32
30
29
31
22
24
32
16
32
21
43
22
44
23
30
30
45
38
35
14
18
37
44
42
35
30
27
8
41
40
28
43
45
27
50
21
14
10
22
15
11
73
23
77
51
15
81
21
10
13
16
72
89
72
14
81
20
81
18
71
12
72
20
89
65
56
86
89
20
36
95
88
94
93
25
78
15
70
91
66
74
93
87
66
27
49
0
48
51
0
76
34
93
80
24
113
16
22
23
27
87
77
78
74
45
20
84
70
118
85
86
83
83
44
91
125
88
82
88
124
89
93
132
21
129
10
92
64
101
97
114
149
132
24
51
86
51
50
86
92
14
33
93
49
95
49
55
59
54
22
74
24
58
30
10
80
4
32
9
35
44
77
31
28
33
27
11
18
28
30
34
58
10
36
44
31
32
41
63
37
71
65
45
22
8
25
26
0
