466
201
456
463
302
465
189
326
311
309
471
433
240
293
421
237
433
310
427
283
455
288
433
228
406
432
419
309
228
408
449
428
430
272
405
227
232
440
420
424
438
426
446
278
211
247
228
248
241
278
51
295
283
71
286
238
49
140
227
278
250
89
206
269
171
266
67
268
48
97
220
266
88
104
272
54
214
160
265
95
258
84
199
185
138
95
186
272
272
277
70
270
198
46
36
44
43
0
276
143
298
310
132
324
88
95
84
86
305
295
201
106
96
108
282
120
318
104
308
72
288
194
135
295
117
131
89
312
313
318
308
92
112
121
289
131
224
305
122
131
125
75
81
80
228
222
78
255
123
369
279
93
158
81
147
158
132
374
232
194
11
261
7
299
13
177
2
247
14
226
216
247
208
285
10
6
255
273
225
264
13
256
3
218
262
249
214
234
276
228
1
168
0
143
157
3
89
39
103
97
43
101
38
30
45
34
97
104
98
38
95
52
116
52
119
39
108
48
108
63
89
89
118
50
52
109
116
119
118
39
79
39
78
80
102
119
105
93
103
46
45
0
48
48
44
126
133
65
153
15
120
12
16
62
15
141
147
137
13
95
12
137
45
149
59
144
19
141
93
127
120
144
13
12
136
134
152
146
61
147
60
140
100
129
147
143
136
154
12
67
47
113
111
0
9
81
12
12
18
59
8
63
68
8
12
113
40
6
128
9
10
65
130
6
14
9
12
9
111
98
97
40
7
10
106
112
14
11
135
28
98
136
10
12
129
135
126
7
11
11
2
8
0
122
56
89
128
35
122
40
25
35
37
89
87
116
36
79
35
91
38
135
43
133
40
115
100
86
88
105
41
40
115
110
125
117
34
96
29
121
119
124
125
126
82
133
47
81
40
74
76
0
173
87
172
174
51
174
47
204
53
60
209
186
161
162
111
54
165
52
162
60
168
228
172
239
134
236
271
206
240
254
255
189
186
221
243
57
174
235
253
163
193
192
258
47
233
0
239
110
0
156
82
78
145
71
163
28
60
52
82
161
97
162
40
131
67
163
76
99
73
165
81
110
171
127
95
175
80
79
176
175
106
107
77
148
49
141
102
174
171
93
184
112
69
75
0
76
106
53
124
57
140
162
39
86
18
39
50
32
132
162
106
44
161
36
155
28
166
42
155
43
154
106
127
166
164
52
33
163
169
152
165
54
127
38
147
124
116
160
159
154
159
40
100
0
90
97
0
184
83
92
138
20
127
14
81
68
27
135
124
108
71
134
18
181
68
126
12
171
18
181
174
190
187
186
71
68
135
189
108
131
67
162
58
156
147
141
99
142
127
129
28
110
19
93
91
17
66
54
21
66
49
26
44
46
36
45
63
61
32
30
53
47
54
25
66
55
68
50
56
40
63
49
47
30
35
42
54
57
55
51
43
22
69
46
38
60
73
30
72
27
14
25
23
9
19
103
27
90
70
34
106
34
24
36
29
93
87
69
34
97
25
103
34
99
18
91
31
109
94
74
115
102
27
33
108
105
106
114
34
100
20
87
105
86
100
107
105
103
27
70
0
64
69
0
137
56
141
146
46
213
19
46
50
44
144
140
145
186
112
53
153
187
245
204
150
209
142
95
152
244
153
199
216
244
165
168
266
58
259
38
165
117
177
183
224
266
254
50
90
198
85
85
197
123
29
36
136
103
138
87
92
98
109
22
143
52
93
40
8
134
7
32
11
54
83
150
44
34
43
49
11
51
41
52
41
119
8
49
105
32
53
87
116
43
158
155
81
34
6
35
36
0
