269
153
277
280
165
281
132
175
181
176
276
296
142
191
303
172
301
176
298
183
307
177
323
162
331
331
338
176
147
321
330
328
329
174
337
139
163
343
339
347
350
343
351
177
162
161
168
160
163
192
24
190
183
25
187
155
15
132
156
192
167
49
152
179
139
178
18
174
17
35
148
173
34
52
179
24
135
123
179
43
179
41
122
76
112
28
121
158
162
150
25
154
129
18
12
19
19
0
173
73
184
187
61
192
60
53
53
57
188
203
121
54
35
47
203
50
213
93
206
76
221
111
54
231
45
58
105
231
223
227
244
90
52
55
168
51
175
227
64
64
60
85
43
49
135
143
45
203
84
279
209
78
133
51
122
133
126
288
164
123
0
157
1
192
11
141
15
165
23
170
148
183
143
214
3
18
211
206
156
184
16
157
1
139
188
151
147
160
197
159
1
133
0
118
132
1
85
32
89
88
30
94
14
15
22
24
91
78
52
18
60
20
80
25
90
17
88
16
78
53
57
56
82
26
20
87
89
86
78
29
57
18
69
85
90
84
95
92
100
18
43
0
39
39
18
74
65
39
83
11
72
10
8
26
12
85
80
73
11
70
11
84
30
84
32
85
16
78
63
71
70
81
13
9
87
79
83
85
29
78
28
71
62
67
80
75
71
74
12
36
33
64
64
0
1
35
1
2
4
25
1
22
26
1
2
53
21
0
56
1
1
42
59
1
1
0
1
0
53
40
45
16
0
1
51
54
1
1
38
9
31
43
1
0
43
49
43
0
0
0
0
0
0
82
31
61
82
34
88
27
21
35
30
55
56
83
20
50
24
60
40
87
35
82
33
79
57
46
47
85
42
48
79
79
82
76
37
65
10
75
60
82
85
84
47
79
32
55
36
45
43
0
77
48
83
87
16
74
18
142
19
18
150
97
91
87
57
21
92
18
84
25
84
156
88
169
63
168
178
138
160
174
174
88
83
153
170
21
72
154
179
72
89
86
174
20
166
0
155
53
0
90
58
54
88
25
91
21
21
28
27
94
64
82
21
77
33
95
36
66
35
88
35
70
97
67
68
95
37
30
99
100
71
81
30
81
33
80
69
92
87
64
96
70
23
54
0
55
67
30
66
18
66
59
12
40
14
39
22
38
65
55
51
18
54
37
51
14
54
15
55
17
58
44
70
55
56
17
37
57
54
49
52
16
64
37
45
66
51
56
53
46
46
34
32
0
31
34
0
153
78
108
135
18
99
15
39
31
19
127
127
118
36
124
18
153
43
124
17
154
16
154
145
152
170
160
37
29
118
149
116
131
40
144
29
132
139
133
113
141
126
139
13
116
7
110
107
5
52
25
16
56
34
17
26
26
29
34
41
60
31
31
40
25
35
33
52
28
53
23
35
28
48
33
31
16
20
49
55
51
48
35
34
13
53
49
25
46
51
24
55
10
13
12
24
11
10
54
15
39
37
22
58
13
16
30
25
51
65
39
18
69
10
64
32
39
20
65
24
72
44
34
70
73
19
39
75
69
76
83
37
46
4
44
71
61
57
72
79
47
34
39
0
32
36
0
82
28
93
89
31
143
16
31
32
35
89
68
85
126
34
34
85
138
167
140
85
144
84
44
88
160
96
140
146
160
91
93
169
30
165
16
88
68
96
90
150
171
173
26
42
148
42
40
141
66
15
47
69
30
68
26
40
33
29
32
72
33
39
47
11
76
8
40
11
49
31
72
40
40
47
45
7
17
47
43
45
52
9
44
34
44
44
52
57
43
68
73
24
29
4
36
31
0
