384
164
392
402
264
408
164
270
263
282
387
383
214
248
389
215
386
258
384
251
385
242
387
229
404
384
400
250
216
385
397
394
382
253
404
203
235
407
409
403
397
417
401
262
185
212
181
195
221
277
61
266
271
63
275
205
41
170
202
282
248
130
183
264
170
273
56
272
50
90
201
278
82
127
281
59
232
189
294
85
287
84
176
156
151
79
184
244
270
244
60
249
198
51
37
52
48
0
225
123
270
273
127
261
95
83
81
83
272
277
212
116
96
110
293
117
292
92
310
81
275
200
125
285
129
129
96
284
308
300
296
86
120
138
233
134
193
278
125
125
132
68
90
86
211
212
82
255
127
334
268
97
105
54
109
124
115
338
226
190
4
232
2
263
9
193
7
223
10
233
243
262
192
274
3
9
274
267
230
242
8
203
2
204
272
223
224
208
263
217
1
155
0
148
154
2
137
79
153
154
52
150
45
26
51
42
159
165
136
31
121
41
156
47
159
59
154
54
162
124
113
122
186
52
59
178
171
172
172
44
148
45
159
144
168
168
166
165
161
53
80
0
69
79
44
119
113
59
122
24
115
18
23
49
24
130
121
121
14
88
14
124
54
127
56
120
13
135
104
133
128
133
16
16
148
131
142
135
68
153
59
139
113
124
156
160
144
154
20
76
63
120
117
0
26
124
26
18
43
89
30
83
96
25
29
135
102
25
160
26
32
71
153
26
22
28
28
28
160
135
154
69
22
13
168
153
26
27
185
69
153
189
22
31
192
181
188
33
29
29
15
31
0
184
88
124
197
72
193
71
60
78
68
130
140
199
96
124
70
169
94
210
91
200
93
192
140
129
165
194
93
96
205
201
199
221
108
139
80
206
179
214
210
220
132
203
94
131
79
124
107
0
220
121
208
231
61
225
60
160
74
68
205
205
230
162
170
65
221
55
208
68
233
185
224
250
171
249
254
193
211
258
272
254
238
192
265
78
236
248
265
215
255
259
269
50
252
0
245
152
0
182
130
86
155
77
189
48
60
59
76
177
116
168
65
143
68
168
76
132
87
193
90
131
187
141
120
184
66
71
197
182
139
124
89
185
62
164
130
187
192
132
185
134
69
83
0
79
120
53
139
82
156
128
24
74
31
93
48
82
159
140
102
53
141
82
145
41
140
53
147
51
144
110
154
149
151
51
79
154
149
154
149
48
144
95
132
131
121
144
145
140
144
89
68
0
65
74
0
135
134
63
150
75
104
55
72
65
69
144
129
84
55
145
69
128
56
134
51
131
66
160
124
154
159
140
68
61
134
145
91
132
77
129
65
128
128
133
76
126
125
124
56
63
14
70
64
11
98
39
26
106
71
38
40
49
64
75
61
88
39
59
52
40
50
53
90
49
85
48
52
51
103
46
47
31
36
81
93
80
84
65
51
19
80
59
43
76
79
42
87
29
18
24
34
17
25
111
61
89
67
46
128
36
38
56
56
104
120
73
30
136
28
126
53
92
34
135
61
134
102
78
124
130
33
58
135
136
123
151
54
99
12
86
128
83
112
129
131
104
57
63
0
69
69
0
159
79
165
174
37
178
9
31
29
34
177
173
151
133
98
40
160
153
206
178
155
159
150
82
152
211
150
159
181
207
159
162
221
50
209
16
170
99
149
150
174
237
224
34
71
152
72
91
148
142
39
87
139
62
148
42
69
67
71
69
158
72
73
90
31
150
18
80
36
99
45
145
90
81
95
99
37
38
104
95
94
93
38
89
64
80
99
115
95
94
139
155
42
70
22
64
61
0
