224
105
227
216
133
227
106
144
145
150
225
246
140
148
245
127
237
139
232
147
227
142
232
136
243
233
225
135
117
239
229
234
235
134
226
120
113
231
233
238
237
224
238
147
131
135
121
128
132
138
24
145
143
25
152
123
14
78
115
152
143
53
107
139
86
149
23
140
18
22
110
160
42
59
154
25
132
106
157
34
162
34
109
88
93
32
106
153
149
155
32
144
111
25
18
25
24
0
139
72
148
151
60
145
48
49
59
63
156
140
117
52
44
53
140
57
154
53
143
37
122
89
62
143
65
70
26
134
143
139
141
42
61
65
136
62
119
158
63
66
60
38
49
44
119
121
50
145
53
194
153
41
93
38
74
72
79
212
134
95
2
132
1
147
6
99
7
130
10
103
106
114
94
135
3
8
132
127
115
107
8
126
1
108
139
119
99
110
140
121
1
90
0
85
90
0
45
21
47
43
19
47
26
21
27
10
49
47
50
10
42
9
55
15
54
25
55
26
65
41
50
48
66
26
26
68
61
64
58
26
56
19
57
57
71
76
76
74
73
32
21
0
22
25
26
73
68
38
80
8
59
9
6
31
7
71
96
78
9
53
15
96
29
101
35
101
19
91
54
79
74
87
16
8
87
81
90
81
34
90
32
72
56
75
89
89
71
91
18
40
32
59
77
0
3
34
6
5
10
26
2
18
26
3
6
61
18
1
60
2
2
22
58
3
3
2
2
2
71
52
78
40
1
3
86
84
4
3
60
14
46
76
3
2
65
65
65
2
2
3
2
2
0
100
40
82
105
25
105
23
18
23
22
68
79
86
9
69
18
71
20
113
14
99
20
100
85
75
68
89
31
14
96
96
90
96
22
84
10
103
74
106
106
107
70
98
28
76
30
65
65
0
116
62
110
123
40
120
33
113
35
39
131
139
112
96
72
34
121
31
112
36
117
113
112
162
80
145
164
122
118
156
163
118
114
109
151
49
92
135
151
103
129
125
163
37
129
0
139
79
0
108
75
43
107
53
120
23
40
29
47
110
66
101
21
86
41
108
45
66
37
96
45
71
123
72
68
107
47
45
123
118
80
81
43
95
31
91
66
117
107
75
107
77
28
54
0
45
56
27
65
33
76
93
21
69
45
29
45
22
65
92
69
56
106
20
98
45
109
59
107
54
94
58
61
107
106
52
20
102
101
100
107
57
67
21
85
62
90
117
115
110
103
29
38
0
40
39
0
89
62
40
75
33
64
20
31
38
25
77
78
54
33
81
24
88
33
74
20
90
28
92
83
85
84
81
27
15
83
81
56
78
27
75
22
83
76
91
68
80
86
76
31
46
6
48
51
5
55
31
18
56
31
24
25
29
29
34
40
57
28
36
39
30
43
23
44
30
48
27
38
33
51
34
30
29
16
42
48
52
55
28
27
17
50
28
25
42
51
28
48
17
13
12
23
17
13
58
13
55
47
16
64
17
11
12
15
57
68
46
15
65
18
65
14
66
10
56
15
66
63
48
65
66
20
16
63
62
67
67
20
54
13
56
67
55
60
65
71
67
24
33
0
37
38
0
83
37
94
82
27
127
12
23
22
23
74
73
87
101
71
26
90
108
131
119
91
121
94
74
92
145
94
108
106
126
95
93
133
27
130
18
95
76
89
85
121
143
126
24
48
88
42
46
100
66
15
34
61
32
71
28
36
40
39
24
66
35
37
35
8
72
5
30
8
30
35
89
30
25
34
25
10
22
33
28
34
80
8
37
46
20
29
41
69
38
73
73
54
25
6
22
19
0
