415
196
440
432
234
450
174
237
238
249
441
437
219
231
445
211
443
231
428
227
420
239
449
217
453
439
447
219
201
433
439
459
444
234
385
194
207
413
409
407
397
406
415
233
203
206
208
209
210
237
51
237
243
40
255
192
33
174
201
237
229
87
184
226
170
234
41
230
31
54
187
206
54
73
226
46
178
164
212
65
226
58
178
137
153
60
191
234
237
245
51
227
184
39
27
34
37
0
246
84
257
270
91
270
98
96
100
97
281
244
164
85
73
83
240
75
250
75
266
69
215
136
93
223
97
97
84
237
248
238
242
90
87
96
225
91
190
264
93
100
91
74
60
59
179
166
48
225
94
341
228
92
162
75
138
133
136
343
208
168
4
220
3
229
8
161
8
218
14
196
192
205
170
234
4
12
227
227
203
215
21
205
2
180
234
203
175
190
241
209
3
153
0
145
153
1
103
46
126
110
22
108
27
17
31
13
120
108
85
23
70
19
101
29
113
24
110
30
98
67
80
82
92
30
14
105
92
98
100
29
80
34
104
80
111
121
113
107
113
28
51
0
54
48
30
132
96
80
134
12
118
8
12
39
10
127
115
133
5
101
7
114
40
115
45
120
7
130
114
135
132
129
13
10
139
146
137
140
42
132
38
133
101
132
142
138
135
129
11
80
44
117
119
0
8
53
9
6
16
44
3
38
36
2
9
79
31
5
80
7
6
43
77
5
6
5
7
9
85
66
83
47
6
6
95
96
7
4
108
25
74
108
8
6
108
100
110
5
4
3
3
5
0
131
65
90
146
49
140
54
36
51
52
92
94
136
33
82
57
115
64
148
64
155
67
122
92
84
77
131
63
50
129
127
130
132
57
88
22
132
104
130
141
140
81
140
62
94
59
84
81
0
144
69
143
160
31
148
24
173
30
34
189
176
139
118
103
34
149
28
143
33
138
186
153
225
110
215
237
174
181
258
247
146
143
180
235
42
116
204
234
122
153
152
230
40
218
0
216
97
0
124
69
66
113
42
116
28
43
35
43
112
81
98
24
104
40
121
44
75
37
122
48
92
116
84
75
117
37
36
123
121
94
96
57
110
41
100
83
122
115
87
130
86
44
71
0
71
92
29
80
38
96
80
16
53
26
58
35
55
85
81
50
40
80
56
85
38
89
41
84
41
78
48
90
77
76
28
60
75
74
73
85
48
95
41
76
82
94
108
111
112
107
44
41
0
40
45
0
151
109
87
152
53
106
35
44
47
44
149
144
105
51
149
43
170
44
143
25
158
26
159
157
166
179
168
46
45
142
163
116
138
50
162
31
143
136
142
114
144
142
133
25
112
10
106
100
12
72
33
18
66
48
22
31
33
41
42
40
63
28
43
38
29
43
34
57
39
55
40
40
32
66
45
38
24
31
61
57
62
66
32
29
18
54
45
39
56
61
39
57
21
21
16
25
18
15
79
33
61
37
26
82
27
21
36
35
58
94
44
20
78
24
91
48
60
32
94
45
91
52
51
86
82
20
46
84
87
83
91
39
54
18
45
95
53
67
103
101
64
45
43
0
38
38
0
111
45
115
110
41
168
17
36
42
40
118
105
93
137
61
29
104
159
181
167
107
155
98
63
111
195
107
159
179
205
107
110
199
21
190
10
113
79
103
117
182
219
193
24
53
167
56
65
157
105
30
76
105
34
104
28
35
32
36
51
118
43
37
69
14
109
10
65
14
72
30
108
63
67
77
70
13
22
76
64
71
83
15
77
62
69
73
90
109
76
123
123
51
61
9
61
56
0
