361
165
375
379
229
377
129
236
235
246
366
354
170
224
364
167
368
230
369
232
357
217
344
189
361
362
346
199
176
355
348
349
367
213
362
187
194
338
349
364
345
368
352
217
186
182
178
180
181
233
54
238
236
70
240
187
39
159
184
246
226
83
190
236
154
226
59
235
44
88
197
228
80
83
221
53
177
154
220
76
233
88
194
131
155
79
194
239
240
233
50
238
201
38
32
40
40
0
211
96
216
212
101
202
55
55
64
63
226
221
155
99
86
76
223
99
222
79
229
60
206
173
89
231
87
99
63
241
230
221
246
57
85
102
208
100
151
220
99
102
108
51
68
65
179
180
65
205
120
278
225
65
118
43
78
99
89
298
201
170
5
194
5
198
2
153
1
199
5
198
188
189
175
210
6
6
225
210
181
194
3
195
2
168
207
176
152
181
209
194
4
154
0
136
162
2
103
51
111
122
35
117
35
25
38
22
113
112
87
15
92
20
108
28
109
32
112
39
109
79
84
85
105
38
27
106
110
111
108
22
89
32
109
87
110
108
111
120
112
34
54
0
49
52
39
85
86
49
95
9
89
6
10
39
6
104
89
100
8
69
4
84
38
102
41
94
8
102
67
90
88
97
11
5
90
91
98
88
46
119
40
100
60
88
100
118
98
102
21
54
43
79
79
0
13
79
13
11
27
77
9
71
82
9
10
107
38
9
108
10
10
60
113
11
15
9
10
7
94
84
89
44
9
7
89
98
11
10
77
13
66
75
9
11
80
86
88
11
10
9
5
12
0
101
47
63
117
32
115
43
43
51
50
64
67
112
37
64
45
95
52
115
53
108
48
103
71
67
73
95
44
54
103
108
99
110
42
70
26
100
87
111
97
105
61
104
42
74
43
58
54
0
117
80
117
143
28
140
20
140
25
29
172
138
141
128
112
32
152
28
150
32
144
159
150
196
121
188
199
151
182
204
214
153
154
165
206
32
158
198
208
135
161
149
196
28
184
0
182
100
0
127
92
78
132
38
134
36
38
44
38
142
110
123
32
131
39
132
37
102
46
135
41
109
144
98
96
142
59
51
148
140
103
109
49
139
49
111
113
144
137
106
148
108
48
76
0
73
100
39
82
48
107
101
14
59
16
46
25
38
96
107
80
29
110
37
113
15
104
29
108
33
110
70
108
121
109
31
44
107
107
119
120
27
97
36
117
95
79
114
117
128
124
41
64
0
61
63
0
125
81
52
89
32
83
25
62
53
34
91
88
61
51
84
30
109
62
86
26
119
32
131
112
122
137
138
59
59
96
113
59
88
56
119
53
96
95
94
58
90
85
90
35
56
16
51
51
14
94
29
23
91
60
21
32
29
43
64
40
76
17
53
33
34
37
37
71
35
71
35
40
37
63
34
39
27
31
47
63
58
64
50
36
17
66
43
29
64
67
28
68
25
17
17
24
19
22
68
26
66
41
24
85
34
28
32
35
66
78
42
36
79
28
70
32
67
20
77
39
91
71
46
90
88
26
38
88
82
95
88
42
71
15
69
104
71
60
100
103
77
47
37
0
40
40
0
123
53
125
137
47
179
27
52
54
56
125
120
126
139
72
37
131
165
177
177
130
163
123
64
132
176
128
149
150
171
138
128
188
42
174
16
122
86
122
127
153
201
190
42
59
151
57
65
138
106
25
55
101
65
101
48
67
64
74
26
114
33
78
47
10
129
7
41
16
49
47
128
47
45
51
43
16
33
53
41
42
79
8
47
81
41
49
83
93
51
134
141
67
33
11
36
41
0
