513
256
540
565
330
553
203
358
339
355
558
542
332
329
544
275
534
330
542
319
536
307
528
350
525
534
527
329
260
543
547
521
531
302
522
295
361
537
530
533
557
531
542
331
321
318
311
322
307
327
85
317
342
82
337
263
51
197
255
342
333
125
284
345
234
357
83
357
65
82
287
332
84
122
352
69
275
225
338
82
343
101
276
179
218
92
276
349
355
350
62
347
271
72
65
68
71
0
372
168
423
401
152
433
177
155
170
175
423
373
249
147
116
125
389
150
406
162
404
131
358
229
142
378
137
148
133
369
377
386
389
98
151
161
300
156
222
342
145
168
157
83
124
118
270
273
118
334
155
491
343
128
236
92
185
207
185
501
278
245
6
300
5
338
2
244
7
297
6
312
290
313
249
372
8
13
358
357
303
313
2
283
5
253
312
289
243
232
317
292
7
225
0
217
224
3
141
98
158
161
12
170
57
59
78
10
157
161
201
11
142
16
168
20
171
69
163
72
170
132
177
192
172
76
16
180
178
175
185
24
198
66
198
132
211
221
210
205
206
74
134
0
138
130
79
211
183
111
222
18
198
16
22
73
24
220
229
228
17
149
12
207
80
226
82
239
24
215
146
215
200
229
22
14
226
232
223
229
86
216
80
211
151
202
229
217
219
210
20
122
77
190
185
0
3
73
5
6
12
56
5
58
67
4
5
123
35
3
123
4
5
69
131
5
4
2
2
3
115
90
100
50
4
5
115
113
5
3
152
28
123
158
2
2
146
155
157
4
2
3
1
4
0
160
68
126
175
43
172
44
34
43
48
107
125
161
28
103
49
131
56
170
59
163
65
136
125
118
105
135
59
30
134
134
144
141
31
120
19
155
120
162
159
160
102
154
37
109
58
105
100
0
241
105
250
270
81
252
75
244
73
82
284
263
237
184
162
70
232
52
231
65
236
250
223
313
137
285
329
232
269
331
347
207
220
253
314
88
213
291
307
198
247
233
338
70
295
0
296
143
0
236
142
115
230
101
230
62
84
73
104
235
159
240
53
203
108
236
116
149
122
250
125
165
275
179
141
285
144
138
306
292
162
175
122
202
79
194
156
253
256
147
260
176
105
105
0
112
165
71
213
100
226
268
45
148
31
60
68
50
223
246
169
56
277
62
273
42
256
54
244
61
243
191
223
253
250
48
56
264
271
262
262
68
229
66
282
235
223
285
281
281
277
67
160
0
160
153
0
233
158
116
212
66
155
55
58
55
65
215
192
155
55
206
54
218
55
192
42
216
43
237
215
233
238
236
61
51
202
230
147
206
52
224
43
212
215
198
163
206
204
194
53
143
15
142
127
20
123
64
31
134
76
54
58
52
58
69
74
108
56
66
76
55
74
58
118
58
117
69
85
67
122
79
73
46
56
101
125
128
126
103
70
27
148
103
46
137
141
62
140
41
30
32
47
36
31
208
93
173
111
82
217
63
55
92
90
159
213
119
64
215
57
208
100
155
62
214
109
207
156
113
216
215
52
88
198
222
204
207
105
165
34
131
220
150
158
223
218
164
103
108
0
99
105
0
248
102
262
274
99
291
49
102
96
93
259
217
245
218
126
112
269
249
282
260
264
267
260
112
257
318
245
258
263
284
251
261
304
96
308
43
242
180
266
282
272
320
328
84
116
238
111
98
247
206
28
73
211
161
216
140
161
150
160
43
230
71
180
65
23
245
14
71
28
75
165
262
67
55
72
66
26
62
67
69
65
224
26
63
202
56
64
124
215
69
270
262
183
45
22
47
46
0
