228
107
242
235
123
238
96
129
132
127
240
208
137
118
227
126
225
129
214
129
217
120
223
117
218
222
217
118
101
218
222
223
222
112
216
111
118
222
220
227
225
219
223
125
148
119
146
143
115
124
21
124
122
15
123
81
15
60
82
129
106
40
80
116
65
111
14
119
8
21
77
118
22
39
124
19
63
57
116
24
116
27
78
82
60
26
78
124
124
115
18
127
85
16
13
14
15
0
126
55
134
134
35
125
45
48
38
41
132
120
91
22
23
28
129
28
133
42
128
41
167
80
39
176
35
41
94
183
182
174
177
58
29
37
116
33
116
159
38
37
38
57
17
18
94
89
19
103
46
163
104
34
100
46
77
86
86
176
85
76
1
94
1
113
11
81
20
88
23
102
88
113
71
125
2
24
127
123
83
109
26
89
0
80
121
83
90
112
134
88
0
62
0
64
66
0
89
27
102
92
44
94
18
15
21
32
96
79
60
12
73
25
85
31
82
20
81
21
80
56
56
61
86
18
35
87
90
85
86
32
58
17
70
68
80
76
77
85
80
21
44
0
39
38
18
57
65
29
76
12
54
7
11
14
11
79
66
63
8
49
6
72
18
78
17
79
14
90
57
58
56
90
21
14
96
67
97
93
20
84
18
58
53
57
81
86
64
90
10
37
18
50
49
0
3
34
3
4
6
23
2
17
25
2
4
49
15
1
59
1
3
30
53
2
4
3
3
3
38
34
32
12
1
3
44
41
3
1
25
0
17
21
4
3
26
23
29
1
2
1
1
1
0
68
30
64
73
7
73
9
6
8
10
57
63
70
8
58
4
56
9
70
8
71
8
70
57
56
47
61
12
10
68
68
73
66
10
59
4
70
59
66
70
72
61
74
9
63
12
60
57
0
60
41
55
61
4
56
4
96
5
4
134
77
56
62
53
4
55
4
55
3
55
106
63
129
60
125
139
101
114
143
139
62
64
94
126
2
59
113
131
54
54
62
121
6
123
0
125
48
0
62
50
31
60
18
61
12
13
17
16
67
59
74
11
71
18
77
22
70
22
81
22
70
89
60
59
100
38
35
86
96
63
68
48
94
23
75
63
98
104
69
112
73
48
54
0
51
57
14
56
21
62
83
19
83
41
11
55
8
69
105
63
56
110
8
117
45
110
59
116
59
111
73
65
110
109
50
12
107
105
94
102
49
58
15
73
56
90
102
98
93
97
10
44
0
42
42
0
84
71
64
96
20
69
15
22
24
16
96
82
73
23
78
13
100
25
81
8
98
10
104
91
108
107
106
23
23
100
111
78
101
24
106
23
92
93
116
74
90
115
94
30
77
5
81
74
5
66
24
19
72
55
7
12
14
44
57
29
55
20
39
22
8
22
33
55
12
51
11
25
22
51
17
18
14
7
46
46
58
48
29
18
9
54
45
14
49
54
18
48
5
10
5
16
15
5
45
11
32
21
26
47
14
17
27
24
39
45
30
15
53
14
51
33
37
22
45
33
51
32
29
54
50
15
29
55
55
57
57
37
36
17
40
61
44
37
54
60
35
33
17
0
17
14
0
71
17
70
71
42
99
30
43
43
41
68
31
61
88
31
43
65
99
107
102
60
110
71
24
58
109
69
99
103
109
63
64
115
37
113
9
57
45
56
53
95
103
105
43
13
103
13
15
102
53
4
9
55
50
55
42
44
43
49
6
45
7
43
7
2
45
1
8
2
7
38
58
9
9
7
10
3
3
8
12
9
48
0
9
32
7
9
12
43
11
43
43
38
7
0
7
8
0
