121
52
136
130
63
121
35
61
62
68
133
121
64
67
119
61
121
61
125
63
117
67
107
65
107
109
113
65
56
104
108
109
116
52
105
41
64
113
107
105
99
103
109
61
64
54
64
64
51
84
20
95
90
16
93
81
11
67
79
91
107
28
100
117
82
116
19
114
12
16
105
105
16
25
108
17
96
74
106
14
104
15
98
42
92
16
101
104
105
110
17
113
96
15
14
14
18
0
102
36
114
117
24
118
67
56
63
64
117
113
56
22
18
23
113
24
124
71
124
66
95
39
25
107
28
28
64
106
109
106
110
48
26
32
72
30
78
97
28
32
29
38
25
19
53
49
22
103
16
127
103
14
85
23
41
34
34
140
93
76
1
94
1
86
1
85
0
87
1
71
89
88
65
87
0
0
87
88
85
67
0
86
1
75
93
95
86
59
93
91
0
88
0
86
87
0
25
7
23
27
5
23
14
6
17
2
29
24
31
3
24
2
23
3
21
16
27
13
19
19
29
33
25
10
2
22
23
23
22
3
33
14
25
24
24
25
28
26
28
15
20
0
14
19
16
62
27
53
66
2
69
3
5
13
5
67
68
69
2
62
2
66
19
66
19
60
2
63
59
71
66
63
3
3
65
71
68
68
19
70
17
76
62
69
72
74
74
73
3
61
17
65
63
0
1
11
1
0
2
6
0
9
8
0
0
14
7
1
19
0
0
11
21
0
0
1
1
1
24
16
18
12
0
1
19
20
0
0
27
5
18
31
0
1
26
26
27
0
0
0
0
0
0
46
28
41
53
17
53
12
6
9
10
36
39
41
7
37
3
37
10
51
10
45
10
51
44
36
27
53
20
14
49
53
51
48
13
41
13
54
43
61
57
57
37
57
16
35
16
34
35
0
77
28
68
77
49
80
41
43
43
52
68
46
81
28
38
46
71
38
82
42
74
48
78
63
35
54
70
29
43
66
62
80
84
36
57
64
52
51
54
75
90
96
64
61
55
0
52
27
0
82
30
26
75
49
81
10
52
12
60
78
30
77
15
70
51
85
54
27
56
86
56
34
67
26
27
70
38
40
68
65
30
29
38
44
12
53
36
70
70
30
67
35
37
21
0
22
32
11
64
28
76
81
21
52
8
13
25
14
69
73
62
12
78
17
81
9
80
14
77
15
80
61
71
73
70
14
17
72
82
76
78
19
68
12
75
68
64
74
74
77
79
17
52
0
50
54
0
40
22
29
40
13
28
14
6
9
12
41
40
28
6
35
10
40
8
37
7
39
9
37
36
36
41
38
9
5
39
37
28
42
5
36
11
32
39
32
25
34
31
36
10
29
6
24
25
2
21
17
10
27
19
14
16
18
17
14
22
23
16
15
19
15
20
17
26
14
19
16
17
18
20
17
17
5
11
29
26
26
25
19
14
7
31
26
12
32
34
14
34
10
8
7
11
8
7
71
25
61
48
14
74
10
10
10
11
59
78
59
12
81
10
79
17
66
11
82
16
77
69
72
79
86
15
16
81
82
86
79
15
71
7
63
72
68
64
72
67
72
10
53
0
52
52
0
74
29
79
79
17
85
10
15
15
17
77
56
69
41
57
21
70
40
77
51
70
51
79
65
82
87
83
52
48
81
84
86
83
34
88
19
92
67
85
87
81
83
85
25
52
43
48
48
41
69
10
17
75
49
76
46
50
55
50
14
58
23
43
18
4
62
1
12
3
13
40
69
19
12
19
16
5
11
15
17
17
62
5
18
64
10
14
25
66
19
76
76
68
14
6
10
17
0
