378
175
383
372
240
396
150
249
258
244
393
376
189
249
368
199
370
238
368
249
354
250
341
204
375
354
378
206
198
342
359
378
356
229
366
185
209
373
378
363
381
374
377
225
187
188
193
190
204
254
55
255
253
74
267
211
43
152
195
272
243
103
188
258
169
250
66
233
49
81
207
233
85
106
240
56
187
149
240
87
253
86
167
154
128
83
168
234
218
236
64
230
162
57
39
52
55
0
229
107
252
253
134
249
61
64
59
60
255
253
176
123
102
110
257
124
268
80
258
63
243
165
113
242
113
119
74
244
248
244
265
60
109
107
222
112
189
244
119
122
116
61
95
89
199
197
82
207
100
318
221
68
114
60
113
122
121
318
196
162
3
196
6
227
10
168
10
192
14
207
212
205
167
232
6
15
216
229
194
199
15
195
2
170
229
200
188
196
237
193
4
150
0
135
142
3
139
78
143
136
35
142
42
31
51
31
139
150
125
30
112
32
142
39
149
49
154
52
167
112
120
131
163
51
43
151
162
161
159
32
142
42
146
121
171
152
162
163
157
51
83
0
73
85
44
104
119
52
122
20
110
11
13
47
21
117
125
108
14
87
18
129
53
141
62
130
18
126
94
112
116
125
15
17
122
112
129
128
59
136
60
126
85
108
143
148
115
136
25
43
55
100
90
0
15
135
15
11
25
100
11
107
103
7
15
160
105
11
171
10
17
106
177
7
14
10
19
13
145
135
141
71
11
7
145
155
19
13
158
54
131
162
15
11
163
162
159
10
15
12
8
14
0
149
65
101
157
42
151
47
27
47
46
102
110
134
40
99
44
126
51
153
57
159
62
159
106
103
118
148
56
57
158
146
152
141
50
106
35
143
137
145
148
148
96
147
49
101
49
79
83
0
171
71
162
178
59
162
50
166
57
63
192
180
162
129
122
53
168
47
173
47
177
166
162
207
112
201
207
167
179
208
204
155
155
179
202
59
150
198
209
155
176
167
214
43
185
0
191
93
0
162
104
94
143
59
161
37
55
51
61
159
109
160
45
142
66
171
61
108
68
162
67
118
172
116
104
163
57
62
180
169
129
127
69
154
63
122
117
151
168
108
164
127
59
71
0
74
108
55
127
71
141
181
29
86
32
58
59
45
142
158
84
45
165
50
159
34
161
46
163
50
150
96
139
149
152
58
52
161
168
160
161
52
127
47
125
125
105
150
154
158
158
56
81
0
78
84
0
131
104
61
118
39
89
30
61
45
37
131
102
79
42
106
28
136
52
109
26
123
32
126
123
140
138
141
48
50
108
120
68
111
40
112
35
124
135
121
82
114
123
119
42
78
10
73
74
11
70
55
22
82
55
38
47
47
36
50
52
89
42
47
59
44
59
35
77
40
79
36
63
55
90
62
56
30
44
70
88
95
98
62
50
12
87
72
38
94
90
46
88
27
18
25
27
17
23
113
38
104
68
52
120
46
39
60
55
107
117
54
42
125
43
129
61
93
35
123
59
110
92
62
109
105
36
50
108
107
117
109
51
98
27
75
121
84
95
126
125
96
68
55
0
55
61
0
155
65
162
154
54
186
22
53
50
54
161
146
153
112
86
49
157
142
212
171
158
167
152
85
141
207
152
151
170
201
148
147
211
45
204
30
170
97
169
172
172
220
217
40
89
153
89
90
146
119
33
61
124
81
128
64
74
77
76
40
123
45
75
50
16
129
9
54
18
54
56
127
48
48
61
60
14
37
52
52
56
96
10
53
84
50
52
87
114
53
135
135
81
46
12
45
41
0
