238
102
247
243
117
253
75
120
120
128
239
227
114
120
236
106
230
116
232
122
229
119
227
111
236
234
220
104
94
230
229
229
225
107
240
96
101
242
239
251
235
237
239
110
113
103
119
117
109
121
10
132
136
11
129
116
8
104
117
133
91
24
82
86
68
89
14
91
13
16
85
98
15
31
91
14
83
74
95
18
103
17
69
39
68
16
79
90
93
92
16
91
79
15
13
11
15
0
108
49
127
127
33
134
40
42
39
38
124
128
85
29
26
25
135
29
140
40
140
32
112
81
33
120
36
33
32
124
115
130
114
31
34
38
98
42
91
122
37
36
35
24
25
27
93
93
24
100
28
183
101
53
104
48
105
106
103
196
81
62
1
82
1
97
1
77
1
85
3
75
82
94
72
104
1
3
102
103
85
92
2
92
1
89
99
92
88
76
97
86
1
83
0
80
83
0
39
15
42
39
4
43
15
6
15
5
41
43
44
1
34
6
39
6
43
14
44
13
38
33
40
48
38
14
2
38
37
38
37
2
52
12
34
33
35
36
32
34
39
13
35
0
36
32
11
39
19
33
38
0
43
1
1
6
0
37
46
46
3
34
3
50
15
47
17
45
4
38
33
41
44
41
2
3
41
44
40
40
17
39
19
48
28
42
41
43
47
42
1
34
21
46
46
0
0
3
0
0
1
3
0
5
3
0
0
13
4
0
14
0
0
7
13
0
0
0
1
0
11
8
6
3
0
0
9
9
0
0
10
1
7
10
0
0
12
6
8
0
0
0
0
0
0
82
37
80
91
4
91
3
3
3
3
69
78
77
4
70
5
68
6
75
6
84
6
81
80
82
59
78
4
5
89
88
89
84
4
78
3
88
65
85
82
83
67
87
4
71
5
70
74
0
81
36
68
92
2
92
2
94
2
2
169
116
91
50
84
2
94
1
95
2
97
100
93
168
94
174
173
83
107
170
173
95
99
89
168
7
89
149
163
95
95
93
167
7
170
0
165
86
0
79
67
47
78
13
79
9
8
9
14
81
62
91
17
82
16
91
22
68
22
94
18
66
92
67
71
100
32
34
101
99
75
78
43
87
12
91
70
115
115
62
108
68
41
66
0
68
67
8
69
37
65
125
18
89
57
5
71
7
66
131
73
86
135
6
145
74
149
91
150
90
123
84
69
128
124
64
4
138
116
130
126
93
70
5
89
65
131
137
135
137
136
3
48
0
51
48
0
93
102
80
128
48
91
44
14
14
51
134
145
87
13
148
55
97
18
131
48
109
56
109
99
107
116
107
16
15
127
106
90
139
12
105
13
95
100
128
93
94
123
95
41
86
3
86
87
3
55
10
8
50
44
5
13
13
48
46
15
37
11
27
10
11
14
24
35
10
41
14
11
10
33
13
9
5
8
28
40
29
40
32
7
13
37
46
9
38
38
8
39
7
2
8
6
7
8
44
7
29
21
24
50
12
18
27
22
31
40
25
8
43
8
45
23
25
17
49
24
53
19
23
54
51
8
31
52
53
60
55
25
24
13
27
46
41
29
46
42
33
24
18
0
16
17
0
47
10
44
51
17
85
12
29
26
26
49
32
52
80
22
28
49
99
99
96
47
95
57
32
56
99
53
97
102
106
55
57
99
33
104
11
54
44
52
53
100
102
100
34
13
93
11
11
99
53
3
7
58
51
53
55
49
49
54
6
51
9
48
10
3
50
3
9
4
7
45
57
7
7
9
7
3
1
6
8
6
57
3
6
45
7
10
7
54
6
57
56
46
5
3
6
6
0
