219
114
238
240
144
230
99
160
161
161
236
232
138
158
259
134
227
163
241
163
233
155
244
132
238
243
242
154
125
235
247
230
247
148
261
120
139
252
253
267
267
260
260
148
124
150
134
132
146
143
42
157
145
34
151
122
28
73
121
153
162
46
122
167
105
152
36
161
32
50
130
149
46
58
162
42
120
95
161
46
168
52
107
108
86
45
112
161
161
153
34
162
116
29
23
31
30
0
184
82
193
185
81
195
70
70
79
76
199
204
111
68
57
63
190
72
204
86
197
79
170
101
65
176
67
73
57
169
175
180
169
40
62
68
135
69
114
162
75
69
72
33
55
52
132
130
49
156
79
180
161
40
97
42
78
80
76
196
132
106
2
144
3
146
3
104
6
144
9
125
116
135
117
158
3
9
161
149
133
135
6
126
3
111
140
125
111
116
141
125
1
90
0
91
91
3
85
33
88
99
34
87
28
17
31
23
92
96
69
22
74
26
101
29
103
30
96
33
97
71
72
72
101
28
35
106
101
103
104
30
81
31
93
83
93
95
104
98
101
32
49
0
47
55
28
95
94
60
121
16
93
13
15
22
11
113
110
107
8
95
11
103
26
121
32
112
14
123
103
98
100
118
18
16
121
114
120
119
39
109
36
105
97
97
119
118
103
118
13
66
31
82
89
0
6
87
9
3
11
80
5
73
76
6
8
107
69
6
119
6
9
69
121
5
8
7
6
6
93
95
104
45
3
6
112
106
8
6
104
34
81
105
4
6
95
106
95
6
5
6
5
7
0
99
52
63
114
34
111
50
27
51
47
66
66
100
41
60
44
87
55
103
55
106
59
110
65
62
75
113
49
56
110
105
109
104
56
72
30
100
98
117
110
110
65
117
66
66
48
58
53
0
104
57
98
104
41
109
31
114
34
41
125
117
107
96
77
41
107
34
106
38
99
119
108
141
76
134
154
120
118
144
148
119
107
125
136
30
92
137
132
80
96
98
135
15
132
0
130
51
0
98
59
42
91
24
92
22
23
35
33
97
65
86
16
76
27
99
26
62
22
97
29
61
96
66
69
95
28
23
91
89
67
67
30
74
37
67
68
84
76
62
87
74
28
54
0
53
69
30
86
34
90
60
14
34
14
50
26
43
86
64
38
19
59
50
62
12
64
22
71
22
62
53
91
69
66
16
45
64
68
66
71
16
80
49
63
86
55
64
67
67
67
52
39
0
40
44
0
89
64
52
90
21
58
14
35
34
24
75
76
60
35
77
25
87
39
77
19
84
23
92
85
93
90
93
44
34
73
91
61
74
37
85
28
82
85
75
53
96
72
84
20
51
13
53
47
5
51
28
18
59
40
22
31
25
31
42
35
40
20
30
34
24
32
21
40
23
45
18
35
31
46
35
35
9
22
37
43
45
49
38
35
7
49
42
23
45
43
33
52
12
14
12
18
17
13
64
19
43
35
26
64
24
25
33
28
54
53
30
22
66
16
62
30
58
18
60
28
58
48
39
55
63
19
29
57
63
65
63
33
57
15
37
63
39
51
63
58
52
33
29
0
26
29
0
87
41
103
95
29
123
15
26
28
29
96
103
100
106
65
29
114
105
134
131
108
125
101
56
100
147
104
120
128
158
94
100
146
18
154
15
101
64
104
108
133
151
153
24
55
113
51
61
119
90
24
57
87
40
82
29
36
35
38
48
85
34
36
53
6
98
5
47
12
56
32
89
58
48
60
60
13
15
59
60
58
76
10
56
46
53
58
74
78
52
98
101
28
44
10
46
42
0
