338
162
366
369
206
370
150
210
217
225
372
400
201
222
392
167
404
212
404
219
386
208
407
202
402
399
390
216
178
381
395
408
406
205
370
161
207
387
380
374
387
394
384
212
189
192
205
200
187
242
44
246
252
53
244
197
34
168
212
242
235
78
185
243
167
248
47
249
37
67
208
217
60
92
226
57
167
146
213
61
218
61
165
145
149
64
177
233
215
239
50
243
179
45
30
37
35
0
232
111
267
268
80
272
108
109
109
122
272
235
170
76
62
68
241
67
273
94
268
89
229
145
77
250
71
85
75
247
250
248
245
63
79
91
213
92
177
239
94
94
94
61
63
54
171
176
64
241
120
327
266
77
160
58
110
119
111
351
206
176
3
223
2
254
14
187
11
231
20
218
207
227
179
261
1
15
252
258
207
241
17
208
1
187
246
207
186
199
247
208
1
151
0
157
158
2
106
48
103
105
21
102
35
20
37
16
107
116
97
21
96
28
123
37
120
34
121
38
106
69
87
92
111
37
31
115
116
118
110
22
90
35
101
87
112
104
116
115
107
38
53
0
51
57
33
129
105
57
131
14
101
11
15
49
14
132
119
134
10
100
10
119
42
134
51
129
17
128
107
135
128
126
14
13
120
135
123
122
50
103
40
126
95
122
111
113
125
114
16
77
55
122
116
0
4
56
4
3
13
47
3
31
34
1
4
88
37
2
89
2
0
44
93
1
4
5
3
4
94
72
78
31
2
1
93
99
4
0
83
11
53
83
5
5
87
79
77
2
3
1
1
2
0
121
49
88
128
40
115
36
30
35
38
81
86
108
25
82
28
82
37
126
40
109
39
109
89
86
65
110
44
30
112
109
111
104
31
89
21
118
82
117
121
116
78
109
35
90
40
72
80
0
103
82
105
117
14
116
11
156
15
19
193
164
133
127
90
32
135
28
138
32
138
171
127
207
99
197
219
163
186
219
218
140
136
174
212
41
138
213
219
127
150
148
228
30
202
0
203
100
0
132
89
51
122
49
114
35
37
50
52
125
90
137
26
99
48
133
58
93
57
145
53
100
132
85
99
124
46
44
124
122
98
101
47
107
51
109
93
127
116
95
133
105
41
69
0
68
99
50
98
45
119
120
21
85
31
53
51
43
116
108
83
51
121
42
132
40
115
44
106
47
127
100
119
138
121
46
35
133
126
137
132
37
118
40
104
108
110
123
129
126
132
42
65
0
70
68
0
152
97
70
124
33
101
26
49
46
32
125
114
90
58
113
27
151
50
115
22
147
25
156
138
160
152
167
52
48
112
143
93
109
54
146
47
124
134
119
102
137
135
141
25
94
16
91
95
11
83
42
33
82
54
26
44
37
44
51
57
75
38
48
54
35
48
40
67
33
74
33
43
38
71
45
36
19
28
55
75
71
72
39
47
9
65
50
35
60
67
38
62
20
21
20
27
19
15
86
23
76
57
35
90
30
33
39
38
83
101
62
23
93
31
84
38
80
25
97
38
100
76
46
94
99
28
45
94
99
83
93
43
69
14
55
98
71
67
102
98
76
53
48
0
43
52
0
97
48
102
108
37
156
17
41
38
36
109
89
111
133
68
42
112
161
175
178
113
178
123
66
133
182
121
153
169
190
124
118
200
46
174
25
121
85
124
124
156
188
176
46
49
158
45
48
152
102
16
43
112
70
115
54
69
67
72
32
110
37
57
46
8
116
5
44
14
50
47
105
56
41
52
50
14
19
49
51
46
95
11
50
62
46
55
73
92
50
123
105
57
38
10
33
38
0
