353
144
354
362
205
368
122
226
221
226
366
357
180
208
365
157
357
205
364
205
347
193
330
172
318
336
328
193
147
336
337
313
338
167
319
153
178
336
338
337
348
335
348
189
162
160
169
174
153
225
42
215
231
57
232
201
23
171
199
228
214
57
176
209
147
218
54
212
40
66
167
224
73
67
237
37
203
175
232
77
231
72
189
107
171
70
199
224
241
235
32
219
207
27
25
28
31
0
210
92
232
222
95
243
83
71
69
70
223
219
139
78
70
70
208
81
233
76
224
62
226
133
89
227
89
97
74
246
236
233
233
51
83
95
197
92
171
211
91
93
94
39
67
61
151
159
65
227
94
306
234
76
135
55
107
108
112
294
193
147
5
211
3
212
3
162
3
206
3
183
178
201
168
206
6
0
218
204
187
190
1
205
3
193
213
210
168
164
210
197
3
166
0
156
162
3
76
40
79
79
13
88
28
20
34
11
83
79
87
14
70
17
86
22
85
35
88
32
84
59
73
83
87
31
22
93
89
83
89
14
85
28
75
55
75
75
82
75
68
27
53
0
44
53
27
79
67
45
86
3
81
2
4
28
3
99
100
96
4
76
6
97
33
94
41
97
10
105
68
99
86
97
6
7
98
99
95
103
37
107
37
99
78
111
113
110
112
107
10
63
36
85
85
0
3
50
3
3
3
41
3
45
43
2
2
73
29
2
64
4
4
46
71
4
4
3
1
4
85
51
74
52
2
0
70
83
2
3
80
23
61
84
3
2
78
79
83
4
1
4
2
3
0
94
52
73
96
37
104
35
22
32
25
76
74
103
26
77
34
88
47
110
40
106
40
113
81
71
64
107
42
44
114
106
107
111
34
78
14
103
73
103
103
116
70
98
37
68
40
65
60
0
113
54
120
115
37
116
34
139
41
40
144
113
110
111
91
37
120
28
125
41
118
132
111
159
80
155
166
138
156
171
177
121
117
146
173
55
110
156
170
114
131
129
176
42
156
0
154
72
0
111
73
47
106
47
106
25
46
29
51
118
77
103
25
98
51
102
48
72
50
128
58
83
118
82
71
124
55
42
125
117
73
80
47
108
41
94
77
129
124
80
119
84
50
59
0
63
72
38
122
50
134
132
19
89
20
55
34
42
126
125
84
27
136
47
140
15
143
29
145
22
137
89
138
142
134
28
46
140
132
139
145
32
134
41
142
127
121
155
153
153
149
42
91
0
95
87
0
145
60
71
97
13
85
12
51
48
15
99
99
79
46
107
15
130
52
97
11
136
18
139
132
137
138
129
36
38
88
126
78
83
39
112
34
113
104
94
74
101
88
95
13
72
16
64
72
14
49
33
11
53
41
23
33
37
33
43
33
33
15
36
39
29
32
26
34
33
39
27
36
27
49
34
31
8
31
37
51
46
53
46
31
7
63
54
16
58
60
24
62
21
7
21
18
8
18
66
23
72
51
27
78
26
18
34
28
79
82
37
22
78
23
70
34
67
24
76
30
85
77
41
94
79
26
38
83
92
90
99
53
71
17
64
102
70
65
103
108
80
57
37
0
46
43
0
115
41
121
124
53
139
28
53
54
58
119
101
120
107
70
56
122
124
152
136
129
142
130
67
127
162
140
136
144
178
139
137
166
62
155
18
140
92
134
129
142
164
167
45
61
129
54
56
125
126
21
53
129
85
131
61
86
88
86
28
128
39
92
51
12
133
6
36
14
35
70
141
38
40
45
46
15
40
45
52
51
110
15
49
103
35
42
81
116
47
156
151
98
30
14
33
32
0
