271
135
293
273
170
283
102
180
183
178
293
285
153
186
275
152
279
161
291
176
283
166
265
154
244
267
252
168
144
256
266
257
258
176
257
137
167
269
284
275
266
276
265
186
151
160
152
149
162
179
42
170
167
24
177
147
18
140
153
179
176
67
156
191
145
191
27
190
21
35
157
158
34
46
168
24
143
125
164
37
158
37
153
106
121
40
127
193
185
193
25
178
168
18
17
22
20
0
200
88
207
202
82
216
102
86
76
90
213
234
136
73
57
76
229
68
235
101
239
85
220
114
81
231
80
83
90
214
223
219
225
71
72
74
167
81
140
209
77
81
81
58
65
57
146
147
52
217
61
285
226
90
117
47
116
118
113
280
177
110
2
171
1
178
1
141
0
173
1
138
139
151
122
168
3
2
169
173
156
152
0
160
2
157
169
153
145
125
165
155
3
124
0
115
126
1
67
23
75
65
14
76
20
9
23
10
69
80
71
12
68
17
78
17
72
21
70
22
61
58
63
63
77
22
14
69
65
67
78
11
74
15
66
61
67
68
71
64
65
20
52
0
43
45
18
90
58
57
90
3
94
4
6
25
5
87
88
99
3
83
4
97
31
90
32
91
4
89
82
106
106
95
7
4
97
101
98
93
34
94
30
115
85
111
96
94
114
89
8
63
33
94
89
0
9
61
10
4
11
47
4
50
50
7
9
53
53
3
66
6
9
40
61
6
8
10
7
8
59
56
59
34
8
4
64
61
9
6
69
28
65
70
8
8
68
74
70
8
6
7
5
5
0
53
28
32
58
12
62
17
19
20
22
38
34
54
20
35
25
44
28
64
24
51
19
51
38
33
48
51
22
24
56
47
57
55
32
31
25
55
65
62
68
67
33
61
34
33
16
31
26
0
92
56
100
108
35
101
29
124
32
31
146
111
104
103
78
31
106
26
105
29
102
147
99
165
85
171
181
129
151
181
183
103
106
147
174
40
100
153
180
93
108
112
174
24
167
0
151
67
0
91
80
55
87
28
99
28
24
31
28
108
69
103
26
83
31
98
38
79
41
104
34
74
99
73
79
90
26
24
95
106
73
84
25
92
40
73
76
94
97
76
99
76
24
55
0
54
62
37
89
35
99
96
12
79
18
16
24
18
95
111
80
21
104
21
105
12
111
21
106
26
108
78
87
111
115
24
13
104
112
112
106
27
92
15
108
85
85
125
123
133
131
20
82
0
74
75
0
139
79
85
106
16
76
18
35
40
20
123
114
91
38
105
17
140
34
103
16
119
19
129
123
141
143
136
39
35
106
137
91
106
32
128
32
136
111
118
87
123
109
114
26
84
14
79
81
6
53
36
18
58
38
19
27
31
31
38
31
41
15
26
31
32
32
21
40
24
40
27
36
30
50
31
33
10
26
38
41
45
52
40
31
5
66
52
26
57
57
31
62
18
14
14
19
12
16
58
31
41
35
31
70
19
30
32
29
42
60
20
16
54
19
65
26
36
25
61
27
52
40
17
48
51
19
31
65
59
50
57
42
47
8
37
65
51
38
61
65
51
34
27
0
25
25
0
96
41
106
107
31
121
16
31
29
30
102
97
97
116
67
27
106
126
158
136
95
142
101
54
94
158
101
127
135
148
100
109
160
43
159
11
106
69
110
112
125
154
161
40
53
132
49
47
138
86
10
24
89
67
89
53
70
66
70
16
113
21
88
21
6
113
1
21
4
23
79
124
18
15
24
17
6
16
22
19
20
112
6
28
111
21
28
36
120
27
125
128
114
17
3
16
16
0
