454
193
457
448
283
464
163
288
282
282
467
424
271
267
431
242
444
276
410
267
433
256
408
248
411
408
408
257
232
399
413
408
406
266
434
233
242
451
443
437
446
427
451
267
253
247
244
250
245
270
62
265
268
49
269
206
36
167
215
259
309
94
260
333
214
317
64
320
44
80
273
241
74
127
275
55
217
181
266
67
261
76
213
187
168
67
217
276
272
282
61
271
220
37
35
41
36
0
253
123
287
305
125
288
104
98
103
105
302
305
199
113
104
121
300
140
320
142
313
102
286
169
120
304
121
133
132
319
303
330
309
95
114
131
263
127
220
288
126
120
120
79
101
95
215
209
97
279
127
370
295
90
179
75
139
144
147
381
254
179
3
247
4
270
4
205
5
252
9
219
248
252
226
279
2
14
275
288
250
256
15
261
3
232
293
260
221
226
292
254
4
210
0
207
208
3
121
69
136
129
23
145
41
25
36
15
130
140
120
19
107
28
142
42
150
34
158
40
136
86
111
120
149
44
37
137
141
149
153
29
120
37
117
106
133
140
131
129
138
38
76
0
78
72
33
153
137
70
163
20
130
18
24
61
23
162
152
154
15
115
9
150
68
162
71
149
16
153
115
158
154
159
18
15
161
168
175
164
73
182
67
169
122
166
191
179
168
178
20
87
67
146
135
0
11
89
13
11
18
55
10
59
58
3
16
127
43
6
128
7
13
70
132
6
13
6
17
15
121
95
118
49
15
15
127
138
14
6
121
30
91
123
18
13
113
122
117
6
9
8
5
8
0
157
64
111
166
40
169
54
39
52
54
104
110
144
33
105
37
103
57
147
51
156
60
145
109
98
91
129
56
62
137
145
140
144
47
102
18
132
121
144
139
146
109
140
48
114
47
97
92
0
146
94
147
156
35
153
31
186
40
41
220
180
147
148
92
38
160
42
153
44
156
210
144
232
111
236
256
192
213
256
248
141
146
186
236
31
128
222
243
122
147
151
242
27
224
0
223
97
0
144
85
71
142
73
137
50
56
76
69
152
98
146
53
135
68
148
82
105
79
153
71
100
154
100
108
150
86
72
147
148
109
112
52
120
64
110
116
140
130
106
142
111
50
74
0
73
105
67
127
69
137
139
23
102
34
50
41
46
146
153
101
65
160
44
164
47
165
62
155
62
137
90
147
157
144
44
42
139
138
156
144
39
153
47
131
133
122
151
150
156
149
49
91
0
92
96
0
187
111
83
131
32
115
30
65
58
35
148
135
102
61
132
22
173
64
129
21
183
27
192
179
184
198
200
57
61
133
186
113
147
48
170
49
160
163
149
114
155
142
160
32
123
10
113
106
9
97
63
31
89
51
44
58
60
44
48
73
81
46
34
73
60
74
30
84
53
67
65
76
64
83
67
74
23
60
69
69
68
54
48
67
17
93
72
54
82
92
61
81
38
25
31
42
31
25
117
36
93
70
48
118
42
31
52
54
103
110
80
34
107
31
122
41
102
21
117
37
127
100
79
128
143
40
49
133
117
124
126
57
108
15
99
136
106
110
145
123
112
48
76
0
70
73
0
151
59
151
144
59
198
23
61
59
54
150
142
158
173
102
64
160
200
220
207
171
224
174
74
166
220
168
203
202
231
177
182
253
64
240
33
153
100
166
169
195
241
231
56
67
207
63
62
183
152
31
69
157
103
158
66
88
97
96
50
140
76
95
67
20
143
12
57
18
61
70
158
66
55
55
56
17
39
63
61
58
119
20
52
120
43
58
101
131
61
160
175
101
42
16
43
41
0
