36
9
43
39
19
38
10
19
21
20
38
37
22
18
39
16
147869
14
43
20
37
21
35
19
32
36
32
20
14
31
30
35
38
13
32
13
21
36
29
35
32
32
34
19
24
14
24
23
16
35
5
40
36
5
37
22
5
22
30
40
32
22
24
39
19
34
4
39
3
12
32
30
11
13
32
12
24
19
43
12
22
12
22
35
25
12
32
38
40
33
13
38
32
10
4
13
9
0
78
18
66
80
14
71
52
50
49
54
77
74
30
16
15
20
75
18
73
61
70
54
69
39
14
74
13
20
55
63
74
64
72
62
11
8
33
16
66
72
17
15
18
57
7
7
18
19
9
25
8
111
25
24
81
76
70
75
99
112
20
20
0
19
0
41
11
40
34
20
38
57
32
57
9
51
0
36
56
55
19
56
29
16
0
17
47
20
57
46
66
19
0
13
0
10
13
0
46
30
71
64
31
69
13
8
14
22
69
50
55
20
44
21
66
30
66
10
57
10
68
62
44
53
61
15
22
71
60
66
68
25
45
15
59
50
70
69
79
66
56
10
29
0
38
26
12
37
80
17
65
15
23
5
12
3
13
79
74
40
12
44
12
61
2
73
5
76
19
72
52
43
28
79
14
11
75
33
81
60
5
84
2
39
44
39
72
90
38
60
14
10
5
18
15
0
4
54
10
8
18
58
8
54
54
6
9
56
37
6
73
9
8
33
79
4
6
14
10
8
55
48
62
24
10
5
59
76
13
5
57
17
53
63
12
16
70
62
71
8
10
3
1
8
0
34
11
24
37
6
49
28
16
24
26
17
17
36
24
24
20
35
24
51
26
37
26
33
24
23
37
33
10
27
34
33
33
44
18
26
17
26
29
30
42
36
12
35
19
14
14
21
15
0
35
17
33
52
12
36
10
60
10
10
90
60
44
40
33
9
43
11
48
13
44
65
41
100
39
85
89
64
56
87
87
45
41
75
88
6
32
75
70
34
45
29
85
13
72
0
65
28
0
50
33
19
64
31
57
5
42
15
22
65
31
62
12
60
36
64
41
36
33
77
33
39
63
34
36
68
45
33
68
52
29
29
28
51
11
41
32
59
58
32
52
42
31
20
0
17
29
12
41
26
51
52
5
32
4
14
10
13
55
56
42
7
61
11
59
10
61
5
58
11
62
45
45
66
57
13
12
71
58
59
67
8
45
13
57
53
47
57
58
62
64
20
35
0
30
29
0
55
63
45
74
21
64
12
5
6
23
77
72
62
2
85
19
64
6
58
15
60
20
76
73
65
60
67
5
2
90
65
62
66
5
64
1
79
55
80
51
56
80
65
14
61
2
50
53
1
29
9
7
21
23
8
1
1
10
21
11
27
11
11
13
0
11
4
22
1
28
1
11
15
25
13
9
11
2
25
36
25
24
18
11
6
22
25
10
30
36
10
31
4
4
4
9
5
1
39
10
24
23
22
55
9
9
21
20
36
52
26
13
50
6
46
22
37
14
40
23
55
28
25
51
43
7
25
51
52
46
46
20
33
8
28
57
34
41
54
47
32
18
27
0
25
28
0
73
38
75
75
25
87
11
32
24
32
82
69
76
61
48
27
71
81
91
87
75
88
80
50
70
102
85
78
92
100
87
80
102
21
111
12
85
54
85
91
92
85
106
25
33
89
33
33
80
84
14
19
80
75
95
56
71
65
78
16
70
18
63
22
3
93
2
17
5
26
50
100
29
19
25
27
3
24
33
31
20
59
5
29
67
21
30
51
76
33
82
100
62
20
2
15
17
0
