367
167
353
376
222
375
148
234
230
233
378
370
200
224
363
192
376
229
369
243
368
222
364
201
359
359
363
215
170
361
363
363
363
225
359
174
208
373
373
381
385
369
391
236
219
204
212
225
191
230
42
234
247
41
240
177
31
119
185
248
256
95
201
270
154
276
44
250
27
89
213
206
73
90
221
46
176
131
226
73
224
75
146
138
118
81
152
218
219
209
49
213
148
36
28
36
40
0
218
94
234
232
101
252
88
101
73
82
249
261
175
88
79
88
263
96
282
101
262
89
243
168
94
264
91
101
102
276
266
274
281
60
88
91
225
99
165
232
86
100
101
55
77
73
171
183
65
236
106
382
239
95
168
116
173
198
197
374
204
166
7
209
4
239
19
186
12
208
17
228
215
220
190
264
9
20
252
271
198
243
29
220
2
200
247
199
198
206
255
202
4
139
0
136
154
4
141
51
148
157
87
142
25
10
34
63
156
124
90
53
99
44
130
62
122
35
133
39
116
83
71
79
109
37
48
115
110
118
108
45
86
39
91
86
98
101
99
111
102
33
55
0
51
45
35
90
93
47
110
19
94
15
13
38
15
105
103
95
20
80
12
110
43
119
44
111
21
107
87
106
96
124
20
16
118
101
127
117
47
129
50
108
89
100
135
128
116
136
21
57
55
98
92
0
11
152
18
14
26
111
12
100
115
11
17
193
85
10
211
12
10
126
203
12
16
13
18
15
151
148
132
78
10
9
170
155
14
12
133
20
87
123
14
14
121
121
123
14
14
13
3
15
0
168
86
146
192
30
192
34
33
38
35
133
146
178
22
142
31
153
35
178
33
170
36
175
141
142
133
177
35
37
172
179
182
176
25
149
21
162
149
173
163
173
138
166
36
133
30
116
123
0
189
121
174
210
46
207
41
296
43
45
340
264
199
203
171
57
206
42
196
44
204
312
220
411
167
369
406
267
315
415
408
213
214
293
394
48
193
351
395
182
237
222
412
40
378
0
372
162
0
271
167
124
237
104
272
34
113
44
108
269
175
283
83
242
110
285
122
165
117
292
120
181
254
176
166
269
121
120
267
268
188
190
126
235
40
220
182
281
258
162
282
178
108
157
0
154
169
42
208
129
237
297
78
180
53
47
115
38
233
301
173
112
296
46
306
75
300
112
300
117
290
191
218
300
313
108
37
292
289
305
308
89
225
40
265
211
246
284
299
298
298
45
169
0
158
174
0
280
209
202
311
96
234
60
48
41
92
314
299
245
45
296
84
287
49
298
48
286
84
300
281
305
306
306
47
43
304
290
249
295
52
295
43
290
284
309
245
276
308
283
88
238
23
223
215
16
145
43
31
140
122
22
41
42
109
119
54
109
66
101
48
42
51
96
137
39
131
42
45
53
127
53
43
39
30
128
143
137
133
111
41
32
135
108
35
120
123
43
136
25
17
25
32
26
21
149
45
135
108
39
153
38
27
41
44
141
163
104
45
164
37
169
50
136
39
167
53
166
129
141
166
168
39
61
162
167
174
167
82
130
43
135
205
152
134
191
196
142
85
96
0
91
94
0
227
95
220
235
82
272
48
81
81
77
243
182
233
242
159
87
244
270
323
305
241
314
228
153
240
301
236
267
295
304
238
234
322
106
314
64
245
173
256
257
275
315
331
97
100
283
101
94
280
198
14
41
207
159
203
143
158
171
160
26
201
49
155
52
18
211
13
46
21
50
135
227
43
35
49
51
21
59
47
45
45
198
14
46
187
43
42
82
199
47
226
209
163
31
14
30
28
0
