226
106
224
242
158
228
101
169
167
161
230
228
121
166
221
150
220
162
216
168
230
157
224
127
228
242
231
145
131
231
229
221
229
160
246
132
113
229
228
254
233
234
238
153
127
144
125
128
145
166
36
164
166
34
173
135
30
107
142
170
178
53
147
177
122
183
36
177
34
43
142
149
45
58
156
35
131
119
159
46
160
50
125
78
99
56
145
164
167
166
40
167
128
38
31
29
31
0
182
74
204
211
74
217
89
88
94
98
223
221
129
75
55
66
233
76
247
108
244
88
200
127
67
225
71
72
107
216
219
226
225
60
67
77
155
68
126
189
82
77
82
53
56
45
137
136
55
179
83
233
189
64
92
35
88
94
87
242
152
119
4
149
3
193
8
114
12
147
18
147
145
158
131
170
5
16
178
178
132
167
8
146
3
121
161
153
126
146
179
146
3
110
0
106
116
3
57
23
56
61
18
55
21
12
29
14
57
63
52
15
51
12
60
16
65
18
59
20
53
44
52
60
57
23
13
47
52
50
52
14
61
21
58
50
73
66
68
61
56
21
36
0
28
30
21
110
75
64
106
3
87
3
8
29
5
105
92
107
3
73
4
109
31
105
36
92
4
104
81
95
94
109
5
7
106
107
97
105
36
103
30
112
87
108
115
116
114
113
12
68
32
102
98
0
3
61
1
2
5
54
0
52
55
0
2
75
42
0
79
0
2
58
83
0
3
1
4
2
100
59
98
43
0
1
110
97
4
0
83
17
51
93
1
1
79
85
85
0
0
0
0
0
0
100
37
61
97
42
107
47
25
46
48
63
61
94
21
61
36
87
44
99
41
97
40
90
63
64
57
88
59
34
95
88
84
88
47
66
19
86
74
96
98
99
58
95
50
63
54
57
52
0
111
67
105
126
43
132
35
129
42
48
133
118
129
91
65
54
126
43
127
58
139
120
113
130
59
131
153
120
126
148
142
111
111
103
140
22
98
127
143
69
103
110
136
14
145
0
128
64
0
95
52
53
94
48
105
26
43
19
45
105
58
80
21
69
32
91
37
47
39
95
38
56
80
49
48
91
36
30
87
83
65
63
36
71
30
72
62
88
94
57
93
67
34
53
0
48
61
32
86
31
94
76
10
45
10
50
16
49
95
73
41
12
73
49
70
11
70
14
77
13
69
48
86
72
73
15
46
74
69
73
73
23
88
39
59
79
45
71
74
72
78
43
43
0
43
44
0
110
72
51
96
18
64
14
37
32
23
100
99
63
40
96
23
111
40
89
14
116
22
110
100
109
115
112
39
36
81
91
65
85
24
97
27
92
95
88
70
91
98
85
32
61
9
53
57
12
52
31
19
46
31
19
28
24
29
32
33
44
17
28
32
21
33
23
41
29
41
28
28
23
43
30
32
18
22
29
40
45
42
38
28
10
47
38
22
47
48
26
48
24
10
14
20
10
13
54
22
56
46
16
62
21
12
19
19
67
60
41
18
59
14
60
14
55
11
61
15
82
54
35
71
67
20
30
69
68
67
70
30
48
9
44
86
41
60
79
79
60
37
31
0
33
38
0
89
40
102
96
22
141
8
23
27
31
101
103
94
93
67
33
96
118
150
133
106
134
103
61
106
154
111
108
122
154
108
110
172
24
159
9
116
84
113
120
152
170
162
24
75
124
69
67
111
83
20
63
101
40
96
27
37
37
40
38
107
48
53
60
9
107
4
52
9
67
33
122
57
56
58
61
9
21
56
56
50
81
7
56
62
50
52
79
85
59
116
118
61
48
4
39
44
0
