195
105
205
201
134
198
94
144
140
142
205
205
122
138
217
114
214
135
208
143
216
136
199
133
213
197
201
124
114
205
203
199
211
123
203
115
123
198
191
198
193
186
203
136
127
119
123
126
117
86
30
92
98
26
107
69
17
42
74
103
101
37
66
105
57
107
25
111
23
37
76
114
35
42
122
27
81
59
119
34
122
29
81
79
69
29
84
123
114
113
27
124
81
26
17
25
26
0
126
52
142
140
58
145
46
45
41
43
136
139
109
42
39
42
140
47
146
49
156
41
135
81
47
153
54
51
50
149
159
159
151
38
43
51
128
50
98
152
51
52
56
33
33
38
109
106
36
109
65
150
110
29
71
45
68
68
68
170
89
83
0
93
0
115
6
80
4
92
5
106
93
103
67
118
0
4
113
118
87
106
6
84
0
75
97
92
86
85
113
79
0
59
0
54
60
0
60
22
60
63
24
61
19
15
20
20
63
48
44
9
39
11
50
14
49
20
44
21
50
35
41
40
55
21
17
52
61
54
54
30
41
21
52
45
74
67
70
64
69
24
26
0
23
28
20
66
65
29
71
14
54
14
13
21
16
76
66
63
11
50
12
68
22
69
24
80
14
66
45
66
67
75
14
15
71
63
67
67
23
71
18
71
39
63
70
73
65
81
20
36
27
65
68
0
2
30
1
2
8
14
1
9
15
2
3
41
11
2
41
1
2
22
37
1
2
1
1
1
45
32
36
20
2
1
51
53
1
2
59
10
44
60
1
1
62
61
59
2
1
2
1
2
0
79
29
49
75
14
80
23
13
25
24
50
53
82
14
48
14
59
22
86
22
89
23
88
54
51
47
82
17
26
83
88
90
88
27
62
19
85
60
86
93
87
56
84
29
43
14
36
38
0
114
40
108
107
57
113
48
91
56
55
117
91
118
76
68
68
118
54
123
68
120
98
111
128
70
119
129
93
105
131
130
117
112
99
124
45
84
96
118
86
104
107
127
33
116
0
116
51
0
101
55
44
97
48
96
19
43
25
48
96
56
86
31
87
61
92
58
52
55
100
61
58
89
57
49
91
55
50
88
99
57
61
50
68
21
70
55
88
100
51
100
63
44
41
0
45
50
25
71
37
78
101
23
64
26
22
42
15
79
94
58
29
94
16
90
21
98
23
98
23
94
62
69
94
95
46
19
99
101
108
111
39
79
16
84
68
90
106
105
105
102
18
50
0
53
55
0
81
52
51
75
21
63
10
25
27
14
77
75
59
28
77
21
84
26
77
14
92
21
92
95
95
91
84
23
27
70
99
59
81
25
92
17
79
83
77
59
77
76
86
19
60
5
53
52
7
42
21
17
49
28
14
20
20
16
34
25
50
29
33
31
22
33
22
48
25
46
20
25
24
50
27
30
20
17
43
50
49
51
36
21
13
66
46
23
45
56
19
53
13
18
15
17
18
12
67
18
63
63
12
68
15
5
13
13
70
81
50
16
79
19
78
18
69
11
77
17
80
63
64
79
72
17
21
78
85
82
81
33
58
15
51
86
71
56
88
86
63
32
40
0
39
39
0
102
44
112
118
30
136
14
31
30
34
99
92
105
102
82
40
117
89
139
109
101
107
109
74
113
145
117
105
111
152
102
113
152
39
149
21
122
80
108
115
137
151
153
39
64
109
69
65
101
72
11
19
65
53
68
42
51
44
51
10
60
21
46
24
2
70
0
16
3
15
37
73
18
16
25
13
4
11
17
16
19
56
5
18
33
15
18
29
45
19
57
59
28
20
2
20
15
0
