412
154
415
418
233
416
120
225
238
237
426
385
189
210
403
144
392
208
406
215
390
218
358
188
360
343
349
194
152
351
348
354
361
193
348
150
208
356
378
360
349
361
349
200
194
151
195
198
167
212
45
218
208
36
204
177
26
157
192
207
192
67
168
214
166
214
50
215
23
59
174
200
61
64
211
40
188
176
206
60
210
64
159
75
128
65
158
182
200
193
28
190
169
27
25
27
25
0
217
103
240
224
99
237
53
60
48
60
232
225
170
90
73
72
228
91
247
61
241
43
211
149
96
240
96
107
67
245
242
248
253
59
92
88
213
93
166
224
91
92
106
48
54
53
178
168
51
236
111
292
234
57
112
45
81
84
83
306
192
146
6
201
4
212
2
153
0
207
2
172
175
183
163
204
3
2
221
209
185
182
2
192
2
173
213
189
148
162
216
188
4
150
0
135
141
4
89
40
94
94
13
96
24
14
28
11
100
82
95
7
76
7
85
12
90
28
88
31
91
71
89
91
96
28
20
98
94
98
93
11
93
29
97
80
99
89
93
97
85
30
70
0
63
69
26
73
63
40
80
6
74
5
5
35
7
80
71
80
2
55
3
67
36
73
35
71
4
69
55
86
92
68
7
5
74
87
72
72
32
78
34
89
55
78
73
75
82
72
10
40
33
78
74
0
1
38
3
2
6
35
1
34
38
0
3
64
16
1
69
0
3
42
77
1
4
2
2
4
59
49
55
33
2
2
68
65
2
0
46
12
32
45
3
3
54
54
48
1
0
1
1
1
0
72
24
44
65
24
70
20
19
24
22
47
44
74
18
44
29
50
29
74
26
81
31
71
45
43
45
60
28
27
70
62
70
63
25
45
17
61
53
58
57
53
40
60
25
42
27
32
34
0
139
73
132
146
22
142
26
127
29
28
155
141
132
120
110
28
123
23
132
33
131
154
137
183
103
177
179
154
166
178
191
131
132
161
173
24
131
173
182
104
130
133
185
21
175
0
165
100
0
114
87
62
98
27
108
25
27
32
33
113
86
107
26
102
30
121
33
84
47
118
39
87
120
87
90
119
36
33
127
119
94
91
46
100
33
107
96
128
120
85
123
97
38
69
0
66
80
32
125
73
143
149
22
96
11
24
23
26
139
155
97
28
152
21
153
18
150
28
147
28
154
96
125
148
147
23
23
156
142
152
151
23
121
26
143
110
111
144
154
155
157
23
109
0
115
125
0
113
62
40
76
17
78
16
73
59
16
72
76
51
60
67
22
114
58
74
20
114
18
107
103
117
121
117
51
53
75
113
55
74
56
101
55
102
91
70
53
98
77
90
27
46
22
46
44
13
69
24
16
76
61
15
28
25
55
61
36
61
18
44
30
23
34
37
62
28
61
32
32
26
67
34
28
19
25
55
63
65
67
59
27
14
69
58
21
66
58
26
66
12
11
12
20
11
17
72
38
51
39
43
100
19
37
50
44
54
84
44
17
74
12
80
40
50
27
78
43
87
49
48
89
97
14
48
92
97
99
98
50
54
18
38
92
61
49
92
88
55
48
31
0
36
32
0
113
39
110
119
55
148
32
59
58
63
104
104
126
112
56
57
129
142
159
159
133
145
127
62
121
161
125
137
155
176
122
137
168
63
179
28
111
98
142
133
144
172
169
57
42
129
32
31
135
118
17
29
129
100
122
82
99
105
110
23
142
37
105
28
8
141
7
35
11
35
92
144
32
23
26
28
9
31
30
30
24
127
9
31
125
26
33
59
133
31
152
155
116
23
9
24
24
0
