236
126
237
248
176
249
117
180
196
184
247
261
133
175
271
163
262
177
259
178
259
176
246
149
269
258
260
172
147
260
256
256
254
170
265
154
155
252
274
270
267
278
264
172
145
159
149
144
162
176
39
189
182
34
180
142
25
116
152
176
183
56
161
190
140
191
42
196
31
52
162
188
43
58
186
29
170
141
185
49
188
50
160
98
129
52
141
180
173
184
31
177
160
24
25
26
25
0
189
73
211
224
69
215
93
84
84
91
214
219
136
63
51
58
238
61
236
115
248
89
199
112
66
218
72
69
108
218
222
219
230
64
66
75
161
75
130
197
74
72
76
60
52
46
132
131
41
201
61
301
215
85
103
51
115
127
120
290
169
112
4
160
3
174
3
125
3
158
6
131
144
152
129
177
4
3
175
169
161
170
2
148
3
149
173
158
160
146
179
166
3
133
0
116
121
3
69
24
76
72
21
75
25
17
30
16
79
78
73
13
66
19
73
20
75
29
72
29
90
68
71
80
74
33
18
75
80
79
78
18
71
25
74
71
73
80
77
81
82
28
49
0
47
50
29
98
60
63
104
7
90
3
6
21
3
105
92
90
4
97
5
104
24
105
27
98
7
102
99
99
108
97
5
6
104
116
101
108
33
96
33
109
97
98
96
94
108
105
6
75
27
104
100
0
10
65
10
5
7
49
7
58
55
6
8
75
66
8
69
5
10
47
72
8
10
9
10
7
65
66
76
43
11
7
76
73
7
7
79
27
65
81
8
7
80
72
89
8
8
10
3
8
0
84
33
54
82
27
84
33
20
29
28
57
54
82
34
54
31
79
30
97
32
81
36
74
59
58
68
72
36
33
83
76
79
81
38
60
32
74
81
87
88
83
55
80
33
50
31
44
47
0
92
56
88
96
30
91
25
139
31
32
142
121
99
102
80
38
99
33
100
35
106
137
98
161
84
151
164
123
147
171
174
103
97
132
164
27
92
150
168
97
107
105
171
25
155
0
164
61
0
101
71
41
92
45
100
18
42
32
43
116
71
104
26
82
32
93
36
59
39
100
39
69
95
71
60
99
44
37
104
103
68
70
36
86
29
81
71
96
90
58
97
64
30
49
0
50
59
25
81
38
81
86
14
68
19
26
23
30
89
92
59
29
90
30
108
23
96
30
92
35
95
78
96
93
98
20
26
90
94
93
101
19
104
31
93
93
85
104
96
100
99
28
64
0
60
59
0
124
65
75
107
23
89
19
23
26
19
107
103
77
32
97
16
119
37
90
15
113
19
127
109
124
122
121
33
28
93
130
87
106
34
122
20
113
122
101
73
117
102
122
21
84
9
83
76
10
48
23
14
43
34
17
27
25
29
34
24
49
11
31
27
20
33
30
40
22
47
28
28
18
45
30
27
13
19
34
39
47
42
42
24
11
56
50
21
54
48
18
44
20
7
12
9
6
11
66
31
62
39
23
75
19
23
28
25
59
77
35
18
80
12
74
37
56
30
73
42
61
54
38
60
65
11
23
67
61
59
70
32
58
14
42
58
43
57
66
71
66
35
36
0
33
36
0
78
37
82
88
20
126
11
16
20
22
96
97
90
124
53
28
96
135
162
150
101
145
113
55
104
160
106
121
133
152
102
102
166
46
147
27
93
72
102
112
136
172
160
41
46
139
49
46
136
82
19
36
90
59
83
49
61
58
61
27
109
27
63
33
14
95
6
36
16
42
59
114
39
32
37
37
10
15
34
35
37
109
14
39
79
34
38
52
102
33
112
119
77
28
10
30
26
0
