309
141
313
312
198
309
132
202
216
207
319
322
173
206
325
168
324
201
332
199
327
199
277
196
287
285
286
182
170
286
278
277
283
172
267
161
179
257
251
260
264
263
264
177
184
172
187
187
181
94
18
90
81
20
89
62
20
56
76
92
109
40
100
121
81
115
27
110
27
32
107
115
27
38
112
24
93
79
110
23
110
28
84
62
73
34
95
112
114
116
29
113
82
16
18
20
20
0
138
50
151
151
56
157
34
36
28
33
158
131
118
50
42
45
137
52
145
27
146
23
172
110
53
192
56
62
63
194
200
200
203
80
59
66
151
71
148
223
63
65
70
77
49
52
140
158
49
114
57
252
114
41
142
113
140
149
149
246
87
70
2
90
1
125
12
91
13
93
20
100
90
99
77
121
1
15
120
120
71
109
12
77
0
72
103
74
77
82
112
84
0
61
0
60
63
2
67
33
79
81
15
72
16
11
22
10
80
74
69
2
58
6
73
8
70
16
73
21
77
49
65
69
80
19
14
78
75
76
78
9
71
22
58
53
64
61
70
65
60
17
46
0
46
51
21
52
34
35
48
3
54
1
3
24
3
46
51
64
7
34
6
50
31
57
33
53
11
54
27
68
55
55
6
5
51
61
50
47
32
43
33
58
34
54
36
44
64
44
3
27
38
55
52
0
1
8
1
2
2
6
1
2
5
1
2
25
2
0
24
1
1
16
22
1
2
2
2
1
12
13
8
6
1
2
14
13
2
0
14
2
9
12
1
1
11
14
14
1
0
0
0
1
0
56
24
59
61
3
60
3
0
2
3
45
57
64
4
55
0
51
4
64
4
61
4
54
55
57
41
57
4
0
62
55
57
60
1
61
0
54
52
59
61
63
58
61
2
63
5
53
57
0
86
48
67
82
8
93
5
156
6
7
200
118
78
92
79
3
76
5
81
5
85
170
86
223
77
214
226
147
168
238
225
89
91
164
229
9
87
186
223
78
88
79
221
1
213
0
215
80
0
86
89
52
82
10
79
16
10
26
11
89
77
89
11
84
19
95
18
90
19
90
15
91
110
83
87
109
22
25
109
106
104
101
29
109
27
86
89
121
112
85
113
96
30
84
0
83
95
24
71
31
72
108
10
89
39
4
48
1
68
127
72
61
118
4
130
60
128
58
128
64
137
85
71
132
127
69
3
134
143
135
135
76
72
2
94
70
137
153
144
144
144
5
66
0
68
64
0
160
113
105
159
33
139
27
34
27
34
168
167
126
31
174
38
159
27
166
26
163
45
171
147
170
165
172
29
27
175
160
127
167
29
163
35
149
155
178
131
150
176
159
31
147
5
141
133
6
72
24
19
76
68
14
26
25
49
62
28
71
22
47
24
19
24
46
65
21
66
26
27
20
73
24
25
15
24
62
75
58
57
54
24
12
64
58
14
53
62
19
64
14
5
15
13
12
17
49
12
34
17
32
59
21
31
40
39
33
50
30
21
54
20
56
35
35
26
55
38
59
34
32
63
61
20
43
69
71
66
66
58
27
25
28
78
63
31
76
73
32
61
12
0
10
12
0
85
26
88
88
48
145
32
44
42
46
92
61
91
137
44
47
91
171
171
174
96
173
98
45
93
168
92
170
162
165
94
89
164
49
169
10
90
72
92
93
150
164
167
46
30
160
31
28
155
63
1
4
62
59
55
58
59
59
60
3
46
6
44
3
1
51
2
6
3
5
50
44
5
3
6
3
2
2
7
6
4
43
3
4
48
3
6
9
61
4
51
51
48
1
2
1
0
0
