349
142
340
354
186
355
104
203
207
198
368
325
156
190
331
151
332
187
337
189
320
189
292
148
303
295
300
179
139
288
283
301
291
181
316
151
166
318
323
309
310
324
323
182
160
145
159
169
155
227
53
227
230
70
236
194
32
167
193
239
210
73
192
232
176
234
66
235
36
79
196
186
62
62
177
40
158
131
184
62
191
64
170
107
138
61
164
205
212
204
42
201
154
31
31
33
36
0
212
86
218
214
101
234
76
87
79
71
227
226
146
81
61
73
212
78
232
78
227
70
208
139
75
205
72
75
74
226
224
222
221
60
70
86
178
85
153
201
84
85
89
54
72
62
154
157
64
219
87
279
230
53
114
40
77
82
82
291
200
170
6
192
2
208
1
151
1
197
3
176
178
188
175
214
5
2
208
211
207
185
3
187
0
172
216
199
182
178
214
199
3
155
0
144
150
2
77
33
97
96
21
87
29
19
34
14
97
90
84
15
79
16
88
19
88
32
91
29
93
77
84
93
97
36
23
92
103
97
100
17
96
37
98
80
98
100
104
99
95
30
57
0
54
63
33
94
89
52
110
12
81
6
9
36
10
106
101
101
11
79
9
95
33
101
35
99
14
94
79
105
93
95
9
12
104
107
99
104
41
95
36
99
86
98
102
101
97
105
10
45
42
78
76
0
2
58
3
4
6
54
2
45
47
3
3
83
37
3
85
3
2
65
81
1
4
4
4
4
76
64
71
28
2
1
69
75
3
4
93
15
65
92
4
3
85
83
85
2
3
2
3
3
0
79
35
49
81
23
82
24
16
21
22
58
59
90
22
59
26
68
32
94
34
96
28
81
65
57
51
81
33
31
88
96
92
78
31
62
14
84
84
77
95
94
46
89
32
52
32
41
45
0
137
77
141
138
52
150
43
118
48
50
124
110
126
106
108
57
145
47
150
58
127
130
124
157
94
135
158
124
131
162
168
139
145
114
150
45
114
148
166
104
132
136
174
34
155
0
155
88
0
118
81
63
104
40
102
35
34
52
42
106
92
97
25
98
29
118
39
81
46
120
42
74
121
70
78
113
42
35
108
103
90
86
45
115
40
106
80
126
110
77
122
85
40
65
0
62
80
43
111
51
104
118
19
76
18
27
40
17
112
126
79
22
128
27
131
19
125
26
138
26
108
81
109
125
120
28
22
125
132
133
122
27
106
26
111
99
100
133
132
123
129
25
92
0
82
87
0
112
50
43
74
14
69
17
47
41
18
76
65
56
51
74
20
104
53
76
16
112
17
113
99
102
110
103
44
46
72
114
54
74
45
94
40
84
84
76
51
89
76
77
20
56
13
55
52
18
53
31
18
59
40
18
35
28
45
43
38
56
24
43
37
31
34
35
50
27
49
32
38
36
55
31
27
21
28
45
59
56
61
48
29
15
54
42
27
51
48
29
61
23
8
26
26
15
18
62
25
61
36
38
69
26
26
40
40
56
74
29
23
78
20
79
35
56
22
77
37
71
60
46
74
78
27
47
75
80
71
78
42
51
17
48
88
62
57
90
87
59
46
34
0
28
36
0
115
43
124
117
42
150
15
41
44
39
122
105
114
106
70
43
121
109
160
119
121
123
129
68
132
174
127
123
140
154
120
126
168
45
174
24
116
81
117
128
136
166
156
39
57
118
55
64
114
107
21
35
116
83
106
63
84
78
76
27
122
44
94
35
5
118
4
32
7
37
75
125
34
30
35
40
10
37
34
38
37
94
10
41
105
36
37
67
104
41
137
136
85
27
9
29
26
0
