532
303
528
550
430
546
313
465
463
452
560
600
335
442
586
361
575
441
590
457
586
426
572
344
565
589
573
433
355
598
579
545
592
429
548
379
376
552
546
562
578
558
561
432
332
410
345
347
392
341
73
353
355
86
359
283
64
211
285
370
349
154
283
365
237
366
95
377
76
108
288
355
103
140
374
86
303
257
376
100
366
104
295
218
220
106
290
391
389
387
85
382
318
83
68
77
77
0
473
210
521
495
234
498
183
167
167
181
499
486
321
227
188
216
476
228
514
198
496
157
484
324
224
520
228
231
187
497
484
499
508
145
224
238
446
248
306
490
238
232
249
117
196
201
376
376
181
422
209
605
438
200
236
118
245
261
276
625
345
283
7
366
6
397
14
271
17
366
28
374
322
385
300
414
8
24
420
419
348
372
34
369
5
335
459
392
324
380
453
379
6
249
0
247
243
5
184
75
186
208
44
211
67
47
86
33
196
159
172
21
143
25
175
34
177
82
166
81
196
144
176
166
202
81
53
213
212
210
220
40
186
86
179
159
197
193
211
189
200
79
104
0
91
109
75
276
200
145
253
6
241
9
10
102
11
242
233
262
9
181
4
224
113
244
126
247
11
256
181
270
271
259
13
9
270
307
264
273
118
266
121
283
208
275
272
268
282
267
14
146
130
243
238
0
10
137
14
10
26
102
5
104
120
7
15
187
91
5
187
4
10
106
208
5
9
9
11
11
179
137
180
73
5
7
183
188
14
7
197
40
152
202
10
14
191
196
189
4
11
9
3
10
0
199
78
123
201
55
207
70
43
72
63
119
132
190
53
120
64
149
78
194
69
201
76
195
134
106
114
195
79
93
196
200
201
202
94
144
49
218
157
219
229
228
102
227
83
131
70
105
113
0
246
140
253
265
74
281
59
344
63
67
338
313
269
283
179
88
270
69
284
92
287
357
266
389
188
375
408
356
380
421
415
258
257
367
376
80
214
374
410
229
262
264
404
70
364
0
364
147
0
260
174
141
227
99
259
75
82
104
112
253
177
243
58
212
95
259
118
181
111
275
115
175
249
153
167
253
107
91
266
246
192
192
86
216
114
170
176
236
236
185
235
193
83
135
0
127
182
110
221
111
230
221
30
150
27
81
59
66
234
247
145
61
246
70
254
48
272
75
253
80
233
167
223
248
251
61
65
245
233
242
250
55
236
71
231
203
192
253
250
244
256
81
159
0
153
161
0
282
203
143
231
43
230
27
107
101
42
223
230
180
114
220
35
292
113
199
26
290
38
308
278
319
318
321
117
103
229
304
173
221
96
278
67
258
268
223
163
270
198
251
37
168
39
158
150
25
113
92
41
106
67
68
101
99
58
69
113
108
72
63
98
79
111
56
113
95
106
90
94
84
125
94
91
39
78
108
134
120
117
71
88
35
118
107
62
117
110
64
119
45
29
47
52
32
53
183
70
152
93
60
187
69
38
73
74
154
176
110
58
184
55
200
75
166
39
189
75
194
156
117
204
208
55
88
209
199
201
205
80
154
35
133
203
149
167
218
214
166
91
105
0
87
91
0
233
119
252
270
81
341
23
77
81
82
260
266
264
263
187
86
274
320
376
354
259
352
258
170
271
379
268
343
333
375
272
276
410
68
384
28
289
205
263
283
350
397
396
62
142
326
136
125
310
220
57
93
233
137
224
115
145
157
156
66
244
83
156
95
26
225
16
70
22
86
125
242
91
68
84
91
29
76
83
96
84
197
22
89
169
74
79
137
207
90
250
247
150
58
17
62
64
0
