159
67
170
173
79
166
54
83
87
86
171
164
85
92
160
71
162
83
164
85
162
88
132
81
132
130
139
78
68
127
131
135
132
77
138
73
95
139
140
135
140
147
138
80
81
79
87
83
79
78
12
86
80
20
82
66
10
49
67
79
90
38
74
98
72
95
18
97
17
25
83
95
20
30
106
21
90
65
102
23
99
25
71
49
61
19
71
94
97
94
20
94
74
17
12
16
17
0
85
34
94
91
41
98
33
36
29
33
96
71
50
34
30
30
76
36
75
18
79
16
73
58
30
78
27
35
14
74
79
83
73
10
29
33
71
34
58
72
26
34
35
10
27
27
66
56
27
97
32
114
92
38
62
15
49
44
42
123
76
63
1
81
1
84
1
68
1
74
2
66
68
72
64
75
1
2
81
81
78
72
2
78
0
72
87
76
73
75
83
79
1
59
0
62
66
0
41
25
40
41
6
38
22
13
23
5
41
44
48
5
33
6
42
9
37
19
40
22
44
34
47
46
51
19
10
50
48
47
45
10
40
21
42
37
52
49
48
45
45
24
33
0
32
31
23
46
38
27
54
11
41
7
9
15
13
56
49
46
5
29
4
45
19
43
20
45
5
44
30
47
47
41
5
2
46
43
45
44
17
46
20
45
25
44
43
47
51
46
9
27
20
49
45
0
1
14
0
1
2
10
1
12
11
0
1
22
2
0
21
0
0
8
18
1
1
0
1
1
15
14
13
4
0
1
16
19
1
0
21
3
16
18
1
1
16
24
20
0
0
0
0
0
0
32
26
26
34
5
36
5
1
7
6
23
29
36
3
26
12
35
11
39
11
44
13
42
32
25
25
41
7
13
49
46
53
48
9
31
4
44
39
44
44
43
26
41
9
28
5
26
23
0
43
29
50
52
13
52
11
53
12
13
68
59
48
47
33
20
56
21
58
20
56
55
59
86
33
64
89
53
57
91
81
56
57
64
80
17
47
69
77
52
56
57
74
17
75
0
80
39
0
56
38
34
47
15
46
17
12
21
19
47
46
47
12
46
17
57
21
46
15
62
20
46
60
49
43
62
24
21
65
62
43
48
21
54
24
53
50
56
57
50
62
52
24
48
0
40
56
21
56
21
62
93
19
57
12
9
27
4
61
84
65
27
88
9
96
20
92
28
98
26
83
72
67
92
97
25
6
95
94
90
91
28
73
13
89
69
75
104
99
96
102
7
63
0
60
61
0
45
37
26
49
17
31
18
12
14
22
53
44
38
13
39
12
53
14
43
7
48
12
54
50
49
43
54
15
17
43
51
34
42
13
47
10
45
42
49
35
42
43
39
15
31
2
32
31
1
41
26
18
33
23
16
15
16
11
20
21
28
17
18
24
16
27
18
33
16
28
14
27
32
32
27
34
11
18
33
35
35
35
21
30
9
43
34
19
53
48
22
40
15
13
14
19
12
8
41
9
31
22
15
39
14
14
16
17
36
35
26
15
40
13
44
25
31
15
45
24
42
29
18
42
39
15
21
38
40
38
38
22
29
9
28
40
34
28
37
45
31
25
11
0
12
15
0
55
15
63
54
27
61
14
27
30
31
55
37
51
50
37
22
51
53
69
58
49
65
47
41
56
64
53
59
65
67
54
53
75
34
65
17
52
45
68
64
55
66
55
37
15
55
21
17
53
74
9
10
72
59
70
54
62
62
56
6
71
26
67
8
2
73
1
6
1
6
54
83
9
7
9
5
0
21
8
8
7
83
1
10
78
6
7
19
81
8
87
79
78
10
1
8
9
0
