26
10
22
26
19
24
10
19
17
18
25
26
11
18
23
15
21
16
22
13
27
20
23
19
24
23
27
18
14
22
25
18
24
15
26
16
18
24
23
29
27
25
27
17
15
17
15
16
16
294
53
301
315
46
308
255
35
200
261
325
295
160
257
305
230
316
47
318
45
75
251
294
92
129
309
54
267
226
321
94
310
98
252
187
199
85
228
313
313
303
65
310
252
41
26
36
42
0
297
54
301
315
61
309
288
304
308
306
330
327
84
56
31
55
341
57
326
315
322
320
351
105
56
343
30
51
335
363
352
358
361
351
62
32
97
65
344
347
68
67
69
340
5
7
14
10
7
303
158
377
325
115
134
58
126
151
138
393
279
254
5
289
4
320
13
267
19
287
17
304
312
336
241
359
6
26
357
361
280
329
29
288
2
281
337
293
299
292
345
292
4
215
0
194
215
3
173
104
204
208
62
201
23
24
36
42
208
216
157
43
166
44
212
47
203
31
208
34
216
178
152
152
210
32
48
217
231
215
219
43
164
33
205
162
221
220
202
218
220
27
117
0
108
122
25
293
329
175
362
5
260
3
5
26
4
357
367
313
8
281
6
395
28
376
29
386
10
365
262
304
301
366
9
5
363
322
371
364
31
376
24
309
280
321
378
373
309
374
13
228
17
243
247
0
30
164
22
23
50
111
23
102
117
23
28
200
91
24
219
23
29
130
220
21
25
26
23
25
184
170
167
81
18
22
204
196
28
20
172
46
133
187
29
26
193
186
189
25
28
27
8
28
0
243
105
141
243
87
261
106
73
106
106
150
154
230
82
131
89
181
106
233
114
240
108
223
157
141
152
221
109
87
218
221
210
223
100
154
71
230
200
237
254
239
138
228
107
137
100
131
125
0
224
149
217
237
52
243
49
209
51
57
240
235
228
192
184
55
227
46
235
58
239
220
231
283
186
267
298
240
237
288
290
234
227
230
267
80
221
271
278
208
245
247
284
40
260
0
269
150
0
174
64
70
165
116
179
25
91
45
100
165
71
171
79
171
110
199
124
78
120
204
121
88
210
170
77
216
148
132
215
222
86
82
123
168
49
175
76
203
207
92
209
90
111
72
0
68
94
50
149
70
160
128
27
72
22
109
51
97
162
142
70
55
134
102
139
44
131
57
135
51
133
101
170
141
136
50
101
152
151
155
141
57
166
95
136
155
115
145
147
158
152
94
67
0
70
64
0
158
124
69
144
63
120
45
73
64
63
125
132
100
75
143
60
166
83
137
36
174
52
187
161
184
189
190
87
81
129
190
93
130
82
173
75
152
162
116
84
158
132
160
36
73
17
72
69
17
48
31
11
54
37
25
36
34
31
39
39
46
17
36
42
34
50
32
49
31
46
33
44
38
41
35
34
9
23
30
44
39
38
30
32
7
35
26
26
33
37
31
38
21
3
17
18
5
15
170
65
127
87
61
190
21
50
70
69
126
173
105
17
182
15
177
64
116
42
190
75
177
125
104
192
185
19
78
200
187
186
185
78
131
21
95
183
104
136
179
176
144
81
113
0
115
121
0
170
65
170
171
43
224
13
44
38
40
170
190
153
182
101
34
163
202
261
227
170
226
169
94
164
251
175
169
195
242
178
180
254
44
241
18
158
110
184
181
207
254
253
38
101
193
103
97
202
177
54
122
192
66
175
49
70
67
71
80
175
77
66
122
28
167
10
92
36
113
48
180
111
93
111
119
32
46
113
121
114
118
35
122
65
92
136
143
105
125
173
172
38
93
27
83
96
0
