219
91
226
230
113
229
84
119
119
126
217
246
125
116
247
88
243
129
256
121
244
123
232
121
242
229
240
117
94
236
229
238
231
111
236
85
115
228
229
224
232
230
221
107
117
92
112
112
95
143
26
155
152
31
153
124
20
96
121
157
145
48
117
158
108
147
30
150
22
45
122
123
35
42
124
33
89
94
126
38
128
35
77
64
62
35
93
106
105
111
30
102
78
26
18
27
28
0
123
65
139
140
52
135
47
41
44
46
146
132
109
55
45
44
147
55
141
45
147
45
131
99
57
138
63
60
39
134
134
135
145
38
48
53
121
52
105
131
61
62
57
29
45
38
103
101
45
142
49
193
136
43
87
31
73
77
71
187
112
90
2
118
1
110
3
102
3
112
5
80
104
111
97
119
2
5
114
122
111
107
10
113
1
93
125
119
95
115
134
119
1
93
0
88
87
2
60
41
78
74
14
78
25
16
24
15
74
72
61
24
66
18
83
27
78
23
80
22
87
70
69
72
92
25
23
98
89
90
96
29
74
23
79
69
85
85
83
81
84
23
52
0
56
51
27
57
51
35
65
18
43
20
17
27
20
70
69
56
20
61
20
64
25
70
28
66
26
57
54
53
56
62
18
19
66
60
65
60
25
60
28
61
53
59
54
65
62
62
17
35
30
55
57
0
6
46
4
2
7
40
4
38
41
3
3
56
34
5
57
5
5
46
60
3
6
3
5
3
63
45
63
45
4
2
68
67
4
3
73
32
60
73
3
4
71
77
72
6
4
6
3
4
0
82
37
55
81
28
88
28
27
29
32
60
57
84
27
57
24
71
38
92
36
85
35
92
67
63
64
79
39
33
94
88
93
96
28
62
21
82
84
89
89
95
67
93
35
68
36
58
56
0
81
36
89
83
28
91
20
82
36
32
106
111
85
67
65
40
94
26
93
36
98
73
91
111
62
106
113
69
89
120
129
76
92
79
125
27
91
111
121
81
93
89
119
22
113
0
112
52
0
75
67
51
68
17
75
14
15
30
18
75
78
82
15
67
24
82
22
65
26
92
25
78
75
66
55
80
25
24
92
83
78
70
21
80
26
76
83
88
87
78
100
87
21
52
0
48
71
26
61
32
75
75
8
49
21
31
23
33
73
80
40
29
71
33
72
24
75
31
77
30
86
43
71
76
79
43
29
78
87
85
85
33
83
35
67
74
60
79
85
77
76
34
40
0
38
42
0
74
77
51
92
34
61
32
14
14
36
87
83
58
13
85
23
82
13
79
22
84
22
75
73
78
85
80
14
13
74
76
64
75
18
76
13
66
69
77
53
65
70
76
30
47
6
52
49
4
69
27
17
65
40
34
23
23
37
44
40
84
26
41
38
21
38
36
72
22
69
24
38
28
55
32
27
15
13
50
50
52
55
48
34
16
63
47
24
63
65
31
65
13
20
12
24
21
16
47
17
42
29
26
50
30
19
25
33
40
49
30
19
50
21
44
31
40
24
54
34
53
40
28
53
57
21
32
49
50
44
47
35
39
14
33
70
44
46
64
61
42
41
15
0
18
18
0
92
28
94
83
46
88
30
36
43
43
92
74
80
67
50
27
95
77
98
83
85
90
87
34
82
108
78
76
91
100
78
83
118
27
109
9
80
63
79
74
96
112
111
27
48
88
49
49
81
60
22
43
61
29
67
26
34
33
30
29
78
38
44
40
17
78
10
39
14
51
38
89
41
44
45
41
16
21
41
44
42
79
12
39
66
36
36
46
81
37
91
88
60
26
6
29
24
0
