507
239
534
537
320
534
203
351
343
344
525
488
256
343
501
254
497
341
511
329
491
323
477
261
482
488
495
319
263
472
501
489
488
320
462
245
291
474
486
471
477
497
482
331
235
265
250
259
256
329
69
333
342
90
352
270
47
239
288
337
316
98
268
343
222
339
97
348
58
119
283
298
96
121
302
62
252
232
331
101
322
108
256
177
193
88
220
328
311
320
71
306
251
45
34
48
43
0
285
156
325
331
157
330
93
89
79
91
319
324
215
148
130
135
332
147
357
113
335
90
322
221
147
345
151
161
124
352
361
345
368
119
130
142
330
131
249
356
138
145
140
88
117
116
269
258
108
331
168
446
336
102
193
84
175
168
168
467
294
234
8
312
3
322
4
222
1
290
8
270
247
302
262
328
10
5
321
329
291
311
8
305
4
274
323
320
233
276
328
302
4
236
0
210
226
2
91
56
100
94
29
108
35
30
52
21
102
106
80
18
80
27
111
30
109
43
117
53
116
74
77
94
111
50
40
110
113
119
118
38
106
48
110
88
118
122
124
132
123
52
50
0
57
47
52
122
152
82
164
21
123
12
22
64
27
165
158
141
17
122
17
151
69
156
73
147
22
156
107
144
134
159
13
11
156
147
150
159
78
164
64
148
105
131
161
166
153
168
19
75
74
131
131
0
9
91
11
8
22
72
10
70
73
10
14
130
41
8
130
13
13
74
127
9
8
11
10
11
106
88
102
45
10
7
117
107
9
10
135
25
84
123
9
10
135
122
130
13
12
11
3
10
0
111
63
81
128
23
115
42
35
41
41
83
92
123
35
85
39
102
44
126
42
124
52
118
76
76
81
123
31
48
133
121
119
119
50
99
29
120
107
119
126
135
75
129
50
68
29
65
65
0
190
104
207
214
60
217
49
233
56
61
229
218
202
209
166
62
209
53
208
63
223
250
214
260
176
281
282
255
265
293
300
210
215
237
280
59
205
266
285
193
223
218
306
47
255
0
259
149
0
165
101
88
178
82
176
35
75
60
73
192
100
163
46
156
77
180
82
98
89
188
80
100
179
131
96
185
91
83
198
183
100
119
85
152
61
157
112
178
172
105
168
117
83
90
0
80
108
59
131
82
159
202
37
130
32
32
57
34
160
197
128
41
205
33
183
28
191
44
201
48
198
142
143
220
207
67
38
210
207
191
212
60
162
38
192
156
159
200
205
217
204
34
126
0
132
128
0
211
101
88
142
27
123
24
104
94
26
146
132
98
105
127
24
210
101
139
20
219
27
208
214
229
222
221
83
81
131
214
118
125
72
189
67
177
166
118
97
162
115
156
13
100
24
94
98
19
74
52
32
75
39
34
50
43
31
44
66
67
35
42
63
43
64
43
75
46
66
47
53
48
81
56
50
28
31
54
73
81
73
59
45
22
65
58
38
72
72
43
76
27
19
29
34
20
19
112
38
110
90
26
123
37
20
34
29
111
115
83
30
124
29
118
38
111
25
127
33
114
113
93
129
126
32
42
129
129
129
115
50
107
25
110
143
114
113
134
148
135
47
89
0
79
84
0
186
77
179
178
48
256
11
51
48
51
166
158
171
189
122
67
187
225
267
229
195
238
184
118
193
280
195
224
231
258
179
187
290
66
285
35
190
135
182
189
247
296
286
54
92
228
87
88
189
166
28
42
182
134
184
105
142
138
135
32
179
55
136
49
9
182
8
31
14
51
115
170
44
39
35
48
14
43
36
48
41
137
17
46
146
35
43
80
158
38
189
193
129
31
6
33
28
0
