428
208
440
441
284
441
193
297
292
299
432
428
233
280
421
229
425
282
429
283
413
283
431
244
415
415
421
269
237
442
430
416
424
279
442
225
240
450
428
457
435
436
451
283
240
259
238
230
250
311
75
313
312
66
316
207
46
148
229
315
295
108
212
318
164
317
74
314
65
121
222
285
105
133
299
81
185
134
290
106
308
116
185
232
131
101
194
279
297
287
88
297
203
66
50
66
70
0
288
127
306
309
135
310
109
102
98
94
313
303
190
116
97
103
323
117
318
125
320
108
329
193
129
340
126
145
145
341
338
357
364
78
122
126
271
121
213
290
121
123
130
84
90
83
219
212
76
276
151
367
274
105
151
84
149
153
148
383
235
201
4
248
2
270
11
206
13
232
18
236
229
257
194
274
3
9
275
281
228
275
15
229
3
219
271
231
220
235
292
221
4
169
0
172
174
3
172
79
189
183
93
179
56
37
61
83
179
184
113
68
151
85
186
97
190
54
177
61
177
141
115
122
178
65
84
170
177
170
179
85
138
56
170
154
186
188
188
185
183
66
73
0
76
71
56
147
168
82
176
29
127
26
29
61
30
187
185
139
23
140
25
172
64
192
67
191
29
174
121
151
146
189
35
29
192
166
207
201
69
198
59
175
127
177
194
206
167
206
35
87
55
132
136
0
15
167
15
11
40
128
11
117
136
7
19
193
62
11
198
9
10
96
203
10
16
13
16
16
128
140
130
31
10
18
158
155
20
13
129
30
85
145
15
15
149
137
143
13
13
13
9
12
0
139
62
105
136
36
139
45
31
46
36
95
103
128
22
97
27
98
30
130
28
118
35
130
96
100
90
124
39
50
129
128
127
130
53
97
37
142
124
142
143
137
89
135
56
92
33
94
90
0
182
107
196
191
65
199
52
179
62
66
213
197
180
159
134
72
194
50
201
66
205
201
202
246
165
238
252
191
204
263
254
214
207
197
259
64
186
244
259
183
203
199
269
50
245
0
241
133
0
174
138
107
165
67
174
45
59
74
69
182
131
169
43
140
62
178
73
129
75
174
79
129
184
137
139
185
86
62
189
188
132
146
68
158
78
143
141
187
180
153
187
144
70
96
0
103
141
74
154
71
167
211
44
133
30
38
63
28
177
215
161
63
217
35
215
50
233
74
228
80
223
183
174
223
203
63
35
212
218
209
214
57
172
35
201
168
183
219
222
234
225
44
136
0
135
140
0
161
112
76
144
56
124
30
77
65
48
139
144
103
75
129
44
165
81
129
30
167
48
178
156
163
174
175
68
58
133
167
118
130
66
157
55
150
142
134
111
133
134
131
44
98
23
84
85
14
109
57
34
106
62
40
43
52
42
64
76
103
68
52
79
52
80
50
106
50
106
56
85
76
94
78
70
35
54
77
91
101
95
49
78
18
105
82
64
92
100
75
109
29
34
27
48
29
21
111
20
94
86
35
111
53
26
41
37
99
103
74
51
115
47
121
38
115
24
111
48
128
107
102
126
134
46
60
119
120
124
120
55
96
28
112
133
110
114
138
131
113
50
53
0
61
59
0
183
78
161
164
53
211
25
61
56
54
165
156
173
179
138
62
195
196
243
207
196
209
187
131
175
242
197
185
206
250
193
201
254
78
265
49
196
145
195
210
234
277
265
74
94
164
85
99
173
180
22
45
167
141
170
128
139
134
147
32
166
54
133
38
13
172
6
38
12
39
115
169
37
29
37
35
13
30
44
38
42
140
11
39
122
27
45
73
129
46
167
165
103
30
11
25
29
0
