265
159
266
257
178
258
103
182
182
179
268
267
156
178
263
159
258
183
274
169
263
160
252
160
258
254
237
172
160
248
247
237
249
175
266
145
168
279
283
268
281
270
274
177
160
169
177
167
173
141
33
144
144
29
137
109
24
92
107
149
141
46
109
145
88
144
29
140
24
40
109
162
37
51
157
35
124
111
153
36
162
40
103
97
89
28
118
143
150
145
26
150
105
25
26
26
26
0
151
68
169
164
60
176
66
62
62
68
174
169
112
58
55
55
175
51
190
67
187
59
161
97
65
157
61
65
52
162
179
175
164
53
59
68
147
64
106
161
69
72
65
46
50
52
125
121
50
154
47
252
158
82
109
76
144
156
141
260
103
74
1
114
1
132
3
96
4
122
6
106
109
122
100
132
1
3
140
140
113
131
5
115
0
106
121
113
99
101
130
110
1
92
0
87
89
1
62
30
75
68
15
72
24
18
26
12
69
75
74
7
60
11
73
13
72
23
76
29
87
57
80
72
88
24
22
78
82
85
82
16
79
24
53
61
65
75
72
70
70
25
45
0
45
51
23
94
49
55
83
10
87
6
10
25
10
88
97
97
8
64
8
86
36
90
41
92
10
104
47
99
96
103
25
12
106
113
108
108
36
104
35
96
58
104
100
105
101
115
21
59
34
92
96
0
2
30
6
6
8
21
3
12
21
1
7
53
10
2
55
1
3
24
55
4
2
3
2
2
38
39
38
15
2
1
48
49
4
2
49
11
27
49
3
2
55
50
49
3
3
1
2
3
0
95
36
72
99
42
97
45
21
39
43
74
72
93
19
58
34
68
45
101
46
108
42
94
68
64
60
97
46
46
107
103
93
102
33
71
18
86
72
96
97
92
62
90
28
73
50
61
56
0
80
39
76
86
23
83
23
143
24
23
163
120
82
87
53
25
88
26
94
19
91
139
78
183
57
177
182
121
151
186
188
82
86
125
190
32
80
153
189
80
94
98
191
30
179
0
174
59
0
83
63
41
82
19
75
25
22
37
21
78
64
82
10
67
28
81
26
62
29
83
29
71
89
62
63
79
28
31
83
92
66
70
41
74
33
85
72
108
103
58
97
75
36
56
0
54
67
37
110
58
126
118
11
65
7
49
18
49
126
101
72
16
117
47
108
14
114
22
114
25
115
83
127
118
113
29
47
116
111
122
110
25
118
46
105
111
98
117
121
116
115
45
77
0
73
76
0
144
92
105
150
35
105
30
31
21
31
157
125
129
20
139
25
140
25
140
22
145
21
147
141
142
139
138
21
20
130
141
110
135
18
131
10
132
126
141
107
130
143
133
25
113
0
114
109
3
56
28
18
53
39
19
34
26
30
37
39
53
31
35
39
28
34
26
52
28
56
31
38
39
45
39
35
17
29
42
44
44
50
30
40
11
46
45
26
49
49
34
51
25
13
25
23
13
13
48
10
49
34
24
60
24
20
23
24
54
65
34
16
63
15
69
28
41
21
62
29
72
50
41
76
72
22
43
77
71
71
76
39
52
21
49
84
64
57
83
88
58
52
35
0
33
30
0
89
35
99
92
44
158
26
44
47
42
96
69
99
121
56
44
87
137
164
152
84
160
98
57
110
165
112
136
151
169
98
103
175
52
161
33
114
77
110
114
147
165
166
54
35
141
35
42
145
103
20
50
126
64
115
60
75
82
75
34
120
43
84
54
19
127
5
44
16
56
63
141
55
49
60
50
15
21
52
52
48
116
14
46
91
45
43
55
119
48
143
137
92
35
16
39
37
0
