432
222
443
433
295
442
214
317
320
312
433
445
259
324
459
226
456
309
445
315
447
287
450
245
442
453
448
290
240
445
455
438
451
298
454
243
250
467
464
468
458
463
460
302
271
256
267
267
263
243
57
246
261
77
244
189
54
148
186
270
231
106
179
235
150
243
67
246
56
78
183
237
77
94
253
68
195
155
248
83
258
78
195
169
145
84
183
255
259
262
68
273
190
60
51
61
66
0
273
133
312
295
176
318
100
106
98
102
316
307
228
157
138
150
310
161
320
131
315
90
317
211
168
334
163
185
112
334
330
348
343
84
165
171
281
166
200
312
173
163
169
72
140
130
261
246
139
265
161
377
271
119
166
83
151
160
162
399
229
193
5
235
3
294
14
184
16
236
24
292
207
281
210
313
5
45
328
320
233
285
31
237
2
203
310
239
215
256
311
247
4
168
0
153
151
3
160
78
174
174
31
170
53
38
62
20
174
167
169
26
126
25
164
39
178
55
170
58
148
134
147
166
164
63
27
162
164
169
166
28
168
64
161
146
172
172
167
160
168
56
101
0
101
102
63
176
133
74
157
12
158
14
9
86
11
160
157
181
9
120
10
146
87
150
95
151
11
145
117
182
190
162
21
19
166
190
162
164
95
163
90
182
115
170
168
159
193
180
33
82
101
154
150
0
5
118
6
9
19
96
5
100
101
5
6
165
90
6
167
5
4
112
166
5
6
4
6
7
159
139
141
89
3
7
150
172
7
6
187
53
124
207
8
9
194
192
193
5
5
5
2
6
0
234
108
160
236
83
242
100
69
108
103
151
165
230
80
145
77
178
104
233
112
235
93
236
162
156
129
214
95
92
227
229
227
240
77
169
47
205
166
202
201
205
153
217
80
151
106
128
123
0
216
134
210
231
66
227
56
212
70
66
256
248
199
174
151
51
200
47
214
58
211
210
230
304
152
271
295
214
230
297
296
228
245
222
283
62
207
268
304
181
235
231
296
46
291
0
274
147
0
236
185
141
212
88
268
66
70
90
88
246
166
231
64
181
90
237
98
165
108
252
109
180
240
173
170
244
101
94
246
238
187
183
105
219
87
201
185
248
229
172
245
182
90
127
0
117
171
87
171
83
195
169
42
93
32
108
63
94
200
166
99
67
191
109
187
46
191
61
190
62
181
121
205
182
201
64
105
182
196
184
195
65
183
98
181
175
149
178
178
190
193
118
95
0
89
92
0
176
144
92
182
57
146
40
74
69
66
175
175
130
63
177
62
173
77
162
38
178
56
195
170
188
191
181
68
65
163
187
130
163
69
170
61
160
171
158
115
152
150
165
49
105
24
99
100
17
139
86
48
132
91
54
87
79
64
92
91
109
52
75
91
65
89
63
108
75
106
67
79
71
110
80
70
51
66
80
114
108
104
86
64
22
95
79
37
116
106
48
99
50
24
38
42
29
44
147
62
124
84
54
163
58
47
64
67
133
146
95
60
160
46
159
54
135
41
154
65
171
142
98
176
180
53
74
181
171
176
183
93
131
34
120
179
138
135
196
192
150
97
98
0
92
88
0
229
113
248
238
91
238
37
86
86
80
262
236
233
183
131
81
231
215
258
233
235
223
238
116
219
275
245
220
228
259
250
233
282
53
269
21
222
123
219
221
239
281
301
57
100
226
99
99
233
172
59
129
184
69
181
55
79
77
70
81
183
81
92
132
31
186
18
114
37
134
63
201
122
112
117
126
38
59
129
115
132
132
30
126
110
118
121
158
153
125
222
207
83
83
25
77
87
0
