196
103
212
202
135
212
95
148
140
141
211
205
144
140
200
132
204
142
202
143
204
128
217
124
218
225
209
141
116
216
221
221
214
137
214
113
115
222
201
216
219
215
228
132
132
127
126
135
125
140
35
134
148
31
140
114
19
95
120
153
125
42
106
137
93
130
29
138
21
36
112
142
43
67
163
33
125
114
158
41
159
50
132
98
112
49
122
161
156
165
36
162
136
22
16
22
22
0
147
72
161
151
56
161
66
62
66
65
165
165
86
49
44
54
158
55
161
73
159
51
132
73
51
142
51
57
56
145
146
147
145
30
50
50
119
48
91
138
45
47
49
29
40
44
101
106
38
154
79
194
164
38
88
26
58
62
58
199
139
114
1
145
1
156
7
103
5
141
10
143
123
135
126
160
1
9
162
168
139
144
7
147
0
122
140
139
115
116
152
142
1
112
0
111
107
0
53
25
51
49
7
50
16
15
22
2
55
62
53
9
52
11
66
17
65
20
62
21
56
40
51
56
51
25
12
64
61
59
58
22
57
16
77
44
86
81
87
87
80
20
32
0
30
27
18
70
65
38
72
7
67
4
7
20
8
73
70
73
7
62
14
70
23
73
28
75
16
66
52
71
60
76
9
7
72
73
72
74
22
78
20
73
44
66
73
81
64
71
12
35
30
57
62
0
4
43
4
3
9
34
2
33
33
0
4
44
27
1
57
2
1
17
57
2
1
3
4
3
65
49
61
24
3
1
66
73
4
0
72
11
60
75
2
3
74
75
72
1
1
3
0
3
0
87
38
74
104
26
99
27
14
23
24
65
72
98
15
61
21
81
22
102
23
98
31
86
71
66
57
86
31
29
87
88
89
88
30
75
21
93
74
97
106
102
67
108
35
70
28
64
67
0
104
61
114
112
26
111
20
96
26
28
125
128
115
105
79
32
120
23
122
31
118
121
124
145
86
146
157
124
140
144
164
135
127
123
150
48
113
150
150
102
128
134
146
32
137
0
134
77
0
103
61
47
89
38
106
22
40
30
49
106
62
92
33
82
37
86
47
62
48
85
42
62
89
68
57
91
47
46
98
95
57
52
54
87
23
90
54
100
106
47
99
56
48
44
0
42
54
27
61
28
63
87
18
55
36
30
49
30
68
93
50
50
99
32
93
42
88
51
99
49
80
59
66
89
91
40
27
90
93
92
92
40
63
26
75
68
75
96
98
94
96
27
36
0
42
40
0
80
55
36
62
20
50
18
37
39
23
70
63
42
39
56
21
84
38
64
14
81
19
94
86
103
91
92
40
41
56
83
41
51
35
75
27
73
75
56
42
80
58
75
22
43
7
40
43
14
55
25
12
50
38
13
20
22
32
38
30
43
22
33
31
25
29
24
43
24
37
24
34
21
50
27
30
18
21
36
37
40
46
34
25
10
41
28
26
41
38
22
40
10
5
16
15
9
10
43
26
49
41
13
56
17
13
19
16
55
58
40
20
62
15
66
26
45
9
59
33
87
63
45
77
88
21
36
78
79
79
72
37
57
15
48
76
49
65
79
73
62
34
35
0
38
37
0
72
29
78
70
23
112
11
26
24
22
73
79
69
84
41
25
87
106
127
116
80
111
86
38
75
136
78
100
105
124
79
75
131
22
139
13
81
55
86
94
122
145
127
20
34
100
40
36
95
61
16
32
74
39
72
36
32
41
37
26
62
35
41
34
11
74
4
31
8
32
40
77
32
28
30
33
8
23
35
28
34
67
10
36
52
31
32
48
57
35
90
69
43
24
6
16
23
0
