149
61
154
155
79
149
62
83
79
83
156
144
70
81
131
65
143
83
151
76
138
76
125
59
115
121
116
79
58
123
119
118
121
66
121
60
63
120
114
119
122
116
124
71
68
71
68
67
72
89
22
93
87
21
90
64
15
55
76
90
91
34
71
100
58
99
20
101
15
26
74
89
30
41
94
20
74
69
95
24
92
25
65
55
49
29
64
80
80
82
20
84
60
16
11
16
13
0
79
35
81
85
42
83
18
20
21
25
83
78
57
30
29
28
76
32
87
28
84
27
71
60
31
71
37
32
17
79
81
83
79
29
29
32
80
30
66
91
32
36
33
27
25
23
68
65
26
70
27
111
85
26
53
24
41
44
40
110
65
47
0
66
0
78
2
58
5
73
6
54
70
69
58
76
3
4
76
77
67
73
0
63
1
62
74
66
56
61
69
63
1
55
0
51
54
0
34
6
40
32
15
33
12
6
14
13
38
31
29
7
24
10
29
16
30
13
29
14
33
20
30
24
28
14
14
34
30
32
28
10
25
12
24
21
31
31
30
30
31
13
17
0
14
15
13
38
41
22
42
9
37
9
11
16
11
40
45
37
4
30
8
37
12
41
21
41
7
46
28
37
36
44
8
6
44
41
42
45
22
43
20
40
29
38
46
50
41
44
10
19
20
30
32
0
0
19
3
2
4
13
1
9
13
1
3
26
3
1
30
0
0
14
33
0
1
1
1
1
29
23
27
13
1
0
34
29
1
0
21
3
21
21
1
1
20
17
18
0
0
0
0
0
0
33
25
28
36
8
36
5
4
7
6
26
28
40
4
24
6
36
9
43
9
42
8
45
24
27
31
44
7
15
45
45
47
42
14
33
6
43
38
41
45
41
24
40
15
24
7
23
24
0
54
26
46
53
16
57
17
43
21
20
63
57
49
33
43
18
45
12
48
14
50
51
58
72
33
69
71
46
53
80
72
59
52
46
69
14
44
61
69
40
49
46
74
16
66
0
68
30
0
53
40
31
46
8
48
9
11
16
14
48
40
41
9
31
11
39
14
35
14
38
14
40
48
30
36
48
18
19
51
52
38
38
14
44
14
43
36
55
49
34
53
43
7
29
0
28
40
13
27
20
38
60
16
41
16
7
26
6
42
59
42
24
50
7
55
15
63
26
60
26
61
43
32
63
61
22
8
59
64
58
64
15
44
5
49
36
48
64
65
61
60
5
30
0
36
37
0
52
35
30
57
15
28
17
12
12
16
54
54
48
12
52
14
53
12
49
14
54
12
56
57
56
54
54
13
13
50
49
46
51
11
49
9
46
44
50
46
42
54
39
16
32
4
34
29
2
34
13
15
42
22
14
15
15
20
25
20
28
18
15
27
13
21
11
39
19
36
14
20
22
31
19
20
5
10
26
28
32
30
23
15
9
30
23
15
28
33
14
33
10
8
9
8
8
6
25
4
21
15
9
27
12
11
11
13
21
23
13
8
24
9
26
10
16
11
26
10
24
16
18
21
22
10
9
24
21
18
17
11
20
8
16
27
19
13
27
28
17
10
11
0
8
9
0
34
15
44
35
9
64
8
11
15
11
43
33
49
44
34
11
45
52
63
50
42
50
44
33
37
61
42
49
53
58
41
46
61
19
64
9
51
35
49
55
59
68
68
10
20
47
23
20
42
43
6
10
46
36
43
26
35
32
38
7
40
20
36
9
2
37
0
6
1
9
32
51
9
9
7
8
1
12
5
7
9
40
1
8
48
7
7
18
48
8
51
50
42
7
1
7
4
0
