207
87
207
206
108
212
84
119
117
108
210
199
114
111
208
104
218
109
209
116
221
101
214
130
221
226
228
105
98
212
218
225
218
109
227
90
112
221
229
230
233
225
224
111
126
107
118
119
107
150
33
160
163
23
155
105
18
80
110
158
149
53
106
157
104
153
24
163
21
42
116
142
39
58
158
33
112
91
148
39
152
39
82
84
68
36
90
138
134
130
31
137
86
27
16
27
21
0
128
40
129
134
49
132
48
49
54
55
135
142
85
39
38
38
140
42
143
61
143
56
143
80
40
143
46
48
70
152
150
156
156
52
45
43
105
46
111
130
49
47
49
56
35
33
91
91
29
123
48
162
123
31
77
24
49
51
57
161
110
88
3
107
0
131
0
94
3
114
3
87
102
121
97
120
2
3
120
127
116
115
6
113
1
104
128
125
101
107
128
105
1
82
0
73
77
1
75
34
82
79
35
73
15
10
19
18
79
82
57
20
59
20
79
37
81
16
77
21
86
40
48
46
88
15
45
92
90
84
91
36
57
19
74
56
90
91
92
91
97
15
40
0
38
37
19
62
76
30
87
17
50
14
21
9
18
90
80
66
9
57
11
77
13
84
17
80
14
77
40
62
47
67
12
8
72
54
78
70
18
68
18
60
50
64
70
69
57
72
14
43
18
53
52
0
4
35
2
1
13
17
4
14
26
1
3
41
14
0
38
3
3
19
42
1
2
3
3
1
42
33
35
16
3
2
37
49
3
1
37
6
32
37
4
2
39
41
41
3
3
3
1
3
0
40
20
30
46
8
44
17
11
17
16
29
33
49
8
29
16
41
17
49
18
54
17
52
34
30
36
50
12
22
54
53
56
54
25
36
13
54
50
48
51
52
31
52
25
31
14
28
31
0
71
48
64
81
16
74
11
82
18
16
89
85
67
64
53
16
67
14
73
15
70
93
71
109
45
101
115
79
96
123
118
77
69
81
112
23
65
102
114
67
75
77
107
15
92
0
101
48
0
57
44
23
53
18
56
17
19
16
15
55
47
53
12
58
15
65
20
48
24
62
20
52
64
43
42
72
24
20
72
62
48
45
17
57
23
52
43
59
55
42
65
45
22
41
0
38
43
22
71
29
85
88
7
67
8
18
13
13
86
79
67
12
88
8
83
10
87
14
81
18
85
69
78
93
84
18
14
91
89
104
103
24
81
9
91
76
90
99
100
108
100
10
71
0
67
77
0
74
42
31
55
20
47
14
31
28
19
51
51
34
30
48
12
74
26
54
14
76
13
74
72
74
78
80
27
30
55
72
37
53
24
65
23
70
66
58
45
61
59
54
18
40
7
35
41
5
44
21
12
43
30
23
15
14
22
32
29
30
17
21
35
10
22
15
32
13
40
15
27
23
38
35
32
9
17
33
47
45
40
23
31
6
39
33
34
44
44
28
41
9
11
7
19
16
10
41
4
35
24
20
45
17
21
27
22
33
38
24
13
39
16
43
16
35
14
41
18
50
30
33
48
46
17
22
47
47
50
52
26
35
18
31
55
42
38
56
51
42
30
13
0
12
14
0
68
23
68
56
27
85
15
32
31
27
54
40
58
66
37
28
59
78
85
83
61
81
79
28
76
81
75
77
73
92
75
80
86
36
92
16
83
42
87
79
85
96
87
34
24
76
20
23
72
86
7
18
83
64
82
65
65
65
62
10
76
22
55
16
2
77
0
16
2
14
49
85
13
14
11
14
2
11
15
13
19
74
2
18
77
14
18
34
81
18
89
87
69
12
1
12
13
0
