223
115
238
231
143
240
94
149
146
147
208
218
153
152
226
131
219
140
214
141
218
140
231
145
242
226
227
132
112
227
229
231
220
143
226
103
150
232
236
222
228
232
237
132
148
137
147
155
128
119
24
124
118
31
124
93
24
68
90
127
114
49
88
117
72
119
25
124
29
42
87
109
41
49
118
39
91
74
113
37
116
43
81
90
51
45
77
115
114
114
35
114
82
32
24
36
35
0
135
46
143
162
65
156
53
48
46
51
156
143
86
54
49
43
151
53
155
59
157
43
132
93
57
139
51
54
45
140
151
143
144
41
50
50
125
49
121
145
52
56
55
33
44
41
102
106
35
116
60
186
114
39
94
58
81
82
88
189
102
84
1
100
0
125
6
76
3
100
6
91
104
111
83
122
0
11
117
118
93
119
9
106
0
98
128
108
95
104
135
103
2
75
0
71
71
2
86
46
90
91
16
90
29
19
24
12
90
89
83
19
69
12
93
17
94
28
96
26
95
67
76
75
102
30
25
92
99
91
91
29
80
27
97
73
100
104
109
108
105
25
55
0
53
53
29
70
114
37
109
42
62
32
39
26
37
119
105
67
20
57
13
89
25
96
30
94
31
85
43
61
58
83
30
18
88
74
80
90
32
86
28
67
50
62
84
87
63
81
29
28
26
51
53
0
5
49
4
4
8
39
5
36
39
1
6
58
16
2
55
5
4
27
62
4
5
4
8
3
51
40
55
12
4
4
63
69
7
4
38
6
27
43
6
4
45
42
38
4
3
4
4
3
0
55
31
48
53
15
56
22
13
24
25
42
44
64
19
37
16
46
26
59
25
62
21
52
44
37
31
54
26
23
62
59
52
55
19
49
20
59
49
53
59
56
43
60
20
36
23
27
24
0
71
47
64
70
22
73
17
97
18
21
129
85
79
74
56
25
69
20
76
24
67
119
66
130
46
128
139
96
127
133
137
74
74
105
132
21
70
117
137
59
68
78
137
17
134
0
128
45
0
63
49
42
67
19
66
20
20
32
22
70
43
79
12
61
22
73
27
49
25
72
21
58
62
48
48
69
16
12
64
66
60
58
19
61
37
56
55
67
57
58
60
62
19
42
0
34
55
34
77
21
83
83
7
61
10
24
16
23
84
78
67
12
81
21
76
10
80
14
69
14
75
54
84
81
84
16
20
85
81
86
87
22
81
23
88
86
74
95
95
99
95
26
59
0
66
66
0
82
44
67
89
20
66
11
28
26
19
80
85
66
29
90
14
100
33
85
11
102
15
96
101
101
99
96
27
26
86
96
70
84
21
90
24
90
76
92
68
84
92
87
24
66
7
63
64
8
60
37
39
58
26
42
23
19
14
21
51
63
37
28
48
22
53
20
62
16
63
21
53
46
70
60
64
26
26
50
77
73
82
34
54
12
79
49
42
81
77
43
71
10
31
14
42
35
8
63
9
40
27
35
63
29
26
37
36
47
59
26
25
68
25
58
35
47
29
57
40
62
44
30
56
60
26
34
61
64
59
69
41
49
22
37
65
55
42
67
62
40
39
18
0
19
21
0
88
27
99
88
45
111
21
46
39
41
98
67
94
95
54
37
89
108
121
115
83
110
83
43
97
122
83
99
122
130
89
90
130
47
131
18
97
61
104
95
114
134
131
43
34
115
32
28
112
89
10
30
86
56
88
52
57
63
62
27
92
19
63
33
13
88
7
28
14
30
60
87
31
25
30
32
15
12
31
35
31
67
11
30
69
33
34
44
81
28
95
96
55
25
10
22
23
0
