277
112
279
265
160
267
98
168
161
166
276
237
131
164
249
148
252
162
241
157
233
160
229
145
229
231
225
144
128
215
218
220
222
138
217
127
127
224
214
224
221
216
229
150
146
146
147
145
148
91
19
96
97
20
92
82
15
72
82
105
109
25
93
112
93
114
20
106
15
27
97
125
31
37
127
18
114
108
123
31
125
31
88
48
70
24
88
102
97
102
19
103
84
17
14
16
16
0
123
46
131
129
42
137
29
30
30
29
132
128
94
38
33
37
133
33
148
37
145
28
150
92
35
146
35
41
50
146
161
148
157
56
42
40
136
46
127
175
35
40
47
53
32
32
104
106
30
118
52
218
124
57
117
66
106
121
120
221
99
73
3
106
1
117
4
86
9
103
10
83
96
109
83
117
2
9
123
122
99
109
6
95
1
88
112
95
93
88
110
103
1
76
0
73
79
1
42
13
43
36
7
37
14
7
16
7
40
39
38
2
33
8
41
7
44
13
45
17
41
24
39
40
45
15
8
42
41
39
48
6
38
12
40
41
44
47
41
41
36
17
27
0
29
27
13
40
24
22
40
3
41
2
3
10
3
40
31
43
2
29
2
34
17
37
18
37
4
34
32
45
45
39
2
2
37
55
36
38
18
42
19
40
33
37
43
43
48
45
4
22
21
40
41
0
1
13
0
1
3
7
1
8
8
1
3
16
2
2
17
2
2
10
16
2
1
2
1
1
19
12
12
6
1
2
18
18
1
1
12
2
9
13
2
1
15
16
15
1
1
0
0
1
0
14
8
16
16
1
14
1
2
2
1
9
17
19
2
9
2
13
1
22
2
21
2
16
16
12
16
19
1
1
19
16
16
17
3
15
1
15
16
18
17
16
13
17
4
15
1
11
12
0
44
34
38
51
1
45
0
134
1
1
144
69
48
62
47
3
49
4
54
4
53
151
51
167
50
166
164
124
153
163
164
56
51
133
161
4
52
143
170
53
50
57
158
3
164
0
158
42
0
45
44
22
51
8
50
11
8
18
8
48
48
48
6
50
10
46
13
49
11
59
11
52
53
50
51
55
12
10
49
56
53
55
15
58
17
46
49
58
54
46
57
54
14
43
0
43
49
16
48
18
43
66
11
47
16
2
17
2
50
62
39
10
59
1
57
8
64
10
61
14
70
46
49
72
72
21
1
67
69
64
66
20
55
2
61
50
61
68
70
67
64
2
43
0
40
46
0
139
46
104
123
9
111
7
30
30
10
117
119
104
33
126
13
138
31
127
13
143
11
142
134
137
139
139
29
31
120
144
108
120
28
134
27
132
123
126
110
126
134
127
17
113
5
109
107
11
35
15
10
37
33
9
15
17
28
35
17
34
10
22
14
13
21
27
31
19
41
15
16
15
29
21
15
5
14
23
26
35
31
20
18
7
28
20
17
31
29
14
30
12
7
11
9
7
8
26
5
16
14
15
22
13
10
15
21
20
29
13
14
36
8
27
21
20
20
31
23
29
18
8
29
28
13
18
36
32
28
35
24
18
11
15
36
39
20
39
40
25
25
7
0
7
6
0
48
14
51
47
21
126
9
16
24
19
59
32
56
129
30
22
60
128
141
144
58
146
52
25
52
143
55
140
143
153
54
53
152
27
152
10
56
46
63
66
141
149
152
24
17
144
17
16
131
48
0
2
47
40
47
45
47
47
41
2
49
6
44
2
0
48
1
2
1
3
47
37
2
2
2
3
1
1
2
2
1
40
1
2
44
1
2
2
40
3
46
49
45
0
1
0
2
0
