340
162
357
353
208
357
142
214
215
222
352
333
193
206
330
187
333
210
338
198
324
207
309
184
307
308
290
188
184
299
288
304
294
196
288
175
187
291
296
294
287
285
291
200
195
186
190
199
202
122
27
127
121
22
136
74
15
62
81
125
117
50
74
120
65
113
22
117
18
39
81
150
39
52
139
34
94
73
135
39
150
39
88
97
65
41
83
133
137
136
36
134
87
24
18
23
21
0
162
62
174
162
56
179
36
40
35
38
191
180
124
43
36
38
173
42
186
41
190
35
165
125
48
177
43
48
52
187
180
185
192
89
58
59
187
62
147
229
65
65
60
90
39
35
140
151
39
138
74
262
143
66
158
113
155
167
159
283
104
80
1
102
1
136
13
98
13
111
25
148
109
145
80
171
2
32
169
175
101
145
27
101
1
88
151
104
99
127
154
104
1
71
0
60
69
0
103
26
101
102
61
98
20
18
26
46
108
82
52
26
72
39
90
52
91
25
101
25
98
46
48
56
99
28
48
97
100
102
100
50
60
22
64
87
101
101
99
99
105
26
25
0
25
27
25
66
105
41
105
31
59
27
29
31
31
113
94
61
8
69
23
94
35
95
33
96
23
99
60
68
66
105
27
20
109
74
105
102
32
107
32
74
42
71
116
109
75
106
35
42
34
64
58
0
2
43
6
6
5
31
1
30
30
2
6
57
16
0
62
1
2
28
57
1
4
2
3
2
44
38
39
12
2
2
51
55
3
1
54
3
32
50
3
3
54
59
60
2
2
0
1
2
0
106
65
86
126
41
114
27
25
28
30
85
84
119
13
77
32
72
38
125
36
120
39
110
86
72
66
109
47
39
121
120
124
124
33
85
11
110
97
112
121
114
83
124
36
83
47
70
72
0
65
45
71
67
19
69
13
190
18
26
182
105
64
95
47
20
65
22
74
21
75
185
81
205
51
181
209
160
198
218
217
86
82
172
206
31
68
182
209
71
81
94
220
32
201
0
214
50
0
89
50
43
92
45
89
26
44
36
56
96
58
83
24
83
44
92
52
55
46
94
50
60
98
67
59
87
54
46
100
95
64
67
67
71
37
101
61
118
117
56
108
58
65
39
0
41
60
33
75
13
75
80
10
67
41
37
49
41
70
74
44
34
75
45
70
32
70
39
76
35
59
40
68
59
59
18
38
59
60
62
62
19
72
37
51
73
55
61
68
62
62
34
33
0
33
35
0
179
69
136
160
17
140
10
27
27
22
169
165
158
27
164
15
180
27
173
14
184
16
188
188
201
197
190
25
24
171
184
161
171
26
187
24
181
174
175
157
173
164
164
23
144
7
144
137
9
59
39
27
65
24
30
28
27
16
28
62
60
37
20
56
26
61
15
70
31
69
33
59
55
49
61
50
12
28
36
54
47
46
15
47
6
42
40
40
42
44
40
48
23
35
15
41
32
12
68
17
70
49
25
75
25
17
24
21
67
81
60
29
69
21
75
25
71
16
71
24
81
75
57
84
80
23
28
80
83
85
86
34
71
7
71
91
71
73
89
91
70
39
40
0
46
49
0
85
47
94
94
30
185
18
25
27
33
91
57
84
168
60
27
91
185
213
194
89
194
84
54
84
205
84
182
202
203
93
89
208
25
200
7
84
66
82
74
189
204
198
27
47
168
45
44
172
71
9
49
74
27
80
27
31
27
32
41
73
44
23
47
9
64
7
53
11
47
23
69
44
44
54
47
11
8
45
46
45
66
11
51
30
43
51
43
64
57
73
75
24
41
12
41
37
0
