282
117
282
282
189
274
108
190
183
191
275
241
138
176
236
145
233
175
233
172
230
167
203
137
210
206
198
159
142
196
203
200
203
166
218
143
132
216
217
212
229
229
221
169
126
158
139
143
156
123
28
118
125
26
138
102
14
68
99
135
125
38
91
123
75
128
24
137
15
37
93
137
35
36
139
23
100
88
120
35
137
35
69
84
58
30
77
119
118
114
24
114
80
16
9
14
18
0
152
88
159
158
63
171
47
48
47
49
171
170
114
67
48
65
177
65
213
78
182
72
206
85
76
209
70
72
85
221
215
211
218
106
70
62
168
71
175
219
76
82
83
95
44
45
130
134
46
127
57
247
144
52
129
84
124
125
137
241
106
90
0
114
1
123
5
95
7
108
9
125
111
135
103
153
1
21
158
159
103
155
10
105
0
93
127
109
98
109
138
105
1
75
0
70
68
1
53
20
57
54
26
57
19
13
17
17
58
64
33
15
59
31
71
36
69
15
68
19
69
21
39
29
76
18
54
75
72
76
74
32
38
18
40
48
67
58
68
68
63
19
19
0
17
18
17
86
104
52
103
12
72
11
14
38
11
109
120
99
21
69
14
120
29
135
32
130
27
117
55
100
88
127
24
13
119
95
118
123
37
116
30
96
65
98
124
120
105
127
17
41
37
78
72
0
5
62
5
5
11
48
2
46
50
3
7
81
25
3
87
4
2
35
86
2
4
2
7
5
83
62
72
38
1
4
94
97
7
4
67
16
41
62
4
6
68
66
66
3
3
3
2
2
0
120
54
77
127
44
132
45
31
48
48
81
90
101
32
79
28
90
48
127
42
111
44
112
91
70
64
108
56
42
106
111
108
107
35
93
16
112
89
123
125
120
77
117
34
77
54
75
69
0
95
35
105
98
38
92
38
140
43
47
155
121
83
100
55
27
92
24
98
24
83
150
85
170
56
173
178
136
168
180
181
81
95
148
163
35
75
145
185
83
96
94
172
27
162
0
153
49
0
104
35
39
95
66
105
26
56
39
68
99
41
80
22
83
49
95
54
41
46
103
56
43
93
60
48
95
54
49
98
96
52
48
51
60
39
83
53
99
97
52
103
63
49
41
0
41
47
39
90
27
100
94
14
71
26
57
37
47
95
87
51
26
85
56
90
22
85
28
86
30
84
55
92
78
78
33
45
71
79
78
81
27
100
42
62
78
72
76
79
82
73
44
48
0
50
41
0
136
67
91
114
17
90
12
29
22
20
128
125
95
27
122
11
135
23
131
10
141
11
137
139
140
145
149
24
25
124
149
116
133
18
145
13
128
139
134
111
138
132
141
19
113
6
99
100
9
33
41
15
33
11
17
40
35
8
12
48
30
22
10
49
34
52
7
27
36
28
36
47
46
27
46
46
7
34
24
31
26
23
7
42
3
23
23
40
30
26
46
28
21
17
20
26
14
14
62
17
69
62
9
69
16
9
11
11
71
71
46
18
67
14
71
13
61
6
69
10
78
68
60
74
76
16
10
76
79
78
72
14
75
6
60
77
62
81
81
81
73
17
55
0
64
60
0
100
49
102
108
16
153
5
16
19
19
109
85
102
123
86
19
107
137
182
149
109
142
102
74
105
170
107
126
141
170
117
99
185
30
182
14
105
83
106
111
170
179
168
29
60
137
62
58
138
89
27
49
94
43
93
30
46
41
43
38
100
47
45
58
15
93
6
49
15
63
37
101
59
60
66
65
16
20
61
57
63
79
16
65
44
45
63
68
72
57
85
91
42
45
14
41
47
0
