456
189
463
460
258
462
159
256
265
260
473
416
240
258
417
227
421
249
424
240
413
245
412
236
417
413
413
230
215
417
396
416
407
253
397
212
230
409
406
412
413
417
403
248
241
216
241
248
217
197
40
205
200
28
200
148
27
132
148
197
203
70
160
201
129
209
29
207
23
48
148
216
62
89
213
40
170
147
219
58
226
62
178
135
148
69
169
253
243
245
51
241
186
38
26
38
34
0
250
104
276
274
81
275
94
94
94
95
276
265
171
71
54
60
256
67
275
82
260
78
250
165
77
265
77
88
79
269
262
274
271
78
73
89
239
81
200
285
83
92
84
65
54
53
194
199
51
225
105
356
237
122
136
74
169
187
179
360
179
149
1
181
2
236
11
150
17
181
21
200
176
222
133
243
3
25
237
230
174
218
23
171
1
141
219
172
160
186
224
157
2
114
0
104
107
1
133
42
142
135
45
133
27
18
28
33
139
124
87
22
95
26
124
38
125
25
125
28
128
83
79
92
137
36
40
139
132
138
133
30
86
33
100
95
114
124
109
118
117
28
59
0
60
61
33
111
94
76
127
22
100
21
24
25
19
125
123
117
12
113
18
121
30
124
33
122
24
118
98
120
119
128
23
19
123
128
131
132
34
136
34
127
101
127
141
138
124
139
27
81
30
107
105
0
3
83
5
4
20
68
3
62
64
4
2
107
48
2
108
1
2
67
106
3
4
4
7
5
97
73
77
29
1
5
104
106
8
3
97
9
64
102
4
5
94
92
96
2
2
2
0
2
0
136
71
99
133
57
143
41
21
48
42
103
110
152
32
98
41
99
67
156
59
150
70
145
108
93
82
154
72
58
144
154
153
147
80
112
32
187
131
178
184
179
91
174
89
98
67
89
93
0
115
44
124
118
38
117
32
209
33
37
217
152
93
130
71
27
105
22
106
24
103
211
95
232
74
216
249
183
237
255
243
100
99
205
238
33
94
211
245
84
103
101
244
31
227
0
232
75
0
90
65
62
95
34
100
29
27
44
21
100
80
107
19
98
34
107
36
80
43
109
42
81
112
73
83
102
43
36
113
115
80
87
36
86
44
87
76
109
108
78
107
87
45
68
0
63
75
44
89
31
87
74
17
50
32
63
41
61
101
69
30
34
72
62
66
26
69
34
68
31
62
34
83
60
62
26
57
59
63
61
64
25
87
63
51
96
45
64
62
69
63
65
26
0
23
28
0
210
89
135
177
16
153
12
47
43
15
168
173
148
43
170
10
212
51
166
6
205
8
203
201
217
219
207
44
43
170
214
160
178
41
205
37
203
198
178
165
187
179
188
14
148
16
155
140
13
67
42
18
65
36
21
29
32
30
37
45
60
26
46
35
35
40
40
56
29
60
35
43
38
63
42
39
19
28
39
53
62
56
46
36
11
67
51
33
74
63
29
72
27
13
15
29
14
18
73
20
59
33
38
88
23
29
43
41
62
74
34
23
75
24
66
37
60
27
69
33
105
59
43
101
99
22
60
94
90
92
98
56
49
17
42
105
76
64
110
104
62
72
39
0
36
34
0
128
46
123
135
51
206
27
53
46
47
120
89
120
160
69
34
119
206
237
225
120
226
111
73
100
244
106
204
220
240
109
105
248
23
242
12
101
73
100
102
224
248
239
19
74
202
73
73
211
85
46
68
96
21
93
13
20
20
19
62
98
60
34
67
13
96
4
75
16
74
26
112
76
63
80
82
11
20
75
81
69
78
10
88
60
62
84
108
91
75
137
143
38
54
2
59
56
0
