376
192
379
378
238
383
171
268
254
272
399
377
226
245
382
192
395
264
379
261
386
256
377
242
392
373
388
245
214
383
378
380
386
254
396
223
240
395
395
403
411
403
397
267
216
226
207
207
221
215
45
237
234
60
212
160
50
113
163
230
196
125
147
242
131
226
59
227
59
87
156
229
83
143
229
75
165
152
230
87
242
81
165
185
117
84
191
244
226
248
72
237
169
56
43
65
61
0
20
10
28
27
7
24
11
12
9
13
28
24
18
6
7
6
27
7
25
9
28
9
22
19
6
23
5
6
6
27
22
25
22
5
7
8
19
7
11
17
6
7
7
5
5
6
16
13
4
222
106
359
241
114
128
107
155
176
177
352
203
175
8
209
7
229
25
182
25
199
29
231
211
239
179
249
9
31
239
254
207
240
30
212
4
200
241
206
223
198
260
209
4
144
0
137
149
1
193
114
225
230
73
233
49
28
52
66
223
224
154
69
183
59
220
79
228
53
219
52
225
209
151
163
225
48
85
226
235
222
226
71
174
45
226
197
226
219
219
224
234
59
125
0
110
127
51
10
136
20
143
127
11
112
112
4
123
132
135
10
87
130
132
141
3
137
3
132
122
128
90
12
13
144
128
127
133
13
128
138
3
132
3
13
84
10
126
120
15
132
112
10
4
13
10
0
34
103
43
30
39
82
29
61
70
29
37
144
78
31
160
34
37
82
151
29
35
37
43
37
157
143
153
79
29
23
159
148
42
31
166
65
158
167
40
33
157
168
171
33
32
37
15
42
0
132
55
80
135
31
140
51
37
58
59
90
98
130
58
90
50
128
67
130
69
145
69
130
104
96
104
142
69
68
144
146
144
144
55
93
59
138
129
146
140
143
90
142
59
95
62
84
75
0
125
82
132
149
39
153
37
171
41
42
196
182
146
149
123
40
150
38
144
44
153
185
160
237
124
225
242
181
191
247
257
183
179
189
237
55
159
219
237
159
163
173
247
36
208
0
218
108
0
101
80
50
88
29
96
12
20
39
27
94
85
97
18
84
28
103
28
88
31
94
29
75
106
68
78
96
35
23
105
101
88
92
24
89
34
72
91
99
78
81
93
103
21
49
0
47
69
18
151
83
158
145
36
77
15
69
46
69
148
150
98
37
149
74
157
29
152
36
161
39
165
108
161
163
168
41
60
164
151
164
155
28
146
61
138
148
117
153
154
157
146
68
87
0
77
95
0
158
137
80
171
55
126
31
52
51
56
147
161
107
54
168
58
166
47
151
39
158
50
178
171
176
166
176
52
47
163
180
127
157
48
158
42
143
156
162
115
150
154
151
53
109
14
94
98
11
129
50
65
152
77
74
1
0
33
76
77
142
85
75
66
0
67
37
147
1
131
0
75
74
122
59
65
58
1
91
140
147
143
72
74
22
160
103
68
169
154
82
168
1
80
2
73
75
0
95
18
61
36
63
101
34
52
73
65
75
99
36
33
102
37
107
71
71
50
104
69
101
57
43
101
99
35
70
99
102
106
105
68
63
29
52
113
71
53
110
113
54
69
24
0
19
22
0
169
59
168
170
58
178
25
57
60
59
162
159
160
140
101
64
161
181
210
193
160
196
157
89
159
213
169
160
189
209
166
186
221
50
215
27
166
108
172
183
192
200
213
47
84
171
82
85
162
127
34
74
143
80
138
65
87
85
81
53
143
46
76
77
23
132
7
65
24
73
52
140
72
57
71
72
27
41
71
78
70
118
27
76
82
67
82
90
117
78
134
153
71
54
20
57
61
0
