217
85
224
224
103
225
67
99
107
103
226
213
87
102
214
74
228
95
205
95
211
95
175
91
182
183
181
88
70
190
178
191
179
96
202
81
105
198
217
208
202
213
205
100
95
84
100
103
87
135
34
143
149
19
150
111
13
90
114
148
155
52
131
162
107
165
29
166
20
41
132
148
39
46
161
25
128
108
165
40
173
41
109
88
84
26
111
154
147
144
22
146
117
24
17
22
22
0
141
50
143
144
48
144
69
67
59
72
150
144
83
44
45
51
139
47
152
82
158
61
136
77
47
151
51
52
75
159
155
143
156
71
44
63
112
52
114
149
54
56
56
63
44
39
79
83
40
135
57
170
142
33
83
25
49
48
47
167
136
94
2
140
1
132
1
102
2
139
2
107
132
125
117
140
2
2
148
150
131
130
3
125
1
119
148
132
112
111
144
132
0
109
0
99
109
1
48
28
52
50
8
58
17
17
23
7
51
61
53
5
52
13
57
13
60
21
59
22
69
39
52
52
68
22
30
73
71
64
68
23
58
18
56
45
65
63
53
63
69
25
34
0
34
29
24
80
70
50
86
7
83
5
10
23
8
86
94
81
3
70
3
87
22
89
22
89
7
86
58
86
76
91
2
3
85
89
89
88
27
80
25
84
51
85
84
86
80
81
7
59
29
80
78
0
1
12
1
0
3
7
0
4
7
0
0
18
4
1
17
0
0
13
18
1
0
0
0
1
17
16
16
12
0
0
17
21
1
1
19
5
15
19
0
1
19
21
21
0
1
0
1
1
0
42
22
31
43
7
42
6
3
6
6
34
37
37
5
37
7
37
7
46
8
45
9
50
42
39
34
49
7
13
48
50
54
51
11
40
10
50
38
46
50
51
35
46
13
31
7
33
30
0
81
54
79
76
22
85
18
66
24
22
93
87
94
58
54
26
87
25
82
26
90
70
107
94
63
105
113
79
83
114
107
109
111
81
106
43
73
99
104
99
106
111
113
40
100
0
104
68
0
80
52
46
84
35
77
17
35
30
38
78
57
80
18
78
36
84
42
53
41
92
35
68
90
54
51
86
42
41
95
93
57
56
37
66
35
72
57
88
79
57
90
67
42
48
0
45
56
26
78
23
92
128
30
86
14
5
38
7
95
122
94
26
117
9
117
25
118
31
117
35
132
105
100
123
116
32
8
133
136
138
140
37
95
7
134
104
114
138
133
143
129
7
92
0
92
81
0
68
34
30
51
16
36
13
27
29
16
51
54
38
34
50
21
70
35
55
20
76
21
74
74
69
75
69
35
37
45
76
40
46
33
66
28
63
62
54
35
60
51
51
25
31
12
29
24
8
41
19
15
36
29
16
22
16
20
29
30
29
21
20
34
23
34
19
31
22
33
26
29
27
33
35
29
18
23
28
40
44
39
33
27
14
37
33
27
45
36
29
36
22
5
16
13
8
6
68
23
53
42
23
79
17
10
20
23
56
62
43
15
57
13
52
15
55
9
58
18
60
50
40
51
56
14
21
54
55
59
54
27
45
17
43
67
54
48
63
63
50
24
23
0
32
32
0
77
22
82
93
36
85
24
37
37
39
94
52
91
54
67
34
87
67
88
68
92
73
97
74
101
84
91
72
68
91
102
98
87
47
89
25
107
84
112
101
83
90
98
43
38
64
34
35
67
112
10
10
101
86
96
82
92
84
87
9
99
20
86
10
1
104
3
10
2
10
83
118
11
8
11
8
2
6
12
8
9
110
3
12
121
6
16
15
124
11
121
131
108
7
4
8
6
0
