421
204
432
432
253
448
189
273
268
269
439
413
231
274
403
197
412
267
415
246
407
255
405
214
415
427
400
265
210
413
416
404
428
267
407
222
234
423
420
432
435
430
430
273
218
223
219
232
226
273
62
282
297
71
283
209
44
152
221
310
290
120
211
306
173
314
55
308
43
83
223
266
86
104
274
65
219
153
278
87
275
86
213
162
178
79
212
287
289
300
62
308
223
63
44
64
60
0
280
104
290
304
139
305
101
100
86
107
321
310
215
113
92
107
312
102
313
115
318
104
300
196
106
302
109
115
114
313
302
319
302
84
105
107
257
104
209
270
107
114
117
75
87
88
208
214
83
271
154
369
291
79
149
59
111
108
120
375
254
215
5
260
1
304
9
225
10
261
12
269
270
279
207
319
2
14
322
316
265
304
12
246
3
235
301
264
229
246
299
249
4
160
0
155
169
3
153
72
151
163
50
155
43
31
57
35
163
167
126
36
126
46
180
61
180
50
178
51
160
120
118
122
164
49
54
174
168
161
161
66
138
52
171
148
184
182
186
193
202
53
83
0
81
83
51
143
143
89
168
21
118
22
25
57
25
170
168
141
22
111
21
150
50
167
59
167
22
174
111
147
135
168
31
25
175
148
165
166
62
181
47
140
85
138
194
194
154
189
41
86
66
124
118
0
3
105
6
6
20
77
3
64
70
2
7
158
55
3
189
2
6
113
175
1
5
4
7
4
140
125
117
54
4
3
150
149
6
4
125
20
78
112
3
3
123
117
118
5
7
3
4
5
0
162
87
149
180
45
172
43
37
42
48
117
145
166
32
125
40
141
46
164
48
162
45
160
126
121
118
164
51
42
167
172
164
171
56
135
27
174
140
186
191
206
132
191
53
130
48
107
125
0
233
126
229
242
106
248
83
175
100
106
221
224
253
142
136
94
239
75
251
101
241
187
249
240
142
219
238
188
203
258
247
246
253
201
235
96
207
224
255
219
238
241
254
70
230
0
240
142
0
204
123
116
178
80
220
44
76
58
89
208
129
189
54
173
76
199
78
140
78
216
89
145
211
152
140
211
91
72
207
211
142
153
85
201
70
174
147
213
202
136
215
137
77
96
0
105
128
52
157
77
181
216
56
121
44
52
89
50
191
219
156
75
228
48
219
46
227
72
220
77
233
158
175
228
235
57
48
219
226
220
224
65
184
49
216
179
190
231
229
230
235
46
131
0
129
139
0
156
121
74
134
44
93
40
84
71
51
135
127
93
69
132
38
146
73
130
35
152
39
157
158
160
154
164
71
77
125
150
100
134
76
146
57
134
123
126
89
99
117
116
51
53
18
62
56
30
133
58
32
126
84
39
47
51
69
89
66
107
48
61
61
48
54
51
112
53
112
58
67
63
101
69
59
27
49
82
96
101
108
78
53
19
107
79
52
101
97
51
105
40
24
38
48
29
31
136
49
105
79
53
131
36
38
50
54
114
149
83
31
138
30
141
54
108
36
144
46
132
101
106
137
140
44
57
134
140
135
126
53
100
34
103
139
111
105
141
148
115
61
75
0
75
70
0
186
76
186
192
55
236
16
52
54
54
196
182
184
156
128
57
206
162
245
184
216
193
195
133
217
258
217
186
191
243
219
214
268
71
268
46
217
172
211
214
253
272
279
69
113
173
113
117
167
187
33
61
181
131
185
111
142
126
132
36
178
60
133
48
11
183
4
51
11
52
104
183
51
53
54
53
12
41
63
55
63
152
10
58
131
51
64
82
155
65
178
180
123
39
11
32
42
0
