121
69
129
126
91
132
54
91
88
92
128
131
92
89
143
79
131
86
131
89
129
87
118
88
121
123
120
82
67
125
124
118
122
79
127
69
62
119
121
116
130
119
119
81
78
81
81
71
76
83
19
98
94
22
94
70
13
65
74
95
96
26
84
108
72
100
22
101
23
29
90
92
22
27
86
18
74
53
88
24
92
25
65
53
59
22
78
97
93
81
21
88
72
20
17
19
20
0
83
42
91
94
31
101
37
35
33
36
102
109
65
34
24
32
108
33
112
50
117
46
91
59
36
88
28
28
42
95
107
95
105
25
20
30
86
29
80
114
32
33
34
31
27
22
71
71
26
87
29
127
102
33
63
25
50
57
53
130
73
62
0
83
0
81
0
72
0
86
0
55
78
73
69
89
2
1
90
81
81
75
0
84
2
75
91
81
65
75
84
77
2
66
0
58
65
2
31
16
39
40
0
35
17
13
19
2
36
44
42
4
36
4
40
9
40
20
41
18
38
28
39
42
37
21
2
34
39
29
35
0
46
21
33
28
31
31
34
29
31
20
22
0
26
28
14
37
16
29
31
3
41
3
3
15
4
29
34
41
3
31
3
35
16
36
17
38
3
33
33
41
42
34
7
4
33
41
32
36
13
34
13
40
34
38
35
29
41
36
3
31
17
38
39
0
0
9
1
1
0
11
1
12
12
1
1
20
9
1
17
1
1
15
19
0
1
1
1
1
25
18
23
15
1
0
23
27
1
0
33
15
24
28
1
0
31
28
30
1
0
1
1
1
0
40
22
28
45
10
41
6
3
8
7
29
32
39
9
32
7
37
9
43
7
49
8
35
31
25
26
35
11
9
37
42
37
40
13
29
8
45
42
44
46
45
27
51
17
26
11
26
28
0
53
29
63
64
28
64
20
53
27
27
70
55
62
48
37
27
66
19
67
24
65
57
70
78
38
72
79
55
58
80
77
75
79
54
79
37
59
74
79
52
76
82
88
28
84
0
75
35
0
70
41
27
60
35
76
12
27
17
28
68
43
70
25
60
36
78
43
38
39
77
40
43
77
41
39
82
36
33
76
81
42
42
41
57
14
57
44
82
82
36
83
39
46
29
0
26
36
14
48
27
52
85
18
36
15
9
29
6
50
74
37
17
73
8
67
12
72
17
64
17
69
43
48
69
68
23
9
64
76
65
75
26
46
5
61
44
50
69
74
68
73
8
35
0
39
41
0
51
54
33
53
16
37
14
17
11
19
57
59
37
13
52
17
53
13
57
13
56
16
61
52
59
61
57
14
13
54
55
45
54
18
49
8
45
43
50
41
51
54
47
18
42
3
36
33
0
29
7
8
25
25
10
12
12
20
29
15
27
17
24
11
9
12
20
34
12
33
9
10
9
41
10
10
15
10
29
34
31
40
36
9
7
36
37
9
38
41
9
44
4
2
7
7
5
9
63
19
51
35
21
67
14
18
24
27
49
51
47
10
61
8
54
13
47
10
54
14
59
53
44
62
62
9
12
54
56
60
61
9
48
6
45
50
40
48
56
52
52
14
39
0
36
37
0
47
22
54
58
16
70
10
16
16
15
52
41
53
58
35
16
52
61
81
72
47
72
65
31
63
79
61
78
74
84
62
71
84
36
83
11
56
46
69
67
66
84
80
32
24
65
23
23
65
56
5
11
52
46
54
36
42
35
41
4
47
9
41
11
1
46
0
8
1
10
41
49
12
8
10
11
0
4
10
12
10
46
2
6
35
9
7
10
44
9
40
43
32
6
0
8
6
0
