262
140
272
263
191
273
125
209
206
211
271
261
165
190
263
185
265
197
261
192
258
200
248
142
256
250
259
185
171
252
246
251
248
186
265
170
171
257
277
260
273
275
260
193
162
180
166
160
191
156
33
151
160
22
153
131
16
124
131
156
157
46
136
174
139
162
26
163
23
36
136
166
31
42
177
23
148
134
167
27
163
31
145
65
123
33
152
170
167
165
22
173
156
15
23
27
21
0
207
83
235
234
78
229
89
71
87
95
232
246
173
77
66
75
250
75
265
109
251
80
226
120
81
232
77
87
97
224
232
234
252
70
79
86
178
80
132
204
77
83
91
56
58
54
167
148
62
206
73
286
217
102
104
43
127
127
124
286
153
114
3
163
2
187
9
109
5
163
20
149
144
167
120
176
2
15
185
175
147
165
4
133
3
122
162
139
124
128
151
141
3
115
0
106
109
2
48
14
54
62
14
64
15
10
18
6
62
57
59
7
50
4
57
7
66
19
60
18
59
52
51
59
64
20
13
60
58
62
59
12
65
19
61
64
69
68
67
66
67
18
44
0
45
46
25
92
49
67
84
3
94
1
3
30
3
90
95
98
3
84
2
84
26
95
35
93
3
94
73
105
103
97
2
3
96
99
98
96
33
98
33
102
85
109
105
103
109
102
4
72
39
106
99
0
2
35
1
1
3
29
0
28
34
0
0
46
29
1
51
0
1
29
55
0
1
2
3
3
61
41
60
28
1
1
63
64
4
0
70
20
50
77
2
1
63
66
70
0
1
2
1
1
0
69
45
50
77
29
75
30
14
27
28
46
48
85
31
41
35
76
44
93
42
89
47
85
52
47
48
79
45
37
76
77
77
79
34
55
17
88
57
85
95
99
44
92
36
47
31
41
39
0
120
53
112
123
50
123
31
154
46
47
145
136
115
112
63
38
104
27
112
43
111
158
116
173
59
167
194
138
167
187
183
121
110
152
173
31
87
148
172
82
104
116
181
27
166
0
180
64
0
93
60
42
79
37
92
28
30
34
35
87
58
94
17
76
34
98
44
67
45
100
47
71
79
55
63
87
27
30
94
86
68
68
19
74
33
71
67
78
78
66
76
64
20
52
0
51
67
32
85
42
82
73
3
49
4
49
11
33
95
65
52
18
76
39
88
16
87
23
86
18
83
57
91
87
83
18
41
90
77
83
82
22
90
38
81
87
62
88
81
88
92
46
53
0
53
54
0
158
83
95
137
21
111
16
37
45
21
137
127
109
39
133
14
165
40
132
10
157
15
152
146
156
161
144
23
29
122
146
103
119
24
138
20
126
130
135
103
136
130
131
19
105
7
100
97
11
44
25
17
47
33
15
27
25
30
31
28
45
16
32
32
24
31
29
52
30
50
25
27
24
52
25
28
11
23
36
46
45
38
35
24
7
41
36
22
43
43
21
42
18
6
13
12
5
15
73
20
47
47
29
76
17
25
35
36
62
76
47
14
79
20
72
23
52
15
72
26
68
52
50
71
79
17
29
71
77
79
77
39
59
13
43
83
62
51
89
85
65
47
40
0
38
40
0
101
42
108
108
20
193
9
21
24
20
112
122
95
145
70
25
107
163
186
171
102
173
90
54
100
193
92
157
161
206
107
109
216
28
193
18
108
69
119
112
183
186
186
21
66
163
69
65
153
84
16
47
91
53
101
41
44
53
47
31
94
33
59
50
8
105
4
46
9
52
45
127
48
48
48
51
10
31
49
45
51
98
9
48
92
35
50
68
109
48
133
129
77
41
6
37
33
0
