222
117
225
223
135
223
108
155
150
154
220
197
122
154
208
125
217
151
210
150
200
149
212
142
213
192
202
139
122
207
198
213
212
138
220
125
147
239
226
228
233
236
237
150
133
142
134
137
133
117
32
127
121
32
125
97
29
58
88
116
124
48
91
133
80
123
36
125
29
40
92
141
45
43
151
34
111
99
141
49
150
48
100
91
94
41
119
152
144
134
35
149
103
30
20
25
31
0
158
58
159
164
48
169
58
53
57
55
178
167
94
46
33
33
159
48
174
68
179
54
161
81
48
159
49
48
61
168
172
168
178
49
36
43
131
48
106
152
45
43
47
47
27
24
112
104
26
123
65
185
127
37
103
57
89
99
92
191
107
80
3
112
0
122
8
95
6
110
10
103
96
114
88
125
3
7
129
121
110
100
7
108
3
95
112
110
97
77
120
103
3
95
0
76
83
1
58
26
61
63
22
64
28
18
30
13
63
60
62
12
46
15
58
22
60
28
67
27
72
49
59
55
62
31
22
62
67
69
65
19
63
25
64
53
62
71
68
71
68
28
40
0
39
46
24
66
49
47
78
10
63
7
13
18
11
76
78
65
9
61
7
65
19
70
23
76
12
78
66
73
69
73
7
6
76
76
71
76
23
74
17
77
65
71
77
73
76
80
13
50
26
64
67
0
7
46
9
8
11
40
6
40
40
4
11
58
36
6
63
5
9
35
62
5
11
5
9
10
50
48
56
31
6
7
55
58
11
7
52
22
56
58
7
8
50
62
58
7
6
7
4
5
0
56
23
30
63
10
54
21
17
21
22
28
32
61
19
28
16
50
24
56
26
61
24
64
32
25
46
60
9
26
60
63
58
56
26
33
13
59
43
55
58
59
34
54
20
33
12
27
29
0
83
45
75
86
23
94
16
120
22
24
128
71
99
71
73
33
97
24
97
34
95
131
84
138
75
149
153
103
124
156
155
89
95
119
147
36
91
132
145
77
89
95
155
21
136
0
137
61
0
71
51
33
76
24
78
20
25
30
29
69
61
71
18
75
28
81
32
53
31
81
30
58
76
41
56
78
31
32
78
67
53
63
35
63
25
52
64
75
73
67
86
72
27
42
0
40
61
22
62
33
70
70
17
40
7
14
23
16
69
77
45
25
77
12
76
16
82
22
83
24
74
44
62
84
75
22
12
77
79
77
88
25
60
11
76
60
47
76
71
80
79
14
47
0
45
46
0
110
50
64
94
22
77
19
30
28
21
94
87
72
34
94
17
109
36
88
14
109
16
114
103
116
110
113
30
24
92
116
74
95
27
111
20
100
104
95
73
101
96
98
18
81
8
74
80
10
43
23
14
48
29
14
20
19
22
33
29
36
23
11
26
19
22
17
39
18
36
22
27
22
48
22
22
14
19
39
44
45
43
28
18
11
51
38
20
50
48
18
49
13
14
13
17
13
10
63
12
43
30
27
62
18
20
29
32
50
47
31
19
42
19
49
23
48
17
59
18
48
53
33
50
50
15
19
56
55
53
50
15
39
13
38
53
39
43
53
49
55
18
24
0
19
27
0
60
29
69
67
23
117
7
22
22
18
63
63
64
117
45
19
59
114
137
128
66
118
57
39
63
141
61
125
115
126
67
65
138
23
140
15
63
47
68
74
134
130
134
17
32
112
27
23
107
62
12
27
63
49
60
44
52
44
43
18
67
22
48
20
2
70
4
23
3
27
41
72
23
21
19
26
4
19
23
22
22
62
3
19
52
20
19
32
51
20
65
66
38
20
2
18
19
0
