410
201
411
417
227
409
177
246
248
251
415
431
222
250
431
190
445
248
425
240
427
235
416
248
418
406
413
225
207
419
421
413
422
232
439
198
236
427
440
441
418
440
433
236
218
218
220
217
230
282
59
284
286
57
295
248
41
199
237
293
279
93
235
310
198
291
63
291
47
83
253
318
82
110
318
63
258
215
319
89
310
87
248
183
211
82
252
327
316
316
65
316
274
51
38
49
48
0
281
109
317
297
112
327
140
126
142
139
301
276
151
103
79
87
290
101
305
135
297
114
248
125
99
254
98
103
87
248
252
270
270
72
92
84
224
104
183
239
95
97
109
72
74
72
182
188
74
313
118
373
309
94
163
61
127
136
145
393
272
206
7
273
3
298
4
206
7
274
11
256
236
261
226
299
10
16
291
300
247
267
15
251
4
237
291
251
228
243
284
253
5
192
0
195
196
3
126
68
135
136
34
142
52
33
59
23
132
142
132
26
110
32
137
33
140
52
131
50
134
112
111
132
140
46
37
142
133
128
140
35
132
43
125
119
128
145
133
134
138
49
81
0
79
78
50
143
108
87
148
15
137
8
12
57
11
151
146
143
9
133
8
149
50
150
56
144
10
160
122
165
153
175
17
19
168
166
169
170
60
151
51
157
136
171
155
146
158
158
17
112
51
156
137
0
8
86
11
5
17
66
9
64
75
6
14
107
68
10
114
9
9
65
107
6
10
7
11
8
90
91
92
41
8
5
101
100
11
6
94
19
79
98
8
9
106
96
95
10
7
6
6
9
0
88
27
75
94
23
100
20
13
21
18
63
69
87
22
69
21
76
24
96
31
99
26
94
69
64
84
104
25
31
101
103
97
104
28
72
22
102
89
98
96
106
69
104
33
59
27
51
55
0
151
88
159
163
35
162
36
167
40
42
190
192
150
145
124
28
155
29
166
28
162
183
160
244
134
228
245
193
211
255
261
165
150
197
249
20
154
214
241
151
151
162
253
22
237
0
235
118
0
139
119
67
124
30
146
34
22
47
30
130
106
139
30
115
35
145
46
121
42
138
44
116
142
120
120
144
45
35
147
143
119
128
47
132
59
133
124
154
142
115
156
134
33
101
0
82
119
59
135
71
153
163
25
123
20
26
46
18
151
173
110
42
172
24
172
33
172
43
178
51
157
132
146
187
195
52
22
196
180
186
184
63
140
17
163
134
154
192
196
189
195
24
120
0
124
120
0
157
101
81
131
34
111
28
71
66
35
132
127
97
67
133
37
158
70
136
28
161
32
181
156
179
168
168
63
68
126
161
101
124
70
150
61
145
153
135
102
157
140
146
28
103
21
92
90
18
91
49
35
90
59
37
55
46
49
60
59
87
33
56
57
48
57
57
86
50
90
49
51
44
99
60
54
30
41
84
97
107
92
75
50
17
97
85
28
94
97
47
100
40
13
27
26
18
17
102
37
83
47
55
103
40
51
58
61
84
92
41
36
86
36
91
53
69
33
92
43
101
73
27
81
92
35
55
99
100
94
90
46
77
13
62
107
72
84
98
101
86
58
33
0
33
36
0
129
56
137
141
47
184
26
45
49
36
131
150
149
164
94
56
158
181
215
201
165
201
178
93
177
215
173
179
200
223
184
183
227
87
228
23
181
121
175
187
195
219
213
81
65
175
65
70
176
153
23
28
150
118
160
99
120
112
120
24
159
38
134
31
6
160
5
26
7
29
122
169
26
21
30
23
9
26
23
32
27
142
5
24
159
18
20
62
168
26
179
189
152
22
7
22
24
0
