322
127
340
348
183
354
110
187
183
186
337
305
146
178
306
143
293
174
306
175
282
169
258
158
261
267
259
156
138
255
264
254
264
169
264
142
148
279
284
259
278
285
278
172
147
154
159
165
156
187
27
186
190
51
183
154
29
124
149
198
139
43
112
150
97
148
43
147
27
47
114
131
38
42
140
36
108
88
142
42
133
40
108
75
103
42
119
157
156
153
32
156
109
31
26
33
29
0
179
93
187
192
64
195
46
48
42
42
188
222
115
64
48
65
219
71
235
100
243
79
209
127
75
228
72
75
110
240
228
229
236
97
70
76
218
82
146
250
74
93
88
79
44
36
148
150
41
159
89
232
158
45
100
38
82
87
84
222
128
120
3
140
2
164
5
121
8
140
12
138
122
148
116
175
2
14
181
165
129
156
20
141
1
100
169
137
117
154
189
138
0
93
0
89
92
1
69
25
74
71
21
74
25
10
29
15
73
56
64
6
42
9
63
11
54
25
55
27
60
37
60
69
57
33
16
59
70
72
63
21
74
30
54
56
72
62
74
69
76
33
35
0
29
38
28
98
113
52
124
15
71
17
16
30
17
121
108
99
8
75
8
99
31
106
32
109
13
106
63
106
93
114
14
10
110
108
113
103
38
113
28
94
58
89
112
126
92
118
30
46
38
72
71
0
7
75
6
4
12
54
4
39
50
5
6
93
30
4
101
5
5
50
103
3
6
6
5
5
125
75
103
66
5
6
129
127
5
5
97
16
58
88
8
7
98
90
89
4
5
7
4
6
0
144
61
97
150
51
147
54
30
60
54
99
111
141
24
93
29
95
50
131
46
139
39
143
103
100
80
147
63
50
151
147
137
146
42
103
15
137
113
141
141
134
92
139
44
94
64
87
83
0
134
77
146
148
46
157
38
123
48
45
167
154
154
89
84
55
163
51
148
54
166
132
157
183
100
172
198
128
140
183
200
184
175
135
200
52
156
182
212
149
186
183
206
51
176
0
175
104
0
156
60
56
143
92
155
20
76
43
98
153
76
147
38
139
80
152
86
68
87
160
86
72
136
86
72
136
72
71
146
134
60
72
67
101
37
112
64
142
146
60
150
74
69
56
0
56
71
36
118
48
134
142
21
95
31
64
43
68
135
134
75
41
123
66
121
32
124
41
126
38
134
89
119
118
115
33
60
114
129
122
134
37
130
52
120
134
100
136
134
133
138
64
63
0
66
68
0
105
95
53
117
46
73
42
41
36
51
115
107
72
38
105
39
113
32
103
28
112
37
121
102
132
117
119
30
37
103
107
77
95
32
104
27
93
92
96
77
94
102
90
32
61
12
68
62
10
54
42
15
56
31
32
29
33
23
28
51
52
31
27
46
32
50
22
57
34
53
35
47
46
54
50
47
20
26
43
56
54
54
45
42
19
66
52
32
63
56
35
57
25
20
17
26
18
16
111
26
107
80
26
113
20
10
25
25
105
113
76
18
125
18
120
20
107
18
121
23
117
85
81
113
124
16
23
116
116
111
106
20
109
7
85
115
93
103
116
113
95
24
71
0
80
74
0
108
47
112
110
21
143
10
20
27
24
115
76
110
106
83
35
118
129
168
137
108
134
116
72
109
165
101
133
145
162
111
113
169
51
160
18
119
90
129
123
148
164
171
45
69
130
64
73
130
124
26
56
128
68
120
62
64
72
63
52
129
50
76
70
12
130
9
61
13
65
71
141
74
56
69
61
13
27
61
68
63
120
13
65
72
58
65
73
105
69
131
135
68
51
11
49
52
0
