216
112
219
224
141
215
100
141
145
146
227
241
113
135
241
105
239
146
249
135
237
137
220
140
227
228
225
122
120
230
229
232
223
142
230
105
138
235
237
228
232
232
228
138
129
115
131
130
119
143
32
151
149
48
143
121
25
90
120
155
129
51
121
140
93
152
38
155
26
38
128
143
42
51
143
31
126
107
149
43
148
44
122
83
103
45
126
150
163
154
35
168
136
23
22
26
27
0
138
87
161
157
69
160
53
52
49
51
166
147
111
67
44
60
160
64
171
55
165
42
138
101
66
157
62
68
45
159
166
164
164
41
57
63
151
65
131
164
60
64
67
36
53
44
124
119
44
134
64
188
143
39
97
41
69
79
81
194
126
106
2
132
2
132
3
105
1
127
4
118
116
133
91
134
1
5
144
142
128
130
4
127
0
117
139
123
116
106
144
122
1
100
0
94
94
0
72
28
74
71
18
68
26
15
32
8
71
63
59
10
51
5
66
16
56
26
59
28
57
42
57
67
65
30
13
62
62
58
63
13
57
29
60
42
60
55
50
56
55
32
35
0
36
30
28
66
59
38
76
6
69
5
7
32
7
70
65
66
1
51
4
54
37
65
34
55
4
63
53
68
65
62
5
3
66
69
63
61
37
67
40
75
50
70
63
64
71
65
9
42
38
67
66
0
2
55
3
2
12
38
5
37
43
2
4
57
32
2
57
4
4
27
54
2
4
5
2
2
54
52
56
21
3
3
61
60
5
3
60
22
47
57
4
2
62
61
62
4
4
3
1
2
0
63
20
30
64
13
76
24
18
24
28
35
40
65
18
34
20
57
30
67
30
56
26
65
39
36
41
55
20
26
55
51
55
51
26
40
14
61
51
60
57
49
30
61
24
37
17
30
25
0
83
46
86
106
26
99
21
94
25
29
121
112
99
74
77
25
104
17
103
25
103
105
93
125
76
129
135
93
95
131
140
100
110
90
131
19
95
118
138
79
95
97
138
16
118
0
126
70
0
94
73
47
82
26
87
22
23
25
24
96
75
68
11
68
23
93
24
68
22
85
22
76
82
57
63
73
16
22
77
82
70
73
27
94
33
63
70
88
84
71
90
74
20
53
0
51
72
28
73
39
73
90
17
55
17
21
29
22
85
92
57
23
94
18
85
17
89
21
93
19
96
70
80
92
94
30
15
100
94
100
96
36
80
16
93
72
73
88
84
102
103
23
61
0
64
59
0
77
71
39
76
29
58
28
32
25
25
80
78
54
30
80
29
80
26
73
22
86
30
92
83
95
91
88
30
33
72
83
58
76
29
75
23
74
71
84
49
74
76
68
31
59
6
56
50
11
64
34
24
76
52
22
34
28
31
54
30
49
23
28
32
30
35
28
54
30
52
32
36
32
47
34
28
27
24
33
51
57
48
38
25
17
40
32
17
44
45
19
46
17
13
16
16
12
14
45
13
40
27
22
53
23
13
20
18
35
55
27
23
52
18
55
16
42
10
57
18
57
47
21
50
57
17
33
52
59
56
53
27
50
8
37
66
40
45
54
61
46
27
18
0
16
22
0
88
37
97
87
35
99
20
37
35
33
87
79
84
74
38
32
81
90
101
95
87
103
100
59
96
123
105
100
107
115
106
86
115
32
109
13
87
52
86
87
92
121
112
26
41
94
37
40
85
72
13
30
74
56
81
48
62
54
55
20
83
23
52
31
9
78
4
23
9
28
45
78
29
28
27
27
6
15
25
30
32
68
10
24
50
29
29
42
73
25
78
77
44
22
5
22
20
0
