190
108
208
200
134
197
100
153
146
146
200
206
115
142
212
128
199
148
190
145
211
140
201
118
214
207
199
141
127
213
202
196
205
141
225
120
88
217
216
218
222
212
221
142
117
132
118
117
128
124
26
132
134
22
132
104
16
84
106
131
125
29
105
133
85
125
24
131
20
28
114
113
38
40
130
27
95
82
124
39
114
34
86
78
61
34
90
121
112
122
27
119
99
17
16
21
19
0
130
64
147
151
63
158
40
43
41
37
154
148
95
53
48
49
147
57
160
43
161
32
142
103
59
156
51
62
36
150
147
155
158
29
53
58
132
61
106
143
63
63
66
30
44
41
119
114
40
146
59
204
152
48
81
38
81
79
75
215
118
99
1
125
0
162
13
98
9
134
16
134
117
135
102
148
2
17
152
160
115
145
11
118
0
105
148
119
112
115
140
118
0
79
0
73
75
0
42
19
42
43
17
41
21
8
17
13
41
40
33
8
36
14
47
20
43
18
46
20
45
26
35
35
45
19
18
43
45
43
45
11
38
19
30
30
35
43
37
35
35
21
13
0
12
13
16
56
35
22
43
6
46
6
6
24
5
47
46
39
3
34
4
41
22
47
25
48
5
43
34
53
54
52
7
4
41
53
50
50
24
51
22
48
39
56
56
52
51
52
8
26
24
48
46
0
1
14
2
0
2
10
0
11
12
0
1
30
12
0
34
0
0
19
34
0
0
0
1
2
26
17
33
15
0
0
35
31
0
0
63
11
35
47
0
0
43
45
46
0
0
0
0
0
0
71
34
44
66
14
65
20
17
22
22
42
44
63
18
42
24
57
30
63
29
62
23
58
49
48
47
67
22
19
71
66
64
72
19
51
13
60
55
64
67
74
39
69
25
45
26
47
42
0
94
45
88
89
31
95
24
107
32
30
113
105
101
78
72
34
101
29
105
34
102
101
96
132
72
120
128
111
128
141
141
88
91
112
130
26
82
115
144
81
90
94
145
24
137
0
134
59
0
67
38
27
71
34
69
15
32
18
35
72
43
56
21
58
34
70
37
42
43
67
38
45
64
39
44
70
37
42
66
73
39
46
37
50
20
63
44
63
70
45
77
49
33
29
0
32
46
19
47
24
57
61
17
39
18
23
32
23
65
57
36
28
63
29
60
15
64
25
65
22
66
56
60
78
73
22
26
72
76
79
77
26
61
25
66
64
61
72
70
72
74
23
39
0
36
28
0
93
60
47
83
17
60
13
34
34
16
79
85
68
33
89
16
103
35
83
12
98
15
107
106
106
112
105
27
31
80
101
71
80
38
98
20
99
84
82
73
77
80
83
13
69
10
66
63
9
42
25
10
30
19
9
16
23
20
20
21
34
19
14
23
15
20
15
29
18
32
20
19
24
27
20
23
5
15
27
28
29
28
17
20
7
29
24
19
21
23
12
28
13
8
14
12
15
11
39
10
43
34
6
39
17
5
8
8
53
42
26
17
43
15
43
7
50
5
41
10
36
53
43
48
50
18
11
42
48
44
47
15
55
10
43
51
42
50
59
54
54
17
36
0
33
39
0
62
36
75
65
19
121
4
16
16
14
76
66
74
112
54
13
72
106
138
116
67
110
71
56
76
134
76
105
113
138
75
69
143
27
131
14
79
54
80
72
126
141
146
17
44
103
47
36
99
55
16
32
53
37
58
30
41
34
36
24
58
25
32
39
11
67
6
29
14
30
25
54
28
28
27
36
13
14
36
30
36
37
11
36
31
28
32
36
41
32
49
50
22
23
9
21
24
0
