90
43
95
89
54
95
35
59
54
64
87
98
51
57
94
41
99
53
88
56
98
58
86
51
85
90
90
48
39
81
94
89
81
51
83
48
61
87
90
84
91
85
86
55
51
46
49
49
48
52
14
55
46
8
50
34
10
29
37
50
58
24
40
61
31
66
9
62
9
19
37
54
23
26
55
18
31
26
48
21
53
24
41
49
26
20
35
50
56
59
19
54
36
19
9
16
17
0
57
24
70
68
32
67
22
23
23
23
58
62
45
25
17
22
63
25
67
26
68
23
57
38
27
58
25
28
19
49
61
59
60
12
23
27
49
26
35
49
27
23
26
8
21
16
44
39
15
50
32
146
51
23
102
79
84
125
104
142
35
34
2
41
1
92
27
80
40
34
37
76
49
84
32
82
1
33
86
72
35
86
46
42
1
35
75
41
75
60
89
41
1
26
0
27
30
0
70
46
73
77
39
77
9
4
17
42
68
67
45
25
61
28
73
43
90
11
68
8
70
67
36
46
79
13
42
80
75
77
83
45
45
8
72
74
82
79
85
79
87
9
29
0
31
27
11
24
20
9
28
7
17
3
6
13
7
31
33
24
8
27
5
29
11
31
11
27
7
27
24
33
34
29
2
4
21
32
28
31
12
29
13
27
32
31
27
33
30
33
2
19
15
22
24
0
38
190
40
33
70
142
34
125
139
31
35
232
117
30
241
35
30
145
236
33
41
33
45
32
241
196
214
91
27
19
237
237
38
36
214
64
159
201
42
37
208
211
216
33
36
32
14
39
0
226
93
163
251
99
239
110
82
115
117
171
175
220
103
166
102
209
115
230
114
239
114
230
172
156
166
236
146
128
243
257
247
239
120
187
73
232
195
233
251
239
162
238
121
155
124
144
130
0
94
52
94
109
27
108
24
292
29
28
316
284
102
220
78
41
114
25
115
31
119
295
112
345
82
330
383
281
339
346
374
123
111
287
370
35
99
328
355
83
108
106
377
24
316
0
305
59
0
258
140
86
237
112
262
7
107
17
126
244
130
222
73
181
109
236
114
134
122
227
119
131
214
167
123
238
95
102
220
228
152
135
89
203
17
185
146
241
229
131
231
146
107
126
0
120
126
12
199
93
209
167
23
90
13
139
31
118
215
153
122
34
169
118
168
18
164
33
172
34
174
124
222
186
196
47
121
192
195
183
188
43
231
125
178
219
138
181
179
182
185
128
102
0
105
103
0
313
255
204
346
53
261
26
14
12
55
350
336
287
13
342
45
313
17
345
16
322
44
318
292
313
309
308
15
15
327
305
258
337
16
307
15
287
297
312
277
298
332
300
54
277
3
288
253
2
109
11
11
125
121
7
10
10
109
114
12
93
36
91
9
9
7
89
110
8
96
8
11
8
103
10
11
21
10
98
108
116
113
116
13
22
122
118
8
115
122
5
134
4
3
2
6
7
5
112
59
92
70
49
150
26
39
57
48
99
140
95
19
155
18
154
56
114
40
161
58
159
110
111
166
158
22
69
167
156
168
168
73
110
41
103
180
137
123
173
173
126
78
83
0
92
91
0
218
109
248
230
65
265
28
66
61
62
241
188
218
252
150
66
225
291
337
321
221
322
230
152
224
327
226
301
322
348
222
241
359
72
332
31
244
165
241
247
309
351
354
48
95
311
99
98
299
196
59
123
198
89
185
50
88
97
94
101
175
68
80
136
50
184
30
117
59
144
49
198
139
100
137
147
49
43
135
134
139
120
52
139
83
121
147
148
144
137
189
182
58
97
44
92
95
0
