167
96
168
180
123
175
74
125
123
125
173
181
118
127
177
109
178
115
178
130
184
117
164
107
172
166
167
115
111
167
152
167
165
112
163
99
103
163
174
164
163
168
163
118
108
111
110
109
110
106
21
113
105
23
116
95
14
72
99
111
124
24
106
133
96
129
24
131
20
25
112
112
24
36
116
18
97
83
117
29
109
24
98
78
74
17
96
128
124
127
21
127
106
21
17
20
19
0
151
49
161
153
47
160
74
61
78
76
152
163
70
41
39
38
160
48
172
78
165
68
135
72
43
153
45
45
65
148
154
151
155
56
37
46
127
45
103
150
42
44
45
48
39
38
93
91
35
118
44
172
125
36
110
47
68
83
72
185
104
78
1
103
1
116
5
90
4
98
8
102
113
100
82
126
1
4
117
119
97
97
4
103
1
94
121
100
100
86
126
99
1
84
0
88
85
0
54
26
52
57
9
49
18
13
19
6
46
49
48
3
42
7
43
8
45
17
51
19
50
34
45
43
52
22
12
49
51
54
48
12
54
11
49
38
50
52
52
52
47
18
29
0
34
28
14
79
32
61
69
1
82
1
2
14
2
72
77
75
2
65
6
79
7
72
18
77
7
79
63
79
74
78
2
3
77
85
79
80
17
85
13
84
66
75
82
83
81
83
6
62
18
79
74
0
1
30
3
4
7
23
2
16
23
2
2
43
22
0
45
2
1
31
44
2
3
2
2
2
57
43
51
30
2
0
63
68
3
2
63
19
48
61
1
1
63
60
61
2
2
2
0
1
0
76
35
53
77
20
72
18
12
17
18
58
58
69
22
55
14
61
28
73
27
68
33
83
61
55
54
74
23
35
79
83
81
81
25
57
17
82
63
78
85
81
52
86
24
51
22
45
41
0
113
36
94
109
44
106
41
92
50
49
119
107
108
63
51
48
111
32
107
46
111
97
121
125
51
110
132
80
93
118
126
125
125
87
121
70
74
106
130
97
124
118
135
58
120
0
118
50
0
107
34
34
107
74
116
13
72
16
78
115
42
86
16
85
54
105
59
40
51
93
59
46
88
38
40
93
57
60
95
92
49
50
49
48
21
75
49
89
88
42
99
51
55
41
0
40
44
18
69
21
78
97
21
62
19
24
38
22
81
85
63
28
100
18
97
17
94
31
88
35
101
62
67
91
91
38
22
101
98
99
95
42
68
21
85
76
83
116
110
114
116
21
60
0
57
51
0
76
53
65
91
29
66
20
13
16
27
86
79
64
19
84
20
78
14
81
18
84
19
83
81
81
81
85
16
12
81
77
70
82
16
79
12
78
72
86
66
82
80
71
25
54
4
59
57
2
25
14
4
33
23
8
12
12
17
27
14
24
13
19
15
10
17
21
30
16
33
15
14
16
34
17
17
17
13
30
31
28
27
38
14
15
41
31
16
41
46
12
48
15
6
12
14
5
10
80
30
78
70
26
89
10
17
25
27
78
89
56
12
90
9
84
18
81
10
86
16
90
79
72
84
84
13
26
96
91
84
89
30
78
19
82
102
81
81
83
90
81
32
53
0
50
56
0
96
49
96
94
17
130
11
16
19
18
102
86
98
84
83
17
96
104
133
102
92
111
105
70
101
142
104
95
107
140
105
105
139
27
139
10
98
72
101
98
129
139
146
25
57
90
53
49
86
80
17
25
79
58
77
47
55
56
61
24
83
27
57
31
9
84
6
15
14
36
49
81
24
26
25
25
13
26
27
24
23
65
9
26
52
13
25
39
59
28
80
77
39
15
9
15
18
0
