321
117
332
338
132
338
95
142
147
148
335
312
133
143
313
129
310
145
321
140
319
137
285
147
294
287
287
135
109
287
285
284
282
135
277
112
130
273
268
270
278
284
272
131
133
136
140
148
116
139
17
149
144
20
144
118
11
100
126
149
120
37
96
121
90
128
15
120
8
20
97
127
28
32
136
15
110
95
133
28
139
24
86
63
66
21
76
107
109
106
19
107
83
15
8
11
17
0
110
57
120
120
45
116
22
30
25
26
123
105
96
47
33
37
119
42
124
25
125
25
118
97
45
131
52
51
35
137
135
145
150
51
50
46
134
49
126
163
43
49
51
49
33
29
110
115
33
128
72
209
132
53
108
54
93
93
98
221
106
98
0
117
0
155
11
115
9
117
16
158
108
148
94
159
2
25
167
171
117
160
11
111
0
105
145
117
97
127
162
113
0
90
0
83
82
0
76
27
76
79
26
80
13
8
13
17
76
70
52
12
52
20
72
26
76
16
74
16
78
50
54
58
78
16
22
79
76
76
75
22
52
15
60
49
76
71
73
75
75
12
43
0
38
38
11
37
34
25
39
7
36
7
8
11
10
40
37
41
6
31
6
38
13
36
23
40
7
41
26
47
47
44
7
8
41
47
48
43
19
37
18
43
24
40
37
38
41
36
4
20
22
38
41
0
2
29
2
1
7
21
2
20
21
1
1
35
13
2
42
0
1
23
40
2
1
2
2
1
26
19
21
9
1
1
25
32
2
2
24
2
12
31
1
1
26
26
22
1
1
2
0
1
0
41
22
36
44
8
48
11
7
12
13
30
35
42
3
34
4
32
8
48
7
39
6
40
35
36
28
41
9
7
45
39
41
41
4
40
3
34
38
43
43
43
37
41
5
32
5
30
33
0
53
34
56
60
5
59
3
108
7
6
129
76
59
69
59
4
62
8
62
11
59
129
62
143
52
154
156
111
139
151
154
69
65
112
156
12
61
124
155
60
67
66
151
7
146
0
145
54
0
57
43
26
51
9
56
10
10
20
13
58
47
61
8
56
17
65
17
52
13
60
17
53
60
45
48
55
23
19
61
63
54
46
20
49
22
49
51
63
60
51
62
60
20
44
0
44
49
19
51
19
60
70
8
49
14
9
19
8
61
75
49
25
80
5
79
24
84
33
79
26
75
54
60
72
68
20
7
69
69
74
76
28
52
6
59
54
77
76
76
76
80
9
44
0
47
47
0
105
56
65
90
17
82
15
31
27
17
94
90
76
27
82
13
118
27
86
8
118
11
113
111
121
121
123
29
24
91
120
82
98
28
114
25
113
109
105
91
102
103
96
11
87
11
90
85
10
43
20
15
47
27
16
24
21
25
34
31
42
26
26
27
17
28
20
48
20
45
19
30
23
39
25
20
16
16
33
41
37
36
21
23
9
37
28
19
34
35
22
33
11
9
6
15
10
3
42
6
21
21
30
43
9
25
30
28
21
37
22
7
42
10
41
27
21
24
34
24
50
26
17
48
47
13
31
49
52
49
46
32
24
10
26
52
46
28
54
52
30
31
16
0
15
15
0
69
29
71
65
31
107
17
37
37
38
74
49
68
110
34
30
76
117
123
122
72
122
87
36
83
122
90
112
124
128
87
93
131
46
123
10
77
54
76
74
116
126
137
44
24
117
26
27
109
61
7
8
55
52
60
45
53
47
49
7
49
10
43
7
4
52
1
8
3
13
41
51
7
9
8
9
3
9
9
6
8
49
3
10
47
10
9
22
59
9
55
58
42
6
1
5
6
0
