138
67
143
145
82
135
51
85
90
84
143
146
92
92
149
74
142
92
152
82
158
82
154
96
154
154
154
85
75
156
157
152
159
83
161
61
88
148
151
156
158
154
148
80
82
74
75
79
74
89
23
88
84
24
88
63
15
50
65
90
78
34
68
85
60
87
19
89
14
23
67
91
25
37
92
20
67
59
95
20
88
22
74
47
64
29
85
88
89
93
26
97
72
20
17
18
20
0
93
40
101
104
42
103
40
39
37
45
103
107
75
33
31
35
103
36
108
45
105
28
87
66
36
100
35
41
30
98
96
96
100
28
34
42
82
37
60
86
34
36
38
19
34
33
71
77
35
91
39
119
98
27
57
23
42
45
41
127
77
61
2
77
0
89
2
68
3
72
5
81
74
80
59
83
2
10
86
94
75
85
4
84
1
69
88
81
69
68
88
81
1
61
0
54
58
1
51
21
61
58
13
63
15
14
17
5
62
51
55
7
40
6
55
11
53
20
55
18
74
46
52
53
68
20
17
65
71
74
75
23
59
19
67
67
78
85
79
78
83
18
41
0
40
36
18
52
45
24
55
7
43
9
12
15
8
54
57
45
12
48
13
58
23
54
20
60
10
63
51
54
50
63
15
13
61
57
65
67
20
68
18
48
57
50
71
71
51
68
15
32
21
42
46
0
5
52
5
3
12
43
3
47
44
2
6
44
40
4
55
5
5
34
51
4
4
6
5
4
63
48
59
39
7
1
69
65
3
3
65
25
55
68
6
4
74
71
74
4
5
4
0
5
0
54
13
39
56
12
57
25
14
20
20
34
37
52
20
35
18
46
19
50
19
47
18
48
33
33
43
51
18
25
51
52
53
61
32
40
13
55
48
52
59
63
37
53
30
36
17
36
33
0
72
43
73
80
23
89
22
62
28
26
79
70
79
54
63
26
82
15
79
23
77
58
92
87
64
86
94
60
66
95
90
84
86
55
86
24
82
82
88
70
85
80
94
8
77
0
84
46
0
56
57
30
46
16
50
13
9
21
13
52
51
55
11
57
15
53
13
43
13
59
19
57
59
48
54
63
18
17
65
63
51
52
13
58
28
51
58
70
68
54
64
54
11
44
0
43
52
21
66
28
72
83
14
60
13
20
25
17
73
85
63
21
86
25
88
21
87
19
87
22
78
59
82
78
88
16
21
81
70
83
80
19
78
24
72
72
71
80
79
84
80
25
55
0
49
49
0
52
52
31
61
22
41
17
22
19
22
58
54
40
21
55
26
53
18
58
14
54
19
53
49
52
52
54
12
15
52
58
35
54
14
42
13
40
50
60
29
41
62
48
23
30
2
31
34
5
48
19
9
47
32
15
14
16
36
40
22
38
14
27
18
13
21
29
39
18
37
14
21
15
41
22
20
11
15
31
36
43
45
32
16
13
46
41
8
42
44
13
49
7
5
6
10
9
3
41
13
22
13
26
44
13
26
25
28
27
36
10
9
37
13
38
20
26
18
37
17
45
20
15
47
39
11
36
44
39
40
45
33
24
17
23
44
37
22
49
50
28
39
13
0
12
15
0
60
25
59
66
18
65
16
21
23
19
67
60
60
45
31
28
72
60
68
59
66
65
69
35
70
75
70
60
65
79
72
74
78
31
80
9
75
42
70
68
69
83
75
31
30
56
29
30
56
75
11
25
69
50
71
42
52
52
51
22
85
25
53
29
10
82
1
28
7
25
46
85
26
18
21
20
10
20
25
23
26
71
8
28
57
25
28
34
71
32
80
86
48
24
7
18
25
0
