337
134
337
331
191
348
99
200
209
201
358
307
164
198
317
140
298
193
321
196
314
196
284
163
293
292
289
188
141
287
303
281
294
180
294
149
142
308
316
293
298
298
298
186
133
145
146
150
149
208
38
212
218
75
217
182
28
143
183
217
190
64
171
204
144
205
58
208
34
72
183
173
63
60
172
38
143
139
178
59
178
69
131
99
107
57
135
165
170
170
32
173
141
31
22
31
30
0
174
83
193
186
99
213
43
38
39
50
190
201
140
92
78
83
191
95
220
49
198
34
185
132
80
206
94
93
44
206
193
196
203
44
82
95
172
88
152
192
92
96
92
30
59
58
148
146
55
198
83
235
193
54
100
37
86
88
83
254
166
137
5
179
5
179
3
128
0
182
4
159
162
163
139
174
1
1
184
173
174
156
1
173
2
166
175
168
155
137
171
178
2
131
0
126
126
1
65
32
73
75
7
76
24
14
27
9
69
95
67
11
65
16
88
20
89
25
96
26
70
62
71
72
78
28
10
79
83
75
84
17
78
30
86
65
88
88
83
87
78
29
44
0
47
45
26
70
55
27
61
2
58
4
4
32
6
61
60
68
3
50
3
58
36
59
41
65
4
61
49
72
71
65
8
5
61
76
64
62
43
60
39
76
45
72
68
72
75
64
10
33
46
70
73
0
3
43
3
4
5
39
4
33
40
3
4
59
31
3
59
3
3
26
67
1
3
3
5
4
49
48
55
25
2
1
54
53
5
2
78
18
67
79
4
3
78
79
75
3
3
3
1
4
0
62
19
45
60
13
65
22
16
19
19
42
50
70
18
45
23
55
25
73
26
81
29
64
41
41
46
74
15
23
77
74
74
79
21
46
17
80
62
78
78
77
46
79
25
43
11
35
34
0
105
46
109
113
34
110
28
120
32
30
129
116
124
88
89
29
109
25
107
35
109
133
107
150
83
156
151
122
134
157
163
119
115
121
157
40
108
143
160
110
130
128
165
31
150
0
147
79
0
102
66
50
97
40
105
26
25
27
38
107
67
89
27
87
36
95
42
67
50
100
38
75
101
66
62
90
39
34
99
110
73
79
34
99
28
77
81
103
101
65
105
85
32
61
0
57
68
34
88
38
87
119
9
62
19
14
31
14
88
106
63
21
125
13
122
18
112
23
114
32
111
85
88
112
108
23
18
105
102
114
106
27
93
20
96
85
90
115
114
113
117
19
65
0
67
73
0
102
59
54
85
23
65
15
45
40
19
81
71
70
43
80
17
108
47
73
15
114
16
123
102
118
102
105
36
35
65
98
66
70
34
102
31
90
92
78
57
89
64
74
16
54
13
46
50
8
48
28
16
52
35
18
27
34
36
35
38
47
18
27
33
32
39
30
48
29
51
30
35
22
48
39
37
20
32
43
56
56
56
49
32
15
54
41
29
54
59
28
62
22
11
19
15
9
17
84
34
66
44
29
85
29
22
40
32
49
79
45
15
82
18
80
36
53
22
75
37
76
54
39
75
69
15
32
78
69
71
72
34
58
15
53
69
55
62
84
84
59
44
39
0
35
34
0
99
43
95
100
48
141
20
42
40
42
106
103
96
103
65
41
106
129
155
144
103
132
91
43
108
154
117
124
130
158
112
113
164
38
154
17
106
77
94
104
137
156
160
34
53
105
54
56
105
82
11
20
94
66
80
57
66
72
71
14
88
27
75
23
4
96
2
17
3
20
63
114
19
14
21
19
5
32
22
20
24
87
5
23
89
19
25
55
92
19
105
118
83
15
3
18
12
0
