344
157
351
369
244
356
172
269
268
254
355
363
210
266
376
214
373
257
360
258
354
254
350
236
354
360
347
238
202
358
360
340
352
249
319
189
227
337
340
323
330
335
332
248
205
218
200
213
234
185
48
201
206
39
201
151
34
118
159
204
194
94
153
204
136
213
45
214
47
51
178
219
53
85
224
44
159
149
229
58
220
56
160
122
124
71
150
227
209
214
51
217
161
47
41
47
45
0
228
81
254
263
139
261
78
78
77
75
262
286
203
120
101
110
273
127
269
80
277
63
268
180
123
265
117
122
69
281
277
281
277
53
113
130
245
125
161
255
122
125
131
42
101
94
222
214
91
227
127
350
228
100
147
70
140
145
142
345
204
182
6
209
2
244
13
182
8
213
16
233
202
235
170
264
5
19
264
256
207
230
26
210
2
188
261
212
178
217
258
199
3
139
0
134
151
3
139
40
131
142
29
131
46
31
47
22
127
93
115
10
85
13
105
14
97
45
94
51
96
90
109
116
102
55
18
103
106
106
113
18
121
50
96
101
106
118
116
114
116
53
64
0
70
72
48
106
92
49
104
11
102
12
14
36
15
107
106
113
6
73
7
91
53
105
56
105
8
101
78
125
116
100
12
7
103
121
106
105
58
107
57
118
91
120
111
104
113
104
8
65
67
109
109
0
6
58
6
4
15
54
4
57
54
2
8
90
44
3
104
2
5
72
107
4
5
5
7
4
100
65
96
59
5
4
100
103
6
5
119
43
89
125
7
5
121
125
109
2
4
4
1
4
0
135
61
85
146
60
140
59
51
59
61
86
84
121
42
74
58
104
67
130
58
120
60
123
88
71
88
126
72
57
132
124
124
129
79
88
52
142
124
136
138
149
75
139
72
78
68
71
68
0
180
91
169
183
72
177
64
191
77
77
186
194
179
143
123
86
178
72
185
69
182
186
170
230
104
222
255
189
198
234
248
189
185
188
239
67
148
222
227
139
171
167
258
56
223
0
210
96
0
169
117
88
157
75
170
31
70
47
86
180
113
181
46
146
73
171
77
121
78
193
80
119
163
102
100
166
67
70
175
172
122
126
69
141
49
139
128
161
168
105
168
127
58
93
0
83
122
48
161
72
172
155
17
92
6
79
22
65
170
161
124
26
160
78
175
11
159
26
162
23
157
136
163
157
156
20
72
146
155
143
165
18
165
67
143
165
115
150
139
157
160
84
96
0
105
102
0
149
124
84
135
34
114
26
52
53
35
134
135
109
61
139
36
163
56
132
32
174
40
184
178
177
172
175
55
50
128
174
109
133
51
163
36
134
155
129
77
141
120
140
38
81
13
83
81
11
98
34
20
91
85
35
39
38
57
77
49
80
39
50
44
27
47
36
79
39
77
33
46
39
94
46
44
18
36
69
88
89
87
72
48
14
91
71
30
89
91
36
92
24
19
19
33
21
25
119
51
99
74
39
125
34
26
45
43
113
131
80
31
125
30
128
56
108
35
128
48
124
97
77
118
132
35
43
125
123
133
136
47
112
19
88
130
79
101
132
135
118
51
72
0
71
67
0
175
94
191
181
52
223
23
59
59
55
194
189
189
168
129
63
203
191
249
198
211
204
192
109
201
251
187
167
173
236
200
203
246
61
252
29
202
106
199
201
207
252
246
48
109
169
110
111
171
177
43
81
186
107
175
86
102
105
114
55
176
71
121
86
21
194
9
67
19
94
89
188
76
65
77
81
21
49
84
84
83
155
19
81
112
69
84
104
147
89
183
182
99
67
14
68
66
0
