400
217
411
434
279
411
202
300
284
290
420
420
252
289
419
227
436
284
419
293
401
271
426
246
452
428
421
276
233
440
423
428
430
267
446
227
248
439
436
445
437
445
445
287
240
261
235
249
243
295
72
318
317
82
311
222
54
165
221
310
269
95
185
296
144
273
68
276
64
105
205
244
93
120
257
79
175
151
250
97
256
105
186
225
117
98
194
262
275
285
74
283
178
76
59
83
74
0
274
138
286
283
138
299
93
84
82
92
316
318
202
122
107
109
314
115
316
116
322
100
292
200
126
317
126
128
103
313
318
318
333
92
124
135
277
149
192
305
130
135
141
78
98
94
240
222
97
269
111
379
291
123
137
81
172
164
169
390
231
181
2
243
2
246
10
168
9
229
13
206
222
244
181
252
3
9
254
257
217
230
10
213
2
204
253
232
211
227
257
215
1
164
0
148
158
3
128
73
141
143
60
141
52
37
65
53
130
133
112
47
113
56
152
69
143
65
144
73
150
90
103
96
163
68
74
165
157
158
162
47
120
58
129
107
143
141
145
148
140
57
55
0
57
57
67
135
153
65
162
24
118
17
23
57
20
160
140
143
24
106
20
137
66
154
74
160
32
160
116
133
143
160
27
23
156
137
158
159
72
167
74
144
93
149
169
167
148
182
33
73
67
124
126
0
9
115
10
8
27
81
5
79
95
5
9
144
54
3
155
4
7
60
139
5
8
6
6
7
127
106
108
51
4
9
153
137
8
2
141
21
91
134
7
7
122
132
142
5
6
5
4
5
0
142
62
91
148
34
149
43
31
43
43
102
94
135
26
101
25
109
35
149
37
141
37
134
95
103
88
136
37
43
145
142
147
146
28
96
18
129
117
131
140
136
99
135
34
92
31
85
81
0
180
97
155
180
52
182
43
186
47
58
235
221
169
162
124
56
164
46
182
52
186
201
181
242
129
241
252
189
198
257
269
189
193
195
255
58
173
249
248
158
200
196
265
46
241
0
235
126
0
187
114
82
173
90
187
47
79
67
93
201
114
172
45
163
82
181
74
128
82
187
78
132
188
103
143
182
88
88
192
165
131
143
74
162
72
161
148
184
185
128
172
144
65
101
0
99
136
76
140
80
172
224
42
147
25
45
58
37
174
221
157
61
219
37
230
41
230
63
227
69
217
191
172
234
239
78
37
225
237
229
236
77
188
43
231
188
198
240
236
251
239
36
136
0
140
137
0
183
115
83
159
42
117
32
65
58
46
146
152
117
65
157
45
176
55
152
31
173
50
186
178
188
185
179
60
49
165
173
121
137
58
165
62
166
160
146
123
156
144
141
32
96
25
107
104
10
102
66
43
107
70
35
58
57
58
78
70
100
62
65
65
49
66
42
98
54
95
57
63
61
88
59
63
46
46
77
90
93
95
59
63
39
93
76
44
97
95
59
86
38
27
34
37
26
22
111
22
109
80
30
114
57
21
37
32
131
116
73
48
113
46
105
39
129
29
115
41
111
115
91
127
111
55
44
119
117
122
120
45
126
23
117
133
111
125
144
124
139
43
76
0
76
79
0
153
67
167
165
51
195
24
52
55
46
165
136
158
178
104
57
158
205
224
217
173
211
174
110
171
239
168
209
202
252
174
168
241
90
253
57
191
155
210
210
221
246
231
86
78
178
76
73
168
181
32
50
179
147
184
115
146
147
147
41
193
59
145
44
9
183
6
44
16
46
134
188
44
37
45
48
9
38
54
53
44
164
8
52
131
35
46
75
150
46
180
173
127
31
9
33
36
0
