410
234
429
429
312
425
206
328
327
321
416
437
263
327
456
272
458
334
451
331
461
320
449
295
457
473
461
324
278
464
459
446
459
331
459
300
307
469
448
449
467
458
466
323
244
290
244
251
289
102
26
104
104
16
104
65
14
52
64
109
105
47
56
107
53
110
22
112
18
41
75
101
46
51
104
33
64
49
104
41
104
47
65
90
50
47
77
114
119
106
41
115
66
32
18
29
31
0
43
18
43
43
23
40
11
17
16
16
41
39
37
17
20
19
40
18
36
13
43
11
38
28
19
44
21
20
13
34
41
39
40
6
23
18
39
22
35
41
22
21
22
7
16
15
31
34
15
115
50
346
122
49
262
246
275
269
282
352
66
57
3
71
0
156
65
149
93
76
88
159
132
174
66
168
4
86
165
163
75
172
79
80
0
79
141
85
162
141
160
76
0
53
0
55
55
0
188
77
202
197
68
207
41
23
46
48
190
185
142
51
156
60
187
70
180
47
185
50
181
175
136
137
183
54
61
192
194
177
180
57
150
47
181
165
187
194
204
202
203
50
111
0
105
110
48
23
127
25
127
104
22
114
107
9
112
122
134
21
79
128
125
138
8
128
12
137
113
143
80
18
15
127
121
113
137
25
127
132
13
131
12
25
91
29
136
130
26
139
115
15
11
23
21
0
28
108
33
22
35
74
24
66
73
21
34
123
68
25
120
26
27
65
130
29
32
24
31
31
132
114
130
61
20
14
139
146
33
20
122
29
107
126
28
24
118
131
128
25
29
28
13
28
0
109
45
72
111
32
112
39
35
37
38
82
81
108
33
78
31
96
35
112
38
112
44
119
82
87
91
116
50
61
127
122
138
115
51
82
41
116
107
113
126
118
77
126
58
77
52
72
67
0
88
55
81
97
21
91
15
247
13
12
298
222
100
173
82
14
104
13
96
16
101
258
97
312
84
291
326
224
268
312
320
97
99
225
285
19
99
254
285
76
93
94
298
11
252
0
259
65
0
71
65
38
76
37
77
15
33
36
40
83
62
72
18
69
32
88
43
65
32
83
37
63
79
56
62
82
27
29
76
70
67
65
21
57
33
51
71
75
56
67
72
73
19
38
0
37
50
14
143
65
148
159
30
114
27
50
40
41
143
169
117
40
182
47
171
29
165
41
176
41
175
131
149
190
188
43
42
187
202
183
190
44
148
44
176
135
130
180
180
189
193
45
98
0
92
100
0
253
202
167
271
44
224
35
20
21
41
273
270
205
25
275
42
260
21
262
21
253
47
256
251
258
256
266
23
23
263
265
212
259
22
261
16
241
249
273
202
254
273
258
36
232
4
227
218
6
100
56
48
116
55
63
8
9
34
53
74
117
65
63
69
8
64
35
129
8
135
9
75
75
128
76
80
36
7
98
128
144
139
59
75
25
127
99
70
143
139
82
136
5
83
3
83
81
5
103
13
58
40
62
108
35
57
68
65
63
87
34
37
92
34
92
52
66
36
92
54
86
59
37
101
99
31
68
102
95
102
112
70
63
19
47
112
84
63
101
108
65
74
36
0
33
33
0
139
78
155
149
39
195
18
47
43
48
144
125
167
191
106
43
157
226
246
247
160
245
164
111
170
256
173
226
239
261
183
170
267
57
243
30
161
109
166
178
221
266
248
37
77
239
72
73
240
142
28
52
141
92
137
77
93
107
95
30
134
41
100
48
18
131
10
40
19
51
76
161
56
35
61
52
22
37
46
49
48
138
20
51
119
44
50
87
121
50
162
154
96
44
17
43
42
0
