328
165
358
344
176
354
122
193
182
192
341
334
185
175
338
149
338
179
330
179
340
176
333
202
337
334
339
176
151
339
326
334
332
176
349
142
236
345
343
334
350
336
346
178
208
156
199
208
166
205
40
210
198
36
202
169
31
160
173
209
184
96
178
210
161
219
41
210
36
44
185
206
40
88
207
32
184
157
199
41
204
42
182
91
143
44
161
212
212
219
33
218
170
33
31
41
36
0
200
76
229
215
81
224
80
79
82
85
230
232
171
83
70
80
236
72
230
102
246
76
229
165
70
240
80
87
105
233
248
248
249
90
83
84
197
76
175
247
81
84
84
83
74
73
146
150
73
237
72
326
260
87
119
50
112
120
123
328
176
128
4
183
3
194
2
168
1
187
4
176
170
199
155
223
5
1
217
197
182
180
3
181
4
164
197
169
164
160
191
179
0
148
0
150
156
4
109
61
121
120
9
123
33
17
33
7
122
118
142
4
112
4
119
6
121
28
122
33
130
105
127
140
139
33
8
135
131
122
139
14
135
31
144
114
153
161
156
153
157
33
96
0
96
107
34
113
98
55
127
8
112
8
8
33
10
117
108
118
17
100
14
109
45
119
54
120
15
111
102
110
118
115
12
9
117
123
110
114
48
108
47
120
93
122
111
108
125
102
13
70
56
109
110
0
1
32
1
1
6
28
1
34
36
0
1
42
17
0
43
2
1
23
45
0
2
1
0
1
45
28
42
23
0
1
38
46
1
0
54
15
44
58
0
0
56
64
55
0
0
1
0
1
0
63
37
52
64
27
66
19
13
20
16
55
51
59
10
54
17
56
25
70
23
72
25
75
62
52
53
75
39
27
77
76
80
83
21
61
13
80
60
80
80
82
51
81
27
61
34
56
54
0
132
65
121
143
66
142
55
137
67
69
165
154
126
108
68
52
128
36
137
55
128
134
122
177
67
163
181
125
136
193
178
122
123
123
168
43
112
151
177
96
127
131
180
35
168
0
158
69
0
130
101
67
115
38
132
20
25
39
32
136
95
137
22
106
32
132
43
98
35
144
35
100
137
94
105
144
46
46
134
150
105
112
56
138
40
121
103
146
138
100
147
112
44
90
0
83
102
36
157
59
151
172
14
112
12
37
26
26
165
180
147
31
195
29
197
21
192
23
187
27
181
146
164
182
179
29
32
174
173
183
180
34
162
33
176
155
155
191
186
178
172
33
112
0
121
123
0
129
112
85
141
43
97
35
34
27
45
143
141
105
29
133
35
127
27
132
29
131
35
134
119
121
130
129
27
22
131
129
100
131
28
123
23
126
121
131
101
122
145
109
37
91
15
89
90
5
88
36
20
87
67
26
26
34
62
62
42
88
33
57
40
28
41
51
80
35
83
31
32
34
100
34
41
22
28
84
91
85
83
84
38
25
103
103
28
98
104
29
109
23
17
18
22
19
15
114
28
61
48
56
111
35
53
72
70
71
115
47
26
113
25
117
78
66
62
113
69
123
53
40
128
133
22
87
114
121
122
129
77
67
18
44
118
90
67
139
125
79
83
43
0
38
36
0
166
57
181
184
83
159
51
80
80
79
185
150
172
97
87
74
183
114
166
130
179
140
163
68
180
173
168
122
121
169
164
167
183
87
182
27
195
132
189
198
171
192
194
81
87
123
88
88
125
146
15
38
139
113
147
99
112
110
115
18
174
37
152
39
12
186
7
38
15
37
129
161
31
38
36
44
15
32
37
35
39
136
12
35
159
36
31
57
166
32
184
173
149
24
13
19
21
0
