184
88
195
198
118
191
71
115
118
117
189
183
102
118
199
94
186
112
187
121
187
118
182
100
172
171
181
101
93
179
173
164
173
100
169
89
101
177
166
179
170
165
181
105
103
95
100
102
81
81
13
81
83
15
85
75
10
51
65
79
88
33
74
93
69
91
15
95
14
19
76
105
26
41
102
16
93
77
101
22
112
22
93
59
78
27
90
120
122
123
19
119
89
17
19
17
18
0
129
52
134
137
55
131
47
54
42
51
136
116
86
45
35
41
118
45
121
42
120
35
106
64
40
116
43
46
33
111
118
124
120
29
40
40
96
44
87
118
40
41
43
19
34
28
81
76
25
85
60
121
93
29
61
20
40
46
47
131
90
71
1
83
1
94
3
70
5
88
7
92
76
101
77
105
3
10
96
108
88
94
11
86
1
79
108
91
77
81
114
84
1
67
0
56
57
0
62
22
77
83
14
80
12
5
13
11
75
63
49
9
50
10
68
10
64
11
60
13
49
45
44
44
50
14
2
50
54
53
46
7
47
13
52
51
51
53
53
51
58
11
41
0
40
38
11
62
36
39
55
3
60
0
3
18
4
53
55
65
5
45
3
50
19
44
24
53
7
53
49
61
53
57
4
5
60
70
60
57
23
60
25
64
42
60
55
58
67
56
4
39
20
55
59
0
1
40
2
2
3
44
2
42
40
2
4
48
32
2
47
2
3
33
48
2
3
3
4
2
39
43
41
18
2
3
41
48
3
2
49
17
42
53
2
3
54
52
48
1
2
1
2
1
0
49
24
32
58
10
56
17
14
19
16
31
36
57
13
31
18
44
16
53
16
49
20
48
34
31
41
43
17
16
48
49
43
42
15
34
9
42
39
39
42
45
32
45
11
31
23
26
33
0
85
52
82
98
24
94
26
72
24
25
107
102
95
61
85
33
100
29
103
30
104
75
102
120
87
123
126
73
86
126
127
99
99
66
111
29
95
112
120
96
101
111
122
25
109
0
112
66
0
85
62
22
74
31
80
18
28
23
36
79
55
78
25
69
30
84
36
53
39
82
38
60
80
51
57
76
37
31
83
83
59
60
32
62
24
58
59
81
65
60
85
68
24
44
0
42
59
24
75
36
84
87
12
53
9
18
15
18
81
97
70
17
84
18
86
12
86
17
90
15
92
63
82
92
90
17
12
91
94
86
78
20
73
17
92
79
83
99
89
93
100
20
56
0
58
51
0
63
68
37
74
29
51
29
28
27
34
78
75
42
21
69
29
63
27
70
27
68
30
70
60
60
64
67
27
19
54
57
35
56
20
58
20
48
57
65
33
46
59
55
26
34
7
31
26
6
38
13
7
32
29
12
13
12
31
32
15
34
15
33
17
13
17
19
32
13
37
18
21
18
37
17
21
15
12
35
38
44
39
38
14
9
46
35
12
43
37
8
43
14
8
11
12
7
8
50
24
42
29
22
64
14
16
26
27
45
64
42
10
59
14
64
17
43
21
61
22
74
36
46
65
62
16
31
71
67
72
72
34
43
10
37
71
49
44
61
66
46
35
37
0
32
31
0
63
26
65
61
21
87
9
25
20
24
52
74
54
63
26
16
54
65
94
73
55
73
51
28
52
89
61
62
72
95
62
55
98
32
93
10
73
53
80
70
84
99
102
24
32
71
29
30
62
83
13
27
81
61
84
57
66
65
71
16
91
19
67
18
10
93
4
16
10
16
64
89
20
16
21
19
9
11
21
19
21
79
7
16
61
21
18
20
70
18
82
72
60
12
5
15
10
0
