461
258
471
491
319
488
226
363
345
347
489
516
301
351
534
275
536
344
518
343
508
346
535
319
534
521
523
339
283
534
541
521
541
348
537
290
345
547
515
535
552
527
546
350
314
303
304
313
302
288
70
303
303
65
294
215
54
181
235
321
321
143
234
327
187
322
62
329
56
90
246
362
98
129
364
78
301
245
355
97
382
106
252
195
202
101
265
340
347
348
71
335
250
68
54
67
66
0
345
154
385
356
172
391
143
136
141
147
390
408
268
158
129
156
417
155
426
179
441
154
395
285
170
430
157
168
160
424
440
430
433
126
146
181
357
171
252
378
178
186
175
101
126
111
286
289
115
320
139
463
333
145
190
84
176
201
205
477
294
231
9
304
7
360
13
268
14
306
22
323
290
324
231
373
7
19
375
368
299
335
18
288
5
286
352
304
302
272
351
278
6
214
0
185
205
4
192
91
213
205
53
205
65
43
69
36
218
199
181
30
176
35
201
38
206
71
214
75
220
160
178
173
238
71
55
224
233
231
217
55
209
65
206
186
237
236
239
233
239
64
122
0
118
126
56
188
187
99
219
25
185
20
26
65
29
199
199
191
24
154
16
202
77
208
87
215
31
216
153
205
197
224
34
24
232
214
225
225
80
220
79
210
149
198
238
235
212
246
38
108
78
168
174
0
2
152
8
6
30
117
4
117
125
4
9
158
72
3
181
4
5
88
174
4
7
4
7
4
155
123
139
53
4
4
175
171
9
2
148
8
99
153
7
4
152
145
144
4
2
2
2
2
0
163
67
108
173
51
169
67
48
64
69
105
110
141
38
105
40
111
45
134
39
149
45
140
108
91
88
131
68
47
147
145
145
138
56
120
29
151
121
149
158
150
98
159
72
119
64
100
103
0
208
113
205
229
50
237
53
258
60
55
293
273
215
216
165
61
234
46
234
58
243
266
227
332
164
330
351
240
268
331
343
227
233
248
332
53
218
297
332
205
220
236
326
47
304
0
304
171
0
213
145
132
200
68
207
56
56
72
77
215
145
202
56
191
68
215
78
160
79
224
86
168
215
195
163
215
86
93
213
206
181
178
84
200
96
192
162
218
228
161
230
165
74
118
0
124
154
82
182
99
216
221
28
143
22
56
40
60
211
229
165
44
226
59
236
30
237
52
236
50
223
190
216
241
245
53
64
236
236
249
250
61
220
75
255
199
207
252
257
263
249
70
145
0
138
146
0
226
182
116
193
68
160
46
79
78
61
206
201
143
83
190
54
223
75
192
45
228
60
254
231
245
244
239
88
83
209
220
158
207
73
196
59
193
181
209
149
200
203
186
70
127
28
111
118
21
119
70
48
114
79
48
64
66
54
76
82
114
61
59
77
70
72
46
106
64
109
62
85
86
110
86
77
37
60
91
104
105
116
78
79
23
127
79
52
111
122
71
123
44
24
48
43
31
37
165
59
121
83
79
172
62
63
92
89
133
166
81
60
163
60
168
84
119
62
162
69
177
122
85
184
175
55
94
178
181
173
189
92
122
41
93
186
120
126
196
197
138
112
66
0
77
69
0
191
87
193
220
71
249
31
66
62
65
213
202
202
209
124
77
208
243
276
264
220
260
198
120
209
292
218
245
244
299
218
220
291
95
306
49
223
162
233
241
284
296
318
98
114
252
96
101
241
211
41
79
212
151
208
121
153
139
153
52
236
72
161
80
17
226
11
66
24
75
129
235
66
69
73
73
24
61
79
77
73
169
22
77
147
58
75
125
141
73
210
230
125
48
9
47
52
0
