442
191
449
453
270
463
159
281
282
269
449
410
225
253
408
193
417
250
418
254
407
244
409
225
384
397
397
245
198
374
391
372
393
246
420
197
234
403
422
424
422
426
413
239
206
217
224
221
212
274
58
286
285
87
290
236
46
195
249
305
269
98
230
280
205
282
99
283
53
107
240
252
96
83
265
53
213
183
262
95
248
98
220
126
186
87
227
258
263
261
52
267
221
43
44
43
42
0
249
108
267
272
114
275
77
85
71
75
266
272
172
98
75
88
256
98
295
99
280
73
254
145
109
276
121
124
104
271
266
286
272
61
89
103
234
103
183
251
102
103
102
39
77
65
198
198
68
270
135
342
285
57
133
39
78
85
84
349
253
205
2
251
2
235
0
195
0
265
0
208
222
237
216
260
3
2
280
259
244
237
4
261
2
220
264
255
201
205
265
257
2
201
0
194
179
3
99
62
114
112
22
109
37
22
35
13
110
93
102
11
81
8
96
15
104
39
105
33
103
80
105
113
106
34
14
103
103
113
102
32
114
31
112
85
118
115
117
132
117
41
72
0
71
75
31
105
83
56
99
6
99
3
4
39
8
91
105
102
5
71
6
93
44
109
43
110
7
96
58
97
105
100
8
5
86
104
111
100
44
110
40
114
63
111
108
115
106
102
7
56
43
89
89
0
1
71
1
1
7
54
1
56
55
1
0
77
27
0
82
2
0
33
82
1
2
2
2
1
106
67
103
42
2
2
100
99
2
2
93
16
68
97
2
2
97
83
86
1
1
1
0
1
0
91
50
80
107
33
111
35
23
31
34
72
80
102
28
73
28
75
41
113
41
112
40
96
70
66
68
94
40
42
98
107
105
98
30
73
14
96
75
106
103
107
66
103
30
73
33
61
57
0
193
91
179
196
58
198
43
166
54
58
193
178
199
137
138
68
202
49
207
62
212
191
192
216
140
190
222
170
188
224
219
201
207
169
205
57
182
209
225
159
207
205
212
38
207
0
195
122
0
155
106
81
142
48
155
24
41
51
61
156
103
150
28
124
52
147
54
92
54
158
50
100
145
98
94
133
48
39
122
126
103
115
43
131
44
111
101
147
144
94
147
102
49
89
0
80
106
45
141
81
144
149
18
71
16
35
28
32
148
149
103
47
154
31
146
26
157
45
158
49
151
109
123
161
146
40
26
158
163
162
169
50
140
32
152
127
121
165
173
160
173
35
106
0
97
103
0
125
62
55
82
24
86
21
69
64
30
84
79
62
80
81
28
117
75
80
16
134
28
145
127
145
152
142
72
76
88
131
57
94
67
124
55
121
105
81
62
106
81
96
23
50
16
48
54
15
75
38
19
72
60
30
43
38
48
66
39
66
22
55
42
38
44
34
72
40
65
38
37
34
78
40
35
27
37
55
75
65
64
63
32
20
73
64
24
78
81
29
82
25
11
18
24
11
21
91
38
79
52
33
105
33
30
43
42
83
106
53
30
107
26
97
43
72
30
98
45
99
72
50
93
102
26
41
100
95
104
104
42
88
16
73
95
73
80
104
100
73
47
51
0
48
47
0
136
67
149
145
42
173
24
47
41
40
142
123
148
153
91
43
148
176
212
179
147
169
158
90
169
209
173
167
180
211
145
150
216
53
215
22
147
94
149
155
188
215
207
45
83
151
77
81
145
124
24
39
138
103
143
83
109
106
100
32
148
44
111
42
14
144
8
32
15
45
84
145
32
33
44
45
13
36
40
39
40
123
9
40
127
32
39
72
144
41
163
155
116
28
10
27
28
0
