532
231
566
571
313
565
183
339
331
328
553
538
269
317
550
226
542
312
525
323
551
314
496
270
509
499
516
296
233
490
514
520
495
296
492
244
285
504
497
496
508
509
498
285
259
258
254
260
232
346
77
345
351
91
347
283
49
227
290
350
327
105
279
345
238
340
95
330
55
112
289
333
118
111
346
64
297
233
353
121
347
123
277
189
245
104
271
350
350
346
68
366
284
56
45
51
52
0
331
159
347
352
155
365
111
122
105
110
360
334
242
145
114
107
342
122
372
119
349
91
299
201
136
335
145
157
88
348
342
335
343
89
127
143
311
137
238
347
134
128
139
83
95
87
253
243
84
342
146
409
342
88
160
52
122
127
103
416
292
251
8
312
6
316
1
234
4
315
3
301
291
309
258
351
13
5
332
320
305
288
5
308
4
282
336
313
249
289
347
303
10
244
0
214
243
9
132
66
141
150
51
146
43
27
54
41
152
140
123
37
104
41
143
45
150
49
148
42
124
106
115
129
138
51
39
132
126
136
130
53
130
45
144
109
154
158
155
158
146
45
70
0
65
67
43
130
141
88
136
13
124
10
9
61
7
147
152
142
17
104
16
157
58
153
65
154
27
177
97
148
131
160
21
14
161
152
167
170
64
171
62
151
96
151
170
174
158
177
25
71
60
119
117
0
8
106
10
4
18
88
10
87
84
4
10
149
55
8
150
8
7
90
159
8
9
9
9
4
125
92
111
42
6
6
119
132
9
7
142
28
79
143
7
8
137
140
145
9
8
8
5
9
0
142
76
114
165
52
166
49
46
54
59
114
118
166
37
109
54
137
68
167
59
165
51
160
124
118
114
168
68
62
169
169
165
176
63
121
37
167
149
166
181
183
111
179
63
118
66
92
104
0
199
101
201
226
70
206
62
196
77
86
205
209
219
164
151
83
228
80
225
92
236
209
225
260
168
247
265
207
220
265
266
241
229
222
254
87
204
239
260
202
242
239
252
72
225
0
235
143
0
164
113
86
176
82
168
44
73
56
77
155
101
168
47
166
91
195
91
105
99
184
99
113
170
118
105
175
107
87
185
182
119
122
89
153
66
156
128
195
183
115
192
128
85
94
0
86
105
54
158
80
177
189
34
119
38
58
57
63
187
190
103
57
201
59
201
34
186
49
188
55
181
117
169
185
183
52
52
192
193
194
183
47
168
56
169
152
133
187
190
194
185
61
115
0
112
114
0
178
84
73
111
21
107
19
87
85
23
103
113
85
85
118
31
166
88
121
23
180
33
189
169
191
192
186
79
78
116
173
96
117
85
160
57
141
136
114
91
121
107
126
30
76
21
77
63
21
77
52
26
70
50
34
54
53
38
54
59
81
24
54
52
47
61
45
79
59
85
50
66
53
85
55
60
32
42
71
78
76
76
54
45
25
83
72
42
74
77
40
88
32
20
27
31
17
24
126
48
124
87
39
145
45
25
45
49
133
135
85
35
142
29
146
42
117
28
153
46
161
116
95
165
155
37
64
147
158
162
159
54
122
34
106
156
115
122
169
165
113
59
79
0
73
74
0
205
78
203
206
68
242
26
66
65
67
201
187
195
178
130
63
206
202
256
214
195
229
197
112
195
272
210
190
211
250
206
195
270
70
269
28
198
138
195
184
212
263
264
69
94
207
84
86
196
165
41
76
162
101
167
85
101
113
106
53
184
65
129
78
17
198
14
59
21
79
109
199
65
64
75
67
25
40
75
68
77
156
19
81
131
61
78
109
146
80
187
197
113
57
17
42
58
0
