320
168
340
335
244
322
189
273
262
270
322
327
187
261
344
211
337
268
339
267
322
255
353
181
346
345
343
243
211
350
339
342
351
244
323
212
208
333
335
312
337
325
335
246
205
230
190
194
234
181
36
176
191
52
180
129
37
95
123
186
189
93
130
197
103
184
47
197
45
66
133
191
63
75
187
64
124
85
189
70
194
71
114
154
85
88
123
200
188
201
68
199
123
62
42
61
65
0
281
115
292
293
140
309
109
111
100
102
306
277
197
135
131
128
286
142
299
116
319
90
294
192
138
311
134
156
113
320
306
316
305
104
132
134
248
134
194
284
127
139
139
88
115
106
216
220
105
174
86
282
203
94
119
90
140
145
143
300
158
127
5
157
3
211
21
132
17
180
33
181
151
172
140
200
5
28
209
191
147
197
38
159
2
154
193
167
149
172
214
150
3
93
0
92
100
4
169
67
186
185
42
188
54
41
62
29
188
169
147
24
131
30
187
40
171
60
165
56
170
127
143
142
190
55
42
169
191
186
177
52
159
53
189
141
197
207
203
195
204
59
90
0
83
97
50
159
166
78
172
28
150
23
31
72
29
184
174
168
19
119
22
153
75
167
90
183
22
180
121
166
158
184
26
15
178
164
188
174
87
166
77
170
128
169
180
181
182
178
19
84
92
136
142
0
8
135
14
13
33
99
10
97
103
11
16
158
93
8
172
8
10
83
171
6
16
15
21
14
159
131
146
55
11
12
175
174
23
10
180
43
131
174
16
16
184
185
185
9
7
10
7
12
0
157
75
104
164
59
162
71
55
75
67
96
108
144
64
101
62
135
76
167
84
155
74
148
109
105
98
152
68
76
159
150
156
164
79
118
42
159
123
158
175
166
94
164
75
93
68
83
76
0
174
101
174
187
47
188
40
189
57
53
208
218
165
176
128
57
182
40
174
57
182
195
161
225
125
231
246
183
198
243
259
160
163
184
229
46
153
233
255
132
167
173
254
38
245
0
228
126
0
154
112
88
157
54
165
66
48
86
56
153
119
168
40
132
51
168
66
119
75
190
71
130
168
125
99
176
76
64
204
190
136
133
68
178
93
147
125
197
180
127
192
117
56
87
0
84
118
81
134
72
149
149
28
77
26
53
45
62
155
149
77
42
153
65
153
32
154
40
145
39
138
99
142
133
130
35
51
136
130
130
149
47
131
60
127
147
111
144
141
138
146
57
72
0
76
85
0
149
136
67
152
51
115
34
48
49
42
151
142
103
50
159
44
164
42
161
38
160
44
147
139
158
167
163
42
37
167
172
109
146
44
172
32
143
145
142
106
148
157
150
50
115
16
101
99
16
92
77
35
96
59
56
66
65
37
52
81
83
37
48
90
64
85
31
80
66
80
59
65
71
88
67
70
33
54
68
95
91
89
65
64
11
88
73
61
96
88
60
94
40
29
36
50
29
28
110
37
90
67
53
126
47
35
52
58
99
112
42
51
99
40
102
42
90
28
102
46
129
95
68
129
119
41
57
109
118
119
115
57
100
14
72
113
66
85
117
123
84
58
51
0
48
49
0
163
76
158
176
39
190
25
42
38
36
156
160
157
140
97
30
156
166
206
182
141
189
147
85
166
221
163
177
198
221
166
165
242
32
215
20
156
107
155
159
186
224
220
33
98
164
97
99
169
141
38
78
142
62
147
40
70
60
61
53
170
64
70
70
18
166
5
63
27
81
48
143
72
68
66
78
21
46
78
73
83
106
21
79
93
61
77
123
109
77
160
150
69
62
13
57
56
0
