253
114
269
265
127
260
88
132
129
132
256
244
160
134
272
104
262
137
260
130
259
138
255
127
261
247
263
133
96
259
257
259
256
123
251
97
117
257
252
253
254
252
255
119
134
114
131
141
111
143
46
152
150
25
147
122
23
89
119
158
166
61
128
164
97
169
30
176
19
32
133
152
45
74
178
28
143
116
169
42
175
46
144
122
114
57
125
190
184
188
38
192
141
31
26
36
33
0
150
64
165
158
62
158
57
59
64
56
171
138
109
59
46
47
139
57
139
51
147
46
129
90
50
139
59
56
53
140
144
144
144
55
51
57
130
60
91
144
62
66
60
46
44
46
103
107
46
160
64
199
162
72
82
34
83
86
86
212
128
87
1
124
1
143
4
110
0
130
4
119
125
134
107
152
0
2
145
151
125
128
0
128
1
109
137
128
114
113
141
123
1
101
0
93
97
1
87
45
92
98
18
93
27
26
32
16
91
92
86
15
69
19
99
27
94
28
91
32
96
57
77
76
105
28
31
100
100
101
93
26
95
30
89
83
103
93
103
108
107
32
53
0
51
57
33
74
82
36
89
11
71
10
16
28
14
84
81
88
6
50
3
70
31
79
39
84
7
69
45
66
76
70
2
1
73
80
71
68
34
74
30
79
52
81
80
74
87
82
6
50
29
76
74
0
0
8
2
0
0
8
1
6
7
1
1
16
7
0
12
1
0
5
13
1
1
1
1
2
15
12
10
7
0
1
21
17
1
1
27
4
19
32
1
1
26
32
28
1
1
1
0
1
0
59
25
50
57
3
60
4
2
5
6
48
51
50
4
35
5
42
6
49
4
51
4
52
41
44
39
51
4
5
52
51
49
47
5
42
2
53
46
51
55
53
44
55
7
43
4
36
34
0
64
40
62
76
8
73
9
90
9
8
97
82
64
66
46
13
71
6
65
11
67
95
64
130
52
110
119
79
92
130
126
65
72
85
118
10
63
108
123
56
65
73
124
9
118
0
115
54
0
84
90
56
88
13
96
24
11
38
14
85
89
95
11
74
13
79
15
89
14
86
15
99
102
77
97
107
20
25
100
97
84
94
27
91
43
93
92
100
100
86
109
95
26
71
0
64
86
36
77
25
85
129
33
85
18
3
44
3
86
127
88
44
125
4
126
39
138
48
126
37
124
89
81
127
128
47
5
128
125
122
127
47
93
3
129
88
103
135
137
138
141
3
77
0
76
79
0
100
58
62
87
23
60
17
27
25
22
87
81
75
25
78
15
99
20
82
16
99
19
103
84
99
85
106
24
23
94
99
83
88
25
90
22
99
83
89
66
92
93
83
28
58
3
58
55
10
67
35
18
65
48
22
29
28
38
48
42
57
36
45
40
28
44
34
55
35
65
33
42
41
58
40
43
13
35
58
69
62
71
55
40
19
68
63
36
76
80
40
79
26
16
21
26
19
22
60
12
37
28
38
66
23
31
39
42
35
50
20
25
54
21
52
37
40
29
58
37
60
33
43
55
60
13
38
63
60
55
57
37
37
23
37
56
49
39
63
63
37
44
10
0
8
12
0
91
27
88
95
54
93
36
62
52
61
99
50
82
85
61
52
94
100
106
99
86
98
91
59
93
100
86
91
94
101
80
85
99
54
99
25
97
79
90
90
96
96
99
50
21
81
26
19
83
88
9
8
95
83
88
83
84
89
88
4
91
32
80
6
2
96
2
4
2
8
78
94
4
5
8
5
2
17
7
5
6
94
1
6
103
6
6
25
113
5
111
111
99
5
1
7
5
0
