430
237
465
457
306
460
203
324
329
319
459
431
229
296
429
251
436
291
430
298
430
276
421
242
431
424
420
284
223
433
435
433
432
286
426
250
270
440
439
429
430
442
439
286
243
246
248
249
242
268
72
288
276
90
273
216
52
163
229
285
285
118
228
283
183
294
92
314
59
104
224
287
98
101
290
68
230
197
286
109
292
115
184
178
155
97
205
275
272
260
76
268
207
68
57
63
64
0
279
142
295
286
129
296
68
66
53
59
280
286
185
133
112
114
283
122
311
85
300
59
273
196
133
295
134
137
70
293
287
277
296
59
119
135
287
128
198
281
124
132
135
53
95
90
228
229
95
267
143
373
272
87
135
64
117
126
127
383
234
171
8
249
2
256
6
181
10
247
9
226
218
226
204
266
8
5
271
256
224
250
9
233
3
203
254
234
197
221
270
213
5
168
0
150
163
5
100
68
115
121
24
126
35
34
47
18
113
135
122
19
104
25
132
31
132
50
127
48
137
102
111
116
129
58
37
124
132
136
140
24
128
48
114
102
123
126
112
127
116
52
64
0
59
68
51
113
93
57
117
15
98
14
15
51
15
108
112
108
17
82
13
91
59
111
60
114
16
117
82
118
113
115
19
21
108
130
127
119
73
134
62
124
78
105
129
125
134
124
30
48
68
103
95
0
3
98
11
7
18
82
3
74
88
4
11
130
43
3
139
5
4
68
127
3
7
4
5
4
108
84
107
37
5
2
117
125
6
4
98
17
79
100
5
4
103
104
108
5
3
3
4
4
0
152
78
112
161
36
152
32
22
31
28
97
120
152
29
101
37
121
51
168
44
176
46
161
127
109
112
165
41
49
162
163
169
160
42
118
20
164
125
156
160
157
103
162
41
93
35
73
84
0
190
108
196
219
53
222
43
188
45
55
213
219
211
163
149
56
233
36
230
57
224
208
204
245
156
224
255
202
224
261
271
215
225
215
236
55
189
238
252
176
215
218
254
41
238
0
239
144
0
189
137
107
155
51
176
49
51
63
55
189
141
173
44
129
51
189
58
135
61
185
52
148
176
112
147
183
61
53
187
187
153
153
60
166
64
126
141
177
180
132
184
157
51
101
0
102
130
60
115
80
128
167
33
96
44
48
68
41
121
159
88
81
162
49
167
42
152
79
164
66
148
97
128
156
152
66
37
161
153
151
159
71
126
42
154
126
120
180
167
168
163
46
67
0
67
67
0
179
107
75
125
36
127
29
99
86
35
127
115
86
97
118
39
163
94
117
23
175
31
170
161
182
176
184
78
79
108
161
92
113
78
156
57
136
135
122
75
138
109
123
36
72
28
61
60
28
120
56
25
108
82
33
47
50
57
76
73
82
39
65
59
38
59
40
80
44
96
56
54
45
91
65
59
33
45
78
77
87
81
74
52
17
103
74
33
100
109
51
113
29
22
27
26
26
25
101
47
88
68
36
117
52
28
37
46
109
104
42
53
102
49
101
47
103
34
110
44
82
99
51
92
84
43
39
98
97
104
108
47
98
13
97
100
76
101
113
108
115
50
55
0
58
52
0
142
78
144
167
44
215
18
40
44
47
157
179
156
158
105
40
172
189
241
207
162
213
150
97
157
245
150
186
205
238
156
153
250
41
237
15
155
93
156
146
204
247
251
34
84
197
84
82
194
111
30
51
124
73
127
60
73
79
72
38
134
42
76
55
12
127
8
46
12
57
48
131
50
36
45
54
14
21
51
49
49
117
12
47
103
43
53
68
116
48
139
128
87
36
10
41
34
0
