349
176
369
361
205
373
127
219
210
210
357
362
231
211
353
190
365
211
366
202
363
209
370
237
382
374
386
196
184
374
380
378
376
209
389
171
259
385
396
396
398
387
392
204
244
200
238
253
198
202
44
195
200
42
221
176
28
160
173
204
205
91
191
218
178
204
46
215
33
49
189
211
37
84
218
33
191
166
225
37
219
36
192
81
173
38
200
230
226
228
32
234
203
38
36
41
41
0
223
80
245
246
101
250
88
85
92
95
250
257
171
93
79
88
264
92
262
106
270
84
263
202
98
266
100
98
103
284
275
288
296
96
96
103
209
105
192
255
99
104
101
88
98
89
164
172
84
262
61
362
264
98
130
62
138
146
142
354
203
118
1
198
1
200
0
171
0
204
0
150
178
195
159
194
3
0
201
196
192
171
0
193
1
183
201
191
185
148
193
190
1
169
0
170
168
0
93
27
110
108
1
102
35
16
39
0
101
100
131
0
100
1
102
2
99
38
112
40
117
105
116
127
109
39
4
112
115
112
110
5
132
36
111
112
117
123
116
120
127
39
101
0
103
93
43
99
61
64
80
6
106
3
4
29
4
80
88
107
4
75
7
85
53
92
58
83
7
87
86
119
120
92
7
7
100
118
92
98
61
83
54
124
82
109
91
89
124
83
2
69
55
114
110
0
0
20
0
0
2
19
0
20
19
0
0
23
11
0
20
0
0
13
21
0
1
0
1
0
30
17
22
14
0
0
24
28
1
0
26
8
24
24
0
0
24
30
25
0
0
0
0
0
0
62
36
57
68
18
63
12
8
13
11
54
52
55
6
55
7
55
10
61
9
61
10
52
57
55
52
59
18
7
57
61
59
60
7
60
4
60
51
63
61
67
48
65
9
58
22
51
55
0
98
51
94
96
22
96
20
157
23
18
162
141
102
102
67
27
107
17
106
29
104
155
108
199
63
184
205
125
165
215
207
115
114
140
181
33
104
160
199
83
120
114
200
27
190
0
193
70
0
175
128
93
156
17
173
37
14
39
17
170
140
161
20
137
17
155
24
141
22
159
21
143
150
139
130
151
20
23
162
153
151
147
34
157
60
148
146
192
169
140
180
154
31
123
0
121
149
51
141
66
143
166
28
127
27
23
41
19
151
197
138
45
195
22
197
36
192
48
200
45
196
150
166
204
212
45
20
210
218
217
210
50
158
24
195
160
181
201
206
199
207
23
126
0
128
132
0
162
103
117
166
34
126
31
24
23
34
170
155
132
28
155
31
172
31
163
25
172
31
168
170
172
168
177
26
25
153
162
124
149
27
151
20
140
150
154
111
142
161
135
44
116
9
112
107
4
152
34
29
141
123
32
38
44
112
123
48
116
39
87
43
48
49
83
110
38
113
40
43
45
120
38
41
39
40
104
121
128
127
98
43
23
122
104
21
126
121
38
120
29
14
35
28
15
25
96
30
48
34
62
105
30
52
75
65
47
93
23
22
110
23
104
71
51
57
103
73
101
49
25
105
108
27
85
116
114
113
120
76
40
21
39
108
90
44
100
113
47
82
21
0
26
23
0
157
47
156
158
94
146
52
95
94
94
159
122
141
126
54
77
142
167
170
171
147
169
134
57
132
185
126
153
164
179
127
130
193
76
183
31
161
113
157
158
163
192
184
74
50
152
45
46
145
128
10
18
132
109
127
109
118
118
113
16
135
24
123
24
7
139
10
20
13
25
124
155
21
19
23
22
10
26
21
20
22
154
7
20
162
20
20
37
155
18
167
174
145
12
8
15
16
0
