205
108
205
193
125
207
66
134
131
136
208
208
135
136
200
116
206
131
218
134
205
121
203
123
208
196
195
121
100
204
187
196
194
123
189
107
112
167
183
181
193
191
174
119
132
117
125
127
124
94
17
102
103
20
106
74
17
62
81
109
96
34
81
106
65
105
25
108
18
28
90
108
33
38
109
26
89
73
114
36
112
32
79
63
63
32
77
108
102
99
24
104
86
18
17
20
20
0
122
40
126
120
48
120
47
43
46
41
120
143
85
38
30
35
136
38
137
48
139
35
137
84
37
126
42
41
46
130
132
141
145
34
43
41
91
42
79
107
39
45
43
24
37
33
103
92
30
117
29
166
107
37
88
52
81
84
87
177
85
63
1
87
0
84
0
59
1
90
1
75
87
87
81
97
1
0
94
95
87
81
2
89
0
78
104
91
88
79
103
84
1
76
0
64
65
0
45
20
45
44
16
47
18
20
21
14
49
45
38
8
32
8
51
14
48
19
52
20
57
36
40
37
65
22
18
58
58
57
66
28
47
18
53
40
65
65
67
58
60
25
24
0
21
27
21
57
67
20
73
7
45
7
8
17
9
68
50
58
4
35
5
48
23
59
18
55
8
58
38
54
59
58
7
7
63
61
55
63
21
47
18
54
35
47
52
54
58
57
7
33
21
54
48
0
0
24
0
0
2
25
0
20
20
0
0
35
11
0
32
0
0
15
33
0
0
0
1
0
32
22
32
18
0
0
33
35
1
0
33
8
17
25
0
1
17
24
29
0
0
0
0
0
0
44
19
28
46
15
50
16
17
16
15
26
34
42
9
29
19
33
20
43
18
44
17
52
32
27
28
46
17
23
47
45
46
48
17
31
10
49
34
46
43
48
26
48
18
30
17
23
23
0
69
45
64
73
18
68
17
86
16
12
118
76
71
50
46
16
76
15
66
16
66
101
69
128
54
123
137
88
117
143
145
70
73
97
127
15
67
125
134
61
64
73
138
10
129
0
121
50
0
57
43
37
60
18
61
16
16
18
17
64
42
59
14
54
23
67
28
44
25
67
27
50
64
44
39
52
13
16
59
63
47
50
22
48
25
49
50
68
60
47
66
54
22
41
0
39
52
22
80
37
91
97
10
71
4
18
16
14
91
96
72
15
86
17
89
10
91
15
96
13
96
77
87
89
91
19
13
102
94
94
89
23
77
14
93
84
86
97
99
105
105
11
70
0
72
74
0
81
50
61
84
19
69
16
17
23
22
83
78
68
24
87
22
91
23
87
22
99
22
94
89
96
99
94
20
20
84
92
75
86
20
87
16
96
86
96
69
83
94
86
23
71
5
64
71
6
36
18
7
35
25
11
14
14
22
27
22
25
17
15
19
11
21
10
36
15
32
11
17
16
29
28
19
11
9
27
30
35
26
18
16
8
33
29
19
32
36
19
35
14
8
5
13
12
7
48
17
35
19
18
42
12
13
20
16
28
49
31
11
45
10
46
20
38
14
44
17
48
34
28
43
48
9
26
51
52
43
47
19
37
12
38
44
48
35
56
49
32
26
10
0
15
19
0
57
23
55
64
21
107
9
25
20
22
57
50
70
97
39
29
65
98
126
118
60
113
84
49
82
120
78
112
114
126
75
82
122
42
122
20
79
56
85
85
118
126
122
39
29
100
23
27
104
78
6
16
84
71
85
62
65
67
67
8
82
13
74
16
7
84
4
15
7
17
58
87
12
15
18
13
3
11
16
12
17
75
4
13
71
19
15
33
79
17
84
82
62
11
7
16
9
0
