190
101
194
201
151
199
96
165
150
159
193
203
121
165
212
133
215
156
206
154
206
155
191
142
199
205
205
145
137
197
198
205
200
155
201
140
154
199
212
190
203
213
205
160
126
139
128
132
149
115
23
121
124
19
116
89
18
78
95
120
109
37
87
106
81
117
25
118
23
26
90
122
30
32
136
21
105
87
132
24
126
30
111
53
80
34
107
126
121
121
32
113
113
19
19
17
22
0
159
69
173
171
72
180
72
63
69
71
182
182
117
55
44
58
196
57
196
88
201
72
169
89
60
165
61
71
60
176
175
167
180
54
59
61
140
61
101
169
64
71
65
39
52
48
126
112
43
127
60
210
129
55
97
62
111
104
112
225
116
83
6
124
4
140
8
90
9
120
13
108
89
112
90
125
4
11
128
130
111
114
5
103
2
98
119
118
90
114
117
101
0
82
0
72
87
3
67
14
67
63
16
69
14
6
16
8
73
62
55
8
57
7
62
9
67
20
58
21
56
57
50
62
66
19
9
68
66
63
66
11
58
15
68
61
67
65
62
61
60
18
36
0
34
36
22
84
50
55
83
5
86
3
6
17
6
82
76
82
4
64
3
78
28
70
26
71
4
69
66
92
90
71
2
2
68
86
67
72
30
67
27
82
58
81
72
70
89
78
4
53
29
79
83
0
3
44
3
3
10
32
4
34
39
5
5
49
36
4
57
3
4
37
46
4
4
5
5
3
45
44
53
28
5
3
54
52
6
3
51
20
33
49
3
4
45
51
52
5
3
3
3
4
0
35
24
34
47
10
44
8
8
9
10
34
34
46
6
30
12
34
12
45
10
45
7
46
35
35
39
43
12
11
49
46
46
46
11
39
12
40
47
49
47
55
27
49
13
27
7
23
26
0
71
44
68
73
17
72
15
117
16
17
125
91
74
74
60
16
79
15
78
18
71
133
78
146
59
156
154
102
135
137
147
79
77
105
129
19
70
123
146
71
78
79
151
17
158
0
148
48
0
64
54
39
63
25
73
20
16
29
23
76
60
75
20
68
21
75
29
57
27
77
23
61
80
56
54
74
19
18
82
77
62
58
19
78
36
54
54
76
74
50
77
53
23
37
0
36
45
20
83
39
77
90
11
62
13
12
25
12
79
91
64
28
88
12
91
16
99
27
97
24
91
68
72
92
99
23
11
94
90
89
96
26
80
11
86
65
80
92
94
99
96
15
54
0
57
54
0
117
55
70
98
16
77
13
30
31
17
94
99
80
27
97
12
118
30
94
7
101
7
125
115
123
125
114
30
23
99
120
83
101
31
123
31
110
117
92
78
112
102
110
15
84
11
78
78
10
45
26
9
41
37
8
21
20
27
39
23
32
7
23
27
18
24
10
36
25
27
20
19
16
41
21
18
8
21
31
42
47
41
25
14
4
43
28
16
35
43
19
42
17
7
7
11
7
10
44
13
42
22
25
40
20
17
25
25
45
39
17
18
38
19
36
17
36
18
45
20
46
36
22
38
40
12
20
47
49
46
43
23
41
11
31
54
34
41
55
45
37
18
22
0
22
20
0
59
20
71
63
21
128
8
17
19
21
59
72
72
102
35
23
79
122
127
128
73
124
96
47
89
133
91
104
126
134
89
91
141
32
131
15
82
58
86
93
131
157
137
27
35
123
34
33
115
72
8
15
74
57
69
49
61
61
64
10
73
9
58
12
8
70
4
13
8
15
54
81
14
11
16
15
7
20
16
14
16
69
12
12
62
9
14
21
63
10
73
65
58
11
10
6
10
0
