253
111
269
269
122
255
80
124
123
122
269
253
139
119
265
113
262
116
256
126
261
119
246
137
254
246
255
113
101
259
255
244
243
109
252
111
127
245
249
253
259
257
241
117
159
112
160
159
110
141
11
144
147
19
138
128
11
105
118
139
124
39
110
133
102
133
14
136
9
25
115
99
18
38
100
17
79
70
106
21
103
20
71
48
53
16
70
84
85
93
15
88
62
13
8
13
14
0
99
52
116
112
35
111
26
22
26
29
113
114
79
40
34
29
110
38
118
40
112
33
168
78
36
179
39
39
95
178
178
175
191
62
37
41
107
43
101
147
41
41
46
54
29
29
91
97
32
130
56
197
129
40
115
52
84
96
93
210
101
86
0
108
0
121
2
91
1
110
3
112
110
118
105
138
0
9
139
136
118
123
8
108
0
104
126
117
89
116
136
106
0
90
0
88
94
0
96
22
95
95
21
93
12
4
16
13
97
78
57
8
57
6
76
12
82
8
75
13
70
55
66
68
69
11
5
70
72
69
74
6
71
14
69
66
73
80
77
73
77
14
66
0
68
61
14
40
27
20
35
1
39
2
1
15
1
37
45
45
1
35
3
42
16
45
18
48
4
42
28
43
44
45
3
4
44
44
45
42
21
49
19
50
32
46
43
45
45
43
2
20
19
34
36
0
1
13
2
1
3
4
0
2
4
1
2
19
5
0
19
0
0
15
22
0
1
0
1
2
29
18
26
21
1
1
30
34
1
1
24
4
14
24
1
0
25
24
25
1
0
0
0
1
0
56
31
41
60
15
59
15
6
17
17
47
46
57
8
37
14
47
19
53
18
49
20
48
47
40
32
49
25
10
48
47
48
51
4
46
3
55
39
52
49
53
47
54
5
42
25
44
44
0
55
31
51
52
9
59
11
105
13
11
115
98
60
57
38
18
63
16
67
16
68
102
63
134
46
124
139
94
110
147
140
74
75
101
128
10
50
116
139
56
54
57
136
10
126
0
125
50
0
75
55
25
65
13
68
13
17
14
14
71
65
67
5
71
17
69
19
65
18
75
19
62
70
64
63
79
15
13
72
70
65
68
15
74
19
64
67
69
76
66
72
64
14
60
0
58
67
18
79
25
95
85
8
70
14
26
20
23
96
95
77
21
96
23
89
17
92
19
93
20
93
81
96
91
98
22
22
106
104
97
95
20
93
23
89
90
84
104
97
102
107
27
63
0
63
66
0
105
46
77
103
18
86
16
20
19
16
100
98
81
18
99
14
100
23
95
16
96
18
97
100
108
107
102
19
21
94
110
78
100
24
108
17
103
103
107
78
101
105
103
27
82
3
80
73
5
60
16
9
58
51
9
19
15
41
49
18
37
21
38
17
15
17
37
52
12
47
15
17
18
47
19
13
21
12
52
56
56
49
61
15
13
65
67
17
69
72
17
60
14
7
9
9
4
10
63
9
22
13
52
64
8
39
55
52
23
57
29
10
50
8
55
45
25
42
58
38
71
25
34
64
66
9
54
63
71
70
72
55
26
21
21
74
63
21
69
69
22
52
12
0
15
13
0
91
30
103
104
55
92
42
57
60
56
105
40
91
85
44
57
93
105
115
108
89
107
84
46
88
115
89
107
109
117
87
90
112
62
120
15
102
73
106
99
114
112
115
59
29
95
30
27
100
87
8
25
92
76
92
74
71
70
74
19
85
22
65
25
7
91
3
20
5
22
63
78
27
24
23
22
6
3
23
23
24
77
3
26
48
20
23
27
66
25
68
67
50
19
4
17
21
0
