362
146
352
371
214
361
126
226
231
226
356
321
157
209
333
154
318
208
338
204
341
211
309
158
304
312
323
207
168
303
316
317
312
204
300
168
178
330
329
320
335
322
322
201
154
166
144
166
162
179
41
192
183
48
198
154
29
115
171
194
185
71
146
184
136
176
57
194
33
69
159
169
55
65
171
37
148
119
183
48
185
53
142
102
113
49
148
192
183
182
34
186
151
32
26
26
29
0
203
96
206
210
105
212
39
50
46
43
209
200
150
83
74
82
200
90
223
58
220
44
189
121
94
186
91
88
49
199
209
195
211
45
81
98
195
88
153
214
99
102
104
40
82
71
168
168
71
173
88
265
196
65
116
59
99
105
102
263
160
128
4
163
1
164
2
126
0
173
1
165
150
164
146
189
3
2
179
178
150
164
4
159
3
146
189
166
126
160
184
158
3
117
0
102
113
3
97
47
111
99
21
111
31
17
32
20
107
101
95
14
78
15
98
17
99
36
107
35
98
79
83
94
94
35
21
94
98
100
102
23
104
34
95
94
99
105
100
104
111
35
54
0
62
62
34
72
57
36
77
7
63
5
7
43
10
70
64
79
3
47
5
64
42
63
45
66
8
65
54
79
80
66
2
5
72
83
66
70
45
74
48
76
59
80
75
72
84
85
5
40
43
72
68
0
2
49
3
3
8
50
3
51
51
2
2
78
36
2
75
3
1
39
79
4
3
2
2
1
81
64
74
32
2
1
72
86
2
2
77
19
54
70
2
3
64
72
74
3
5
4
0
5
0
73
28
45
74
17
75
32
19
27
23
41
44
54
14
48
23
66
22
66
27
70
23
66
48
48
42
70
26
19
64
69
68
62
27
54
15
69
55
67
68
69
42
63
36
40
25
36
38
0
115
55
119
126
34
125
23
139
33
35
139
131
118
104
83
26
129
25
123
35
121
140
111
172
97
151
184
130
158
176
181
122
115
142
170
25
111
169
173
103
128
117
173
23
157
0
167
80
0
113
88
59
100
38
119
27
27
37
39
121
71
110
25
84
31
105
29
74
33
109
33
76
109
74
83
116
33
27
120
111
90
98
27
98
33
82
81
105
111
80
106
88
29
59
0
68
91
36
85
56
100
112
16
76
19
26
28
17
93
126
70
26
118
21
113
22
104
25
113
29
109
78
101
120
126
35
19
121
129
134
120
38
107
21
123
95
94
138
139
138
142
20
91
0
85
84
0
113
66
63
82
21
75
17
55
47
17
86
91
73
56
98
26
121
54
98
22
119
24
137
119
131
131
136
62
49
90
125
66
85
48
114
43
105
110
88
69
109
91
106
19
71
14
66
66
14
65
27
23
69
43
23
33
40
35
44
39
56
26
37
37
30
34
33
58
31
63
34
29
23
48
32
36
10
30
39
50
43
42
44
26
9
63
59
27
59
60
21
60
29
16
20
26
17
20
73
26
53
45
38
84
28
33
47
46
62
90
42
17
82
17
79
47
51
40
86
49
82
40
41
83
84
21
47
87
80
86
80
46
44
17
37
86
56
53
87
100
46
46
29
0
27
29
0
106
51
109
116
37
150
22
36
37
37
114
109
113
128
72
44
122
145
167
158
119
156
116
83
105
163
108
130
152
165
113
124
182
37
177
15
112
88
113
106
153
173
172
35
53
126
58
52
130
105
18
26
94
80
105
67
83
75
84
19
104
38
90
28
4
102
0
24
6
25
75
115
18
23
20
22
5
23
27
21
25
102
6
22
102
19
24
38
103
28
105
117
90
17
4
15
19
0
