332
153
346
345
205
341
141
222
222
230
338
308
167
221
303
163
311
216
310
215
307
221
305
154
305
293
304
199
162
297
290
312
292
205
285
161
169
271
297
298
298
305
288
199
167
176
171
168
181
161
40
174
161
44
163
114
38
78
117
174
177
64
118
195
90
191
51
193
41
74
126
173
66
69
181
58
131
87
173
72
191
73
108
123
78
71
109
180
183
191
61
179
100
48
36
52
50
0
195
111
201
211
95
232
68
53
54
51
210
216
153
92
80
81
222
93
235
86
214
56
223
138
100
246
95
117
81
249
245
236
237
92
104
103
216
115
195
244
114
113
119
77
69
69
170
167
73
156
87
251
171
49
119
59
103
108
101
251
132
113
2
137
3
145
7
97
10
136
12
113
109
122
110
136
2
5
147
140
123
129
15
130
2
97
146
123
93
130
155
125
3
76
0
72
84
3
77
36
90
84
27
89
34
31
41
17
87
104
78
23
77
43
111
60
104
41
102
42
118
54
72
80
127
44
57
123
128
125
131
43
78
35
89
81
115
111
97
103
103
35
33
0
27
24
39
121
131
51
135
26
103
23
29
41
25
139
146
120
17
83
30
138
52
155
51
153
37
138
65
123
111
143
28
26
134
129
125
136
59
121
57
116
74
119
123
127
122
125
25
51
58
104
94
0
6
103
8
10
27
65
4
49
66
6
10
137
49
4
152
5
2
86
142
5
10
6
11
7
112
104
109
34
4
4
134
124
12
5
120
19
96
125
7
8
126
118
125
5
5
6
3
6
0
153
75
110
162
32
163
55
36
54
57
107
111
145
38
106
44
121
54
163
57
169
50
168
117
110
103
172
48
56
169
174
172
178
56
124
36
167
133
178
180
172
104
179
62
101
37
96
90
0
155
80
160
167
55
166
57
144
57
60
184
168
148
119
94
55
152
44
151
48
149
140
167
220
97
204
212
137
163
211
229
164
170
140
202
65
148
185
206
143
172
169
206
54
193
0
194
102
0
143
75
71
145
73
136
42
76
66
82
151
89
148
46
151
92
164
97
83
107
173
108
89
164
89
85
164
94
77
159
162
87
89
70
118
63
126
90
154
152
90
152
94
78
50
0
50
86
57
86
42
105
132
34
81
47
45
67
33
91
133
78
65
123
36
128
46
127
75
136
66
118
76
96
119
115
48
39
135
135
127
135
44
93
36
83
91
92
119
113
113
118
44
57
0
61
55
0
114
97
61
116
48
76
36
44
39
43
120
96
84
37
103
28
109
43
90
22
110
34
132
123
135
133
135
46
45
101
124
70
101
37
129
33
113
106
98
83
119
99
121
23
73
15
81
82
8
56
57
26
64
22
40
45
46
16
24
65
51
34
20
70
40
60
12
53
44
55
45
72
65
47
71
67
11
38
38
54
51
48
23
62
6
56
43
55
58
52
60
49
33
23
34
38
23
22
99
26
104
93
17
104
38
12
18
19
117
108
90
31
108
28
113
26
122
20
107
23
115
111
99
116
117
30
27
109
113
121
114
36
120
18
110
109
98
107
112
99
113
34
78
0
71
84
0
140
70
141
146
34
184
18
34
31
33
119
136
151
131
96
44
146
145
204
163
150
174
129
86
145
188
140
147
157
188
137
137
210
48
211
26
147
121
150
164
188
200
206
40
85
151
86
86
148
104
25
69
108
67
117
44
66
60
65
35
118
61
71
55
15
120
4
44
9
51
50
122
52
57
51
55
11
31
58
51
59
98
8
48
78
50
50
68
102
51
121
115
65
36
9
47
35
0
