360
179
378
393
267
366
206
290
291
286
382
380
245
288
369
250
379
292
369
273
390
276
355
246
359
367
374
268
238
352
369
359
370
287
359
233
228
375
376
358
371
360
371
282
224
246
230
232
254
231
56
214
228
49
229
147
41
110
151
230
227
101
146
236
110
234
50
230
60
79
159
224
84
105
241
69
160
137
241
83
247
86
145
158
100
83
166
232
211
215
66
223
141
61
47
54
54
0
236
108
252
260
147
253
62
64
58
57
261
268
196
137
122
129
279
145
272
88
272
65
282
185
144
286
138
158
87
287
288
301
296
80
143
155
263
154
168
294
143
157
158
70
117
117
241
228
113
224
118
324
228
104
141
86
141
146
156
337
189
156
5
192
3
219
17
150
10
201
29
219
188
231
154
247
3
19
246
233
198
220
27
196
2
171
252
199
164
209
245
189
4
134
0
107
116
1
165
81
179
176
55
169
52
37
57
31
166
183
155
38
123
40
180
57
179
48
194
60
183
97
152
125
192
60
68
201
185
203
186
51
150
55
167
139
188
179
195
187
187
51
89
0
79
85
58
120
113
43
120
23
108
17
18
55
19
116
108
113
15
78
15
92
62
106
67
108
20
107
73
132
122
109
12
16
108
144
106
114
75
114
69
143
73
136
122
117
135
111
15
55
69
118
113
0
7
95
11
11
21
70
5
70
73
5
11
123
59
5
125
6
7
84
125
5
14
6
12
10
133
79
124
66
10
3
128
132
16
6
127
38
91
137
11
8
133
129
139
7
8
8
3
9
0
155
73
99
158
66
162
77
51
73
77
105
108
152
44
99
69
138
72
150
78
167
80
168
105
92
93
148
77
78
147
151
155
153
61
109
35
137
122
142
145
153
104
152
70
110
66
90
94
0
184
106
178
198
56
191
42
201
52
61
243
234
170
170
133
72
196
48
203
69
198
222
187
255
119
233
281
213
220
280
285
190
187
204
270
43
153
244
281
140
180
170
265
38
255
0
234
124
0
161
136
118
163
51
172
50
50
75
61
169
135
167
47
138
51
183
54
125
62
185
62
143
178
133
125
178
59
57
191
198
150
148
55
181
78
146
148
189
182
144
201
165
52
118
0
101
145
69
135
69
153
140
26
83
18
69
40
59
146
141
78
37
139
80
134
23
126
30
131
32
133
92
142
133
133
35
74
131
135
139
127
26
150
63
134
158
110
146
128
146
126
76
73
0
78
81
0
160
120
75
145
50
125
32
56
51
55
150
155
122
66
158
51
174
55
169
37
187
46
181
165
188
196
174
58
54
156
192
122
151
54
164
48
161
168
146
114
155
151
157
50
99
20
93
95
18
98
57
36
117
90
46
60
49
67
91
74
87
43
68
73
55
75
53
92
53
82
60
76
68
95
81
66
43
58
81
100
108
115
81
65
22
117
74
50
114
124
55
112
42
31
38
51
29
32
128
47
107
70
55
131
36
40
56
57
98
134
54
42
126
34
122
54
107
40
129
65
132
113
66
124
121
44
66
131
131
123
127
45
97
19
77
120
88
98
130
129
112
55
50
0
56
48
0
175
70
174
183
55
235
28
56
55
58
171
200
167
165
100
49
171
193
238
216
174
222
166
101
175
254
170
196
228
248
185
178
265
54
249
22
172
116
177
176
215
254
236
38
91
199
99
89
183
149
43
87
155
77
154
50
81
81
79
62
175
72
115
79
16
173
12
80
18
74
72
173
77
64
88
78
17
54
88
87
76
116
14
75
100
75
87
133
126
86
182
170
86
73
14
75
59
0
