295
142
318
320
180
317
106
191
201
194
313
315
214
192
329
167
323
175
331
195
330
180
339
245
345
342
341
176
160
336
337
335
332
178
343
154
218
338
342
340
353
343
355
184
206
173
206
218
171
201
44
201
208
47
194
155
38
143
160
200
193
58
151
192
143
198
40
198
35
53
153
194
47
61
182
38
142
123
183
48
194
54
144
96
108
44
129
187
181
190
40
175
124
38
35
36
39
0
210
98
231
230
92
228
94
75
92
96
238
237
171
93
76
86
258
93
258
116
264
104
246
137
101
257
100
106
121
256
259
268
266
92
94
93
197
100
161
244
95
97
98
88
79
81
156
161
75
208
72
289
212
74
144
58
108
121
124
294
174
134
2
192
1
184
1
144
2
187
3
153
163
166
152
199
3
5
185
195
165
171
8
183
1
163
211
196
160
163
218
175
2
153
0
144
144
1
106
47
117
123
13
123
37
27
40
10
116
110
117
11
101
14
118
13
116
40
115
40
116
97
113
124
132
43
19
120
120
123
124
19
132
42
123
111
133
132
144
140
135
44
84
0
81
92
40
123
111
71
124
13
123
11
14
41
16
131
122
125
15
90
11
122
45
118
37
120
16
133
95
132
125
134
20
15
135
137
132
135
45
120
43
135
93
125
128
124
126
130
14
65
51
110
106
0
1
90
3
2
15
75
1
82
85
0
2
113
59
0
107
1
0
64
113
0
1
0
2
2
101
79
97
29
1
2
98
107
3
1
105
21
86
93
1
0
102
109
102
0
1
1
0
0
0
127
62
99
137
42
134
34
20
34
38
96
107
138
28
102
45
115
47
142
53
146
53
132
98
95
112
140
51
52
132
136
138
145
50
99
18
133
108
126
132
133
98
131
46
102
51
92
95
0
144
79
123
157
43
156
29
144
42
45
189
158
156
94
107
50
150
37
164
46
169
128
163
210
116
199
217
128
147
216
209
159
153
128
195
49
141
177
202
146
155
147
205
29
196
0
195
103
0
153
107
78
138
38
158
37
25
38
40
138
111
150
31
125
36
148
46
114
49
152
49
120
167
123
111
163
58
49
165
176
127
131
49
153
55
130
127
172
149
118
166
136
42
92
0
89
120
50
147
71
155
183
28
135
50
43
62
41
153
194
110
62
184
44
187
58
181
66
189
67
182
135
156
189
189
68
44
187
193
194
188
75
164
37
171
142
159
184
198
196
199
39
109
0
97
105
0
119
128
84
151
60
92
54
30
31
62
137
145
92
34
139
58
127
29
136
39
132
47
125
115
130
128
128
34
27
132
127
91
136
28
113
24
104
116
143
91
122
130
113
58
91
7
87
87
5
92
33
20
96
81
17
38
39
71
78
33
61
27
55
35
31
33
52
76
40
63
31
35
48
79
45
43
19
35
77
76
83
87
58
37
14
83
70
35
84
80
49
87
31
16
29
28
22
26
106
34
65
47
57
105
26
43
54
63
69
105
56
22
89
18
103
56
59
38
88
49
98
63
48
96
105
28
63
99
109
103
99
76
77
18
43
117
99
73
128
122
75
84
44
0
41
42
0
131
57
158
155
70
166
45
69
72
75
165
128
154
112
77
66
162
142
181
159
153
156
151
92
160
170
155
124
145
177
152
153
169
72
170
38
160
106
160
168
138
181
172
58
74
132
73
81
123
159
37
55
154
103
145
93
105
111
106
38
158
52
98
60
12
156
6
62
11
56
86
128
56
41
49
53
9
30
53
57
53
119
12
47
88
54
49
71
115
57
138
130
92
40
8
34
39
0
