495
260
522
519
315
502
219
330
340
330
516
513
306
323
517
288
516
327
519
319
510
314
522
308
514
526
496
314
272
506
525
493
504
326
571
259
298
569
557
572
586
578
579
341
311
290
290
318
281
404
89
413
398
91
403
321
59
213
328
404
371
137
278
378
228
365
83
384
67
113
290
392
99
138
401
83
297
227
412
116
391
122
306
223
245
126
289
402
407
389
78
381
318
79
64
81
75
0
324
143
371
372
145
373
131
129
121
127
375
383
238
134
114
124
387
134
401
172
402
139
388
268
137
435
152
151
197
425
419
436
454
170
137
159
342
166
301
418
153
154
170
164
121
123
269
268
113
381
177
501
383
147
216
72
184
178
176
523
322
264
5
334
6
388
5
299
4
345
6
337
340
391
288
415
5
15
419
413
356
361
14
359
5
326
420
363
361
343
420
362
5
266
0
246
264
3
197
99
219
224
75
223
72
53
90
62
219
180
166
35
162
36
192
47
189
73
168
76
179
140
170
188
199
93
52
198
190
186
202
83
176
62
207
183
228
228
228
233
243
74
107
0
109
112
76
202
198
100
234
40
197
41
51
82
41
233
235
204
38
169
31
223
80
237
94
239
47
262
162
206
200
258
51
43
260
214
251
263
92
266
74
221
182
216
261
259
219
266
51
109
83
180
179
0
13
150
11
12
33
103
10
100
114
7
13
215
80
9
218
9
16
121
228
7
12
9
18
11
188
155
177
89
6
11
221
212
16
10
164
36
109
165
16
17
178
187
177
8
8
9
3
9
0
190
74
135
203
38
191
57
40
58
64
121
147
186
43
132
50
157
57
202
59
209
60
181
148
124
147
191
60
61
207
198
205
209
53
147
31
193
157
184
189
194
138
201
62
127
41
106
114
0
258
121
252
255
112
273
98
212
116
109
259
265
251
194
173
114
265
94
255
106
255
230
262
301
185
298
315
218
248
313
336
264
261
232
312
108
225
292
310
223
270
287
326
99
292
0
286
145
0
265
160
112
231
122
250
64
91
96
114
270
166
247
75
203
120
255
122
162
122
277
129
171
232
174
167
254
112
121
259
253
169
170
109
196
98
204
174
248
227
162
237
189
96
126
0
119
158
96
219
106
227
289
65
139
39
65
108
60
236
290
178
93
291
57
290
60
297
91
295
77
272
203
227
280
271
81
58
282
290
281
273
82
221
57
258
223
236
289
292
285
282
57
165
0
168
173
0
184
151
101
171
70
128
45
68
55
55
182
185
135
51
175
64
193
49
168
42
181
58
202
188
191
190
194
53
51
174
179
142
179
71
180
59
165
184
174
133
177
177
178
69
116
18
104
101
16
122
77
44
128
77
61
74
63
54
77
99
116
62
69
105
64
94
55
120
67
123
65
91
87
128
97
93
42
65
99
122
114
118
91
92
34
127
110
85
131
134
69
134
48
41
40
58
41
38
177
53
167
119
68
205
68
45
75
69
167
178
110
55
191
63
185
80
172
46
184
75
207
153
123
190
193
56
88
201
208
209
208
82
168
32
136
187
133
150
212
203
155
90
109
0
98
100
0
234
101
259
250
92
291
43
89
88
93
268
230
258
193
163
108
263
209
318
230
262
234
279
176
294
314
288
236
233
306
304
283
327
108
321
56
271
185
284
279
281
321
323
114
137
213
142
137
204
239
37
69
235
180
236
140
185
172
181
53
227
72
170
70
14
231
16
64
22
68
142
244
53
53
69
62
16
52
71
65
64
179
21
64
155
51
67
92
163
61
216
210
149
46
21
40
35
0
