208
106
202
214
134
206
55
131
137
131
207
208
126
136
206
111
214
129
213
123
206
133
186
108
181
182
167
126
110
163
175
172
185
126
157
113
86
168
168
158
172
157
165
125
116
123
114
121
128
93
22
104
101
20
97
76
20
63
72
106
93
38
79
102
66
87
22
106
21
20
77
107
23
38
122
20
103
87
115
24
127
26
94
52
86
25
107
126
121
117
24
119
105
24
16
23
22
0
130
45
116
121
42
131
37
39
33
39
137
132
80
40
30
39
121
37
142
43
134
36
126
63
41
121
34
45
48
123
129
148
131
42
41
44
98
46
88
117
54
48
54
35
35
31
101
87
33
121
24
189
120
70
78
37
90
92
95
187
86
52
0
88
1
93
2
75
1
84
2
66
76
81
61
88
1
1
82
89
78
69
1
74
0
68
84
71
63
63
81
73
1
69
0
62
59
0
27
27
37
37
2
40
21
18
24
1
41
40
44
3
33
3
40
3
42
20
41
23
49
37
43
44
48
19
8
45
51
46
47
8
45
15
46
31
46
53
49
50
53
23
24
0
28
23
15
61
44
32
52
3
54
3
6
26
5
51
59
57
7
37
9
55
25
61
26
64
12
52
31
61
60
47
6
4
51
67
51
49
26
53
27
61
29
61
53
50
63
51
10
33
27
64
59
0
1
10
0
0
3
10
1
7
8
0
0
19
5
1
23
0
1
12
24
1
0
1
1
1
18
14
13
12
0
1
18
17
1
0
33
6
23
28
1
0
28
29
27
0
1
1
0
1
0
47
25
37
51
17
50
14
9
13
16
42
46
51
16
36
16
35
24
55
20
55
20
62
38
34
37
58
20
19
48
59
53
52
20
40
8
58
48
55
59
55
38
55
20
33
15
29
24
0
72
35
74
80
20
83
15
101
19
17
117
79
75
41
49
19
74
19
76
17
75
101
73
132
55
140
140
80
102
136
139
79
79
87
136
20
69
121
135
66
78
83
136
15
131
0
125
55
0
69
53
34
62
16
64
18
13
32
23
73
48
68
13
62
22
64
25
49
27
71
26
56
67
50
57
61
24
22
69
73
57
61
27
61
30
73
60
73
76
55
85
59
25
44
0
43
49
27
71
31
81
89
11
63
14
14
24
17
79
87
60
21
90
15
88
15
85
19
84
24
82
70
66
91
87
20
19
86
93
88
87
19
72
11
80
71
75
99
92
95
96
11
58
0
65
63
0
96
57
73
99
27
70
27
12
10
25
106
92
72
16
92
18
92
15
90
14
92
16
91
87
93
87
89
15
10
94
94
81
102
12
88
13
84
84
104
82
85
95
87
25
80
4
82
81
5
46
22
15
50
36
12
20
23
26
39
24
38
19
18
28
23
29
14
31
26
35
27
26
31
32
30
27
7
25
25
35
27
34
25
24
4
36
32
26
45
36
23
35
16
9
12
11
9
11
40
10
38
21
11
43
22
11
14
16
43
38
25
21
39
17
44
19
44
7
45
15
42
37
30
42
39
17
24
47
41
44
46
29
32
13
29
40
36
34
48
50
32
20
18
0
12
11
0
58
29
62
64
23
109
10
24
25
20
57
50
60
91
46
19
55
102
117
102
62
116
64
45
60
114
61
107
105
112
57
61
115
26
122
18
69
47
62
63
119
118
117
30
30
94
31
35
90
67
10
21
79
54
77
47
60
53
54
19
65
21
57
26
11
78
5
21
13
21
47
88
25
24
22
25
13
25
22
30
26
86
8
23
70
21
21
40
83
21
89
89
64
19
10
15
17
0
