334
179
340
352
209
348
158
225
237
231
343
366
205
216
385
188
367
243
370
225
361
226
353
230
345
364
365
217
185
363
356
355
371
232
375
183
242
371
386
371
377
382
371
231
203
196
200
206
200
221
57
231
235
56
250
192
44
130
186
246
215
116
190
251
142
244
54
252
46
72
189
241
73
107
256
62
183
159
246
81
257
83
176
165
136
90
171
250
231
239
65
239
173
58
45
56
54
0
242
102
246
250
107
244
74
81
71
75
255
255
199
105
84
93
264
100
281
92
270
81
252
160
105
260
103
110
92
258
259
275
264
69
100
113
212
112
154
229
118
112
108
54
86
83
191
183
80
238
93
334
241
106
111
65
144
150
145
325
209
171
5
204
4
224
10
177
6
209
11
174
214
220
163
231
4
10
229
230
204
199
9
202
1
197
219
209
213
192
226
210
3
166
0
149
164
2
131
54
146
155
59
153
36
25
46
54
146
135
109
40
105
37
138
43
135
38
120
39
137
113
96
104
147
45
60
144
145
145
139
73
119
46
146
129
167
148
162
160
154
49
61
0
57
59
47
117
103
59
120
24
101
20
30
49
27
135
122
131
25
100
23
111
60
126
74
124
30
123
101
119
130
129
29
30
137
128
136
142
67
142
64
135
108
132
138
138
135
154
34
56
66
122
116
0
19
113
14
11
28
88
14
83
95
10
13
120
72
13
137
14
15
78
135
13
18
15
13
19
121
107
130
61
11
10
133
133
17
15
126
37
100
125
16
13
119
124
123
15
15
12
6
15
0
105
29
61
108
36
97
59
47
61
59
56
57
91
44
57
50
88
52
92
53
100
51
87
61
53
63
95
51
54
96
99
92
96
51
59
32
93
84
90
93
93
59
90
51
58
49
48
46
0
117
61
119
123
45
122
43
139
46
48
161
147
112
130
103
38
115
36
116
40
115
176
126
190
103
189
210
165
191
204
213
128
131
167
188
52
106
174
211
107
125
126
205
44
191
0
183
61
0
126
85
59
133
55
128
32
57
66
59
132
90
120
30
106
51
134
59
91
46
137
54
92
118
94
91
119
55
46
132
127
98
109
50
113
67
107
93
126
112
98
132
109
55
67
0
59
90
56
159
67
158
147
9
86
4
60
12
48
164
135
97
7
149
58
148
7
153
9
149
10
153
124
167
159
157
20
54
152
166
169
166
13
175
49
167
168
137
170
167
153
152
52
117
0
110
122
0
151
105
83
123
20
120
14
48
43
14
134
136
104
56
128
24
175
43
140
26
167
28
176
154
168
174
162
39
36
128
159
101
133
39
156
33
140
132
116
105
135
125
136
19
92
14
96
97
12
67
57
35
80
45
34
42
39
35
49
62
79
40
37
67
45
74
32
82
45
73
41
70
52
83
57
62
23
37
64
69
67
79
49
53
17
93
74
37
83
85
39
90
22
26
20
47
26
14
91
31
76
45
36
94
36
20
37
39
90
109
64
26
98
30
110
49
87
28
107
46
117
81
59
119
114
33
54
110
111
112
113
74
79
24
61
127
95
93
121
118
72
77
59
0
59
55
0
142
67
153
141
60
179
34
63
65
62
142
152
156
145
86
54
159
158
197
178
156
191
161
93
192
228
171
169
180
212
169
172
236
70
194
34
161
116
166
180
181
211
213
65
88
155
83
85
152
155
35
61
152
118
175
99
115
114
119
42
161
42
98
59
14
162
10
60
18
68
84
164
59
54
64
61
16
31
64
57
58
120
21
61
90
52
64
91
119
55
138
143
74
40
20
43
44
0
