478
232
499
494
311
500
188
338
317
323
508
480
294
319
485
280
466
316
481
303
485
305
448
292
466
457
473
301
265
451
457
452
455
301
453
263
287
450
465
451
453
463
455
306
278
275
269
257
280
20
4
23
20
3
22
16
3
13
18
21
23
12
18
25
14
26
3
22
3
5
20
27
6
13
30
5
22
21
30
7
29
7
23
9
21
5
19
30
27
30
6
32
21
4
4
2
4
0
297
103
314
321
118
316
87
89
78
84
307
286
224
111
98
109
300
108
304
64
294
60
283
229
119
289
107
123
52
294
280
301
304
37
114
120
271
114
231
289
120
123
120
39
93
97
265
263
94
51
11
288
51
18
281
263
269
262
267
299
18
19
0
22
0
137
52
132
114
20
120
119
64
118
14
125
0
98
129
123
21
116
98
19
0
18
61
18
116
105
120
16
0
16
0
16
16
0
132
80
143
141
42
139
45
24
57
36
144
152
121
37
109
45
143
58
152
48
152
56
147
107
122
132
145
50
54
139
146
139
150
47
138
48
135
127
150
150
160
149
150
57
76
0
74
79
48
110
83
55
116
42
111
34
36
43
34
110
115
113
23
99
31
103
63
117
65
120
35
111
96
123
123
117
30
33
119
134
118
130
66
122
53
127
104
108
127
121
128
125
33
61
68
115
106
0
14
98
14
11
26
82
11
83
88
8
15
137
76
11
132
15
14
101
146
10
18
16
15
12
139
111
132
74
12
10
146
140
17
12
141
54
124
134
15
14
142
144
137
9
12
12
5
14
0
162
75
135
178
40
166
32
24
43
41
123
130
163
42
132
31
146
41
174
41
176
45
172
131
126
141
156
56
43
169
165
167
168
46
131
35
185
157
179
182
191
119
190
41
122
50
108
113
0
127
75
107
140
20
143
21
221
23
22
322
241
133
128
95
18
123
16
134
22
137
231
124
333
105
308
357
201
234
335
356
132
140
203
328
27
144
285
333
108
151
146
337
17
298
0
298
100
0
181
134
102
167
70
189
51
52
61
72
196
133
202
36
162
71
204
78
127
81
205
83
132
190
126
132
198
75
57
203
196
134
150
70
162
63
148
143
202
193
139
192
148
57
108
0
98
151
62
141
85
157
207
45
125
57
51
89
47
162
191
106
79
200
53
206
62
197
72
205
85
209
125
159
206
207
80
43
199
212
202
216
79
162
48
180
144
166
214
210
199
205
48
101
0
103
103
0
199
242
148
304
94
188
59
2
2
96
293
280
219
3
302
93
224
2
268
60
218
92
217
196
226
221
216
0
0
303
226
237
315
0
218
0
220
232
307
218
240
315
239
82
229
0
219
207
0
108
55
37
115
76
47
46
51
55
76
64
115
53
67
58
45
73
52
107
51
113
52
55
54
121
62
58
39
36
84
116
108
120
81
52
35
108
92
37
117
113
49
129
31
33
23
51
41
28
131
47
110
78
44
144
36
38
48
49
110
117
86
39
132
34
122
42
102
38
131
49
129
103
87
131
139
37
56
138
137
139
129
61
91
16
91
129
93
112
129
136
111
60
69
0
70
71
0
151
88
146
154
58
210
26
58
52
56
162
128
143
195
104
54
159
253
278
261
140
248
162
102
160
267
164
254
260
276
165
166
258
73
251
57
164
141
170
151
249
274
276
54
62
216
64
70
215
146
31
47
163
111
154
85
101
107
108
35
152
48
107
54
21
149
8
48
22
55
90
159
56
50
60
49
25
29
55
54
57
128
15
53
100
41
55
68
126
59
159
148
89
48
12
51
47
0
