370
186
379
370
226
382
154
243
241
251
393
379
196
225
402
193
385
232
402
233
396
239
386
208
392
382
383
228
187
386
393
393
368
233
382
171
198
374
387
371
381
379
378
229
230
188
212
221
188
218
50
224
223
47
225
175
39
123
179
236
228
104
193
235
158
248
61
256
50
80
199
217
67
112
222
54
167
148
228
64
224
73
155
118
117
62
160
214
211
211
52
205
160
55
38
46
46
0
233
123
251
252
107
250
69
72
65
65
259
262
194
109
90
106
265
109
272
86
262
69
257
140
115
269
112
114
96
279
286
275
284
71
114
115
216
116
162
233
98
118
118
65
78
82
196
195
85
221
106
337
237
87
148
83
129
133
135
331
204
147
4
215
4
216
0
144
1
206
2
181
195
216
181
218
5
3
215
225
204
201
5
190
3
193
219
212
185
180
234
208
2
147
0
143
149
4
114
60
123
134
30
132
38
26
47
24
136
123
125
26
97
22
135
34
132
50
126
42
131
99
103
117
139
40
44
143
140
139
135
36
119
44
130
123
139
133
132
138
149
46
80
0
74
83
43
96
104
46
106
19
100
20
18
48
22
113
98
100
16
73
17
97
55
106
60
109
23
98
70
113
98
100
19
18
94
122
96
98
56
96
54
114
71
113
97
97
106
97
12
53
57
94
100
0
6
72
8
7
15
58
5
61
63
6
9
115
54
4
121
6
7
80
114
5
4
8
10
9
114
74
106
70
4
8
127
130
7
2
104
31
83
105
12
9
111
109
102
6
9
4
4
8
0
99
55
73
106
44
102
39
32
41
39
72
74
92
22
71
32
85
43
97
39
94
39
111
79
69
66
116
60
56
123
120
117
121
50
85
23
110
88
111
117
120
70
119
50
83
59
66
64
0
164
74
155
168
60
161
57
159
62
68
183
192
163
140
95
58
161
47
166
54
158
174
142
203
117
190
224
162
192
205
224
145
144
155
216
36
129
198
219
117
159
149
215
36
204
0
200
101
0
146
106
73
146
45
147
41
42
47
53
149
101
149
35
124
51
157
55
106
49
152
50
108
166
108
111
152
52
57
161
155
115
131
63
135
52
127
125
160
153
109
170
126
50
84
0
88
119
56
145
69
152
145
17
92
11
49
23
43
151
149
116
33
163
52
146
23
149
30
146
27
160
125
150
159
151
27
52
144
151
163
161
22
162
49
152
145
125
153
155
154
149
53
97
0
94
99
0
134
120
86
149
36
101
31
47
43
39
137
138
106
40
132
36
142
47
138
29
152
36
148
149
157
170
152
49
36
141
153
114
120
47
135
36
140
147
132
87
138
133
128
37
92
13
98
87
10
98
58
36
100
73
48
42
47
49
80
59
101
55
72
57
38
60
57
106
45
96
43
62
51
111
63
62
42
47
82
103
109
106
57
64
22
110
96
39
105
108
56
101
31
28
27
42
27
23
101
34
77
54
41
113
46
41
49
53
91
101
40
38
96
32
101
50
88
38
92
44
98
88
47
106
104
32
61
110
111
98
110
63
79
33
63
121
81
78
109
105
79
65
42
0
42
45
0
179
87
198
196
67
187
25
62
66
70
184
163
180
136
118
67
174
154
208
176
193
173
198
86
187
222
185
162
173
212
185
189
253
72
205
25
186
122
192
204
173
214
228
56
103
171
98
100
155
164
20
49
149
108
154
86
115
102
108
38
164
37
106
57
15
176
11
53
19
61
88
156
65
41
62
53
17
48
59
65
57
131
21
56
104
47
64
85
126
55
161
166
90
42
9
45
37
0
