336
177
355
348
254
337
180
257
262
260
339
314
224
253
319
237
316
253
315
250
311
237
323
204
323
321
311
224
213
318
312
312
309
232
329
194
198
330
329
329
328
324
334
232
231
213
238
224
218
145
19
146
139
33
140
103
29
93
116
145
138
41
89
135
86
140
26
135
24
32
92
103
31
44
112
30
68
58
101
33
103
34
61
59
55
35
78
95
107
97
31
103
68
26
27
24
24
0
189
76
178
186
70
194
29
29
29
34
209
182
149
66
53
53
178
62
199
32
217
30
195
141
61
212
66
63
38
197
215
218
214
76
65
72
211
69
192
264
69
77
77
71
50
52
184
169
54
129
66
259
141
72
145
106
170
181
176
291
103
83
4
110
3
135
4
80
14
106
13
115
97
124
88
139
4
22
140
137
100
126
13
96
2
88
114
98
93
96
119
85
3
68
0
63
61
3
57
30
69
70
19
72
22
14
31
21
64
79
63
9
57
20
77
28
79
22
82
29
66
44
55
62
67
23
18
67
76
69
72
9
59
28
50
54
53
59
48
50
55
25
31
0
40
29
24
57
47
21
57
10
54
10
9
26
9
55
58
61
7
37
7
54
24
59
33
67
13
60
34
59
60
65
18
10
62
67
66
61
32
62
30
61
37
63
68
66
66
73
18
24
35
50
53
0
5
47
6
6
9
29
4
24
27
4
5
68
18
4
64
5
4
34
68
3
6
3
5
5
51
45
47
18
3
5
67
60
5
1
84
11
49
89
4
5
91
79
85
4
2
4
1
4
0
139
63
107
146
27
148
28
22
38
36
99
110
136
27
88
25
95
41
143
42
139
43
144
109
98
77
135
44
42
153
149
156
154
32
112
10
153
113
157
159
145
94
150
34
102
38
90
93
0
95
49
102
103
34
104
35
198
32
31
242
168
101
126
57
37
107
40
109
42
109
213
131
251
75
237
251
178
234
259
276
125
127
204
258
37
82
206
254
77
113
116
253
26
241
0
234
63
0
111
56
48
99
45
106
24
41
42
46
113
64
114
32
100
58
114
71
60
68
133
76
73
104
63
71
109
60
49
122
117
79
72
48
83
40
86
73
110
99
68
117
78
50
48
0
36
64
38
69
30
73
102
23
81
56
36
78
33
72
96
44
66
107
38
110
64
106
77
106
72
100
56
72
93
99
54
35
94
100
96
100
59
76
30
55
70
85
91
95
92
95
32
39
0
35
39
0
192
112
144
192
39
159
21
30
24
37
196
191
158
28
196
22
195
26
188
16
193
29
196
186
206
197
206
31
32
192
203
159
202
32
196
23
180
200
190
165
186
189
191
32
163
7
170
165
7
55
30
22
64
35
18
24
23
28
35
36
44
21
23
37
24
33
21
40
23
46
30
32
25
48
35
27
16
20
43
42
51
54
27
24
15
48
38
22
36
43
28
45
15
6
11
15
10
12
80
30
77
66
21
85
21
14
24
25
80
95
68
18
93
16
90
31
75
24
90
31
101
86
71
104
100
23
32
102
107
95
104
36
75
19
69
117
91
73
110
100
79
40
54
0
49
55
0
117
50
117
117
32
211
16
29
32
35
124
76
124
190
81
39
126
215
249
236
122
230
118
78
122
247
119
228
232
255
112
121
259
27
252
16
118
79
107
119
242
253
248
25
63
218
69
67
209
64
14
52
66
33
71
30
31
33
35
35
63
29
24
46
11
63
6
39
13
38
23
49
42
36
46
45
13
5
42
46
42
52
13
51
21
43
44
45
53
43
58
58
20
30
9
32
29
0
