376
159
388
386
194
391
160
203
210
186
378
386
216
205
403
167
394
208
398
184
388
195
415
221
414
413
425
214
159
417
398
424
423
211
438
159
235
436
437
450
438
456
445
216
224
169
232
226
177
252
48
263
258
43
261
201
37
159
205
262
224
81
184
239
153
248
36
252
25
62
189
253
68
91
267
46
202
178
275
61
261
64
193
139
164
62
201
234
245
249
47
250
193
32
25
28
34
0
193
105
217
212
82
224
74
69
64
79
216
204
162
73
59
64
212
79
232
85
226
75
194
132
80
206
73
82
65
210
221
207
223
69
62
77
199
75
156
232
75
75
78
63
59
52
158
154
58
255
97
344
263
62
157
67
115
121
103
341
214
179
2
222
0
242
10
179
9
207
21
202
200
231
178
252
1
23
258
249
200
223
14
213
1
201
246
215
197
208
242
203
0
176
0
158
171
1
121
65
139
142
30
133
25
22
33
23
136
134
115
18
110
30
140
35
132
29
136
36
155
78
112
112
156
31
50
154
161
158
168
43
121
30
121
117
147
149
147
145
146
33
78
0
78
76
29
105
97
69
117
19
104
17
22
35
21
129
135
121
14
94
20
132
40
144
54
146
27
128
81
122
111
134
34
29
140
120
136
144
45
124
39
116
73
118
130
129
118
127
23
65
45
94
97
0
4
96
6
3
22
71
4
59
70
2
6
127
36
6
131
3
4
62
138
5
4
1
4
4
104
92
98
61
2
2
126
120
7
2
89
28
71
80
3
3
83
88
79
5
6
2
5
5
0
103
49
64
112
30
112
45
37
43
47
68
66
97
35
63
47
78
53
102
59
100
52
96
74
68
73
99
55
47
96
97
105
92
34
69
21
99
88
101
100
95
57
101
39
67
45
56
50
0
119
67
115
130
37
137
31
140
34
39
157
115
125
107
89
41
149
43
138
47
138
153
135
198
107
170
194
146
170
195
190
134
141
158
189
34
112
167
196
114
128
121
184
29
191
0
177
95
0
111
80
57
102
31
109
31
30
36
25
107
95
105
12
101
28
108
33
109
30
114
30
97
111
98
96
110
28
28
112
105
100
107
23
101
46
103
106
112
104
91
118
101
18
81
0
79
92
49
149
38
158
142
13
122
16
48
26
39
154
149
120
18
148
47
156
12
143
21
148
16
138
120
169
143
149
27
57
151
148
156
145
16
160
51
134
161
130
143
149
148
137
52
123
0
110
122
0
126
68
74
110
29
90
23
45
41
25
102
119
84
58
105
28
119
51
110
26
141
32
134
112
140
127
142
46
53
122
133
96
125
45
132
39
123
116
132
83
110
143
113
56
80
15
82
78
6
91
34
28
100
71
29
43
34
58
71
66
79
36
45
46
34
45
36
85
35
74
45
54
40
94
51
47
27
32
74
92
102
95
65
50
22
84
77
43
83
82
45
82
27
20
24
34
23
21
85
14
49
36
48
87
31
56
53
58
51
84
39
28
90
20
86
54
47
44
87
52
102
53
53
103
105
23
57
100
110
104
107
74
61
28
41
101
87
52
114
111
63
80
30
0
33
31
0
162
56
155
166
78
158
43
90
86
83
161
109
147
134
80
72
141
158
178
169
154
160
150
90
159
172
162
149
151
180
155
152
181
86
183
45
143
107
153
152
165
182
193
75
55
156
54
56
140
156
34
53
145
107
162
77
102
107
106
49
153
65
101
50
13
160
4
51
11
51
84
179
55
47
62
62
11
34
60
61
62
145
14
55
103
44
56
75
140
53
154
155
100
47
9
51
45
0
