238
122
262
262
174
242
137
190
187
189
240
254
152
179
271
156
270
191
269
194
254
186
271
159
266
275
247
180
148
260
275
264
263
184
251
160
173
266
264
265
258
266
268
185
144
163
144
144
164
37
13
46
49
9
49
36
7
21
36
44
46
19
35
53
23
51
11
48
10
17
32
47
17
23
43
17
33
27
49
19
51
19
36
35
26
20
32
46
46
45
17
44
36
13
7
8
15
0
43
18
47
48
27
53
20
19
15
19
54
41
31
27
18
19
39
20
41
16
45
14
40
29
21
39
21
20
17
42
48
44
41
10
18
19
34
18
26
35
22
21
24
5
16
18
37
31
12
101
44
434
108
39
412
384
400
410
395
438
37
31
1
40
0
225
156
222
188
31
193
227
149
236
37
217
3
192
224
217
40
211
181
35
0
32
181
30
218
218
224
42
1
28
0
24
29
0
279
140
311
309
120
296
48
27
56
106
311
290
182
94
234
97
287
122
297
54
297
54
278
253
170
183
291
52
119
297
288
296
297
125
186
52
268
259
298
305
310
292
301
52
133
0
130
140
50
23
166
34
175
141
19
138
153
12
141
170
168
22
89
171
143
154
10
171
9
167
159
193
108
23
20
202
179
178
195
28
206
203
10
217
15
28
138
24
214
218
27
224
201
16
8
21
22
0
33
188
42
38
72
141
33
145
153
34
41
208
131
34
213
40
42
113
224
37
40
38
42
45
204
193
207
82
35
24
235
234
43
34
210
43
165
216
40
39
225
225
215
41
48
35
9
39
0
244
101
174
260
92
256
102
70
100
100
166
171
241
95
151
88
198
106
250
112
230
115
206
178
160
167
217
131
98
224
218
228
220
106
185
67
245
209
238
237
247
161
254
118
169
133
154
156
0
77
44
77
89
35
92
25
287
32
33
316
229
78
175
60
29
84
26
82
24
85
286
87
326
61
299
340
274
313
328
345
89
90
270
331
24
67
289
330
74
86
82
344
19
301
0
282
48
0
83
71
45
74
32
86
21
25
44
28
88
80
72
17
71
23
85
29
78
26
84
29
73
95
57
82
87
30
27
97
89
71
91
21
60
38
55
86
74
69
79
74
89
18
37
0
48
68
22
198
74
210
153
34
81
15
131
41
119
204
151
105
49
157
128
155
39
150
50
162
45
145
105
207
160
164
41
122
159
157
152
164
38
206
119
154
193
129
162
170
163
166
135
99
0
87
102
0
283
251
231
375
53
289
19
7
7
50
361
348
281
12
356
47
323
9
358
25
309
51
320
317
315
325
312
13
11
346
332
296
350
6
323
8
293
332
362
268
307
359
311
61
295
2
288
266
0
159
68
70
164
58
87
9
11
27
65
106
163
92
63
98
4
81
39
164
6
162
8
99
74
159
100
101
54
5
124
170
182
171
57
110
21
164
136
109
173
172
115
197
4
114
2
123
114
4
104
11
52
35
74
114
45
62
77
73
67
93
26
47
108
40
101
69
67
58
92
74
94
57
29
98
94
36
74
86
83
95
89
75
59
15
47
95
64
52
100
96
61
80
13
0
20
19
0
178
90
193
193
51
244
24
51
57
47
202
190
194
220
122
57
203
268
299
285
208
297
199
143
202
299
226
275
286
304
213
226
319
64
323
39
213
141
227
222
281
308
314
57
91
283
90
96
283
182
62
130
190
79
198
51
83
84
81
106
192
97
78
134
37
210
15
130
41
133
47
202
133
115
153
132
39
50
149
155
143
140
34
127
75
119
132
156
138
144
192
188
53
111
25
116
109
0
