104
52
113
116
53
112
36
54
55
57
108
113
59
52
123
55
110
55
112
51
114
53
111
57
111
112
112
49
48
113
115
108
106
52
123
43
60
122
124
124
126
122
126
56
61
50
59
64
51
96
15
97
103
6
99
87
4
78
91
108
114
19
111
124
100
119
8
121
4
11
117
110
10
16
110
7
110
96
120
9
120
8
73
19
73
7
70
80
79
78
6
81
73
5
7
6
6
0
81
30
94
93
15
92
58
51
57
53
100
101
49
12
7
13
109
12
109
65
114
63
101
46
11
110
14
13
69
107
116
109
106
69
11
18
55
13
96
113
13
10
12
73
9
9
42
40
10
95
14
127
101
27
75
12
34
36
35
116
86
71
1
90
1
86
1
85
1
87
1
51
90
88
79
91
2
1
92
88
86
80
0
96
0
88
97
98
92
86
103
88
0
87
0
85
89
0
23
5
25
23
5
24
3
2
3
2
24
20
26
3
21
2
26
1
27
3
24
4
18
21
20
24
24
4
1
20
19
21
20
0
27
4
18
22
21
20
20
18
20
5
18
0
15
21
3
50
19
45
55
0
53
1
1
7
1
55
57
52
1
48
1
57
7
51
8
56
2
54
51
57
57
56
2
2
54
53
54
57
7
59
8
56
50
55
62
61
60
61
1
46
7
55
52
0
0
8
0
0
0
6
0
6
5
0
0
17
7
0
20
0
0
13
20
0
0
0
0
0
19
16
15
11
0
0
19
20
0
0
29
9
20
28
0
0
28
29
30
0
0
0
0
0
0
46
26
44
55
10
55
10
5
8
7
39
50
53
9
44
6
44
12
54
10
57
12
51
47
45
43
49
13
9
51
45
51
51
10
44
7
48
44
51
52
50
36
48
10
41
14
38
41
0
58
27
51
61
21
63
19
37
17
23
60
54
69
18
32
25
63
23
67
24
62
36
70
66
35
62
71
31
45
69
73
74
70
37
68
34
47
61
66
56
71
70
67
33
61
0
62
36
0
57
30
25
55
25
58
7
22
8
28
54
33
51
11
51
24
52
25
31
26
52
25
31
61
41
30
58
26
29
63
63
37
36
28
46
7
53
36
57
58
26
64
33
32
34
0
27
33
8
45
28
55
75
15
46
17
16
25
14
52
75
42
32
82
16
75
21
84
35
80
29
91
40
52
87
86
31
12
87
87
89
81
32
49
13
69
53
65
91
87
92
95
17
45
0
42
46
0
36
43
26
44
22
25
25
7
9
27
48
43
32
5
50
17
40
7
47
15
38
18
36
43
37
32
35
6
4
42
34
30
43
3
31
5
30
30
35
30
27
49
30
21
27
1
25
27
5
22
5
2
23
21
3
6
6
21
20
5
15
6
17
6
4
7
18
17
5
21
4
5
3
20
7
6
3
4
18
18
17
16
21
5
5
21
19
5
21
17
3
19
4
1
3
5
2
3
36
19
31
25
11
36
5
10
16
16
28
38
29
4
39
6
38
13
33
12
43
13
51
28
28
50
52
3
16
47
47
42
37
13
34
4
27
37
35
31
43
40
30
12
27
0
24
24
0
43
12
38
42
13
53
12
16
17
18
49
27
42
43
29
13
40
39
61
44
42
44
48
28
54
65
50
41
45
63
42
49
64
24
65
16
58
37
57
57
61
62
65
23
22
34
25
21
41
41
6
16
47
36
43
32
37
40
39
10
44
19
40
11
4
48
2
12
7
13
33
60
13
13
14
10
8
10
16
9
12
49
3
12
44
14
13
21
48
13
60
65
42
10
2
10
8
0
