462
240
510
495
318
492
196
343
363
344
500
494
319
344
515
300
506
345
512
332
493
341
486
320
502
490
497
326
273
493
471
494
510
314
507
273
355
503
509
511
519
525
503
317
294
306
289
307
284
331
72
357
332
63
361
270
50
216
271
355
375
137
295
377
253
369
72
371
52
107
304
396
107
141
433
71
339
284
409
108
422
115
277
187
232
97
267
376
365
374
81
368
285
66
50
62
69
0
399
168
416
422
175
425
180
180
171
172
438
430
273
147
120
136
438
168
443
200
444
169
425
263
157
451
157
157
209
465
444
464
454
149
152
151
350
155
276
416
157
158
154
140
121
121
274
257
114
377
203
501
384
111
189
70
139
151
158
512
331
290
11
347
4
407
11
294
12
353
13
377
329
378
263
423
8
18
417
420
328
375
22
343
3
319
411
363
344
327
438
355
6
247
0
225
244
5
209
98
237
228
59
221
56
31
64
43
217
224
194
38
189
53
223
57
211
62
216
67
232
172
177
168
227
69
68
232
233
235
231
36
187
58
188
164
203
190
190
189
190
62
119
0
114
116
54
204
176
121
207
20
198
9
19
66
17
208
212
208
17
179
13
208
68
218
83
207
19
232
168
242
234
244
31
22
253
254
232
247
72
213
64
222
170
222
225
210
226
230
13
153
74
211
209
0
0
46
0
0
8
33
0
34
38
0
1
103
31
2
113
2
2
87
120
1
1
1
3
1
63
46
63
38
1
2
68
71
2
2
108
14
55
111
1
3
105
100
111
2
1
1
0
1
0
185
89
148
199
64
198
60
44
59
60
144
149
193
41
149
56
154
72
199
71
190
68
205
153
141
125
197
87
76
211
207
225
219
87
161
41
235
174
222
235
230
134
234
86
152
81
134
121
0
317
147
313
321
136
321
113
241
138
132
303
289
333
216
194
149
323
114
335
143
345
250
316
323
221
323
355
271
281
353
351
316
303
273
334
109
251
322
335
261
301
284
346
83
323
0
323
186
0
267
150
122
237
107
263
55
95
71
113
250
159
249
73
221
96
253
130
152
129
284
129
161
250
207
158
266
107
101
246
255
180
181
119
253
90
217
171
272
260
181
275
190
97
139
0
136
188
68
218
106
243
218
31
162
32
65
61
73
253
245
159
64
244
83
252
45
247
62
250
60
253
170
235
250
257
64
66
261
268
260
259
74
251
74
236
235
217
248
267
265
270
79
170
0
152
159
0
183
155
73
142
65
117
47
91
91
69
156
142
113
104
153
63
184
92
152
45
188
56
200
194
211
199
189
75
71
146
183
121
153
75
168
65
155
159
161
129
166
152
155
54
105
23
104
99
23
121
53
29
127
94
52
56
53
80
92
63
123
60
99
60
53
59
71
117
61
126
60
66
55
119
69
69
49
60
102
138
121
129
91
65
38
140
113
44
148
138
55
130
42
22
45
40
28
29
179
84
148
125
71
212
49
53
87
75
162
226
125
45
231
39
217
95
152
62
230
87
216
168
126
220
214
38
107
228
239
233
230
91
168
37
120
205
157
163
208
197
162
109
117
0
116
122
0
257
107
262
271
66
326
35
72
72
72
271
247
240
211
170
67
272
242
323
274
259
266
283
203
287
350
281
260
260
340
268
288
336
93
343
48
288
200
295
290
297
331
327
80
150
230
152
139
230
246
43
90
246
172
250
129
161
159
160
68
244
71
162
98
22
254
11
82
22
105
135
256
90
70
91
88
16
57
90
89
93
197
22
79
147
67
94
126
167
81
214
227
130
62
12
66
61
0
