280
150
301
294
207
288
138
208
215
205
294
302
169
221
291
174
304
211
314
208
303
193
299
182
302
313
292
196
181
297
309
292
298
197
286
173
191
294
309
305
300
308
300
207
163
183
179
167
192
204
32
198
199
25
193
178
25
147
175
195
211
59
189
216
170
221
28
220
19
32
194
207
39
60
217
20
195
175
222
34
217
37
204
108
170
28
176
229
226
223
29
231
203
23
24
23
22
0
223
105
244
236
87
249
95
86
84
96
253
256
167
78
65
66
242
79
261
100
256
92
228
138
76
261
86
90
107
260
247
268
265
114
80
90
209
89
155
239
78
89
91
89
65
63
146
162
56
242
86
321
245
94
140
47
128
128
131
342
195
139
4
185
3
208
1
170
5
191
5
173
180
188
158
219
3
1
216
208
192
188
2
193
3
168
198
194
164
151
199
193
3
160
0
148
158
2
62
29
71
69
7
70
23
13
26
8
74
68
77
5
64
11
79
12
67
28
70
25
78
75
70
74
75
29
11
78
81
87
79
11
78
27
72
71
77
66
84
72
79
27
52
0
48
55
30
101
64
69
101
4
107
1
3
40
3
97
93
109
2
75
3
88
44
92
51
96
2
103
84
122
110
101
2
2
99
127
108
104
47
118
40
124
92
126
109
109
118
113
4
73
47
108
116
0
1
62
2
0
3
50
0
51
55
0
2
60
47
0
55
1
0
45
48
0
2
1
3
0
66
49
69
21
0
1
64
74
2
0
78
16
54
66
2
2
73
78
75
0
1
1
1
1
0
70
24
46
72
35
75
31
20
26
29
51
56
71
30
51
35
73
40
83
40
80
42
92
56
43
60
94
41
56
95
98
93
87
53
58
24
92
81
96
87
97
40
98
54
51
37
41
45
0
140
52
120
139
39
133
26
170
36
36
173
156
127
125
77
40
138
25
139
30
134
163
121
189
79
175
191
155
174
202
194
129
123
141
195
33
103
163
183
94
125
130
186
27
181
0
173
76
0
121
85
66
111
43
131
28
31
40
38
140
86
121
30
112
47
127
48
85
53
130
52
92
144
80
76
134
47
45
152
147
88
89
39
119
42
95
100
132
120
90
145
102
42
68
0
67
88
45
111
48
121
115
8
54
8
41
17
36
124
104
83
15
117
40
105
18
115
22
106
17
107
94
122
103
108
18
37
104
119
117
108
24
117
36
99
112
95
112
112
113
119
36
80
0
81
83
0
140
92
99
132
21
108
21
37
36
19
134
136
101
31
134
33
141
36
128
27
148
26
157
140
152
157
151
31
32
131
143
99
138
32
142
26
123
135
148
98
134
144
132
34
94
13
93
87
13
66
24
13
79
56
12
34
30
49
61
28
50
24
51
33
31
36
42
59
33
57
27
25
28
54
30
30
22
19
42
57
58
55
52
27
24
62
53
18
65
54
25
64
17
8
9
21
12
18
93
31
72
48
34
86
27
33
38
39
68
87
46
27
86
22
82
37
61
17
83
36
82
68
49
80
73
18
24
74
79
67
78
24
59
12
50
71
54
66
72
69
62
24
42
0
46
42
0
88
50
100
100
19
179
5
17
20
15
93
106
110
150
61
32
114
159
183
167
116
172
114
63
111
188
124
157
158
190
122
121
205
44
181
21
121
91
126
134
159
181
180
44
55
154
55
58
141
123
17
43
118
73
121
59
78
75
77
39
134
35
89
48
14
119
5
34
12
41
75
153
45
38
38
48
16
37
41
41
36
111
13
44
97
41
49
76
110
47
160
160
105
28
11
30
37
0
