120
64
116
125
79
121
45
82
84
85
126
121
78
80
124
73
122
76
126
76
127
76
125
81
130
129
125
69
68
130
118
130
120
79
125
63
74
120
121
122
127
119
123
83
73
73
72
80
75
86
11
85
86
15
77
72
10
60
75
82
89
21
83
98
79
100
14
99
11
18
85
90
16
21
85
12
84
68
88
17
90
11
69
25
62
16
67
81
82
88
16
74
61
14
11
11
12
0
84
36
96
84
25
95
38
37
41
43
95
95
56
24
19
19
96
21
114
54
109
45
95
55
22
96
24
25
41
105
95
98
103
29
23
29
69
27
61
91
25
26
23
33
24
23
69
60
19
105
23
129
103
32
62
22
50
50
48
132
77
60
0
77
0
79
2
60
0
70
1
59
75
70
65
79
1
2
85
84
70
70
5
73
1
75
91
76
71
85
96
78
0
62
0
60
69
0
25
11
22
24
6
21
11
2
12
3
27
20
26
0
16
0
21
1
19
12
21
12
15
16
20
28
18
13
2
18
21
23
21
4
27
12
20
18
22
24
26
23
24
13
18
0
16
18
13
43
33
30
53
4
50
3
3
9
4
50
41
47
1
41
2
47
12
48
13
47
2
50
37
52
52
50
4
3
45
51
50
53
14
51
12
51
42
51
53
49
51
56
5
37
15
47
46
0
0
15
1
1
1
11
1
10
9
0
1
19
13
1
18
0
1
15
23
0
1
1
1
1
28
17
26
10
1
0
30
27
1
0
31
5
18
28
1
1
29
28
29
0
1
0
1
1
0
48
20
37
48
11
52
11
4
12
12
35
39
43
10
34
5
44
13
45
11
48
12
53
41
36
35
57
14
17
59
52
56
56
16
48
8
62
47
64
60
66
43
67
15
45
15
36
38
0
68
28
69
84
31
81
29
62
33
33
87
59
77
34
49
28
84
25
84
33
82
65
75
89
44
90
92
46
62
97
92
73
78
53
81
32
60
75
87
66
75
74
88
24
82
0
75
34
0
57
30
29
63
31
63
8
26
12
33
66
31
55
16
51
29
67
31
30
31
55
36
33
70
35
33
66
37
39
66
74
32
33
28
47
16
48
27
72
67
22
62
30
30
20
0
25
29
13
62
41
58
82
21
39
16
15
31
11
54
86
36
39
79
11
73
15
81
36
77
31
86
45
54
83
85
26
8
85
77
82
84
32
58
10
77
50
48
82
88
81
81
9
38
0
38
42
0
55
53
35
65
24
34
20
10
11
24
67
59
38
13
60
17
55
13
52
16
48
18
51
52
56
50
48
10
10
59
54
43
52
10
48
9
55
48
57
42
46
62
38
25
35
3
38
33
2
25
11
5
24
15
6
9
8
15
16
14
22
9
14
14
10
18
10
18
11
15
10
12
10
25
11
10
5
6
18
25
21
22
21
12
7
19
22
6
16
24
7
24
4
5
4
7
4
4
35
14
34
29
6
36
4
5
8
8
37
42
23
4
46
4
49
9
40
4
47
11
46
34
37
50
59
7
19
51
48
48
47
25
31
10
28
46
42
31
53
54
29
25
30
0
28
28
0
53
28
56
57
17
88
6
14
15
16
64
43
65
61
42
20
60
62
82
65
63
67
68
42
67
91
64
65
69
96
64
67
96
23
88
13
71
54
71
73
81
96
94
23
39
63
41
34
60
51
5
14
52
37
57
40
37
42
40
11
53
14
44
19
4
60
1
14
3
17
46
56
16
17
16
15
3
9
12
13
16
47
1
13
40
15
15
25
48
13
51
58
32
10
2
10
8
0
