192
97
205
201
125
203
81
131
127
125
195
188
117
121
180
114
183
120
185
122
181
119
188
104
184
188
177
120
101
185
184
183
178
117
179
96
109
178
180
179
188
199
176
118
113
113
116
107
102
143
24
154
151
33
149
125
19
100
131
158
141
48
112
148
100
136
27
156
24
34
115
121
30
36
121
26
97
76
116
28
117
23
87
74
74
26
104
122
118
121
24
125
96
28
22
28
27
0
135
45
148
141
44
152
56
55
51
56
147
139
92
41
31
43
139
47
142
62
154
49
135
92
50
147
50
49
43
138
150
147
152
26
43
54
123
48
105
138
42
49
51
22
46
41
102
105
39
138
44
191
138
56
98
27
82
79
78
200
120
83
1
114
1
129
5
113
4
115
8
96
115
130
88
131
1
7
122
126
107
117
6
115
0
101
123
120
100
101
133
118
2
91
0
101
100
0
47
18
52
47
10
52
35
16
30
7
47
41
64
1
34
2
42
3
48
30
40
33
41
38
51
64
56
34
6
51
49
46
53
6
58
27
46
36
45
44
47
40
45
29
28
0
34
33
27
66
35
43
62
9
69
8
10
26
8
64
54
71
4
60
7
59
26
67
29
57
7
73
44
70
66
68
14
12
71
74
69
70
30
72
22
74
52
74
75
74
72
65
13
45
30
74
73
0
0
34
1
2
7
25
1
18
25
1
2
39
12
0
42
1
0
25
45
0
1
0
1
1
42
34
40
21
0
1
44
46
0
0
50
17
34
53
0
0
57
58
56
0
0
1
0
1
0
106
45
93
105
16
116
17
12
20
15
90
83
117
19
86
24
88
34
122
30
118
30
119
98
90
84
111
25
35
120
117
112
113
27
97
18
121
100
124
127
125
92
124
29
91
20
91
84
0
116
51
105
133
56
123
47
82
56
62
115
107
124
63
65
61
119
56
126
60
128
73
118
125
58
122
132
80
85
138
137
116
126
77
122
57
81
127
133
96
119
121
135
53
121
0
120
67
0
127
68
53
114
73
116
19
65
22
75
124
66
129
42
118
76
133
80
73
77
137
72
70
134
78
71
140
75
84
150
142
77
73
61
90
25
106
81
136
132
76
138
79
66
53
0
50
69
27
68
37
76
129
21
73
49
18
71
28
87
132
50
79
134
25
136
59
136
71
137
70
118
60
85
118
118
64
18
130
131
128
126
61
88
26
103
78
106
132
132
134
135
20
60
0
62
61
0
70
71
52
96
29
54
26
11
11
37
103
85
60
13
86
29
75
11
86
25
80
31
86
80
77
75
78
9
8
88
77
67
84
8
71
2
67
65
78
61
70
85
60
32
61
3
57
61
3
55
18
14
58
41
17
16
24
38
48
25
56
31
39
28
20
23
33
53
20
55
16
27
27
54
30
23
12
15
40
49
53
49
36
20
7
36
41
17
48
46
19
43
6
9
11
13
6
4
98
28
89
65
20
96
22
17
28
23
88
85
71
19
89
19
88
18
79
14
90
19
95
91
75
102
102
16
28
107
102
106
110
28
89
9
91
99
97
94
105
104
94
27
69
0
68
71
0
117
46
104
108
31
133
15
27
32
31
113
93
104
87
83
25
109
93
142
117
102
106
97
71
112
145
117
102
101
148
114
111
147
34
143
25
121
89
123
115
134
142
136
31
70
89
63
66
90
86
17
32
87
60
93
48
57
51
55
19
87
41
63
22
0
84
1
32
2
25
52
87
24
26
26
27
5
16
24
26
25
73
1
26
64
27
24
32
72
26
91
83
54
16
1
19
21
0
