555
273
556
554
388
563
253
417
417
417
565
575
367
414
583
349
572
416
602
414
565
425
576
367
590
579
587
388
334
594
581
587
590
389
582
329
383
591
590
582
591
592
591
392
340
360
348
346
358
298
90
332
329
73
337
215
63
131
215
346
324
149
208
341
171
329
71
345
62
115
227
334
129
143
346
100
221
164
322
127
363
127
236
281
169
137
254
381
378
394
101
388
256
89
53
87
88
0
216
106
237
232
101
255
79
82
79
82
253
239
166
102
81
92
250
100
264
104
258
79
241
139
95
235
94
96
98
251
248
246
250
61
94
98
183
104
141
206
102
105
113
41
76
84
186
185
81
334
142
514
339
163
226
167
259
259
275
527
264
224
4
262
1
313
21
265
20
271
31
295
271
306
226
340
4
30
334
329
256
300
36
270
1
251
333
280
276
266
351
262
2
172
0
160
160
0
265
112
279
284
103
285
84
61
88
85
277
270
206
69
234
81
272
101
283
85
269
81
262
207
198
208
266
86
104
297
284
296
286
94
211
79
265
218
283
287
283
279
292
90
122
0
125
128
85
116
202
85
236
108
98
108
118
41
108
231
233
113
56
190
128
228
48
239
61
243
139
235
127
116
116
248
140
130
245
127
232
249
56
255
53
119
133
126
257
252
123
259
129
57
44
100
97
0
13
166
14
12
31
122
10
121
140
6
16
192
78
5
183
10
11
82
190
9
14
12
18
17
179
147
166
64
12
13
182
201
14
11
187
33
134
193
12
13
193
196
199
11
13
9
9
12
0
205
82
155
223
51
213
77
70
78
84
150
154
209
56
148
67
198
82
226
86
223
78
205
148
156
158
212
84
79
213
212
242
216
82
158
54
218
185
213
218
220
136
210
85
156
82
141
141
0
226
138
235
239
68
258
70
279
72
77
353
322
245
215
181
83
255
75
256
81
255
296
251
378
173
366
407
286
293
392
392
258
272
288
387
82
250
362
395
224
263
273
394
66
360
0
337
165
0
211
182
104
191
73
212
43
75
94
68
224
176
198
55
180
74
218
81
189
86
215
81
182
233
171
187
206
79
70
212
211
185
193
81
193
84
175
183
227
212
183
217
194
73
121
0
116
169
57
265
98
275
304
55
191
49
93
90
80
268
285
209
83
310
89
290
58
309
93
293
89
284
236
273
280
285
78
80
272
287
295
283
78
256
91
284
259
250
293
297
301
305
79
189
0
191
175
0
250
215
140
270
92
191
59
70
55
91
258
251
198
66
247
84
267
72
263
56
256
79
261
252
260
271
263
63
67
230
277
183
252
64
250
53
241
236
241
196
250
253
243
83
179
23
182
186
16
192
91
79
210
116
103
42
37
63
114
106
186
117
105
107
38
124
59
184
38
191
40
103
118
198
120
118
63
39
143
192
200
204
96
107
38
193
136
103
181
205
104
189
29
85
28
108
88
24
146
29
127
87
65
145
80
42
71
67
145
175
90
74
189
66
181
96
148
71
181
95
182
132
101
181
186
73
102
186
185
194
197
94
152
46
128
196
152
140
195
188
149
93
58
0
62
66
0
270
129
268
258
83
310
41
82
84
82
268
223
256
248
202
85
278
277
348
311
250
312
248
184
262
351
252
298
316
349
266
275
377
100
371
55
264
201
306
274
323
354
349
79
154
303
135
130
279
238
43
83
247
178
246
125
178
187
184
60
249
74
184
86
32
227
13
80
31
95
129
262
84
75
88
99
29
64
94
89
104
209
27
97
181
82
101
136
201
96
240
255
157
69
27
65
67
0
