283
125
295
296
184
300
114
198
202
204
284
268
140
191
267
155
268
195
268
185
266
192
236
150
221
237
227
170
150
210
231
221
238
171
220
144
151
244
234
238
233
242
246
175
142
161
156
151
159
119
31
126
136
29
119
73
23
53
79
130
101
41
61
110
50
114
27
112
24
37
72
117
36
47
128
33
81
55
125
37
123
39
68
112
40
41
70
126
119
119
38
116
74
21
18
23
33
0
155
94
183
178
78
187
36
31
33
36
183
182
114
71
64
64
179
73
205
68
194
51
203
127
76
202
68
75
68
218
212
202
203
65
68
80
182
79
164
208
78
80
80
54
62
58
157
157
56
99
42
196
110
60
93
73
121
123
122
212
73
56
2
74
1
100
13
65
13
80
20
102
71
118
69
116
1
14
122
127
71
98
19
74
0
66
102
75
74
98
114
78
1
53
0
53
56
0
63
17
65
65
29
69
21
17
24
21
63
91
46
23
65
39
92
53
94
21
85
23
91
32
48
51
94
25
43
82
86
96
95
56
51
19
51
67
91
91
89
89
90
21
18
0
20
20
20
92
101
30
102
24
69
26
25
40
26
105
108
82
14
63
21
93
41
98
54
104
33
84
35
83
82
85
23
20
86
86
84
84
46
89
46
92
30
86
85
83
86
82
32
33
49
75
70
0
2
63
1
1
6
41
1
33
38
1
3
71
20
2
82
2
1
37
76
1
2
1
1
2
75
58
74
37
2
1
82
78
2
2
59
13
42
63
1
2
63
63
63
1
2
2
0
1
0
99
43
55
99
35
102
47
32
41
37
62
72
98
30
59
43
76
47
98
49
92
49
79
60
51
51
85
42
47
83
83
77
85
50
62
15
89
90
94
101
94
45
91
54
61
36
44
42
0
78
36
84
94
42
85
42
149
50
46
148
124
80
92
56
42
91
40
92
44
91
148
99
172
69
157
175
131
158
176
171
95
104
138
174
38
71
158
171
70
95
83
175
28
156
0
150
50
0
97
56
48
104
42
101
28
47
47
47
99
64
84
18
94
40
96
38
56
43
104
48
59
83
57
57
95
53
46
89
93
61
60
34
78
44
73
56
85
80
58
89
68
33
41
0
45
61
44
87
30
98
85
10
53
10
43
24
38
98
72
58
15
74
45
72
13
73
16
79
19
69
54
82
65
71
15
37
69
70
64
71
10
85
38
67
93
64
72
72
79
86
49
55
0
55
57
0
130
81
88
134
22
108
17
27
28
24
139
128
111
28
125
12
151
28
116
12
151
10
152
146
148
152
152
25
20
120
139
107
118
27
150
18
133
133
139
118
136
126
130
14
111
3
108
105
7
46
40
21
47
15
26
39
33
8
15
53
47
26
12
54
34
54
11
41
43
48
40
58
60
51
60
57
11
40
37
53
47
49
22
56
12
51
37
46
44
41
47
46
24
21
26
36
28
13
60
14
63
37
11
61
21
9
12
10
51
63
43
21
59
25
62
15
55
5
63
13
66
55
53
68
66
21
20
78
62
71
60
16
69
6
65
64
57
69
71
68
54
18
45
0
42
45
0
95
37
107
100
25
150
13
24
26
24
98
96
110
116
80
32
107
146
172
146
109
144
109
72
100
180
105
144
155
183
106
103
187
32
174
19
104
79
110
105
173
194
178
27
75
143
76
76
136
96
19
42
93
48
89
34
51
49
53
41
98
41
51
36
6
97
6
43
8
43
38
101
41
40
47
53
6
26
38
45
44
98
8
46
66
23
39
67
84
43
110
120
61
30
5
38
42
0
