124
76
126
120
88
125
67
92
93
95
133
136
85
93
127
77
138
91
130
95
137
89
134
68
129
133
134
92
69
138
128
127
133
92
137
70
82
130
139
135
142
133
140
86
66
84
62
62
78
278
68
294
293
56
290
218
39
185
233
306
292
150
273
319
218
319
62
314
47
85
270
291
99
152
313
67
261
218
317
88
305
91
249
221
186
104
245
319
321
324
74
326
259
59
37
59
61
0
288
74
315
303
68
326
245
253
253
249
324
344
130
74
46
75
346
80
325
270
350
278
338
157
79
350
65
87
282
332
356
361
366
274
84
56
145
91
285
328
85
83
86
257
30
31
62
67
29
288
163
376
311
104
123
51
106
125
124
379
266
225
7
279
3
302
10
221
12
266
15
269
256
303
220
310
6
11
316
321
272
304
16
268
4
253
323
268
268
252
312
263
4
198
0
179
195
5
165
86
189
202
61
192
42
32
47
38
195
163
157
45
148
43
188
55
185
44
193
47
203
139
160
156
199
47
53
198
196
218
216
50
166
42
182
157
199
210
198
211
200
41
101
0
91
101
32
270
281
128
341
30
242
25
25
44
27
314
303
273
17
242
19
300
43
313
40
315
20
305
251
281
268
308
20
15
323
288
317
322
52
335
38
296
242
277
312
330
281
344
28
187
35
218
225
0
23
140
24
18
41
94
18
96
110
15
25
161
105
16
163
17
17
84
169
14
23
21
25
25
158
144
148
61
14
15
178
187
18
17
173
78
152
192
21
25
192
193
176
17
13
18
5
23
0
217
111
140
234
82
234
90
60
101
91
160
152
233
93
137
76
179
99
226
102
228
102
214
160
132
157
217
105
93
218
214
212
206
98
147
78
206
189
216
231
221
121
226
116
137
96
120
121
0
244
142
238
254
57
260
48
208
63
61
242
235
262
209
208
77
264
59
261
76
264
234
256
299
202
288
305
226
242
299
302
248
255
227
282
89
242
291
304
217
261
257
313
56
264
0
259
154
0
191
79
72
181
102
193
36
104
62
112
201
94
175
67
179
108
200
107
94
118
206
119
84
198
145
97
213
115
113
203
191
102
110
113
172
57
188
102
190
208
102
201
99
98
78
0
83
91
48
150
78
177
153
31
82
27
103
53
95
180
168
107
68
159
97
160
46
169
73
166
71
161
110
165
172
170
48
91
154
151
151
159
55
166
95
139
159
119
161
158
163
153
93
69
0
68
69
0
170
134
61
143
72
112
58
96
79
70
128
131
84
96
124
65
165
94
126
45
193
64
190
164
187
185
184
100
97
126
156
79
123
90
162
67
143
146
116
67
129
123
130
46
74
20
64
67
28
70
49
24
68
46
34
39
41
37
47
50
63
38
42
56
41
50
37
59
41
53
39
56
46
70
49
50
16
28
50
65
69
64
48
52
10
64
48
36
67
63
42
61
30
14
23
29
17
15
153
67
127
93
61
159
33
44
66
59
127
160
91
28
164
25
160
65
125
31
158
73
160
114
84
166
157
22
73
173
172
154
161
67
122
26
96
166
101
141
182
173
133
78
97
0
102
105
0
166
93
169
170
31
250
19
34
33
32
172
197
171
164
113
45
169
189
242
220
169
198
180
102
169
268
178
177
210
270
183
178
264
40
252
19
182
91
176
176
215
283
275
28
92
204
95
100
204
155
45
106
164
65
151
44
72
63
61
83
162
70
65
104
29
167
18
95
38
108
45
167
104
79
101
104
35
42
98
105
111
114
31
112
78
88
105
149
107
112
180
186
44
88
25
75
81
0
