390
151
407
411
201
405
107
210
221
217
404
378
187
199
373
142
381
192
372
194
387
179
325
185
358
354
349
169
132
352
344
361
348
176
336
153
188
344
359
349
350
366
349
164
175
158
173
182
149
207
46
208
215
58
212
188
33
159
189
219
207
68
166
203
157
200
53
206
29
51
165
224
60
68
225
35
202
169
224
63
225
61
189
87
163
55
181
215
214
208
37
214
187
28
24
25
33
0
202
97
231
229
81
232
61
60
68
64
235
228
152
78
77
80
234
87
254
79
240
54
221
138
88
234
90
89
78
241
240
233
237
54
74
98
193
86
168
219
83
83
85
52
67
61
163
160
62
223
100
282
242
63
136
49
95
108
99
292
192
162
3
213
2
218
3
151
2
211
3
183
191
212
174
222
4
4
233
227
210
198
2
209
3
182
221
204
160
167
229
209
5
155
0
163
158
3
81
22
91
96
19
90
33
13
31
15
95
82
92
12
65
8
85
14
89
33
79
32
98
64
94
98
89
31
18
108
95
103
101
15
105
32
105
93
98
99
93
98
100
32
66
0
59
56
32
99
67
53
95
7
85
5
8
38
6
84
77
93
5
70
7
78
38
78
46
83
6
80
62
90
90
77
5
6
79
100
86
78
43
91
48
98
62
99
81
86
105
82
5
56
43
88
94
0
4
44
6
5
8
42
3
45
37
4
4
61
28
4
60
2
5
39
58
6
4
6
5
6
43
44
39
20
4
4
50
45
4
4
54
9
47
48
2
2
50
52
52
3
2
5
0
2
0
63
32
47
75
13
68
19
14
22
20
46
54
60
10
53
27
56
24
68
22
75
24
68
52
54
51
68
24
21
67
70
71
67
25
52
13
72
60
78
80
82
54
79
34
50
25
43
45
0
123
63
116
127
31
132
31
135
32
35
155
149
130
112
96
50
136
39
131
40
136
150
131
174
92
161
179
137
140
172
178
137
139
129
150
49
122
151
161
112
128
137
166
36
160
0
171
85
0
110
82
62
109
37
120
32
29
36
40
112
74
104
16
89
38
111
38
78
39
124
43
76
92
82
78
105
31
22
109
108
98
89
35
105
41
103
93
128
112
87
124
98
32
74
0
74
89
40
137
47
135
155
13
114
22
28
33
20
145
158
110
29
157
25
151
20
164
29
165
33
153
117
140
160
160
24
25
152
153
154
161
28
139
24
143
130
121
152
147
152
154
28
116
0
110
113
0
119
58
59
91
19
82
12
52
47
14
84
94
77
53
105
25
116
46
99
27
123
23
130
117
122
121
122
44
38
88
114
64
88
42
107
28
88
102
76
66
94
76
97
25
57
14
61
53
12
65
39
22
75
53
22
37
36
38
56
41
60
31
47
41
32
43
39
66
37
67
33
42
40
70
43
40
20
27
54
70
62
61
65
31
13
74
65
26
76
73
29
76
21
10
23
22
9
24
76
19
66
32
41
82
30
35
41
43
65
85
43
28
86
27
82
46
57
35
83
52
86
59
44
100
90
27
56
88
85
92
91
63
60
21
55
103
81
67
102
101
65
64
35
0
37
37
0
130
53
140
137
61
148
38
61
60
64
138
113
136
102
64
63
143
122
148
133
126
137
155
58
150
161
150
128
131
158
142
151
164
74
145
36
150
88
153
150
130
169
171
74
68
130
62
60
117
115
17
26
131
88
120
87
106
99
93
20
138
32
117
30
7
141
4
25
9
22
98
142
23
20
26
28
8
22
28
24
26
126
6
26
124
24
29
45
125
24
141
151
103
19
6
21
19
0
