579
283
606
601
381
608
251
397
392
388
608
566
348
373
593
328
589
384
574
386
592
373
587
352
591
591
581
371
292
587
617
579
568
380
631
290
364
632
616
628
634
644
645
383
325
330
331
337
338
421
92
426
427
106
447
315
66
227
323
442
405
169
307
404
236
417
99
405
68
141
342
406
119
168
409
96
311
247
422
123
413
126
285
275
217
123
291
386
389
392
106
401
283
79
75
84
87
0
372
178
409
409
182
422
137
128
125
134
427
404
306
172
140
157
424
170
443
155
423
128
394
280
173
443
179
188
147
427
435
441
434
94
164
189
341
192
275
406
180
180
189
97
139
132
307
311
136
374
173
530
375
151
209
74
189
209
196
540
309
280
5
330
3
373
10
292
5
343
11
347
323
347
302
400
4
20
389
384
326
362
10
324
2
305
350
328
321
285
336
319
2
245
0
230
240
2
202
101
217
213
75
206
67
42
79
68
217
225
173
51
178
57
215
78
223
82
225
76
208
168
170
173
215
82
73
221
208
212
218
79
190
79
229
161
240
246
236
238
230
80
109
0
105
111
74
204
218
100
250
49
193
36
50
78
46
234
215
204
35
168
37
212
97
226
113
230
50
227
154
209
203
241
54
42
254
219
252
245
101
237
96
209
156
206
250
254
220
243
47
120
104
176
189
0
13
166
12
12
40
129
10
121
136
6
13
193
75
8
198
10
15
106
219
9
11
11
14
12
175
145
170
54
6
8
189
192
16
9
181
30
126
201
16
16
184
183
188
8
13
8
3
12
0
194
97
136
210
51
226
59
46
63
53
139
143
215
60
141
73
180
90
238
88
242
80
199
153
153
158
194
65
65
218
216
226
208
75
165
41
212
186
220
224
221
161
199
68
141
61
126
123
0
279
172
275
290
108
291
93
227
97
103
329
274
288
193
226
110
308
91
305
106
298
252
309
341
236
313
366
251
265
345
354
295
316
244
333
104
263
321
355
266
296
284
353
91
310
0
325
189
0
251
175
128
244
99
270
63
84
102
100
274
181
256
78
254
104
273
115
191
128
277
105
207
278
215
165
282
121
100
275
267
207
216
114
229
120
241
203
276
265
209
294
215
101
167
0
155
214
114
203
147
234
274
51
159
38
59
79
54
237
271
170
84
290
65
291
61
280
104
298
105
279
189
229
283
276
95
58
281
277
280
280
108
237
59
275
213
236
294
301
299
284
63
170
0
164
161
0
220
169
97
206
77
141
65
85
83
87
213
192
146
83
188
78
204
73
206
61
216
70
211
222
203
210
206
67
70
188
198
155
188
66
209
65
198
182
200
159
182
202
181
75
124
29
120
126
22
143
96
56
151
87
60
75
89
60
97
124
141
93
93
117
75
111
64
135
79
134
82
112
97
156
107
98
60
70
122
137
151
147
95
101
45
158
126
82
147
139
92
144
49
46
47
53
33
38
168
36
160
88
64
167
79
43
74
69
152
183
113
65
176
59
195
73
153
56
181
74
182
144
109
186
191
64
84
193
182
186
198
85
149
39
139
184
154
151
202
214
152
85
93
0
99
98
0
249
115
256
261
96
298
45
99
93
96
274
231
275
205
193
106
298
226
333
277
286
273
287
176
306
328
298
234
257
330
300
326
341
127
345
61
275
208
306
292
284
342
352
119
128
245
121
123
242
241
37
81
248
176
242
146
167
178
177
62
239
68
166
87
14
253
5
64
15
93
136
236
71
66
74
82
11
53
77
81
78
199
14
79
159
56
75
111
196
76
224
226
146
57
10
62
58
0
