261
158
273
269
212
271
145
235
222
228
277
286
173
217
280
201
283
218
289
220
277
204
293
171
285
289
282
203
180
282
286
274
291
201
288
180
200
275
285
297
290
303
280
221
186
204
175
169
207
170
44
163
163
29
156
135
25
117
139
172
173
46
141
178
123
185
36
182
36
49
132
182
38
60
196
30
161
158
185
41
198
47
173
112
139
35
168
206
205
210
34
202
176
32
22
28
33
0
214
77
230
234
77
229
100
89
90
82
236
251
163
69
63
61
241
69
265
118
258
97
223
134
80
240
88
83
94
238
252
252
257
67
72
89
187
87
128
222
80
87
82
63
52
55
146
166
55
191
71
295
205
74
147
61
136
142
134
297
148
122
3
164
3
188
6
130
1
157
7
163
144
177
123
197
2
7
197
197
162
182
3
166
2
159
184
167
137
159
194
164
1
125
0
114
120
1
86
35
101
98
19
96
36
24
39
10
88
90
87
12
59
9
87
13
93
28
88
41
79
68
76
89
80
39
13
76
81
80
89
16
83
32
85
71
79
93
83
85
93
32
52
0
58
52
29
98
51
63
87
3
93
5
2
40
3
98
96
103
0
80
5
93
39
106
42
100
5
88
73
104
105
86
3
2
94
109
87
94
47
94
43
114
71
99
104
98
110
101
9
74
45
107
105
0
3
49
0
1
6
40
1
34
42
2
2
54
24
1
56
1
0
35
58
2
1
2
1
1
67
49
59
24
1
2
65
70
3
1
68
20
44
62
2
3
71
69
69
2
2
1
3
3
0
92
40
65
99
37
96
35
25
37
38
60
64
101
28
58
34
70
39
100
47
98
53
107
73
56
62
92
47
57
100
107
107
100
66
71
25
109
95
118
122
115
57
112
62
70
47
60
52
0
124
61
113
133
54
134
37
158
52
51
173
134
140
106
72
63
137
39
133
58
139
167
109
194
63
198
202
147
188
206
200
109
114
166
201
43
90
185
203
90
122
121
208
30
182
0
187
68
0
107
70
58
92
44
112
31
36
40
43
120
81
103
21
90
27
110
39
66
36
110
38
81
99
63
74
99
32
25
102
92
89
88
30
96
38
75
75
101
97
70
112
78
25
61
0
55
73
38
94
38
106
100
15
63
13
41
19
37
103
96
49
19
91
48
90
11
88
18
98
18
84
73
105
105
102
14
35
101
101
107
104
30
115
43
93
118
87
108
105
103
110
46
65
0
73
71
0
154
64
110
131
15
116
12
42
37
17
133
141
119
41
140
24
156
44
132
20
154
18
163
145
161
153
164
36
31
137
157
111
126
34
140
29
122
139
133
106
144
130
128
25
105
15
99
91
8
71
29
15
57
47
23
38
40
39
43
40
52
17
32
41
39
35
30
43
35
46
42
33
34
58
40
39
13
32
45
58
52
52
48
32
11
67
47
20
61
56
22
47
20
8
12
16
11
17
82
22
56
45
33
88
29
23
41
40
59
76
41
20
83
26
78
40
58
27
76
38
73
50
34
79
84
25
46
80
85
76
83
37
59
11
52
70
52
48
68
75
57
42
28
0
25
34
0
96
49
102
105
18
198
3
16
17
15
104
125
116
154
80
30
116
170
223
181
115
187
135
86
137
214
129
175
185
212
133
128
233
31
224
15
111
68
122
130
198
225
220
22
69
182
62
70
177
101
27
48
113
58
106
51
63
68
63
36
115
37
77
50
10
124
5
56
11
66
59
147
48
43
54
55
12
37
48
50
47
112
16
52
84
43
55
75
114
51
131
122
72
37
8
40
39
0
