410
166
436
444
231
440
158
243
234
246
439
400
258
225
400
212
416
240
396
237
405
233
355
249
362
352
362
207
194
356
355
372
352
206
348
188
259
346
347
348
350
360
362
219
264
214
252
270
209
162
29
163
161
40
167
138
30
119
142
164
193
71
168
203
145
200
48
196
33
49
170
217
60
86
224
35
184
189
220
57
214
53
164
74
150
40
164
190
187
186
34
195
165
29
30
30
29
0
235
71
258
255
82
243
77
79
70
88
259
274
170
73
63
71
284
75
284
129
295
113
257
165
63
256
65
65
91
253
263
259
262
48
68
62
187
69
195
217
68
67
71
49
60
58
191
184
69
186
134
300
211
35
169
66
96
99
104
299
191
153
4
186
4
215
7
148
13
193
13
207
188
211
161
246
7
20
247
239
179
209
7
178
4
167
193
175
142
150
197
180
3
128
0
115
128
3
80
47
81
88
3
87
29
22
29
4
92
85
90
3
76
2
89
3
84
27
87
31
90
78
91
100
105
31
14
99
100
95
107
11
100
30
96
77
95
100
110
104
105
36
67
0
66
71
34
97
64
63
87
6
98
5
7
30
6
83
97
102
4
78
12
92
31
97
35
94
11
93
64
110
105
93
8
7
93
105
97
93
36
107
37
108
72
104
105
103
109
99
13
61
38
89
94
0
0
32
2
1
1
27
0
23
26
0
2
52
4
0
50
0
0
21
53
0
1
0
0
0
36
33
31
15
0
0
36
36
0
0
37
3
27
35
0
0
38
40
35
0
0
0
0
0
0
170
81
157
189
24
188
23
17
25
25
143
155
166
21
140
24
145
28
183
28
179
29
179
154
148
130
187
20
19
181
190
189
186
21
166
12
195
149
205
204
195
147
195
33
163
18
142
144
0
211
110
195
217
43
200
41
169
53
53
243
204
182
118
133
52
203
43
200
50
205
185
214
266
167
263
271
166
187
266
272
224
215
183
256
63
191
243
276
190
211
215
284
46
256
0
258
157
0
175
130
103
174
57
183
29
45
39
54
196
137
192
46
167
80
209
89
136
88
215
92
141
221
153
137
223
100
94
227
228
146
139
137
219
38
192
134
255
253
126
271
142
122
120
0
116
131
37
120
60
119
252
56
170
112
19
154
16
113
233
112
147
237
18
233
128
230
147
226
151
207
134
106
203
190
108
20
212
216
218
212
97
107
22
150
117
187
195
203
208
222
20
89
0
85
88
0
118
117
69
158
71
107
61
55
54
75
163
152
110
72
156
76
145
64
143
56
146
76
159
158
161
155
153
60
59
147
146
113
156
60
130
57
136
123
148
100
136
147
133
70
92
17
95
87
13
100
30
28
99
84
19
32
33
68
88
39
97
48
75
39
27
30
68
100
29
102
27
31
37
82
35
30
43
25
69
78
89
86
72
27
27
87
82
24
95
88
25
99
19
14
16
21
12
20
140
38
90
70
45
140
23
28
46
42
94
131
87
23
130
25
124
47
95
36
124
49
145
108
97
145
139
22
60
130
149
148
145
79
94
15
93
152
125
97
154
159
102
77
70
0
63
68
0
159
54
159
161
88
184
49
86
82
89
160
116
155
147
81
81
156
169
213
188
157
188
146
77
145
221
130
155
175
226
144
138
223
60
229
30
136
92
133
139
190
223
224
58
56
179
62
56
171
122
9
26
135
91
117
103
100
101
93
18
89
27
86
29
8
104
4
23
7
26
74
111
23
20
26
16
7
13
26
26
24
121
4
25
86
23
29
37
102
21
105
104
74
18
4
20
15
0
