184
88
195
195
114
188
69
114
110
118
185
189
129
120
193
104
195
122
189
114
185
109
182
115
184
182
175
110
96
174
180
179
182
111
175
91
116
188
188
190
188
187
187
110
120
107
126
120
114
93
16
93
94
15
92
71
18
62
79
93
108
27
80
109
74
108
28
107
13
25
79
131
30
26
129
21
98
98
127
29
124
29
106
66
82
31
105
136
129
131
25
133
109
19
22
20
22
0
136
47
152
147
48
140
67
66
61
67
153
143
89
42
32
34
147
38
148
67
152
57
132
77
43
139
38
45
62
146
146
142
149
55
40
47
104
47
98
149
47
44
45
52
30
32
96
102
29
125
37
195
129
47
86
65
91
105
103
199
100
68
2
108
1
104
3
83
1
99
3
83
105
99
81
112
2
2
109
111
93
94
2
100
0
89
105
96
93
75
102
93
1
84
0
81
78
1
45
29
50
57
3
55
14
12
23
5
52
50
61
2
50
6
57
5
53
16
46
20
66
47
54
55
60
20
11
66
64
61
67
11
55
17
60
39
75
74
65
66
71
21
48
0
45
43
20
73
69
47
90
8
75
1
8
19
8
92
95
75
2
71
5
84
21
96
23
96
8
96
67
87
77
104
8
5
97
92
98
97
26
99
24
87
72
84
100
103
93
100
8
58
25
73
79
0
1
11
1
0
0
12
0
11
12
1
1
14
3
0
16
1
1
5
15
1
1
1
1
0
13
7
10
4
1
1
14
11
1
1
8
1
5
6
1
1
7
6
7
1
1
1
1
1
0
17
6
17
20
2
18
3
3
3
2
10
16
18
2
10
2
17
2
19
2
17
2
22
16
18
13
22
4
5
21
20
18
22
4
11
2
19
12
19
20
18
10
20
3
14
2
13
12
0
45
21
32
44
5
47
3
104
5
5
101
71
45
48
37
4
45
3
45
3
45
105
52
121
39
123
129
82
98
127
125
45
51
92
131
0
45
104
122
42
41
49
122
2
118
0
125
46
0
48
44
21
41
9
41
10
6
25
9
42
42
47
5
42
9
49
11
42
7
56
12
46
47
45
43
46
10
9
52
45
50
47
10
41
28
36
48
51
48
51
47
51
7
29
0
31
43
26
69
29
80
89
9
70
9
3
15
4
77
81
71
12
90
4
91
6
95
15
95
15
100
79
81
100
95
21
3
102
97
94
97
25
78
3
104
82
84
106
102
112
104
3
73
0
71
69
0
92
62
72
92
14
76
13
14
21
11
89
95
79
17
102
16
102
15
102
15
99
11
99
85
95
102
101
22
18
99
103
78
100
16
100
18
90
94
103
79
88
99
91
21
73
7
74
69
3
42
23
13
50
22
15
20
21
25
22
32
33
21
25
29
17
23
20
43
19
33
19
27
28
46
31
25
15
16
39
37
43
40
26
29
11
34
29
22
34
41
25
41
15
10
7
21
11
8
40
7
18
12
24
43
15
26
24
20
20
37
16
13
37
14
41
26
24
21
36
25
43
26
19
43
45
18
32
42
42
41
37
37
21
20
21
54
42
22
56
55
27
48
9
0
10
8
0
61
20
67
71
27
79
17
30
29
31
64
45
70
86
31
35
66
99
105
112
67
97
67
32
70
101
65
91
101
108
73
70
100
48
98
29
79
66
82
77
96
108
102
42
20
89
18
20
89
73
1
1
71
67
76
66
69
71
74
2
69
7
60
3
2
68
1
4
2
4
67
77
5
5
6
4
2
4
4
5
5
77
1
2
74
3
1
7
76
2
74
82
68
2
1
5
2
0
