266
108
288
273
162
281
98
173
182
172
281
256
130
150
251
130
244
160
246
147
247
157
221
140
222
236
222
133
126
219
232
224
231
146
223
115
131
228
227
219
234
227
228
148
123
137
134
136
135
151
26
147
154
23
145
91
18
59
92
148
120
42
72
127
51
115
22
119
18
38
76
120
41
49
125
26
82
49
119
37
128
38
86
97
45
41
73
122
131
138
27
128
84
26
16
23
29
0
150
67
162
161
57
162
50
46
48
48
176
179
110
58
50
49
174
54
192
75
189
58
187
106
55
197
55
61
85
212
202
202
203
83
56
62
150
54
150
197
58
66
70
70
43
41
131
135
40
104
66
194
108
41
111
68
100
101
101
198
80
73
2
76
0
104
5
83
7
78
9
102
83
101
71
117
2
12
117
109
83
108
27
98
1
85
123
97
95
110
138
96
1
64
0
56
56
0
86
19
85
89
48
84
25
19
29
43
81
99
45
26
70
49
102
65
112
26
104
29
92
31
48
44
92
34
62
80
93
89
98
51
38
26
42
69
94
88
83
85
85
22
12
0
13
17
23
85
117
45
112
29
70
18
29
36
28
116
123
89
20
71
22
119
28
128
35
128
32
129
65
89
81
137
41
31
136
99
135
129
36
130
32
89
75
80
137
135
89
132
33
37
38
71
71
0
10
102
10
9
29
77
8
71
90
7
15
125
35
4
129
6
7
49
131
6
12
10
10
10
93
75
88
27
7
7
100
99
11
7
87
15
64
84
11
10
86
82
87
5
9
8
5
10
0
114
61
88
128
37
132
45
34
46
44
84
88
123
26
83
39
89
44
123
47
124
43
127
87
81
76
119
53
53
128
126
126
118
40
86
14
109
92
111
115
111
79
110
40
82
47
68
72
0
91
36
85
100
48
95
42
117
49
52
128
107
75
83
53
35
85
34
89
40
85
115
86
143
51
137
154
114
135
156
163
84
86
109
146
38
54
127
146
70
77
74
146
31
141
0
133
46
0
63
47
28
61
34
60
28
36
32
37
67
39
88
25
87
50
78
52
47
52
87
50
43
91
43
44
89
51
52
96
82
53
50
57
62
37
74
47
86
83
52
85
55
52
35
0
33
55
36
80
29
91
102
13
74
30
40
39
45
101
94
58
39
106
43
97
29
104
34
97
29
95
71
104
87
96
23
49
98
101
91
94
16
100
41
77
93
71
86
91
87
84
43
56
0
57
62
0
123
60
78
103
18
73
13
23
24
20
116
103
93
21
104
11
127
21
114
7
134
9
129
123
121
122
128
20
18
104
124
97
104
14
120
15
106
107
111
96
113
113
118
15
100
5
101
99
5
47
45
40
45
8
37
34
36
7
8
62
47
33
6
59
36
58
6
40
34
44
34
61
51
39
57
58
6
25
42
48
47
44
13
59
4
46
45
51
55
53
49
51
18
38
9
41
36
9
54
8
60
60
9
57
20
3
9
9
70
56
42
26
60
20
59
9
71
5
58
11
66
72
50
59
60
17
10
62
70
62
60
15
65
7
59
70
57
67
74
65
64
17
45
0
45
52
0
87
32
87
91
22
135
10
23
23
23
84
69
83
103
73
24
78
124
167
128
77
124
96
66
90
169
86
133
127
170
99
97
176
26
169
14
106
84
104
110
167
169
165
34
59
110
65
57
105
90
17
48
99
47
93
31
46
46
48
40
101
54
62
52
11
100
4
49
10
41
41
111
50
34
52
47
13
25
50
46
43
88
11
51
60
43
47
65
102
56
108
110
65
45
12
41
48
0
