321
142
316
318
200
331
125
216
221
216
335
318
134
212
322
146
317
203
330
206
318
206
297
175
294
308
316
183
152
292
314
307
298
190
260
160
153
284
276
274
280
281
295
186
141
159
149
158
160
171
31
182
181
37
172
122
25
84
127
181
136
53
75
140
46
143
31
143
27
50
77
158
53
49
150
39
97
67
159
51
155
51
121
132
73
66
110
189
193
185
44
180
109
34
32
34
37
0
186
82
202
216
88
233
55
51
54
56
216
205
150
85
69
75
219
85
244
68
231
44
187
150
88
201
90
89
52
229
216
208
200
60
96
98
199
96
158
228
104
104
106
53
63
56
171
173
61
147
79
228
154
57
107
59
112
106
112
234
117
100
3
122
2
149
12
97
12
119
20
145
101
141
93
146
3
22
157
157
111
150
16
110
0
106
168
115
102
137
183
121
1
73
0
70
78
1
100
33
101
100
58
98
32
22
34
49
94
91
57
33
65
48
101
55
96
33
106
33
99
52
61
48
93
30
62
105
101
101
101
39
55
28
74
64
89
86
91
90
91
32
29
0
30
29
22
88
120
40
132
26
84
16
29
43
28
130
126
92
10
87
26
108
34
113
47
117
25
109
59
96
85
111
30
19
115
103
107
113
45
124
40
100
58
97
124
115
99
116
31
42
41
78
75
0
7
88
9
6
14
62
6
68
67
4
10
112
33
7
110
5
6
50
112
6
10
5
9
7
91
73
88
29
5
9
106
101
9
4
124
18
84
119
9
9
119
127
130
6
8
7
3
8
0
144
66
105
155
40
141
49
40
47
54
88
112
145
41
88
43
106
55
141
57
145
55
148
105
96
94
140
49
50
142
139
125
141
46
105
25
142
107
134
139
143
96
144
56
99
43
82
89
0
121
66
125
132
45
136
35
133
41
40
145
139
116
98
80
39
120
33
119
33
118
145
123
173
80
159
189
132
146
179
175
123
117
141
165
47
109
156
174
108
123
124
179
36
174
0
162
71
0
113
68
50
109
58
109
32
58
57
69
118
63
107
36
89
63
117
67
67
78
113
69
71
117
60
77
115
63
64
125
117
76
76
57
97
51
95
55
109
116
77
113
69
58
44
0
45
61
46
97
39
94
114
21
82
41
48
51
35
101
102
52
45
107
46
105
33
116
50
121
48
113
67
107
124
110
40
38
111
110
110
110
40
105
43
83
97
81
114
91
96
98
51
49
0
57
58
0
126
62
71
97
13
82
8
45
42
17
99
100
73
43
107
29
127
41
108
9
119
22
127
125
144
131
136
44
45
101
141
92
104
39
124
31
118
112
107
88
106
103
93
13
86
12
87
86
11
39
51
30
47
7
40
42
41
10
12
69
43
32
17
64
41
66
18
51
32
46
32
62
56
53
61
56
6
24
43
48
49
44
12
55
5
51
38
49
44
52
53
55
24
28
18
46
30
20
77
21
90
70
14
79
27
9
18
16
94
86
54
23
90
20
75
16
84
9
82
17
84
81
61
82
90
25
19
80
83
75
84
17
85
4
70
93
67
86
82
87
94
22
68
0
74
70
0
102
60
106
119
23
160
12
26
23
22
118
111
121
128
80
36
121
129
166
145
121
141
114
69
115
176
119
133
126
160
112
116
183
45
171
23
135
85
125
133
151
184
181
40
60
127
56
68
128
104
26
55
115
54
109
36
56
51
54
45
113
48
51
57
9
102
7
51
17
56
43
105
56
45
50
53
18
20
52
54
54
87
14
54
61
44
59
77
85
51
101
99
48
44
14
42
33
0
