298
139
309
296
194
305
139
190
198
205
300
302
168
190
310
182
312
189
310
199
313
181
330
139
299
318
312
189
151
304
310
313
309
175
303
164
177
309
304
307
301
314
304
181
164
177
170
158
176
181
42
187
194
32
174
149
24
133
154
191
208
73
184
221
180
216
27
224
24
33
194
204
43
54
217
25
188
177
218
39
213
41
207
95
173
46
195
219
221
230
34
226
199
27
27
29
25
0
227
92
234
233
75
237
103
102
89
99
264
249
147
74
62
73
256
79
258
119
267
98
227
139
77
235
76
90
89
232
236
244
254
82
72
79
187
70
138
224
70
75
79
67
55
52
149
152
50
239
79
332
244
101
140
57
133
144
138
321
176
131
1
191
1
194
2
140
1
188
5
132
163
165
136
182
1
2
189
182
162
154
3
167
0
162
183
179
152
131
188
170
1
150
0
144
146
0
65
25
68
67
13
69
32
7
31
8
75
68
81
12
56
8
65
13
69
29
71
31
69
63
66
80
73
31
10
71
68
67
70
8
82
29
70
61
73
72
72
68
75
26
48
0
48
48
20
102
49
76
97
4
104
3
5
38
3
93
104
113
3
94
4
107
41
103
46
105
7
100
95
120
125
104
5
3
108
122
111
99
44
100
39
114
83
119
108
101
120
100
6
77
41
114
108
0
1
32
1
1
3
34
0
34
35
0
2
43
21
1
44
1
0
31
48
1
1
1
3
2
50
35
39
15
0
2
43
48
2
1
53
11
35
50
2
2
55
50
52
1
1
1
1
1
0
83
36
50
88
23
85
28
17
27
28
60
62
76
19
46
21
68
30
84
28
83
31
77
58
51
47
90
32
44
91
87
95
84
35
60
16
72
64
74
83
83
45
86
37
42
33
39
45
0
105
47
89
107
22
106
13
147
18
21
176
138
94
93
59
22
105
11
103
17
104
156
102
198
70
189
203
149
168
198
201
111
103
145
198
25
99
172
202
86
102
106
198
18
183
0
183
77
0
80
57
41
80
35
77
21
32
34
38
82
64
80
21
79
26
94
32
62
37
91
34
72
83
61
56
86
31
27
90
79
70
69
27
75
34
59
61
88
77
60
85
69
31
54
0
54
67
35
81
35
84
95
16
61
21
26
24
27
93
100
63
21
97
28
93
22
104
20
96
27
94
72
98
95
93
21
28
105
101
100
98
24
90
28
91
85
81
93
93
97
104
28
66
0
67
63
0
142
94
107
144
25
100
25
33
35
27
141
131
99
33
140
30
144
31
136
25
146
29
152
150
146
150
156
27
28
139
147
115
141
25
135
21
128
132
135
108
127
118
129
28
108
5
111
112
9
49
23
14
54
32
16
29
29
27
30
31
32
23
15
34
26
37
14
34
29
41
31
31
29
41
29
35
11
21
36
43
39
42
38
25
15
54
43
22
47
55
23
56
25
13
22
19
21
20
69
24
47
24
34
65
19
21
38
34
42
71
32
18
66
13
65
40
47
24
63
40
62
50
37
71
68
14
38
70
79
79
72
38
48
11
42
73
43
52
86
87
54
37
27
0
30
28
0
84
42
97
91
23
148
14
25
29
28
89
95
97
124
49
28
83
152
168
159
82
166
85
50
88
172
84
143
162
170
99
84
171
43
166
16
119
79
108
101
146
172
172
39
33
147
34
37
141
103
22
38
101
67
97
60
68
61
69
25
109
35
78
34
9
117
1
27
9
35
73
140
30
24
30
37
10
17
27
38
30
114
9
35
110
27
40
60
124
37
141
140
109
26
3
21
24
0
