209
99
222
227
154
230
104
168
169
172
220
208
137
155
217
128
207
165
220
166
212
155
209
131
201
211
201
155
125
196
200
207
203
144
218
129
136
219
218
220
223
235
220
146
127
155
154
138
145
145
40
136
131
36
143
78
27
54
81
149
132
62
71
138
66
137
32
137
28
55
75
131
56
60
135
44
72
57
142
56
133
52
64
110
50
58
81
137
132
132
47
131
69
35
29
40
35
0
154
77
148
162
71
182
57
58
56
51
171
167
96
72
62
65
166
69
189
55
171
44
147
95
71
142
68
73
41
162
145
154
157
53
69
76
135
72
123
159
79
74
73
39
55
48
122
115
59
111
45
189
109
60
77
60
107
104
107
185
89
69
1
89
1
95
4
78
5
85
8
72
69
91
79
96
1
8
94
99
89
93
12
94
0
84
99
89
80
92
111
91
0
61
0
60
58
0
95
56
98
89
26
104
48
30
53
14
103
102
92
24
75
14
106
35
108
44
110
49
110
60
87
86
112
43
45
115
104
119
105
43
89
41
101
84
127
121
117
116
127
48
59
0
56
58
42
110
111
45
130
23
90
24
27
35
32
127
110
96
15
76
18
102
38
110
39
112
30
120
65
101
91
128
33
23
124
104
131
126
45
109
38
99
62
90
112
117
91
115
26
48
40
78
82
0
6
55
7
7
17
42
4
42
47
3
8
85
26
3
85
3
5
46
83
3
6
5
6
4
79
68
76
40
3
5
94
93
6
4
89
26
60
86
6
5
81
81
87
2
6
5
4
6
0
80
39
57
82
21
83
36
25
38
33
51
51
66
23
47
22
57
26
73
27
72
29
77
50
54
53
75
27
28
76
74
71
72
24
65
15
74
59
70
77
77
56
78
25
60
28
51
56
0
94
47
86
97
38
99
35
124
38
35
133
116
86
80
50
40
89
40
105
38
98
119
86
157
69
156
161
107
123
163
170
91
98
117
156
41
87
158
165
100
105
105
167
37
156
0
149
75
0
90
66
47
94
40
85
27
28
57
38
90
76
79
16
75
23
72
22
66
30
92
29
67
83
51
61
81
29
29
72
81
76
75
26
58
54
73
77
84
84
81
85
81
27
45
0
45
68
44
89
55
103
105
19
62
8
30
21
24
99
107
79
32
103
30
109
16
122
27
108
27
105
74
89
116
107
26
22
118
111
115
116
29
93
28
102
92
88
110
101
100
108
33
71
0
59
73
0
112
78
67
110
30
89
23
22
21
37
120
113
83
23
107
20
101
22
102
23
106
26
107
103
104
103
105
20
24
101
114
90
108
21
112
16
103
103
108
81
101
104
105
24
79
8
78
74
9
56
46
31
64
24
37
40
39
15
26
62
56
43
27
55
29
55
21
57
39
61
40
65
49
73
56
62
24
30
51
68
50
64
29
55
13
70
53
43
65
56
46
63
20
25
15
39
25
20
62
8
60
40
29
72
36
22
36
33
61
56
34
36
59
24
70
28
67
19
63
24
59
61
44
56
60
33
24
57
66
63
59
28
66
13
51
71
60
64
73
71
69
30
38
0
32
33
0
93
38
90
96
29
136
13
30
31
29
95
91
89
110
79
36
102
117
134
123
99
127
106
77
110
137
112
128
121
146
114
121
148
50
142
28
110
80
112
116
135
156
152
50
53
123
50
54
118
100
23
39
103
69
104
67
68
78
69
32
114
44
70
34
7
112
1
34
7
38
54
112
37
34
33
37
10
29
37
35
32
94
8
40
73
30
37
43
96
31
109
112
75
29
6
26
24
0
