452
211
467
470
259
456
181
291
284
289
467
463
284
282
469
243
455
280
475
268
449
272
472
270
492
479
477
273
229
486
480
494
482
270
466
180
240
482
457
465
464
441
482
270
250
239
234
242
226
307
60
322
303
77
327
265
53
190
251
318
222
115
179
230
124
244
67
251
62
80
185
284
85
117
307
69
233
185
304
88
305
94
230
204
185
92
234
296
301
290
75
305
242
56
49
57
57
0
274
142
307
304
143
306
88
107
100
100
306
302
199
137
127
131
310
141
322
129
331
107
256
196
138
281
145
145
72
293
268
294
288
56
130
143
262
139
222
279
142
132
136
46
107
105
228
227
102
263
178
345
285
61
165
66
112
115
116
360
261
225
9
269
7
298
14
193
12
265
20
250
224
267
210
290
7
16
294
278
268
265
15
258
7
246
277
245
214
239
282
254
5
199
0
186
192
3
149
45
159
168
45
151
49
30
65
36
162
129
121
19
89
28
131
33
132
54
135
61
114
93
117
137
122
61
20
118
103
102
108
26
125
63
120
101
122
123
125
128
127
62
72
0
74
82
54
145
123
62
145
23
121
23
27
45
26
152
142
135
17
100
23
139
55
156
60
152
28
134
106
149
147
138
23
21
130
138
129
126
57
130
57
135
107
136
134
129
139
134
25
80
60
124
128
0
12
85
15
6
16
71
2
55
64
5
12
100
57
7
105
6
11
55
93
5
11
15
8
11
91
74
90
42
5
6
93
84
8
6
115
29
83
108
10
9
104
111
115
7
7
8
3
6
0
160
68
102
181
50
173
59
34
58
63
105
103
171
51
95
54
132
72
179
69
178
77
174
103
100
112
175
65
70
163
165
169
179
62
111
40
161
138
162
180
174
100
169
54
108
69
94
88
0
200
128
192
220
48
215
40
192
46
49
226
218
211
169
169
49
217
45
217
54
220
198
213
260
161
245
278
217
214
259
272
217
214
200
255
39
208
257
262
193
195
206
271
32
237
0
248
129
0
175
149
98
179
39
180
54
34
65
32
174
144
183
38
151
37
192
44
163
45
187
43
162
184
163
146
200
46
37
198
192
156
171
65
179
68
180
162
203
202
145
197
170
44
120
0
122
152
70
141
95
166
147
29
89
28
69
51
59
143
171
113
53
161
67
162
51
174
65
173
57
176
119
141
178
172
54
54
183
185
176
182
50
146
58
160
150
150
187
185
182
190
62
106
0
102
98
0
172
113
66
127
46
111
32
96
82
40
134
132
85
85
136
44
162
90
129
34
171
48
166
141
189
173
171
87
84
132
179
84
122
79
144
73
145
142
144
95
136
140
123
61
78
22
74
72
21
127
69
27
137
99
47
48
51
89
99
71
108
39
89
74
44
69
61
119
59
120
45
66
56
123
65
58
39
44
97
131
137
136
86
58
24
129
98
50
121
109
61
131
43
29
24
38
26
24
91
31
87
52
43
99
49
26
50
45
80
98
50
37
105
39
109
59
76
35
104
57
124
89
49
121
122
37
58
123
109
121
119
62
90
19
72
113
99
82
128
133
86
71
43
0
43
38
0
149
55
171
164
70
215
36
74
68
66
157
154
157
161
74
66
156
193
221
214
160
199
136
74
148
230
143
175
199
237
149
141
250
53
233
28
158
106
151
148
209
237
234
39
60
193
56
63
185
167
39
70
159
108
172
74
101
95
100
54
147
76
86
70
15
143
10
65
17
69
64
168
63
58
72
75
13
37
70
71
75
141
15
71
117
61
75
104
148
77
167
181
98
55
13
54
54
0
