383
204
412
422
299
400
173
301
299
295
402
380
267
284
414
239
393
287
393
274
388
276
424
237
410
407
411
275
245
409
406
394
395
288
406
212
270
391
404
403
400
422
405
285
216
255
223
244
256
244
39
248
245
58
249
197
42
158
186
249
248
69
180
238
146
249
61
249
45
83
176
180
68
83
199
57
139
96
203
67
202
75
176
191
105
63
156
240
247
239
54
247
184
59
46
60
59
0
276
144
285
297
132
285
86
93
88
96
305
322
191
130
117
125
337
134
347
143
364
124
268
164
117
274
131
128
84
289
276
280
293
71
128
131
256
127
182
282
120
124
126
63
98
103
221
216
98
262
122
376
256
94
168
91
152
166
171
391
198
162
4
200
3
240
11
165
7
213
17
231
201
236
169
252
6
23
249
257
204
248
26
201
2
176
252
198
186
212
266
203
3
148
0
137
142
2
109
50
106
118
25
113
49
33
55
22
114
110
107
14
77
25
111
31
107
38
106
55
104
72
105
88
118
54
24
112
115
113
112
24
103
41
92
88
114
100
106
101
103
48
53
0
49
54
39
146
129
75
147
10
139
12
12
53
13
140
140
154
16
102
11
143
66
154
74
145
17
131
93
152
158
138
9
6
131
157
130
136
79
141
70
154
93
151
143
140
159
138
8
84
77
147
135
0
3
92
4
3
11
79
1
67
68
1
2
105
55
3
117
2
1
60
110
2
2
2
5
3
114
92
115
50
2
2
127
132
4
1
135
34
114
137
3
3
137
140
135
2
3
2
1
2
0
151
77
104
155
42
160
51
25
49
47
98
99
163
41
91
50
106
61
168
66
174
63
145
91
82
82
146
63
53
150
149
144
140
54
112
25
157
109
150
162
153
90
169
59
99
56
92
93
0
155
70
157
166
47
162
44
210
53
52
217
217
159
178
105
50
162
40
155
53
169
206
174
263
106
228
284
209
236
266
273
179
183
208
254
59
145
241
258
150
174
185
267
55
243
0
240
102
0
183
130
77
178
88
190
46
77
63
85
197
125
180
61
163
88
191
87
125
91
206
94
143
196
153
135
209
88
83
208
217
155
151
89
192
67
159
144
201
190
136
208
144
70
102
0
100
135
69
142
75
159
163
31
95
34
58
61
38
161
162
104
58
173
46
181
50
168
58
170
56
150
115
149
168
166
54
52
168
162
162
167
52
151
46
146
142
135
166
165
176
169
45
104
0
106
111
0
175
129
96
157
32
130
31
55
44
37
155
138
110
48
150
35
179
44
159
23
184
36
201
177
183
183
180
51
57
153
176
125
158
56
176
42
166
165
156
107
165
168
170
42
122
21
110
104
10
95
43
24
96
70
23
42
46
59
72
54
86
37
48
47
41
50
47
82
43
83
48
52
52
71
51
48
25
43
55
68
74
72
52
45
22
82
61
40
70
67
35
84
33
19
28
28
24
25
99
37
100
74
23
117
45
13
26
25
112
111
81
38
122
44
109
36
104
21
123
34
122
99
86
129
118
37
45
122
128
130
127
54
108
18
92
119
93
119
128
129
112
48
68
0
75
68
0
167
67
178
181
51
213
37
59
61
57
177
161
182
187
111
54
184
210
233
217
188
233
184
112
189
242
185
201
221
251
193
206
260
67
243
32
175
134
195
194
214
248
264
60
87
214
78
84
181
148
26
71
161
99
157
65
93
88
102
43
164
41
99
67
13
147
8
47
16
63
74
135
59
61
67
61
17
48
59
61
63
109
14
57
101
54
59
101
119
58
158
154
79
55
8
45
50
0
