225
108
225
244
117
235
95
142
132
139
226
241
124
137
244
110
233
135
236
132
225
128
223
110
221
224
231
128
110
218
228
220
219
132
208
108
122
205
207
209
211
212
206
136
137
126
138
136
121
118
32
117
130
25
121
112
17
90
102
137
132
38
105
125
104
135
23
130
14
28
100
129
17
38
133
17
120
103
144
24
143
24
130
57
109
29
134
154
160
166
24
146
138
22
18
21
18
0
145
59
165
158
55
166
71
70
67
72
171
175
113
49
38
43
169
53
173
79
173
74
164
103
53
166
51
58
75
158
165
168
173
52
48
55
130
61
115
160
57
64
60
47
40
37
105
110
43
149
47
217
152
58
84
46
96
99
92
220
114
93
3
116
3
135
2
95
2
122
5
119
114
122
94
129
3
3
129
136
103
125
4
114
2
109
135
115
98
105
131
116
2
95
0
93
97
2
57
24
57
57
13
62
12
8
16
12
57
60
59
8
52
8
58
8
63
16
56
20
59
61
51
68
60
19
13
52
61
63
62
11
72
23
51
57
57
53
58
54
61
18
43
0
43
44
16
44
37
31
55
2
54
2
3
19
2
52
56
55
4
42
2
59
18
61
21
58
4
53
49
64
63
57
2
1
61
63
61
56
24
67
18
65
52
63
69
62
72
63
2
39
22
59
57
0
1
31
5
2
7
30
3
38
32
3
3
45
30
4
51
3
2
33
47
2
4
4
2
3
52
36
48
30
3
2
53
50
3
5
52
8
46
53
2
4
55
49
50
4
2
4
2
5
0
47
17
33
47
14
48
18
12
18
17
31
38
49
17
31
17
39
18
46
20
52
21
46
30
26
39
44
20
20
47
39
45
47
17
41
19
51
48
48
50
56
34
51
23
34
21
26
24
0
63
32
57
61
17
64
11
100
18
27
121
78
73
58
53
22
69
20
80
22
76
114
75
125
50
123
139
103
111
129
133
61
62
98
122
24
66
109
129
60
72
69
122
16
119
0
113
39
0
76
47
36
75
18
75
18
12
24
17
79
54
75
16
72
19
76
28
61
24
86
27
61
80
60
56
84
32
27
89
66
61
63
20
79
25
73
56
81
77
61
81
59
17
51
0
47
54
24
71
31
78
80
10
61
11
20
16
16
79
92
65
15
93
22
85
13
92
16
99
16
90
64
76
88
98
24
22
90
96
94
96
24
85
16
83
71
75
99
101
95
104
17
53
0
59
61
0
104
58
63
88
16
74
12
19
21
18
96
95
75
23
93
13
96
17
95
10
96
11
107
99
102
117
100
23
19
91
108
86
93
21
109
18
106
103
106
79
96
103
99
19
79
8
71
70
6
44
19
4
49
46
13
19
19
35
35
21
48
15
31
20
19
19
32
53
24
51
17
17
22
45
16
20
8
18
44
46
40
43
25
16
3
32
34
18
31
40
14
34
14
3
8
5
4
10
53
15
31
29
22
56
16
23
29
29
42
54
28
14
60
13
56
26
41
22
62
34
60
36
24
60
68
12
35
57
65
48
58
35
46
11
29
63
52
46
70
74
43
42
24
0
19
26
0
88
24
86
91
41
107
29
39
41
39
89
71
78
90
42
35
85
100
118
103
85
106
75
41
75
119
79
102
108
113
69
78
129
40
124
15
95
65
101
97
106
120
109
37
33
90
39
36
78
70
7
21
71
53
71
51
59
55
52
10
86
22
68
23
10
89
4
23
7
25
55
99
17
17
22
21
8
14
22
23
25
88
9
20
93
13
19
34
110
19
109
116
84
17
6
19
14
0
