173
66
165
178
76
175
51
90
88
94
171
179
95
81
177
72
178
88
170
85
175
89
154
82
161
157
152
78
62
153
147
159
157
82
150
74
93
153
157
157
154
159
156
81
101
77
99
93
77
95
28
93
94
23
94
70
16
60
71
100
100
35
77
105
69
103
24
101
20
23
85
93
27
30
110
25
69
68
92
28
100
29
99
56
86
25
111
127
125
125
21
121
101
22
21
24
23
0
65
26
72
80
41
79
27
29
23
29
87
81
60
34
32
30
98
36
99
30
100
31
82
44
32
85
39
38
29
86
89
87
91
23
35
37
73
33
73
86
36
35
34
23
35
27
63
62
32
89
11
119
95
38
43
11
40
48
43
116
70
53
1
74
1
65
0
64
0
68
0
45
63
65
58
73
1
1
66
67
74
60
1
73
0
66
74
71
59
57
75
68
0
64
0
64
59
0
32
22
27
33
0
29
25
9
26
1
28
40
50
2
29
2
38
3
35
27
35
24
35
19
46
47
35
24
4
30
31
33
32
3
50
25
35
29
35
41
38
38
35
26
20
0
22
23
26
33
23
24
36
5
40
3
6
12
5
33
44
44
5
28
8
44
20
45
20
43
7
39
26
49
44
43
9
5
41
50
43
39
23
44
16
45
25
41
43
40
44
40
15
18
24
33
33
0
1
17
2
2
6
8
1
9
14
1
3
27
8
0
30
0
1
17
31
1
1
1
2
0
47
27
38
26
1
1
47
54
1
0
52
8
39
54
1
1
54
53
52
0
0
0
1
0
0
111
38
71
118
24
110
28
20
30
32
71
68
87
18
69
23
73
28
99
28
96
27
92
71
66
59
88
33
22
89
85
84
82
24
82
14
93
75
89
86
94
62
89
27
68
30
62
66
0
120
55
104
126
25
123
24
53
24
23
127
105
128
37
92
30
130
28
128
30
123
51
123
136
105
134
133
50
48
129
133
128
126
43
132
39
109
117
127
96
121
117
136
32
126
0
118
94
0
91
76
72
95
31
114
21
23
24
27
109
87
119
25
102
43
120
43
88
45
131
47
81
112
83
76
112
41
40
121
114
91
94
47
102
23
91
76
116
114
75
125
88
35
79
0
71
88
20
86
37
98
118
14
100
44
33
45
35
96
110
70
41
119
29
109
39
114
45
110
46
104
73
94
101
101
41
30
101
108
96
109
47
92
30
94
94
102
112
115
120
119
27
65
0
64
65
0
43
69
32
82
58
36
51
6
7
61
89
75
41
10
72
39
50
9
70
47
42
42
47
39
45
44
43
10
9
78
40
47
75
8
47
11
42
40
86
41
46
85
39
51
33
1
34
33
4
76
18
20
66
57
13
18
20
51
59
25
63
29
47
22
21
20
40
61
16
59
17
25
19
75
17
19
17
13
51
64
68
60
51
21
25
65
55
13
64
61
16
72
12
12
10
14
9
8
63
15
52
31
21
61
22
13
18
18
56
62
39
18
52
14
50
17
56
11
52
12
58
40
41
60
57
16
19
59
53
60
56
23
50
12
44
56
53
52
68
69
56
24
38
0
38
33
0
58
20
74
63
32
68
24
29
30
28
67
44
60
56
45
39
62
61
80
65
65
67
69
32
71
82
69
72
72
80
68
71
87
32
83
24
69
58
69
60
72
85
85
31
26
51
23
22
58
86
20
37
92
64
98
57
69
67
66
20
93
38
68
33
9
102
5
33
10
35
58
103
31
29
28
31
7
25
31
32
30
88
8
34
82
31
37
48
103
33
105
118
80
29
8
29
26
0
