368
191
381
378
220
370
127
221
215
220
375
422
242
223
416
194
423
220
415
217
421
212
388
244
382
390
378
207
179
377
372
376
383
199
333
173
239
338
346
332
327
332
337
203
257
196
270
276
208
96
26
98
107
30
107
64
27
54
59
107
83
48
51
96
48
90
37
91
31
32
46
103
37
40
95
30
58
56
102
34
104
35
67
64
52
38
88
116
111
109
29
103
72
30
26
34
30
0
179
63
178
178
48
177
49
48
45
54
199
227
150
42
33
38
232
38
229
110
252
99
258
138
44
257
46
47
125
261
271
277
257
130
40
46
186
47
205
301
49
55
53
123
39
40
144
154
35
74
31
219
80
13
172
138
148
156
146
240
57
49
1
54
1
73
3
62
10
55
10
61
58
67
47
75
1
5
73
74
54
60
11
61
1
57
76
60
56
60
74
60
1
46
0
49
46
1
103
68
124
120
12
114
30
32
37
6
117
120
112
9
100
13
121
14
115
31
123
43
113
92
98
116
107
39
9
115
114
109
113
11
115
37
129
99
125
131
132
129
128
32
84
0
83
81
36
87
133
54
136
32
77
33
35
28
37
139
172
94
17
96
42
173
21
177
31
168
51
129
54
89
78
137
37
24
138
92
135
129
26
128
26
91
63
83
122
130
88
126
25
48
30
68
64
0
2
47
3
3
3
36
1
37
38
0
3
51
7
2
53
1
2
26
59
1
2
1
2
1
50
33
48
18
1
1
57
58
1
2
65
5
42
65
2
2
64
65
66
1
2
2
1
1
0
150
70
126
161
25
158
20
14
24
25
113
122
146
18
121
29
118
31
158
31
167
28
171
121
120
100
162
33
37
165
174
172
170
32
138
15
154
139
156
163
164
124
167
35
128
34
118
117
0
168
66
145
172
52
173
44
169
46
45
280
192
164
72
114
47
168
44
174
42
184
157
160
279
134
285
299
152
174
294
298
168
173
152
284
40
146
273
295
150
165
173
295
34
284
0
279
131
0
140
113
85
141
32
137
18
25
40
35
137
119
141
32
122
32
150
45
125
51
146
48
116
169
111
116
177
73
70
169
163
121
136
72
151
42
145
128
182
173
115
182
125
65
99
0
103
119
39
70
30
73
141
21
114
77
27
91
30
84
153
63
116
165
29
155
98
152
119
169
121
135
82
75
144
147
86
33
146
147
143
141
101
74
29
93
76
136
154
150
154
152
30
44
0
47
50
0
141
129
129
209
68
141
74
14
16
80
207
209
157
14
206
83
159
14
214
72
158
76
160
152
154
159
158
9
10
215
157
159
227
9
162
10
161
160
237
165
161
227
153
101
139
3
148
146
3
122
48
33
131
87
43
26
24
61
84
52
102
55
66
56
24
55
50
115
21
106
26
64
56
93
54
57
38
25
80
103
100
103
68
61
20
106
78
50
103
114
56
107
21
37
17
51
36
11
104
29
66
39
60
106
34
37
59
62
74
101
49
29
95
23
93
53
73
42
95
58
108
56
46
109
97
30
65
91
96
103
112
76
65
22
57
123
96
68
127
128
57
82
33
0
32
31
0
133
36
147
141
88
194
59
91
92
88
151
92
135
174
58
81
139
179
215
196
136
199
143
51
138
225
138
179
184
213
145
149
217
47
216
18
111
99
125
123
193
209
216
50
53
186
51
54
184
79
10
36
72
46
75
43
42
41
48
24
67
36
28
35
8
67
0
37
11
30
22
68
32
32
37
37
7
9
40
37
36
58
9
32
40
34
35
45
54
34
71
63
31
30
7
27
26
0
