202
97
216
208
131
218
86
127
130
125
213
215
124
134
206
110
215
122
215
122
209
127
212
120
207
216
215
120
99
207
201
218
229
111
206
94
115
221
200
206
212
207
225
114
130
110
133
130
114
141
32
142
148
28
146
106
14
99
125
150
139
47
114
144
94
145
20
144
17
27
120
136
31
48
141
25
120
106
148
32
149
34
105
83
94
43
108
147
136
138
29
146
108
22
16
20
20
0
154
61
174
173
61
167
76
60
67
67
168
153
95
54
44
41
167
56
161
68
154
53
138
82
50
140
56
53
44
140
146
146
143
37
50
54
128
55
113
134
50
59
58
29
48
42
104
99
46
136
50
193
131
47
75
26
65
67
68
200
112
67
2
116
1
129
5
96
3
111
9
90
106
114
91
123
2
5
126
121
103
112
3
106
1
99
113
106
100
90
124
105
1
83
0
87
86
1
56
36
59
65
11
60
19
16
22
4
53
67
61
11
52
11
72
19
67
21
70
21
75
42
54
51
73
18
27
73
78
82
75
19
56
16
56
50
67
65
63
66
69
17
34
0
32
31
17
70
78
49
87
13
64
9
10
22
11
89
103
79
10
53
17
102
26
99
25
104
27
78
61
68
70
86
16
10
83
80
78
84
24
83
21
67
53
73
77
83
70
91
25
46
21
67
64
0
2
20
1
2
7
16
3
15
19
1
2
29
8
1
35
3
2
12
39
1
4
2
1
1
28
23
29
9
3
1
39
44
1
2
46
4
35
46
2
1
42
38
42
3
2
1
2
2
0
73
29
61
77
6
82
13
9
15
13
57
66
71
10
65
13
71
14
74
14
73
12
69
64
59
62
74
13
22
84
84
79
80
15
67
12
91
76
90
88
94
62
96
20
69
13
62
62
0
103
62
97
116
30
115
27
74
33
35
109
97
100
60
65
30
109
29
106
35
107
90
112
120
68
123
127
82
91
121
127
106
107
93
118
46
92
111
128
100
127
125
115
37
121
0
126
74
0
107
52
42
106
49
112
17
48
28
53
108
55
101
24
92
50
111
54
57
53
116
49
67
121
75
58
119
66
63
129
129
70
67
54
86
30
94
64
108
103
60
111
65
61
48
0
46
63
27
77
53
95
126
34
98
40
20
64
14
89
121
83
52
129
17
134
40
129
53
133
58
129
85
83
131
122
48
14
126
122
125
135
42
85
17
107
86
106
119
125
131
122
15
67
0
62
67
0
76
58
34
65
32
50
28
27
27
33
75
78
55
31
67
30
75
35
72
24
84
26
90
82
77
75
80
29
23
71
70
50
75
25
78
19
65
67
67
53
61
73
69
23
45
7
42
42
9
47
29
14
55
37
15
21
20
28
33
30
48
27
34
30
19
29
32
50
22
49
22
29
29
52
27
28
19
15
37
56
51
49
41
27
9
59
49
25
52
56
23
58
12
12
9
19
13
9
82
26
63
51
22
81
21
12
25
27
61
79
44
15
79
14
76
27
63
15
73
21
70
66
46
75
76
21
24
81
83
74
77
21
64
12
58
84
69
64
82
74
69
25
42
0
41
45
0
83
26
79
88
33
104
16
38
38
39
86
72
76
80
58
37
85
80
118
100
88
101
82
61
88
114
96
94
93
116
87
96
128
36
116
17
95
74
106
100
108
125
127
33
47
98
39
42
90
87
12
19
90
78
90
67
72
75
79
16
76
21
65
15
2
81
2
16
3
17
73
96
15
9
13
17
2
19
16
17
13
85
5
19
70
15
16
32
80
22
92
93
70
11
3
13
10
0
