531
275
521
549
383
542
263
412
402
406
535
567
329
420
575
315
565
405
566
385
584
396
536
350
530
547
545
375
344
531
549
556
554
386
513
335
369
536
537
510
549
539
548
381
303
335
313
321
345
316
94
346
341
79
337
261
62
191
272
335
340
134
277
361
239
349
86
369
72
87
286
337
106
127
354
74
282
238
352
99
347
118
337
204
269
121
320
406
397
402
79
405
340
80
68
72
79
0
440
202
468
476
224
476
196
191
177
184
487
433
320
204
181
200
474
197
495
194
476
154
453
299
209
466
197
216
199
487
470
476
490
171
193
220
374
201
287
444
221
220
223
144
169
164
334
321
158
414
153
541
413
164
203
92
224
236
232
549
316
245
6
335
7
354
2
234
0
318
3
279
277
304
239
341
6
3
351
336
323
280
5
323
4
291
347
324
254
266
344
326
4
241
0
233
219
3
133
64
143
133
23
129
56
37
74
14
145
141
172
16
117
12
154
19
134
64
150
73
164
116
177
166
167
76
23
167
168
160
159
24
185
78
152
126
154
151
156
152
157
81
85
0
91
95
77
239
164
132
209
4
245
0
5
97
5
219
244
251
3
184
2
242
109
256
111
250
5
241
181
266
263
246
5
2
252
281
256
248
113
251
102
274
172
250
242
244
279
249
8
160
115
245
253
0
2
47
3
3
10
32
1
29
30
2
3
69
27
0
68
0
2
45
71
1
2
1
2
1
84
46
86
45
1
2
79
88
3
1
166
25
105
155
2
3
158
158
162
1
2
2
1
2
0
178
82
136
176
48
178
45
27
46
47
117
140
180
37
121
48
144
69
210
64
206
68
178
130
118
113
188
57
55
197
193
190
196
38
133
16
171
139
168
175
173
120
172
34
117
61
96
99
0
206
126
206
213
33
220
25
288
35
31
291
284
203
236
151
37
212
30
205
30
221
319
227
330
168
340
358
297
309
371
385
227
235
294
346
61
222
334
370
194
242
236
374
51
347
0
340
159
0
218
142
125
196
99
229
80
80
96
97
231
154
241
60
210
103
252
115
148
115
247
103
162
256
134
147
257
126
114
263
280
163
173
131
227
95
208
155
281
269
141
285
165
118
123
0
108
147
93
201
111
218
294
44
153
48
56
81
60
236
233
122
57
253
62
250
44
246
69
247
68
230
164
229
247
233
61
51
220
244
255
249
72
221
63
220
226
200
242
236
237
259
61
156
0
155
170
0
260
182
121
203
51
187
38
96
91
52
207
196
153
96
197
57
261
100
198
34
267
53
260
248
280
284
282
92
76
192
270
153
207
93
266
60
226
226
209
152
232
199
218
32
175
17
168
164
20
89
73
38
81
58
50
86
83
46
61
81
77
39
56
85
73
95
38
84
96
87
80
81
79
81
87
77
22
67
71
84
88
85
68
66
14
91
66
51
91
85
57
86
54
17
41
38
20
45
154
57
160
112
46
167
53
35
55
58
161
188
94
46
181
43
168
65
151
42
169
71
184
150
111
196
194
50
80
185
183
195
204
73
159
22
142
196
137
161
190
187
166
77
92
0
92
95
0
201
103
227
239
82
284
31
78
77
81
238
227
224
249
146
69
242
289
321
297
227
307
243
139
239
352
250
273
302
330
252
242
343
97
321
47
228
171
244
251
273
301
313
84
96
265
88
90
262
218
44
73
228
174
225
136
165
157
167
56
224
87
161
70
17
210
7
65
16
67
140
227
64
59
78
72
13
58
79
75
70
197
12
69
163
62
68
129
198
74
233
228
156
62
14
55
58
0
