245
132
258
251
146
252
92
150
150
150
258
244
176
148
249
146
250
146
249
140
247
143
242
146
251
255
226
136
120
238
248
220
237
129
224
128
134
227
227
227
230
213
226
130
173
135
167
177
138
60
9
57
60
16
59
48
11
45
40
58
62
27
47
59
44
61
15
67
14
13
54
65
12
28
62
13
49
48
60
13
69
15
49
30
47
16
51
64
62
63
14
60
48
18
14
16
12
0
106
44
104
112
27
106
26
25
24
25
112
114
64
26
17
21
109
23
95
20
114
21
123
87
25
111
27
27
26
109
120
125
116
48
23
28
105
26
105
152
26
29
30
47
26
26
113
103
21
48
14
185
47
13
158
128
143
143
145
190
44
42
0
48
0
51
0
43
0
49
0
42
45
44
29
42
0
1
45
44
43
36
1
46
0
43
52
51
44
41
53
46
0
45
0
48
45
0
48
9
47
48
2
56
12
4
15
2
55
45
58
2
48
1
51
2
50
13
45
10
49
45
55
58
47
10
0
48
52
49
50
1
55
10
46
45
49
54
51
51
50
19
49
0
53
52
12
27
8
18
25
0
29
1
1
6
0
28
25
31
1
24
1
26
10
26
9
25
1
22
21
31
27
26
2
2
26
30
27
26
9
27
9
31
19
26
28
31
31
28
2
23
11
30
28
0
0
6
0
0
0
4
0
4
4
0
0
5
3
0
4
0
0
3
4
0
0
0
0
0
3
3
2
0
0
0
6
4
0
0
17
1
13
16
0
0
19
17
17
0
0
0
0
0
0
39
7
37
42
0
41
2
2
2
2
25
34
36
2
31
2
32
2
36
2
38
2
38
33
31
28
33
1
3
37
37
38
37
2
34
0
41
37
40
39
39
34
39
2
35
2
33
33
0
88
35
61
87
1
86
0
113
1
2
203
113
94
51
80
2
89
2
97
2
92
119
94
211
81
205
207
90
112
216
213
93
96
105
210
3
88
183
203
81
97
85
215
3
203
0
201
87
0
104
93
31
93
10
108
5
10
10
11
102
105
109
4
105
15
116
14
104
14
111
11
115
116
110
100
109
17
16
113
117
116
112
17
110
8
106
117
119
105
101
111
113
11
101
0
103
113
9
73
26
77
100
7
79
21
2
22
0
73
123
80
47
116
1
120
35
114
45
116
45
118
83
68
121
120
46
0
118
115
122
123
61
68
0
99
68
117
142
132
139
138
0
65
0
65
75
0
124
131
107
187
64
119
54
4
4
62
181
180
114
3
176
63
129
5
176
45
133
58
136
129
133
142
137
5
2
177
140
126
179
4
140
7
126
136
178
129
137
173
131
67
130
2
134
128
2
109
5
6
106
99
3
6
5
92
101
9
55
11
55
8
5
10
55
55
5
62
5
8
4
54
9
6
17
7
56
56
62
59
50
6
13
51
57
4
52
53
6
54
4
2
6
4
2
3
51
17
19
12
35
51
10
31
39
37
24
58
29
9
53
7
54
44
19
33
55
42
51
16
17
46
51
7
41
47
55
47
55
33
15
10
13
45
42
19
52
50
19
36
9
0
10
11
0
71
19
76
78
52
130
39
49
53
55
74
27
64
112
29
45
69
135
133
132
77
129
69
33
65
131
71
132
134
133
71
71
132
57
131
17
74
66
78
81
132
133
131
52
12
126
14
14
124
72
0
2
72
67
69
66
71
70
67
1
66
2
60
3
0
62
2
3
1
2
66
53
2
2
2
1
1
0
0
3
1
56
1
2
52
0
2
5
52
1
55
56
55
0
1
1
0
0
