539
264
539
562
322
554
205
350
363
355
557
528
334
337
560
307
528
329
538
344
548
334
550
332
529
539
542
328
286
535
542
537
540
333
563
278
330
571
559
581
571
577
566
331
329
301
321
331
304
374
96
377
388
87
369
267
60
189
261
401
403
154
289
419
238
412
82
419
69
115
313
407
117
151
408
86
295
236
416
114
407
128
258
251
205
118
259
374
385
381
95
392
279
92
63
89
96
0
359
129
384
382
173
398
133
118
113
133
400
388
254
141
133
140
390
150
428
168
411
144
387
295
152
409
162
160
163
394
397
406
420
127
166
165
346
170
273
413
165
172
173
118
137
132
284
287
136
368
196
485
379
125
214
89
160
181
183
507
335
282
5
338
5
368
7
313
10
337
10
317
355
378
284
401
9
14
402
398
367
379
22
349
3
336
419
351
316
335
414
341
4
260
0
250
256
5
215
115
247
238
80
239
80
56
92
63
230
244
194
64
192
64
242
91
251
81
244
85
217
180
182
201
240
93
77
240
243
241
248
76
196
88
214
185
235
227
234
240
244
87
111
0
107
112
83
209
225
104
238
41
185
35
36
87
45
241
250
202
34
165
35
229
92
244
93
253
41
250
153
197
197
243
57
38
247
211
250
250
100
233
97
209
155
196
242
238
221
255
36
101
98
172
165
0
9
168
17
17
42
126
11
115
146
10
15
212
88
12
217
10
10
118
208
9
13
12
10
13
170
175
149
51
12
7
197
197
16
14
190
28
134
182
11
11
183
189
179
12
6
10
3
10
0
218
106
161
235
73
227
74
54
67
67
155
180
211
46
154
60
167
70
221
65
234
65
217
164
153
136
223
88
61
233
220
215
227
85
176
46
247
193
247
257
243
149
250
86
155
91
135
130
0
276
140
292
319
135
310
112
225
134
137
268
275
311
187
207
136
315
107
311
139
321
224
305
324
224
313
342
222
234
327
335
310
317
211
321
133
251
294
311
247
305
315
333
124
303
0
301
167
0
279
167
153
267
113
277
68
90
105
124
283
169
265
67
210
95
274
118
165
112
270
118
190
259
178
185
272
102
99
271
272
209
216
102
230
104
225
198
275
259
186
284
214
86
135
0
137
189
89
230
108
270
289
67
160
50
90
96
81
266
280
190
82
274
88
288
67
286
89
281
91
270
191
251
264
263
79
85
270
261
269
282
77
242
81
262
233
228
284
281
285
291
90
159
0
155
161
0
168
163
97
192
93
112
66
70
65
80
189
176
133
68
171
68
189
55
162
58
193
69
203
185
190
188
192
64
57
165
182
114
168
72
158
51
172
167
156
100
158
162
165
71
91
17
100
93
10
164
92
59
170
104
71
86
82
78
100
119
159
76
74
115
73
106
66
150
79
142
75
108
103
138
100
108
44
66
116
137
123
113
90
99
30
146
105
70
136
152
85
154
44
47
48
73
47
27
180
58
173
109
70
183
73
47
65
76
168
171
90
67
180
62
182
71
158
46
180
71
197
157
125
205
209
59
86
191
205
214
191
87
160
45
141
206
159
164
213
202
158
95
88
0
88
91
0
273
121
271
277
98
324
52
103
94
94
284
275
300
211
189
110
291
209
329
268
305
274
305
175
307
335
327
246
256
344
318
319
366
135
353
48
323
209
324
309
290
349
352
116
159
241
160
157
240
228
33
100
241
172
229
141
153
163
160
66
227
66
156
87
24
230
13
82
28
95
125
259
81
74
97
93
31
56
103
89
94
210
27
85
169
79
99
123
202
91
245
258
163
65
24
69
55
0
