247
115
245
242
113
257
88
114
113
116
243
237
106
119
252
94
245
109
238
115
244
105
199
123
202
201
200
99
92
192
198
200
197
94
205
83
131
191
196
193
198
204
198
104
128
99
130
136
101
80
12
75
75
21
76
62
14
57
66
76
85
40
66
92
65
86
19
88
18
21
69
85
19
28
86
14
66
68
83
22
91
22
83
46
62
18
83
93
95
99
11
91
82
13
12
13
10
0
94
31
102
103
26
95
27
29
27
24
97
87
67
25
21
18
79
22
87
13
90
15
103
75
25
103
29
29
32
110
107
110
117
28
21
25
94
27
94
118
26
28
23
30
26
23
82
82
17
79
37
139
78
17
88
55
66
70
70
133
72
58
3
76
3
88
3
64
3
70
6
80
77
85
55
93
3
13
95
103
72
83
11
74
3
60
84
75
62
78
88
74
3
53
0
44
53
2
48
21
50
57
11
51
10
10
13
12
57
50
51
3
40
4
49
6
53
12
55
14
52
38
46
50
53
14
9
48
52
50
53
6
53
9
49
46
54
52
56
53
57
12
41
0
40
45
10
29
30
14
32
9
24
8
11
10
9
33
37
27
3
26
8
36
12
32
12
36
9
35
22
32
25
41
16
10
42
29
36
37
13
31
12
30
24
27
30
35
36
37
7
21
16
29
31
0
0
12
0
0
2
10
0
9
11
0
1
23
7
0
18
0
0
8
21
0
0
0
0
0
24
13
18
14
0
0
26
20
0
0
14
2
6
14
0
0
17
14
15
0
0
0
0
0
0
27
19
35
38
3
38
3
4
3
3
29
39
30
1
34
2
25
2
32
2
31
2
36
35
32
25
36
7
1
38
36
36
36
1
35
0
29
29
27
31
33
30
32
1
30
7
24
30
0
56
32
52
58
7
61
11
81
11
11
110
75
55
48
57
7
63
8
58
8
62
90
67
124
55
125
127
76
96
135
129
67
62
84
125
10
62
103
126
54
63
64
133
9
125
0
110
49
0
64
54
21
65
6
60
7
9
12
13
67
59
63
7
62
13
69
13
57
15
72
14
62
69
65
61
69
16
16
64
70
64
63
24
66
11
69
66
71
74
58
79
55
27
53
0
50
60
9
60
19
63
86
13
55
18
7
24
9
68
87
56
29
98
5
84
20
90
29
89
29
82
71
62
83
87
25
7
94
97
89
97
26
69
7
75
69
79
90
94
93
94
7
54
0
53
59
0
78
58
55
87
23
64
18
23
23
24
86
88
60
20
85
28
76
20
88
23
75
26
83
75
83
81
81
22
23
86
88
63
88
23
80
25
78
76
90
58
78
88
73
38
64
3
61
63
5
58
14
9
64
48
12
9
8
47
50
21
41
18
27
14
12
19
26
39
14
42
12
23
17
44
23
23
13
12
42
46
46
46
40
17
15
58
53
12
56
55
18
58
5
12
5
15
11
6
55
11
25
12
32
48
8
23
31
35
25
45
27
9
47
11
47
32
21
22
42
31
52
24
25
49
54
12
35
50
51
49
53
51
27
14
26
63
60
26
68
69
25
51
12
0
12
15
0
73
25
78
79
45
75
32
44
49
49
76
38
72
69
35
42
79
83
89
90
83
96
74
38
78
96
76
87
89
93
73
77
97
47
100
11
73
55
76
75
89
99
99
49
25
88
21
23
88
68
8
5
71
58
68
58
60
62
56
4
67
4
62
8
4
68
3
7
3
6
62
68
7
6
7
5
4
5
4
8
5
69
4
6
56
5
10
9
58
6
66
62
54
4
2
4
3
0
