402
203
419
421
273
409
199
295
303
302
428
413
251
298
415
244
425
300
425
300
438
298
403
255
411
411
420
302
249
425
416
421
417
306
436
248
270
439
439
437
452
421
438
302
229
274
210
212
268
269
59
270
292
59
291
203
47
144
197
298
283
137
178
283
159
287
53
299
45
92
198
275
107
143
293
97
205
163
274
108
276
105
167
193
135
100
190
270
269
282
90
273
181
75
32
74
77
0
22
13
22
20
12
21
6
8
7
8
24
15
15
8
9
7
18
12
21
5
18
7
16
12
10
12
9
10
5
14
19
16
17
0
7
9
18
7
16
18
11
11
8
0
9
8
15
14
8
278
133
391
289
142
137
80
183
202
189
398
230
187
6
251
8
273
19
225
17
236
20
242
257
270
202
271
9
21
271
276
228
256
14
246
6
222
278
242
288
236
276
222
5
175
0
152
165
7
214
135
249
252
86
231
54
35
68
77
238
238
181
81
180
70
247
82
236
60
234
57
229
210
173
184
252
65
80
242
239
243
237
76
195
60
232
209
250
251
235
243
247
60
147
0
128
144
63
12
155
20
156
136
15
140
131
5
151
150
156
13
102
137
152
152
4
150
7
155
134
149
79
12
12
140
131
137
154
10
134
136
7
147
9
14
79
11
144
150
10
153
145
4
7
10
10
0
22
122
28
23
38
102
21
99
98
17
24
142
74
18
147
16
24
85
160
15
32
21
26
25
135
118
133
38
19
17
144
149
21
19
163
38
117
162
23
24
169
170
169
19
21
22
11
20
0
144
65
103
155
47
157
56
47
56
57
105
98
124
51
97
53
124
63
157
67
159
65
160
104
88
139
174
72
91
173
174
179
176
72
111
56
161
158
164
171
161
95
164
83
98
69
91
84
0
166
104
168
182
58
178
56
192
45
54
211
203
166
166
134
56
181
47
172
52
180
233
176
259
130
238
268
205
230
236
259
180
169
210
245
42
141
247
237
154
165
172
260
32
224
0
227
105
0
78
78
36
62
15
70
23
12
38
13
74
87
63
6
60
7
66
13
86
12
72
7
74
73
44
80
76
15
11
67
74
84
88
8
68
39
55
90
61
58
87
66
90
9
39
0
40
69
21
162
73
188
161
26
85
12
75
38
64
175
166
115
41
159
81
169
25
161
39
170
38
175
129
174
172
164
40
64
177
169
179
183
43
157
72
175
172
143
183
190
179
188
65
96
0
98
104
0
186
144
94
173
41
135
31
64
59
40
163
150
116
76
156
36
195
70
155
27
198
35
205
184
193
191
192
69
62
162
194
128
163
63
189
60
166
163
169
117
174
165
156
46
115
23
107
109
18
162
71
74
184
85
85
5
6
45
78
108
162
105
77
95
5
93
45
176
6
163
3
91
79
174
102
102
56
4
130
181
182
184
69
97
22
168
124
96
146
161
103
182
3
102
2
99
103
1
102
18
49
21
85
104
42
60
85
90
52
91
23
35
87
36
90
72
51
53
96
72
96
61
25
102
102
40
76
95
98
100
104
85
58
18
42
99
70
62
108
106
63
84
15
0
10
13
0
148
69
161
153
46
221
16
45
46
45
163
168
164
168
102
42
182
194
230
211
173
230
183
115
187
242
190
206
212
237
190
195
251
50
256
36
182
138
188
192
236
251
260
35
93
200
91
92
199
157
33
72
155
102
147
77
93
101
101
50
174
38
98
73
27
173
16
60
29
87
64
159
72
58
75
91
27
38
71
78
78
128
23
86
105
76
88
101
105
86
159
159
77
72
21
59
64
0
