568
278
583
562
359
578
244
379
391
376
586
551
330
375
544
330
553
373
558
384
556
362
510
293
517
512
520
344
267
517
528
527
512
343
528
303
294
526
515
508
529
539
535
354
328
327
324
326
333
337
93
334
341
80
342
226
72
158
225
325
331
149
234
349
166
364
89
352
83
125
239
342
139
167
354
101
230
172
345
132
353
133
218
263
159
145
228
366
359
352
115
350
230
100
79
92
96
0
348
158
376
380
166
391
124
127
121
135
415
410
304
157
148
150
423
161
444
168
456
128
431
268
155
425
152
164
178
441
457
459
456
136
165
177
355
168
262
427
176
179
184
124
137
133
302
305
142
282
135
460
307
124
193
122
211
213
224
464
236
191
2
243
1
302
19
220
23
247
30
275
243
282
216
303
4
30
325
310
235
299
41
249
1
247
311
250
264
268
309
253
2
184
0
173
177
0
202
89
209
206
97
212
72
51
98
66
221
218
185
72
172
85
226
102
232
90
221
87
209
151
161
170
197
95
83
209
206
206
201
72
172
77
185
162
211
203
213
202
212
90
97
0
89
96
87
203
211
104
220
44
200
40
42
78
44
234
229
206
35
176
39
218
87
234
104
226
53
231
151
208
212
244
49
41
242
223
236
236
89
233
86
237
154
230
248
240
218
229
54
107
98
190
180
0
9
124
10
12
29
94
9
85
97
7
13
165
73
7
160
9
6
79
176
7
11
9
12
7
178
131
158
79
8
9
190
204
13
10
151
36
114
155
10
9
157
165
150
8
10
9
3
11
0
201
99
149
196
59
202
77
57
76
77
145
149
193
57
146
66
169
75
198
77
206
80
173
155
145
144
190
73
77
190
192
195
199
79
162
45
199
165
201
216
213
143
217
78
139
61
112
118
0
227
122
234
242
85
248
69
250
84
95
313
257
214
187
165
87
230
78
223
79
228
263
242
353
198
341
360
253
287
380
362
234
233
242
344
81
202
315
349
191
232
220
361
60
330
0
342
165
0
248
175
136
219
74
231
72
71
107
77
240
175
229
53
209
91
235
89
190
94
239
99
188
245
201
179
227
94
86
237
235
182
220
93
238
113
209
176
255
262
192
259
200
87
136
0
150
191
104
215
99
244
259
68
190
40
66
76
53
240
276
210
73
276
72
262
56
279
76
273
74
257
226
238
276
259
64
73
244
263
260
254
83
220
63
253
229
226
265
268
269
279
79
165
0
162
162
0
223
185
125
227
88
171
52
66
61
99
242
229
189
56
249
74
243
54
244
54
242
71
239
241
244
245
259
58
61
236
253
188
227
56
232
61
210
229
238
185
226
236
207
75
155
20
147
155
6
149
96
49
156
91
60
93
82
63
92
111
130
86
78
126
84
130
68
139
82
144
84
121
112
139
128
116
51
69
98
123
125
130
70
101
36
130
105
80
127
121
92
134
56
40
40
75
43
43
142
41
121
93
53
152
69
39
64
54
136
152
77
62
150
57
162
62
127
43
164
58
162
123
114
148
148
63
57
151
155
162
158
75
153
37
128
176
146
132
172
179
148
77
80
0
69
70
0
240
93
251
253
84
280
37
87
81
81
240
216
226
238
178
89
239
252
314
289
251
301
238
154
243
303
250
255
251
305
240
240
333
98
306
54
241
169
259
266
267
328
348
79
120
265
115
108
247
216
51
85
208
169
228
112
157
158
161
49
247
78
171
89
21
245
11
74
21
84
139
231
83
72
81
83
25
65
83
74
84
179
20
85
153
59
77
125
175
90
235
238
152
67
22
59
55
0
