153
72
167
156
73
166
43
79
77
73
161
151
83
83
151
61
154
81
157
75
147
84
126
82
134
129
126
75
61
120
128
128
130
73
124
60
99
141
139
131
134
144
138
73
84
69
91
93
72
74
13
72
76
10
75
63
9
48
62
74
74
26
64
77
48
78
14
78
10
13
66
82
14
38
78
12
74
56
81
14
84
17
87
36
67
16
69
100
103
102
14
103
82
16
12
15
17
0
81
34
93
97
29
93
46
52
44
47
92
73
43
28
20
22
79
29
80
28
78
25
82
51
28
87
25
26
38
91
87
81
86
49
24
30
73
25
99
101
32
32
31
52
25
23
55
54
22
91
34
143
92
24
83
28
51
55
53
143
73
61
1
77
1
88
3
65
1
76
4
67
71
84
58
84
0
1
82
80
74
71
3
66
1
70
75
72
71
50
80
66
1
67
0
57
61
1
34
26
39
42
2
41
10
12
13
3
41
44
42
3
39
3
39
6
46
11
46
12
54
36
43
51
57
15
5
53
55
50
55
2
53
14
41
35
41
47
43
37
42
14
31
0
38
34
15
39
28
30
41
5
41
4
3
12
4
39
47
46
1
36
4
40
8
45
14
46
5
46
28
51
42
51
6
7
48
49
46
46
18
47
12
50
37
39
47
48
49
42
4
31
17
40
43
0
1
17
1
2
3
10
1
9
11
0
1
26
5
0
24
1
1
8
26
2
1
1
1
0
8
8
9
1
0
1
10
14
4
1
23
4
13
21
2
1
24
23
26
2
0
1
1
0
0
26
25
28
32
8
31
5
3
5
5
27
32
31
4
29
8
29
10
39
9
35
10
37
34
27
18
36
8
11
40
39
35
35
9
29
3
39
31
35
38
36
28
39
9
29
9
29
26
0
51
21
49
49
25
52
24
59
24
23
67
39
51
29
27
29
50
27
56
25
57
63
64
68
32
66
74
42
59
77
72
64
56
46
73
27
35
63
66
43
50
50
76
21
65
0
68
28
0
40
30
33
41
14
38
11
18
12
19
48
28
44
12
46
19
43
18
41
22
45
20
34
51
33
37
49
16
11
43
44
35
38
22
44
15
44
34
55
54
33
57
37
21
31
0
30
31
15
66
19
73
78
15
71
10
10
15
10
76
87
74
24
89
9
84
15
92
20
85
22
89
75
72
87
91
30
11
96
84
92
85
35
71
8
104
64
80
98
103
98
95
8
56
0
57
58
0
51
27
45
56
18
44
11
8
6
17
59
60
50
10
58
10
49
10
59
6
60
9
56
62
56
55
53
6
5
53
50
47
50
7
53
7
54
55
55
44
54
54
55
10
47
1
45
42
4
29
11
12
34
21
10
11
13
17
23
17
24
17
20
14
13
14
15
27
12
30
14
16
13
27
11
13
12
10
27
24
29
26
35
11
4
40
34
7
42
37
12
38
8
10
9
11
10
7
33
10
19
16
27
34
8
19
25
24
20
35
18
8
38
11
41
22
22
21
31
23
34
23
24
35
43
6
22
34
40
39
32
21
19
11
21
45
27
25
40
38
25
19
13
0
12
18
0
54
21
60
63
33
69
8
29
27
25
63
43
68
53
47
30
68
52
84
67
69
66
82
41
80
81
88
55
61
82
83
79
80
44
76
18
82
74
95
92
77
85
88
39
32
61
31
28
61
68
6
12
66
61
63
58
60
61
63
11
69
14
62
13
3
72
0
11
2
10
57
83
11
11
13
12
4
7
10
13
11
75
4
11
74
10
9
17
86
12
84
90
80
8
1
6
6
0
