480
221
482
500
330
497
235
332
358
344
491
464
272
324
456
278
470
339
458
312
478
306
438
258
451
452
456
308
264
458
450
458
438
321
468
269
278
456
477
455
481
463
463
315
266
280
269
277
291
297
75
298
297
80
307
216
52
136
236
300
316
125
215
332
190
329
74
344
66
106
238
292
88
120
304
75
198
173
312
97
294
100
188
234
133
95
202
306
320
304
81
296
212
67
59
66
73
0
338
143
343
364
158
351
117
110
107
123
374
364
230
144
131
135
375
142
369
133
377
117
316
213
148
345
146
149
117
359
361
358
357
96
138
156
286
149
217
339
145
150
150
86
117
101
261
258
101
305
159
420
324
130
151
71
178
189
178
424
249
205
3
259
3
289
13
217
11
252
19
266
235
267
208
307
6
16
302
302
251
284
15
258
2
233
305
251
228
250
299
264
1
173
0
155
165
1
170
94
172
177
65
174
69
44
77
56
174
178
141
40
155
59
183
67
192
72
184
73
193
141
138
146
193
78
73
188
184
198
196
69
152
75
146
155
187
199
191
186
187
81
78
0
82
86
76
161
175
92
202
27
152
17
27
73
26
193
194
170
23
136
25
176
83
203
84
189
37
194
125
178
151
203
27
24
205
183
208
202
74
200
82
184
128
165
195
205
180
197
39
82
86
145
147
0
12
155
13
11
30
100
9
100
113
9
14
189
70
8
207
11
10
103
201
10
12
10
12
10
160
139
144
44
8
9
165
168
12
10
142
16
92
140
11
8
139
136
136
9
7
12
5
8
0
158
69
115
150
39
149
41
30
40
37
108
114
145
31
95
38
120
47
163
55
155
54
150
114
103
100
148
59
51
153
155
147
149
44
120
19
150
135
148
161
155
100
160
54
102
52
85
82
0
185
108
185
193
55
205
55
204
61
58
261
239
180
183
125
59
191
49
198
58
204
226
188
276
137
275
295
218
254
292
298
203
204
226
279
54
168
284
312
164
198
218
303
35
292
0
263
143
0
188
149
111
191
83
194
53
68
83
79
210
139
187
45
168
83
193
83
157
78
183
91
153
194
155
147
182
76
66
197
185
172
175
61
163
86
183
163
192
192
164
198
176
62
111
0
118
163
89
171
92
209
219
46
159
26
56
60
51
198
236
179
60
222
62
229
42
225
59
236
60
239
188
206
251
243
63
56
252
233
242
237
58
193
54
227
189
201
232
240
253
235
56
140
0
137
148
0
186
121
91
166
55
122
31
65
65
52
162
142
121
67
151
51
204
66
155
38
199
51
202
204
216
221
217
65
60
153
203
127
153
58
195
53
191
186
169
135
179
173
185
50
125
12
109
97
17
99
80
49
115
70
55
69
62
58
74
96
117
60
70
83
68
88
58
107
71
116
72
85
86
121
87
85
55
62
96
115
109
108
72
78
32
101
94
67
103
103
63
114
47
30
43
51
32
33
118
27
120
64
43
116
57
25
46
39
110
108
70
54
109
63
113
48
114
33
115
42
129
108
97
120
124
58
46
122
114
111
123
58
111
26
113
124
99
122
137
140
111
55
55
0
59
59
0
171
86
192
183
51
238
13
57
59
58
197
168
205
194
141
61
195
222
262
255
188
237
203
143
206
261
206
224
229
279
203
204
275
81
279
48
206
165
218
214
240
265
273
68
107
203
99
103
188
193
36
65
196
156
191
106
149
142
137
44
209
96
156
59
11
207
10
63
19
70
137
233
63
63
58
63
22
59
64
61
74
179
16
62
152
41
73
96
175
74
223
227
145
56
17
47
49
0
