218
115
230
220
138
226
97
146
144
141
222
237
143
142
229
121
234
144
224
131
234
140
228
134
218
232
223
112
107
218
227
232
217
135
221
116
135
231
237
226
220
236
236
133
134
120
134
132
126
121
17
122
124
15
133
100
11
87
105
129
121
33
124
132
110
138
16
135
14
24
122
137
21
34
145
13
133
113
147
24
147
23
113
50
104
25
117
144
143
141
19
144
130
19
12
19
16
0
160
63
180
171
48
162
74
76
67
76
169
185
117
39
35
40
186
48
190
93
198
88
191
95
45
188
50
48
88
202
197
205
196
63
45
44
135
47
105
161
43
48
49
47
38
32
104
116
34
136
64
201
152
59
91
34
89
96
82
218
124
90
1
117
0
144
4
99
7
128
9
121
105
139
97
156
0
6
154
162
119
133
4
122
0
114
140
116
103
114
142
121
0
91
0
85
90
0
55
21
59
47
9
58
11
7
14
7
67
57
53
8
43
9
56
9
61
15
54
16
58
46
54
55
55
17
14
63
62
61
56
11
54
18
52
51
61
62
60
65
59
12
44
0
36
37
15
71
47
54
79
6
71
4
7
17
4
83
82
80
3
66
2
81
15
83
17
82
4
76
74
77
77
85
6
4
81
83
80
80
19
88
18
89
70
88
89
91
86
92
8
59
21
73
80
0
0
52
0
1
6
40
0
41
44
0
0
42
26
1
46
0
1
20
43
1
0
1
3
0
66
49
61
16
1
1
65
64
2
1
62
12
48
63
1
0
66
58
62
0
0
0
0
1
0
58
32
41
58
27
65
24
16
24
23
40
41
61
14
36
19
44
26
65
29
63
25
64
41
41
39
64
30
31
65
69
64
65
35
40
13
68
49
64
70
66
34
79
34
41
33
31
34
0
87
35
83
90
42
98
31
96
44
43
117
81
88
67
50
38
82
26
88
37
87
99
95
124
46
120
128
98
118
117
125
86
94
98
128
23
59
100
125
54
65
69
132
16
119
0
119
35
0
63
40
26
70
31
62
16
31
22
31
67
30
48
13
44
24
61
25
34
26
64
26
42
57
38
35
56
22
23
64
65
37
46
25
48
18
45
42
61
62
33
60
45
25
35
0
31
43
20
75
35
82
65
9
49
7
31
15
30
87
75
46
13
62
30
63
10
68
13
74
11
63
53
89
69
69
15
35
67
70
76
74
18
90
29
72
81
64
77
78
78
78
29
46
0
41
54
0
99
43
58
82
12
66
12
28
25
14
81
82
67
24
85
15
95
27
80
9
101
12
102
96
102
105
103
21
17
81
102
70
93
22
90
13
89
83
83
71
91
90
80
18
71
5
60
60
7
31
14
5
33
30
12
10
13
20
28
17
41
12
23
18
13
13
24
29
14
24
15
13
14
26
13
16
8
8
22
24
29
33
20
19
4
28
23
14
26
33
13
26
7
5
8
12
7
12
43
19
35
30
22
50
12
11
24
20
39
55
31
16
55
11
62
29
40
22
58
27
57
40
33
65
61
11
35
61
60
58
67
37
32
12
23
72
47
37
67
67
34
39
24
0
16
19
0
92
32
98
93
27
130
18
25
26
22
89
82
84
98
50
21
88
101
135
114
89
114
82
56
85
145
88
109
115
134
84
83
148
27
151
12
94
58
85
96
124
140
141
24
50
108
50
47
100
69
18
38
69
35
68
27
35
41
41
23
85
25
59
35
11
95
5
31
9
42
46
93
45
28
39
35
10
19
38
36
38
70
10
36
73
30
40
51
97
46
122
115
82
28
5
29
27
0
