397
205
399
398
275
393
211
294
288
291
383
366
219
273
359
251
371
261
373
259
359
259
377
215
373
352
361
256
227
366
365
371
363
259
358
209
220
370
358
352
373
368
363
259
214
241
223
230
239
171
29
186
176
43
188
127
32
110
128
168
130
51
78
123
61
122
35
125
34
40
82
116
43
47
119
37
72
64
120
42
127
40
93
84
78
50
109
148
140
137
41
144
103
35
31
35
31
0
230
101
248
250
88
261
71
61
62
63
259
222
157
79
59
70
223
74
247
50
248
29
257
171
82
274
86
89
83
295
278
280
291
125
93
97
245
104
216
315
106
112
111
100
62
61
193
211
66
157
69
297
164
93
170
119
201
191
192
327
100
83
2
106
1
153
9
102
16
105
23
140
103
139
96
163
1
22
158
160
110
144
27
121
0
105
143
127
108
146
171
124
1
74
0
71
68
1
59
36
65
64
10
72
34
28
39
7
62
71
89
7
54
11
71
9
76
40
71
43
94
44
78
78
90
44
31
90
94
87
89
37
93
34
80
73
90
108
98
98
97
38
34
0
45
43
39
101
117
51
119
26
94
19
25
39
22
117
120
109
5
82
9
114
44
118
38
112
16
150
49
106
92
145
38
30
146
111
140
144
38
164
40
116
56
105
158
152
123
155
54
50
40
93
90
0
5
122
5
7
24
92
5
78
90
4
9
165
41
2
177
5
4
72
169
5
8
6
8
3
131
103
117
27
6
5
129
131
7
6
156
23
97
156
5
4
146
147
162
3
6
5
5
6
0
251
125
204
281
83
280
63
42
68
65
179
201
270
59
180
55
174
86
279
92
276
90
287
202
178
154
288
99
107
284
292
292
279
93
212
36
282
228
279
305
301
181
297
105
188
89
180
182
0
184
73
187
199
94
202
85
201
100
100
246
207
178
157
102
79
181
77
183
87
181
214
184
257
91
241
286
193
206
275
273
191
193
193
269
89
143
233
277
149
193
190
290
78
258
0
250
87
0
199
84
77
200
125
211
36
118
46
131
217
85
186
49
149
116
188
131
83
131
196
128
80
161
95
90
168
97
94
172
181
86
85
103
130
51
146
88
179
180
88
181
85
91
61
0
54
85
42
108
35
126
143
22
129
89
84
98
85
122
139
62
91
144
81
159
84
141
84
142
95
122
59
120
127
122
69
75
118
129
127
129
73
122
72
82
122
116
137
128
130
124
75
47
0
46
41
0
206
167
131
210
55
158
34
36
30
49
208
189
151
33
191
26
204
30
185
13
204
30
201
189
217
207
210
27
26
187
192
162
193
23
198
24
181
188
199
156
188
199
176
24
162
9
153
152
14
69
45
22
72
38
30
40
39
27
27
57
67
36
40
53
35
52
30
66
39
60
37
52
48
66
60
55
15
35
55
66
67
64
40
53
10
68
49
48
67
68
39
64
24
21
13
28
24
21
143
42
150
121
22
152
32
10
28
26
158
144
114
27
153
31
140
24
149
13
158
31
143
145
105
149
134
27
24
136
144
147
144
31
136
12
132
160
117
152
141
142
151
36
126
0
118
114
0
152
77
162
167
18
252
13
18
21
18
166
128
172
197
133
21
164
211
289
228
168
223
170
144
176
295
181
224
218
302
184
181
307
28
314
14
178
158
179
161
283
289
295
24
127
211
123
117
200
98
33
92
111
35
112
20
36
38
37
60
119
81
39
90
17
122
8
90
22
93
32
124
98
91
96
91
19
15
101
88
98
106
19
100
45
93
102
101
113
98
132
130
40
75
16
74
70
0
