137
74
151
153
94
142
56
98
102
95
150
151
81
98
161
89
153
90
151
100
150
96
157
81
159
161
163
89
82
148
159
161
158
100
161
78
90
163
167
163
170
156
158
105
75
83
71
75
91
43
17
52
47
16
51
32
13
29
36
50
58
30
35
55
27
62
12
61
14
21
36
60
26
27
57
23
31
27
57
30
56
28
25
44
19
23
36
49
53
50
21
53
33
17
14
18
18
0
304
69
330
314
90
321
248
255
262
256
326
330
124
73
47
69
336
76
338
269
326
257
323
146
79
325
56
76
261
334
324
332
333
245
69
54
142
77
294
318
75
80
73
236
41
34
80
80
35
61
20
248
61
11
208
193
210
224
219
265
40
37
1
35
0
128
69
117
87
39
81
117
83
128
32
124
1
87
121
124
38
125
90
37
0
35
103
34
123
120
147
32
1
27
0
27
24
0
155
98
189
189
51
191
30
27
46
43
197
190
150
50
154
43
193
56
209
41
206
44
183
169
131
159
197
45
48
198
195
192
192
53
154
44
188
157
191
202
192
203
196
44
104
0
103
102
45
258
250
144
285
9
241
5
9
34
11
288
295
248
11
246
14
304
34
310
37
311
20
296
234
266
259
315
10
15
310
283
307
306
37
293
37
282
232
267
289
308
294
279
12
209
37
239
251
0
29
124
33
33
49
79
26
78
82
29
32
184
104
25
174
34
28
101
176
24
37
33
37
32
155
155
162
81
21
25
164
174
34
23
148
48
109
146
28
37
144
154
146
28
30
28
16
34
0
196
85
131
215
64
203
96
65
89
93
122
146
208
66
122
87
167
88
206
90
199
88
185
133
127
140
188
92
94
201
204
198
196
89
143
73
213
193
214
223
213
129
224
108
134
82
114
113
0
162
97
144
171
29
178
20
180
29
32
281
249
172
143
137
31
189
25
179
38
189
178
176
303
149
271
307
174
190
317
315
191
189
178
320
33
167
278
303
152
176
180
306
16
285
0
277
126
0
170
97
64
175
77
178
35
74
52
84
180
109
164
71
169
85
172
95
102
98
191
96
106
185
146
101
195
95
94
181
170
107
116
106
164
61
161
103
195
192
112
195
114
96
83
0
83
105
57
149
91
170
148
31
86
30
90
46
83
175
154
102
51
171
90
163
32
161
45
166
56
168
102
152
167
165
50
78
162
165
162
168
58
169
79
143
158
118
167
175
165
170
93
82
0
83
89
0
166
206
115
254
111
165
80
12
12
117
266
238
168
11
248
115
171
12
253
67
182
108
174
161
172
175
189
10
8
228
189
153
234
13
180
9
169
198
230
163
174
231
176
79
158
2
158
149
3
72
36
11
77
59
20
31
31
51
54
37
64
29
43
34
24
37
39
59
39
64
33
42
35
66
38
52
17
43
55
56
62
73
47
52
10
74
54
40
67
68
41
69
33
17
29
30
16
22
155
63
123
83
67
164
34
57
76
78
128
160
93
32
163
26
161
79
123
40
160
73
157
113
91
164
153
32
70
162
160
167
164
70
112
26
101
167
104
125
172
171
125
72
90
0
90
87
0
145
74
154
153
46
205
30
46
47
44
143
182
148
162
98
45
160
219
243
231
168
229
165
89
174
251
171
200
219
251
178
174
259
50
243
27
169
102
167
173
210
248
253
38
73
216
67
73
210
147
45
93
147
63
152
37
67
63
70
74
149
77
79
94
17
159
13
78
29
96
47
168
82
82
97
85
28
43
98
88
90
112
29
99
79
72
94
129
112
97
165
149
58
78
21
77
75
0
