520
237
542
521
346
538
212
362
344
356
552
496
232
342
517
243
515
320
504
325
510
342
458
251
476
486
474
305
266
467
480
472
481
316
462
244
280
496
496
475
493
501
499
314
219
273
223
234
268
325
67
329
325
85
347
293
33
186
280
323
335
116
262
335
219
346
86
326
47
112
269
344
132
101
356
66
280
207
349
121
363
131
291
215
216
115
231
360
357
369
63
347
304
40
20
35
45
0
324
145
346
341
151
347
102
98
89
91
328
352
225
129
111
125
342
127
381
114
363
103
333
201
136
342
135
140
114
344
351
361
340
89
111
130
308
123
254
347
134
141
139
75
85
71
266
254
80
356
202
444
360
109
180
69
159
151
163
448
309
254
9
322
5
355
8
208
2
328
9
301
248
296
261
322
9
3
335
329
300
303
7
295
0
273
331
313
249
259
331
300
2
212
0
204
209
3
93
47
107
110
53
111
34
20
38
44
105
115
66
40
93
48
115
60
114
34
119
40
104
51
67
66
93
36
44
94
95
95
91
34
67
33
70
76
77
86
82
96
89
31
35
0
42
36
33
127
118
66
132
6
111
6
5
46
8
122
136
131
9
113
8
142
49
159
59
161
13
145
105
139
146
152
11
6
145
144
152
150
58
146
55
134
108
132
133
146
142
140
12
70
51
113
109
0
5
73
5
4
14
60
6
51
58
2
5
107
28
4
113
4
6
42
110
5
5
7
4
4
115
80
101
50
6
5
117
138
6
5
126
19
73
109
6
8
110
125
122
5
4
6
2
4
0
157
72
103
148
32
149
37
28
42
36
93
112
153
36
93
43
119
56
162
58
162
59
142
107
110
91
141
43
41
154
147
150
148
47
122
28
141
112
133
134
142
93
144
41
97
47
88
95
0
188
107
190
199
50
192
56
193
50
55
202
212
190
192
144
52
189
43
186
53
199
252
204
251
154
259
272
244
274
287
278
202
200
263
262
56
167
252
284
154
187
194
281
40
267
0
247
138
0
156
92
68
159
93
163
38
82
57
96
164
90
165
45
142
89
177
96
98
99
164
97
100
166
99
99
155
71
68
160
155
95
109
70
114
52
134
102
170
147
96
151
105
72
75
0
72
91
54
120
61
134
167
31
111
23
40
52
40
141
170
112
53
172
36
176
40
173
59
180
64
157
120
135
150
149
53
35
166
164
163
164
40
134
41
135
147
140
148
156
164
164
47
98
0
93
102
0
192
72
77
116
16
96
9
100
87
12
104
109
97
100
113
12
185
88
125
13
190
15
223
204
220
216
212
92
85
120
195
100
112
83
189
77
173
154
113
98
152
118
143
13
85
30
84
80
25
68
52
24
69
38
29
40
47
28
36
60
62
44
40
56
41
59
27
61
50
62
54
48
51
69
55
55
24
45
47
64
66
57
40
45
18
49
48
41
46
51
34
50
26
15
28
32
14
17
108
18
107
78
19
106
35
17
27
22
100
112
84
29
120
28
120
21
107
22
106
23
105
94
94
106
123
30
30
117
105
105
95
32
101
21
92
120
105
86
117
130
110
33
79
0
77
83
0
139
51
140
143
39
225
16
40
31
35
143
132
159
196
124
36
146
204
245
231
161
224
150
102
153
238
154
205
223
268
162
170
264
49
256
29
145
125
163
166
235
264
267
42
92
209
86
86
207
140
41
59
151
102
150
75
101
105
103
38
159
73
126
48
8
169
6
45
11
61
111
179
53
51
57
59
8
60
65
57
65
157
2
58
127
46
51
92
147
62
171
177
119
42
6
36
37
0
