101
46
108
106
58
104
43
58
62
62
110
96
60
65
100
40
98
59
107
59
104
57
104
56
97
98
97
58
53
106
98
96
104
63
95
50
72
98
102
104
100
101
102
56
42
52
40
45
52
268
57
270
262
50
276
227
34
162
223
261
257
135
235
279
196
281
53
280
43
70
239
276
75
117
295
49
246
192
297
74
301
76
226
133
183
69
226
273
272
273
48
272
236
43
34
41
39
0
275
57
272
281
63
280
244
244
226
241
297
272
120
63
47
63
261
65
278
232
275
243
268
107
60
268
37
56
221
282
300
283
282
243
56
49
91
52
261
292
62
53
54
243
26
28
51
48
26
305
154
363
300
103
130
46
108
121
118
378
246
220
6
273
4
305
7
229
6
266
8
279
272
278
220
307
4
5
310
294
265
256
4
256
3
253
287
277
251
231
297
266
3
201
0
169
195
2
123
95
160
170
34
171
29
22
35
33
159
155
128
23
141
23
164
40
167
35
165
35
165
143
129
144
181
33
42
177
178
172
186
51
147
29
182
139
199
199
195
200
196
37
100
0
99
100
35
225
262
140
303
20
217
11
18
30
20
320
293
238
10
228
12
298
24
314
34
301
15
281
226
239
245
294
20
11
309
265
300
310
33
283
27
245
239
248
295
300
256
310
18
193
28
210
207
0
18
120
17
21
39
79
21
76
86
14
26
151
70
18
153
21
22
88
161
20
20
19
24
21
142
130
140
58
18
14
152
175
19
14
146
41
108
147
23
24
150
142
141
19
20
18
12
19
0
173
71
121
201
63
200
76
62
87
81
126
128
173
50
128
67
138
72
162
74
173
63
162
131
115
110
161
92
82
164
168
169
173
78
135
53
172
155
183
190
182
118
195
83
129
78
109
106
0
239
110
232
243
72
239
65
173
68
75
216
209
220
174
181
75
252
60
255
65
241
192
239
258
187
239
267
189
201
270
264
234
244
200
245
67
211
243
249
205
233
238
246
44
211
0
216
148
0
174
80
63
169
97
176
25
89
44
104
182
75
171
74
161
91
174
94
88
105
180
102
85
180
129
93
201
118
118
194
195
94
104
108
152
46
161
95
184
180
101
203
89
102
70
0
71
82
43
145
74
144
135
23
83
33
73
49
71
159
168
83
48
157
78
157
33
159
48
166
51
157
85
158
161
142
48
80
156
141
153
154
55
155
73
148
146
128
156
155
152
142
87
77
0
74
82
0
146
110
63
125
58
109
40
82
71
58
125
126
77
80
126
54
148
74
115
42
147
56
166
134
149
147
148
81
67
115
146
67
106
65
129
57
111
135
115
72
117
111
113
47
56
20
52
56
21
74
33
24
78
59
30
28
29
45
50
43
80
34
54
36
20
39
41
71
26
68
28
38
29
72
34
34
24
24
59
55
59
60
58
30
14
63
58
24
61
73
36
71
17
14
18
20
18
14
146
67
104
91
54
155
31
47
75
68
125
163
111
27
177
21
183
68
132
31
184
72
185
112
109
178
175
21
75
183
185
187
186
79
121
23
99
183
127
126
179
169
130
90
111
0
110
108
0
166
73
168
178
37
212
21
40
43
41
171
203
174
140
102
42
189
158
213
177
186
184
190
116
201
228
172
155
165
230
181
179
234
58
232
25
166
124
179
171
187
243
250
42
97
170
90
95
174
169
44
93
159
90
161
64
89
93
84
60
163
75
87
103
24
162
12
92
24
94
60
161
95
77
97
101
27
37
100
101
98
132
25
99
76
83
101
124
103
94
162
162
55
62
17
77
81
0
