330
162
347
335
218
353
145
240
221
237
335
335
198
237
338
192
326
225
340
214
351
217
322
202
318
318
312
212
189
317
328
327
318
217
312
183
219
316
323
326
316
337
330
230
213
204
203
213
195
179
48
192
186
46
183
144
39
109
149
193
189
77
149
200
119
201
46
207
46
50
137
182
56
69
204
51
148
132
209
54
210
61
152
105
126
60
163
202
210
203
54
200
161
53
40
53
55
0
227
89
237
243
108
246
96
99
82
84
263
243
169
100
92
94
255
107
243
100
269
78
241
145
102
247
97
112
77
249
257
243
255
54
94
112
207
116
158
241
117
121
111
51
93
84
186
196
82
209
96
291
211
86
127
60
124
129
124
297
166
139
5
168
2
186
1
149
3
178
7
182
171
188
150
213
4
13
214
218
175
204
17
177
2
158
219
187
153
176
222
174
4
126
0
117
118
4
139
66
143
146
29
147
39
40
49
25
155
128
141
14
107
15
134
18
128
51
129
46
128
94
119
133
123
50
22
138
145
140
131
31
148
45
148
114
155
153
152
153
158
45
94
0
88
90
44
124
102
48
128
9
119
13
16
50
14
112
117
120
14
90
16
105
59
121
70
121
11
122
82
125
123
121
16
16
117
132
128
124
57
131
61
137
78
120
132
125
129
125
23
53
64
109
107
0
6
77
8
7
13
87
5
79
81
5
7
107
55
5
110
6
6
67
118
6
7
5
10
6
112
84
114
53
4
5
114
117
6
5
131
33
101
139
8
7
123
123
122
6
5
6
1
6
0
143
72
93
153
70
142
70
50
70
68
99
95
134
72
83
76
130
86
155
89
157
86
154
101
85
89
162
78
92
154
166
158
157
90
107
43
146
123
150
148
148
83
164
86
96
67
84
80
0
192
88
189
206
90
195
73
171
83
89
201
186
194
145
134
83
199
72
205
87
207
173
202
231
135
215
232
174
187
237
244
193
196
175
206
74
148
203
227
150
185
189
230
55
206
0
206
105
0
204
131
94
182
59
173
34
57
55
78
185
128
172
46
149
52
186
66
108
64
195
67
128
185
145
123
194
62
61
193
197
146
161
71
178
57
146
140
193
179
136
196
152
56
99
0
106
140
57
154
71
169
135
18
82
9
77
23
67
174
149
105
39
160
70
158
22
150
39
154
33
165
140
169
156
155
29
69
155
162
166
154
35
173
75
157
163
145
164
163
173
159
80
107
0
100
104
0
131
110
72
146
51
116
38
43
44
47
134
138
108
61
136
53
138
45
123
42
136
51
141
136
151
151
163
54
48
133
157
99
141
45
137
34
124
135
139
98
119
144
123
47
99
7
85
80
8
126
44
31
124
109
33
49
42
74
97
53
101
44
81
51
42
55
63
110
44
107
36
44
37
122
42
43
33
40
91
117
110
112
92
44
21
114
84
29
117
114
33
108
31
22
26
25
17
23
105
36
86
68
48
112
42
38
57
51
100
127
52
44
118
41
115
60
105
37
109
60
139
91
63
137
124
39
61
127
125
131
119
66
87
17
77
129
83
89
136
143
93
73
53
0
47
53
0
197
99
207
199
64
215
34
60
63
59
210
197
196
146
126
61
192
147
208
163
200
178
185
122
186
233
201
152
169
226
191
197
244
51
232
27
188
143
197
184
219
242
240
47
101
161
112
104
167
152
42
86
164
89
178
52
90
87
94
62
179
64
107
96
24
189
8
76
21
93
71
186
79
77
86
88
24
57
80
82
76
123
21
87
97
84
89
145
135
92
190
191
77
70
17
65
79
0
