143
74
150
149
88
144
68
95
102
97
146
151
102
94
161
90
148
95
145
91
154
89
166
108
168
171
158
92
74
167
177
166
163
95
164
77
87
173
173
172
182
177
166
102
81
83
83
81
78
101
15
102
108
24
113
91
17
78
83
110
82
37
68
84
62
95
17
94
16
23
72
85
18
32
90
17
73
67
91
21
92
16
71
43
60
20
79
98
98
88
17
92
78
15
14
14
14
0
108
56
109
123
40
115
39
30
32
41
122
123
82
37
35
43
123
42
124
43
126
34
99
58
43
102
45
48
32
109
110
104
110
30
42
44
84
40
81
106
36
37
40
25
32
34
86
85
36
103
42
149
106
40
65
31
60
66
58
153
80
64
0
87
0
101
2
66
4
86
6
73
76
77
78
94
0
3
88
87
79
77
0
80
0
78
87
82
72
62
87
78
0
71
0
69
72
0
42
17
48
48
5
47
12
5
17
4
53
51
50
3
33
6
49
7
44
12
50
14
44
36
48
57
52
17
6
46
47
45
55
5
58
11
47
34
48
49
53
43
47
15
34
0
36
38
12
50
29
30
42
1
45
1
1
13
1
44
39
48
1
37
2
43
14
44
17
46
2
39
38
47
50
41
2
2
43
51
45
46
16
48
17
54
36
57
50
44
53
45
3
35
19
53
52
0
3
29
3
1
5
19
3
19
18
2
2
34
19
3
27
3
2
24
23
2
2
1
4
2
28
23
29
15
1
3
28
26
3
3
30
11
23
27
2
4
32
29
35
2
3
3
1
2
0
39
18
28
41
8
42
14
9
11
12
27
33
41
15
28
13
31
12
36
17
43
18
40
28
34
26
39
11
12
40
43
46
43
16
31
6
38
31
38
40
35
26
36
13
31
13
23
21
0
46
19
42
48
7
54
6
73
8
10
91
77
59
53
50
8
63
6
61
11
62
82
53
97
48
98
102
76
76
98
96
57
52
60
95
9
52
86
95
51
57
55
87
7
85
0
88
42
0
59
43
26
61
12
64
13
12
21
11
68
48
51
11
47
17
61
19
50
20
63
17
49
65
48
50
63
17
16
57
66
54
56
17
59
19
53
51
61
66
50
63
45
13
46
0
42
47
21
63
35
65
74
6
51
11
18
19
17
67
82
54
26
86
18
77
20
74
27
83
30
80
61
67
77
82
31
14
84
88
86
83
29
67
12
77
66
79
83
83
82
79
15
47
0
49
50
0
64
49
36
62
22
50
18
15
10
18
62
53
42
16
60
16
59
16
55
11
61
14
71
54
69
69
73
17
14
58
69
40
62
17
62
11
56
65
64
37
59
68
56
15
44
0
40
40
2
39
11
7
38
33
4
10
11
31
40
7
26
9
23
15
14
13
16
32
14
29
16
15
15
25
12
11
10
11
21
29
29
32
25
10
8
32
34
11
27
26
8
34
10
4
7
7
3
5
39
15
18
19
21
35
8
22
23
25
21
28
16
9
31
9
32
23
20
17
31
26
35
27
14
44
44
9
26
35
40
40
42
25
26
9
17
40
25
25
40
40
25
24
13
0
15
14
0
45
18
45
48
16
59
10
15
16
13
39
40
54
62
28
26
56
69
77
70
57
75
65
33
74
79
72
75
72
80
80
74
86
35
88
16
69
56
70
72
79
85
82
41
23
65
22
17
58
62
12
25
70
45
61
42
50
51
47
14
62
20
53
19
6
72
3
17
9
23
45
58
21
17
23
19
7
6
25
23
21
54
5
21
45
20
20
22
64
22
58
66
42
13
6
17
13
0
