211
110
226
219
158
229
111
163
175
177
228
222
151
170
228
154
241
158
231
167
229
173
227
129
222
226
238
151
137
237
228
226
213
158
239
134
135
219
234
225
240
236
222
160
133
143
127
120
155
144
29
145
151
44
148
113
35
82
110
151
132
61
94
144
73
137
42
135
32
47
91
126
43
64
130
37
96
70
138
47
127
48
93
93
78
49
100
129
123
132
41
129
101
35
31
34
35
0
151
65
171
154
75
162
51
46
38
50
169
152
112
73
56
60
151
69
165
52
160
45
151
106
64
157
71
77
44
154
163
161
175
55
60
67
150
67
109
163
59
66
67
41
41
42
135
144
47
144
79
197
132
48
102
50
92
91
87
211
118
94
3
116
1
140
6
79
4
120
9
105
106
120
92
136
3
8
124
131
116
128
18
114
1
105
144
132
90
126
139
124
1
85
0
73
83
1
67
23
71
68
18
64
31
22
40
12
67
61
68
6
56
15
67
18
69
33
72
35
68
44
72
69
68
33
21
67
68
69
61
11
67
28
60
45
66
62
67
66
61
31
39
0
34
38
29
79
74
39
82
7
71
7
7
22
9
87
89
80
12
66
7
87
31
91
30
99
13
86
56
81
71
92
9
6
86
82
95
91
39
92
29
81
52
76
83
94
79
85
13
35
40
67
67
0
3
54
2
4
3
40
1
39
45
2
4
73
22
2
73
1
0
37
79
2
4
2
5
2
66
47
52
15
0
4
55
74
4
3
51
6
31
47
3
3
52
55
47
3
4
1
0
4
0
85
40
70
93
20
82
20
11
19
21
56
63
82
14
63
19
57
25
87
24
81
24
86
68
57
50
86
25
25
94
89
90
85
29
66
14
97
71
94
101
93
54
91
30
58
26
55
44
0
99
55
100
106
30
104
23
127
41
33
148
136
97
99
62
40
121
25
115
35
111
126
100
146
79
143
159
124
126
163
158
108
121
124
154
40
98
152
162
92
114
117
169
38
146
0
143
72
0
92
68
36
83
44
115
24
41
36
47
100
67
90
36
81
42
106
48
68
46
111
50
79
105
64
67
107
44
45
96
106
67
73
38
74
29
85
68
106
109
63
106
75
28
46
0
43
58
35
63
25
63
89
15
59
33
25
43
22
67
84
59
42
100
25
97
37
89
44
93
39
81
68
72
85
90
43
19
96
84
86
87
43
67
24
75
68
74
96
93
86
93
27
39
0
37
40
0
116
71
59
97
29
86
16
45
45
28
91
97
82
36
87
26
112
38
87
13
107
20
116
107
113
115
116
34
33
84
102
70
78
31
101
27
104
100
91
67
99
93
96
27
68
8
67
62
8
43
37
14
46
30
14
26
30
25
32
36
52
26
30
35
25
40
21
61
29
58
26
29
33
48
32
33
21
28
38
47
51
53
28
33
11
49
50
30
45
50
28
52
20
9
14
23
8
9
68
27
65
44
17
71
21
17
20
19
71
63
43
23
69
29
67
20
75
10
64
16
69
62
45
75
75
22
28
79
78
70
65
31
74
12
64
73
57
82
79
71
66
30
43
0
42
41
0
80
46
93
91
26
140
9
25
24
27
91
83
100
104
64
23
93
130
146
137
94
131
94
61
92
158
93
136
143
159
98
95
159
23
157
8
93
62
87
89
151
162
158
19
50
123
52
47
107
54
14
25
62
33
53
33
32
42
33
13
62
19
38
24
5
70
6
20
6
28
32
63
23
28
27
27
8
15
24
23
30
44
12
30
42
23
27
33
51
25
64
65
31
18
7
19
20
0
