334
149
350
346
213
354
120
219
231
215
342
317
163
215
340
156
334
202
332
210
328
213
319
154
316
317
314
199
147
318
316
322
328
192
295
149
178
309
303
308
298
327
314
180
148
170
164
158
162
168
33
182
169
49
167
159
26
116
161
174
155
54
148
182
129
183
48
180
24
58
154
171
51
50
163
32
130
109
182
53
161
54
160
106
141
59
156
207
208
211
30
218
178
25
21
25
23
0
206
92
232
232
104
231
60
68
59
64
224
201
151
80
63
68
199
77
217
49
225
38
184
130
82
219
86
80
43
216
203
206
207
47
75
80
194
76
138
195
72
86
85
40
47
50
152
157
51
202
116
255
208
57
110
37
77
90
80
257
188
152
1
183
0
207
3
133
2
192
6
194
167
176
139
201
0
4
189
205
188
172
4
188
0
164
189
193
148
171
212
187
1
123
0
117
108
0
89
44
99
99
25
97
28
15
27
18
99
99
80
15
71
25
100
22
100
25
96
25
84
65
63
85
86
23
18
80
89
84
96
20
78
28
75
77
87
92
89
88
92
26
50
0
59
55
27
77
63
47
66
6
66
4
7
29
5
75
69
82
5
53
5
75
42
72
38
72
7
73
54
89
79
78
8
6
74
88
76
73
40
75
36
91
59
86
87
83
90
93
10
41
43
74
75
0
3
64
6
3
7
54
0
58
55
1
6
68
31
1
67
1
2
41
68
0
4
4
4
2
52
47
44
23
1
4
54
55
5
1
51
13
42
49
3
2
60
60
56
0
1
1
0
1
0
76
41
56
74
21
83
24
17
20
22
58
68
67
20
55
29
68
29
86
26
80
26
75
56
55
48
82
22
33
81
78
79
87
29
62
20
80
71
89
88
91
53
90
42
49
26
43
47
0
118
61
122
126
30
116
21
144
32
41
151
134
111
116
94
31
135
21
123
32
130
156
134
169
103
163
184
154
159
176
173
146
133
157
167
23
126
171
180
114
127
130
165
23
164
0
150
91
0
102
68
55
89
31
95
31
32
47
29
101
69
96
24
88
37
101
33
75
39
102
41
73
105
73
80
114
37
38
108
97
74
83
36
97
47
97
78
124
113
78
113
82
35
51
0
48
72
40
104
54
107
118
16
75
24
28
35
28
103
125
73
35
128
27
125
18
119
33
122
34
100
82
98
102
108
21
25
99
116
104
110
23
99
25
90
91
85
99
99
99
100
29
72
0
77
68
0
135
42
50
72
10
74
10
70
63
14
77
63
56
59
74
10
126
66
72
6
123
7
146
120
146
136
133
64
57
72
126
56
73
51
114
37
102
97
84
60
94
82
105
18
59
10
55
53
14
44
34
19
50
36
21
27
29
25
33
36
45
17
30
28
27
28
24
50
32
47
30
38
32
59
33
33
19
22
33
51
58
52
47
31
12
58
49
25
59
62
24
62
21
10
16
20
10
15
65
26
50
38
26
71
22
17
32
34
53
68
34
18
59
19
51
29
51
19
61
28
50
44
29
59
53
14
21
59
58
57
53
30
40
12
25
69
47
47
61
68
56
36
23
0
24
22
0
93
40
112
105
33
140
12
32
29
34
91
113
112
122
59
38
112
145
176
159
105
164
115
56
109
160
105
133
141
155
109
104
162
40
163
16
104
67
100
115
123
157
158
38
49
140
50
48
127
94
13
37
93
66
96
61
68
70
72
24
91
35
72
27
7
96
6
36
10
26
62
113
32
25
36
24
11
20
35
28
31
93
9
25
79
25
29
45
102
28
120
118
81
18
8
27
24
0
