362
172
393
368
224
383
139
247
241
246
391
367
184
235
369
174
367
241
367
227
364
237
360
181
363
348
349
240
178
351
346
364
356
227
351
158
202
356
363
353
362
381
372
225
185
187
184
192
181
219
59
217
229
65
221
178
35
133
192
229
223
72
179
220
121
240
51
226
37
79
182
212
89
78
217
57
188
129
236
82
225
90
160
149
105
77
150
219
197
226
55
213
163
41
30
36
38
0
216
94
236
242
105
256
75
70
75
71
241
248
167
96
77
82
243
89
271
79
270
58
223
166
101
250
91
92
70
248
238
243
238
50
82
95
214
84
158
223
89
85
89
38
60
56
179
176
54
206
124
296
214
72
124
64
108
100
107
315
188
161
2
191
1
231
5
149
3
193
12
203
176
206
157
216
3
7
222
231
186
205
9
192
1
179
222
200
178
199
231
183
2
131
0
122
129
1
111
37
116
109
49
102
25
18
38
36
115
108
67
36
87
32
102
51
108
26
109
30
99
64
72
71
102
31
40
105
106
106
102
41
81
24
103
75
117
113
119
119
119
31
46
0
42
48
27
87
94
42
99
14
77
9
17
29
17
100
77
89
6
61
9
87
31
93
38
98
9
114
69
97
82
113
13
13
109
95
111
111
37
106
36
97
77
97
112
104
97
109
14
64
30
87
90
0
5
74
7
5
15
58
4
58
64
4
5
113
43
6
104
4
4
44
117
4
6
4
5
3
99
79
97
31
5
4
116
112
6
5
102
22
79
117
5
4
101
99
107
4
2
3
3
3
0
105
48
68
120
33
114
51
37
49
52
64
73
99
36
67
34
87
45
100
49
104
41
94
77
63
46
95
43
51
100
99
99
98
38
70
24
97
80
98
98
93
63
95
44
60
43
59
49
0
126
71
132
126
40
122
29
152
35
38
152
145
124
118
93
33
129
28
132
31
126
170
124
193
90
179
189
157
176
208
182
117
117
158
191
24
110
182
200
106
134
127
204
22
162
0
184
91
0
106
68
57
96
41
98
26
50
41
46
100
49
104
22
76
43
105
57
61
52
110
52
64
99
68
66
103
41
36
105
106
66
70
53
80
44
85
68
94
95
62
95
70
52
46
0
44
63
37
96
39
107
97
18
71
16
42
21
43
112
101
73
26
112
45
101
21
111
31
108
33
101
65
101
110
101
28
42
103
100
94
96
17
95
41
91
89
68
104
102
94
95
52
59
0
64
62
0
136
73
59
93
12
85
12
61
66
10
95
91
82
60
89
14
140
66
91
9
145
9
150
138
140
152
149
60
55
90
141
71
82
52
131
50
107
105
92
74
114
92
92
22
65
19
71
65
21
50
40
18
58
34
20
30
32
27
36
40
47
23
28
44
32
43
12
49
30
44
31
36
38
50
42
39
11
22
33
40
37
42
30
33
9
50
39
27
54
54
30
44
15
10
16
24
19
10
70
32
55
36
23
80
17
16
27
27
61
67
46
21
63
15
68
23
54
25
75
19
84
64
43
85
82
18
37
89
86
79
81
37
63
12
55
92
67
66
86
86
74
45
41
0
35
34
0
105
48
117
106
40
176
12
39
41
38
113
122
118
131
64
43
127
168
178
183
121
171
111
56
120
183
116
154
165
190
117
113
186
33
187
15
96
77
118
112
161
186
191
25
57
158
68
60
151
89
35
38
97
53
96
33
52
45
48
35
111
39
65
41
14
100
6
37
16
40
49
125
43
39
52
36
14
40
47
35
42
89
19
39
83
38
48
84
97
47
129
130
59
33
14
37
36
0
