306
140
329
304
176
328
110
178
190
183
310
324
164
180
300
143
304
177
304
165
302
177
312
162
301
303
306
171
138
299
312
306
295
170
307
131
159
306
296
294
307
313
307
177
136
163
151
148
147
178
40
201
192
41
181
143
28
108
148
173
207
60
163
220
148
205
45
210
34
63
165
198
50
64
193
39
153
129
200
50
200
52
130
107
104
46
147
187
180
186
41
178
134
42
30
39
35
0
177
82
195
182
75
196
65
65
63
61
207
196
135
76
61
67
184
69
209
72
210
62
187
131
72
207
77
75
75
200
205
203
201
53
73
69
155
77
142
191
67
78
82
56
60
65
143
134
60
200
102
269
209
56
131
42
93
88
81
284
166
147
4
187
3
209
15
140
6
172
18
167
174
187
146
210
2
13
210
200
165
202
18
185
0
163
215
174
158
176
218
173
0
129
0
126
134
1
118
38
125
121
47
119
29
19
35
32
130
113
90
27
87
32
114
38
112
30
114
37
120
90
86
82
121
37
43
120
122
120
114
45
88
30
107
105
122
117
119
117
122
30
63
0
58
59
36
81
69
53
106
27
82
24
32
29
21
101
94
83
16
83
29
100
33
94
45
90
30
110
86
90
84
103
34
34
107
100
109
107
41
110
41
90
88
84
113
111
88
111
40
49
45
84
83
0
9
87
8
8
18
78
4
73
71
6
7
106
68
3
113
6
8
84
110
6
10
6
10
8
71
84
82
32
7
7
98
88
12
7
98
18
70
90
9
10
106
93
95
3
4
4
1
7
0
113
45
70
120
28
118
31
26
39
40
73
80
102
34
70
33
85
39
112
40
115
44
95
76
75
87
93
45
38
100
101
95
100
30
80
19
111
92
105
108
108
64
109
32
74
40
65
64
0
133
89
135
151
31
149
23
114
34
29
161
134
153
99
110
47
148
31
167
48
149
136
151
169
112
170
188
129
135
191
184
164
159
128
168
57
163
163
179
136
165
175
185
34
177
0
156
103
0
116
83
66
104
31
111
32
23
48
34
107
92
98
23
95
26
119
32
102
29
115
35
100
112
88
88
128
31
27
122
121
108
104
35
117
47
102
96
129
122
100
123
106
20
77
0
76
91
35
106
45
109
129
19
84
26
45
46
38
106
111
82
37
119
41
128
28
131
40
127
39
145
100
112
134
144
42
43
139
143
141
142
50
111
44
128
114
104
135
126
134
141
47
62
0
65
68
0
120
83
57
115
39
74
35
53
51
36
117
103
74
50
102
42
105
46
106
31
121
37
108
108
109
121
129
54
46
104
107
64
99
36
104
39
103
96
97
76
93
107
96
29
61
9
68
63
10
82
40
22
84
61
30
33
35
52
63
45
73
33
50
43
31
49
38
91
31
82
28
48
44
94
49
40
22
27
68
96
91
87
53
49
17
84
56
35
74
78
38
83
18
20
11
28
24
16
65
28
47
33
40
72
25
28
40
36
58
72
42
26
71
28
66
37
61
20
83
41
73
56
43
75
74
27
39
77
72
76
75
45
51
13
52
81
67
49
80
83
55
45
27
0
26
27
0
103
37
111
108
33
133
22
36
32
35
108
111
110
106
54
55
115
131
144
128
108
126
114
60
112
144
111
119
120
145
108
109
157
52
137
20
120
89
133
136
133
153
148
44
45
119
42
47
121
102
16
39
103
65
99
50
66
64
65
35
124
34
85
44
13
119
5
40
15
44
65
125
35
41
46
43
14
33
45
41
45
109
15
43
93
41
43
71
114
47
141
143
89
34
11
33
39
0
