313
141
316
321
202
305
132
210
213
209
314
306
175
205
306
162
309
200
311
203
298
201
277
175
274
282
268
189
160
280
283
265
275
193
299
166
181
305
305
309
297
306
317
202
175
172
178
175
167
203
51
204
215
46
220
153
29
102
149
218
174
62
131
171
94
166
37
166
34
73
126
170
69
72
187
45
113
108
191
58
182
70
142
112
107
74
145
185
204
198
44
194
143
31
28
33
34
0
208
96
209
224
90
222
74
68
60
68
220
197
126
75
60
66
215
79
202
70
225
51
190
135
89
204
77
88
59
214
223
213
212
90
92
100
225
93
150
257
104
99
103
84
54
60
163
161
51
179
108
267
188
62
113
44
91
89
88
263
163
126
2
162
4
184
8
120
11
167
13
177
141
180
140
199
2
14
185
191
150
179
9
167
1
141
180
166
136
141
185
168
4
113
0
95
107
3
76
37
74
83
40
79
27
16
29
31
83
74
47
26
61
28
83
36
87
31
88
31
87
53
55
53
94
33
45
87
96
95
96
48
63
30
66
63
96
102
96
91
96
24
35
0
37
36
30
96
107
40
121
12
88
9
18
37
20
121
107
104
15
67
8
104
39
118
46
118
18
118
73
105
90
119
16
9
122
109
108
115
44
119
37
107
65
98
115
113
99
112
16
51
44
89
95
0
2
64
5
5
16
43
3
43
45
4
5
101
29
3
111
4
2
54
109
1
3
4
4
3
70
61
67
31
3
3
81
76
3
1
84
13
56
85
3
3
82
82
88
3
1
1
0
3
0
112
54
75
110
32
113
25
20
26
27
64
90
104
29
67
28
84
41
118
40
112
38
111
82
76
70
95
32
28
100
110
101
106
32
81
17
109
81
106
115
119
66
112
31
71
38
62
57
0
123
47
133
149
47
142
47
162
45
57
149
144
128
120
94
51
142
44
138
54
145
159
122
169
91
158
176
136
161
176
188
118
115
159
183
32
100
174
195
106
114
117
184
31
176
0
173
78
0
93
60
52
91
44
110
34
40
48
40
110
62
104
28
84
49
105
57
61
53
110
53
72
115
72
59
98
51
45
115
105
67
67
39
88
51
78
60
96
94
64
103
57
32
41
0
45
68
46
99
38
101
119
22
79
26
44
44
36
105
107
70
31
112
41
108
20
114
42
114
40
110
77
101
108
114
34
43
115
115
117
116
22
103
31
107
97
84
112
110
109
110
41
71
0
59
66
0
127
56
63
88
9
77
9
57
49
11
85
82
80
61
79
12
130
53
77
12
108
10
134
123
138
125
128
44
42
83
118
71
82
39
100
39
108
100
84
72
97
85
107
12
68
9
61
58
12
48
44
22
41
25
32
37
38
13
23
51
45
27
19
50
40
51
11
41
41
53
37
51
57
48
53
50
17
38
44
51
48
50
31
45
10
40
49
31
53
51
36
53
20
11
19
31
20
16
67
15
70
56
20
70
22
12
20
17
67
63
48
17
65
20
68
24
72
14
63
23
64
56
49
74
71
19
25
74
78
79
82
20
71
13
64
78
68
72
76
68
78
18
49
0
54
49
0
114
47
115
119
26
169
8
31
31
31
119
118
127
141
88
29
119
146
173
160
111
157
143
95
135
191
134
148
155
194
133
135
201
38
194
17
116
94
126
124
165
192
194
31
75
150
78
81
142
109
22
37
115
63
107
51
66
70
68
37
100
33
64
40
8
99
6
37
8
42
50
120
41
36
46
47
11
22
46
47
40
90
11
41
57
40
41
51
84
42
100
93
50
36
9
36
34
0
