425
199
425
438
239
429
159
266
272
272
432
406
215
251
398
181
404
249
390
260
400
249
415
201
391
406
383
250
194
401
395
379
407
238
380
198
222
387
375
384
387
395
391
235
185
207
188
193
203
247
58
252
244
69
240
210
37
140
203
261
250
91
209
269
171
275
87
267
57
98
219
260
98
93
264
66
221
179
270
104
274
106
212
160
145
91
171
268
254
266
54
245
208
39
36
42
40
0
217
116
249
251
121
261
61
61
57
56
246
230
177
113
88
97
245
111
268
74
262
55
236
171
103
253
105
109
82
263
267
273
271
64
104
112
243
111
174
256
110
118
120
51
89
83
202
197
82
246
102
319
247
80
127
44
94
97
93
331
207
169
8
213
7
229
1
150
1
214
2
216
204
225
189
246
12
6
223
244
201
236
4
209
7
188
218
221
196
201
222
224
9
158
0
153
173
7
129
64
148
139
36
136
49
33
49
30
136
136
114
26
102
30
130
34
135
50
131
52
145
97
95
117
129
48
28
133
136
138
128
30
121
53
134
116
153
143
144
141
146
59
85
0
75
82
48
97
91
38
98
11
96
10
12
44
11
95
102
109
8
69
7
101
49
101
56
98
11
95
67
108
112
109
15
11
108
111
110
102
61
119
54
109
74
109
129
118
116
121
19
46
53
98
89
0
13
114
19
14
28
95
13
89
99
12
18
135
74
17
138
16
17
72
135
14
18
17
18
15
101
96
100
50
14
5
115
111
21
13
113
29
93
120
17
9
116
114
113
13
16
16
9
15
0
127
65
81
137
40
134
49
38
57
57
83
91
124
40
84
46
115
52
129
55
130
55
128
86
77
102
135
44
55
127
129
125
139
56
83
50
125
114
121
126
127
72
129
65
71
43
76
77
0
157
101
151
169
33
170
31
170
36
37
178
170
162
154
129
40
165
34
165
39
156
188
180
213
133
209
230
175
186
235
225
186
185
192
228
45
176
198
222
167
197
192
222
43
199
0
211
127
0
166
120
89
146
42
157
34
33
58
47
159
111
154
31
125
45
159
47
119
47
153
57
119
155
123
119
159
53
49
165
169
127
135
54
151
58
133
114
167
149
117
165
123
44
103
0
86
118
61
115
62
118
124
21
69
22
59
37
50
119
146
78
36
131
52
145
26
137
38
149
33
150
96
114
145
157
51
52
151
150
145
151
41
119
53
128
104
98
154
145
147
143
45
66
0
67
63
0
144
80
48
101
35
89
20
67
75
33
101
97
72
66
90
27
145
68
89
23
148
24
147
139
151
152
154
67
67
110
146
70
108
65
134
59
124
117
102
73
114
105
112
39
55
22
55
55
24
89
50
27
105
67
34
40
46
56
64
51
86
37
70
57
39
54
47
82
53
77
46
52
39
79
56
51
38
46
69
86
83
80
61
52
20
95
56
40
79
81
50
85
38
17
27
30
17
29
85
34
65
38
39
91
40
44
48
51
69
100
35
29
92
22
96
57
59
44
91
49
82
65
39
93
91
32
39
89
91
84
92
51
77
21
61
88
67
65
100
107
66
47
36
0
37
40
0
125
51
132
139
44
157
12
44
44
49
136
135
133
136
81
39
144
170
187
178
134
177
154
73
146
191
145
148
153
183
154
140
207
49
197
25
136
81
145
139
164
199
200
38
64
154
51
52
164
132
25
55
127
67
121
53
74
72
70
47
128
51
76
62
13
125
7
58
12
61
58
127
53
52
53
60
16
22
57
65
58
111
17
67
81
43
66
79
95
67
136
141
73
51
8
49
47
0
