166
80
174
171
125
173
87
134
127
133
168
168
87
129
175
96
182
132
180
124
176
120
184
91
175
171
169
114
94
168
172
174
175
127
180
88
97
191
179
184
172
178
189
124
94
97
94
107
105
115
22
117
120
24
121
97
10
56
106
132
116
29
88
126
58
120
25
125
13
40
99
111
32
33
116
18
83
66
114
31
113
34
77
82
45
41
62
118
113
104
27
110
73
11
13
13
12
0
110
60
119
127
63
129
44
41
40
41
135
112
77
50
43
42
112
42
122
32
122
25
102
80
51
122
48
53
31
120
121
126
116
26
52
46
123
49
99
129
46
52
49
27
33
27
92
84
27
106
56
163
114
33
63
33
65
73
64
170
92
81
2
101
2
97
2
80
0
89
2
103
97
93
84
113
2
5
120
123
91
101
8
94
2
93
117
101
85
94
123
91
1
81
0
60
71
1
60
21
52
49
25
58
14
14
18
23
55
48
40
8
36
19
44
24
61
17
48
20
55
28
36
33
52
21
17
53
52
49
60
18
41
12
41
36
58
56
57
53
57
20
26
0
21
22
14
59
72
30
68
11
49
9
13
18
14
66
62
50
9
40
6
67
17
73
23
68
9
66
45
54
51
75
7
10
65
57
71
64
25
79
24
53
53
57
72
69
45
70
10
25
24
40
32
0
3
46
3
3
11
35
2
31
33
0
2
54
24
1
65
0
1
23
50
2
4
3
3
2
37
32
32
10
2
3
51
46
2
2
59
9
42
59
4
4
65
60
68
1
3
0
0
3
0
56
24
36
60
11
62
14
12
15
13
33
43
56
12
36
11
42
16
59
18
52
16
52
45
36
41
62
18
15
59
66
49
56
16
37
10
58
50
51
55
53
36
62
11
33
16
28
24
0
56
26
62
59
21
59
20
84
26
25
86
71
58
50
42
23
53
15
63
25
61
87
56
97
44
91
111
83
98
102
94
64
63
77
99
24
57
79
95
58
69
63
111
21
87
0
85
37
0
61
43
31
60
29
71
14
28
30
32
67
48
65
16
57
34
64
33
39
30
64
31
41
64
46
43
69
30
32
71
68
45
50
39
60
28
62
49
70
64
41
68
42
29
28
0
27
41
21
42
19
56
78
18
50
14
18
26
17
59
62
44
22
65
15
63
12
55
20
63
21
74
45
53
67
63
20
15
73
76
68
62
24
51
17
67
49
54
78
63
69
75
12
40
0
40
39
0
68
39
37
53
9
56
7
25
21
8
57
50
46
25
50
7
65
21
55
7
72
7
78
70
63
74
79
23
25
55
75
47
51
18
72
13
56
63
52
45
66
43
62
4
35
3
38
40
6
27
22
6
22
19
12
19
18
13
22
27
24
12
14
20
15
21
9
26
16
25
16
22
27
23
27
22
13
15
21
23
20
18
15
16
6
21
19
14
22
21
19
26
10
5
12
15
7
3
33
13
41
33
10
41
10
6
9
10
39
42
20
9
48
12
50
14
33
6
46
13
53
40
44
42
46
14
15
54
50
52
48
11
48
9
49
49
39
43
44
51
38
14
26
0
29
29
0
48
26
63
56
16
101
4
17
19
14
63
49
61
77
41
15
70
91
105
88
64
92
51
39
54
96
67
86
90
98
64
65
98
22
95
11
70
56
74
74
93
108
96
18
33
75
35
35
74
43
8
14
51
37
51
28
34
38
36
12
57
25
30
17
4
58
4
14
5
24
28
60
18
19
20
19
7
20
21
17
19
49
6
17
45
20
20
28
48
17
60
65
35
9
3
13
13
0
