347
181
365
371
219
359
128
222
238
219
353
373
228
208
371
191
359
219
374
217
387
210
385
236
385
372
373
214
192
388
370
394
386
210
388
185
266
388
386
399
387
388
400
220
222
202
215
217
199
220
43
219
221
62
221
165
39
137
187
232
212
97
169
214
141
212
54
211
43
55
166
220
59
89
219
42
169
148
240
64
245
63
190
126
160
62
189
239
235
239
43
241
205
46
38
46
48
0
231
98
250
247
113
259
80
89
78
86
250
263
179
93
95
104
270
96
271
95
272
77
261
189
97
276
98
105
107
272
270
276
289
98
92
104
235
105
189
272
98
105
106
91
90
88
182
191
90
251
86
337
254
99
119
52
114
128
130
337
194
159
6
215
5
235
8
172
3
213
7
188
191
214
164
240
5
5
236
237
186
200
4
193
5
185
244
204
181
169
234
204
5
144
0
141
145
6
111
64
123
133
11
134
43
31
51
13
130
137
140
14
104
17
147
21
143
47
141
52
127
100
141
145
129
52
16
126
123
131
134
15
149
44
125
103
137
134
128
130
124
50
92
0
86
89
45
98
87
49
104
11
84
8
11
42
8
103
107
104
9
74
9
93
43
105
49
104
12
114
77
107
98
116
12
9
110
105
112
104
54
109
51
100
91
110
121
121
114
124
13
59
56
102
101
0
5
67
7
7
13
49
5
50
57
4
7
87
39
5
84
5
5
55
92
4
7
2
5
8
74
61
68
32
4
6
79
77
6
2
89
18
67
82
7
7
84
90
88
3
3
3
2
3
0
97
54
83
104
42
106
27
25
32
34
82
81
115
30
78
33
88
48
112
46
119
47
100
79
69
71
111
58
46
106
119
116
119
36
80
16
114
87
116
120
110
67
107
40
76
55
65
67
0
153
87
154
173
59
164
48
156
54
56
183
187
157
123
95
54
165
46
164
55
162
156
165
210
95
211
216
162
186
217
226
166
158
142
193
63
130
191
196
132
163
169
196
50
181
0
172
95
0
182
107
89
155
62
184
27
59
56
59
194
124
183
57
154
70
196
86
125
89
213
87
123
189
151
108
205
90
90
203
202
128
134
89
182
51
171
127
195
185
124
192
134
75
94
0
102
128
51
153
68
164
181
22
94
13
54
26
36
157
161
123
24
170
46
168
14
166
26
169
36
164
149
179
173
170
32
50
168
166
165
177
25
186
52
173
168
162
183
187
182
181
52
125
0
121
122
0
129
109
83
126
33
95
28
52
53
34
123
136
95
63
135
42
155
57
128
38
161
42
150
145
144
143
142
39
40
128
145
95
131
39
134
30
114
115
123
92
114
133
112
36
84
10
80
85
6
101
43
19
102
80
26
43
45
67
73
47
105
49
69
48
42
47
58
104
44
90
37
48
45
100
49
37
32
32
84
104
99
95
89
43
27
103
81
39
109
104
37
119
30
21
18
23
14
19
132
61
100
79
56
161
30
49
63
63
99
146
71
32
145
33
139
61
98
43
139
63
134
91
72
139
129
26
69
143
135
152
142
75
92
34
87
140
104
99
145
151
110
81
71
0
67
65
0
158
59
170
174
79
177
45
80
80
77
171
160
156
124
82
74
171
153
177
172
173
163
177
97
169
199
179
163
156
190
172
173
198
80
186
31
198
116
187
201
171
193
192
76
70
147
66
67
140
167
37
56
176
111
183
92
112
109
111
45
179
47
131
57
13
180
7
55
15
59
110
195
63
43
61
65
12
43
58
59
58
150
8
52
133
48
57
79
138
48
180
172
109
39
9
38
34
0
