188
105
190
186
137
176
85
140
137
141
183
191
114
138
185
116
192
138
190
131
176
132
179
118
182
171
166
126
108
184
178
174
174
126
185
112
104
176
181
176
185
185
184
132
119
123
110
118
118
123
18
125
119
28
128
102
24
87
111
130
128
41
112
136
110
140
23
140
23
32
114
106
28
41
123
25
96
81
116
20
128
33
88
54
72
26
91
118
109
119
21
109
84
25
21
24
22
0
133
52
156
142
52
157
56
55
53
55
155
148
94
47
36
40
148
44
153
65
149
59
133
98
49
136
46
47
46
135
138
140
146
36
36
46
111
50
109
138
43
43
49
36
39
37
105
109
32
125
38
179
126
42
103
48
83
88
88
196
104
88
2
115
2
115
7
101
6
115
9
87
114
109
101
114
2
10
121
118
108
99
4
112
1
107
115
117
101
89
113
115
2
98
0
99
100
0
36
19
38
37
3
34
18
14
20
1
32
43
40
4
34
3
46
6
39
22
47
21
51
39
49
44
60
23
7
56
55
57
55
13
48
21
51
41
48
51
51
57
46
18
18
0
26
24
20
68
41
45
64
4
71
5
5
15
7
69
70
63
3
57
5
69
18
71
16
67
9
73
50
71
70
75
14
14
71
67
75
70
20
74
19
65
51
64
75
82
71
68
7
52
20
68
70
0
3
31
3
4
8
23
4
22
25
2
5
37
16
2
45
2
2
31
44
2
4
2
3
3
40
32
36
14
3
2
41
43
4
2
59
10
33
57
3
4
54
54
54
2
2
3
1
4
0
75
41
69
83
15
91
12
5
14
11
59
67
84
21
61
6
61
25
88
22
85
23
92
66
58
59
82
12
15
97
96
83
92
17
66
17
91
68
89
92
98
67
89
23
52
17
50
52
0
112
48
98
110
49
116
38
98
47
45
127
103
109
71
54
50
111
39
107
48
108
96
112
135
59
132
138
94
96
136
146
106
113
98
125
49
79
127
132
89
117
120
141
36
127
0
122
62
0
105
58
46
89
46
108
13
46
19
49
104
51
103
20
97
53
102
62
51
61
109
64
54
93
52
50
90
44
43
86
94
50
54
48
75
23
81
65
102
94
55
98
62
54
50
0
44
61
24
69
35
86
117
26
72
27
18
45
17
83
122
71
51
115
16
120
34
117
50
120
51
119
77
81
122
123
44
19
126
123
120
120
42
85
16
106
71
92
117
119
111
118
12
64
0
64
59
0
93
68
61
97
29
71
20
25
22
27
93
88
64
26
89
28
89
19
91
23
103
30
97
89
97
98
99
22
22
81
86
66
85
17
84
14
77
79
84
58
75
80
69
25
64
9
59
64
8
43
17
12
40
31
13
18
15
28
33
17
44
20
32
18
13
14
30
48
11
46
11
14
17
54
15
16
17
11
35
51
57
53
35
15
11
47
43
14
49
49
14
47
12
2
4
7
4
8
62
18
57
50
19
72
16
16
22
23
72
82
59
10
80
15
81
20
69
14
78
23
85
74
66
79
89
15
23
84
82
94
83
18
57
10
57
71
67
62
77
68
59
22
43
0
44
47
0
76
33
71
75
15
124
14
20
22
19
82
73
82
93
60
24
88
100
128
112
88
123
110
68
100
129
102
111
114
137
110
109
144
34
137
15
109
84
106
106
132
144
138
34
49
110
52
53
100
67
14
18
77
48
71
48
54
53
49
15
70
19
54
17
7
79
2
19
6
19
46
75
22
15
20
20
5
19
20
21
14
67
8
23
60
16
14
29
59
26
77
78
54
14
3
14
12
0
