287
107
310
296
162
293
89
169
165
168
293
272
148
153
270
121
279
150
268
142
265
151
260
119
253
253
263
137
110
254
254
259
246
131
242
120
128
243
238
234
252
245
247
138
129
127
129
135
117
121
22
132
130
24
126
96
18
79
100
134
94
34
80
109
72
102
21
104
16
25
78
99
25
31
101
20
69
59
104
23
105
26
83
62
73
30
99
120
119
113
27
109
84
26
18
26
26
0
159
71
167
173
64
188
51
43
49
54
174
166
95
73
59
64
176
67
191
62
185
45
175
108
64
185
71
71
55
194
173
178
184
45
60
71
142
68
150
163
72
64
69
37
58
49
125
124
50
107
45
179
112
56
84
40
84
89
82
184
97
83
1
101
0
110
3
68
4
93
6
99
93
102
79
119
1
7
124
120
95
98
13
96
0
86
128
110
91
99
121
109
0
69
0
67
68
0
44
29
46
44
8
46
18
14
21
6
46
57
47
7
41
7
55
12
57
20
54
22
74
40
48
58
79
22
24
75
69
75
80
32
53
17
63
58
87
85
90
85
89
23
34
0
31
33
19
68
83
34
83
14
69
11
13
28
15
92
83
80
11
58
16
80
30
88
36
83
20
94
47
77
77
97
18
13
101
86
97
96
27
93
30
81
53
64
88
82
81
89
14
43
32
66
68
0
1
47
6
5
10
30
2
29
32
2
7
85
21
3
86
2
3
58
94
0
2
3
4
4
57
58
47
23
3
3
58
68
4
3
86
18
49
77
4
4
80
77
84
2
2
2
2
3
0
119
44
82
118
33
118
33
26
35
36
70
81
105
18
76
26
73
32
113
34
115
30
111
88
69
76
118
42
35
113
117
114
118
50
91
22
132
110
139
134
132
86
143
48
80
46
72
79
0
142
53
129
143
58
141
56
96
59
57
147
121
155
81
85
69
160
60
158
72
157
103
153
161
86
142
159
100
116
160
157
153
159
104
158
56
106
141
154
105
132
131
155
44
141
0
142
78
0
125
58
46
121
70
124
24
71
39
71
134
63
125
33
100
69
124
71
62
68
129
73
61
113
64
64
110
55
57
122
119
67
71
58
86
35
93
63
120
120
61
116
72
66
46
0
44
61
27
91
35
98
116
19
77
33
43
50
42
101
113
66
38
116
44
116
31
116
42
114
40
116
81
113
114
116
36
40
117
109
108
122
51
94
31
97
92
101
126
130
118
123
46
68
0
69
66
0
87
77
63
102
32
68
25
21
20
35
110
101
73
25
97
27
97
21
107
26
94
30
100
103
108
104
97
18
20
109
101
83
107
16
89
16
86
95
106
80
90
109
94
37
65
8
74
69
3
57
36
26
57
28
23
32
33
18
28
43
51
24
26
42
36
43
19
45
30
46
33
37
32
53
36
35
16
22
50
54
53
52
28
37
9
52
42
30
53
46
32
50
23
20
13
30
23
14
87
16
91
66
13
86
19
12
19
15
86
94
70
17
98
18
95
29
78
16
92
23
102
86
76
101
95
23
29
96
100
89
97
30
78
14
81
99
72
81
98
110
85
35
56
0
59
62
0
121
51
117
129
37
138
19
36
35
38
117
102
131
106
83
44
121
99
156
121
115
124
121
80
128
156
125
109
111
161
125
135
167
45
165
19
130
94
139
135
149
179
163
37
73
106
74
75
98
90
13
46
92
55
95
52
58
59
58
31
103
33
65
51
15
94
6
41
14
48
55
101
56
38
48
47
12
16
41
48
43
93
10
43
62
38
42
51
90
45
101
98
55
32
10
33
35
0
