310
116
312
315
145
313
104
146
149
144
318
334
125
145
320
119
331
132
333
140
326
137
256
116
252
255
251
127
107
250
260
249
254
121
242
115
123
247
241
241
251
244
247
130
129
124
129
126
131
154
26
159
158
15
151
122
13
101
129
156
148
44
117
158
105
154
12
154
16
30
115
148
28
42
148
22
112
83
151
27
150
33
97
93
78
35
84
140
142
147
27
147
112
16
9
20
16
0
121
63
133
134
39
135
38
35
34
36
133
121
93
32
21
25
118
30
120
32
131
25
137
89
38
148
39
40
53
161
153
158
148
56
31
34
115
31
112
157
34
33
35
48
20
21
106
98
21
145
78
220
145
64
97
45
90
88
97
230
122
101
3
130
2
161
6
99
9
127
13
135
124
138
111
163
2
9
157
170
132
156
17
130
0
122
166
136
122
142
164
133
2
92
0
82
82
0
60
26
71
67
31
70
9
8
13
27
71
66
33
15
48
27
66
33
65
10
64
14
71
24
34
31
67
12
35
65
70
73
68
36
32
16
55
52
67
67
59
71
68
11
22
0
24
25
11
52
64
30
72
17
48
15
18
12
15
70
56
42
6
46
11
63
15
63
19
61
19
47
35
45
44
54
15
13
63
49
56
58
12
72
15
48
34
46
74
67
47
74
23
29
15
43
35
0
2
43
3
1
8
29
3
27
36
2
3
50
17
1
54
3
3
30
53
2
2
1
3
2
49
47
47
17
2
1
59
66
3
3
39
5
31
41
2
3
49
43
47
3
1
1
1
1
0
51
27
38
57
14
53
11
13
14
13
37
41
54
9
38
9
42
16
56
16
55
19
57
43
44
36
56
24
16
61
54
62
55
3
43
2
49
50
52
45
48
36
50
5
40
17
31
35
0
65
39
64
63
15
63
14
108
17
17
118
93
64
69
54
14
77
13
76
14
79
119
71
148
59
139
140
102
123
158
145
74
67
108
148
19
66
126
149
70
71
67
145
14
138
0
132
54
0
53
45
28
58
10
62
8
10
24
15
60
48
58
15
52
17
58
19
41
21
66
23
43
58
40
43
57
21
18
56
67
45
52
22
52
21
58
45
61
60
43
69
53
19
37
0
36
42
17
53
19
62
65
8
44
14
17
25
19
57
59
56
25
63
19
69
24
66
32
73
31
73
48
61
75
75
33
20
79
82
75
79
37
59
22
52
55
65
72
73
71
78
23
39
0
40
35
0
122
76
71
110
14
77
13
35
29
17
103
103
74
26
106
21
116
26
100
17
116
16
122
113
122
116
124
31
30
96
119
84
94
24
118
28
111
101
93
90
110
93
97
13
82
15
81
81
7
45
16
13
44
26
22
18
20
19
25
35
43
19
18
35
15
31
15
37
16
38
16
27
32
38
30
31
10
15
42
45
36
37
23
22
5
38
33
19
39
33
25
47
13
18
10
25
13
4
38
10
28
16
18
41
11
15
23
18
29
40
26
13
36
7
37
17
26
14
41
19
41
27
24
36
37
10
16
39
37
36
33
17
27
7
29
36
37
27
40
49
32
17
23
0
20
20
0
63
27
66
67
22
110
9
23
23
23
72
44
64
93
40
24
70
111
117
124
69
126
63
30
62
128
63
115
114
129
58
58
130
19
126
7
60
38
64
67
108
127
129
18
30
114
25
26
97
56
13
28
55
31
61
30
34
33
30
25
66
31
45
30
3
74
2
31
1
30
34
71
24
25
26
27
4
11
24
26
26
63
3
24
48
21
25
30
57
29
73
74
40
27
0
28
24
0
