105
64
109
111
75
109
55
74
80
70
109
118
71
74
120
57
110
80
118
74
114
74
116
60
127
110
121
67
63
123
121
121
118
75
125
62
74
122
122
128
121
134
119
80
71
62
73
71
66
81
19
81
76
19
77
48
13
30
55
75
90
28
53
87
44
89
16
90
13
22
54
81
22
22
78
18
62
44
80
22
80
22
65
66
38
27
49
83
94
84
20
84
59
17
13
17
16
0
92
32
85
91
35
91
35
26
47
39
93
103
50
27
25
26
93
30
101
42
95
39
96
56
26
93
27
26
43
91
82
98
97
32
24
33
66
33
57
86
28
33
31
28
24
22
57
63
20
79
30
108
73
25
35
22
37
41
44
112
71
50
2
71
1
84
2
58
4
66
8
78
59
75
49
80
2
5
81
78
63
69
6
71
2
57
86
68
52
68
88
67
1
42
0
38
45
2
48
18
48
49
20
47
19
14
22
17
50
40
36
3
33
12
38
16
37
21
44
20
38
27
28
36
44
23
15
42
41
40
45
18
39
22
36
35
44
44
46
43
41
24
21
0
20
21
22
50
54
23
51
14
42
10
14
13
14
59
54
50
7
40
7
55
14
58
16
57
12
54
34
51
47
53
11
9
58
50
59
53
14
56
16
41
31
46
51
55
46
58
12
28
15
42
43
0
1
28
3
3
10
19
1
11
20
1
3
40
8
1
38
1
0
23
41
1
1
1
2
2
32
33
27
12
0
2
45
41
1
1
35
6
23
34
2
2
36
39
34
1
0
1
0
1
0
39
22
35
42
5
39
14
12
15
14
28
35
43
8
27
10
27
11
43
9
48
10
43
27
31
30
43
6
11
40
47
44
45
6
35
2
41
34
41
41
42
34
44
7
29
6
24
26
0
55
17
50
56
25
59
22
52
22
24
58
63
61
44
33
26
61
22
57
22
57
62
55
73
40
82
76
58
63
77
81
56
61
60
69
21
43
75
77
51
57
57
77
20
66
0
69
30
0
48
34
20
45
25
50
12
18
15
27
47
30
46
10
42
23
51
22
37
24
56
22
35
57
38
34
53
26
27
63
49
40
38
32
46
15
49
26
50
50
31
60
35
28
27
0
22
31
13
54
23
57
76
16
46
11
8
23
5
58
79
49
25
80
10
86
21
91
28
80
25
59
43
58
72
64
27
7
71
72
75
71
27
63
6
74
57
72
80
87
82
74
7
45
0
44
45
0
57
35
21
39
16
26
12
18
16
15
45
36
26
18
36
16
53
17
39
9
49
9
55
54
56
53
50
16
16
30
47
27
36
10
49
8
49
42
43
30
38
39
45
14
28
3
29
26
6
27
15
11
31
20
15
10
13
16
21
20
29
15
22
21
11
16
15
32
8
32
9
22
19
31
19
23
7
9
20
29
26
28
9
18
7
26
29
17
26
28
18
32
4
10
6
14
12
4
35
8
36
28
12
44
14
7
13
17
41
41
19
12
37
15
48
14
38
10
48
13
40
38
26
38
48
16
15
44
47
41
45
14
33
10
40
37
30
37
45
45
41
16
24
0
27
26
0
52
23
57
50
16
61
8
17
18
19
50
49
55
56
38
17
54
60
76
65
60
66
58
46
62
80
63
63
64
82
57
57
82
30
77
15
64
46
59
61
79
72
69
24
26
55
28
32
46
51
6
8
46
40
47
37
44
34
40
6
50
8
39
8
1
46
0
7
0
9
40
51
7
5
9
8
1
3
7
5
8
54
2
10
32
8
7
20
30
9
33
40
27
12
0
9
10
0
