377
174
396
388
242
403
134
269
253
268
410
390
198
259
383
192
377
265
378
247
383
263
367
202
369
347
379
228
183
355
374
365
382
231
362
196
200
350
355
355
354
353
360
233
183
199
178
196
188
228
49
234
230
60
229
178
39
127
172
242
258
88
206
273
168
257
57
268
40
96
221
204
77
86
234
60
177
146
224
75
217
82
152
145
132
70
160
223
238
233
47
225
169
36
30
40
36
0
240
103
248
258
118
261
67
73
65
72
267
246
145
110
87
103
250
115
282
84
274
73
256
145
110
252
100
119
96
278
271
267
271
60
103
117
238
114
194
248
112
120
115
54
74
69
198
198
61
226
126
282
238
54
128
54
95
109
103
312
199
163
4
224
2
247
5
157
7
217
9
215
208
217
174
252
5
6
229
236
205
209
10
226
1
184
245
206
181
208
242
205
1
151
0
151
148
1
119
46
132
126
36
123
31
22
35
18
130
111
81
31
87
21
124
38
126
34
121
43
126
83
90
87
127
40
44
122
124
125
124
42
94
38
109
86
128
116
124
120
127
34
46
0
43
44
26
106
117
43
121
11
100
5
10
45
7
126
128
114
10
95
8
111
49
132
54
128
15
129
96
114
107
131
10
9
126
114
131
126
43
122
44
115
89
115
117
111
119
118
7
65
54
99
103
0
7
90
8
7
15
77
6
80
77
8
8
120
64
8
131
9
7
85
136
6
7
7
9
6
114
107
109
44
3
4
119
125
9
7
127
22
96
116
7
6
128
125
126
5
8
4
3
7
0
109
58
75
117
40
109
58
40
56
55
73
71
119
40
72
47
96
58
125
67
109
57
112
71
58
77
125
56
76
114
117
108
116
58
80
19
110
96
123
122
127
65
119
50
73
66
71
58
0
144
87
136
146
42
146
32
165
35
41
161
149
145
125
91
51
150
44
152
52
147
167
146
175
94
175
201
162
177
199
206
158
157
171
186
59
133
159
188
128
158
164
191
41
184
0
203
88
0
158
89
72
151
56
151
32
54
49
63
149
95
118
30
118
47
150
59
86
64
150
67
92
148
85
95
145
46
49
149
150
103
113
42
131
42
107
97
150
140
89
140
115
38
83
0
80
109
51
132
50
125
109
12
66
8
52
14
49
130
114
59
22
108
55
116
8
120
22
117
19
112
70
117
117
106
17
58
103
109
110
111
21
109
50
98
108
82
111
99
95
108
44
62
0
66
73
0
121
67
57
98
16
83
14
62
63
20
92
85
70
74
87
16
131
67
91
10
145
17
152
133
131
143
142
73
58
86
141
69
87
69
119
42
121
117
91
75
113
94
104
22
63
23
65
63
24
72
35
22
71
65
30
42
37
48
59
47
65
31
47
45
30
43
37
67
39
58
40
34
34
67
47
41
25
26
63
64
57
65
41
41
16
68
56
23
67
62
37
56
28
11
17
25
13
21
76
31
72
42
29
84
28
26
33
32
71
93
41
25
82
23
82
28
75
22
89
30
81
80
58
91
92
22
29
87
76
95
85
48
81
16
70
113
78
87
111
101
81
54
55
0
45
45
0
129
49
132
121
42
181
20
41
34
44
122
143
129
135
83
36
138
175
188
181
139
180
135
60
130
206
145
152
166
196
134
139
205
27
193
15
128
77
121
121
178
189
211
25
57
164
54
48
153
117
23
69
115
68
110
56
61
74
69
47
122
44
78
68
14
120
5
67
20
57
60
143
60
44
66
63
21
27
66
61
62
106
15
67
79
57
62
97
103
61
138
138
67
54
14
52
41
0
