416
155
439
435
222
439
142
249
237
232
431
404
227
233
399
196
391
230
391
222
418
218
396
236
392
404
387
212
180
396
415
382
392
220
389
182
234
389
390
387
386
396
400
221
198
195
195
204
206
238
45
236
236
40
241
173
25
135
189
240
238
101
183
242
146
250
39
241
36
57
183
218
50
79
228
36
153
135
220
52
220
61
192
145
139
74
176
256
244
249
46
243
180
36
29
34
39
0
228
100
256
260
105
262
95
99
94
94
262
229
153
89
68
78
231
93
226
77
241
64
206
125
92
210
92
94
60
212
213
209
212
51
86
100
218
99
170
237
91
99
93
58
73
64
186
179
67
216
90
328
238
91
148
69
119
136
133
324
192
153
3
199
2
204
8
157
8
196
11
178
183
199
156
218
2
15
219
218
185
199
16
201
1
194
226
192
175
184
227
197
1
145
0
136
146
1
131
55
144
139
50
145
35
20
43
40
129
118
94
33
106
44
127
50
122
40
128
38
139
93
98
97
142
47
49
144
137
142
140
61
99
33
128
133
145
145
144
139
154
46
63
0
47
53
43
110
111
64
142
21
107
16
19
36
24
136
140
111
19
106
23
143
41
138
44
150
24
152
112
118
115
149
25
21
149
116
142
146
44
143
41
125
119
117
136
145
130
144
16
75
41
101
107
0
11
107
11
9
24
91
8
101
101
9
10
118
89
10
116
10
9
76
112
9
11
11
13
11
106
104
105
44
9
6
116
127
14
8
101
21
81
105
9
10
96
105
96
11
12
10
4
9
0
105
39
67
117
27
110
29
23
32
30
67
66
103
24
66
36
91
36
99
37
106
40
91
70
64
85
103
34
39
106
111
109
106
33
73
25
100
93
101
112
103
63
98
31
68
33
62
58
0
131
72
114
133
27
122
28
161
28
31
188
148
124
111
99
35
130
27
133
26
134
165
123
211
107
201
217
148
180
216
220
134
126
174
211
29
130
205
215
122
131
135
216
24
196
0
199
96
0
106
60
48
105
32
104
27
26
39
30
112
90
91
23
97
32
106
41
90
34
114
40
91
120
81
72
120
42
36
122
123
88
97
43
108
46
107
83
120
124
89
125
92
38
57
0
57
87
43
89
57
105
126
16
80
29
34
38
22
113
132
89
45
139
30
131
37
134
49
137
51
145
104
106
164
161
44
25
149
151
160
159
50
111
27
134
110
114
163
165
157
156
28
84
0
81
92
0
132
107
67
128
40
103
37
50
42
41
126
123
83
58
124
36
145
52
120
30
147
33
164
138
156
147
153
53
44
127
139
89
120
46
145
38
145
125
129
98
126
122
118
26
93
11
92
89
12
69
35
29
76
42
25
27
37
33
48
49
83
33
54
46
26
41
42
89
33
79
32
43
37
91
40
40
32
24
70
96
88
97
69
42
16
89
76
33
85
89
31
87
21
23
19
27
30
14
66
29
55
40
44
81
31
39
55
43
53
84
44
34
84
27
81
46
58
27
78
44
98
57
50
96
95
27
68
98
86
83
86
56
54
22
52
80
65
56
92
94
66
65
31
0
32
30
0
122
49
117
127
39
160
33
40
45
39
130
105
117
129
68
45
116
159
185
177
120
188
125
66
132
197
131
165
177
194
130
135
199
42
176
21
124
90
126
134
168
191
184
50
51
176
51
51
178
103
12
42
113
67
106
61
67
70
72
23
132
23
96
41
12
125
7
32
17
35
82
140
36
34
37
33
13
30
33
35
39
129
12
37
133
31
39
61
142
31
163
166
120
21
10
29
25
0
