233
101
238
243
139
241
95
158
154
157
243
228
122
147
241
118
243
146
233
143
222
142
224
121
227
220
213
126
111
221
224
223
225
136
213
105
123
199
217
207
210
210
208
136
120
114
111
117
116
129
26
143
149
35
140
111
22
92
111
139
122
50
108
139
99
141
29
140
26
43
102
123
40
54
129
33
105
90
133
35
125
42
115
65
105
43
134
148
154
151
31
151
121
34
25
32
30
0
154
54
161
168
65
159
56
50
55
53
177
153
92
56
45
56
154
62
156
53
150
51
133
91
66
142
58
63
35
140
147
151
148
39
51
61
119
59
120
146
65
62
61
25
54
44
107
116
43
135
58
185
139
51
85
44
73
73
70
190
115
100
2
120
2
123
7
88
3
121
8
92
93
108
100
117
4
6
120
112
108
97
10
111
1
104
120
116
96
99
128
120
2
87
0
90
88
1
64
32
69
66
15
68
19
15
28
12
67
67
61
10
45
11
65
12
60
24
58
23
63
49
64
54
55
27
8
68
63
67
66
9
70
24
65
57
67
68
69
67
70
30
38
0
40
35
24
79
48
41
76
4
75
2
2
24
2
66
65
77
4
58
6
64
30
71
29
74
4
69
52
82
84
75
2
4
72
86
72
73
29
68
29
86
57
76
64
66
84
69
3
50
30
74
74
0
4
38
5
3
8
31
5
38
32
4
7
42
33
4
39
4
6
32
47
5
6
4
3
4
44
47
42
25
6
4
55
41
6
6
42
13
40
44
6
3
42
40
33
5
2
4
4
3
0
44
19
29
44
11
49
15
7
17
17
32
28
48
21
31
23
40
24
52
27
59
26
55
28
31
35
49
19
23
54
51
57
52
27
34
13
46
44
50
59
49
26
55
27
32
17
21
19
0
84
43
65
77
14
73
9
93
16
12
99
97
80
83
57
20
76
17
81
18
74
110
73
125
64
128
138
104
115
137
138
84
82
108
136
14
75
121
129
61
83
85
132
12
119
0
114
56
0
85
69
34
80
31
81
24
31
28
26
82
68
73
26
67
24
81
29
66
36
77
28
68
85
63
71
89
29
27
86
81
72
69
28
76
30
62
64
92
72
59
84
67
20
59
0
48
64
27
62
29
74
69
11
59
11
16
19
11
77
77
50
18
76
17
72
18
77
19
73
17
74
54
69
82
79
26
16
87
82
84
80
26
64
14
77
63
74
86
93
92
90
18
57
0
53
60
0
88
65
38
67
16
62
14
37
39
17
74
80
54
32
75
24
87
31
76
20
86
24
96
79
87
102
90
42
32
68
94
43
71
38
97
29
88
82
69
49
91
73
84
29
54
10
57
62
6
62
32
17
61
42
15
29
30
40
49
33
48
17
37
33
33
32
37
44
29
49
25
27
25
45
37
25
10
27
35
36
34
39
37
20
9
47
39
17
48
43
22
47
19
12
18
14
13
10
41
18
45
32
23
47
24
15
20
23
55
51
20
24
52
20
54
23
48
16
57
23
53
45
25
53
53
20
29
53
55
52
50
33
45
7
24
57
38
40
63
61
44
35
26
0
27
30
0
61
37
62
62
25
94
9
23
25
25
63
77
73
96
45
32
81
110
119
112
79
112
87
38
86
123
88
98
101
112
89
93
132
26
132
9
86
56
88
85
107
125
126
29
48
105
44
40
106
74
10
25
78
52
78
47
62
53
55
17
67
19
53
20
6
75
2
14
8
21
51
77
18
17
17
17
6
14
22
18
20
78
6
16
62
18
18
40
69
18
92
91
56
21
7
16
19
0
