384
187
394
409
256
401
156
273
272
277
406
385
203
261
396
209
389
253
397
264
399
261
368
206
365
365
388
255
218
350
366
377
367
253
360
216
221
392
395
381
387
379
399
269
197
239
203
208
221
252
53
249
245
68
237
191
45
128
186
262
251
96
197
260
170
263
83
268
54
108
206
259
91
94
260
78
220
174
268
111
273
111
204
182
151
102
197
281
271
273
81
267
210
56
33
53
47
0
270
120
278
293
123
312
84
88
73
92
307
275
186
117
102
112
270
108
300
92
288
78
246
174
123
269
127
125
74
264
268
285
275
69
112
123
240
125
182
274
112
122
127
60
84
85
200
195
88
246
135
323
255
69
145
59
102
120
112
332
214
189
11
231
9
254
14
180
13
218
15
224
219
243
196
258
11
18
260
255
212
261
12
225
8
205
265
222
217
213
275
219
4
150
0
146
144
7
133
62
144
138
50
150
41
22
42
38
155
140
107
50
107
52
143
65
153
31
150
39
141
115
100
121
145
37
53
142
146
146
162
53
120
40
140
124
150
154
150
148
141
41
68
0
58
65
43
99
116
46
133
23
100
18
25
49
22
139
139
100
18
107
19
120
46
136
58
134
24
132
97
124
112
130
21
16
129
117
120
124
50
149
45
107
86
107
141
132
102
145
29
45
50
88
88
0
13
149
20
16
41
114
16
99
120
14
19
180
94
17
176
13
14
109
171
15
16
14
15
14
161
153
150
63
15
14
169
167
18
12
150
37
105
146
12
13
152
142
145
16
11
16
12
16
0
149
60
90
160
35
160
59
41
58
57
100
103
172
54
98
64
144
67
165
67
179
67
165
109
103
133
162
61
74
173
176
173
169
70
117
47
157
149
162
171
165
99
156
64
104
61
96
90
0
175
86
190
195
56
185
50
181
53
54
200
176
175
146
163
61
194
46
190
57
180
177
190
238
154
229
242
184
202
252
247
190
199
185
224
61
168
206
237
167
197
191
228
44
228
0
221
126
0
155
99
79
132
60
157
36
70
64
73
151
109
142
45
129
56
161
66
106
74
156
74
98
156
119
105
176
69
63
165
160
120
122
74
148
75
148
112
172
156
111
175
124
61
85
0
77
116
66
100
53
120
133
23
84
42
53
56
56
110
133
78
52
134
57
140
41
140
57
146
51
137
78
123
135
136
45
52
148
140
135
137
44
110
54
119
112
97
144
130
140
142
52
60
0
66
63
0
153
105
69
122
38
109
24
72
68
38
122
110
87
80
117
33
140
67
107
27
149
27
166
135
175
176
160
74
64
112
151
89
110
76
137
63
129
132
98
78
121
115
126
27
73
21
75
68
15
89
52
29
79
57
44
42
47
42
63
65
72
43
40
53
35
56
32
71
51
83
43
61
48
75
57
54
24
34
69
90
87
86
62
44
16
97
68
36
82
85
46
89
26
25
27
32
29
22
103
42
96
72
35
126
33
39
43
44
101
113
57
33
110
37
109
52
94
36
120
53
101
91
58
90
109
38
47
96
97
96
101
51
98
17
80
127
79
94
117
110
97
50
61
0
55
62
0
126
57
129
117
38
200
13
36
38
34
128
137
127
137
80
33
132
164
193
191
133
171
127
83
128
201
135
151
184
201
124
144
219
27
227
13
116
86
125
128
194
208
214
27
73
173
75
74
164
113
23
61
121
57
116
47
58
54
57
51
131
47
67
64
14
131
7
58
15
71
39
123
53
47
67
65
17
20
67
67
61
94
12
67
55
58
67
82
91
75
125
119
52
49
14
49
53
0
