194
107
206
192
129
202
66
134
137
133
195
198
136
131
202
122
206
131
191
131
194
136
190
124
193
189
181
125
105
197
192
184
183
113
193
110
116
185
182
196
198
183
185
116
139
123
129
138
124
97
18
95
95
21
98
78
19
63
75
90
114
45
89
115
76
118
24
110
23
28
89
118
33
45
109
27
94
87
119
31
114
26
67
53
56
25
82
90
95
90
27
95
71
25
23
26
29
0
109
44
111
123
35
114
30
32
34
31
112
108
71
31
28
29
107
28
105
28
113
28
100
72
37
114
38
39
21
101
103
114
103
31
34
36
115
36
89
121
34
41
38
31
31
28
96
93
29
105
27
183
108
62
84
46
109
108
109
198
79
50
0
87
0
80
0
67
0
81
0
56
80
79
68
87
1
0
85
83
79
73
1
83
0
83
86
80
78
69
85
75
0
65
0
62
72
0
45
24
42
42
3
44
26
17
23
3
42
42
55
4
43
5
51
5
49
17
50
19
54
32
63
62
61
21
10
57
60
61
54
11
64
19
55
39
58
54
63
63
61
19
45
0
43
44
21
36
43
20
46
9
36
10
11
16
13
49
55
43
4
39
17
55
17
65
20
61
20
55
24
47
34
55
11
11
50
50
56
51
22
41
18
45
30
46
43
40
50
41
8
23
22
36
38
0
3
21
4
3
7
12
2
14
19
2
4
45
5
2
42
3
2
26
44
1
3
1
4
2
34
38
23
6
2
2
35
37
3
1
37
8
25
34
3
2
35
32
38
3
2
2
2
3
0
28
17
26
30
4
29
4
3
5
4
24
24
27
4
23
5
24
5
30
5
32
3
31
22
25
25
34
6
4
35
35
33
33
7
28
4
24
24
29
30
29
24
29
7
22
7
20
21
0
60
31
63
67
7
71
5
109
10
10
137
76
71
56
47
12
73
8
65
12
66
110
73
142
57
143
152
88
110
153
146
71
65
100
148
13
57
122
149
63
73
72
144
12
133
0
141
54
0
56
51
36
67
11
68
22
13
26
14
64
53
63
13
51
15
62
13
55
19
64
18
57
64
45
50
62
15
18
64
59
59
59
16
66
27
66
58
66
71
63
76
63
18
41
0
40
57
27
71
30
85
95
11
68
8
5
18
7
76
88
64
21
88
4
89
13
88
18
91
13
83
70
77
90
95
18
5
90
90
88
95
28
75
4
93
78
86
101
100
97
110
7
65
0
67
69
0
113
69
88
121
28
86
28
14
12
31
116
116
92
11
115
30
97
10
104
23
98
26
98
103
99
104
99
7
8
111
105
85
115
14
102
9
104
98
115
89
104
116
101
33
94
2
93
89
6
49
20
12
54
39
16
14
16
29
38
26
44
22
25
28
18
30
27
49
20
51
19
31
22
61
31
27
24
16
49
62
61
56
41
29
13
65
51
24
64
68
22
79
16
15
10
26
16
6
48
10
28
14
30
49
19
25
30
35
30
38
19
13
35
14
45
22
26
17
36
24
38
24
19
42
42
16
21
45
40
44
42
22
27
8
27
44
42
29
42
48
24
26
11
0
11
12
0
59
16
66
58
31
109
14
26
31
35
58
43
54
99
24
33
67
116
117
113
65
118
61
37
64
123
61
112
113
126
59
61
118
41
124
22
73
49
65
71
110
124
123
31
25
107
22
21
112
67
4
5
73
63
72
65
64
75
64
3
65
10
64
7
1
64
1
5
2
7
55
68
8
9
5
5
2
4
5
7
8
67
2
5
61
7
8
17
65
9
67
72
62
6
1
4
4
0
