229
101
229
231
134
230
97
148
141
139
230
224
122
146
227
121
221
138
218
143
209
138
211
121
208
216
222
129
108
203
202
216
208
126
201
104
118
199
215
194
208
202
196
132
112
126
124
128
124
110
32
120
115
25
117
99
18
76
95
125
119
36
94
120
86
126
25
130
19
31
103
116
37
45
124
27
100
70
119
34
119
44
100
80
79
38
100
130
131
130
21
125
92
22
16
17
17
0
115
36
123
133
49
125
33
31
25
30
117
111
80
43
26
34
106
43
99
23
106
18
102
73
39
108
39
40
16
103
105
107
100
12
33
37
101
37
78
109
34
38
45
13
30
28
95
86
36
119
66
180
130
38
91
45
71
72
76
182
93
83
1
102
0
115
6
99
11
107
13
97
107
120
87
126
1
9
128
125
105
105
10
102
1
95
118
112
102
100
124
103
0
74
0
72
82
0
49
10
43
44
24
48
18
8
17
23
48
40
35
6
34
16
43
16
41
15
45
15
50
27
34
34
46
18
24
51
50
52
47
18
42
14
37
31
44
40
44
41
45
18
22
0
20
22
18
36
34
20
41
5
43
4
6
17
5
34
46
45
3
31
7
40
13
43
22
41
9
45
30
46
38
42
12
8
42
43
42
41
16
42
16
46
30
40
46
40
41
43
10
22
17
34
35
0
0
19
1
1
7
15
1
8
16
0
1
27
11
0
34
0
1
14
29
1
1
1
0
1
27
20
25
13
0
1
28
27
0
1
39
5
23
35
0
1
39
35
42
1
1
0
0
1
0
56
35
47
68
18
63
11
10
12
16
48
49
72
12
45
13
47
20
71
18
64
16
61
50
47
37
58
19
15
68
65
70
59
15
54
8
64
46
59
57
57
42
62
17
45
18
35
41
0
71
50
75
85
13
74
15
95
14
17
115
67
80
80
55
28
88
24
82
35
89
102
76
120
50
121
131
97
118
137
138
88
90
106
127
30
83
116
135
78
82
98
136
24
121
0
118
60
0
82
50
42
65
37
69
15
35
16
46
73
46
68
23
67
34
75
47
47
44
75
40
49
83
55
45
81
49
45
83
82
47
46
46
61
19
62
53
80
71
50
74
50
45
36
0
28
41
21
57
32
61
87
27
43
27
22
42
13
60
70
42
40
80
17
82
22
79
38
80
44
75
44
53
77
71
35
18
80
78
85
87
29
53
17
71
49
64
81
87
77
80
19
41
0
36
36
0
97
49
60
86
19
68
14
30
30
23
81
80
66
32
73
18
100
32
78
14
99
19
105
99
98
103
102
34
28
75
100
61
85
35
96
23
89
80
77
67
82
78
79
16
61
6
69
57
8
32
15
11
33
21
9
10
10
21
24
21
33
18
23
15
10
16
15
36
18
34
12
19
16
27
20
21
9
13
25
26
27
31
19
23
6
25
27
16
41
34
12
32
12
10
9
13
9
5
56
19
59
37
10
53
22
9
14
16
53
61
53
14
66
17
65
18
53
11
61
19
59
59
52
57
52
21
14
53
55
56
60
15
55
9
49
57
52
56
61
65
62
15
37
0
42
43
0
57
27
64
58
17
117
5
20
19
17
56
58
63
107
53
17
66
109
118
112
68
114
63
48
67
120
72
107
114
131
73
73
133
22
140
16
62
47
69
65
123
112
122
21
32
103
35
33
103
54
5
19
65
39
56
31
41
43
38
17
60
31
42
17
5
58
0
20
2
14
34
59
18
17
14
21
6
18
14
19
17
47
3
18
46
17
20
31
52
17
63
62
39
13
4
14
16
0
