439
230
465
459
351
451
246
384
363
369
457
444
287
369
449
311
444
372
438
372
447
344
457
274
473
456
444
348
286
453
463
448
471
330
456
290
316
475
472
462
467
474
480
347
302
331
273
317
324
299
71
307
305
90
304
240
65
184
230
312
288
124
241
315
187
311
84
313
78
92
241
313
94
122
313
67
249
191
319
87
325
87
225
154
175
107
246
305
316
300
76
306
241
84
75
73
80
0
359
156
370
370
169
394
139
138
114
132
390
432
292
182
153
163
422
170
430
193
444
152
444
259
186
468
188
202
211
466
468
457
462
161
177
178
377
181
239
425
182
199
195
140
142
132
278
286
144
341
137
502
333
146
170
94
194
215
215
491
271
208
8
273
5
322
5
215
4
281
8
287
262
300
226
346
6
7
344
340
266
307
8
279
4
227
317
262
217
259
308
262
5
206
0
192
212
2
116
55
140
144
18
136
59
21
73
14
120
112
163
9
109
7
137
10
134
68
119
72
121
111
149
171
117
75
11
124
129
121
126
12
175
71
122
125
131
131
135
135
134
73
103
0
93
105
66
177
131
98
159
5
198
4
5
78
6
159
155
209
10
127
4
159
101
169
99
171
8
169
142
215
217
181
10
6
177
239
184
182
105
169
103
223
132
232
169
170
223
172
4
113
116
210
211
0
3
63
4
4
14
69
4
70
67
3
4
94
46
3
102
3
4
61
107
3
5
4
4
2
98
60
95
53
3
2
99
96
5
4
102
27
78
107
5
2
109
100
99
2
3
4
1
2
0
116
54
89
136
25
133
26
20
26
24
96
100
125
22
92
21
107
27
131
30
128
25
128
99
92
88
127
30
23
137
133
126
125
32
96
13
126
111
136
131
134
91
131
36
87
27
90
84
0
191
99
181
209
75
189
72
281
72
77
277
281
188
246
149
77
197
62
210
68
200
296
212
338
149
310
343
271
316
334
352
215
196
265
321
67
168
301
334
166
192
180
347
43
317
0
309
125
0
198
143
112
176
75
208
71
70
93
74
210
157
213
58
194
84
215
83
162
90
232
92
159
218
178
150
231
92
84
230
221
174
155
91
233
101
204
168
244
236
157
258
176
91
125
0
118
160
94
197
117
202
251
41
141
42
43
69
33
210
265
148
68
270
34
278
50
276
65
274
69
250
172
197
242
253
60
36
241
257
246
253
71
209
33
255
197
201
265
256
272
271
32
147
0
140
145
0
231
173
131
213
43
180
36
81
79
43
201
204
154
83
200
36
248
82
199
36
254
33
257
241
273
258
265
74
76
189
253
152
199
76
224
55
222
226
195
154
219
195
229
35
159
16
157
147
16
104
81
31
100
60
58
84
80
49
65
91
97
34
61
90
79
85
44
84
79
91
74
83
72
94
75
70
25
69
62
92
98
99
88
75
16
96
79
54
95
94
62
99
54
23
40
45
24
38
142
49
127
80
63
150
53
45
69
67
125
147
70
51
148
44
142
72
127
47
154
75
148
116
74
139
151
51
70
147
159
146
145
62
133
17
103
158
88
121
161
148
125
64
55
0
61
74
0
209
108
220
215
62
301
29
50
58
54
235
227
203
220
129
59
215
265
322
287
213
287
225
119
216
313
220
263
280
337
224
213
338
74
341
49
255
167
242
265
281
349
338
67
102
260
111
110
271
187
28
34
185
153
198
139
153
156
156
23
201
38
153
30
9
194
11
29
11
29
127
212
32
31
37
36
14
32
40
35
39
185
13
39
166
32
40
59
162
38
179
188
151
23
8
17
22
0
