128
57
124
130
67
128
40
69
72
70
125
118
61
68
115
47
118
63
115
65
120
63
102
64
109
108
118
55
51
102
103
109
104
60
102
46
67
104
107
108
104
104
106
64
69
54
68
72
59
58
16
64
63
13
62
48
7
29
46
62
70
19
56
70
47
73
14
74
9
17
52
64
17
27
72
15
54
44
74
18
74
19
35
27
29
21
42
52
48
53
13
51
35
10
9
10
10
0
52
31
57
60
24
60
12
17
15
14
60
80
42
24
17
22
87
26
82
41
84
38
92
57
24
98
22
27
60
97
103
103
98
55
23
22
67
31
77
107
21
29
21
49
16
18
46
47
17
60
34
95
57
22
48
31
45
48
44
103
43
36
1
47
0
50
0
35
0
47
0
43
46
48
47
55
1
1
56
54
51
47
4
58
0
48
57
54
48
47
57
51
1
42
0
44
46
0
21
11
24
26
11
25
12
9
10
8
23
26
21
2
17
5
24
7
24
12
25
10
29
17
23
20
26
13
11
30
25
28
30
9
21
9
24
15
26
27
26
27
23
9
14
0
14
11
11
39
41
13
44
4
30
1
4
16
4
41
39
40
3
25
1
44
17
47
16
50
4
47
34
36
36
48
8
7
44
36
47
51
15
56
13
38
31
39
57
57
33
51
9
16
17
27
26
0
1
27
1
0
4
23
0
19
23
1
1
30
6
1
30
1
1
8
27
1
0
1
1
1
23
18
23
4
1
0
28
29
1
1
34
3
25
31
0
1
29
28
29
1
1
1
0
0
0
31
9
19
35
6
34
9
7
9
7
13
19
34
4
17
12
20
10
36
11
32
11
26
18
13
19
28
6
9
31
30
32
31
18
22
9
37
30
38
37
37
19
35
14
19
2
15
14
0
37
16
34
34
12
33
13
48
9
11
54
40
33
30
21
10
33
8
31
10
33
50
34
55
26
61
65
37
55
64
64
39
36
48
66
23
34
47
62
37
40
41
63
14
56
0
55
23
0
38
17
13
36
17
37
12
17
19
18
38
20
36
12
33
17
44
20
26
19
38
19
21
39
24
22
36
17
18
46
34
28
28
11
30
21
33
28
44
42
28
40
27
10
23
0
23
28
21
22
8
25
37
7
28
7
6
17
4
27
37
25
12
36
7
38
9
40
10
39
11
45
37
36
47
44
16
4
42
41
45
41
14
32
3
34
29
40
42
45
42
45
6
30
0
26
29
0
46
17
31
46
6
38
4
11
6
6
44
50
38
10
42
8
47
7
40
7
47
7
46
41
47
45
47
8
8
44
44
39
47
14
47
9
49
42
43
33
42
49
42
9
44
1
40
44
3
21
16
7
16
8
13
11
12
4
4
18
12
5
8
19
14
14
4
13
10
12
8
17
14
15
18
20
6
11
6
13
11
15
10
15
2
11
9
13
14
16
13
12
5
5
4
6
4
4
22
6
21
14
9
20
10
8
9
8
19
24
16
10
28
9
30
11
19
5
25
7
25
20
20
31
31
13
11
26
28
28
29
14
22
5
22
32
25
22
33
32
23
13
14
0
14
18
0
52
15
52
50
27
51
16
27
26
27
45
32
44
43
25
23
50
50
52
52
46
54
48
31
42
62
45
50
52
57
48
50
61
22
62
7
49
41
53
50
52
59
62
21
21
52
20
22
47
33
7
8
37
27
41
28
30
30
29
2
40
12
29
7
3
35
1
6
2
7
18
33
7
10
9
8
1
10
8
5
10
32
1
8
23
9
9
15
28
10
35
32
21
7
1
6
6
0
