66
44
74
70
55
74
38
58
49
54
67
69
30
57
73
38
75
56
67
52
70
57
79
50
70
77
71
53
43
72
79
76
73
56
79
41
54
83
76
80
82
75
82
58
43
49
43
41
50
276
58
281
284
59
284
242
39
190
241
279
290
120
253
295
220
305
51
286
33
78
259
267
70
132
297
51
242
210
296
69
303
72
222
166
188
72
211
280
276
285
53
281
219
40
25
36
41
0
286
51
280
279
54
283
262
257
261
259
291
325
100
62
41
67
319
61
323
283
326
284
328
121
64
329
42
65
309
339
336
334
319
276
65
49
118
73
298
309
82
77
76
270
30
25
43
41
26
295
151
373
298
118
132
64
145
155
142
399
247
229
7
282
5
299
5
236
8
285
10
268
274
297
220
317
8
5
299
308
278
283
7
262
5
259
277
270
250
236
293
259
7
197
0
189
190
3
145
90
167
160
35
156
24
19
27
30
165
158
138
33
133
36
158
42
175
28
171
29
168
115
121
142
161
30
49
173
172
182
176
38
145
26
150
133
168
172
168
174
177
28
99
0
99
102
22
269
265
144
312
4
249
4
4
33
6
293
289
261
4
246
5
304
37
305
34
302
7
306
222
269
257
310
6
7
298
271
311
305
33
295
34
261
213
276
304
308
282
296
11
220
32
241
237
0
7
97
11
7
19
67
5
83
71
6
9
136
71
7
128
9
6
84
132
8
9
9
13
9
165
120
163
113
5
5
171
193
13
2
120
51
95
128
5
10
125
110
131
7
10
8
4
8
0
174
98
124
192
65
190
57
48
55
56
116
133
175
53
116
58
155
73
178
76
179
65
188
146
122
143
183
75
72
177
190
187
182
81
146
44
193
164
199
217
199
127
207
76
131
73
123
120
0
215
113
209
229
64
219
59
192
67
74
234
231
230
159
155
88
234
59
243
75
226
215
235
265
182
270
297
217
223
292
292
238
244
197
277
68
214
259
271
216
235
232
299
52
269
0
259
147
0
184
76
71
181
108
183
28
100
52
119
186
74
172
64
194
127
197
124
76
136
225
143
82
203
141
77
193
131
123
199
194
86
88
122
168
47
183
83
208
201
80
192
82
120
71
0
69
92
48
135
80
148
152
43
67
47
61
66
61
154
163
90
70
172
70
164
44
173
72
184
76
158
102
158
147
162
61
74
164
166
149
160
67
150
66
155
137
127
172
169
173
174
67
76
0
72
74
0
182
136
63
170
60
121
48
81
80
62
153
144
85
83
141
57
175
77
127
34
170
50
189
159
192
175
177
92
69
123
177
87
120
91
162
66
138
165
136
93
163
137
147
44
81
25
72
75
21
45
38
14
55
39
23
34
36
31
31
38
54
13
35
37
34
46
35
51
40
55
38
37
39
48
36
42
13
31
42
45
46
49
46
35
10
52
42
27
51
53
34
54
26
9
16
15
7
14
160
78
131
94
58
170
24
45
74
72
127
167
100
22
177
14
180
64
146
39
184
76
189
127
108
196
180
20
67
188
202
184
197
80
138
30
101
186
127
141
185
187
137
82
125
0
123
123
0
161
69
171
172
41
231
21
39
37
36
190
202
143
162
101
41
178
192
224
199
176
197
165
107
168
237
173
175
205
250
179
175
261
41
245
21
168
114
180
174
210
264
270
39
101
190
97
106
178
148
39
88
144
73
142
54
74
83
72
53
159
53
92
80
23
147
21
70
33
87
63
156
74
72
80
78
22
33
90
80
81
105
29
85
96
77
84
108
115
86
166
170
64
52
22
57
63
0
