318
138
341
327
204
339
151
215
211
216
327
306
168
218
296
184
312
201
295
205
305
206
258
181
269
273
287
195
163
263
277
278
269
208
310
172
180
313
305
305
313
289
312
206
172
184
159
161
173
168
42
179
181
38
180
111
33
86
120
179
190
86
124
195
98
202
47
200
34
65
134
183
69
79
188
44
136
97
196
73
197
80
119
134
85
76
122
184
190
186
69
184
124
42
39
41
41
0
220
103
229
243
99
232
73
93
74
69
241
241
177
94
80
94
275
102
264
110
278
98
230
161
104
254
108
109
88
259
259
256
259
83
85
119
217
113
142
236
114
121
114
72
79
74
167
181
79
186
91
446
194
82
310
271
318
314
311
455
140
125
3
161
0
248
56
211
80
153
82
233
184
244
131
235
1
81
241
250
161
241
74
158
0
154
226
154
219
227
257
149
0
110
0
104
119
0
219
123
236
241
97
249
64
41
74
80
238
248
179
71
183
84
232
105
240
68
235
78
248
183
150
176
247
76
102
251
249
251
264
101
182
70
245
213
260
251
261
256
256
79
104
0
103
108
73
126
189
71
211
67
100
67
65
45
65
204
196
110
49
158
70
192
48
195
62
195
86
183
125
118
116
194
79
76
202
133
190
191
53
183
45
125
129
124
196
190
124
194
66
57
47
102
105
0
16
126
19
14
29
104
15
99
99
13
19
175
74
16
169
17
20
106
166
16
19
19
21
20
149
129
155
81
14
9
169
174
21
15
150
39
121
166
17
18
160
157
159
16
18
19
11
17
0
209
102
157
222
63
215
70
64
65
68
151
166
194
44
137
64
165
74
222
72
216
76
207
166
149
159
198
82
66
216
213
205
221
65
168
43
204
182
204
207
217
150
214
69
154
65
138
142
0
207
101
187
213
60
206
59
276
66
63
334
291
198
197
149
59
205
41
209
51
210
292
201
359
153
355
378
280
308
402
384
198
198
278
368
53
196
349
386
175
202
209
385
38
350
0
346
132
0
207
153
115
202
89
206
40
78
71
83
215
141
200
54
190
81
223
93
143
84
228
90
145
218
161
145
234
108
100
234
219
154
169
93
190
63
180
161
225
209
145
223
173
97
116
0
116
142
52
189
115
226
234
65
159
39
75
87
75
224
262
152
90
261
71
273
52
255
92
268
89
271
170
226
271
259
84
68
265
262
271
267
81
219
82
217
218
220
261
252
263
258
82
136
0
129
133
0
256
222
165
282
81
229
47
41
32
83
292
271
227
40
283
77
285
47
287
40
283
71
287
275
271
297
289
35
27
283
288
246
286
38
269
29
268
271
287
227
247
285
241
78
214
11
208
194
6
132
68
53
157
74
68
40
49
47
74
87
145
86
87
81
41
74
63
136
40
142
38
82
82
145
80
87
56
39
118
137
145
152
87
85
25
145
118
71
160
148
78
154
27
60
35
76
62
21
132
25
119
85
56
139
53
34
58
55
141
142
73
43
138
49
139
60
126
49
135
70
150
125
109
169
159
46
76
159
157
163
157
84
131
38
121
193
146
129
188
186
130
93
77
0
73
74
0
243
111
247
247
77
295
27
72
69
75
246
238
248
242
191
87
258
302
332
337
265
320
280
189
288
324
294
283
292
355
279
286
359
98
316
48
278
205
279
286
301
333
343
88
126
281
116
123
281
190
29
78
198
126
199
105
135
131
133
51
202
86
151
82
31
210
18
68
37
80
109
229
77
67
83
79
31
60
77
84
82
184
26
80
158
71
89
133
180
95
232
247
145
60
25
66
67
0
