240
120
256
240
148
242
95
161
155
158
252
244
148
150
241
130
246
146
238
147
241
155
233
142
245
237
251
147
116
232
244
240
235
149
229
126
149
238
243
235
234
238
238
151
146
141
139
142
134
122
32
137
136
24
131
107
22
92
118
137
141
61
130
153
123
153
25
159
20
24
132
155
27
54
163
23
139
123
167
33
164
27
157
85
122
31
144
186
189
195
27
184
160
22
18
20
20
0
176
63
179
195
70
193
81
79
74
77
196
167
111
55
43
58
175
58
180
72
184
63
175
117
58
180
55
68
75
181
177
180
188
58
58
70
144
64
105
166
69
61
62
54
55
49
112
114
49
171
59
236
175
76
96
39
102
104
101
246
138
98
1
137
1
153
4
106
4
142
5
106
133
138
100
148
3
5
150
144
128
135
6
136
1
128
161
129
121
131
151
137
1
110
0
108
113
1
62
20
73
76
13
81
17
9
18
12
77
73
70
11
79
14
76
17
77
20
84
22
75
77
69
82
77
20
14
85
88
79
83
14
79
21
74
82
87
79
84
77
83
21
58
0
57
64
17
84
42
54
77
4
82
5
3
33
5
84
81
88
4
74
6
83
35
85
39
88
5
77
75
100
92
86
10
10
88
105
89
84
36
90
38
88
82
94
91
98
97
91
7
64
38
89
90
0
4
56
5
1
7
47
2
47
55
3
3
64
46
2
68
4
5
51
82
1
4
4
4
5
50
55
61
34
1
1
62
61
7
4
62
26
43
67
5
4
55
59
58
3
3
1
2
4
0
61
34
51
73
15
72
16
8
12
16
50
62
69
14
57
17
62
19
70
17
67
16
72
58
57
58
69
26
25
71
73
75
71
20
53
15
78
64
77
75
72
50
74
20
46
17
42
39
0
82
52
86
89
18
86
15
118
20
18
133
98
95
77
73
34
112
24
111
34
96
115
101
155
74
140
149
108
131
164
157
112
106
125
142
35
91
125
145
83
102
115
144
22
142
0
128
57
0
106
80
55
89
34
106
28
29
31
36
110
70
111
20
82
30
105
36
76
32
101
28
73
116
79
80
110
46
35
111
108
80
85
41
107
37
84
79
112
114
86
108
89
31
63
0
64
81
35
90
44
94
130
19
82
23
23
38
19
95
120
80
34
118
22
125
30
127
34
132
38
124
86
94
128
128
38
18
134
123
126
120
45
88
17
115
93
102
135
130
138
141
23
73
0
72
74
0
118
68
62
109
26
75
27
34
33
29
107
105
91
34
109
27
115
32
105
25
117
27
113
105
117
112
112
27
36
99
106
84
96
34
109
22
99
103
95
79
104
99
95
27
73
6
69
65
7
69
19
14
62
44
18
28
28
37
43
29
47
13
33
26
19
30
36
51
28
48
29
28
24
58
26
25
10
23
43
54
49
48
40
18
4
56
41
21
49
53
23
58
22
11
19
17
13
19
66
19
44
27
33
72
15
30
41
41
45
77
33
20
76
23
81
36
46
30
74
41
77
42
30
85
82
13
51
69
85
89
81
45
46
3
40
71
52
52
71
79
45
45
37
0
29
29
0
77
35
86
82
29
129
18
32
32
30
90
87
86
94
50
30
75
106
119
117
77
118
70
44
93
127
84
102
108
128
81
87
127
52
137
15
107
61
114
109
116
136
133
39
33
118
36
36
114
93
16
24
97
71
102
69
81
81
77
17
99
27
86
25
6
106
6
25
8
22
81
113
30
20
27
25
7
14
24
26
23
93
9
15
84
20
27
35
96
14
102
112
81
14
7
22
18
0
