330
151
333
339
225
329
149
225
224
230
331
336
184
210
334
163
338
225
322
226
322
224
302
166
303
292
306
203
164
284
293
311
294
203
301
169
193
308
300
301
305
320
313
218
181
195
192
192
190
186
26
177
184
48
185
156
22
126
158
193
176
52
156
178
123
175
39
174
23
44
161
173
41
65
177
31
160
133
178
48
178
43
167
72
131
49
160
190
187
200
29
180
158
21
19
22
24
0
208
84
210
210
105
237
70
65
56
68
221
199
144
93
83
89
223
89
248
63
218
45
194
144
90
212
81
91
61
237
212
212
219
56
81
86
193
81
160
207
84
87
90
49
71
63
161
167
66
201
96
279
207
66
114
65
121
116
114
282
179
135
1
176
0
184
8
124
2
186
7
175
158
157
140
196
4
2
194
193
161
175
3
165
0
141
184
174
137
150
195
177
1
122
0
115
111
0
69
38
76
88
18
75
23
19
22
17
77
78
64
5
67
15
87
20
89
20
85
19
80
65
66
63
86
24
23
86
92
88
86
18
79
21
83
69
93
85
91
96
93
25
53
0
50
53
21
91
83
38
92
10
90
8
10
38
10
94
101
93
6
80
6
91
35
92
46
105
8
92
72
95
102
98
10
6
97
104
86
94
48
101
41
103
74
90
107
109
101
104
13
57
47
93
89
0
10
56
12
8
9
41
5
40
45
5
11
73
30
8
83
7
8
34
88
8
11
10
8
6
88
72
86
46
4
8
93
104
11
5
108
33
92
118
7
8
113
121
105
4
7
6
0
4
0
90
52
69
105
28
106
45
32
43
46
62
72
97
29
64
37
76
46
113
42
113
44
110
72
59
69
109
38
48
114
116
116
108
36
73
25
90
81
99
92
102
61
98
34
64
30
51
51
0
110
67
105
119
31
119
31
144
30
33
166
144
112
116
78
27
121
21
114
26
124
161
123
178
93
192
209
144
168
201
199
127
113
155
188
27
117
189
200
97
123
125
198
22
170
0
171
89
0
106
69
67
100
49
112
31
36
46
40
113
77
112
29
94
35
110
52
80
51
120
40
87
120
80
75
109
49
44
113
120
86
75
45
98
42
99
76
111
101
78
110
86
37
64
0
61
77
50
87
51
112
104
17
69
15
41
31
36
108
102
73
22
108
36
112
19
124
23
121
30
128
91
119
130
124
38
36
135
128
134
131
29
111
36
105
119
90
120
132
117
123
39
79
0
75
79
0
128
76
79
111
22
88
18
52
39
25
114
109
96
53
103
23
137
43
104
20
137
22
143
134
153
150
150
57
50
113
142
92
117
43
124
38
123
110
112
89
119
97
115
25
84
7
78
70
10
55
25
11
47
40
19
34
41
29
42
36
50
24
31
34
35
39
21
42
32
48
31
36
34
50
40
36
18
28
41
59
46
51
43
29
17
57
59
23
58
50
30
50
21
11
19
24
14
12
85
19
50
37
27
84
20
23
28
31
55
77
47
18
85
19
98
30
62
20
80
30
91
55
76
90
88
19
37
93
85
87
86
37
55
13
59
93
70
61
91
90
72
33
39
0
48
41
0
114
35
110
107
41
157
18
41
42
40
116
113
108
144
65
43
104
161
171
166
110
170
104
61
100
188
109
155
159
182
108
95
200
42
183
22
118
90
107
122
170
189
189
33
53
163
59
67
154
101
22
50
125
64
113
54
76
79
69
29
117
45
87
50
7
123
11
38
19
49
66
144
42
42
36
38
15
48
49
49
51
108
11
40
82
32
49
77
100
45
128
129
79
33
12
35
30
0
