452
245
461
461
295
463
221
330
323
305
460
482
287
316
467
271
476
316
470
317
473
301
449
286
461
456
443
302
245
459
465
468
465
320
489
229
281
492
480
488
474
489
501
317
282
264
274
270
272
260
68
288
286
79
282
209
57
156
212
281
289
110
225
299
181
300
77
299
62
100
238
277
101
107
291
67
239
192
308
105
312
102
219
180
166
97
207
293
293
299
72
317
232
66
52
60
68
0
301
110
323
327
141
332
85
92
84
89
323
337
237
133
105
123
342
123
349
122
372
102
335
245
133
356
145
146
115
375
357
382
373
102
128
148
291
156
235
331
143
148
153
91
120
109
264
248
108
310
153
397
311
109
148
64
150
164
165
403
269
218
4
287
4
286
5
207
3
276
5
284
248
288
226
322
7
6
309
309
259
282
3
281
4
245
284
269
216
244
302
255
6
176
0
163
169
4
128
77
138
132
27
137
47
32
61
21
138
147
134
21
114
34
137
33
135
52
144
54
164
104
128
137
168
66
55
176
169
180
175
56
156
49
165
118
176
178
182
190
182
57
82
0
82
87
49
142
147
79
162
20
131
15
19
61
20
143
164
156
17
120
19
147
66
178
69
171
22
165
110
153
132
179
37
18
177
168
175
179
76
170
68
151
96
141
168
165
152
180
30
75
66
124
125
0
6
118
8
7
16
89
8
87
94
5
8
152
36
4
140
4
6
61
146
7
11
5
9
3
113
95
87
26
5
6
119
128
11
4
95
13
55
99
5
9
96
101
87
6
5
6
3
6
0
109
65
95
110
36
117
26
18
27
26
93
87
94
21
90
30
91
30
112
31
118
29
112
93
87
88
109
36
38
123
111
110
126
45
96
19
117
107
122
126
130
88
121
50
86
36
87
80
0
206
117
198
201
72
212
66
198
65
77
230
228
199
191
138
74
215
71
207
80
217
235
225
277
164
288
298
228
251
286
304
244
232
233
272
87
176
263
292
190
225
212
275
72
264
0
245
127
0
204
139
93
196
91
201
46
82
67
84
219
134
188
48
166
79
184
84
132
84
201
91
143
179
155
142
195
85
85
202
182
137
152
81
178
69
184
155
192
192
145
206
151
83
107
0
106
151
73
191
86
209
238
37
155
20
32
60
33
217
238
185
51
237
41
242
28
244
50
224
60
248
212
208
240
245
53
33
233
236
219
238
47
186
34
240
199
205
260
262
279
263
35
167
0
169
161
0
181
126
89
150
38
121
25
85
75
36
146
144
114
83
150
37
203
77
148
33
190
41
219
190
212
218
203
82
78
129
203
108
130
67
168
69
172
163
154
100
157
151
160
49
97
19
93
90
22
113
62
37
118
84
39
59
59
58
85
78
103
57
56
70
57
73
43
89
60
99
61
83
65
102
68
68
36
45
72
100
106
112
88
62
25
96
87
53
117
114
60
118
34
20
28
46
31
27
116
28
113
85
58
143
47
39
63
63
126
128
79
49
129
47
135
47
115
29
143
57
149
113
110
159
159
49
62
158
163
164
145
71
136
33
119
151
128
128
147
150
127
76
71
0
62
67
0
190
85
199
203
77
243
34
71
79
77
199
174
225
184
152
77
230
208
270
222
216
230
231
152
234
280
222
230
239
301
237
243
298
93
278
56
233
164
219
240
250
267
276
87
95
224
104
98
208
215
25
45
226
180
207
151
181
179
190
23
203
34
166
38
9
190
9
38
15
33
158
207
43
29
44
43
11
21
43
43
36
176
14
40
138
36
41
50
141
36
168
172
135
22
11
26
25
0
