437
174
457
444
239
475
162
266
262
261
464
402
206
250
422
207
405
245
400
244
421
250
378
220
387
391
378
246
206
387
377
375
387
257
385
191
224
394
389
373
392
391
400
253
217
192
212
220
220
260
59
271
273
77
287
210
35
150
216
278
274
83
218
280
185
281
72
280
52
112
222
268
81
117
277
67
222
176
268
94
283
94
215
169
164
89
190
274
272
276
56
282
221
44
32
43
46
0
259
90
267
276
120
278
96
81
85
96
293
276
176
117
97
108
286
122
291
120
303
94
278
155
110
304
110
126
101
295
296
305
305
62
93
103
240
109
195
269
101
115
111
54
81
68
201
208
80
239
160
308
256
60
142
46
82
89
87
305
231
190
6
246
3
268
13
181
8
238
15
219
232
239
191
286
5
14
273
273
227
236
11
236
1
199
261
235
205
225
270
227
2
171
0
161
179
3
126
57
140
145
48
135
45
26
45
32
142
122
103
27
112
37
125
45
143
42
142
47
122
93
108
110
135
44
42
134
139
134
139
46
114
34
119
112
140
148
144
140
147
40
74
0
78
72
41
120
131
72
143
22
112
11
13
51
16
145
151
121
12
84
11
142
52
135
58
150
17
166
93
121
112
157
25
15
142
129
159
159
56
150
51
129
99
144
155
164
132
164
29
65
61
114
109
0
8
105
11
9
24
80
8
65
80
8
14
141
58
4
145
8
10
99
156
9
6
8
13
9
145
113
138
61
7
6
141
152
14
8
135
36
103
143
9
9
140
144
143
9
9
6
5
8
0
162
70
105
168
41
170
54
37
54
52
111
115
152
36
113
53
129
57
160
58
160
52
185
118
101
133
176
45
73
192
178
177
173
61
112
40
159
143
159
157
165
101
166
65
101
43
96
93
0
208
108
188
230
86
221
70
144
73
75
194
182
209
146
147
68
220
56
215
70
211
162
215
217
145
197
225
156
165
231
223
217
218
166
214
60
181
178
221
143
205
204
223
49
212
0
200
130
0
169
117
91
152
59
169
35
47
51
65
170
121
149
39
135
67
175
77
117
86
180
80
119
176
112
123
170
65
60
171
172
127
133
59
150
54
134
132
189
174
126
172
145
47
102
0
93
125
54
136
67
148
174
41
90
37
47
69
40
133
184
87
62
168
44
183
42
185
53
192
60
153
107
144
155
167
44
35
162
165
165
157
55
150
39
164
137
123
169
170
171
172
47
78
0
79
94
0
123
85
43
105
49
83
43
70
71
50
101
92
63
76
100
45
121
68
90
27
126
45
136
103
142
126
120
65
54
94
119
64
95
48
102
51
96
112
96
68
96
90
103
37
55
15
52
52
10
103
52
31
105
70
31
40
39
56
66
56
83
34
62
52
42
51
38
85
48
83
42
58
48
85
47
55
26
31
73
88
78
89
61
47
10
78
64
44
81
82
48
89
28
18
23
29
21
21
110
48
98
64
42
121
39
25
46
40
101
119
56
36
111
21
112
46
97
18
108
43
108
86
69
116
116
29
40
108
117
107
119
48
92
27
69
113
81
86
116
116
97
53
59
0
55
64
0
150
76
160
171
51
198
25
57
58
55
160
188
165
134
99
55
173
159
216
177
165
192
172
94
171
218
180
149
161
206
183
182
238
59
222
27
174
111
168
170
196
220
213
39
98
144
104
101
134
120
30
51
139
78
134
64
77
87
81
40
137
44
86
60
9
124
9
41
14
55
71
156
60
43
55
51
17
32
51
56
53
113
15
56
102
52
52
89
106
55
165
155
72
40
15
40
42
0
