275
145
292
284
199
306
138
211
208
217
299
296
200
199
291
196
300
200
282
203
300
211
303
195
305
318
304
202
168
307
313
308
318
208
308
172
217
323
321
329
320
323
330
203
193
185
198
192
189
168
30
184
189
36
183
152
30
98
137
194
163
73
131
171
125
176
38
173
38
48
134
174
52
79
179
46
150
117
188
46
187
55
143
102
128
47
169
206
198
194
41
211
158
43
40
45
40
0
222
101
236
239
98
241
83
81
78
80
255
240
145
99
84
91
247
104
250
107
257
82
258
192
101
277
104
104
107
262
265
273
280
91
90
101
221
96
183
249
95
108
102
67
88
86
177
171
72
187
70
266
211
77
122
51
107
114
116
265
158
127
0
170
1
150
3
138
1
159
3
157
153
172
126
173
2
3
181
180
155
150
10
157
1
138
181
164
125
134
184
152
1
118
0
117
116
1
114
46
125
126
10
118
40
25
36
5
124
120
134
7
95
3
121
10
125
43
116
43
116
99
119
129
116
46
9
105
118
120
116
15
143
37
115
103
125
125
127
123
127
39
83
0
82
78
38
113
106
66
127
12
106
16
16
44
15
123
105
117
11
88
8
117
50
103
57
108
10
118
87
115
115
133
17
10
129
125
128
129
52
112
52
122
94
125
114
106
123
109
8
72
61
113
109
0
0
39
0
0
5
26
0
28
31
0
1
70
26
0
73
0
1
68
81
0
0
0
0
0
68
56
67
52
0
0
74
71
3
1
78
18
51
75
0
0
80
79
79
0
0
0
1
0
0
110
48
75
112
49
113
42
30
45
41
77
77
102
27
76
36
92
51
108
47
107
43
102
86
68
78
103
59
47
108
110
105
108
52
91
22
121
92
117
124
125
78
120
53
81
52
64
66
0
172
85
167
185
83
185
69
145
88
87
181
165
170
123
97
85
201
70
188
83
182
129
179
185
110
170
185
129
159
204
212
184
189
128
193
71
144
183
195
134
185
178
201
62
182
0
181
101
0
193
113
109
176
62
179
30
52
44
67
195
104
173
49
133
66
173
72
110
77
174
70
108
160
113
106
167
74
62
172
165
122
132
78
162
56
144
120
170
175
119
187
117
79
97
0
97
116
47
141
61
156
148
22
81
15
55
35
46
152
156
92
32
141
56
141
18
138
33
146
33
160
113
141
149
150
30
47
146
152
152
157
29
152
50
138
142
116
134
130
147
135
47
91
0
87
88
0
133
107
86
128
35
91
25
35
37
38
135
152
100
40
131
50
128
33
127
38
134
51
144
123
128
131
134
32
26
130
132
86
128
29
124
16
106
123
144
87
113
126
126
48
86
6
71
64
5
95
46
29
103
68
34
41
42
62
73
48
76
35
72
47
43
51
54
81
42
85
43
55
39
87
50
49
31
43
79
86
83
82
67
52
26
91
78
38
107
84
42
95
30
13
34
34
15
32
117
53
99
77
42
124
41
40
59
53
96
131
76
30
126
27
130
67
98
39
123
60
148
89
61
145
131
25
84
137
143
143
147
72
90
25
65
137
71
100
141
148
97
69
64
0
58
65
0
174
74
186
185
56
202
25
64
54
53
185
178
170
123
97
59
191
140
198
164
195
159
192
102
195
239
196
141
146
226
185
194
222
68
231
26
206
126
198
196
189
227
231
64
99
153
101
106
148
146
23
62
149
92
143
70
91
83
90
40
154
45
106
66
9
156
8
51
9
70
86
169
60
48
59
62
10
30
61
66
59
123
9
59
104
49
63
84
132
66
149
164
87
50
8
46
44
0
