622
328
632
626
372
639
280
438
409
426
645
669
371
410
678
321
683
419
659
417
683
403
634
410
672
657
641
384
325
663
661
651
659
405
674
343
376
653
664
677
670
658
660
393
379
358
356
377
341
418
119
438
427
102
441
299
78
239
315
424
425
147
321
437
257
445
112
438
79
148
346
421
147
182
471
104
329
270
428
132
441
147
300
292
226
133
283
408
411
430
105
401
303
91
67
92
95
0
402
212
432
446
195
449
135
129
124
142
477
473
323
172
161
175
485
181
506
203
514
171
469
276
189
473
177
181
196
486
508
509
501
83
174
188
380
178
267
396
170
189
188
78
153
140
341
328
144
368
187
520
390
115
261
125
203
220
198
521
334
278
9
352
5
373
6
289
2
337
7
357
326
371
303
428
12
11
415
415
337
369
12
339
4
337
394
358
333
346
406
349
6
273
0
255
276
3
199
113
226
223
73
223
70
61
98
60
219
251
192
66
210
84
257
95
241
86
261
92
266
178
195
208
270
91
106
271
266
274
286
83
204
76
223
207
245
245
243
239
260
78
121
0
120
121
72
227
197
121
215
47
189
31
48
83
46
242
237
219
32
190
39
228
92
245
109
248
54
245
139
222
200
266
60
50
253
225
273
276
98
254
89
226
155
228
252
254
228
255
50
117
99
185
180
0
14
188
20
12
37
123
11
114
142
10
27
212
82
13
236
14
12
126
235
10
17
14
15
13
208
184
169
68
14
12
202
207
16
15
228
50
153
218
16
16
222
242
224
15
17
13
7
14
0
258
109
173
279
55
271
84
60
83
85
166
176
223
60
166
49
188
77
249
74
233
76
237
179
163
155
227
79
75
241
238
226
250
79
182
45
237
200
237
253
232
170
261
87
172
71
154
155
0
303
168
305
322
94
330
82
250
93
100
338
329
309
208
230
101
337
82
340
102
321
265
346
372
238
368
383
278
279
407
377
337
346
267
381
108
303
344
372
274
338
339
373
93
354
0
369
210
0
300
181
164
273
108
300
77
100
90
119
293
198
266
59
250
109
268
112
212
114
300
119
198
308
207
209
306
144
123
307
316
207
241
116
268
109
249
213
321
307
207
317
224
117
152
0
166
219
97
269
140
267
320
63
216
64
78
117
72
277
331
198
117
338
78
335
74
330
113
357
116
323
224
267
340
346
105
72
342
341
336
324
108
264
78
323
255
272
343
320
326
331
75
178
0
166
186
0
229
190
112
229
104
163
78
101
99
92
222
204
155
106
212
83
222
110
222
64
236
93
248
222
248
253
236
95
83
201
223
139
223
84
215
74
187
188
206
158
174
210
180
97
130
24
128
115
25
168
76
50
184
127
60
75
75
77
119
99
165
105
107
102
66
105
89
162
71
170
70
99
88
162
100
101
71
56
127
166
160
154
120
95
36
178
137
71
157
181
85
176
52
42
36
64
53
35
177
40
162
112
63
196
62
50
87
69
178
186
122
56
202
52
186
81
164
49
187
77
220
148
133
197
218
70
95
221
221
216
205
92
164
43
145
236
169
159
250
241
169
93
91
0
88
101
0
264
125
290
277
95
308
40
91
91
89
266
253
279
226
175
111
289
246
335
288
279
289
275
162
278
346
302
263
272
332
301
283
364
117
349
67
276
190
294
286
288
364
344
105
123
264
123
112
256
259
47
88
266
191
271
162
200
203
188
58
257
71
187
94
26
266
14
85
30
96
155
266
91
66
86
79
25
73
83
93
87
217
15
92
194
77
87
138
211
91
253
272
155
72
16
67
70
0
