484
256
517
510
366
499
254
392
365
379
507
495
320
364
513
288
492
371
516
367
499
354
489
324
483
472
472
374
300
491
479
458
489
349
509
299
297
517
480
517
536
502
516
345
327
334
312
322
328
359
82
359
349
77
356
245
68
180
246
347
373
154
271
398
226
385
84
398
74
136
298
320
123
144
338
104
218
159
334
111
337
129
213
259
144
118
215
300
314
323
102
327
218
72
55
82
79
0
356
152
383
391
184
390
135
134
128
138
406
396
278
154
121
143
400
152
429
164
439
144
368
244
166
410
179
178
142
412
398
409
418
130
156
174
356
175
266
395
172
179
178
109
139
133
306
308
137
322
174
489
341
138
210
116
217
232
218
490
267
237
6
273
6
319
25
255
25
281
37
274
293
313
240
344
9
32
345
341
267
333
40
284
6
265
344
273
280
299
349
284
5
209
0
188
195
3
178
85
185
200
97
195
64
41
80
83
198
197
130
75
154
95
199
102
200
81
196
83
196
162
125
135
214
84
104
204
203
192
205
95
142
67
167
167
190
199
187
184
188
71
77
0
73
73
70
198
171
110
197
25
184
20
28
79
25
208
210
204
33
166
29
195
80
211
98
212
36
205
129
197
206
206
38
30
207
220
191
200
91
218
89
204
147
201
220
222
205
244
38
104
92
176
173
0
12
116
10
12
20
94
12
97
103
10
11
157
72
11
153
9
11
93
163
8
17
13
15
15
174
122
163
92
9
11
175
173
19
11
164
42
127
168
12
12
167
166
159
7
9
9
6
12
0
167
80
130
185
44
173
55
54
64
58
124
125
173
50
123
61
152
70
189
67
176
67
164
139
127
143
178
68
69
179
190
185
190
55
137
46
162
158
169
172
178
125
170
57
120
52
113
103
0
200
101
204
219
54
221
46
254
65
60
298
273
215
208
173
58
229
46
221
67
218
257
242
334
182
326
347
254
299
350
353
236
236
271
350
63
222
321
334
202
240
244
359
61
320
0
317
155
0
257
161
120
248
95
246
62
84
92
103
258
171
257
73
214
103
252
119
181
114
256
120
177
245
186
172
261
108
102
263
250
196
205
119
220
101
227
187
262
262
183
270
192
101
140
0
136
165
83
177
112
207
253
52
151
51
61
92
58
216
266
181
88
260
65
264
52
257
84
270
84
253
187
203
234
233
79
55
240
243
242
235
76
213
48
241
188
205
251
267
268
250
58
138
0
137
151
0
237
189
119
241
68
163
43
65
60
61
239
225
169
66
243
62
236
68
216
44
231
60
246
238
255
264
250
71
59
222
238
191
217
71
230
50
210
228
219
182
228
220
212
63
158
21
155
151
22
134
83
33
132
95
41
66
67
60
91
83
116
68
60
90
63
84
50
131
74
126
67
88
77
114
84
78
48
53
88
121
116
112
87
68
34
113
82
63
123
107
70
115
50
34
41
54
34
40
162
44
143
100
41
168
63
30
45
45
147
163
105
64
152
54
169
51
138
32
155
51
152
139
115
162
157
57
57
151
155
155
160
56
147
33
146
175
141
156
179
185
159
57
97
0
92
97
0
211
104
219
215
75
267
32
65
73
73
232
206
237
237
145
89
237
261
318
271
239
292
244
160
247
300
251
262
285
297
245
247
321
89
305
40
234
165
236
253
267
318
320
86
103
241
95
87
243
196
32
69
204
145
204
120
143
155
143
42
193
76
143
64
17
204
9
58
18
60
121
209
54
53
63
60
20
62
56
60
70
169
16
67
158
52
61
120
186
67
223
213
136
54
19
53
51
0
