478
240
485
493
338
518
234
366
367
349
493
537
329
351
540
280
550
364
552
346
548
349
571
324
565
559
569
345
274
570
564
557
565
342
578
270
329
567
569
574
582
603
575
334
318
306
303
297
285
364
74
382
385
87
383
288
70
229
299
376
378
144
287
390
254
386
93
398
74
120
303
331
110
145
340
85
264
228
349
115
349
107
240
196
218
121
274
343
335
334
93
338
247
80
76
78
88
0
341
154
384
375
172
385
103
112
105
110
388
408
277
161
128
139
418
157
426
150
427
118
375
266
160
401
159
161
135
404
413
411
412
95
159
176
330
171
261
388
158
170
172
90
136
124
293
285
125
351
133
462
349
101
184
73
147
160
159
464
293
228
8
297
5
327
10
249
3
306
12
289
298
313
261
344
5
10
332
350
302
317
3
295
5
278
321
301
282
266
310
299
2
234
0
231
251
4
157
91
163
172
34
166
63
49
84
31
184
186
176
36
152
38
196
50
186
72
187
88
199
166
179
189
196
87
57
196
209
196
211
74
199
83
199
191
215
234
225
222
232
80
114
0
120
114
80
178
178
86
196
31
175
25
32
72
32
199
200
182
30
162
28
180
92
206
96
208
46
213
124
187
185
212
58
41
218
205
215
226
95
217
88
202
131
193
214
225
196
240
52
85
95
166
156
0
13
144
16
14
30
97
10
93
105
9
18
193
75
6
191
13
10
99
193
11
15
11
13
16
220
166
207
92
9
12
234
236
16
8
182
38
128
197
12
12
189
177
185
8
12
7
4
12
0
193
96
150
223
62
216
63
42
58
68
146
165
212
66
145
61
167
70
229
78
213
71
203
158
150
165
208
69
83
242
234
219
217
81
162
46
227
170
210
222
211
149
224
84
136
60
111
117
0
271
154
268
284
83
293
87
229
100
90
285
288
297
192
207
103
310
97
303
118
304
242
318
306
234
327
338
224
252
318
341
303
321
233
319
125
272
310
343
259
319
315
347
92
327
0
318
196
0
283
189
144
258
118
284
63
115
90
123
310
189
281
69
239
109
282
135
178
134
310
132
178
273
191
185
280
115
112
288
271
194
196
106
257
101
225
194
276
268
170
274
195
110
132
0
120
173
100
208
105
227
266
59
174
50
70
95
71
222
270
172
99
276
59
271
61
273
95
281
89
285
210
225
281
276
87
53
277
283
275
283
96
209
63
248
203
209
261
270
271
271
66
142
0
139
152
0
204
167
97
211
87
125
69
69
65
81
203
194
134
69
191
78
215
72
182
58
199
81
204
193
204
218
194
66
62
163
219
136
182
62
189
53
178
187
188
132
151
184
163
87
108
11
111
97
20
158
93
59
152
97
53
75
72
65
107
105
155
104
108
102
73
110
77
169
74
155
62
92
95
148
95
96
71
59
132
158
150
137
109
90
45
160
134
75
153
149
65
160
46
40
47
62
38
42
161
60
157
124
64
191
64
40
78
74
163
188
112
54
201
55
202
77
164
63
212
90
205
172
164
210
211
58
84
229
223
214
213
83
173
51
141
213
156
174
200
212
176
85
103
0
112
99
0
238
99
264
258
91
280
49
91
85
91
248
218
262
214
176
108
257
230
296
247
257
257
266
161
272
318
280
223
254
305
274
269
321
103
316
52
258
193
271
258
245
307
307
94
117
226
123
125
206
239
34
91
231
148
238
123
152
152
152
50
229
74
162
93
26
244
15
77
29
98
115
236
77
69
84
93
30
60
77
81
79
182
24
84
141
73
86
121
155
79
199
205
123
54
21
57
54
0
