192
96
194
192
125
208
89
131
134
135
199
221
106
127
217
104
206
133
214
130
214
120
192
106
191
197
197
120
109
187
191
191
193
115
183
94
103
179
178
191
189
184
185
112
108
114
103
109
104
122
29
131
128
24
131
98
21
82
100
124
128
39
104
128
89
133
27
127
23
38
105
143
38
48
149
30
129
108
138
40
150
37
117
85
73
32
86
132
134
133
29
136
103
27
25
22
24
0
119
52
135
125
56
135
49
51
52
49
138
120
89
56
50
48
127
56
138
50
134
39
124
87
54
130
56
59
37
125
122
138
130
33
51
55
102
62
89
128
61
64
63
26
50
43
106
102
37
141
49
193
144
31
81
40
66
62
65
195
125
105
3
141
2
161
7
106
4
136
10
128
127
135
113
147
2
9
150
145
128
132
5
115
0
114
132
124
113
97
144
126
0
99
0
95
99
1
43
21
40
34
16
39
18
20
29
11
41
37
38
9
29
9
42
15
41
26
42
28
46
29
34
36
44
27
16
45
41
44
40
7
39
26
28
24
35
37
36
33
29
27
16
0
13
14
19
63
49
38
64
7
62
5
8
24
7
66
65
71
2
54
7
58
30
65
35
55
10
72
48
69
68
71
13
9
68
76
72
68
28
64
31
73
47
67
66
61
67
72
7
37
33
68
60
0
2
33
5
5
12
14
3
9
18
1
3
37
10
2
41
2
2
17
42
1
2
0
2
2
34
31
30
12
2
2
38
41
2
2
27
4
20
26
2
2
28
26
25
2
3
2
1
2
0
54
40
53
64
11
64
11
7
12
11
49
53
73
7
53
16
57
20
69
21
67
22
80
53
53
54
81
13
26
83
91
93
81
28
56
13
78
68
90
87
82
47
87
27
52
14
50
49
0
102
60
96
117
37
112
40
75
39
42
112
99
108
73
66
48
100
44
110
42
108
94
110
127
77
113
130
93
98
126
130
114
115
95
123
37
94
126
130
87
115
118
130
38
121
0
106
58
0
99
54
39
91
50
103
23
41
33
50
95
52
83
16
79
36
89
47
62
48
88
41
63
93
47
61
93
44
35
85
86
59
60
41
77
37
68
72
81
87
69
90
73
38
46
0
41
57
31
58
19
60
88
18
56
27
19
39
17
55
70
51
35
80
18
80
33
74
37
88
35
85
68
58
90
82
37
15
89
90
91
91
41
57
17
70
59
77
84
86
87
75
15
34
0
34
41
0
67
45
40
66
23
49
21
28
28
24
66
50
48
32
62
21
73
27
56
16
78
24
82
78
82
76
78
25
24
63
79
51
67
25
73
23
70
63
72
56
68
79
69
19
51
12
48
43
4
36
29
14
50
23
14
25
31
23
32
38
36
19
18
32
20
36
11
31
21
33
26
38
32
36
34
32
8
23
27
28
29
34
14
29
10
28
25
17
25
27
21
29
12
6
14
17
11
9
56
12
61
49
3
57
31
8
5
5
71
57
48
24
58
26
59
8
62
4
53
13
57
68
47
65
57
29
11
59
57
57
57
17
65
9
52
68
55
61
64
55
59
25
36
0
38
38
0
72
45
78
75
13
104
4
11
13
15
64
69
67
90
51
15
75
90
112
98
82
96
76
57
81
118
85
101
103
118
84
85
124
23
128
15
88
62
79
83
117
138
128
17
48
88
53
57
76
49
7
19
51
34
53
27
36
40
39
12
54
21
41
20
5
52
3
20
3
20
29
55
17
15
20
20
3
13
18
18
19
42
3
18
35
9
20
30
41
21
45
53
31
12
2
11
15
0
