273
125
281
272
171
275
111
179
185
175
271
284
173
171
280
155
290
175
275
170
289
169
291
171
286
289
288
174
142
282
277
286
282
165
283
136
149
285
292
298
287
279
295
176
173
164
167
166
172
149
30
151
155
23
150
124
10
105
122
155
153
37
140
170
123
157
19
157
15
26
140
154
27
36
156
18
138
133
158
26
161
27
146
65
125
30
140
176
170
183
22
178
144
18
20
19
18
0
197
67
206
212
63
209
83
80
87
88
210
217
128
58
46
52
203
54
216
97
217
79
206
103
58
211
51
59
87
212
212
214
211
58
50
57
167
52
144
212
60
57
59
53
49
46
137
130
44
187
62
266
201
85
135
51
125
126
128
275
133
119
3
146
1
169
8
128
7
143
10
132
142
159
124
180
3
8
183
185
147
164
12
146
0
131
175
152
140
134
174
140
0
117
0
113
119
1
62
22
60
64
13
64
22
9
26
6
64
70
70
8
57
12
79
16
78
25
76
25
61
54
68
73
77
25
8
65
72
68
69
4
71
22
61
64
68
67
65
63
71
25
48
0
54
52
25
89
39
64
85
2
86
2
0
25
3
77
80
96
3
83
6
81
30
89
29
81
6
86
77
105
109
86
9
11
90
100
84
85
25
93
27
99
78
100
98
94
99
94
11
72
27
102
94
0
1
44
2
1
2
35
0
36
38
0
1
39
27
1
47
0
1
28
45
2
1
1
2
2
53
37
48
24
0
0
52
55
2
1
60
17
46
62
1
2
64
65
64
0
1
1
1
1
0
59
19
39
56
18
60
23
20
20
20
37
42
50
15
41
22
44
26
64
26
59
26
53
33
25
33
54
25
29
58
60
61
59
24
39
16
56
48
54
58
58
32
55
23
28
20
24
25
0
86
38
85
92
27
91
21
141
29
31
145
105
89
77
53
34
101
21
94
39
95
142
83
158
53
148
171
119
156
174
171
96
94
141
162
23
71
141
167
67
76
71
162
17
163
0
164
52
0
81
74
46
77
19
73
19
17
30
22
79
56
67
10
66
16
75
17
68
19
74
17
70
84
54
62
72
19
19
75
76
66
72
17
69
24
63
64
76
80
72
83
74
17
60
0
59
72
28
93
52
102
103
6
69
9
24
16
17
103
95
72
12
106
22
108
12
110
16
110
17
107
77
101
114
102
22
25
105
99
106
109
34
102
21
111
91
85
129
127
126
125
20
71
0
70
76
0
142
54
92
126
19
99
10
30
26
16
117
119
98
33
120
14
137
28
114
12
131
17
136
135
150
140
144
25
22
133
138
110
124
20
129
17
126
132
134
103
131
144
124
31
101
9
95
99
6
51
23
10
48
36
15
24
23
31
45
25
41
17
36
30
24
27
23
40
23
40
21
28
25
42
24
27
6
19
37
48
46
49
24
25
5
37
31
17
42
41
18
34
15
9
13
18
8
13
50
11
32
20
31
47
19
23
37
33
38
57
19
21
55
17
58
29
36
25
52
33
58
40
19
62
68
17
39
62
58
62
66
42
37
10
30
75
60
37
69
69
41
46
21
0
20
19
0
94
35
96
97
30
158
22
32
32
33
94
88
80
129
53
23
83
149
161
149
88
154
91
46
88
178
93
144
144
173
89
93
181
36
169
8
99
62
99
101
149
168
160
39
37
134
39
42
132
104
18
30
105
71
105
60
83
71
72
22
97
26
73
27
4
101
5
24
7
26
56
113
25
22
27
25
4
23
30
27
27
93
7
28
110
18
32
50
117
28
128
132
93
25
5
20
25
0
