219
105
211
223
138
227
94
155
148
151
235
214
117
141
225
96
214
145
222
141
219
140
210
119
188
204
192
132
113
198
204
192
211
138
209
120
123
225
220
219
224
215
226
140
120
126
121
125
131
129
28
136
138
29
131
93
22
73
103
122
124
41
103
121
84
136
29
129
25
40
106
137
48
41
151
29
118
103
168
43
149
46
115
85
91
50
109
143
146
148
34
143
128
23
19
21
25
0
131
57
145
148
57
131
49
50
49
46
149
140
94
46
42
47
139
49
148
47
149
38
133
93
49
150
49
50
53
148
135
152
152
48
44
45
122
48
109
137
48
47
50
43
38
36
107
110
43
139
68
188
137
67
71
25
75
77
80
177
112
103
4
121
2
122
1
102
2
124
4
118
121
122
107
125
4
4
134
131
124
114
6
132
2
112
133
134
102
112
138
127
3
88
0
88
89
0
74
28
77
81
30
76
24
14
31
21
78
68
65
13
63
27
78
25
73
23
73
23
74
51
62
56
70
22
24
75
73
73
68
16
68
21
68
50
70
59
57
68
59
24
41
0
35
42
17
65
51
33
65
7
55
9
9
22
9
66
59
67
3
51
2
56
26
60
25
57
6
65
54
64
58
63
9
9
60
60
62
60
28
71
22
56
46
62
67
62
67
60
15
40
27
51
59
0
5
59
4
2
6
49
3
50
53
3
5
54
35
3
68
3
4
36
64
2
5
4
2
3
55
43
61
29
3
2
63
63
4
3
60
16
45
60
1
1
68
51
64
2
4
2
2
4
0
58
28
45
63
14
67
14
8
13
15
52
54
58
12
49
15
51
14
61
15
63
20
58
52
46
42
60
16
12
66
64
64
62
5
52
5
53
56
56
53
59
53
60
5
55
16
48
44
0
93
51
91
92
17
89
16
88
24
23
110
105
92
76
73
28
89
23
89
29
98
101
96
138
78
124
146
96
112
135
143
99
96
107
136
29
97
134
137
83
103
99
137
25
135
0
124
77
0
79
46
41
86
26
89
24
20
18
27
86
59
79
30
70
30
85
35
54
41
95
33
52
87
69
54
96
41
30
86
83
61
51
43
81
23
63
58
101
89
48
95
61
42
31
0
33
37
27
70
45
76
99
24
43
14
19
36
16
86
89
54
30
95
18
84
12
83
36
84
27
95
58
79
94
104
26
19
97
94
108
101
33
84
16
104
77
77
106
115
109
104
18
64
0
61
69
0
100
61
43
73
19
64
16
36
33
23
72
78
50
29
73
25
85
34
71
18
80
23
89
85
85
93
88
33
33
72
87
54
64
31
77
21
73
74
68
56
70
68
65
22
46
10
48
41
10
25
10
15
35
22
11
12
16
19
28
14
39
10
30
18
12
15
25
36
19
28
19
23
14
48
16
21
17
15
28
41
45
44
38
17
13
49
30
11
36
39
9
38
6
8
8
11
4
7
67
19
48
28
20
68
16
23
28
21
45
50
39
14
51
19
47
17
43
13
51
16
52
40
39
48
59
15
24
58
53
61
51
18
42
9
41
51
44
46
57
53
54
16
34
0
29
32
0
51
30
62
60
27
100
13
24
24
28
76
62
61
87
49
23
68
94
104
100
60
97
82
47
68
99
77
89
100
122
71
82
122
30
125
25
77
57
87
71
116
120
114
33
43
97
34
37
91
82
11
22
71
66
69
48
62
59
56
18
61
24
51
16
6
63
6
21
10
23
45
68
25
20
22
23
11
17
20
21
23
63
7
20
55
17
21
26
61
23
74
77
58
12
6
14
16
0
