84
37
83
85
54
87
35
56
57
57
90
80
39
50
85
41
74
56
82
54
80
49
79
47
83
81
79
49
42
82
76
81
80
57
81
40
47
77
77
85
76
75
81
50
34
40
33
34
37
61
19
63
65
18
63
48
14
33
50
65
59
31
42
69
25
70
20
65
16
32
43
58
32
37
59
28
33
24
64
31
61
29
38
56
30
29
48
59
58
64
25
63
42
21
12
16
21
0
67
31
70
70
28
72
25
27
24
24
74
68
47
24
22
28
59
24
67
25
67
18
65
41
27
59
29
31
20
63
66
68
66
13
29
26
50
32
38
63
23
25
31
6
20
23
45
45
21
54
30
112
56
22
80
59
79
78
65
126
49
32
3
43
1
70
18
61
25
38
26
65
63
57
40
67
3
25
72
73
44
67
26
38
1
44
64
49
71
66
67
42
1
32
0
26
33
1
49
34
62
55
40
63
13
11
17
36
58
60
29
36
53
35
61
38
71
14
62
17
53
52
35
37
63
18
39
61
59
54
61
35
34
12
57
58
54
56
64
61
68
21
21
0
22
16
15
33
34
15
34
5
29
8
6
13
7
37
32
33
9
28
4
34
14
35
18
33
7
36
25
31
34
33
5
5
32
34
36
36
13
29
14
30
24
35
32
31
29
27
7
18
18
27
28
0
30
145
35
29
61
127
31
112
112
26
34
199
119
26
215
34
33
141
208
29
40
33
37
31
181
163
185
89
29
24
194
199
35
23
197
51
157
212
29
29
212
202
204
31
32
28
19
30
0
185
65
132
196
71
188
85
59
85
85
125
126
174
62
124
64
150
75
173
81
181
76
171
138
129
136
177
97
74
176
170
178
172
64
145
56
167
153
164
173
170
130
171
69
130
93
116
101
0
119
56
107
132
29
127
25
237
28
33
304
225
112
149
100
28
123
22
125
31
118
244
124
317
102
315
326
220
247
310
326
131
125
239
309
31
120
282
320
107
123
121
314
20
293
0
289
81
0
210
148
106
186
91
216
12
77
16
88
220
128
212
87
185
98
227
100
136
100
226
111
140
215
147
129
223
101
90
228
224
148
152
97
219
15
195
148
234
223
147
233
147
94
129
0
110
136
13
164
88
181
168
21
86
14
97
37
75
181
169
109
49
166
87
165
35
162
48
170
57
165
113
164
165
153
37
90
161
166
164
171
51
178
76
162
161
138
186
180
170
178
94
93
0
93
99
0
230
245
158
283
77
213
43
13
12
78
284
273
211
13
281
67
237
15
274
42
245
69
242
246
244
245
242
10
7
276
251
217
272
14
249
4
217
242
275
196
241
258
246
61
229
3
218
200
2
135
11
14
144
131
10
11
12
127
127
13
92
28
77
17
10
16
92
106
10
88
9
14
9
87
13
12
15
4
79
91
85
85
98
15
17
111
93
9
105
110
15
113
6
7
4
7
8
1
109
52
97
89
22
135
24
15
29
28
110
125
87
17
124
19
135
38
104
24
137
43
135
116
106
148
137
17
38
148
149
137
149
49
108
24
106
142
125
117
155
150
118
51
96
0
99
97
0
158
72
164
158
52
216
29
51
51
51
168
167
172
180
99
59
166
237
266
259
172
258
184
117
191
263
197
235
263
271
191
191
272
53
268
23
184
127
183
181
229
263
272
40
66
235
67
71
235
158
40
94
159
83
147
46
85
76
84
70
171
64
92
92
26
171
15
76
31
94
57
170
86
87
91
93
24
43
85
95
92
120
28
95
79
78
93
114
112
103
165
161
57
72
25
71
75
0
