197
105
212
212
150
198
124
153
159
166
206
215
115
151
222
128
222
157
224
158
207
145
238
130
234
209
210
141
135
230
219
224
220
137
254
121
113
248
234
248
244
244
248
138
143
133
134
137
135
151
34
167
159
31
160
140
22
118
137
157
168
47
122
166
116
160
31
161
23
31
133
139
39
55
147
25
118
109
139
38
137
46
122
88
80
39
111
144
144
155
28
136
117
21
18
22
21
0
162
65
190
181
69
189
65
53
57
70
187
153
100
60
38
54
151
58
168
62
166
49
157
109
53
161
51
58
52
161
165
163
165
30
53
61
127
53
116
148
59
56
62
18
48
44
119
122
42
157
71
243
174
44
99
41
74
72
76
245
142
114
1
147
1
165
6
129
9
157
12
133
140
150
130
160
1
2
171
165
149
157
6
142
1
132
151
147
128
118
148
134
2
127
0
117
119
1
40
17
44
49
22
46
19
15
24
14
47
40
39
5
38
10
44
17
46
19
41
26
49
27
41
43
54
25
15
46
43
50
43
17
48
23
35
38
49
47
51
51
50
20
27
0
26
27
22
73
57
48
85
7
78
6
9
19
6
78
66
90
5
51
6
65
29
72
30
68
6
83
51
79
74
79
9
8
82
85
80
82
28
80
30
90
57
82
76
76
92
77
13
51
27
71
77
0
2
30
0
2
8
18
3
16
22
2
1
44
18
2
53
3
1
19
45
3
1
1
3
2
47
38
42
25
2
1
50
52
4
2
44
11
26
41
1
2
42
41
45
0
2
3
1
2
0
69
40
63
78
15
77
16
13
16
13
56
65
71
8
58
13
62
18
80
17
75
17
71
58
53
48
72
16
17
79
78
80
89
22
70
17
79
67
87
85
88
58
88
22
54
13
52
50
0
110
64
108
118
46
116
50
102
50
49
143
111
110
75
75
41
124
38
121
40
123
118
128
157
87
151
155
115
126
167
171
125
131
107
147
45
100
140
157
115
117
121
160
40
145
0
153
77
0
117
65
52
111
58
117
18
59
30
65
120
53
108
35
105
59
113
72
64
71
108
64
57
109
66
59
111
62
57
113
113
65
66
40
69
30
83
70
96
107
56
94
68
36
46
0
43
61
26
73
26
72
108
22
69
28
15
47
15
78
99
72
45
102
17
105
38
99
44
96
38
105
78
60
109
104
52
19
102
109
103
100
41
68
13
89
64
93
107
102
96
93
15
46
0
41
46
0
93
66
52
94
29
60
16
34
28
30
93
76
69
32
89
23
102
30
85
16
105
21
111
103
108
108
107
32
28
84
101
78
92
26
94
19
95
92
92
78
90
85
84
18
64
7
60
61
8
42
28
17
44
23
13
24
22
19
25
33
46
28
24
32
22
32
21
44
28
42
29
29
29
35
25
29
13
19
39
41
41
33
25
29
13
32
32
22
33
33
19
38
14
16
12
18
11
13
63
16
72
62
9
72
17
3
12
11
76
76
67
13
84
14
80
12
80
10
70
19
71
79
66
71
72
16
15
63
74
86
73
18
70
12
58
76
74
78
82
75
70
19
50
0
51
49
0
94
32
94
99
16
141
9
18
17
18
91
86
87
106
62
20
97
113
157
133
88
117
84
65
88
149
84
120
114
156
88
92
156
29
143
16
100
75
103
103
137
149
147
27
52
105
55
51
100
63
9
20
66
46
66
41
47
46
44
11
68
23
47
19
3
67
2
15
5
14
41
69
16
16
18
18
6
15
18
19
19
52
5
23
43
16
24
23
46
20
58
63
36
14
5
16
14
0
