322
162
313
323
210
300
145
228
225
228
312
297
157
222
295
188
288
209
293
218
293
210
301
201
318
298
308
208
171
315
321
308
307
207
320
180
209
330
315
325
321
338
338
222
186
191
194
199
195
185
41
187
188
46
170
141
40
101
134
181
192
86
146
196
123
209
58
200
44
61
153
210
55
108
212
52
153
121
214
66
216
66
160
124
116
58
160
217
212
216
54
228
153
47
45
53
52
0
217
92
249
234
115
241
79
75
72
80
250
245
181
106
97
108
249
108
251
91
253
58
283
204
110
295
107
111
120
291
289
291
281
103
103
114
245
112
181
269
118
119
132
88
88
86
182
188
87
207
90
297
216
88
117
65
124
137
129
312
174
137
7
183
5
196
7
141
4
169
8
177
167
196
148
220
4
9
216
208
166
179
13
181
6
167
214
170
153
169
219
169
6
118
0
105
113
5
125
57
135
132
26
139
41
21
39
17
121
124
118
18
100
21
128
28
137
34
125
40
126
96
110
118
119
36
19
123
132
127
124
22
119
38
121
96
136
130
126
133
121
40
76
0
76
80
38
118
112
59
129
11
113
11
14
53
12
130
137
134
10
100
16
124
58
134
67
137
15
116
91
128
137
121
16
15
120
136
126
136
63
141
64
144
98
140
142
155
135
142
26
70
64
115
119
0
5
90
8
7
18
75
7
70
73
5
6
112
54
5
114
6
5
65
109
4
7
9
10
10
122
87
107
53
2
6
123
121
11
5
117
20
97
129
8
8
113
122
120
4
7
7
4
6
0
106
67
90
112
47
109
38
20
35
36
88
86
122
34
84
39
106
58
127
56
130
54
122
93
81
80
126
57
60
120
123
132
132
56
96
35
130
113
150
145
147
81
140
62
90
55
76
76
0
167
99
155
176
70
174
46
152
70
68
183
205
173
161
107
58
176
42
173
61
180
168
180
220
103
191
222
165
178
232
230
182
183
161
198
73
159
204
221
135
207
203
235
55
215
0
197
107
0
208
126
93
187
78
203
41
64
50
86
213
118
178
50
126
64
177
84
108
90
202
86
123
171
129
123
193
68
74
187
191
127
142
72
173
61
151
135
191
190
123
187
139
70
103
0
97
125
50
140
65
163
167
35
85
22
59
37
47
159
157
104
30
153
56
159
20
153
36
150
36
142
105
157
135
144
40
57
135
135
144
144
34
148
53
151
144
116
149
170
157
159
44
93
0
99
101
0
137
120
68
132
54
108
32
46
41
51
137
124
93
44
124
41
139
43
131
30
144
44
149
140
147
135
130
45
28
121
135
99
130
37
129
32
121
134
127
94
122
138
118
37
82
16
84
70
18
105
37
31
105
74
32
45
44
52
60
54
95
49
74
51
36
49
51
100
45
96
46
49
48
77
53
48
39
42
75
99
92
84
69
38
23
91
73
33
90
85
32
96
37
17
27
29
14
25
117
46
94
69
37
126
37
29
55
45
114
132
72
38
129
25
135
58
101
26
140
53
127
97
67
129
128
35
63
130
132
138
145
46
89
21
72
130
81
102
130
124
118
60
68
0
61
61
0
170
59
169
166
52
189
23
54
49
49
163
174
162
135
79
43
174
150
209
176
168
181
176
89
178
224
182
154
177
226
164
185
239
49
208
14
175
97
175
166
204
213
206
42
88
160
89
93
164
133
20
53
150
96
151
75
97
102
97
43
148
40
102
59
20
146
8
52
18
64
76
169
57
47
64
57
18
35
67
54
60
122
14
66
91
50
62
92
112
68
146
140
65
40
16
39
39
0
