469
271
481
487
349
484
246
381
373
367
484
462
314
355
479
307
467
359
482
349
466
335
509
301
491
508
498
355
291
492
498
493
524
352
499
274
353
520
520
504
528
521
532
353
301
321
303
304
314
286
74
294
286
67
281
232
53
161
230
290
296
128
250
303
185
292
69
316
52
77
229
281
79
126
311
68
246
217
317
82
314
85
242
167
182
87
252
303
313
307
73
291
243
69
55
66
69
0
342
179
367
366
177
387
107
117
104
118
384
397
253
159
141
153
416
152
425
172
429
133
413
249
171
423
162
185
198
427
431
430
446
127
166
182
367
178
230
406
186
189
198
118
139
126
291
278
129
317
123
456
351
172
168
105
217
230
225
495
268
173
7
286
8
341
9
199
10
278
15
258
248
272
215
289
9
6
292
296
234
255
2
245
6
236
286
246
233
217
277
249
8
187
0
175
187
4
126
43
144
155
17
141
56
36
76
11
156
136
162
16
131
16
157
19
149
66
146
59
147
123
137
152
131
63
16
143
139
140
141
18
169
62
143
130
140
143
159
153
148
65
98
0
99
108
66
189
128
95
156
9
137
10
10
83
10
156
161
192
9
134
12
168
91
170
94
173
14
178
129
183
183
182
13
9
186
205
170
171
101
151
96
193
120
189
161
162
181
160
10
80
103
166
171
0
4
69
5
4
17
46
3
38
50
2
7
101
42
4
121
5
4
69
108
3
5
4
6
5
106
70
109
65
4
4
107
111
7
4
124
27
82
122
4
6
127
118
120
3
4
3
2
3
0
141
50
95
138
45
144
53
37
48
46
86
93
119
35
85
41
111
51
140
55
136
48
118
104
81
84
128
60
50
134
134
128
124
43
99
22
135
109
136
138
146
80
144
49
88
57
81
83
0
177
99
173
184
54
197
54
259
54
62
263
243
179
216
124
53
165
32
170
48
179
269
177
298
120
301
331
267
289
348
333
175
175
238
303
52
169
289
335
149
183
190
328
45
291
0
293
103
0
197
148
104
178
64
182
63
62
76
67
204
132
186
44
168
64
195
73
150
72
196
78
135
202
142
144
208
80
80
210
208
149
159
91
201
93
162
151
213
210
152
223
166
80
132
0
109
160
90
165
91
191
212
22
125
18
53
39
51
191
214
137
43
216
52
216
32
215
52
212
50
218
146
193
232
220
50
52
225
219
227
225
57
207
46
211
193
187
242
233
227
228
52
138
0
143
136
0
229
190
147
224
42
160
30
70
52
47
201
202
164
71
212
25
245
67
203
23
238
32
261
249
276
269
276
73
69
216
279
171
214
70
251
54
245
246
210
159
252
207
234
36
159
16
152
162
22
103
64
34
113
63
50
77
74
65
78
94
101
52
67
87
65
81
64
115
61
110
67
77
63
105
78
58
34
62
94
118
104
93
81
69
21
110
95
39
114
104
60
110
36
23
42
45
29
34
146
45
114
82
57
145
56
47
59
61
123
134
69
45
124
42
130
52
103
34
131
55
136
111
89
136
142
50
62
135
144
156
135
63
112
27
100
146
99
113
144
153
115
76
71
0
71
77
0
206
94
207
202
70
275
36
62
68
73
204
210
208
221
131
69
219
263
318
292
213
294
199
117
222
311
202
266
286
315
224
220
343
77
300
38
211
144
224
221
268
326
310
69
98
279
101
95
259
195
41
68
187
135
189
106
125
143
131
40
206
57
139
66
12
214
7
55
16
74
113
206
67
66
73
69
12
41
69
63
68
157
14
71
164
60
72
96
186
64
233
216
145
54
10
54
49
0
