338
188
354
342
225
348
173
249
244
247
343
360
195
237
374
186
387
242
378
247
375
231
374
206
379
385
382
219
189
367
385
378
367
240
351
187
209
366
370
358
375
353
351
233
197
208
205
205
203
225
51
220
221
60
233
181
41
130
185
233
240
91
207
251
175
253
61
241
49
71
214
259
85
102
262
57
205
170
255
77
268
84
189
138
148
87
169
246
243
239
54
241
177
42
35
42
40
0
232
106
235
237
125
245
76
75
62
70
253
244
175
121
87
101
252
110
276
97
255
71
246
173
104
265
122
109
94
261
258
273
269
88
101
109
229
112
160
265
108
111
109
61
84
81
190
178
86
240
123
351
249
100
129
60
126
135
137
363
215
179
10
232
5
255
13
182
6
225
14
237
242
241
182
266
13
15
276
292
231
241
12
230
4
210
255
230
206
211
272
217
7
174
0
156
172
3
128
61
134
144
40
130
37
21
42
25
139
119
104
20
97
25
119
27
131
42
127
40
117
88
103
99
126
33
32
128
128
124
126
29
105
33
109
90
118
100
114
122
103
38
74
0
60
65
33
104
98
47
108
5
85
7
5
42
8
105
104
107
7
74
7
98
55
101
55
96
6
110
88
121
118
105
9
7
104
124
104
94
52
111
47
119
83
113
110
116
118
111
10
57
53
103
101
0
9
64
8
7
21
57
7
57
58
4
11
92
55
6
90
6
9
71
96
7
11
8
10
9
102
87
105
56
4
9
117
123
10
5
110
24
89
105
9
10
101
108
115
5
4
5
5
5
0
94
51
82
107
37
107
45
29
37
38
69
77
109
35
75
43
96
55
119
48
117
51
107
81
59
78
125
57
54
130
131
126
123
62
81
32
126
106
130
126
125
68
128
66
71
48
65
56
0
144
82
142
157
56
159
46
172
56
49
183
181
151
146
104
42
162
41
161
43
158
179
156
191
91
189
209
176
191
215
221
149
157
176
206
51
137
200
207
128
155
164
207
40
204
0
190
82
0
163
91
74
143
64
161
36
59
55
70
156
104
141
35
126
57
162
62
109
68
154
69
104
152
105
95
161
62
63
159
142
104
115
64
138
52
125
104
160
154
105
178
112
54
79
0
79
108
49
143
70
143
150
21
93
8
51
21
42
147
146
107
34
159
57
165
16
165
35
155
36
137
111
146
157
149
28
48
148
151
149
158
31
145
45
144
135
131
157
164
147
145
54
105
0
95
96
0
154
97
67
128
27
102
18
60
59
21
122
126
109
63
119
16
153
52
119
13
160
16
165
147
157
158
168
50
47
124
166
94
115
42
145
37
137
145
120
93
129
113
144
25
88
14
82
80
15
79
35
22
82
55
26
43
41
48
62
49
77
43
49
45
39
47
38
63
44
64
46
45
38
94
43
38
43
29
75
90
91
88
71
29
17
91
73
27
88
76
33
94
28
15
23
35
14
19
100
40
82
65
34
105
32
27
36
34
93
104
58
35
114
28
119
46
82
27
109
43
112
81
64
112
113
26
52
113
117
128
113
50
77
25
59
110
79
88
116
118
87
60
59
0
63
60
0
169
76
170
173
52
191
24
59
55
54
166
139
168
154
103
58
176
176
207
182
168
176
163
90
155
212
159
163
190
214
167
183
220
65
217
32
193
115
193
188
189
224
214
61
87
158
82
76
153
147
22
69
155
104
154
75
100
104
109
41
146
59
100
58
19
164
6
53
21
69
75
164
61
53
59
56
21
35
63
61
64
115
20
58
94
43
55
86
114
58
147
150
74
46
14
48
45
0
