168
91
174
172
119
175
67
130
131
131
178
175
98
124
179
113
169
126
174
131
176
130
160
90
165
169
160
120
101
157
146
165
173
125
155
92
82
155
162
159
137
153
158
127
106
92
100
100
118
96
26
96
96
23
103
65
17
49
65
99
93
37
60
98
51
102
29
99
23
30
64
102
32
39
107
26
65
52
109
30
108
38
89
85
66
40
79
126
134
127
29
128
84
22
22
30
22
0
112
56
128
135
49
123
48
48
43
48
145
122
85
49
43
40
125
50
131
52
141
43
135
82
54
136
55
53
61
139
158
146
141
45
54
57
110
55
78
142
62
62
65
44
54
52
96
90
51
93
39
167
96
47
58
35
71
78
71
167
75
47
4
67
0
92
7
64
5
68
12
60
58
78
61
82
3
7
92
80
70
83
8
65
1
67
81
75
75
66
82
66
1
47
0
40
41
0
48
44
59
58
12
57
22
21
29
8
59
67
56
11
62
16
69
19
69
26
70
24
71
40
62
60
82
27
31
82
83
87
89
33
62
26
72
52
89
81
83
83
81
31
37
0
36
36
22
76
92
49
105
11
63
7
12
32
16
101
99
78
11
52
6
93
33
98
37
93
15
88
45
76
71
91
11
8
97
76
94
89
36
91
26
79
50
76
95
91
83
89
14
38
37
63
57
0
7
41
9
6
11
29
4
23
32
4
8
57
13
5
63
4
5
32
65
4
8
7
6
6
54
52
47
25
5
3
62
65
7
4
41
14
27
45
5
7
45
43
48
4
4
4
3
5
0
71
28
38
63
17
68
16
16
18
19
38
42
52
16
39
15
53
23
65
20
70
22
65
44
44
39
60
24
18
61
61
63
61
18
41
6
56
46
56
61
64
40
62
20
36
21
37
33
0
78
35
77
84
30
87
23
87
26
28
119
86
81
58
35
27
75
22
81
26
84
94
72
121
41
115
122
82
99
123
135
73
74
85
119
17
72
113
124
60
75
80
128
17
122
0
122
48
0
62
36
30
67
34
60
20
22
33
22
64
44
50
14
45
19
60
26
46
25
67
20
42
60
34
45
69
25
28
64
63
46
54
22
51
37
59
43
65
67
46
62
50
27
33
0
32
40
36
78
38
87
90
14
61
12
22
24
24
90
81
60
27
77
26
79
18
81
24
81
22
91
56
84
82
84
19
20
86
80
84
76
25
74
20
93
83
79
100
99
98
99
21
59
0
57
60
0
86
59
55
89
29
67
26
26
26
29
94
92
67
21
83
16
84
20
80
7
89
16
87
88
88
89
90
22
18
89
93
66
89
19
94
11
88
75
91
62
85
90
84
22
67
4
63
63
5
38
32
18
37
11
30
26
25
8
16
47
32
18
13
39
25
42
12
34
27
36
31
41
40
39
37
36
11
23
25
33
33
28
16
30
5
29
22
19
34
33
29
29
14
13
18
17
10
11
55
15
42
29
20
49
18
5
18
18
49
47
16
21
49
15
46
12
43
8
59
13
49
47
25
53
54
23
19
54
55
56
58
17
49
7
44
52
28
52
49
47
53
22
21
0
23
28
0
67
22
59
69
17
105
6
18
13
14
75
61
62
93
45
20
64
104
122
100
64
100
73
47
67
114
66
87
88
115
71
67
110
26
113
15
77
65
78
78
110
113
118
22
30
93
31
32
80
69
10
23
74
52
72
51
49
55
56
15
76
19
52
23
3
81
2
16
6
27
45
69
21
19
22
24
4
13
23
27
22
71
3
24
58
23
22
39
72
27
85
79
54
18
5
20
15
0
