382
136
395
378
224
407
115
238
226
231
392
350
177
209
362
153
362
211
365
211
355
207
338
172
319
325
319
194
160
309
325
332
322
191
315
152
191
321
340
327
338
331
331
199
173
155
183
187
171
214
47
225
227
49
224
181
26
152
201
218
215
66
183
222
151
212
51
223
31
61
179
203
55
66
200
37
173
151
203
56
203
62
150
72
117
46
135
168
171
172
34
167
139
31
28
30
31
0
193
94
202
208
105
210
48
48
48
47
199
209
160
87
71
74
196
90
226
51
222
39
198
153
89
221
90
96
55
239
237
225
237
51
89
87
191
88
168
219
88
90
92
49
72
73
173
178
70
212
90
284
216
57
109
59
97
115
102
306
189
154
4
186
1
199
2
157
2
189
3
165
191
197
165
203
3
2
192
198
196
187
3
197
0
171
213
212
169
163
205
205
1
143
0
144
145
1
77
48
80
75
12
79
22
19
32
10
85
76
88
7
61
9
82
14
77
26
83
27
77
70
73
85
82
27
11
77
75
76
75
16
85
27
87
68
83
91
85
87
92
22
50
0
52
50
26
87
64
38
66
7
77
4
6
39
7
78
77
84
8
54
11
69
41
75
47
75
11
83
51
84
89
85
5
5
87
89
75
89
49
88
45
103
49
94
87
84
95
79
13
37
45
78
74
0
7
57
6
6
13
41
5
43
47
4
5
93
45
6
89
7
5
54
90
5
8
8
8
4
75
57
70
40
3
7
76
71
10
5
92
18
55
86
7
6
87
86
82
3
5
7
2
7
0
101
36
65
107
25
110
34
29
32
35
64
71
88
20
63
25
73
31
98
24
101
29
102
73
69
71
107
32
43
104
102
108
109
29
75
15
96
73
86
99
100
64
98
29
60
30
61
54
0
118
70
117
116
28
114
27
140
25
31
156
129
125
107
90
32
131
24
130
30
130
146
134
171
90
155
181
137
154
169
176
134
141
149
162
42
110
159
167
109
124
137
172
34
172
0
168
77
0
124
84
72
105
51
128
37
45
39
36
114
69
112
33
96
38
106
43
81
44
122
46
69
121
67
82
107
55
44
113
118
73
90
50
96
37
102
88
130
121
84
137
92
58
54
0
59
92
49
109
51
110
146
24
74
30
29
47
26
113
143
84
38
147
25
154
34
150
40
139
43
132
93
106
129
143
35
24
139
130
126
140
30
104
25
110
106
108
131
127
131
127
29
86
0
83
84
0
115
61
67
99
21
97
19
52
42
21
107
111
79
46
105
26
122
47
98
18
131
27
133
126
145
140
136
55
48
89
126
76
89
44
115
37
111
106
92
69
98
90
102
27
64
8
61
58
9
68
33
19
74
48
30
38
39
35
46
48
61
30
38
42
35
39
29
68
38
60
37
44
32
60
41
39
20
30
50
58
64
69
48
36
9
63
60
22
71
72
28
71
21
12
17
32
17
23
81
30
67
40
27
95
24
29
34
39
60
88
52
23
84
21
90
38
57
26
80
42
83
67
50
82
91
22
38
82
89
77
87
47
62
17
60
93
68
67
95
92
67
49
42
0
41
47
0
119
53
127
124
50
177
27
53
53
54
113
105
139
125
74
57
116
145
167
140
125
144
128
66
134
168
128
130
143
170
137
140
180
53
158
26
126
89
126
133
149
168
172
68
52
126
48
54
121
104
13
38
97
75
102
61
75
77
82
25
111
38
81
32
8
109
5
28
6
36
66
144
30
33
35
33
10
35
40
32
28
110
6
33
101
26
38
62
115
34
134
143
94
20
8
18
18
0
