466
216
471
481
309
486
219
331
339
320
480
452
246
326
460
256
466
315
450
323
449
322
437
265
430
439
438
288
260
443
427
435
428
323
458
232
268
468
476
470
464
477
483
317
271
274
263
277
269
314
76
336
335
80
336
238
56
171
246
335
305
109
239
318
195
331
73
335
61
116
256
298
100
121
314
86
235
177
320
103
315
101
220
236
169
116
233
333
315
320
87
329
228
69
54
73
76
0
276
146
319
326
137
334
99
94
85
98
327
306
230
129
105
118
352
140
347
125
359
102
321
216
135
351
149
146
117
327
362
340
345
110
124
147
309
138
223
345
131
142
147
93
113
104
251
252
99
312
169
426
346
121
188
102
186
193
184
441
286
234
5
293
4
316
9
227
8
286
13
279
267
270
237
325
5
9
313
315
277
267
9
278
2
254
296
280
257
247
312
262
2
194
0
181
197
1
160
77
163
159
71
172
42
30
58
60
162
157
111
47
130
54
151
58
161
57
151
56
164
128
120
130
159
54
73
167
174
172
161
60
132
53
151
128
171
173
164
160
168
63
79
0
71
76
56
166
198
89
201
32
146
22
32
69
33
202
195
174
27
141
27
193
65
181
76
200
39
212
128
158
163
212
51
32
209
181
214
213
80
198
68
165
123
164
190
192
166
192
38
71
71
122
127
0
4
119
3
3
23
97
3
90
99
1
5
156
62
3
141
2
3
63
150
3
6
2
4
4
145
112
130
51
4
2
151
160
5
3
165
24
106
168
4
4
156
170
159
2
3
1
1
3
0
144
87
122
163
38
156
38
23
40
38
114
105
135
27
100
31
115
37
149
42
150
43
145
112
109
109
151
48
49
155
162
159
166
41
122
29
160
127
147
154
165
113
151
41
111
49
116
114
0
170
107
176
188
50
193
46
248
55
55
247
227
189
212
143
58
199
43
192
49
191
269
183
299
142
287
305
256
289
315
304
196
199
272
294
58
184
278
284
181
199
205
313
43
277
0
285
138
0
178
120
109
185
81
189
61
75
78
78
195
122
184
62
153
75
196
90
139
88
199
85
141
193
155
129
196
78
80
203
188
140
143
97
161
81
185
143
202
206
147
217
150
88
104
0
103
146
67
158
71
197
233
58
133
31
52
75
36
196
221
171
76
224
46
233
42
233
79
231
79
225
202
182
217
208
77
51
211
217
206
217
53
176
52
209
175
191
220
217
222
217
42
131
0
133
146
0
220
115
94
153
25
134
17
81
75
30
145
151
123
84
164
23
218
75
161
21
206
29
236
226
236
242
235
86
76
151
211
131
165
80
201
68
193
181
151
134
193
148
176
25
124
22
110
122
15
98
63
45
104
50
54
60
62
41
54
87
102
58
60
74
48
82
49
99
75
90
59
86
67
100
73
62
41
45
67
102
96
102
51
69
23
99
76
58
85
87
65
99
38
31
39
51
30
31
116
18
104
80
39
121
37
24
42
39
118
118
65
40
116
38
129
53
122
25
135
48
136
112
103
124
138
39
55
140
132
124
132
56
107
28
106
135
109
113
129
137
114
59
64
0
63
61
0
180
103
207
201
57
233
20
63
57
60
194
161
195
209
137
73
187
241
277
247
184
250
213
160
213
269
214
251
241
268
212
218
282
82
279
38
211
155
229
232
267
289
277
80
88
228
94
87
220
170
26
57
174
129
172
116
133
130
137
41
175
49
145
51
7
177
9
51
9
62
128
187
54
43
55
54
13
46
51
58
56
153
9
59
135
37
60
75
149
50
171
170
110
29
7
34
32
0
