165
102
168
170
114
164
59
125
113
124
170
167
111
124
168
104
163
120
172
114
173
117
160
107
160
160
134
108
89
150
158
145
154
105
155
97
88
159
152
168
157
158
158
107
110
109
97
108
113
89
20
81
87
20
92
59
21
46
63
90
82
29
64
98
44
91
27
87
19
28
67
94
29
43
100
30
78
64
100
32
102
32
73
54
54
37
65
95
96
99
30
102
70
20
20
19
25
0
117
51
121
134
50
115
53
50
51
58
123
132
65
40
33
37
131
40
134
64
129
54
105
63
38
116
41
41
40
102
103
116
108
22
34
39
95
39
74
96
41
38
37
18
28
30
94
72
30
80
37
155
96
43
77
51
85
86
86
163
68
47
1
72
0
72
3
67
3
72
6
72
73
77
53
78
0
3
82
83
68
67
5
78
0
69
83
73
65
70
81
76
1
48
0
52
59
0
33
17
29
35
6
30
20
14
24
7
28
40
33
6
33
9
42
9
36
22
36
21
40
22
33
35
45
22
14
43
44
46
39
14
42
20
40
27
45
46
43
47
44
19
17
0
18
18
19
70
68
25
81
10
61
7
7
18
9
73
66
68
7
41
6
62
25
76
29
66
9
79
41
68
70
80
11
5
77
67
75
81
26
73
23
67
44
67
71
71
69
66
9
46
25
61
59
0
0
21
0
0
5
14
0
10
15
0
0
27
10
0
26
0
0
18
30
0
0
0
1
0
21
24
19
10
0
0
22
29
0
0
40
7
25
38
0
0
35
37
36
0
0
0
0
0
0
44
13
27
44
11
40
17
11
18
20
25
27
54
11
23
18
36
21
52
22
52
25
53
26
22
29
46
15
27
51
47
48
44
17
28
10
42
35
39
46
45
23
43
17
25
17
25
28
0
60
33
69
67
17
66
20
90
15
18
102
65
58
56
41
14
70
16
71
16
71
95
67
119
40
116
122
77
98
125
126
58
63
81
116
19
53
109
121
49
56
60
119
21
118
0
114
38
0
59
41
31
67
27
64
12
29
17
24
67
44
60
9
52
22
60
27
50
23
63
27
50
57
39
49
65
25
19
69
62
48
42
23
55
20
60
48
62
65
42
60
51
28
32
0
31
40
19
48
21
56
57
8
40
13
14
19
13
50
65
46
15
67
14
66
13
63
13
57
19
68
48
48
56
54
19
19
57
65
72
57
17
50
15
59
55
55
60
71
74
68
13
44
0
39
43
0
87
44
68
90
24
76
18
13
10
25
93
83
67
19
85
15
90
21
89
13
91
14
96
92
94
91
81
18
15
74
83
65
80
14
83
13
82
89
92
71
84
80
82
17
69
4
69
68
4
37
25
15
35
20
10
16
18
17
20
29
34
20
16
29
19
28
13
31
21
35
23
25
28
20
27
29
7
17
18
19
21
22
10
26
5
20
17
24
19
31
20
26
12
8
13
18
7
14
37
12
37
27
13
39
18
6
12
11
44
37
26
16
39
13
39
12
44
9
42
10
43
43
34
42
42
15
16
42
38
43
42
15
42
7
46
59
37
45
55
51
53
19
27
0
26
33
0
60
22
56
58
27
99
16
25
25
26
59
52
52
87
40
21
59
99
112
102
59
104
55
40
61
105
67
90
100
103
57
64
108
26
115
13
66
54
64
59
99
120
117
24
27
93
27
26
92
62
11
18
59
38
59
35
39
42
42
9
66
26
52
15
6
72
1
12
5
17
45
62
12
18
19
16
2
20
15
16
15
55
2
11
57
13
14
22
57
18
65
63
44
16
3
16
18
0
