356
184
367
372
270
361
204
285
285
276
370
392
212
277
392
214
379
265
384
264
385
271
364
225
383
362
393
254
214
365
372
384
370
264
377
222
224
387
382
372
375
372
386
266
236
231
228
245
233
202
52
215
222
49
227
165
38
122
179
231
229
91
163
220
156
220
62
236
44
71
170
210
65
85
221
51
163
149
219
64
217
59
159
135
124
61
167
213
222
219
60
213
167
46
37
46
44
0
254
113
259
256
120
281
87
86
82
79
280
286
197
126
104
107
284
124
299
106
299
87
302
182
117
283
119
125
90
289
300
304
309
75
119
116
253
121
174
279
118
133
132
66
95
95
217
225
90
253
131
342
263
112
127
59
144
160
157
350
197
163
4
207
2
237
6
166
6
216
14
233
193
250
180
269
1
15
257
267
212
242
17
197
1
177
258
210
195
213
260
200
1
142
0
133
139
1
137
40
130
140
27
136
39
22
49
18
136
105
110
15
80
11
104
15
111
44
109
39
101
85
110
118
109
39
16
113
101
103
100
18
127
43
117
89
109
113
120
111
117
47
77
0
69
77
35
114
86
51
112
9
112
10
13
49
13
118
116
128
7
80
11
98
65
108
66
112
10
115
94
141
135
106
12
9
110
146
115
112
66
116
56
143
89
133
111
112
140
111
12
78
65
126
131
0
5
42
3
3
9
34
3
36
36
3
5
53
35
2
63
3
2
46
64
1
5
3
6
4
64
46
64
43
3
3
61
70
5
3
41
20
39
45
3
4
52
49
44
3
4
3
1
4
0
62
33
41
64
23
62
15
13
16
19
43
45
55
16
47
19
53
19
56
19
55
18
55
47
45
32
58
28
29
53
58
53
51
34
47
18
72
66
73
66
67
37
69
37
42
23
31
31
0
126
75
134
136
20
135
19
206
21
26
198
202
123
172
106
22
134
21
134
23
131
219
121
237
107
236
254
200
237
265
251
124
123
205
241
17
117
218
245
104
123
123
238
18
231
0
217
102
0
133
86
78
132
35
137
34
29
53
33
144
84
120
34
110
36
135
47
101
50
131
47
108
135
103
105
128
48
49
142
126
105
106
44
135
60
130
112
155
135
105
147
121
48
91
0
89
107
58
136
77
163
159
17
100
8
16
23
15
158
169
140
24
179
21
183
21
177
23
167
19
177
143
158
177
185
32
14
185
185
181
181
30
157
16
200
160
149
191
191
203
187
17
120
0
117
140
0
198
124
114
152
23
139
19
66
62
22
152
158
126
68
152
19
214
71
151
19
202
19
212
195
220
214
208
61
64
153
204
119
152
59
191
44
180
193
156
117
180
152
181
27
119
11
115
124
16
77
48
23
76
43
33
54
53
40
47
61
92
31
62
55
46
59
40
79
44
82
49
55
48
72
51
52
28
41
59
70
69
60
55
46
22
71
62
35
81
83
36
69
28
13
26
24
13
25
94
28
73
57
48
104
32
41
59
51
79
99
43
34
95
27
98
56
70
41
106
49
102
72
50
93
98
32
49
90
94
100
100
61
75
19
50
99
74
73
96
104
82
54
52
0
51
48
0
152
70
150
154
59
181
26
58
60
54
155
156
155
150
76
62
150
196
213
193
147
220
143
72
146
222
145
182
193
219
136
145
236
63
216
33
159
93
154
158
204
230
236
50
56
197
55
60
198
157
10
25
154
144
141
125
132
131
140
15
158
19
134
25
7
166
5
21
7
19
119
127
20
16
28
18
9
28
20
22
19
124
10
25
125
20
21
37
125
19
140
134
123
19
5
20
14
0
