368
171
389
395
231
377
174
260
260
261
394
368
203
266
362
189
365
262
361
260
366
257
318
192
307
305
302
231
194
312
302
297
317
227
313
205
208
313
300
307
312
315
313
215
201
209
206
212
203
205
69
217
217
52
211
129
45
82
136
207
227
100
158
245
125
234
53
253
48
88
174
226
85
107
229
76
139
109
228
94
232
95
139
188
87
106
166
244
233
238
85
254
145
62
51
64
62
0
253
106
275
271
109
279
91
94
79
90
270
258
194
105
92
97
282
111
296
107
291
80
253
179
125
283
124
125
90
274
289
297
280
63
113
115
246
123
172
267
124
124
135
48
88
93
211
202
88
196
93
312
209
84
160
123
178
181
160
318
158
146
2
172
2
203
18
158
27
164
35
185
185
194
142
214
4
28
216
217
167
217
36
155
2
153
225
160
189
184
226
167
2
101
0
101
109
2
139
62
147
151
68
145
53
40
52
62
157
150
101
55
126
73
154
88
161
55
154
53
150
107
101
107
158
56
97
161
159
168
157
85
108
47
146
133
166
174
170
154
166
54
54
0
48
52
51
142
148
74
150
23
127
18
20
54
24
157
127
149
16
96
14
120
60
133
69
135
19
147
93
137
134
147
23
21
146
159
150
138
69
155
62
150
102
141
157
143
148
158
26
70
62
121
124
0
7
137
10
5
23
121
6
118
119
6
10
173
71
6
176
7
5
109
164
6
11
6
10
10
134
130
128
52
8
2
149
147
8
2
162
42
111
159
9
12
166
170
176
6
10
7
3
7
0
173
87
126
189
46
188
48
40
51
57
138
137
180
63
120
66
165
71
208
73
192
71
183
142
136
140
182
67
57
184
191
191
192
51
162
43
192
164
191
190
190
138
188
54
129
58
119
116
0
176
104
186
216
59
220
56
274
69
71
338
275
197
182
155
75
217
71
216
79
235
286
215
376
175
349
395
255
303
390
382
222
231
278
372
54
183
324
368
164
210
221
356
41
338
0
343
140
0
211
150
97
217
72
228
55
78
66
94
227
161
219
66
198
84
230
100
156
107
239
99
162
242
166
158
235
106
95
246
246
177
180
95
209
65
205
181
247
243
169
256
192
92
141
0
135
169
75
206
117
232
271
58
163
35
69
86
62
230
268
178
81
283
63
284
44
287
82
287
84
266
207
237
270
273
87
64
268
265
270
268
74
229
69
263
227
238
275
273
283
280
69
170
0
159
170
0
259
207
159
277
84
201
45
46
38
93
289
263
214
38
256
78
265
36
272
45
265
84
259
239
264
272
265
35
32
254
262
215
262
42
250
33
244
254
252
194
244
239
242
81
180
10
185
184
9
121
52
22
135
95
27
45
45
77
99
68
107
58
83
61
49
60
71
99
57
114
58
63
60
125
66
68
48
51
108
115
131
131
99
71
34
131
145
64
143
138
59
144
43
22
35
40
28
26
140
43
131
87
51
152
61
37
56
63
141
154
86
46
146
48
144
55
127
39
155
56
152
132
111
166
154
46
71
168
160
152
169
75
132
34
119
172
140
144
191
190
146
82
84
0
86
92
0
233
108
261
261
77
292
35
71
77
80
254
212
229
234
183
77
261
271
324
289
259
302
271
184
269
330
262
273
298
344
280
263
356
102
348
68
265
211
278
287
315
352
350
84
117
295
118
105
267
213
41
86
230
158
216
124
151
166
159
59
232
84
174
82
27
241
14
69
34
90
119
231
73
83
78
90
30
61
86
80
95
179
28
73
176
64
67
128
209
75
247
257
171
59
16
63
55
0
