521
231
556
548
378
538
233
391
372
392
539
522
308
375
540
310
533
371
523
356
519
371
506
323
512
508
520
345
300
529
523
515
506
361
511
304
331
526
511
526
530
526
523
359
329
320
317
325
333
303
105
308
330
67
325
207
63
131
203
329
329
163
228
338
180
348
78
345
66
116
228
333
119
177
342
110
243
192
341
120
349
127
246
279
188
136
258
363
373
368
114
377
262
78
53
77
77
0
385
160
419
419
186
431
151
160
145
145
434
414
304
172
149
165
422
171
457
171
469
147
401
279
171
412
169
176
153
428
439
442
436
120
186
187
344
186
256
395
197
195
192
105
151
151
301
313
159
280
132
477
316
116
227
159
236
240
234
494
265
212
10
251
4
303
18
253
18
266
31
292
270
306
224
338
7
36
334
315
283
315
28
272
4
258
319
277
303
277
334
269
3
206
0
199
208
4
211
102
231
246
104
251
62
38
62
89
248
243
160
103
203
93
266
115
258
59
248
70
245
200
149
171
254
76
120
264
253
262
253
104
168
63
219
188
251
243
240
242
225
76
98
0
95
95
62
217
213
131
225
37
210
34
41
89
42
243
216
229
36
185
31
216
104
226
106
226
40
236
192
221
218
254
56
41
241
252
234
248
112
246
107
233
163
224
241
246
234
244
52
118
112
205
196
0
10
135
10
8
29
114
10
99
102
8
15
177
79
8
182
10
9
90
168
9
16
8
13
10
165
115
149
56
9
6
170
180
14
9
166
30
128
173
11
12
162
171
168
9
10
11
3
8
0
192
75
132
213
61
190
80
55
81
78
118
132
172
43
130
71
157
78
181
76
197
79
192
140
122
130
193
75
79
195
193
194
184
72
148
49
201
173
198
204
208
141
202
91
132
67
111
107
0
232
118
221
232
85
239
87
254
94
91
310
274
229
200
163
90
246
81
240
81
228
261
232
350
176
346
357
254
287
366
363
223
229
263
332
82
205
318
350
227
230
239
361
76
355
0
339
155
0
218
152
123
215
79
229
63
74
111
80
227
164
212
52
194
95
212
104
161
99
239
101
193
237
181
165
239
101
106
241
247
186
199
92
192
111
201
183
240
225
173
236
181
81
131
0
121
178
98
202
86
235
227
41
163
35
76
75
67
231
227
163
67
238
76
229
46
232
69
226
69
219
175
218
225
218
61
68
213
231
212
220
64
222
73
215
222
182
230
227
241
240
76
148
0
148
147
0
242
175
135
241
76
169
60
60
45
86
267
251
207
68
234
67
259
57
244
60
257
61
270
273
270
255
258
67
59
224
254
188
204
44
229
49
229
223
225
183
209
228
217
60
177
18
171
156
20
138
85
49
146
81
53
97
77
58
80
112
129
79
78
96
88
110
48
130
78
111
83
103
94
116
100
97
52
79
92
110
106
104
65
87
26
112
89
73
129
126
84
111
44
37
45
75
34
34
156
37
132
93
54
165
69
39
56
57
131
165
107
51
170
53
163
71
139
49
157
64
153
113
113
160
162
55
84
165
165
169
168
115
131
47
120
214
168
150
222
229
147
116
89
0
94
87
0
259
122
276
279
99
303
39
103
111
98
279
220
265
252
181
115
279
266
335
286
277
287
250
159
272
337
288
247
278
312
273
268
349
98
349
52
275
193
297
279
299
344
335
95
140
270
134
136
264
218
44
68
238
160
236
132
161
161
154
55
227
70
161
85
16
242
10
68
22
74
124
254
80
67
79
82
17
69
72
81
81
193
18
77
156
73
75
130
163
73
230
223
134
65
13
52
59
0
