284
120
278
293
172
285
106
171
175
171
286
258
115
158
248
133
252
163
252
153
251
150
254
123
253
246
254
160
112
264
236
262
263
154
256
132
149
265
256
263
254
263
257
156
138
136
138
133
139
176
29
174
186
47
185
158
22
119
156
183
155
60
130
168
107
178
37
162
23
53
137
157
46
59
168
30
129
103
175
43
168
47
134
109
90
52
110
167
174
175
36
164
127
21
15
25
24
0
165
73
185
187
80
171
71
64
58
73
182
166
102
71
53
68
182
75
198
71
186
51
157
95
73
158
72
74
56
172
170
168
180
35
65
61
161
70
123
174
67
72
72
31
49
50
136
133
46
172
94
226
185
35
100
30
56
61
62
238
147
128
3
163
2
176
4
118
4
164
4
171
147
165
136
191
5
11
191
192
155
182
10
161
2
142
184
159
133
153
188
151
1
117
0
99
106
1
57
34
53
59
16
52
23
14
22
10
57
55
52
12
48
18
63
25
66
21
73
23
83
37
58
53
85
23
30
76
77
84
70
25
58
18
59
47
60
65
68
67
72
16
34
0
30
30
16
81
91
48
102
6
73
6
9
23
6
100
101
88
10
67
8
102
19
113
29
108
17
99
62
87
79
97
13
9
96
95
103
110
30
107
27
96
67
77
105
103
92
108
17
42
31
69
65
0
3
48
5
2
6
34
3
38
34
3
3
53
18
3
59
4
2
21
55
2
1
2
3
4
62
48
65
30
2
3
68
66
2
3
71
18
58
64
2
1
67
68
74
2
5
5
2
4
0
81
38
56
90
14
93
20
14
19
17
57
70
79
13
60
19
60
19
83
22
86
22
74
55
58
52
75
17
25
76
73
78
73
21
58
11
63
67
78
80
69
53
76
21
52
16
44
43
0
103
59
107
102
34
112
31
104
41
33
105
99
110
90
79
59
124
37
126
49
125
115
127
126
80
124
139
107
124
152
152
133
128
114
143
46
105
125
140
102
121
116
141
37
131
0
116
82
0
108
58
52
109
58
112
12
50
26
60
113
73
104
32
86
51
106
60
62
57
106
62
67
97
62
47
113
63
59
113
114
69
67
52
81
27
85
60
104
97
50
101
58
51
45
0
42
52
32
71
32
84
106
26
67
18
17
42
17
94
109
70
29
113
23
111
23
102
38
106
40
104
77
90
102
92
37
21
103
105
106
105
38
86
27
96
81
91
93
112
105
115
20
72
0
59
59
0
92
40
35
53
13
49
9
48
42
16
54
62
40
36
58
10
72
33
54
8
78
19
76
75
80
85
81
36
28
49
83
45
57
42
81
29
70
85
61
54
66
60
72
19
32
8
37
32
10
46
30
12
51
42
23
30
27
27
36
36
43
25
24
34
25
32
18
38
23
37
24
29
30
40
25
28
11
22
30
37
37
32
24
26
6
33
30
14
35
33
24
31
12
8
16
18
9
6
64
17
68
59
21
72
15
13
21
27
68
91
57
17
81
13
85
21
71
14
87
23
89
69
67
93
88
14
21
87
92
93
82
18
72
9
57
85
73
75
88
94
81
17
52
0
58
59
0
83
35
86
85
30
113
13
28
28
28
100
92
98
96
76
34
102
102
121
118
95
105
107
71
102
131
105
99
107
141
107
108
130
32
130
16
102
73
109
102
120
128
136
37
53
85
58
51
89
83
13
27
76
54
82
53
67
56
60
20
84
20
67
31
7
94
4
27
6
23
58
85
23
24
25
29
7
15
27
24
27
64
11
26
66
22
29
43
81
28
94
90
64
24
5
25
22
0
