266
135
277
277
190
276
132
204
195
191
275
303
170
197
305
164
306
195
293
185
300
178
291
169
286
291
286
191
157
286
282
280
288
189
307
153
168
305
306
315
303
309
321
177
175
176
162
169
161
195
38
198
197
34
202
172
28
144
148
210
201
66
166
206
143
208
38
208
29
38
184
194
39
66
212
35
157
152
205
40
205
40
148
105
119
36
145
191
190
191
32
198
147
32
36
38
37
0
209
79
215
218
87
230
87
84
92
100
225
252
143
76
73
76
249
83
258
122
262
98
221
142
76
230
84
86
88
225
242
226
232
62
83
82
180
84
161
219
84
88
85
62
78
65
170
166
55
217
73
282
214
66
130
55
104
114
119
294
177
126
0
177
0
212
3
137
7
178
12
137
161
177
146
191
1
4
181
187
168
170
8
168
0
149
176
179
143
157
181
174
0
157
0
151
145
0
71
21
78
71
9
79
33
15
37
9
70
71
82
11
57
15
81
18
82
37
77
36
80
67
87
87
80
36
14
77
75
81
82
13
89
40
77
72
82
81
81
83
83
40
59
0
58
58
32
114
67
78
107
4
120
3
2
39
4
107
104
120
6
91
6
113
53
116
47
112
5
106
94
125
126
110
6
6
115
132
107
105
50
102
47
127
97
126
107
103
128
106
5
75
49
118
112
0
2
49
2
2
5
49
0
47
45
0
2
65
41
1
53
1
3
39
70
0
2
2
2
3
68
45
61
32
0
1
70
77
1
1
87
21
60
95
3
1
93
90
92
1
1
1
0
0
0
97
36
61
105
25
92
39
19
36
29
55
53
85
20
53
17
55
34
81
31
82
36
75
66
61
47
81
28
31
87
82
86
86
26
64
18
78
63
84
87
91
52
90
32
54
32
45
47
0
129
56
125
131
48
137
35
148
47
46
149
148
122
110
69
51
128
27
127
45
127
144
110
175
73
170
188
137
165
195
190
109
108
134
183
39
102
170
187
83
123
112
187
25
158
0
160
74
0
122
77
78
120
51
130
38
39
46
50
136
87
122
32
95
38
129
51
86
46
118
45
94
106
78
86
98
39
34
117
116
93
98
32
107
53
89
80
126
117
91
130
100
32
70
0
67
91
49
111
67
120
123
18
79
28
29
35
27
116
129
75
37
130
26
130
21
137
40
129
34
122
96
113
127
141
26
26
132
126
124
130
27
110
26
126
110
89
126
131
131
132
30
83
0
82
90
0
137
93
78
132
34
96
28
29
32
35
129
119
83
28
126
25
139
31
118
18
139
25
139
126
138
131
135
30
29
113
131
101
113
27
128
22
121
127
116
100
132
117
118
25
79
5
85
78
4
72
26
16
71
42
26
36
37
38
47
41
49
20
39
34
35
41
35
55
36
47
43
41
33
70
35
32
15
32
52
62
67
58
48
27
17
60
54
20
58
54
23
61
21
9
14
15
13
14
76
26
71
49
33
89
24
30
37
33
76
79
58
27
83
21
84
32
71
18
92
33
85
67
50
90
88
28
34
92
85
86
89
36
71
13
68
81
49
66
82
81
67
37
35
0
34
40
0
107
42
119
111
40
169
19
38
38
36
119
119
108
130
59
51
117
126
164
147
116
156
126
76
128
177
132
134
141
175
124
127
186
49
191
17
126
90
123
129
161
191
199
49
70
148
65
66
137
123
18
36
129
90
124
71
88
94
97
23
114
33
95
33
8
117
3
35
6
37
73
131
34
24
40
36
8
15
29
31
31
115
3
26
95
23
25
51
123
28
132
124
91
23
5
25
20
0
