195
99
202
193
117
202
92
124
130
125
200
202
121
128
206
112
205
119
207
131
204
122
188
118
198
188
204
114
101
186
192
203
183
115
184
93
120
197
194
186
197
194
201
124
121
109
130
124
113
101
27
114
117
20
116
90
20
69
83
116
132
46
108
136
100
140
20
136
18
32
114
137
30
47
138
26
120
111
142
32
138
30
113
57
108
26
117
131
126
138
25
140
124
30
18
26
26
0
134
53
137
144
45
141
59
55
54
55
154
136
97
41
31
35
136
39
146
50
140
47
120
83
36
134
39
39
44
126
129
149
139
38
35
45
103
39
83
129
43
45
42
35
37
36
105
102
33
139
32
186
148
68
82
29
84
88
86
191
112
78
1
110
1
109
1
96
0
110
1
83
105
100
83
106
2
1
109
107
104
97
1
98
0
109
103
110
107
81
107
104
0
92
0
82
88
0
54
21
62
62
4
64
17
11
22
2
62
69
70
5
58
7
71
12
69
16
63
19
55
53
60
67
58
23
4
60
56
66
61
5
67
21
56
55
59
63
58
59
61
26
48
0
48
47
22
60
34
32
51
2
55
2
3
18
3
49
59
57
2
35
5
52
19
57
25
55
8
56
45
57
59
61
5
5
63
61
56
59
23
56
25
66
51
62
58
56
65
62
7
45
26
63
61
0
0
29
0
0
3
27
0
25
22
0
0
33
18
0
37
0
0
26
34
0
0
0
1
0
36
27
42
18
0
0
37
40
0
0
48
14
42
44
0
0
45
45
44
0
0
0
0
0
0
77
42
75
83
12
91
14
6
12
12
74
77
81
12
73
9
76
15
88
14
86
14
87
71
76
73
81
14
15
84
89
95
90
16
70
9
98
84
96
104
99
65
97
17
64
11
64
56
0
86
53
93
93
33
98
25
79
22
26
122
107
92
51
66
27
96
23
99
29
103
76
107
123
64
124
139
68
87
130
130
110
126
72
124
35
105
110
127
87
106
114
134
24
129
0
112
63
0
95
59
51
86
46
98
17
45
15
47
98
55
106
29
92
58
109
53
57
59
106
63
57
102
57
44
105
54
50
105
99
59
62
61
89
22
93
59
115
111
52
121
65
54
49
0
48
60
20
54
33
68
126
33
69
43
14
72
13
56
126
41
71
120
15
133
52
134
69
130
71
123
68
65
122
117
55
15
116
119
112
114
70
59
12
106
58
102
125
131
142
134
14
54
0
56
56
0
79
92
57
96
38
64
32
15
16
39
91
92
52
17
86
23
78
19
88
23
84
31
89
79
86
80
85
18
16
83
86
58
92
17
84
12
73
78
87
69
68
90
78
34
62
3
61
62
2
56
15
14
56
37
8
17
17
31
32
22
52
20
33
22
18
23
28
46
19
48
21
26
23
45
22
22
10
13
40
40
43
42
51
21
14
57
49
17
49
63
13
58
13
7
10
11
7
14
76
32
62
48
38
89
17
23
36
33
70
91
53
15
96
16
91
32
66
28
103
36
89
61
57
102
85
18
33
90
96
90
95
29
61
16
64
89
70
69
84
95
75
28
52
0
49
44
0
61
27
76
74
29
93
15
26
28
30
80
44
79
79
56
29
81
74
110
92
83
94
76
58
79
118
73
86
98
111
83
85
120
36
117
31
90
77
97
92
113
126
116
35
45
75
43
43
76
68
8
15
67
60
63
50
55
51
60
12
82
21
59
19
4
71
3
16
3
15
56
72
17
15
15
18
4
22
21
17
17
71
5
17
68
15
16
38
70
20
85
85
53
13
3
13
14
0
