151
71
156
159
106
153
70
107
116
114
155
153
91
102
153
98
152
107
140
106
154
113
159
77
158
155
152
103
85
155
152
151
153
103
149
74
85
144
152
154
143
155
144
108
89
93
86
84
92
93
29
99
111
19
112
72
18
60
81
103
119
29
97
118
81
125
22
123
21
33
103
93
36
32
101
22
75
58
104
37
105
33
67
64
54
35
74
101
94
101
24
93
72
17
13
17
16
0
102
42
120
112
45
123
41
36
39
48
123
119
86
48
37
47
122
45
128
56
129
34
100
74
41
110
45
47
39
110
106
108
111
34
40
44
93
44
83
118
48
48
48
29
36
34
88
83
31
112
45
150
115
50
64
24
70
71
63
171
93
78
2
100
1
103
2
83
3
99
4
90
91
98
75
113
2
6
115
110
88
107
3
95
1
86
104
95
74
82
105
89
2
70
0
70
70
0
39
21
38
35
14
42
18
14
20
10
41
37
32
10
30
11
37
13
41
21
40
20
41
27
32
28
41
19
9
37
35
43
37
14
31
15
29
30
34
35
33
40
39
22
15
0
15
14
19
60
61
38
63
5
67
5
4
22
6
72
60
64
3
44
5
54
21
66
26
64
7
65
46
70
69
63
9
8
66
67
63
63
26
63
28
65
42
68
64
58
75
64
10
38
28
59
64
0
0
18
1
1
5
18
1
12
14
0
0
31
12
1
36
0
0
17
34
0
1
1
1
1
26
22
24
8
0
1
25
29
0
0
43
5
25
40
1
1
42
38
48
0
0
0
0
0
0
63
30
47
71
24
75
21
18
25
24
47
59
73
20
48
19
57
25
71
23
73
26
64
47
51
46
65
33
24
70
71
71
67
25
53
13
66
63
74
73
77
44
72
34
45
29
39
37
0
65
35
65
77
29
67
23
83
29
31
96
97
78
67
53
31
77
27
75
29
83
80
70
102
52
109
114
87
89
110
112
77
78
80
103
28
62
98
109
64
75
73
107
18
99
0
91
48
0
72
52
37
66
35
78
14
27
28
33
81
49
70
20
64
29
80
33
56
39
80
35
63
78
50
54
75
29
31
90
72
57
59
30
64
33
75
59
79
86
59
78
62
25
42
0
44
58
28
54
18
62
65
9
43
16
29
27
27
63
56
39
23
69
26
62
16
69
28
61
26
52
49
63
56
49
25
29
51
61
59
56
25
56
20
57
55
44
60
59
60
55
23
32
0
33
33
0
71
53
44
75
17
57
13
29
21
20
62
64
48
26
65
23
80
24
64
19
77
22
82
79
89
83
84
25
25
76
84
52
70
15
78
12
68
59
62
49
60
62
55
12
46
5
43
51
7
29
23
9
32
21
10
21
22
26
23
25
22
17
21
27
23
27
13
26
21
28
22
25
24
27
33
22
12
22
23
29
23
21
17
19
6
22
28
17
28
23
23
29
16
4
15
15
10
11
44
5
37
29
5
43
13
4
10
12
41
32
19
11
33
13
33
7
41
6
38
9
37
36
31
40
41
13
9
42
37
45
51
12
47
7
42
49
41
51
46
42
38
14
30
0
30
27
0
77
40
72
77
8
95
2
12
10
7
72
55
77
67
56
14
69
78
105
93
72
89
72
65
81
106
74
89
90
114
74
75
120
23
112
11
83
63
78
75
101
111
120
17
46
87
47
58
86
54
8
26
56
24
66
17
29
28
28
22
58
17
31
32
8
62
5
26
11
34
21
56
32
29
31
33
7
16
28
32
32
40
9
30
26
30
29
42
42
31
54
60
22
20
9
23
19
0
