477
246
486
473
305
479
238
322
321
313
481
536
310
308
529
259
552
330
543
320
537
311
508
291
513
506
506
306
249
509
516
514
503
318
533
256
316
512
544
545
542
547
523
314
293
282
292
289
275
340
75
349
340
65
350
283
41
221
289
350
310
131
263
312
203
329
65
322
54
76
256
356
86
119
355
70
279
219
349
86
369
97
263
181
236
105
266
339
340
348
73
344
283
55
50
53
60
0
321
116
332
346
169
357
127
136
130
125
355
320
259
140
131
135
346
156
369
123
367
82
347
261
148
357
148
153
114
344
361
355
371
104
137
166
307
153
247
358
156
155
167
94
117
116
256
264
117
350
165
489
362
138
170
56
158
174
169
487
295
251
6
308
6
363
15
275
11
311
16
302
304
335
231
350
7
12
352
352
286
307
17
299
5
278
362
314
289
288
382
290
5
222
0
205
213
6
137
95
174
165
42
163
56
34
63
27
161
161
166
35
143
33
159
37
160
67
170
67
160
134
147
162
180
64
48
178
169
190
173
74
171
53
181
142
211
213
205
205
202
62
97
0
87
98
59
165
178
98
201
31
155
37
39
64
35
205
201
174
33
154
31
200
80
216
76
228
52
207
128
179
182
224
33
31
210
187
216
214
81
215
77
189
142
178
219
225
186
228
41
95
72
146
149
0
9
132
11
11
24
99
8
87
92
8
13
162
59
9
163
8
12
94
176
10
16
10
12
12
133
122
129
46
8
9
158
157
14
9
179
49
112
183
11
13
192
190
176
10
10
9
5
10
0
169
81
124
188
37
194
61
42
62
67
111
132
177
38
109
49
147
59
185
61
171
56
159
131
114
121
164
44
46
172
157
160
167
48
126
33
178
143
175
171
180
117
170
56
114
42
100
104
0
251
139
254
266
102
267
94
204
106
115
232
248
254
168
197
121
257
91
273
109
276
228
258
288
187
286
318
212
222
307
296
262
265
226
313
104
225
263
288
235
284
270
307
90
279
0
283
152
0
253
148
112
250
139
259
62
117
78
137
267
146
247
83
200
100
248
126
147
129
250
124
156
224
172
155
248
123
100
253
241
166
174
133
236
85
210
162
262
249
159
279
169
120
110
0
104
154
77
210
107
228
278
59
156
39
57
85
48
235
273
186
75
267
57
283
37
264
81
281
75
274
219
231
289
284
91
53
284
294
282
282
85
238
58
264
214
234
285
275
295
282
58
161
0
165
169
0
181
154
84
164
72
132
44
69
69
56
163
166
117
78
163
64
221
76
153
48
180
52
195
169
199
196
198
68
68
152
188
119
159
69
171
57
149
161
176
129
163
175
158
61
97
26
103
102
17
124
81
47
127
74
54
69
71
51
63
100
142
68
89
97
62
95
66
140
61
139
62
86
74
127
81
80
53
60
96
123
136
136
86
74
25
144
103
73
126
123
70
135
40
49
35
65
42
33
180
62
155
120
57
187
48
43
69
74
156
188
123
57
184
51
196
65
156
32
187
66
203
154
137
207
206
47
77
202
215
230
223
89
168
46
135
227
172
186
229
228
174
97
112
0
110
112
0
254
105
267
270
81
280
47
93
95
93
257
194
263
187
173
98
274
201
280
242
277
229
258
157
259
289
251
200
214
292
243
255
308
98
297
47
257
154
258
260
274
313
309
85
123
212
126
125
220
222
33
69
216
160
203
147
169
164
158
44
223
47
161
62
21
211
6
52
21
69
121
221
57
42
52
68
14
43
63
61
50
160
17
66
157
56
61
93
157
68
212
200
127
50
16
39
45
0
