327
152
339
340
224
334
163
240
235
242
346
309
178
225
314
203
312
238
306
228
317
222
292
166
302
307
303
215
167
298
308
293
298
228
277
188
176
279
280
293
294
289
281
225
190
205
188
194
208
324
69
322
337
53
335
269
40
205
259
345
340
132
275
341
237
355
52
337
41
74
285
324
80
121
333
62
253
216
320
81
339
83
284
202
242
98
259
336
364
350
71
344
278
50
43
52
51
0
397
118
403
405
110
413
241
255
248
260
443
428
220
102
89
95
433
106
443
272
443
266
393
188
108
423
98
117
256
414
411
420
430
233
108
101
267
122
312
411
114
115
126
237
75
78
179
196
78
350
117
536
372
130
254
163
236
270
261
558
284
218
6
306
6
347
15
250
16
296
22
288
286
314
258
331
7
15
336
350
312
299
10
300
5
300
339
310
298
256
332
297
9
231
0
230
229
6
154
76
171
162
50
172
38
23
45
53
154
173
131
36
162
58
169
63
183
41
172
48
176
129
120
134
184
48
76
186
190
185
186
62
145
38
159
140
181
180
178
180
173
43
91
0
81
84
39
281
253
179
325
15
254
13
14
53
13
321
301
272
15
251
20
314
53
311
53
320
23
318
228
283
271
327
21
15
325
287
326
316
61
353
52
296
229
289
350
359
303
353
28
205
53
244
239
0
14
188
18
16
34
147
11
133
151
13
19
241
96
12
245
15
14
151
255
13
17
14
20
12
224
175
209
86
9
13
229
230
13
10
152
28
128
160
17
14
163
161
158
12
14
8
6
10
0
224
102
156
226
40
225
61
48
61
64
147
163
210
44
151
54
168
48
213
52
214
46
201
156
144
155
195
65
54
198
195
186
198
61
162
42
196
174
216
206
215
165
205
57
160
59
135
139
0
213
132
222
236
73
240
65
285
75
76
360
274
261
217
186
77
256
69
262
76
259
304
217
380
197
382
401
272
309
377
410
236
249
278
381
63
232
342
388
213
257
248
398
53
393
0
378
176
0
237
108
113
234
133
252
34
128
59
146
239
139
262
87
233
150
279
166
150
166
291
175
133
271
176
137
261
155
142
272
261
145
158
171
218
67
247
131
286
284
151
276
146
153
114
0
121
152
69
199
113
217
281
73
177
58
55
115
50
220
291
190
119
293
64
292
68
296
113
297
124
259
212
229
267
273
87
56
263
250
257
273
85
215
54
270
217
241
290
300
283
302
61
146
0
142
159
0
269
190
154
261
75
188
61
63
53
84
261
262
194
60
254
82
261
61
233
52
258
85
270
260
269
278
281
59
62
246
272
213
259
52
274
43
255
249
267
214
228
265
248
83
196
19
185
173
22
116
50
21
109
84
23
45
49
66
87
53
98
44
60
55
44
53
58
95
44
94
45
51
44
89
49
56
40
30
79
88
92
86
64
46
22
88
70
38
87
87
49
82
35
21
23
36
20
24
190
68
181
141
52
213
47
38
54
58
170
210
136
42
212
26
203
63
162
42
206
62
213
164
161
221
220
33
71
240
235
227
225
79
168
36
155
237
192
174
243
238
187
76
142
0
144
140
0
221
100
214
220
82
290
33
92
89
92
218
221
247
238
159
90
235
279
345
313
252
308
259
150
271
337
271
297
296
344
265
270
352
107
328
64
276
202
283
286
302
355
355
93
106
291
109
115
290
204
30
72
200
143
208
126
148
152
148
49
219
75
153
77
19
200
13
75
23
71
124
236
72
66
75
67
22
64
72
75
72
219
20
64
197
67
77
124
213
65
258
261
169
51
20
59
52
0
