270
159
267
277
168
279
109
186
182
171
273
287
169
187
271
151
289
181
276
186
280
177
256
147
260
262
253
165
133
249
258
252
252
164
249
147
159
245
251
248
259
262
245
167
168
157
175
180
161
109
34
111
110
23
114
84
22
75
92
115
116
40
85
117
65
122
23
118
20
23
87
129
28
29
134
27
104
85
137
36
136
38
117
81
85
38
108
142
140
152
31
143
118
25
23
26
28
0
154
64
184
167
56
191
64
59
59
63
185
151
131
49
46
50
160
52
178
48
171
42
158
117
52
170
57
55
32
167
170
181
177
56
49
66
165
57
129
186
56
60
51
48
46
40
143
131
45
135
47
217
129
53
104
80
116
127
129
229
110
74
2
118
0
137
5
92
6
128
7
113
101
129
85
132
3
5
133
131
113
114
8
111
0
97
118
109
89
95
121
104
1
80
0
79
84
0
64
30
65
66
10
63
27
19
29
6
66
49
66
1
55
1
55
3
55
26
52
25
63
50
70
75
62
28
5
65
67
59
57
19
68
20
73
53
77
79
75
82
84
22
46
0
42
47
23
75
65
39
80
15
71
12
17
19
18
73
65
68
5
45
5
64
27
70
30
69
7
87
42
75
70
82
11
10
85
77
89
79
31
84
26
70
41
70
81
87
79
80
12
43
31
63
58
0
2
28
1
1
9
11
2
11
15
2
1
50
6
2
48
2
2
33
50
1
2
2
2
1
68
49
61
42
1
1
72
72
2
1
84
31
56
87
2
2
89
85
86
0
1
1
1
1
0
133
52
93
149
41
155
45
21
48
49
92
98
125
32
84
35
95
50
134
53
135
53
111
90
85
76
120
63
35
122
131
122
124
17
96
10
102
79
109
101
100
89
110
18
92
53
80
78
0
121
46
105
125
21
112
24
128
20
19
189
161
115
94
83
18
118
10
110
20
109
135
105
200
81
203
212
121
150
205
216
112
108
134
207
21
102
179
201
106
109
115
210
16
200
0
192
86
0
92
75
56
94
22
104
22
24
25
23
100
82
102
16
99
27
105
27
83
32
117
26
95
109
71
85
107
26
30
114
111
97
102
41
103
28
98
84
117
116
81
130
93
36
67
0
71
84
31
128
58
144
119
20
88
21
66
34
63
142
136
98
47
140
66
149
26
149
41
145
43
142
100
152
139
148
44
47
135
147
148
137
49
149
48
130
141
124
156
163
155
155
61
91
0
92
92
0
116
121
78
160
54
104
48
20
20
58
155
148
107
23
155
46
127
21
141
34
134
35
132
133
135
139
131
19
19
138
133
101
133
29
128
20
131
139
150
101
125
149
134
51
109
6
101
99
5
71
27
17
67
57
17
26
26
48
63
28
68
26
40
37
20
30
35
59
25
64
23
37
31
67
36
39
19
19
52
63
69
73
48
29
11
73
50
27
71
64
27
68
20
19
8
24
16
14
56
11
46
27
24
53
25
18
33
29
41
71
30
19
81
17
73
39
38
31
68
45
69
48
37
68
62
22
34
64
69
70
68
35
46
14
46
75
68
51
74
76
55
33
33
0
32
30
0
87
31
91
92
30
135
21
35
32
36
88
78
98
120
60
45
112
142
158
151
109
156
119
73
118
160
121
144
137
170
120
121
157
55
156
30
114
95
118
123
151
164
166
47
31
134
34
37
127
128
26
64
140
83
145
81
84
87
88
39
145
61
84
62
16
134
8
58
16
66
75
148
65
59
62
66
13
28
58
61
67
131
17
69
85
58
74
81
130
65
142
146
79
50
11
49
46
0
