219
86
225
232
131
232
84
147
143
147
216
213
118
137
217
114
196
134
209
132
208
121
213
134
208
220
215
131
127
208
216
219
216
133
212
106
116
217
225
222
238
216
214
141
114
121
110
107
125
155
17
152
155
33
164
134
11
114
127
157
140
38
116
148
104
138
21
143
17
27
120
122
32
42
125
19
104
94
129
33
121
36
123
76
113
41
117
153
148
144
27
147
119
19
15
19
19
0
160
62
158
161
65
167
70
62
67
71
172
168
92
61
54
56
177
54
177
75
179
68
155
75
56
153
60
61
59
149
159
163
154
51
57
60
124
59
98
138
55
70
65
49
43
37
103
103
40
159
68
200
162
31
99
34
56
64
63
206
138
122
2
145
2
150
7
115
10
148
12
155
129
155
116
182
3
13
175
182
135
154
9
132
1
107
151
126
120
119
158
138
1
102
0
101
107
2
49
19
53
55
11
42
15
9
18
6
44
53
54
5
41
3
53
9
56
15
55
18
65
39
48
49
60
16
18
54
62
66
67
20
50
14
59
52
66
68
66
65
67
13
27
0
30
27
13
77
68
38
84
2
71
1
4
26
2
78
73
75
3
60
2
78
22
80
27
76
3
87
60
90
81
91
4
6
91
93
88
91
29
98
30
90
63
76
95
99
88
93
6
47
34
71
68
0
3
55
2
4
12
40
1
45
44
4
1
63
22
1
67
0
1
27
63
0
3
1
4
1
46
48
48
4
2
1
48
47
5
1
49
3
32
51
3
3
55
48
54
1
2
1
2
4
0
77
31
55
80
28
77
25
14
28
28
51
52
77
17
50
22
61
29
81
35
82
31
72
55
52
39
66
34
22
70
78
69
75
21
59
11
70
59
75
70
67
54
73
23
53
33
45
45
0
101
62
91
100
22
102
20
96
23
19
117
109
117
91
81
35
116
25
124
33
117
111
111
143
87
140
144
110
119
131
146
127
124
112
146
35
102
136
134
102
123
117
142
26
134
0
132
81
0
84
39
37
82
43
91
15
36
23
53
82
49
73
21
66
33
78
42
56
44
82
42
56
95
58
51
83
45
37
74
81
57
58
45
71
28
77
53
95
100
48
88
51
47
43
0
38
53
23
89
40
95
91
15
68
19
29
27
26
93
95
67
16
91
27
105
21
94
20
98
23
93
74
97
100
93
26
32
99
91
98
98
34
82
32
92
96
82
104
105
108
100
28
68
0
70
65
0
76
61
37
79
29
63
23
37
33
29
79
72
49
43
65
25
86
47
70
24
96
24
88
87
98
94
93
40
35
69
91
57
71
29
83
29
77
80
65
58
72
59
65
16
41
10
41
39
9
33
16
12
36
26
7
18
21
23
26
18
31
14
22
24
22
20
21
29
21
29
23
23
20
35
18
20
11
18
29
36
36
42
26
21
9
34
29
14
31
32
20
35
14
8
14
11
8
13
67
27
55
41
17
65
19
15
15
18
66
74
44
17
73
19
70
23
65
19
69
20
74
58
39
72
72
21
29
75
63
65
74
28
52
5
42
66
44
55
67
74
52
28
37
0
44
35
0
61
20
59
65
16
102
6
11
17
17
64
86
76
86
32
30
72
102
115
104
72
111
95
42
97
117
100
86
100
124
98
97
125
34
121
21
92
64
95
98
98
121
120
40
33
97
32
35
87
114
14
39
102
73
111
62
79
71
74
17
98
33
62
34
9
100
2
27
12
35
48
95
34
26
29
35
9
16
32
30
36
85
5
32
61
32
30
55
78
36
97
98
57
32
5
26
28
0
