51
23
50
46
29
49
26
35
32
32
44
46
25
32
45
28
46
33
43
31
49
26
44
25
44
46
51
33
28
50
45
46
46
33
51
24
23
49
46
48
49
49
49
30
27
26
21
27
27
347
85
360
351
63
350
296
39
233
308
364
349
141
291
373
259
370
62
374
45
103
305
334
96
126
335
70
270
244
354
93
342
93
260
175
202
95
252
331
316
310
72
311
262
47
29
46
52
0
316
46
337
329
56
340
307
315
329
320
364
360
115
56
34
59
372
59
370
342
350
343
405
104
57
406
40
69
383
402
394
414
413
334
53
30
112
54
367
368
60
58
62
342
12
12
30
29
11
342
188
466
360
123
204
84
167
192
182
499
304
269
5
317
4
349
11
254
9
325
16
322
336
336
274
374
6
18
366
370
304
346
16
303
3
304
363
313
318
320
361
331
4
236
0
222
242
3
149
88
164
178
44
169
28
21
33
33
163
170
133
46
138
42
194
49
182
33
182
34
190
128
119
132
195
39
69
183
190
194
197
54
137
34
185
160
183
194
195
196
192
37
96
0
95
96
30
315
336
184
403
7
283
8
9
34
12
406
370
335
7
305
8
379
28
392
29
388
9
390
315
323
334
394
12
7
398
350
390
411
30
415
30
342
313
341
409
420
340
406
14
243
23
279
276
0
21
190
20
18
42
167
16
169
173
14
18
214
131
17
220
15
18
125
224
17
24
21
21
15
199
177
202
72
18
11
214
210
20
12
196
53
150
208
20
17
205
214
208
17
21
14
8
19
0
184
76
133
189
56
187
94
65
89
86
117
129
172
69
122
69
130
84
174
81
188
76
181
132
125
135
182
75
100
193
198
198
197
93
126
72
192
164
200
207
203
121
205
102
109
74
88
91
0
238
134
250
267
90
263
78
235
81
95
253
260
247
214
196
104
258
69
255
100
272
238
250
296
185
290
301
236
245
299
296
279
261
260
297
98
224
296
304
212
261
254
309
60
290
0
281
170
0
217
72
74
232
152
247
33
153
54
163
234
74
229
85
221
156
234
180
79
167
245
162
84
233
144
80
236
178
157
231
245
95
92
165
173
49
216
89
236
245
95
249
92
170
66
0
66
81
49
169
100
191
194
34
91
35
85
62
79
175
193
103
44
194
76
190
36
200
49
204
48
189
124
195
179
182
34
71
185
176
177
181
46
191
71
179
170
121
180
188
189
180
68
86
0
83
105
0
204
143
94
170
52
155
37
100
81
48
167
155
117
95
156
43
212
92
156
30
231
38
231
201
220
218
237
85
71
145
207
107
144
76
206
64
178
191
154
126
185
153
183
38
123
24
114
109
19
57
38
12
66
44
23
30
33
33
39
40
61
22
49
43
34
36
37
57
32
57
40
48
39
66
46
35
22
30
48
60
58
62
43
41
16
60
51
31
62
71
35
66
18
9
19
17
9
12
222
81
173
126
61
225
30
39
69
69
178
220
155
28
228
29
246
90
170
57
243
92
253
172
191
230
249
28
96
250
255
257
244
94
177
34
159
253
190
183
240
248
184
100
149
0
138
143
0
216
117
224
229
62
282
23
65
63
52
225
226
222
191
139
81
236
230
290
258
239
259
231
136
223
294
224
220
248
310
226
231
319
54
308
26
219
154
251
232
248
310
320
53
128
237
126
124
226
178
47
101
199
92
202
71
93
104
90
69
205
70
110
101
29
207
9
81
36
97
78
202
94
82
91
97
27
59
100
101
103
143
29
90
95
90
97
137
137
96
189
188
69
78
31
77
70
0
