556
238
541
562
341
555
211
364
343
350
561
535
271
344
540
247
538
336
535
339
531
334
532
299
525
515
526
313
268
515
534
525
519
317
506
256
284
524
516
511
525
521
527
335
248
270
240
261
275
351
100
360
365
82
379
284
43
177
294
364
351
114
303
374
234
356
89
371
54
149
309
351
117
144
358
84
278
203
354
116
361
126
233
225
154
136
211
320
314
335
89
319
242
59
43
58
57
0
334
150
365
346
154
368
107
108
113
106
355
342
220
137
112
112
347
131
365
134
359
104
325
188
126
329
138
141
98
353
333
335
354
88
129
152
296
144
258
325
140
140
147
80
81
83
243
237
89
312
180
430
330
90
187
69
137
141
140
439
293
248
3
314
3
311
7
215
7
301
13
257
261
278
258
301
4
7
305
310
290
283
13
292
3
246
314
284
246
259
312
276
2
196
0
197
203
1
133
63
135
132
60
146
55
28
53
45
141
139
98
42
111
62
154
78
151
46
162
49
153
83
95
117
158
52
72
163
156
159
160
61
102
42
128
124
163
151
158
158
162
47
61
0
57
64
49
139
147
71
143
21
138
15
21
60
25
155
153
137
17
112
17
150
51
160
70
155
23
162
89
149
143
167
26
16
166
168
164
157
70
174
65
162
102
145
153
161
166
158
26
70
50
124
126
0
12
112
13
11
23
91
6
82
91
12
13
154
62
10
150
5
11
72
153
4
12
9
13
12
112
103
110
44
6
10
135
134
14
10
102
13
65
102
13
9
106
102
103
9
3
5
4
8
0
109
45
70
114
27
118
44
34
49
42
78
79
99
35
72
36
83
45
112
41
113
36
107
85
70
69
109
45
48
107
112
120
122
32
81
20
109
92
111
118
109
80
117
39
71
38
57
67
0
202
111
203
220
60
212
54
230
65
64
252
227
210
197
157
55
213
40
211
61
201
256
215
277
163
275
283
242
268
297
302
226
222
259
280
56
176
251
286
183
214
211
282
47
258
0
269
151
0
148
111
76
154
69
151
42
53
69
61
160
103
142
35
118
49
143
59
110
65
138
57
113
158
100
98
147
73
57
160
152
114
110
71
146
75
142
111
181
160
103
162
118
62
90
0
78
109
67
171
76
180
197
20
135
30
39
58
38
179
195
131
38
201
39
185
25
193
42
193
45
190
150
158
198
186
51
37
191
187
180
173
36
170
33
175
156
150
183
174
190
198
34
132
0
130
125
0
195
78
77
131
22
132
14
91
86
24
125
123
102
98
113
22
199
89
131
15
211
22
216
202
223
211
211
81
92
124
203
108
127
78
181
69
183
152
125
115
149
124
141
22
96
23
91
81
40
73
66
29
72
43
36
58
59
29
37
79
63
31
27
77
53
75
23
70
57
68
52
72
57
71
68
69
25
45
55
69
62
58
43
57
19
74
53
41
62
67
54
79
39
23
25
38
31
22
98
30
92
55
22
89
45
28
30
34
89
90
59
37
106
35
103
39
95
23
102
40
98
95
75
106
110
34
43
114
104
112
106
43
100
18
86
113
91
93
110
114
109
40
63
0
55
51
0
135
68
163
146
47
218
22
49
48
49
152
147
161
194
110
70
160
205
254
238
164
234
172
103
173
251
178
200
207
250
177
180
255
66
249
34
183
121
174
174
219
251
251
60
70
211
67
70
194
175
31
43
175
133
181
107
137
146
138
38
171
50
120
46
11
166
6
40
14
46
109
182
47
43
41
43
11
45
44
47
46
149
10
42
125
40
49
79
130
48
162
170
104
43
9
31
36
0
