378
139
392
392
164
405
94
172
178
167
399
348
156
154
365
109
354
155
351
158
346
145
340
177
347
339
332
148
114
334
333
348
338
162
364
106
186
370
360
375
366
378
368
164
166
120
160
166
126
239
37
236
246
68
231
222
27
184
215
243
207
70
199
222
184
221
61
228
33
67
195
197
63
75
223
33
205
167
219
60
221
56
177
90
166
55
187
216
217
204
32
210
189
21
18
21
20
0
174
81
186
192
65
180
51
58
44
44
186
185
125
55
44
51
204
58
215
70
196
53
194
119
53
204
64
70
84
208
210
222
220
44
62
64
170
65
117
182
61
68
69
31
36
33
129
126
41
221
94
273
225
41
118
29
55
56
60
268
201
166
2
213
1
214
2
162
3
203
5
187
198
199
178
215
4
0
210
222
201
191
1
200
1
184
212
200
185
170
209
200
1
168
0
159
168
1
93
40
95
104
18
95
24
18
24
13
104
105
93
12
86
17
100
17
104
23
96
29
104
85
90
94
105
25
10
107
99
105
100
9
102
29
96
81
93
96
111
101
98
29
76
0
76
79
25
64
54
36
65
0
55
1
2
22
1
68
70
64
2
59
3
71
18
69
27
75
3
69
49
66
62
71
2
3
69
72
69
67
24
59
22
74
43
72
64
62
70
64
4
36
25
51
54
0
2
44
3
2
2
45
1
37
44
0
2
45
29
2
47
1
2
24
49
3
3
2
2
4
58
40
57
26
1
0
63
63
3
3
56
19
44
58
2
2
60
56
57
2
3
2
2
4
0
56
28
39
56
13
52
13
11
16
16
47
48
50
13
41
18
45
19
52
20
57
17
53
42
38
37
63
14
24
65
62
62
60
17
46
13
63
48
63
58
57
43
59
23
43
16
32
38
0
116
65
116
126
42
126
31
104
39
40
117
109
114
81
88
40
127
38
125
43
124
104
137
131
83
130
144
96
106
144
135
141
143
109
127
49
111
131
146
106
148
139
146
35
128
0
129
81
0
113
80
57
105
35
114
19
39
26
45
115
82
102
26
98
37
123
46
91
43
123
43
95
111
91
76
118
43
38
126
130
97
94
41
111
26
94
82
128
126
88
128
95
34
71
0
73
84
23
117
70
117
156
17
107
16
14
34
19
129
148
91
31
139
16
149
26
158
38
156
33
154
102
122
155
149
34
17
155
162
145
163
35
115
17
144
110
118
155
154
163
161
18
108
0
102
106
0
73
58
32
67
33
46
28
39
43
36
73
59
44
36
64
28
71
36
66
27
82
26
83
84
85
90
95
35
30
69
75
45
72
40
74
37
72
67
72
41
67
71
65
33
35
9
34
30
11
69
13
12
68
58
13
22
21
52
65
20
64
16
52
19
18
17
59
59
23
59
19
24
15
78
18
23
20
15
71
74
71
73
74
22
15
71
70
9
72
76
18
86
16
8
13
14
7
9
80
36
53
34
49
85
23
43
59
55
60
85
34
26
85
21
81
47
63
31
80
49
83
61
40
84
96
26
47
95
93
91
89
42
68
15
51
97
67
67
99
90
64
51
40
0
33
38
0
111
41
118
121
53
114
23
58
59
58
121
89
118
86
69
42
127
100
127
105
117
101
116
46
116
122
114
93
98
127
118
120
126
65
132
32
125
83
123
122
112
132
135
60
52
99
47
47
103
114
14
19
117
100
120
83
96
99
100
11
130
25
117
28
5
117
4
18
6
20
94
128
19
17
25
19
8
33
20
19
23
115
8
20
111
19
15
50
121
20
133
139
110
18
7
19
16
0
