413
203
414
422
285
423
202
308
308
305
416
424
220
306
440
233
420
302
443
311
430
297
396
236
392
412
400
299
236
384
394
399
402
291
432
239
252
429
445
429
437
428
438
287
247
259
246
256
253
292
75
311
311
73
312
222
47
157
231
310
289
114
212
312
167
288
75
294
62
111
219
295
115
144
311
84
212
167
300
101
308
118
204
222
145
108
192
300
294
301
80
299
210
72
51
76
63
0
304
123
312
309
153
313
108
95
99
105
348
332
243
139
126
129
322
134
351
139
361
101
315
206
136
326
122
142
117
326
341
326
329
95
119
136
300
133
184
311
128
142
130
66
103
112
244
242
93
295
178
398
298
115
147
73
165
177
167
435
265
216
10
278
4
301
12
217
13
270
16
276
243
294
220
308
13
25
301
296
261
276
22
254
5
232
285
264
245
273
301
265
6
173
0
159
174
4
148
64
163
187
89
160
52
28
66
69
180
173
118
58
149
79
180
87
189
61
180
60
156
113
117
126
162
56
84
177
171
159
165
80
137
60
159
146
174
169
176
183
173
66
77
0
74
67
61
151
169
92
180
25
133
20
28
72
32
195
185
149
32
138
32
192
73
198
75
204
35
192
138
152
136
193
44
35
196
170
199
191
73
192
73
152
133
151
200
188
152
199
44
83
80
131
132
0
9
150
17
12
33
113
12
106
117
7
14
162
82
8
171
12
15
98
175
13
17
14
14
12
160
122
135
58
11
10
166
173
18
9
151
18
99
138
17
13
146
146
152
9
15
11
9
14
0
134
72
89
139
28
121
40
31
37
38
82
101
127
28
89
30
99
44
132
41
121
33
133
92
85
96
127
32
48
141
136
146
145
35
96
25
122
115
133
134
139
92
134
45
88
32
83
83
0
209
111
199
209
67
215
60
207
70
66
218
205
199
191
154
63
193
58
188
71
192
241
186
257
143
262
292
230
242
288
281
199
202
226
280
48
173
264
288
172
187
185
295
39
265
0
264
137
0
158
117
92
180
65
173
41
56
71
61
169
128
168
42
147
75
182
78
118
78
183
80
123
165
122
122
166
68
67
178
174
130
132
60
131
81
134
128
160
166
133
175
132
64
87
0
86
118
68
151
57
167
225
47
138
23
33
60
32
186
217
156
55
227
29
227
31
218
57
230
58
218
191
184
238
216
62
33
215
225
232
232
56
169
34
219
167
196
216
216
223
221
32
147
0
138
143
0
187
116
95
141
26
126
17
81
81
31
146
143
119
86
138
24
189
79
155
20
197
33
207
194
211
222
210
78
80
150
208
120
154
74
184
65
167
176
133
128
167
141
167
30
109
25
107
99
20
93
67
41
87
50
46
64
56
40
51
84
107
63
54
76
62
77
42
106
57
104
58
70
72
105
71
62
47
51
92
93
95
92
64
68
33
107
86
54
96
92
64
94
32
33
33
51
32
35
126
23
116
74
43
120
56
31
50
42
105
129
66
41
118
39
115
48
104
33
112
47
124
100
94
121
115
45
47
124
120
116
116
44
101
22
101
127
106
113
123
129
108
50
56
0
54
62
0
194
98
203
196
56
225
23
63
56
60
197
151
194
194
148
69
199
214
247
220
211
224
219
153
212
253
198
226
228
275
208
205
273
84
259
50
194
165
203
187
229
264
275
70
97
222
100
95
191
172
25
42
181
131
184
104
142
131
134
28
168
48
147
38
8
185
10
41
9
34
132
182
31
32
36
43
16
36
39
37
34
141
12
46
136
35
35
66
145
31
175
165
124
29
11
28
25
0
