215
92
221
220
117
212
85
127
128
131
222
213
112
125
219
105
204
118
209
123
205
124
184
104
193
186
195
115
105
190
195
193
187
115
184
108
118
178
188
184
192
188
180
115
126
112
121
120
104
104
30
110
121
31
110
82
22
59
78
123
137
49
96
137
86
141
30
136
29
34
99
146
46
46
161
31
111
95
158
49
156
50
94
94
70
49
107
146
140
135
43
136
107
30
28
30
28
0
129
57
140
142
52
140
42
38
41
44
143
141
104
51
46
53
141
50
154
54
152
50
142
90
50
147
56
55
58
154
159
163
158
53
57
55
119
52
115
150
56
58
54
52
46
44
89
103
39
119
55
180
117
63
69
32
80
79
82
174
98
81
1
101
1
107
3
76
2
100
5
100
86
110
78
114
2
7
114
111
90
106
5
90
1
83
112
99
92
104
121
93
2
75
0
72
76
1
67
30
72
74
19
66
19
14
30
12
64
74
65
14
60
15
73
20
76
28
75
28
78
48
57
63
80
29
27
79
76
80
74
27
62
21
71
51
85
86
78
86
79
23
42
0
41
42
25
67
80
33
88
15
60
9
15
30
18
84
66
71
9
46
9
73
29
69
38
74
16
82
48
75
70
82
18
9
87
79
86
88
29
76
35
73
48
66
72
76
75
79
17
39
28
65
68
0
4
40
7
5
8
28
5
25
27
2
6
48
30
5
54
6
4
37
61
6
4
4
6
7
53
42
47
32
5
6
59
50
8
6
50
15
42
46
5
4
53
49
50
7
7
2
3
7
0
69
30
41
62
14
72
18
16
19
16
45
46
54
13
44
15
61
14
66
14
66
13
67
45
44
43
62
20
20
67
61
72
65
17
43
9
56
44
57
59
56
38
55
20
45
17
38
39
0
95
52
95
100
32
97
29
83
30
30
108
103
93
76
60
26
87
31
95
35
94
94
96
129
52
111
133
91
95
132
131
92
94
85
125
36
86
126
135
75
93
96
133
26
116
0
107
48
0
68
59
38
61
25
81
17
30
27
31
77
61
66
18
56
35
63
33
49
33
72
34
55
86
55
54
76
40
35
80
84
55
57
40
79
24
74
62
91
94
60
99
58
52
42
0
41
62
28
84
42
92
126
24
76
20
19
32
18
96
113
77
29
106
20
111
18
106
33
115
31
112
82
83
107
102
32
17
113
105
116
113
33
87
11
100
95
96
112
114
117
116
15
67
0
67
64
0
86
73
56
92
32
48
27
24
23
33
94
76
67
23
90
35
79
25
79
26
88
37
89
87
83
87
89
22
21
73
79
53
71
21
87
18
72
71
75
50
75
78
69
26
52
4
45
43
6
50
21
18
49
28
26
21
23
16
25
35
37
28
27
34
27
32
17
44
23
43
26
38
33
53
30
34
17
23
53
60
51
55
43
34
8
66
56
30
64
57
29
63
19
12
14
19
14
12
57
23
57
35
27
67
30
15
29
29
57
70
41
25
63
21
65
28
62
22
65
34
66
50
44
79
71
23
34
73
65
68
79
20
64
18
61
66
52
54
69
75
46
28
24
0
25
28
0
94
35
83
97
28
89
19
34
28
32
88
61
86
78
70
30
90
92
108
96
84
101
87
72
94
117
98
93
94
119
93
96
115
45
119
31
110
77
94
101
116
119
118
48
42
89
46
44
85
98
13
23
78
75
85
56
71
72
72
13
91
33
86
17
7
92
5
19
7
21
57
95
23
16
17
19
4
19
18
16
17
86
8
20
85
19
18
35
93
18
110
104
81
14
5
16
19
0
