207
98
212
211
112
222
81
126
129
129
214
219
133
126
223
98
222
120
220
123
218
121
241
129
245
244
236
117
92
246
237
247
241
115
230
95
144
236
237
234
230
234
238
124
118
97
104
109
102
142
23
139
135
29
137
112
24
97
115
133
115
45
93
125
78
119
23
120
20
28
92
113
32
32
116
22
92
73
112
25
124
27
99
71
83
39
105
128
126
126
27
125
106
18
20
19
23
0
137
65
142
137
61
138
53
49
52
52
140
147
102
53
46
52
157
58
159
68
159
56
122
87
59
134
56
68
42
136
140
134
142
41
65
59
115
55
80
124
58
63
53
21
43
47
91
95
48
105
50
173
122
38
87
41
65
67
71
170
101
86
2
112
1
111
1
90
1
107
2
93
99
108
86
116
3
7
121
111
104
111
4
108
1
96
140
111
92
110
129
117
1
85
0
90
82
1
59
19
64
58
13
61
17
16
28
3
60
56
61
5
47
6
58
8
69
24
61
26
69
41
61
71
63
25
9
59
61
60
66
9
64
24
50
50
58
59
55
54
66
27
45
0
41
41
25
64
42
34
59
4
62
4
4
17
4
61
60
73
5
51
3
50
28
57
30
62
5
63
48
68
69
59
5
6
63
66
59
60
37
50
32
70
42
65
45
54
66
48
2
40
29
67
61
0
3
28
3
2
5
22
1
27
28
1
2
38
20
3
37
1
1
25
37
1
3
2
2
3
32
35
37
23
2
1
39
38
5
2
36
12
26
34
1
2
37
35
36
1
3
1
2
4
0
42
19
25
42
7
48
12
3
14
14
25
28
48
9
24
15
41
17
51
14
40
16
42
27
22
38
46
8
21
49
47
48
48
20
31
14
48
44
50
53
56
26
43
21
28
7
23
22
0
75
38
68
80
10
82
7
87
13
16
94
99
87
66
64
16
74
16
80
16
84
99
82
108
65
112
115
85
95
117
121
82
85
80
124
24
89
119
123
78
90
92
121
18
111
0
109
62
0
82
62
42
74
21
88
22
15
33
23
85
72
80
19
75
25
87
25
65
31
89
30
68
94
66
55
86
28
30
89
91
76
71
27
86
29
63
69
101
90
74
89
78
24
66
0
61
71
38
71
41
79
86
15
72
9
11
20
9
82
97
68
25
101
12
100
20
103
22
102
19
91
83
80
106
104
27
10
96
98
100
106
24
84
12
90
79
88
109
111
113
109
13
71
0
74
73
0
72
68
40
80
27
51
21
27
23
25
72
68
40
24
72
25
77
22
75
21
76
25
90
74
91
89
87
26
26
81
94
55
85
21
72
21
77
77
78
39
66
80
77
28
52
7
52
49
6
67
25
18
64
41
24
26
31
46
49
31
62
27
44
33
25
27
35
59
25
59
27
26
23
52
32
30
15
28
43
49
56
50
41
26
15
55
46
23
58
51
23
51
17
10
10
14
7
9
41
14
39
27
26
60
27
23
28
26
54
51
25
17
50
12
60
25
40
16
43
27
50
45
29
62
52
14
28
53
52
51
58
31
33
9
34
56
42
41
57
57
38
36
24
0
24
28
0
72
28
65
73
29
92
17
28
31
29
72
63
79
61
36
30
73
87
91
92
71
96
74
33
79
97
78
80
87
89
82
87
102
48
99
28
89
64
93
95
85
97
96
45
25
87
38
30
79
84
13
20
81
67
86
64
67
73
66
10
73
16
72
18
3
85
2
18
5
18
56
75
14
14
21
11
5
15
17
12
15
67
4
12
64
15
13
31
66
11
77
78
52
14
4
14
9
0
