189
90
189
194
118
187
86
131
132
135
200
184
107
127
191
107
177
130
191
128
179
130
172
104
182
167
162
122
90
162
170
166
174
110
160
102
93
171
160
156
165
161
167
108
85
100
85
96
106
102
18
102
101
26
110
67
17
45
68
100
89
35
65
100
51
101
24
99
15
31
72
109
40
37
119
31
72
47
112
36
108
40
88
86
50
50
62
121
115
131
27
126
84
21
17
20
19
0
126
50
139
131
66
144
46
44
36
37
136
136
77
52
39
45
135
53
134
53
139
33
128
96
50
134
45
52
33
133
138
141
129
29
45
63
110
57
87
125
60
57
59
24
33
33
97
102
32
111
42
143
109
40
66
40
62
70
59
148
71
58
2
73
2
86
2
59
3
72
6
89
75
87
62
99
3
7
99
93
82
90
8
79
1
66
105
88
70
72
98
83
1
60
0
50
55
1
52
18
49
51
29
53
17
11
19
19
53
45
32
12
33
16
49
24
47
19
51
21
40
27
34
35
49
19
30
51
43
49
49
32
35
13
38
31
53
50
53
50
56
19
15
0
16
14
18
53
59
30
55
8
51
6
8
21
9
57
59
49
4
43
5
60
26
63
21
66
8
72
35
67
50
73
14
8
78
58
79
77
31
62
24
61
43
57
64
69
55
64
4
36
27
49
45
0
3
49
4
3
14
35
1
31
35
1
4
53
23
0
62
0
0
28
62
1
4
1
7
4
59
46
49
21
1
5
62
67
6
3
48
2
45
52
4
4
52
50
54
0
4
2
1
2
0
55
28
44
54
11
51
18
20
24
22
36
41
51
12
36
15
48
20
58
20
55
18
48
48
43
45
61
11
25
59
59
60
63
28
41
16
55
45
56
63
61
39
57
22
34
19
33
34
0
67
24
55
73
30
66
35
66
29
35
83
66
66
70
29
33
66
24
69
34
61
76
59
98
46
99
100
77
98
108
101
62
62
78
106
21
49
88
107
60
72
64
101
21
100
0
101
34
0
54
36
23
47
36
62
13
35
22
34
62
34
72
21
54
35
65
45
28
45
62
39
30
68
40
37
72
40
38
64
64
39
33
34
48
21
57
30
57
52
24
51
37
30
23
0
23
30
15
66
22
70
66
19
51
6
15
21
16
70
79
48
20
73
20
77
14
73
25
73
25
66
58
66
70
71
11
16
67
66
71
74
12
72
11
78
65
66
74
76
78
82
15
50
0
51
50
0
81
45
41
60
12
42
5
21
17
10
67
64
56
18
57
11
73
23
52
5
72
7
84
80
84
80
82
25
15
55
86
56
55
25
66
14
63
77
60
49
59
61
66
10
44
2
41
41
3
27
21
16
27
8
11
21
23
8
9
24
28
19
9
22
18
25
7
22
25
20
22
26
21
21
25
26
6
17
18
22
17
18
12
20
5
20
22
14
18
22
20
28
15
10
9
17
12
4
49
10
47
36
9
41
10
7
12
10
47
44
35
12
51
10
43
11
48
8
44
13
46
41
43
40
45
21
16
45
43
42
46
14
49
11
42
50
47
49
58
52
46
18
29
0
38
29
0
67
31
78
75
12
96
6
13
15
19
75
60
86
83
66
14
82
72
98
78
72
89
73
59
77
99
83
80
79
102
73
72
105
21
95
15
66
60
79
79
88
96
98
22
39
71
39
47
71
54
9
25
52
42
59
36
41
42
45
19
57
25
40
14
4
56
1
21
5
21
40
57
22
15
22
21
7
12
21
23
20
51
4
24
44
23
25
31
51
21
66
63
37
11
4
18
17
0
