285
128
297
298
200
307
142
200
210
203
299
295
186
209
315
181
312
194
325
207
323
191
308
198
317
320
315
197
176
308
320
325
311
194
314
160
181
313
316
315
315
318
316
191
181
180
169
175
177
187
34
184
179
31
179
157
23
112
151
179
165
60
143
168
118
167
36
175
32
43
145
155
44
65
159
35
119
104
161
51
166
48
130
82
120
55
155
183
176
177
39
186
149
29
23
37
35
0
216
92
227
239
98
236
90
91
99
96
239
209
156
84
64
64
203
83
218
75
221
65
205
125
78
198
93
90
50
201
202
206
214
62
77
88
170
87
157
207
75
93
91
44
71
67
166
170
64
185
83
263
188
82
117
56
116
123
116
292
138
116
6
142
7
181
6
127
8
150
8
152
152
166
131
179
7
12
186
172
139
149
11
138
5
128
175
142
137
152
182
139
3
113
0
101
104
3
92
35
94
104
19
104
29
20
29
12
103
95
96
22
82
16
114
23
114
27
103
33
110
87
90
82
117
31
28
119
120
114
123
35
96
29
114
106
118
119
112
125
124
29
61
0
62
57
30
121
99
75
127
9
107
9
6
36
7
128
129
120
7
103
9
120
39
130
37
123
11
115
99
115
117
124
15
13
120
126
126
131
41
136
40
115
103
116
144
137
121
137
20
75
45
107
98
0
7
107
7
6
10
78
5
89
89
4
7
105
73
3
104
4
6
69
111
5
5
7
7
6
81
85
102
32
2
4
108
98
8
5
108
14
81
107
6
5
116
102
105
3
3
4
4
6
0
94
37
69
101
32
97
40
27
41
41
61
59
83
37
55
33
75
47
95
50
97
44
89
67
58
77
91
33
40
91
96
85
93
33
67
22
94
80
93
84
99
60
92
38
53
35
52
46
0
118
55
103
120
32
121
27
131
32
35
156
139
127
106
83
41
132
29
128
35
125
144
116
177
96
174
193
112
141
192
182
117
112
128
168
27
110
169
177
101
122
115
186
20
164
0
172
80
0
118
86
63
112
33
115
30
30
39
39
116
91
113
26
112
32
116
37
97
36
121
38
85
122
82
97
120
35
32
117
121
97
100
37
111
35
100
103
133
133
105
138
106
34
78
0
89
98
40
127
62
142
145
17
115
23
31
36
36
148
148
107
32
155
34
151
22
145
37
145
31
163
104
151
163
161
44
29
169
146
162
159
47
133
40
153
128
121
162
157
157
162
39
106
0
105
102
0
128
107
67
139
34
102
29
38
37
37
131
116
80
38
114
26
118
39
114
19
130
24
138
123
140
143
129
41
31
123
125
77
118
40
125
29
112
107
106
73
106
109
92
29
69
7
65
75
5
78
39
21
84
68
21
30
35
54
64
47
79
37
53
39
32
39
48
68
34
68
28
40
33
71
33
41
27
23
49
67
58
63
51
37
19
66
59
36
67
75
33
72
17
15
22
20
15
14
78
34
51
39
35
79
22
30
41
38
55
72
50
27
85
24
90
45
55
35
81
46
83
51
54
85
88
20
51
84
97
90
89
47
46
11
36
85
51
42
82
74
49
52
28
0
27
27
0
123
39
122
126
51
146
38
54
51
51
127
122
140
114
67
53
143
140
183
154
136
167
127
76
146
189
135
153
169
171
149
139
189
69
173
39
143
115
153
159
162
191
183
64
51
138
57
53
142
147
21
44
156
104
146
83
108
104
106
33
146
41
100
47
11
141
4
43
9
55
87
132
48
42
44
52
12
20
41
46
39
130
10
42
88
34
46
50
121
45
121
125
79
32
11
40
38
0
