379
171
369
383
261
388
171
266
284
267
377
372
193
264
373
196
372
246
368
252
372
249
341
197
352
356
337
238
195
348
342
350
346
247
346
193
205
354
349
356
355
358
356
248
196
226
192
195
229
217
53
222
221
50
231
168
36
148
174
236
224
95
177
235
143
235
55
237
40
65
175
213
83
91
210
51
168
133
220
87
221
86
157
148
109
80
169
217
222
215
63
211
162
52
44
49
50
0
246
109
255
271
121
287
65
65
60
67
277
280
216
120
104
108
298
109
320
110
324
81
286
190
128
299
125
136
110
291
301
297
300
89
110
124
254
122
164
272
131
124
136
54
95
85
205
201
94
235
110
323
240
96
133
91
140
154
143
356
203
169
5
209
5
209
8
166
5
211
12
183
192
196
171
215
6
7
215
212
201
201
18
202
2
189
234
203
167
197
239
205
3
145
0
136
146
1
136
65
145
154
33
151
48
28
56
28
157
143
128
23
97
19
149
30
138
38
143
48
129
93
125
134
139
48
28
135
130
136
130
32
120
48
142
122
154
153
148
152
150
52
79
0
83
78
46
116
102
48
98
13
105
16
14
57
17
108
103
118
13
81
14
101
67
112
66
111
12
98
73
127
127
109
22
13
112
134
115
116
67
104
59
127
79
134
115
112
131
113
21
45
74
103
103
0
11
65
8
8
14
60
8
76
66
10
10
90
49
10
93
6
9
61
97
10
8
11
7
8
99
77
102
49
8
5
98
106
8
8
119
25
87
127
13
7
119
116
114
9
10
11
3
10
0
100
49
72
109
42
106
50
33
45
49
64
75
94
33
62
31
82
41
93
40
98
44
93
75
65
63
96
51
52
108
103
104
102
51
79
35
113
95
113
117
121
66
117
59
70
57
63
60
0
164
106
155
181
51
161
47
176
61
64
215
211
160
167
110
58
179
52
162
61
164
192
139
247
130
232
251
182
200
236
245
161
169
182
227
48
143
227
255
139
161
155
242
34
236
0
238
99
0
178
113
105
147
65
173
51
45
65
75
171
113
173
53
142
73
176
66
116
76
189
76
120
177
128
120
187
78
74
181
179
132
139
63
159
63
143
133
187
167
122
180
138
54
105
0
97
126
66
147
73
146
158
18
90
10
44
26
43
155
158
111
30
157
49
161
14
169
31
159
34
171
114
148
153
155
28
44
157
149
155
150
38
159
38
164
136
122
162
163
177
164
48
98
0
94
104
0
143
134
81
147
47
124
30
48
42
41
151
153
106
51
143
50
172
51
154
31
172
48
174
156
164
166
180
51
40
151
174
117
136
42
150
27
130
149
161
103
154
148
144
51
105
9
102
103
10
101
50
34
106
72
40
52
56
54
73
56
94
44
59
57
49
54
52
92
55
96
45
57
60
100
54
56
36
38
75
94
98
98
84
56
21
96
70
39
98
94
47
94
34
18
26
35
23
32
116
65
86
75
37
127
45
34
52
46
110
111
65
32
115
34
116
41
90
33
111
52
113
79
60
129
122
39
66
122
123
128
136
51
97
20
64
128
80
95
123
114
96
51
66
0
57
62
0
139
65
159
160
44
189
15
43
36
38
162
166
154
149
108
42
156
187
222
198
168
190
156
95
159
230
166
179
189
212
157
159
234
47
229
29
171
102
167
177
195
223
222
40
84
160
83
91
167
152
28
60
164
107
161
85
121
116
111
38
155
41
122
68
16
157
8
50
16
65
98
155
42
54
52
62
22
25
56
55
67
123
16
49
110
61
53
88
129
61
161
170
93
47
14
43
45
0
