202
112
224
221
143
225
78
152
158
155
207
228
126
156
238
124
232
151
224
156
221
143
201
124
202
203
190
142
125
201
202
184
203
136
181
126
112
180
178
188
184
179
181
145
133
134
114
125
141
92
22
93
101
25
98
65
24
36
65
102
108
42
64
108
57
111
26
109
25
28
75
124
36
53
120
24
86
82
127
33
129
34
112
82
94
42
123
147
162
158
28
157
121
23
18
27
26
0
148
50
148
145
64
137
50
52
42
54
138
149
91
59
50
51
135
64
138
43
144
41
147
92
63
137
61
61
51
143
153
154
149
44
57
65
136
66
98
153
59
66
67
39
48
49
121
113
56
120
40
184
122
51
86
62
99
98
105
194
89
67
2
87
0
100
2
75
2
84
4
81
82
94
64
106
1
3
100
99
87
89
1
84
2
77
95
81
81
68
103
85
1
65
0
64
66
2
49
34
53
62
12
59
21
18
25
9
55
61
53
8
52
7
63
11
53
26
59
22
63
32
55
53
68
28
19
64
65
59
67
28
53
22
66
40
80
80
84
86
86
23
34
0
27
31
21
64
75
29
87
12
58
10
11
30
13
82
77
67
3
49
4
64
30
70
34
70
6
83
43
74
61
86
13
7
80
76
80
76
35
64
29
59
46
63
57
61
70
61
7
41
35
60
65
0
1
19
2
3
5
12
1
8
14
2
3
33
6
1
24
1
2
16
31
2
2
2
1
1
40
29
34
19
2
1
38
42
1
1
40
7
27
39
1
1
36
44
40
0
2
1
2
1
0
72
30
43
75
24
78
22
25
24
27
47
51
84
22
45
30
51
35
79
36
83
35
75
41
35
41
71
26
31
82
79
79
80
27
43
12
72
58
72
83
76
41
82
30
39
26
32
31
0
86
32
76
79
25
82
20
100
25
28
124
93
76
62
42
20
80
19
80
18
86
103
84
133
63
126
144
93
119
143
144
78
84
100
130
26
70
132
143
66
81
84
144
18
137
0
134
58
0
86
60
51
72
37
89
20
26
30
33
95
57
73
21
70
29
79
35
58
32
82
27
64
77
47
56
86
36
33
83
86
62
66
32
85
28
74
60
90
87
65
98
72
39
57
0
57
78
34
58
36
77
88
16
50
12
25
22
22
78
90
60
23
83
23
92
14
95
24
94
23
99
64
74
98
104
36
19
102
102
92
107
45
80
19
85
80
82
104
102
104
104
22
63
0
60
61
0
108
82
81
118
32
72
29
22
20
32
118
93
80
19
102
23
107
14
104
30
103
22
111
109
112
109
111
18
17
114
115
80
104
23
106
16
99
104
97
81
108
106
99
24
79
6
71
79
8
61
30
15
63
41
23
26
25
34
39
33
40
25
26
33
23
30
20
50
28
41
25
32
32
54
33
32
15
21
46
61
64
56
27
25
8
34
33
16
43
45
26
55
15
11
17
20
13
5
57
18
40
30
14
58
16
6
19
24
54
62
33
14
66
19
56
23
56
18
57
21
63
47
38
67
62
17
26
57
67
65
65
30
47
16
45
63
48
51
62
60
56
31
29
0
28
28
0
79
29
77
73
23
117
13
20
25
26
77
70
74
106
54
24
74
112
128
115
77
122
84
70
85
127
92
114
117
129
84
76
134
34
131
17
87
69
89
92
122
130
134
29
35
107
40
35
109
71
14
32
73
49
74
41
50
54
54
23
86
35
54
34
8
90
1
34
7
31
45
95
33
24
30
35
8
28
31
33
33
85
5
32
68
26
33
57
83
34
105
94
66
26
5
26
26
0
