351
188
391
377
276
379
190
284
289
287
384
404
231
283
392
231
394
275
409
280
391
280
361
234
403
391
388
253
215
381
378
399
379
268
385
229
239
375
395
389
393
386
386
270
221
224
214
219
227
255
67
266
277
71
263
197
57
136
178
273
259
146
171
271
129
280
69
280
60
113
171
270
107
163
302
87
189
172
289
113
304
119
193
243
137
131
208
283
285
292
101
281
204
76
48
78
79
0
288
127
290
304
157
313
101
97
96
89
308
324
237
132
122
137
323
146
318
113
314
81
278
210
132
294
135
142
98
295
298
332
309
77
134
149
276
140
191
281
136
136
148
59
97
99
230
232
112
217
119
333
230
94
120
83
140
158
155
319
205
177
8
205
9
217
17
167
12
203
16
223
211
238
168
238
11
18
228
240
205
226
17
203
8
202
226
208
208
202
237
208
4
131
0
117
131
5
172
112
193
183
93
175
56
37
71
81
186
172
134
75
137
80
198
101
184
66
173
70
180
156
113
122
195
67
90
181
170
182
190
95
131
65
162
142
171
189
190
176
182
60
57
0
55
63
57
148
143
76
173
30
133
24
30
76
36
172
163
148
28
123
36
148
73
166
81
164
29
171
117
155
154
181
42
36
181
171
177
180
84
175
82
165
125
149
167
166
154
171
34
66
70
136
137
0
28
157
34
29
50
119
25
109
127
24
30
169
94
23
159
28
21
73
157
26
35
27
36
35
138
141
148
55
26
19
168
155
36
31
148
37
122
158
33
35
158
164
164
33
21
32
13
30
0
159
66
89
168
54
186
74
69
81
76
101
109
172
63
105
85
151
90
177
93
184
97
177
108
93
134
187
82
100
180
188
188
177
103
109
78
192
178
183
191
193
98
202
108
100
74
94
84
0
162
87
160
174
59
172
53
177
53
56
180
194
164
171
134
55
176
52
185
62
178
199
179
243
136
234
256
184
214
253
254
185
186
204
246
54
158
224
242
145
184
182
234
39
214
0
211
112
0
151
100
70
139
58
159
57
55
79
62
163
109
145
53
121
49
151
70
111
74
154
73
107
159
122
114
134
72
67
147
161
110
112
65
127
90
132
115
145
146
120
150
129
61
65
0
72
115
69
107
51
108
103
24
58
19
65
39
61
117
96
58
35
117
68
105
29
106
40
105
34
106
75
104
115
108
41
65
112
112
121
115
40
114
72
108
119
87
116
118
124
127
65
48
0
48
51
0
160
118
69
141
35
120
29
71
61
39
128
132
81
67
131
41
159
64
134
23
174
36
167
138
183
173
191
56
56
136
175
98
136
59
154
43
154
151
139
90
149
139
145
37
94
18
100
90
22
82
65
27
90
39
42
57
53
32
44
72
79
43
38
66
48
70
27
76
67
77
60
79
60
65
83
67
18
55
48
69
72
73
47
63
7
78
56
52
84
75
58
85
41
24
31
46
35
32
83
37
105
72
27
93
60
27
40
39
110
99
54
58
95
44
103
32
102
12
96
29
95
114
80
100
101
45
37
93
102
115
103
41
104
19
97
113
83
103
122
111
113
50
53
0
56
52
0
155
69
160
160
45
225
16
47
45
52
163
166
166
152
115
52
189
164
209
187
169
195
157
102
163
232
171
164
189
213
171
168
214
43
229
14
162
93
162
170
194
237
222
38
97
181
92
94
166
127
39
80
138
51
130
34
60
56
62
79
156
69
72
82
19
153
9
76
16
98
35
156
77
87
96
88
24
34
98
89
97
99
22
86
68
78
81
113
99
89
154
140
45
70
16
74
73
0
