329
158
332
328
230
341
143
257
250
252
337
341
219
246
338
219
338
248
333
254
333
236
326
221
348
342
328
225
201
337
347
330
317
234
333
208
235
333
336
351
350
351
341
233
205
225
201
203
211
202
53
208
198
59
195
156
49
108
152
196
194
103
147
207
119
223
55
213
50
66
143
208
67
102
221
59
158
139
239
67
228
66
146
147
108
71
160
235
227
225
57
214
158
57
49
56
54
0
243
79
271
237
116
245
88
93
87
87
261
245
181
100
91
94
250
106
253
86
265
78
255
200
105
272
107
107
111
269
284
284
276
85
95
115
226
105
189
261
111
113
103
77
84
86
194
190
94
205
119
310
220
87
115
53
114
115
126
307
188
149
2
173
1
226
12
157
6
191
20
205
162
211
134
219
3
18
213
232
165
210
25
179
3
160
231
182
151
205
238
174
2
123
0
119
127
2
151
74
152
154
18
156
51
34
66
13
153
148
159
10
121
14
166
16
171
54
156
57
157
118
151
149
156
57
22
158
159
154
165
32
162
51
156
128
170
173
171
170
173
62
91
0
96
92
51
125
122
60
141
24
118
12
32
56
24
139
145
131
21
98
20
132
57
143
61
144
25
128
90
120
131
144
24
15
140
136
138
142
58
136
58
138
91
136
139
140
135
140
24
61
64
104
113
0
1
81
3
4
15
69
4
61
68
4
3
108
37
5
109
4
4
58
120
2
3
5
5
3
89
79
80
22
3
1
91
93
5
4
107
14
65
97
2
3
103
113
111
2
3
3
1
3
0
130
62
93
139
46
130
34
20
46
39
91
102
120
32
92
31
94
47
122
46
134
44
127
96
91
79
137
69
57
138
136
144
142
52
99
21
147
104
151
138
146
85
145
59
94
51
81
79
0
189
92
168
199
78
186
58
158
67
71
189
188
185
131
113
88
201
66
203
86
205
162
189
204
114
212
240
162
180
244
257
209
205
167
227
67
174
216
238
144
211
212
239
61
224
0
216
113
0
169
117
89
155
67
167
49
60
65
73
178
115
158
55
144
74
176
82
119
93
185
91
135
188
123
101
187
80
82
181
178
112
120
74
163
66
135
121
175
164
117
184
138
70
85
0
79
122
53
148
74
171
149
30
96
23
57
42
60
167
165
117
34
149
62
152
29
151
44
157
44
154
128
164
152
147
22
54
153
162
141
144
35
165
54
151
161
122
176
160
153
170
58
100
0
106
116
0
131
110
67
125
43
91
28
51
47
41
127
127
91
58
138
43
143
53
133
35
139
44
151
141
156
154
155
52
46
129
143
106
132
45
134
36
110
130
147
105
133
141
118
42
80
14
76
73
14
105
55
36
110
70
47
49
51
52
67
65
100
49
55
63
37
56
57
94
56
92
42
58
59
99
53
59
34
42
74
101
83
78
87
58
21
116
82
48
112
108
58
110
39
31
24
43
34
28
136
58
108
91
57
140
54
48
60
67
116
132
66
38
139
42
134
50
108
28
133
57
130
109
59
134
131
42
65
128
131
128
130
64
109
19
81
132
73
114
138
131
118
69
80
0
62
72
0
173
65
169
172
53
205
21
50
53
48
176
194
173
147
94
51
181
156
224
180
182
186
173
93
191
245
175
155
178
238
173
168
258
58
223
32
181
115
182
189
206
234
246
57
91
174
91
95
170
134
32
73
157
99
143
66
90
97
98
34
174
48
109
76
21
177
16
56
21
67
92
160
74
51
69
65
21
46
65
67
69
111
13
64
106
53
67
91
113
63
156
149
84
45
13
45
39
0
