273
135
284
274
163
283
87
158
170
174
281
278
125
162
261
123
267
171
266
168
263
160
252
124
260
246
252
154
126
229
236
240
255
133
233
114
132
239
254
233
249
248
235
148
122
122
125
130
127
155
33
156
147
49
154
125
21
103
133
152
141
55
136
153
113
161
50
164
30
55
141
135
47
57
144
40
117
103
142
54
152
50
114
71
100
46
109
141
148
135
33
145
112
30
24
27
30
0
146
60
157
155
69
175
35
39
36
38
164
161
117
59
53
55
171
56
188
68
180
44
178
108
65
176
67
65
59
196
168
173
175
42
57
54
162
56
118
164
54
62
64
30
42
42
113
113
43
141
71
200
152
40
104
40
75
78
71
204
135
113
6
148
5
149
1
106
1
132
0
118
123
126
113
136
5
2
145
141
135
116
2
142
4
135
137
148
112
106
134
128
5
105
0
102
108
4
58
39
65
64
12
67
21
14
27
10
60
71
71
7
50
8
66
8
70
27
63
25
67
57
59
72
76
28
14
73
74
73
74
16
78
28
73
64
67
70
74
76
79
27
46
0
44
48
24
48
45
25
60
3
48
2
4
29
4
56
51
57
4
41
4
49
26
58
33
53
4
52
40
60
56
54
2
2
58
53
55
57
32
66
28
60
42
55
62
61
64
66
6
27
31
56
54
0
7
49
8
6
14
34
6
37
40
5
10
53
37
8
64
7
7
42
65
7
9
7
8
11
61
48
60
29
8
4
72
72
7
6
85
22
65
73
10
7
74
76
76
8
8
7
1
6
0
77
30
51
79
27
79
27
21
28
29
52
44
79
21
47
20
63
34
85
32
86
34
81
52
49
47
82
35
42
83
86
87
94
32
59
13
71
69
75
78
74
44
75
31
47
32
45
43
0
108
61
115
111
35
115
34
98
39
39
102
88
113
74
70
49
110
35
113
45
103
104
127
122
73
115
132
98
121
134
131
122
125
107
132
53
96
120
133
92
126
125
131
39
128
0
125
72
0
77
65
52
85
28
90
19
19
36
27
88
73
86
18
71
21
85
23
69
24
83
25
76
94
76
70
87
24
23
92
89
85
73
33
87
31
82
79
102
106
77
103
93
27
64
0
57
74
38
73
42
83
87
13
52
16
27
19
27
81
79
53
18
91
23
90
19
88
19
92
26
89
57
77
87
81
28
25
91
82
91
90
22
90
37
78
71
76
97
90
90
87
30
54
0
53
49
0
81
42
41
68
17
55
17
39
36
16
68
62
54
35
59
14
80
31
65
9
88
16
95
80
90
88
89
32
32
62
81
52
66
27
82
25
73
72
64
52
69
70
81
19
50
9
46
48
3
54
24
13
45
36
15
32
31
32
39
33
40
21
36
37
29
35
32
50
30
40
32
33
25
46
28
27
14
23
43
51
47
50
39
25
8
52
43
15
50
53
17
46
15
9
16
14
9
18
43
23
43
29
28
49
22
25
28
23
41
48
30
22
53
20
51
33
37
20
48
30
61
43
36
56
59
17
31
50
54
54
49
40
37
13
39
63
47
51
62
66
48
45
25
0
26
28
0
84
35
99
97
34
127
12
31
33
31
91
86
101
80
54
30
95
101
129
104
91
107
83
45
84
142
87
104
112
125
82
88
145
32
123
12
86
50
91
105
124
133
127
28
41
96
42
41
89
82
18
38
85
57
92
39
49
50
50
34
93
35
66
39
8
100
4
27
5
36
47
87
32
34
42
38
11
23
35
42
40
75
8
40
69
33
43
52
82
42
100
98
66
25
6
29
33
0
