522
258
554
549
363
548
269
386
387
404
544
556
334
395
552
319
574
394
549
370
547
387
560
353
545
524
561
386
318
532
535
539
555
369
535
307
341
558
561
541
545
546
566
377
322
338
328
341
337
303
73
314
333
57
328
223
36
151
239
323
292
113
200
324
167
310
64
308
57
105
216
298
95
144
321
95
218
180
310
104
310
107
226
235
168
120
224
344
313
322
82
337
244
80
49
81
82
0
373
166
376
391
175
389
114
113
110
113
389
404
312
160
144
146
431
163
444
137
444
116
404
292
163
426
176
163
121
449
435
435
451
95
170
189
368
180
236
399
173
185
184
72
137
127
311
320
127
295
137
511
330
127
235
148
234
248
246
511
245
213
7
264
5
308
15
244
22
257
25
285
274
297
199
344
6
29
338
325
255
305
32
269
6
259
331
262
283
265
331
257
5
190
0
175
190
5
216
104
232
223
89
215
65
48
79
70
210
226
151
66
177
76
236
97
242
78
222
88
204
144
155
166
213
81
90
216
193
214
203
81
156
68
180
164
199
196
208
196
203
77
80
0
92
94
75
159
155
85
189
36
168
28
38
79
37
191
189
170
29
138
27
191
90
195
98
195
26
193
131
185
170
190
37
21
197
200
198
194
108
217
87
191
127
188
207
208
180
196
49
82
89
155
162
0
13
167
15
14
37
132
13
126
130
8
15
211
89
13
211
9
10
108
218
12
14
12
12
11
166
164
170
64
11
11
185
211
12
12
197
38
135
193
12
13
190
195
195
13
11
14
3
10
0
210
106
163
227
48
216
54
42
52
54
158
163
197
54
149
63
175
75
218
66
227
71
216
171
144
157
215
72
81
221
220
222
219
69
165
48
232
197
216
242
232
146
227
77
152
64
138
131
0
223
115
215
234
80
224
73
255
77
79
336
251
225
198
177
80
235
72
235
74
234
268
240
359
175
365
384
259
280
390
393
243
243
273
358
99
230
334
360
227
275
279
378
72
349
0
337
151
0
251
154
152
238
97
267
55
94
75
97
259
171
236
68
218
101
255
124
166
130
283
130
184
245
181
162
265
115
114
264
267
195
190
123
235
90
227
202
261
265
173
287
196
98
128
0
114
170
81
188
114
225
288
57
186
51
67
88
58
228
284
182
90
275
63
284
72
261
103
276
101
288
220
227
293
288
96
57
298
309
297
288
96
227
62
272
238
243
284
298
293
305
69
156
0
154
162
0
252
201
156
256
86
179
50
69
50
81
255
242
203
48
250
58
234
46
240
51
233
60
260
249
269
259
262
50
45
263
255
196
241
49
229
46
225
224
242
186
221
238
214
64
188
18
158
168
14
136
90
49
139
91
60
70
72
67
87
101
138
78
93
91
82
98
76
136
80
143
78
91
94
121
93
93
49
64
102
127
130
116
79
79
26
119
98
72
121
116
73
126
36
40
42
65
47
34
161
51
131
95
37
187
56
34
49
46
155
168
95
63
161
57
152
63
150
36
175
54
171
145
114
167
186
61
70
184
179
172
163
68
141
29
142
189
163
149
180
192
162
69
109
0
104
106
0
231
107
254
230
82
302
32
90
86
85
230
200
258
228
168
91
248
267
323
282
233
275
245
179
250
313
235
256
288
353
242
243
333
98
327
53
252
180
252
254
287
354
362
81
113
256
111
113
259
230
39
78
235
142
222
122
159
151
152
54
232
80
159
80
21
237
13
69
27
87
123
256
67
64
74
79
27
73
72
74
66
198
18
77
185
54
71
119
202
76
248
249
155
52
13
55
61
0
