145
74
150
149
81
140
55
84
87
89
149
147
101
91
143
76
152
87
154
80
141
84
150
88
150
142
144
83
77
145
148
148
149
88
160
69
95
163
163
154
153
164
161
86
86
72
87
80
80
118
28
117
118
19
123
105
9
97
98
125
138
40
129
158
114
156
21
151
12
32
129
134
29
42
144
20
127
117
149
31
145
27
89
57
77
22
95
118
107
111
17
114
91
15
13
14
15
0
118
39
124
120
24
135
65
64
59
67
127
125
67
21
19
22
125
24
143
74
142
58
122
54
27
128
24
30
62
128
130
128
127
59
27
27
89
29
105
116
29
30
28
48
22
23
70
62
20
116
39
162
121
20
91
13
32
34
36
156
108
95
1
106
1
109
1
107
1
115
2
81
111
110
98
117
3
0
120
125
108
107
3
111
2
103
134
116
93
100
122
121
1
94
0
97
93
1
49
24
54
49
10
51
12
7
15
3
51
48
52
9
38
8
45
10
49
15
55
17
48
44
51
50
53
14
4
52
52
49
51
5
64
11
50
48
51
47
50
49
51
13
40
0
37
38
14
70
23
52
71
3
75
2
2
8
2
65
62
68
1
61
2
67
11
64
13
63
2
69
56
73
72
61
4
2
61
71
65
64
16
63
15
73
59
66
70
67
68
69
2
56
18
75
70
0
2
31
1
2
6
23
1
26
28
0
1
38
21
1
42
1
1
35
47
1
2
2
3
3
42
33
40
23
1
1
48
45
4
2
48
13
33
51
2
2
49
55
52
1
1
1
1
1
0
71
32
73
88
13
87
16
13
19
22
67
77
91
13
67
14
80
16
89
20
97
24
96
77
71
67
86
20
24
96
92
96
90
21
78
15
101
82
95
98
98
70
100
26
65
18
68
67
0
126
46
114
133
61
134
57
52
59
66
87
88
129
45
62
77
129
62
136
67
135
45
123
89
43
81
95
51
56
98
96
120
125
43
87
58
91
76
96
95
120
120
91
46
80
0
84
58
0
116
49
43
109
70
110
9
56
11
73
111
41
97
20
81
43
86
50
37
49
92
52
51
87
50
40
99
52
49
97
89
42
47
47
71
13
84
54
94
92
42
107
53
53
40
0
42
51
14
73
32
81
124
28
75
37
18
61
15
77
128
58
60
116
17
117
41
121
58
132
54
112
69
82
113
113
46
12
123
108
124
111
42
84
15
90
78
94
111
117
118
117
15
68
0
66
69
0
43
47
20
49
27
24
26
19
20
29
54
42
30
14
46
16
39
17
46
13
46
18
45
42
42
41
45
10
11
44
41
32
54
11
44
9
42
34
52
32
38
52
36
26
29
0
23
25
4
47
14
9
46
39
9
13
18
34
33
22
42
19
28
16
11
16
31
31
15
37
11
15
16
41
18
16
15
12
47
26
37
39
47
9
14
47
37
9
49
51
10
45
11
2
8
7
3
8
77
20
63
46
18
94
13
18
21
23
70
89
68
12
81
7
69
28
70
16
74
23
78
60
67
87
74
11
28
78
73
78
86
22
59
11
66
78
68
68
79
83
70
18
59
0
49
48
0
80
30
84
84
22
97
13
22
24
20
84
67
75
52
61
26
80
47
96
69
88
66
90
75
96
114
100
68
63
116
94
88
108
40
113
21
105
74
104
101
102
117
110
35
57
55
57
64
48
80
10
16
74
59
82
54
64
61
63
12
69
17
56
24
3
78
1
21
5
19
45
69
17
13
20
21
1
17
21
21
17
68
3
18
61
12
16
28
69
21
75
80
57
17
2
17
14
0
