331
123
328
339
195
353
130
196
194
205
335
286
165
178
283
150
290
186
279
170
280
178
265
151
266
277
263
163
139
268
281
268
262
167
275
143
163
290
287
276
295
281
291
172
145
161
154
147
149
190
25
189
181
44
201
153
26
124
159
189
173
58
145
176
112
171
39
177
28
48
150
157
43
48
165
33
131
122
167
45
172
53
117
75
103
46
119
156
158
147
33
163
125
29
28
27
29
0
195
88
210
214
92
224
66
66
60
67
223
191
138
67
59
59
204
64
208
65
225
62
221
127
82
215
85
83
76
225
216
223
216
85
79
90
194
80
175
233
87
85
86
77
52
48
158
173
47
179
100
242
194
46
125
48
83
84
88
244
160
142
0
163
0
191
5
131
3
168
6
164
157
176
159
214
0
13
208
215
177
207
6
166
0
151
190
170
139
159
200
168
0
127
0
117
123
0
43
24
50
47
11
48
24
19
27
5
48
49
54
9
50
13
60
15
55
24
57
31
53
42
53
44
57
33
22
66
65
63
66
33
56
23
51
55
67
64
73
72
76
27
29
0
26
28
17
90
97
37
113
9
78
8
10
29
12
110
86
85
7
58
5
74
24
93
32
89
8
81
68
76
84
81
5
4
84
98
80
84
26
71
26
90
64
89
82
76
89
81
7
49
29
75
77
0
1
23
1
0
3
16
1
14
16
0
1
49
10
0
47
0
1
31
49
1
1
0
1
1
32
24
28
16
1
1
33
37
1
1
42
7
28
40
1
1
43
38
42
0
1
1
0
0
0
132
64
107
133
28
141
28
15
27
27
94
106
117
21
101
14
97
26
132
28
141
24
125
109
108
84
122
31
28
126
122
127
129
26
118
21
128
109
140
141
148
110
155
36
110
32
93
94
0
128
74
132
140
46
137
39
132
45
40
144
143
145
103
90
53
154
50
154
51
156
134
156
168
94
163
184
126
140
174
183
159
166
136
164
76
121
161
182
118
173
169
182
63
174
0
164
95
0
134
66
73
128
64
138
31
62
26
74
138
66
137
30
113
77
143
77
64
71
153
82
69
141
83
78
142
68
74
141
138
85
71
77
101
34
121
66
155
147
71
139
72
71
61
0
55
81
34
89
31
100
151
39
106
51
32
87
36
94
146
79
74
148
34
143
54
144
76
142
83
140
91
93
140
131
65
32
139
150
132
142
60
90
34
105
80
104
145
135
141
138
29
54
0
61
62
0
99
78
52
100
36
73
27
40
40
34
101
94
66
42
97
26
100
42
84
21
111
24
112
106
111
116
118
41
40
85
119
72
90
33
104
25
96
90
84
66
87
92
97
24
66
12
65
59
13
49
30
10
45
31
16
32
27
20
29
29
48
17
25
31
26
37
23
45
29
54
29
32
32
47
35
31
12
22
39
40
45
38
34
27
12
41
38
18
46
40
26
56
17
9
12
19
16
15
86
14
85
72
8
89
23
6
9
11
92
88
62
18
87
21
85
16
79
8
88
13
81
77
62
84
82
16
15
80
83
80
84
18
78
5
77
100
82
87
105
94
80
19
63
0
62
56
0
99
53
110
118
28
151
10
28
29
27
111
98
114
114
80
29
116
114
161
138
133
146
127
70
119
179
120
129
141
169
126
126
169
41
169
17
123
100
130
137
160
174
172
32
77
125
71
73
125
85
22
35
93
60
98
52
62
64
60
28
91
36
53
37
9
95
5
38
9
37
51
92
31
34
40
31
11
20
31
36
34
88
5
36
63
31
42
46
89
38
99
105
57
28
5
28
32
0
