221
134
239
243
141
237
63
149
146
145
220
229
157
148
243
121
237
146
233
152
232
144
215
139
220
214
211
124
117
222
208
221
208
131
225
126
167
211
220
230
225
229
220
134
154
127
155
149
141
85
14
86
87
17
89
66
14
56
69
94
86
41
81
105
79
101
17
101
16
16
81
117
17
34
123
15
104
93
117
20
116
22
111
73
90
25
104
136
138
133
20
130
108
19
18
20
21
0
121
51
140
141
42
135
55
50
51
54
144
129
108
42
41
40
144
40
152
46
165
46
117
100
42
132
41
40
35
130
139
137
143
52
40
42
118
43
103
146
37
44
45
46
41
41
87
107
38
113
42
213
123
53
117
77
119
129
123
215
88
65
1
91
1
100
4
79
7
90
8
81
98
97
73
107
2
4
106
96
89
85
4
90
1
90
94
95
75
69
97
94
0
69
0
72
70
1
40
18
47
44
2
47
17
14
18
2
38
47
61
0
36
1
48
2
44
19
43
18
53
46
53
55
50
20
2
59
47
54
47
9
53
17
55
39
60
63
64
64
62
19
41
0
42
43
19
69
44
44
55
3
62
1
3
21
3
61
67
67
7
53
6
67
24
76
29
79
12
71
41
69
63
79
14
8
78
72
80
76
27
84
23
71
47
71
81
84
69
80
13
39
21
65
60
0
1
22
2
1
5
15
0
13
22
0
3
46
12
1
44
1
0
27
46
1
0
1
2
0
54
38
41
34
1
0
58
57
0
1
63
9
46
62
1
0
57
65
62
1
1
1
1
1
0
107
39
63
109
38
111
48
32
53
49
69
70
92
17
59
37
76
39
101
39
98
37
89
77
63
54
78
48
27
87
90
87
86
33
70
16
92
72
88
91
97
59
91
30
55
41
50
60
0
51
34
49
53
11
57
8
118
9
6
141
96
46
56
39
10
50
8
57
12
54
121
54
158
32
150
153
95
137
165
158
56
49
101
157
8
40
121
149
34
47
45
147
8
139
0
143
35
0
62
46
35
47
16
65
12
12
25
16
60
60
45
8
51
5
48
9
50
7
61
6
60
59
44
47
61
16
14
62
61
55
54
22
56
30
48
44
69
71
46
68
49
21
38
0
39
53
24
104
35
111
99
9
76
13
47
20
45
118
102
64
12
103
53
106
16
106
15
103
17
94
76
112
103
98
15
45
86
96
99
96
23
114
45
86
109
78
96
105
97
108
48
67
0
66
70
0
128
59
107
132
21
100
19
17
14
18
130
131
118
12
120
14
133
9
126
15
132
15
136
133
133
136
133
18
12
120
137
113
127
14
136
11
126
135
123
108
129
129
121
17
109
2
108
108
2
33
17
11
37
23
16
18
19
15
22
24
44
13
28
22
15
24
21
44
18
43
18
25
24
45
28
24
12
19
36
47
46
46
33
22
7
39
35
18
44
41
15
42
14
9
10
13
7
10
42
8
26
18
20
37
13
16
21
21
31
39
20
16
38
12
45
28
29
18
39
27
57
29
25
61
58
13
35
55
56
56
53
39
21
13
20
54
55
29
59
55
28
42
14
0
14
10
0
73
28
79
70
39
129
30
42
37
42
78
58
67
113
43
41
78
120
133
134
83
138
87
48
89
134
98
129
137
136
99
95
142
58
144
20
91
69
87
85
133
143
143
48
22
136
21
24
125
111
20
50
118
74
122
65
71
71
76
28
116
39
84
52
8
120
4
42
10
57
65
112
50
48
51
48
10
30
52
50
51
94
7
52
75
48
55
64
95
54
114
112
64
39
7
41
43
0
