183
100
177
173
120
181
55
121
127
129
173
185
123
123
187
111
183
127
179
125
185
119
188
121
194
188
183
107
102
183
178
187
177
120
188
103
125
176
193
194
200
194
184
113
116
107
116
115
112
105
17
102
102
21
100
85
18
81
91
107
104
31
90
109
84
102
18
107
20
19
95
94
16
38
98
22
83
62
95
21
87
19
70
55
59
21
76
80
82
87
21
87
69
19
19
20
22
0
100
41
111
102
36
101
29
25
31
29
107
94
80
39
34
32
102
36
112
46
101
31
107
68
37
117
35
37
50
124
122
124
131
65
33
40
100
33
100
138
35
42
41
57
32
27
75
84
27
84
29
165
88
28
106
71
95
101
96
175
77
58
0
81
0
92
1
69
1
81
2
71
80
80
64
92
0
2
94
90
76
72
1
77
0
74
86
77
72
68
84
78
0
63
0
65
75
0
25
16
29
31
1
30
17
9
18
0
30
26
39
0
24
0
26
0
31
18
29
23
24
25
40
45
30
23
1
30
30
29
30
3
37
16
29
27
35
36
31
30
31
20
25
0
26
25
22
51
60
22
60
9
43
5
13
14
13
58
55
43
4
36
3
54
23
51
25
48
4
45
28
49
47
46
7
5
46
49
52
44
18
57
19
51
25
48
47
48
52
50
5
29
25
47
49
0
0
9
0
0
2
5
0
6
6
0
0
21
3
0
21
0
0
14
24
0
0
0
0
0
23
18
23
11
0
0
29
27
0
0
32
5
23
32
0
0
34
34
32
0
0
0
0
0
0
40
18
24
43
6
40
13
10
12
12
25
29
31
5
20
7
27
8
31
7
34
9
29
26
27
22
24
10
6
27
29
27
32
6
28
5
30
32
31
33
34
26
31
6
21
10
23
22
0
53
23
53
58
24
57
22
103
27
24
129
56
62
34
35
23
64
23
57
21
56
107
54
125
33
128
131
68
109
137
130
56
61
83
125
30
45
97
129
53
66
68
132
28
123
0
133
36
0
57
42
34
54
20
57
11
21
25
23
63
38
59
15
51
24
61
27
45
28
59
24
46
53
46
42
59
28
21
61
65
45
51
27
56
20
58
49
65
64
48
65
52
27
38
0
35
39
21
73
28
78
92
12
58
3
13
17
11
79
94
67
19
104
11
102
7
103
20
97
17
97
78
80
102
100
20
14
99
97
93
103
17
84
12
102
78
81
96
99
105
105
10
63
0
72
68
0
97
46
83
103
13
88
10
14
12
14
110
112
96
12
104
14
100
12
103
15
100
19
104
99
104
106
109
11
9
103
103
91
109
11
103
10
104
104
105
93
104
107
96
16
87
4
88
84
4
38
18
12
44
24
14
18
19
22
32
25
40
27
29
26
16
22
25
43
17
45
17
29
21
38
28
24
9
16
32
27
39
30
30
25
8
40
35
18
35
45
18
45
15
13
12
14
12
6
40
9
39
27
13
43
14
11
15
16
39
42
29
15
36
14
34
17
41
12
37
18
46
37
29
56
47
19
22
55
52
52
56
28
30
14
41
55
42
40
58
62
40
27
16
0
21
17
0
54
23
64
59
22
110
12
24
26
24
58
41
69
100
43
35
63
108
121
112
62
111
79
53
79
118
86
106
116
130
85
85
132
45
126
22
83
67
87
83
128
124
118
48
27
107
29
30
103
66
4
12
72
55
77
57
63
60
60
12
73
8
74
14
5
79
4
12
4
11
66
87
9
12
10
15
4
3
11
11
13
89
5
11
71
8
9
16
81
9
83
82
80
9
4
9
10
0
