249
133
261
260
153
265
71
150
158
159
254
252
151
155
247
123
239
146
244
145
245
152
215
152
219
217
216
136
128
224
207
219
213
137
238
118
184
241
242
247
236
254
248
144
174
132
171
168
136
96
19
101
99
19
102
73
15
66
79
99
108
43
94
113
88
104
19
116
19
26
96
155
31
50
160
22
136
127
162
31
165
30
121
68
109
25
124
141
144
148
24
138
117
24
20
21
22
0
146
76
171
173
57
177
61
68
58
63
186
171
115
51
46
44
183
48
185
72
177
66
166
90
50
178
59
59
63
170
171
176
175
72
52
53
122
55
124
174
57
56
58
74
47
46
111
113
40
142
44
227
151
49
119
88
125
127
127
237
94
66
3
99
3
118
2
76
5
102
5
74
96
98
78
106
3
3
102
99
89
94
5
88
0
85
101
90
78
81
104
86
1
77
0
73
76
1
54
28
54
61
2
54
18
15
23
2
58
61
63
1
56
4
65
4
62
22
63
25
69
52
60
68
64
23
10
68
76
69
74
5
67
22
58
56
72
65
71
67
69
20
55
0
58
56
19
100
48
53
78
1
86
1
3
25
3
82
102
92
4
64
4
95
30
100
35
98
8
81
57
95
94
83
2
2
76
100
85
87
36
82
34
95
57
94
84
85
94
77
7
60
34
92
96
0
2
26
4
4
6
20
4
22
20
4
3
44
6
3
47
4
1
18
42
3
3
4
3
4
30
29
23
13
2
2
36
34
2
4
32
1
14
34
2
3
34
30
35
3
3
3
1
3
0
27
9
19
27
0
33
13
11
14
15
18
16
20
2
20
4
18
3
20
1
24
3
21
17
18
20
22
7
5
22
26
24
24
3
16
2
26
19
24
24
25
12
23
5
18
8
16
18
0
33
23
30
33
3
31
2
120
3
3
131
67
31
51
32
1
32
1
35
2
34
131
37
138
32
141
147
112
131
150
147
32
34
132
143
1
33
100
147
31
33
37
145
1
144
0
133
26
0
36
31
29
38
7
31
13
5
26
6
33
32
33
4
43
6
41
9
47
8
39
9
38
36
38
39
34
8
6
36
40
45
36
11
31
32
39
43
40
36
41
41
41
9
24
0
27
44
35
96
28
103
108
9
89
5
6
11
4
106
113
87
15
114
7
104
13
108
11
108
8
106
94
97
112
110
13
8
108
107
105
107
19
96
8
108
97
103
111
118
114
111
6
90
0
84
96
0
145
49
109
117
7
99
5
18
20
4
118
128
108
17
130
15
144
21
120
11
143
11
143
127
144
144
144
21
22
120
143
112
122
16
140
13
139
132
123
109
137
117
129
10
115
5
110
110
3
29
35
15
34
13
14
31
30
9
11
37
30
15
15
34
29
32
10
29
27
30
25
26
25
40
31
35
9
28
33
33
34
40
30
28
6
45
33
20
36
38
22
41
19
10
18
18
10
16
41
8
22
8
37
49
13
33
40
45
24
56
20
18
55
16
49
38
18
37
48
42
56
21
23
54
56
17
48
62
60
57
54
56
18
22
18
59
56
18
63
67
19
58
5
0
5
4
0
87
26
95
96
60
110
39
58
62
58
92
58
105
107
48
67
100
123
126
127
103
134
100
43
107
119
104
113
123
131
109
114
142
61
125
27
107
74
110
112
121
121
128
62
14
122
16
18
116
103
5
8
99
91
96
93
91
94
91
7
93
16
88
9
0
93
0
7
1
10
84
108
9
7
9
8
0
4
10
9
9
95
0
10
86
8
9
12
99
7
97
95
86
6
2
9
7
0
