430
193
433
428
312
437
215
338
331
329
427
414
240
307
422
244
427
303
416
308
416
293
416
265
417
429
416
279
250
424
431
415
412
302
446
245
265
459
446
456
456
459
459
310
273
263
255
269
261
311
58
305
321
61
323
218
43
149
219
319
291
106
196
288
160
285
55
292
47
97
215
257
87
114
267
68
188
140
266
90
266
91
197
192
146
91
192
288
293
273
75
303
203
62
52
52
64
0
303
141
319
337
148
341
102
104
89
117
341
336
239
143
125
134
361
145
368
131
354
119
322
207
147
323
153
154
111
345
348
347
346
113
138
147
298
145
215
335
144
158
159
102
117
109
246
262
111
287
131
412
301
136
146
92
175
210
197
403
237
193
5
257
2
303
8
195
11
241
10
277
224
275
206
308
6
15
302
304
236
272
18
235
1
223
284
248
208
238
300
225
3
172
0
165
167
1
174
69
194
185
81
173
44
38
68
59
170
185
120
51
146
62
186
77
176
50
184
56
177
125
114
123
175
57
66
165
169
169
161
61
137
56
152
145
169
170
169
175
165
58
77
0
80
85
54
183
169
84
174
14
159
14
18
69
21
186
175
159
16
122
11
169
67
189
77
179
22
194
138
176
169
193
28
19
199
186
206
198
74
194
74
170
122
170
198
203
178
199
15
81
79
147
154
0
3
82
8
7
21
59
5
56
64
5
9
119
29
6
115
6
6
64
125
5
9
5
10
7
90
102
91
44
4
7
111
116
10
7
100
19
69
110
10
5
114
116
111
7
6
5
4
8
0
129
61
106
161
38
171
50
35
45
49
102
111
135
31
103
33
104
43
137
51
136
48
126
100
93
87
129
54
43
137
144
139
131
39
98
20
129
106
141
141
137
108
146
40
94
44
84
85
0
149
86
148
165
47
165
39
218
45
51
217
225
170
172
111
50
169
50
163
50
172
215
156
266
113
233
277
215
234
258
271
157
161
224
263
55
147
237
267
140
156
156
278
47
252
0
242
111
0
169
126
98
174
68
170
45
61
77
51
172
133
166
46
159
66
188
81
136
71
180
74
154
169
119
133
175
65
61
180
165
146
143
65
156
79
154
149
168
174
147
184
152
50
106
0
98
140
76
162
85
193
197
49
155
30
51
52
51
193
214
171
63
217
49
227
40
218
60
207
52
210
185
196
216
215
52
49
227
211
218
212
65
197
46
212
195
187
216
230
228
223
52
135
0
143
141
0
200
147
103
178
37
117
23
55
46
39
177
186
156
57
165
44
208
60
179
30
197
45
209
206
218
210
204
62
56
184
205
147
174
63
197
53
191
180
177
144
185
175
193
42
132
16
116
115
16
98
69
41
93
52
47
61
65
41
65
87
104
57
58
81
66
80
52
99
72
83
76
79
77
86
76
78
39
59
75
94
89
82
48
61
25
94
64
59
83
71
63
77
38
20
33
45
20
27
106
24
91
57
47
115
53
30
52
42
98
107
71
45
107
48
102
49
98
36
103
52
105
95
79
109
117
37
51
116
110
120
122
53
104
25
93
125
106
111
131
118
104
45
51
0
56
54
0
173
87
201
193
50
225
19
48
48
55
181
156
170
196
136
48
181
219
260
236
207
229
197
143
193
250
201
215
233
254
210
196
261
77
250
43
222
156
221
215
232
268
261
65
102
219
97
97
217
172
36
55
181
142
194
115
146
146
141
44
193
69
154
49
8
186
7
53
13
41
131
219
48
43
58
51
3
47
53
55
46
181
12
48
144
40
58
70
161
58
179
199
133
46
10
44
45
0
