208
107
215
212
157
211
87
166
165
161
218
201
135
167
193
146
209
161
205
159
198
160
185
133
190
192
179
142
131
182
193
190
178
159
187
140
135
200
204
197
204
201
202
151
131
142
139
131
151
102
20
100
107
20
110
70
11
57
76
112
113
43
83
125
84
118
20
118
12
29
88
120
32
48
118
28
70
51
110
38
107
42
72
96
57
56
78
122
127
119
41
121
79
28
16
30
30
0
155
60
159
166
68
177
65
50
55
64
164
148
100
65
60
62
153
67
150
59
150
41
133
89
71
149
74
65
45
133
142
146
142
34
60
68
125
66
107
155
73
72
67
28
52
53
110
109
53
96
42
186
103
60
90
55
99
96
103
184
69
58
3
79
2
86
4
66
3
80
4
75
85
86
73
94
3
7
103
94
81
88
9
82
3
71
97
77
84
89
107
80
2
64
0
58
63
3
69
43
79
67
25
73
23
19
25
11
63
81
66
21
63
20
81
33
74
21
77
25
87
49
68
65
92
33
31
86
89
93
86
30
81
27
83
62
105
95
99
96
109
35
51
0
41
49
22
89
101
44
116
18
75
8
17
33
18
106
87
84
10
58
8
87
36
94
39
89
19
89
53
88
76
97
18
12
88
93
92
94
41
66
37
80
55
93
77
79
88
74
12
41
39
84
73
0
3
36
6
5
12
31
0
28
29
2
7
54
17
1
55
3
3
38
55
1
7
1
6
3
54
48
59
31
3
3
66
67
7
2
73
18
55
73
4
4
70
75
65
1
1
4
1
5
0
78
42
55
73
19
79
27
22
29
29
47
57
72
16
51
17
55
19
75
24
74
25
77
55
45
57
74
26
22
71
75
79
84
29
56
8
65
58
71
70
73
49
70
26
50
27
45
45
0
94
56
83
97
31
91
30
104
35
34
132
109
90
78
56
34
91
25
90
29
91
105
87
162
48
148
156
94
120
150
155
98
97
102
147
37
89
129
150
83
92
102
154
29
143
0
128
65
0
72
48
36
62
26
77
34
26
43
28
79
46
62
10
49
26
63
36
49
35
74
31
49
70
49
56
80
30
28
64
67
60
65
30
73
48
73
66
77
82
63
80
61
28
47
0
41
59
47
85
42
95
95
14
60
13
30
22
25
92
99
75
23
103
26
99
14
100
24
106
29
98
77
97
93
98
20
22
100
97
102
99
29
86
24
95
87
76
97
109
101
103
27
62
0
60
72
0
101
63
78
108
31
77
21
22
20
36
114
100
81
23
107
30
108
22
105
27
101
35
104
97
113
107
114
21
19
104
106
85
104
23
107
16
97
110
103
83
100
111
106
28
78
8
82
74
4
41
41
25
53
25
23
29
35
13
22
50
44
26
28
39
29
45
14
46
28
51
36
43
35
44
42
37
18
30
33
39
41
34
31
34
10
50
35
30
47
51
42
47
17
13
19
28
13
13
66
18
42
22
30
62
27
20
29
31
48
62
30
25
56
21
63
25
44
20
66
24
57
39
38
54
68
20
33
66
63
66
58
39
44
17
31
72
57
34
81
71
39
42
24
0
20
27
0
83
36
84
76
34
124
16
34
31
33
82
69
87
102
72
33
88
115
127
125
89
126
87
67
99
138
97
112
116
138
92
95
138
30
140
16
89
55
98
92
133
141
140
38
30
113
36
35
107
87
11
28
87
59
86
52
64
63
63
15
74
24
67
27
5
83
1
20
4
28
45
89
27
18
24
28
2
27
29
24
21
81
5
30
63
20
28
45
88
36
91
100
71
18
4
20
21
0
