205
93
219
226
99
218
77
117
122
112
214
231
127
117
237
96
217
116
226
116
238
102
230
117
219
228
224
121
100
224
234
220
226
111
235
80
110
242
239
231
245
248
241
116
109
96
109
111
103
149
30
150
147
29
150
139
18
113
134
163
183
58
175
189
158
197
38
188
25
47
169
177
39
60
177
27
157
147
182
44
178
43
126
62
124
36
130
146
142
147
27
147
142
15
18
17
14
0
116
49
127
131
40
139
67
56
63
59
142
146
77
41
46
42
135
43
151
76
147
75
154
76
45
155
42
49
75
144
158
155
147
58
48
53
103
51
115
149
52
46
52
60
45
44
81
79
44
169
50
196
160
34
83
20
43
44
47
191
146
123
2
152
2
142
5
116
6
150
4
102
143
131
129
147
3
3
145
146
143
124
5
143
2
135
150
152
137
127
133
144
3
120
0
108
121
2
67
18
63
63
16
69
14
4
19
15
68
71
61
10
59
16
66
19
63
18
74
19
67
60
58
56
64
19
13
64
68
68
59
16
72
16
63
64
67
70
72
68
70
14
42
0
42
44
14
61
54
40
71
5
59
7
5
11
7
76
67
64
3
62
7
67
18
68
21
72
7
75
72
62
63
81
9
8
78
73
73
75
21
78
22
69
70
67
70
75
70
69
7
43
20
61
64
0
14
42
11
8
9
32
11
33
29
6
12
54
36
8
50
7
11
33
55
12
14
13
8
10
53
53
51
31
8
7
57
58
12
5
54
21
44
53
8
11
51
57
51
7
10
9
4
6
0
56
18
38
59
14
55
18
16
20
17
44
45
60
18
44
18
53
24
68
23
62
20
65
51
45
58
69
18
23
67
68
65
63
17
41
16
65
49
56
59
58
43
60
18
39
15
35
35
0
82
46
82
100
25
95
22
71
28
25
95
68
86
58
76
26
94
25
96
25
99
90
97
105
79
105
110
74
89
118
112
98
103
77
108
26
103
102
102
92
102
99
111
20
99
0
97
66
0
74
59
44
70
25
82
21
17
25
26
77
55
73
26
67
26
80
33
51
36
84
32
59
85
57
52
81
37
29
86
82
58
57
32
81
26
67
55
81
81
54
92
63
26
46
0
44
58
30
61
25
57
80
15
43
18
24
29
17
57
84
45
28
94
19
94
22
90
30
92
29
86
50
53
85
94
25
22
87
88
84
86
31
57
19
70
51
68
86
74
76
74
18
34
0
39
35
0
65
34
31
62
21
48
15
33
31
20
59
59
44
26
59
21
66
37
61
17
69
22
72
53
66
72
73
30
30
64
70
39
66
28
62
23
48
63
68
34
50
61
64
25
38
4
37
36
3
37
18
8
42
39
13
19
20
27
35
21
32
9
28
25
20
22
22
34
25
30
20
25
23
45
23
21
15
15
33
40
42
40
35
22
10
47
40
15
49
45
21
46
15
8
5
11
6
5
48
14
33
28
23
61
9
25
29
29
45
57
25
14
62
12
61
20
36
15
55
25
55
34
23
53
58
15
25
46
57
53
62
24
34
6
24
57
40
33
49
50
43
28
32
0
30
32
0
71
25
70
59
33
91
20
33
34
34
68
69
66
67
33
34
72
79
94
77
64
84
57
32
57
101
61
70
79
92
71
55
100
26
92
6
58
42
59
58
83
99
97
25
27
70
32
32
69
47
5
18
41
36
41
30
30
29
38
7
44
8
34
13
10
52
5
12
13
21
31
65
16
16
21
20
9
16
19
20
22
48
12
25
72
16
21
29
73
22
84
83
64
11
12
11
11
0
