180
81
193
192
90
191
49
86
92
89
192
173
104
95
185
78
194
89
189
84
187
85
178
90
187
177
179
85
64
185
174
183
186
81
175
65
92
178
177
167
167
180
184
79
97
79
97
99
75
112
26
120
117
27
109
86
26
65
86
116
117
36
91
116
67
117
32
121
24
36
94
119
37
45
120
29
105
71
126
38
116
37
93
71
78
33
97
108
112
120
29
113
96
27
20
26
30
0
107
33
112
101
39
105
45
44
47
47
111
95
62
40
29
32
100
34
106
49
109
41
110
52
29
122
34
36
51
111
113
117
124
44
31
39
90
38
84
106
37
39
39
45
26
27
64
63
21
93
49
138
104
29
60
22
43
45
43
133
92
73
2
98
2
106
4
73
6
92
7
105
101
114
77
121
2
8
112
122
87
112
3
86
2
91
104
91
93
82
97
94
1
69
0
66
70
0
44
23
38
39
4
40
23
24
24
6
41
51
60
5
41
11
46
12
46
25
50
28
63
34
55
53
61
24
18
65
62
61
61
23
55
19
50
50
70
64
62
60
63
26
29
0
26
27
28
51
63
25
75
18
44
12
20
11
21
71
86
60
15
50
16
77
13
82
19
85
26
67
29
56
51
69
13
9
62
57
65
58
13
56
13
48
40
49
57
53
48
49
11
33
13
43
43
0
0
17
1
0
0
11
0
10
11
0
0
21
4
0
23
0
0
12
19
0
0
0
0
0
16
14
16
7
0
0
21
20
1
0
24
5
14
27
0
0
27
23
23
0
0
0
0
0
0
29
20
23
31
7
35
8
4
7
7
28
27
29
3
22
9
27
10
36
8
37
10
41
25
28
27
46
10
15
44
46
41
43
14
25
7
43
26
43
40
38
24
43
15
26
11
22
22
0
56
38
60
59
20
67
11
67
19
14
77
50
69
45
40
22
64
19
62
20
65
76
64
84
47
83
88
64
77
96
84
66
66
63
96
30
62
74
90
66
78
80
89
25
89
0
81
43
0
49
36
19
57
38
52
14
37
26
34
59
33
44
12
55
26
59
28
39
30
51
28
37
48
29
40
40
22
18
42
44
36
32
21
33
23
46
47
54
52
39
60
42
21
28
0
24
40
21
77
25
88
86
12
81
7
10
14
9
78
86
76
20
85
15
92
7
96
16
96
14
93
72
84
84
87
23
11
84
83
83
76
15
84
10
92
81
84
95
92
97
88
9
66
0
57
74
0
64
30
37
57
13
32
7
24
19
10
51
55
47
25
53
11
67
24
45
8
67
9
65
69
63
61
66
19
23
54
65
44
49
22
60
20
63
52
46
39
52
53
55
13
42
3
37
38
5
39
27
14
41
13
22
14
15
7
12
37
33
22
17
36
19
29
12
31
19
35
17
38
36
40
34
35
11
17
35
37
35
37
15
27
5
33
25
27
32
28
29
36
10
17
10
23
18
9
43
16
41
30
15
52
25
9
14
20
48
56
35
20
55
15
53
23
49
20
53
29
57
46
31
55
63
18
26
54
54
55
48
26
50
12
42
53
41
51
58
51
48
22
26
0
22
24
0
57
15
50
63
29
72
16
30
29
31
61
38
57
58
38
32
64
62
72
68
56
61
62
46
71
72
65
63
64
69
74
76
73
42
71
26
82
59
85
75
66
80
82
40
23
64
18
21
62
85
9
15
83
71
82
67
83
77
78
7
69
21
66
11
1
78
2
12
0
12
56
88
9
12
10
12
1
15
14
10
13
79
7
13
78
14
14
16
84
13
94
89
76
7
3
9
9
0
