186
87
203
207
106
206
71
107
113
114
210
195
116
105
194
97
199
97
205
105
205
100
196
111
208
208
190
98
94
194
208
200
197
100
195
87
100
206
200
205
196
194
210
103
107
94
103
116
95
108
28
117
124
32
113
92
23
62
90
123
128
47
91
132
75
131
25
135
22
39
103
137
37
57
143
33
97
79
130
39
136
39
93
84
70
39
105
127
126
127
36
126
88
25
22
28
27
0
131
57
142
141
51
139
50
53
49
50
137
141
79
51
38
41
147
43
145
63
154
58
122
73
45
131
45
48
55
135
126
122
135
54
43
47
109
43
94
129
45
49
46
44
35
37
89
90
37
97
52
147
110
27
72
27
48
50
50
158
100
77
5
96
2
106
3
82
1
101
3
97
98
111
81
123
3
7
122
118
94
113
8
97
2
93
116
98
92
94
109
98
2
71
0
74
73
1
69
35
74
70
16
68
26
17
30
12
69
78
61
15
61
17
75
23
82
25
83
29
79
44
63
58
82
25
27
82
85
82
84
33
63
27
73
58
91
83
86
90
87
29
40
0
43
45
24
77
94
51
91
21
64
12
23
20
21
91
86
70
20
53
18
86
24
90
29
98
25
95
48
80
75
89
23
13
88
72
87
91
32
68
26
73
47
69
73
76
73
74
16
45
27
62
66
0
2
30
4
2
7
18
1
9
17
1
2
36
14
1
44
1
2
23
40
2
1
1
2
2
45
37
39
18
2
1
45
49
2
2
51
9
32
55
2
1
49
49
50
2
2
2
1
2
0
65
37
47
66
9
68
11
7
10
8
45
51
53
10
50
6
50
11
59
11
52
7
54
52
47
38
53
14
10
58
62
61
57
7
46
5
57
50
65
57
63
52
56
8
50
14
49
52
0
75
41
70
87
23
90
18
60
21
19
98
91
88
51
56
26
87
26
93
31
94
66
82
106
67
95
122
58
67
118
117
100
95
71
111
19
76
103
114
78
98
97
118
16
111
0
112
72
0
79
49
42
76
38
75
23
27
26
33
71
60
80
22
76
36
79
36
63
44
85
39
56
91
61
65
88
45
40
87
86
61
63
34
79
32
80
66
92
84
65
85
70
34
51
0
47
66
30
78
40
93
132
22
71
12
12
27
15
97
117
95
38
124
17
127
21
130
34
127
42
113
100
106
125
120
41
17
113
115
127
131
32
110
17
117
100
106
134
130
130
131
17
80
0
76
84
0
57
55
36
69
33
36
29
22
20
33
67
68
50
23
73
33
61
24
73
33
68
28
70
64
66
70
74
26
21
75
68
50
83
19
66
18
66
59
73
48
60
71
53
31
36
8
40
36
8
58
19
27
55
44
20
15
18
38
47
36
53
33
33
30
16
33
29
51
23
53
19
34
32
62
31
30
24
17
53
63
63
62
28
31
8
49
40
34
45
43
29
42
17
23
15
29
18
10
54
19
46
36
28
54
23
18
26
26
52
65
46
22
67
16
66
28
56
24
65
34
70
53
52
71
69
18
32
66
61
62
71
30
44
17
45
60
57
57
68
69
46
28
25
0
34
25
0
73
30
77
79
32
81
27
33
34
29
75
51
78
59
51
38
76
62
88
80
77
81
87
59
89
86
82
82
82
88
88
89
97
58
84
41
94
68
80
83
78
89
91
53
27
67
30
28
64
97
6
18
90
88
98
83
86
82
82
8
89
21
78
20
4
84
4
16
5
22
74
93
15
15
17
18
4
10
14
19
13
88
3
18
80
11
17
22
81
14
94
86
74
13
3
11
10
0
