310
167
316
315
205
318
118
211
210
217
319
294
195
216
304
193
315
205
302
203
290
200
290
183
290
277
265
184
169
283
284
278
268
182
269
184
186
273
259
273
279
267
277
182
198
189
204
197
197
110
23
103
105
16
104
95
13
86
85
108
107
28
96
113
88
116
15
113
12
17
97
96
20
26
103
14
89
80
109
22
107
21
84
43
75
18
77
102
103
101
15
102
81
15
9
11
10
0
170
81
179
187
58
177
49
46
47
47
169
198
126
53
42
46
198
49
187
65
189
51
168
121
44
193
49
51
48
184
168
187
187
48
45
57
175
57
129
184
57
57
56
45
35
34
149
146
37
123
54
243
121
35
157
114
145
152
156
247
101
80
1
104
1
110
4
87
6
98
6
99
99
107
80
123
1
18
128
136
94
115
12
99
1
91
120
112
86
110
121
100
1
78
0
69
78
1
61
21
66
74
21
70
15
4
13
14
67
55
45
1
47
12
54
15
55
13
52
11
53
44
44
47
52
11
12
54
56
58
47
6
47
10
43
41
51
49
49
46
50
8
44
0
45
41
10
53
45
37
58
3
57
4
3
25
2
57
62
62
6
47
7
60
18
65
21
64
7
61
50
60
55
61
6
4
60
61
60
62
27
54
24
63
44
61
58
56
57
57
5
44
27
61
54
0
0
14
0
0
0
8
0
9
6
0
0
19
5
0
21
0
0
9
18
0
0
0
0
0
12
11
16
8
0
0
19
16
0
0
12
2
8
12
0
0
11
11
11
0
0
0
0
0
0
20
10
20
22
7
22
4
3
3
3
16
21
21
3
17
6
22
6
27
5
25
7
20
20
21
18
22
5
3
22
21
18
24
0
20
0
19
19
18
20
22
18
20
1
16
6
20
19
0
68
34
53
64
9
68
9
179
9
10
195
100
67
83
57
9
71
6
65
9
62
201
70
237
44
223
231
143
190
240
231
69
70
172
242
5
72
189
230
57
65
71
224
6
230
0
224
60
0
93
79
38
86
12
86
11
13
21
16
99
79
79
14
85
17
94
18
74
15
100
20
78
95
86
81
99
28
22
102
89
75
86
16
91
25
93
83
93
90
82
99
80
20
77
0
75
79
22
57
21
67
68
8
44
5
7
12
8
62
73
57
16
83
4
71
13
74
18
77
19
87
68
64
92
94
26
5
89
95
89
91
28
66
9
76
63
82
85
88
90
96
7
52
0
48
50
0
159
66
117
153
19
152
16
25
25
18
158
158
126
27
165
25
167
26
149
22
171
25
177
166
174
173
169
28
26
171
173
132
171
29
167
35
175
174
173
131
167
170
171
36
143
14
137
135
10
66
17
11
77
63
10
19
19
54
59
21
48
18
38
19
19
20
38
51
20
51
15
19
19
45
18
19
14
13
35
45
50
55
30
15
12
48
37
20
51
44
18
42
14
8
9
8
5
6
45
10
28
14
26
46
14
17
28
24
29
38
27
13
52
9
47
29
27
19
44
29
46
27
32
48
48
12
26
52
45
49
46
24
22
13
19
48
37
19
45
44
28
30
8
0
8
10
0
66
33
73
72
34
163
18
37
41
36
72
57
71
157
52
37
74
192
190
193
78
190
79
50
79
187
75
179
191
199
86
81
195
28
191
20
78
52
86
91
183
198
205
31
40
189
41
42
192
53
4
4
59
49
55
57
46
51
50
4
67
5
59
7
3
65
3
7
5
8
53
58
9
8
10
10
4
5
7
11
7
58
4
7
50
8
9
11
54
8
55
45
46
3
4
4
5
0
