408
197
433
424
234
417
154
253
264
272
416
391
235
254
405
212
399
255
412
255
407
258
396
264
403
413
399
242
214
396
391
400
414
265
418
207
268
415
423
414
426
411
418
255
237
229
218
234
238
272
53
262
271
68
263
218
42
178
218
276
259
113
214
265
184
264
69
279
50
84
212
257
69
103
264
55
212
177
266
68
257
83
181
142
155
71
180
223
221
223
54
225
174
43
35
42
47
0
230
118
259
245
127
259
84
82
72
79
268
267
212
112
99
102
277
112
297
86
280
76
257
202
126
295
118
124
98
280
300
302
306
96
103
122
267
128
192
280
117
117
119
69
93
93
191
196
90
253
96
335
263
85
109
39
100
114
120
342
201
168
2
224
2
237
2
180
2
218
2
182
210
224
170
214
5
3
236
230
210
203
3
206
1
203
235
213
191
203
236
212
2
183
0
159
173
1
119
89
132
140
39
139
36
25
45
31
133
145
118
22
105
28
139
33
126
38
142
47
147
100
117
110
149
49
40
145
152
149
151
36
136
43
126
110
137
131
140
133
139
47
83
0
74
82
44
116
97
63
108
10
117
11
9
43
10
110
110
127
10
89
8
108
54
113
64
117
16
112
109
128
129
130
10
14
126
136
116
120
59
136
51
133
105
124
132
134
129
131
29
66
59
109
102
0
16
106
17
13
28
76
10
80
84
12
13
113
67
9
127
12
14
80
136
14
15
11
17
15
115
104
99
61
13
13
121
122
18
6
128
41
97
125
13
13
122
140
139
14
11
16
4
11
0
166
87
109
183
45
170
60
45
60
56
107
119
163
56
110
62
158
62
179
63
178
62
169
117
112
141
171
73
67
174
172
164
175
61
125
55
179
156
169
172
185
107
179
65
117
61
115
107
0
212
105
209
235
68
225
75
143
75
76
207
198
227
136
181
74
243
70
238
70
247
163
236
249
188
249
264
160
175
264
266
238
233
161
238
102
230
226
242
217
246
240
242
74
231
0
220
132
0
217
127
112
201
98
235
49
73
60
94
233
135
197
76
195
91
220
107
154
101
231
101
154
224
189
153
223
94
90
228
236
155
172
104
207
62
182
161
225
228
162
233
162
76
112
0
114
150
58
148
92
161
189
39
89
32
62
54
54
165
179
104
63
188
61
187
47
201
66
197
76
168
122
153
177
170
62
57
175
179
173
177
54
150
66
174
143
121
198
188
200
194
60
99
0
99
106
0
134
137
55
152
71
97
64
44
35
76
150
157
76
54
144
63
134
48
147
52
130
54
142
126
137
145
149
44
35
130
124
77
118
44
114
39
103
109
119
71
108
121
108
65
74
14
74
68
10
131
47
28
113
104
29
47
52
82
103
57
95
37
70
51
39
49
65
100
48
96
49
49
39
101
47
44
38
39
91
97
98
106
70
36
15
97
81
29
105
84
39
91
27
18
28
31
19
22
113
60
112
87
40
144
34
33
49
47
110
138
80
28
132
29
137
53
103
29
143
52
134
111
93
149
150
33
50
135
143
148
149
62
109
24
83
161
105
121
171
161
120
72
92
0
90
86
0
176
71
185
182
56
191
28
62
63
60
195
160
164
132
96
68
185
170
223
175
187
188
169
88
182
234
189
163
180
222
192
198
254
55
245
23
172
105
182
177
204
252
245
46
90
170
95
99
167
148
29
63
155
94
149
80
98
99
103
53
143
40
91
68
23
149
11
59
27
59
75
167
64
60
73
66
26
37
76
72
71
117
26
63
100
63
63
87
115
58
145
149
78
48
17
56
50
0
