261
118
261
266
185
272
104
183
186
187
263
261
149
178
254
124
258
170
247
177
251
173
229
135
251
243
243
153
135
237
235
248
241
171
233
127
135
235
236
232
246
237
234
166
129
141
138
140
141
146
35
143
151
40
143
98
30
70
97
155
144
46
95
151
82
145
36
148
25
39
97
138
45
45
145
34
90
77
134
42
142
46
106
100
80
54
107
156
159
159
38
162
105
28
22
30
30
0
165
76
170
175
88
173
47
48
45
39
166
161
112
75
65
66
179
76
184
70
173
57
184
97
72
195
79
81
71
202
189
191
201
59
71
84
162
81
139
172
83
91
93
44
64
60
132
132
57
131
79
189
135
49
91
48
89
84
85
197
111
92
1
117
1
143
6
95
8
115
15
121
104
132
103
155
3
11
144
133
112
140
15
120
0
110
152
113
109
129
165
130
2
71
0
73
80
0
66
26
79
69
38
75
26
17
29
26
74
51
44
8
39
19
50
20
50
26
54
31
53
30
46
42
57
30
29
63
56
61
59
36
49
24
56
56
76
80
79
80
81
28
23
0
24
24
30
76
80
32
96
10
70
6
7
32
9
90
75
82
9
53
5
82
35
95
42
93
9
99
68
73
76
98
18
11
91
92
97
103
44
90
39
75
60
73
78
85
81
87
6
41
40
66
63
0
0
33
2
1
4
24
1
22
27
1
2
46
11
0
54
0
0
28
50
1
2
2
2
2
29
26
28
9
1
1
29
33
2
1
51
7
31
44
2
2
45
48
50
1
0
1
1
0
0
56
36
58
65
5
66
8
6
7
5
58
55
59
6
48
9
57
9
73
12
68
7
57
61
49
48
62
8
12
70
66
67
69
7
58
6
68
49
60
60
62
44
66
7
51
10
47
47
0
84
60
80
90
20
97
18
125
22
22
120
124
95
100
68
26
93
23
94
21
95
129
87
161
75
154
163
125
143
159
157
100
99
127
166
32
93
147
155
92
107
110
160
24
156
0
152
67
0
100
65
39
103
37
109
39
34
35
39
111
72
112
26
101
51
124
51
69
54
121
55
71
123
57
70
126
58
39
128
114
73
64
62
92
32
97
67
113
122
72
120
73
58
56
0
57
68
34
56
42
80
103
33
74
26
8
53
12
80
107
75
35
107
7
99
26
111
41
103
43
118
80
81
110
109
50
7
107
118
110
113
54
68
10
104
70
85
120
117
124
119
13
63
0
61
64
0
99
63
49
83
20
65
14
40
36
16
78
77
62
49
92
20
104
45
87
21
97
15
108
101
110
112
110
32
32
84
104
59
81
35
105
25
97
91
81
66
85
86
93
19
54
8
62
55
8
38
26
14
35
22
16
31
31
20
20
36
30
28
29
43
32
40
14
34
30
34
27
30
32
37
33
31
20
28
23
45
49
38
22
34
9
34
29
34
31
40
29
41
17
9
9
24
11
17
53
10
56
53
9
66
21
6
12
10
58
63
38
20
61
25
53
12
66
11
56
14
49
50
44
61
54
19
8
51
56
48
64
13
59
4
58
55
46
60
59
57
56
10
40
0
41
33
0
75
39
82
78
24
121
8
24
27
22
82
76
88
108
50
32
72
121
133
135
76
129
85
60
84
131
82
107
129
135
83
85
136
29
133
23
91
64
82
86
114
134
134
32
45
123
45
51
124
73
7
9
72
63
65
53
64
57
61
7
66
22
62
9
1
65
0
9
0
9
57
60
10
5
8
10
0
8
11
9
9
58
0
10
60
10
8
20
71
9
69
68
62
5
0
9
9
0
