350
137
373
349
187
355
146
217
214
209
369
342
181
214
336
181
332
213
341
207
336
207
313
158
304
305
303
180
164
309
302
302
292
179
277
164
194
273
266
276
281
281
278
187
186
172
176
176
177
114
25
114
113
24
107
84
19
74
81
119
104
35
68
110
69
117
29
108
24
31
84
153
39
48
155
26
133
112
149
37
160
40
128
93
123
44
129
168
167
169
31
167
142
23
23
24
25
0
192
81
214
200
65
203
54
54
51
53
212
196
127
66
50
55
189
62
194
49
196
42
176
131
61
177
66
76
39
181
180
200
181
57
69
76
180
74
135
201
72
79
80
50
50
51
165
156
54
132
56
239
141
58
118
75
128
134
132
239
101
90
3
113
1
124
9
97
11
112
14
135
104
135
85
159
3
24
152
167
118
142
29
125
1
91
155
125
110
134
161
117
1
79
0
70
77
0
56
27
59
63
14
62
20
16
23
14
60
53
49
6
36
3
50
10
47
22
53
24
55
40
55
59
56
29
11
56
60
57
59
24
62
21
63
50
83
82
85
85
79
29
35
0
32
30
26
77
48
40
67
4
69
3
4
41
4
72
64
80
5
55
7
67
37
65
44
63
9
79
50
82
81
89
12
11
84
90
88
91
38
85
44
92
60
87
84
80
86
82
13
40
42
80
77
0
3
44
6
6
11
25
3
14
24
1
4
70
11
3
71
2
2
39
64
1
5
3
3
2
47
53
49
21
2
2
68
70
2
2
48
2
24
46
1
3
51
49
43
1
3
2
1
3
0
110
60
101
119
12
122
7
4
10
9
91
98
120
4
101
6
83
7
131
6
130
7
108
107
110
86
116
20
7
117
119
116
122
1
112
2
113
93
123
113
121
100
113
2
105
14
101
104
0
134
76
131
133
16
135
11
146
15
15
225
180
143
110
105
20
136
15
129
15
134
175
141
227
108
216
238
143
181
234
237
132
146
162
234
16
134
202
242
106
136
132
229
15
232
0
224
112
0
113
88
66
94
24
110
28
20
36
26
105
101
103
13
91
26
117
26
103
36
128
30
104
130
91
91
133
42
36
134
130
119
112
50
127
43
114
107
147
148
102
137
113
42
82
0
89
104
35
81
40
94
148
31
111
66
12
86
13
92
183
105
114
189
12
192
95
193
115
202
115
175
103
93
188
194
105
10
189
180
195
193
102
102
13
125
85
166
195
193
197
196
15
75
0
72
69
0
148
114
86
155
48
115
41
42
34
48
165
155
101
40
155
36
140
38
156
30
148
37
143
139
139
152
141
30
29
145
146
111
159
37
138
19
137
137
155
113
137
158
130
48
112
6
117
91
13
80
27
18
77
52
18
28
30
51
61
39
59
17
47
33
29
26
37
50
26
66
34
32
28
64
32
33
15
26
48
55
56
56
33
28
6
45
36
21
57
49
21
52
16
17
20
26
16
21
50
14
44
36
18
55
19
10
21
16
48
59
28
21
62
18
54
27
38
24
53
28
53
48
27
45
51
20
29
54
59
55
50
37
42
18
37
59
46
34
54
55
46
39
23
0
16
26
0
87
37
94
88
37
157
21
35
33
36
94
74
94
146
56
37
98
174
189
174
98
172
104
64
93
181
100
171
173
187
104
102
189
40
166
17
102
77
110
100
159
162
168
39
45
155
43
38
147
84
11
18
85
70
94
69
75
71
68
9
82
13
68
10
3
83
2
8
3
16
55
76
13
14
15
18
5
10
15
9
17
75
5
18
65
15
14
26
68
20
77
71
57
13
4
10
12
0
