183
63
192
191
85
190
62
87
82
91
188
177
86
83
186
78
184
88
188
84
183
83
181
92
185
180
175
79
78
179
176
181
182
83
173
65
92
166
175
177
173
168
177
88
95
77
95
99
75
102
20
111
104
16
101
97
14
83
98
108
109
36
93
109
88
113
16
115
9
20
98
124
23
41
129
19
127
104
136
22
134
24
109
63
101
23
115
128
134
130
15
132
112
13
11
13
11
0
103
41
113
99
40
107
53
58
47
53
101
119
59
35
23
33
113
35
120
62
123
53
116
66
31
123
30
37
57
129
130
124
131
50
36
37
83
42
89
109
37
41
42
53
28
23
75
69
27
112
32
150
118
32
78
13
47
48
42
150
104
83
0
95
0
100
0
82
1
100
1
81
95
95
81
97
1
2
99
97
93
89
3
108
0
92
95
95
84
87
113
105
0
84
0
89
88
0
60
21
62
65
9
70
11
10
13
8
62
61
60
5
54
4
71
5
56
12
63
11
71
57
68
63
68
14
9
74
73
72
66
11
59
13
74
58
77
75
71
79
74
11
54
0
50
50
11
51
51
32
66
6
54
6
7
13
3
64
54
55
2
41
5
55
15
59
17
59
5
50
46
60
59
54
1
1
47
61
47
49
20
51
16
63
44
56
47
51
64
45
1
42
17
54
53
0
0
12
0
0
3
8
0
9
9
0
0
15
8
0
11
0
0
7
16
0
0
0
1
0
12
11
10
2
0
0
11
14
1
0
20
2
17
25
0
0
22
25
23
0
0
0
0
0
0
23
14
22
20
4
27
4
3
4
3
18
19
18
4
16
3
16
5
23
5
22
2
29
19
21
21
27
4
5
27
31
28
29
8
20
5
28
27
30
27
24
20
29
6
18
4
14
15
0
58
26
55
60
18
60
18
52
20
19
64
49
70
42
37
26
65
20
72
26
69
63
63
70
40
74
71
51
55
83
76
60
66
45
72
15
50
57
76
47
60
57
75
11
72
0
70
44
0
63
49
38
55
14
61
13
12
19
15
68
49
70
8
66
16
70
19
55
16
67
17
56
70
48
46
71
16
16
68
64
49
59
25
53
22
59
56
66
67
58
64
58
19
48
0
55
49
16
68
33
80
93
6
63
5
5
6
7
75
92
75
16
95
5
99
10
100
19
95
16
100
72
78
100
91
22
9
94
99
100
101
26
75
7
95
74
87
99
100
96
106
6
80
0
77
76
0
49
31
33
46
18
30
14
13
14
15
49
51
34
13
50
19
39
12
46
14
48
19
49
47
53
49
54
14
15
57
45
38
56
14
42
17
51
51
59
42
43
55
51
20
34
6
35
32
4
35
9
10
46
40
11
15
14
33
38
18
30
11
25
19
14
19
25
35
18
35
19
19
12
39
16
17
9
13
37
35
41
43
40
18
14
59
52
16
61
56
17
60
11
8
8
11
8
6
55
11
24
13
43
50
10
33
47
46
28
51
25
9
47
6
49
31
29
26
58
35
56
27
38
57
66
8
40
58
58
57
60
26
28
9
22
51
44
29
55
44
25
21
12
0
10
17
0
58
15
58
54
27
69
26
32
35
36
65
45
69
58
36
32
57
67
81
66
59
62
58
40
59
73
59
61
60
75
69
66
81
38
92
16
70
55
74
81
79
82
80
39
26
59
26
29
63
74
14
5
74
84
73
71
72
72
82
4
74
7
82
5
2
75
5
7
4
7
73
83
8
6
9
7
2
11
8
8
7
80
3
5
79
4
8
13
89
8
86
84
81
4
3
5
4
0
