12
10
16
16
16
17
9
14
12
15
14
18
11
16
18
15
18
16
17
15
18
18
21
15
20
19
17
14
13
19
21
16
17
13
18
15
16
20
16
20
19
19
21
15
10
14
9
10
12
9
3
8
10
1
11
8
0
7
8
12
10
5
8
10
7
9
1
9
1
2
10
5
2
6
7
1
4
6
5
3
4
1
5
3
4
2
8
8
9
9
2
5
7
0
0
1
1
0
10
4
11
10
7
12
3
2
1
2
13
11
7
3
3
4
12
3
14
1
14
0
11
11
4
11
4
5
0
9
11
11
13
1
4
6
13
5
11
13
3
5
4
0
4
146873
10
11
4
16
6
88
12
5
84
84
102
71
85
89
6
7
0
5
0
55
36
39
31
8
23
57
29
34
5
49
0
29
54
50
7
37
45
5
0
6
30
7
44
53
41
7
0
6
0
6
5
0
53
36
60
67
46
69
5
6
15
23
63
70
43
30
59
29
82
25
69
11
62
11
68
81
34
37
63
16
26
67
64
71
69
33
37
8
61
59
79
61
71
71
70
11
24
0
22
33
14
3
43
8
46
51
2
41
44
1
44
48
62
2
28
48
46
42
1
59
3
47
51
53
31
3
2
42
40
45
45
3
57
40
3
44
3
4
23
2
50
59
3
40
47
0
1
3
3
0
7
47
9
9
19
40
11
41
29
5
7
53
22
8
61
10
10
25
72
5
12
10
7
9
44
38
47
20
7
5
58
59
13
5
34
7
28
45
10
13
42
55
45
8
12
9
3
9
0
33
13
14
38
6
44
18
19
13
11
14
16
39
9
23
16
28
24
36
20
41
14
27
20
19
29
37
7
18
33
25
37
42
26
22
14
35
24
36
45
44
14
27
16
22
11
13
19
0
13
10
13
16
3
13
3
77
2
3
85
60
14
50
9
2
19
1
17
3
15
71
13
84
15
69
87
69
72
81
86
14
19
54
82
2
18
72
75
16
16
18
55
2
45
0
58
9
0
12
21
6
14
6
17
4
6
13
3
13
22
17
3
13
1
15
1
14
3
19
1
15
17
12
11
19
3
5
13
12
22
15
5
21
10
12
21
16
13
25
17
26
5
9
0
8
19
4
32
20
35
49
16
23
4
12
16
8
31
39
26
13
41
11
44
8
51
15
47
16
48
27
39
54
53
14
13
40
52
42
52
13
33
12
35
30
33
51
41
41
42
13
16
0
25
20
0
80
56
55
90
13
60
7
1
1
6
85
84
49
1
87
13
67
0
90
7
87
20
76
65
72
79
85
1
3
73
82
58
91
1
80
0
66
85
75
68
87
70
73
10
55
0
71
74
0
37
22
15
37
12
22
2
2
8
12
33
45
24
10
24
2
28
4
42
2
47
3
34
23
34
27
29
7
1
27
50
36
36
15
25
3
39
35
15
39
42
26
48
1
19
0
28
33
0
20
4
9
5
10
21
12
18
20
14
10
14
6
6
20
10
26
13
8
10
12
13
15
13
9
20
16
7
14
22
16
26
11
9
13
3
13
18
18
7
19
22
17
11
5
0
3
3
0
41
32
46
51
16
70
4
12
14
15
56
63
47
81
40
13
52
92
86
65
53
94
62
28
55
99
60
85
79
73
54
61
100
14
82
3
62
40
64
58
69
90
83
14
28
81
20
16
89
70
8
26
73
54
56
29
44
50
54
16
68
23
49
25
1
68
0
14
2
30
27
65
22
18
32
20
1
20
26
24
27
59
1
20
47
15
29
36
49
21
70
67
50
15
2
6
14
0
