531
303
567
581
366
566
260
415
388
395
563
581
356
387
599
349
598
394
591
374
594
382
589
364
585
585
592
379
308
584
593
608
586
378
577
316
393
580
588
583
576
603
596
369
321
343
331
346
339
329
74
324
341
82
335
257
66
178
254
345
362
149
290
375
237
376
89
394
73
115
286
357
106
151
375
75
279
225
372
99
369
108
277
200
226
111
294
381
371
361
82
382
282
69
60
77
76
0
363
166
406
397
187
402
121
133
125
119
407
403
273
176
145
158
434
170
460
184
455
139
461
318
189
487
178
196
206
493
494
490
499
176
168
175
383
182
300
464
169
179
180
141
137
128
297
316
127
376
180
517
398
171
191
104
218
227
226
536
319
256
5
337
6
389
21
285
15
318
28
336
326
373
261
409
7
20
395
394
320
350
22
336
4
298
373
329
303
297
379
329
3
233
0
203
233
6
204
105
214
213
35
215
69
48
85
32
218
246
219
37
189
42
253
55
243
66
249
78
238
180
197
214
235
91
49
235
218
222
209
48
226
79
227
191
236
241
237
246
239
82
134
0
129
119
67
209
189
106
211
21
183
13
20
93
19
221
220
199
16
163
16
204
86
234
98
220
18
205
155
209
193
208
21
13
210
224
204
217
94
211
101
213
139
205
226
211
210
217
22
108
90
187
184
0
9
126
10
9
28
91
7
92
100
3
9
142
65
6
146
8
10
79
162
6
11
11
14
12
131
105
123
47
7
7
138
145
13
6
177
21
126
177
11
12
179
185
169
6
7
5
3
8
0
181
100
129
191
59
184
63
43
63
65
142
134
186
50
128
54
142
82
210
77
204
65
203
136
132
123
196
78
86
213
211
215
204
58
145
30
208
163
195
197
204
132
203
63
123
69
116
119
0
271
140
272
272
87
280
79
274
90
92
312
303
279
248
192
97
281
71
288
95
288
288
281
348
195
333
373
296
312
368
372
274
285
289
366
96
242
334
361
222
281
293
364
76
344
0
341
155
0
288
178
127
269
115
274
60
98
86
128
286
178
250
71
232
108
271
104
176
102
288
126
196
245
184
188
259
108
104
270
261
216
207
87
240
94
219
198
274
256
185
260
200
75
144
0
138
182
97
223
122
260
254
41
153
28
82
62
66
260
256
169
67
287
66
275
54
273
61
265
74
266
186
257
256
253
74
70
273
253
271
267
64
258
62
249
236
223
271
258
266
258
73
158
0
153
149
0
240
171
128
203
60
153
35
93
78
60
214
207
152
90
196
54
240
69
200
44
222
53
237
221
250
251
236
80
68
214
236
157
232
76
231
70
207
209
204
163
211
215
209
59
153
28
129
132
29
149
74
37
142
92
62
85
76
73
92
94
123
65
72
85
76
89
67
124
77
124
80
76
80
128
78
76
57
63
91
129
133
126
111
71
49
143
124
66
133
145
73
150
53
31
43
56
24
51
193
62
171
108
86
201
63
53
76
77
163
215
121
54
204
61
210
92
148
57
201
94
196
159
123
188
199
62
90
209
208
213
213
86
152
32
120
199
129
157
209
209
160
99
101
0
105
97
0
220
91
240
238
71
322
40
68
72
75
230
239
236
237
162
68
273
278
339
306
279
302
247
171
248
346
250
274
307
341
258
257
375
104
359
44
274
214
279
289
311
371
370
94
139
282
138
133
267
236
36
97
243
165
245
128
162
162
162
48
249
69
167
79
17
258
5
75
17
87
149
239
81
65
87
80
20
63
82
83
79
200
18
81
161
78
83
147
191
90
253
248
139
72
12
58
57
0
