301
169
305
310
219
323
157
225
233
225
310
289
179
212
294
190
283
208
279
225
292
207
299
184
307
301
302
195
172
304
299
291
291
212
322
178
188
318
326
319
329
316
320
229
201
193
189
194
198
224
62
225
222
47
232
177
33
134
188
222
194
87
135
202
122
203
42
214
28
61
156
224
64
83
226
46
159
131
219
68
232
71
135
143
102
65
139
208
201
202
47
204
133
37
29
37
35
0
230
101
246
235
90
243
74
72
70
70
248
242
166
79
63
71
247
76
247
97
253
78
227
147
83
240
82
94
93
249
236
242
250
79
77
90
215
83
178
241
91
87
90
70
68
64
183
181
70
200
85
321
202
94
120
77
140
148
143
314
164
146
5
179
3
219
16
146
17
176
23
179
163
193
140
208
4
21
210
206
160
193
22
166
1
149
200
171
154
194
214
174
4
113
0
112
120
2
100
43
111
121
45
112
28
16
39
38
102
116
76
21
82
28
123
42
118
34
113
36
107
68
79
71
109
28
40
97
99
98
110
33
71
27
81
82
101
94
97
101
102
37
55
0
57
55
26
97
99
57
121
24
87
18
17
39
19
112
122
97
13
87
17
113
36
116
42
119
22
116
91
104
96
125
20
21
119
103
125
119
38
116
36
100
94
101
124
118
99
111
23
62
37
83
89
0
10
90
8
6
19
71
6
69
69
6
9
103
59
9
100
10
8
73
97
5
13
9
9
9
93
74
95
55
4
5
96
110
9
6
116
45
86
109
9
11
118
106
117
5
7
8
2
10
0
113
50
71
126
37
121
50
38
49
55
72
73
113
43
73
47
98
50
122
48
111
48
109
72
65
99
112
45
39
114
105
114
110
42
80
25
104
97
107
112
103
75
107
44
72
44
68
66
0
103
62
107
116
27
115
27
174
27
33
187
154
115
128
107
35
118
28
123
32
119
183
117
227
107
221
223
180
201
224
219
118
116
185
225
33
120
201
222
129
131
128
221
33
199
0
214
94
0
132
86
59
136
45
132
28
41
35
46
136
101
137
28
129
54
149
52
98
63
156
53
88
148
113
87
151
55
46
146
148
98
106
59
137
39
123
101
142
134
100
136
107
51
78
0
87
90
36
109
56
116
129
23
61
23
50
42
46
126
112
78
35
116
49
110
18
110
35
104
36
104
77
120
111
112
29
55
119
110
117
118
29
115
45
118
117
95
126
129
122
114
47
72
0
74
67
0
157
86
85
135
30
110
25
48
47
30
128
119
89
62
123
21
163
58
129
14
160
15
171
158
170
169
165
49
46
128
169
106
127
44
169
34
156
149
128
93
156
136
157
24
102
20
99
97
15
87
32
30
86
64
27
27
30
47
60
48
72
26
45
45
28
40
49
74
25
77
29
42
40
77
42
39
17
24
67
77
72
70
40
35
12
64
55
35
67
62
28
61
14
20
12
26
18
8
71
27
62
48
29
77
29
26
35
32
66
87
46
31
76
24
81
32
60
24
75
33
75
69
51
82
83
25
29
86
81
81
83
30
80
16
77
96
71
66
98
93
75
32
45
0
39
48
0
108
42
106
104
37
162
19
41
41
38
113
75
100
152
77
38
102
180
208
197
99
185
110
74
110
195
102
171
186
213
110
118
193
46
200
26
122
100
125
122
192
201
203
43
48
169
47
45
170
120
33
61
133
68
120
47
73
73
71
46
131
69
68
69
11
132
6
59
10
61
57
120
58
60
62
58
15
27
60
61
64
92
9
47
72
51
54
75
102
51
133
117
64
54
9
48
44
0
