336
129
352
353
182
347
123
190
194
171
344
341
169
190
331
140
335
181
334
177
337
181
297
172
318
320
333
170
139
319
320
312
319
168
326
139
159
315
321
326
324
319
318
180
170
164
154
166
154
214
37
224
221
36
226
168
19
131
178
216
195
65
167
210
135
205
33
209
27
49
168
197
65
66
211
44
155
136
193
60
207
64
139
114
117
52
140
179
185
188
34
192
143
22
20
29
18
0
189
92
195
192
82
199
60
54
51
62
194
209
143
71
61
69
195
75
195
67
212
60
179
109
74
181
75
75
52
187
197
181
187
46
64
78
167
69
125
179
76
74
78
42
59
52
146
128
50
192
102
314
230
57
130
48
92
97
89
308
160
143
6
176
1
218
4
158
4
166
6
196
186
207
156
219
4
10
226
222
178
194
4
166
0
166
183
165
141
147
185
170
0
133
0
129
138
2
94
37
96
89
32
89
24
16
30
28
93
101
65
16
79
39
88
47
99
28
104
24
98
42
69
72
95
23
37
106
98
96
94
35
75
25
82
74
94
95
102
104
104
25
49
0
53
58
23
81
83
34
103
13
76
13
19
37
22
92
87
83
6
66
7
88
35
88
43
93
14
88
57
75
75
84
16
9
82
86
84
80
33
88
34
82
52
75
91
92
85
100
17
45
36
75
70
0
9
61
11
7
14
41
4
40
48
4
11
80
33
7
81
4
6
40
96
3
7
9
9
8
76
78
70
39
6
7
94
84
11
8
92
19
63
87
4
10
87
83
90
9
8
5
6
9
0
93
41
57
100
34
101
33
18
30
30
58
61
77
26
65
29
71
38
87
43
92
38
87
69
68
51
92
48
32
79
85
81
84
33
70
13
80
68
78
84
88
65
83
31
66
44
48
48
0
129
63
133
141
52
150
42
125
49
50
141
125
128
108
83
43
125
37
122
32
120
145
111
161
81
158
161
130
139
158
159
117
115
135
155
35
111
144
152
115
117
120
153
34
134
0
139
78
0
88
62
52
101
38
102
22
37
28
40
99
68
99
14
82
32
99
37
62
36
98
39
66
95
68
65
100
28
32
96
100
65
70
25
77
34
80
73
99
82
73
88
70
26
57
0
58
76
36
97
30
112
107
14
78
13
44
25
36
125
107
89
28
117
40
109
12
108
19
103
18
102
73
115
105
105
21
37
100
95
98
99
31
111
39
105
110
95
109
113
114
112
35
77
0
77
82
0
124
58
66
96
17
84
15
53
49
18
95
88
81
53
90
19
126
51
85
15
136
17
133
125
131
129
133
42
37
85
134
72
85
48
123
45
129
118
86
72
108
86
99
30
61
13
67
60
12
77
44
35
77
40
26
27
31
37
43
42
68
46
36
40
32
43
30
70
26
67
30
44
36
65
36
40
26
26
61
62
63
59
50
42
25
77
59
38
74
73
31
74
19
23
18
28
17
13
62
14
52
37
30
68
26
30
41
38
48
76
56
20
75
16
68
33
57
23
73
30
74
54
53
83
87
15
38
91
83
74
83
39
46
23
50
82
64
45
85
82
62
38
36
0
32
33
0
126
58
128
129
43
149
16
43
46
42
128
113
115
125
86
35
124
131
177
144
126
141
124
93
129
171
123
119
127
185
131
133
174
53
168
30
133
104
139
136
156
175
180
48
75
125
69
70
118
99
27
49
119
82
117
56
74
78
76
32
108
52
63
50
8
113
5
43
7
49
54
122
42
42
47
40
11
28
44
39
43
92
9
44
79
39
44
65
95
38
113
131
69
32
7
33
31
0
