430
193
459
446
265
465
159
274
273
277
473
444
213
265
450
198
428
269
448
258
434
250
404
218
411
409
398
245
195
405
402
415
404
237
387
180
225
410
414
405
410
410
423
244
209
201
217
229
201
270
59
276
280
73
273
214
51
161
214
276
269
98
213
257
174
274
79
274
50
99
223
222
71
89
238
54
180
166
244
74
233
80
158
153
127
67
159
224
233
227
56
222
164
43
38
46
47
0
252
94
266
267
132
266
88
84
67
85
262
252
170
118
97
104
246
106
281
92
263
79
245
171
113
277
117
118
72
266
271
268
272
75
96
114
251
112
198
267
112
123
115
53
87
83
205
203
83
224
125
328
236
76
145
54
119
121
119
326
196
170
4
200
4
227
6
153
10
200
11
204
191
210
168
235
6
14
236
236
183
218
12
191
2
162
242
200
184
205
253
204
3
145
0
152
156
3
144
68
153
146
36
147
34
28
45
40
149
139
123
23
107
32
139
41
138
47
144
52
127
94
118
125
146
43
30
140
141
140
137
25
134
45
128
119
144
146
134
134
139
43
78
0
67
78
52
115
111
53
132
17
108
14
18
61
17
127
134
125
17
93
15
129
57
133
58
140
22
136
92
123
116
141
22
20
149
134
139
137
71
139
54
139
101
124
146
142
135
136
22
66
69
114
104
0
9
100
16
7
20
90
10
76
81
6
13
110
62
9
117
10
10
57
120
10
12
8
15
9
107
98
112
52
12
3
119
119
14
10
116
34
79
106
9
12
102
97
111
7
10
9
4
9
0
104
46
84
120
26
113
34
26
31
34
82
95
135
32
91
42
108
41
130
40
124
42
124
92
101
106
128
39
44
131
130
133
140
37
101
26
123
116
133
128
125
96
131
42
92
43
72
68
0
159
89
151
160
37
160
33
162
41
41
190
190
162
140
129
51
172
41
172
46
174
165
171
205
134
208
214
160
192
227
233
187
194
167
196
57
162
207
202
145
169
178
212
49
200
0
208
109
0
168
107
95
151
63
175
41
56
58
60
180
119
172
45
143
69
162
79
111
70
165
76
124
163
121
114
167
55
65
168
174
127
126
65
155
62
127
125
168
168
123
177
127
57
82
0
77
116
49
143
80
158
173
35
100
33
36
65
38
151
194
91
67
199
47
208
35
199
61
201
56
177
107
153
167
172
43
39
157
171
179
178
51
151
50
154
147
138
166
179
176
177
46
115
0
98
107
0
139
95
75
125
33
93
31
58
58
29
117
114
81
59
117
38
138
62
121
28
148
36
149
133
164
157
153
64
58
113
149
76
113
55
124
37
117
119
127
82
111
120
111
32
79
13
76
68
13
97
50
26
98
61
33
45
44
59
55
56
90
48
60
55
47
54
48
88
52
77
43
49
48
74
50
57
28
46
72
78
73
82
64
49
19
96
62
38
90
82
50
90
30
19
29
39
24
25
106
33
91
68
50
118
48
41
50
47
99
115
60
43
115
39
114
63
92
38
127
66
127
84
50
113
123
39
66
132
133
127
125
67
99
36
73
131
95
94
118
125
96
83
58
0
59
59
0
168
63
164
165
71
172
32
69
64
65
163
149
157
128
76
69
157
156
188
162
164
177
162
76
166
211
172
152
177
214
168
175
220
64
219
31
161
105
169
150
177
198
202
65
68
149
60
70
152
136
29
43
151
104
143
86
102
106
112
34
143
35
112
49
6
147
7
38
8
51
99
144
44
43
38
45
14
33
54
45
52
125
7
48
122
42
49
74
134
48
160
150
111
31
6
34
32
0
