516
247
540
541
331
535
217
377
363
362
526
507
275
335
518
283
508
327
509
352
493
327
501
286
507
517
516
312
269
503
526
512
508
320
508
285
299
499
511
508
526
517
513
319
271
287
283
280
294
304
65
308
317
85
313
268
52
199
254
329
310
121
257
315
209
320
98
337
56
109
275
312
104
129
332
70
278
213
330
104
311
107
250
204
189
97
238
324
315
302
72
319
249
57
48
55
59
0
320
164
355
339
165
354
100
112
97
101
351
338
219
155
129
133
341
154
391
121
374
102
311
219
162
333
150
162
102
345
341
345
345
88
131
137
313
144
254
352
141
146
155
77
103
108
273
276
109
310
156
418
301
102
171
83
145
151
159
438
279
234
5
277
4
310
11
212
15
297
18
279
282
292
246
327
6
12
317
320
269
282
9
265
2
257
308
285
245
251
309
272
3
205
0
194
202
2
146
69
155
160
35
163
40
32
52
31
155
159
135
25
131
34
149
43
151
54
152
53
154
108
142
130
173
47
50
167
173
177
175
48
153
51
154
145
170
174
178
173
177
52
96
0
91
88
52
144
172
69
174
21
150
17
22
54
23
165
174
162
17
135
21
153
67
179
70
187
25
162
124
155
155
172
37
26
182
164
186
182
77
199
61
157
111
153
193
190
166
196
35
85
72
131
137
0
12
133
9
8
23
99
13
96
103
11
16
178
85
11
175
13
12
96
181
10
9
16
14
12
171
130
160
89
14
11
170
185
13
11
180
55
139
172
18
11
184
192
184
12
10
13
7
14
0
156
69
121
167
28
166
44
31
39
42
118
132
162
30
129
30
132
42
181
43
173
42
191
126
133
126
187
40
49
195
192
184
196
45
139
32
191
160
188
197
198
133
193
50
116
43
106
102
0
233
117
228
246
75
238
67
229
71
72
275
250
226
188
157
76
238
56
262
67
256
241
246
320
177
291
331
246
268
313
312
258
265
241
301
93
219
284
287
204
260
256
293
62
283
0
272
159
0
208
140
112
191
90
231
45
76
65
101
230
146
237
66
182
99
234
115
132
121
253
112
143
205
133
126
246
91
85
241
229
152
172
97
198
65
155
141
227
220
132
235
144
90
113
0
99
141
69
144
76
164
220
57
136
65
38
108
44
158
224
140
77
218
42
239
61
225
79
221
81
225
137
143
221
221
73
41
228
232
224
231
97
140
46
192
142
151
229
222
229
227
43
93
0
101
106
0
197
112
77
144
49
128
37
83
76
62
137
121
94
88
131
40
181
87
135
27
180
32
181
179
190
185
188
81
74
130
174
103
139
74
173
64
150
165
133
97
153
147
150
58
92
23
84
86
18
117
51
30
120
72
36
50
53
50
82
61
105
48
72
70
47
63
60
99
56
85
54
64
62
109
67
60
21
44
76
107
103
96
77
55
28
115
102
48
111
103
49
110
31
26
31
36
28
22
138
51
136
101
44
163
44
36
47
50
148
166
71
45
155
39
152
53
134
42
151
59
156
130
109
150
164
37
56
151
157
161
162
50
129
29
108
162
118
138
161
171
146
58
88
0
91
86
0
184
81
197
184
50
240
17
57
57
51
191
182
191
203
120
60
187
220
261
239
199
250
190
124
190
288
198
211
236
293
202
208
300
60
296
42
209
142
218
225
266
317
314
62
106
226
117
104
223
144
19
50
149
98
144
83
110
102
97
30
144
53
104
52
14
139
9
48
18
55
87
161
52
40
49
49
22
45
45
52
51
130
19
45
129
50
45
79
131
57
159
173
109
43
14
38
36
0
