454
227
477
477
271
478
187
286
301
288
472
440
242
287
447
230
455
287
444
284
462
274
431
247
442
446
439
266
213
436
449
439
447
251
423
240
265
412
438
421
439
430
415
276
262
250
263
272
249
227
67
224
237
58
240
160
51
121
160
238
212
80
173
244
147
252
62
233
60
82
172
264
84
110
282
60
210
176
263
76
278
89
208
178
169
74
211
274
270
268
60
274
192
57
48
62
59
0
276
114
276
288
126
283
79
79
74
82
300
286
208
100
91
101
302
102
305
102
322
74
258
191
103
282
114
112
75
271
291
277
276
61
99
106
253
104
204
285
103
111
109
57
87
95
225
231
84
211
110
311
228
94
145
77
141
147
144
339
176
154
9
189
3
221
6
160
5
183
7
206
192
217
146
241
9
7
230
246
171
213
11
195
2
175
221
189
192
185
222
188
3
139
0
135
130
3
139
96
164
153
30
153
52
49
61
27
158
160
151
31
124
24
159
38
158
62
161
67
148
121
144
157
169
70
34
168
168
155
168
46
158
54
161
134
169
163
168
178
172
70
94
0
89
94
53
120
143
53
157
32
104
25
31
37
32
147
136
116
19
95
23
138
45
138
58
142
30
147
81
109
107
147
32
23
145
121
155
154
53
138
50
113
86
113
136
140
123
144
25
62
54
102
104
0
6
99
7
4
20
82
5
67
78
6
8
153
59
3
152
7
6
94
149
6
6
6
7
7
149
132
117
67
7
7
150
163
10
7
139
30
105
133
8
7
141
143
138
4
5
6
2
6
0
175
79
115
186
37
187
53
27
51
50
110
131
168
39
109
37
132
50
170
52
155
47
162
132
116
109
170
51
47
162
178
177
171
50
136
23
182
137
169
182
188
119
187
56
114
53
91
101
0
192
118
195
207
54
208
50
168
54
60
227
240
198
172
139
64
203
53
213
61
202
190
218
272
142
243
276
192
200
281
272
228
229
181
263
85
204
262
272
158
235
228
267
60
252
0
255
134
0
213
147
99
201
84
216
41
65
55
81
215
138
197
41
131
66
218
83
136
80
227
80
139
185
124
136
187
69
61
199
202
144
147
69
200
61
147
158
220
197
132
222
167
66
107
0
97
121
62
150
93
176
211
44
119
60
45
83
53
169
211
104
71
208
47
202
51
207
77
216
80
199
121
168
185
190
78
44
204
197
187
183
81
145
41
163
155
150
206
193
203
213
57
103
0
101
108
0
151
140
93
149
69
114
47
47
48
69
171
160
106
50
155
46
161
48
158
48
171
64
160
149
165
162
160
43
48
154
161
100
143
55
142
45
131
142
153
104
130
148
119
63
82
13
89
87
11
121
56
31
116
81
50
41
43
57
77
75
107
46
74
68
32
62
57
122
49
107
44
61
53
122
70
62
47
41
84
131
129
128
77
47
26
118
86
40
108
112
49
114
27
32
26
44
33
22
144
46
120
83
50
135
41
45
66
66
129
119
63
32
132
33
124
59
115
33
130
61
121
117
74
133
121
42
49
132
124
133
140
62
110
31
83
122
104
115
153
154
108
62
81
0
81
74
0
158
79
180
165
54
228
28
61
58
61
173
172
183
172
95
72
189
181
226
205
190
212
177
91
171
233
174
179
186
247
171
171
255
67
248
31
168
100
170
176
202
246
247
66
81
201
81
84
183
142
23
58
145
94
143
84
107
90
93
42
142
53
102
53
11
144
8
48
16
51
89
152
46
45
52
52
12
31
49
53
59
139
13
52
109
47
52
88
144
61
162
164
101
49
13
52
47
0
