217
132
221
218
165
219
89
164
168
178
217
218
146
166
212
146
216
158
210
158
215
164
203
143
204
210
213
137
147
184
209
209
193
166
196
145
147
191
208
195
206
218
195
163
138
153
159
134
154
96
14
94
87
22
93
59
16
55
66
86
89
40
66
98
61
87
14
97
20
28
66
98
30
41
103
26
81
65
101
25
108
33
84
75
58
31
74
111
111
110
31
108
81
19
17
21
23
0
136
52
152
144
57
159
56
52
42
52
152
134
110
52
39
41
137
47
153
41
142
38
139
95
59
132
51
48
46
151
156
144
166
36
51
51
131
58
104
143
56
62
60
36
40
44
117
130
47
107
33
188
105
54
88
65
104
106
111
197
89
66
2
85
1
109
11
75
7
88
12
77
73
89
61
105
3
6
103
101
74
91
4
77
1
63
89
73
75
77
88
74
1
60
0
58
65
1
53
25
54
51
12
56
21
14
26
7
53
55
48
10
49
5
63
18
67
25
69
31
67
41
50
54
66
24
19
61
65
62
67
25
53
19
55
53
74
71
68
71
72
25
33
0
33
36
24
74
80
35
81
13
62
8
13
29
14
84
76
76
13
58
6
78
26
80
26
75
19
82
43
68
70
78
17
9
78
76
81
77
28
73
30
68
42
65
80
73
72
66
14
42
32
61
63
0
1
29
3
3
5
22
1
24
25
2
3
36
10
1
38
0
1
20
38
1
2
1
2
2
34
34
37
20
0
1
39
44
3
0
56
19
52
53
2
1
52
60
55
1
1
1
0
2
0
67
29
43
68
14
65
29
21
28
30
40
38
52
21
36
23
42
28
63
27
68
23
59
43
37
44
65
17
29
70
70
71
64
21
41
15
60
48
64
65
63
36
67
23
41
21
30
36
0
78
36
74
81
17
89
15
128
16
17
157
97
76
71
51
25
78
22
84
19
81
116
80
161
49
169
173
108
136
177
176
85
84
114
171
21
78
146
172
67
89
88
168
20
168
0
161
57
0
63
53
50
69
28
74
22
18
28
28
72
54
65
15
55
23
67
25
56
30
77
29
55
74
50
54
73
36
23
67
77
56
59
29
72
38
61
62
76
76
56
76
62
28
36
0
41
51
35
69
31
72
83
11
55
15
23
22
21
80
82
55
17
75
21
72
13
86
20
81
19
85
56
67
87
85
13
18
84
75
80
79
32
76
19
73
64
70
96
88
91
83
20
49
0
53
44
0
107
55
88
121
31
98
18
20
14
25
119
110
93
19
112
24
124
23
115
18
116
25
116
116
116
116
116
18
19
117
115
91
108
15
113
14
106
104
117
89
110
107
109
22
99
5
87
89
6
41
35
16
49
20
19
28
22
22
21
33
42
23
31
37
21
37
26
45
28
44
26
38
32
45
36
33
15
18
33
45
44
47
27
39
12
47
39
32
44
49
28
48
19
14
15
20
13
11
40
12
40
25
18
46
19
10
23
20
43
35
21
17
32
15
40
21
38
13
38
22
32
40
27
43
41
18
19
46
41
43
44
26
44
12
34
54
34
37
58
47
38
26
23
0
19
23
0
56
31
64
71
25
129
6
23
24
25
62
64
63
124
54
30
66
126
146
137
63
132
72
49
72
144
71
128
134
151
86
76
147
33
144
15
71
65
78
74
149
150
156
27
43
137
40
37
127
73
4
28
74
56
69
35
48
50
52
19
57
27
46
26
1
69
0
19
2
20
30
87
24
21
25
24
5
23
26
29
26
75
3
24
69
24
26
47
80
26
88
95
58
21
1
23
22
0
