315
176
322
330
255
323
178
270
275
265
318
343
176
253
350
200
349
268
353
264
331
259
319
200
330
336
333
259
189
350
334
336
339
250
325
186
213
329
319
330
325
344
330
260
197
205
191
199
217
205
55
190
197
47
211
146
34
106
148
204
204
91
150
202
122
213
55
220
40
72
152
207
69
96
204
55
162
136
207
76
216
68
143
147
111
78
144
202
194
208
55
218
136
38
42
46
44
0
247
113
262
268
147
252
72
61
62
63
264
281
204
117
114
110
287
126
297
77
302
73
291
201
121
293
129
144
81
300
292
307
298
70
130
134
262
127
185
272
130
134
134
42
96
76
210
220
82
196
109
286
209
100
118
61
137
127
128
294
180
153
9
172
3
206
12
160
5
182
13
201
175
200
155
217
7
13
226
230
180
196
13
175
3
150
214
172
142
173
212
178
5
113
0
102
111
4
134
62
126
145
25
128
27
24
43
19
136
140
128
26
95
26
144
33
134
36
133
39
141
88
107
125
143
48
32
136
142
140
138
23
125
43
125
103
127
132
131
127
120
46
84
0
80
81
41
95
78
40
90
9
81
8
8
48
10
91
109
110
21
71
18
93
55
105
64
120
26
104
74
103
97
102
15
13
103
103
104
99
66
102
70
107
79
123
101
109
117
117
18
43
61
99
91
0
11
90
8
4
25
65
6
62
77
4
11
104
48
6
114
7
10
70
116
7
7
7
12
12
108
92
114
45
7
9
125
129
9
7
147
35
106
147
13
11
145
151
144
7
9
7
6
8
0
133
74
94
138
60
135
55
35
56
52
87
91
119
51
82
50
96
65
143
68
139
54
134
88
81
89
128
66
58
125
126
129
138
62
96
47
143
121
134
148
147
81
155
75
86
65
66
59
0
160
81
158
161
53
171
46
187
52
51
196
190
157
166
122
54
176
44
156
48
165
179
154
220
99
207
237
181
205
246
247
153
159
198
234
43
128
224
239
111
155
158
239
27
215
0
206
100
0
166
109
89
149
43
173
54
42
57
50
170
110
153
36
127
45
171
57
107
50
183
52
122
174
117
113
168
71
63
174
177
114
115
64
144
61
114
105
168
151
99
168
109
48
80
0
68
107
64
123
59
123
105
17
58
13
57
25
49
141
126
74
21
124
66
113
18
131
26
127
26
136
103
133
151
131
34
66
146
134
146
150
34
128
63
131
131
107
147
147
132
139
64
74
0
82
73
0
143
100
59
123
40
98
28
50
53
39
120
117
88
57
126
31
161
52
125
20
160
37
154
152
160
165
172
49
51
108
162
87
113
36
145
29
129
145
117
90
149
123
137
31
84
6
89
87
12
86
44
17
82
64
43
57
50
47
60
58
72
35
57
56
48
63
36
84
55
84
61
59
59
101
54
60
42
48
78
87
91
85
55
46
14
83
65
29
79
83
39
81
30
19
25
27
22
20
87
42
75
53
47
98
40
29
52
54
94
107
52
35
106
31
106
43
88
32
107
45
104
76
49
106
96
31
42
107
112
110
96
42
86
21
59
104
56
75
101
98
84
44
48
0
50
53
0
152
78
157
164
42
199
8
41
46
36
161
163
157
140
105
37
163
180
206
190
166
184
157
98
157
228
148
185
197
233
158
155
239
34
226
13
160
109
150
154
192
239
234
27
85
170
84
75
177
127
33
79
131
62
127
59
62
62
60
70
137
61
86
79
23
143
19
72
23
87
57
145
91
73
81
80
28
43
90
85
91
113
23
82
84
59
82
90
91
73
142
138
59
56
23
58
53
0
