216
92
224
222
149
223
92
151
153
151
227
214
110
132
207
116
216
138
213
134
199
139
203
120
200
196
193
136
117
184
198
198
206
134
176
120
109
195
194
174
194
190
192
134
109
135
107
118
121
101
17
98
100
18
102
79
16
57
74
108
98
37
66
103
54
103
19
118
12
27
70
89
27
36
97
27
59
51
84
30
90
34
64
76
45
33
66
101
102
105
24
100
68
14
10
15
14
0
116
49
121
134
48
127
31
31
30
32
121
111
80
50
41
37
120
50
126
38
126
28
144
87
56
158
51
52
50
154
150
154
148
50
48
48
119
58
120
151
53
52
58
48
32
34
102
101
35
104
49
175
117
40
81
46
75
71
83
178
88
74
3
91
1
113
5
70
9
90
10
103
79
99
84
114
4
14
122
112
86
109
4
86
0
79
95
84
83
88
96
93
1
57
0
51
56
0
39
26
43
49
17
48
12
13
18
7
49
57
35
10
44
22
60
27
60
16
62
15
69
28
37
26
68
20
37
76
73
71
76
32
36
17
49
49
55
63
59
65
66
15
22
0
22
22
14
64
74
22
79
22
51
17
23
24
21
84
84
62
15
53
18
82
29
84
26
94
25
92
54
65
59
90
22
19
86
65
84
91
31
87
29
60
45
59
79
84
60
87
27
25
31
53
52
0
2
56
3
4
11
37
2
37
42
2
4
69
34
2
66
3
1
35
73
2
2
2
3
1
77
60
76
27
4
3
83
85
1
2
76
10
53
75
2
2
74
71
73
3
4
0
0
3
0
103
50
60
108
40
108
51
26
52
54
57
65
95
30
64
32
76
49
95
49
93
43
81
70
63
62
94
46
41
92
84
88
90
44
72
20
102
81
103
107
102
60
101
46
71
50
70
72
0
94
39
82
92
48
90
37
99
46
48
106
89
85
68
57
36
87
32
83
39
91
101
80
120
57
122
121
94
114
134
129
82
81
105
122
37
64
119
141
69
83
85
136
19
129
0
123
55
0
71
35
26
63
34
71
15
39
30
39
74
44
65
24
53
32
64
33
42
39
67
40
38
59
37
42
59
30
30
59
60
46
46
19
45
34
52
44
53
55
45
61
41
24
30
0
34
43
32
67
17
78
58
6
39
17
44
24
42
69
49
33
22
49
46
50
12
52
23
45
19
42
30
66
45
45
20
43
37
42
48
46
19
73
39
34
66
40
48
52
51
46
40
28
0
32
31
0
85
48
51
75
12
64
7
29
22
10
76
69
64
25
75
12
95
28
86
13
100
13
98
93
105
99
97
25
24
82
94
71
83
23
88
22
81
79
80
66
87
75
81
8
70
6
63
61
6
35
27
26
35
9
25
27
25
5
6
38
36
25
11
40
23
35
9
32
21
34
25
39
33
37
36
42
8
19
23
37
37
32
6
44
7
33
22
26
34
35
34
31
14
26
14
27
22
6
40
8
45
35
18
42
15
7
17
12
46
36
34
14
42
10
39
17
39
7
39
15
42
42
35
45
46
15
14
49
51
48
51
8
56
6
41
46
43
42
53
45
39
14
29
0
27
37
0
71
30
73
70
16
119
6
20
20
17
67
59
72
94
62
19
70
106
130
119
74
112
74
63
76
131
77
107
115
138
81
69
146
20
142
12
68
60
77
67
136
138
138
21
53
101
49
51
95
60
22
50
66
28
68
16
30
20
25
39
77
39
31
53
13
72
4
45
14
53
23
65
47
42
59
49
12
11
53
51
48
65
7
46
22
51
47
56
54
44
72
58
20
35
7
43
33
0
