526
268
547
539
407
540
267
433
428
433
548
527
304
421
533
363
527
419
521
408
518
412
542
345
532
524
528
412
330
541
521
541
542
398
535
349
374
552
546
546
538
557
559
408
338
369
333
354
371
318
76
322
340
90
330
271
65
202
270
344
326
138
263
334
220
328
84
329
80
91
260
324
87
146
349
80
258
237
325
89
341
100
284
171
238
107
296
355
371
349
84
353
297
81
78
84
82
0
415
191
431
467
230
465
149
161
126
146
466
484
331
213
167
207
510
206
515
198
498
169
494
297
231
504
219
233
212
533
513
529
535
162
201
216
426
213
270
466
209
231
224
150
185
159
344
340
165
392
130
534
414
176
224
141
246
272
267
575
304
234
5
325
4
369
10
258
10
317
19
320
300
339
273
404
3
21
395
391
307
344
18
326
2
282
350
315
289
279
354
307
3
216
0
219
227
1
119
55
134
136
17
135
66
28
77
12
130
127
166
11
112
10
130
9
140
77
126
74
147
102
148
175
140
73
19
141
132
138
137
24
176
81
138
123
141
158
151
144
149
82
93
0
113
100
70
220
170
109
206
9
213
7
14
99
13
205
199
230
10
143
8
202
108
210
120
212
8
194
149
225
226
214
8
8
200
239
194
187
115
205
100
226
155
217
200
205
238
204
7
106
109
190
192
0
2
78
4
3
10
67
2
70
73
1
4
104
44
2
109
2
2
65
113
2
2
3
5
3
99
79
97
43
1
2
105
119
6
2
107
28
92
107
5
4
112
121
116
2
1
1
0
1
0
112
75
89
126
35
117
30
18
32
30
99
98
104
32
93
33
94
39
122
35
124
35
120
96
80
89
108
42
30
131
120
119
120
27
100
19
130
107
136
134
131
95
141
37
101
39
91
84
0
187
112
195
214
34
208
28
301
36
45
339
324
190
250
162
41
206
30
197
48
204
334
207
392
177
396
411
310
355
404
409
215
203
329
395
52
215
357
389
197
228
228
396
44
377
0
370
156
0
259
184
140
242
79
259
67
73
93
84
253
201
254
64
216
79
259
83
190
79
261
89
196
245
194
192
247
87
74
254
250
196
199
85
213
104
205
194
234
239
180
237
209
77
151
0
145
192
89
210
131
224
252
36
168
19
43
42
41
243
296
203
71
309
47
302
33
308
71
300
67
324
206
243
315
332
74
46
315
331
309
313
93
228
44
329
228
227
340
318
320
344
45
173
0
172
177
0
304
211
139
238
52
219
37
91
85
47
241
255
167
85
249
55
293
85
241
38
283
43
299
281
299
309
286
74
69
235
300
189
235
83
280
57
256
275
248
181
272
276
251
56
195
17
187
192
19
158
70
45
159
113
61
86
90
91
123
100
128
54
105
83
81
91
80
122
95
132
92
95
90
132
102
100
55
90
118
135
133
123
87
91
29
141
101
69
137
140
78
139
64
22
47
45
29
45
155
45
131
80
56
170
70
43
69
72
133
157
73
60
162
58
165
77
121
47
162
68
154
135
83
147
149
59
73
144
137
140
136
73
141
32
120
158
122
141
162
160
153
79
73
0
75
77
0
234
88
239
221
80
269
40
79
71
69
234
241
248
256
152
68
260
326
350
352
242
353
251
148
265
355
243
320
346
365
236
254
375
95
363
54
264
167
267
266
326
365
351
87
114
333
112
114
308
212
31
46
226
177
233
157
176
174
177
28
236
45
188
51
14
231
10
37
16
43
175
235
47
37
47
43
16
45
47
39
39
210
17
43
198
33
46
73
207
44
256
241
211
31
12
33
27
0
