230
105
260
245
159
256
107
167
168
168
241
247
153
161
256
144
261
169
253
161
258
151
251
140
245
241
248
153
138
254
254
242
243
157
267
135
147
261
265
259
258
264
264
159
139
144
141
145
138
179
37
181
181
38
189
146
33
119
142
185
179
64
137
187
124
189
35
194
33
50
146
187
62
67
190
37
147
127
197
52
196
65
143
122
105
55
136
182
190
191
45
188
155
34
31
43
45
0
172
84
194
196
96
199
76
80
79
85
202
199
109
70
59
60
190
71
197
88
194
78
179
107
67
197
77
75
80
186
182
179
184
69
69
77
147
76
128
184
75
64
82
65
64
65
135
129
55
191
65
264
196
71
112
42
94
92
98
273
155
113
5
157
4
170
8
113
4
150
9
139
138
168
132
175
4
13
182
183
157
168
9
154
1
138
162
152
138
143
154
150
0
111
0
109
111
0
73
40
86
82
17
81
38
15
40
17
85
84
80
19
83
21
81
24
88
35
89
42
81
79
75
82
86
40
21
78
91
77
80
26
84
34
92
80
88
94
93
97
95
34
50
0
45
45
32
94
82
54
102
12
89
9
13
31
11
107
104
104
13
94
10
109
34
110
35
96
11
98
99
99
103
97
12
8
97
118
102
106
43
103
37
105
96
100
110
111
107
100
11
63
37
95
90
0
6
69
6
4
10
68
3
65
70
4
5
69
61
2
78
6
5
66
75
3
8
4
5
5
66
64
83
52
5
2
77
82
6
4
81
27
64
76
6
6
87
80
86
2
7
5
2
7
0
67
25
56
78
12
76
19
12
19
21
55
49
74
24
55
19
61
25
68
20
68
20
67
53
53
59
63
29
27
62
63
67
62
25
57
18
62
57
64
83
75
52
69
30
49
26
48
48
0
90
43
87
88
20
91
16
120
21
19
132
110
90
95
78
26
99
19
104
25
105
128
105
154
84
153
176
129
139
167
170
102
105
128
170
40
103
151
162
98
113
117
171
26
143
0
152
63
0
96
64
55
87
36
95
27
27
43
36
94
62
100
23
87
33
96
34
61
37
104
38
68
91
72
68
98
25
32
98
93
71
74
30
89
41
75
68
90
96
71
103
73
24
48
0
50
69
37
83
29
79
100
16
64
17
25
29
26
89
105
55
32
100
24
88
16
92
30
90
28
92
59
89
90
96
24
27
83
97
92
86
23
90
28
84
87
64
100
99
103
101
29
57
0
61
56
0
120
67
61
78
21
78
12
43
44
16
78
89
66
39
95
19
123
35
86
12
125
15
126
108
121
113
115
38
32
99
108
67
105
35
101
25
93
100
94
67
90
77
96
23
59
10
64
55
8
59
31
17
52
39
22
34
33
28
37
38
42
12
26
32
25
35
30
50
27
47
32
31
25
44
35
35
6
25
43
43
52
49
28
28
4
45
50
22
52
50
24
46
20
11
16
18
15
16
65
23
56
40
27
67
25
22
30
30
63
50
37
25
49
25
56
18
48
7
58
16
66
50
37
75
73
26
34
76
67
72
71
30
58
7
45
64
43
55
68
71
54
37
31
0
32
28
0
85
38
91
84
31
128
17
32
27
32
88
86
92
112
44
35
83
122
145
141
85
126
97
47
93
141
100
127
126
139
97
101
141
36
150
12
93
75
106
99
127
146
149
38
50
119
42
37
118
70
18
28
71
53
83
49
46
49
58
20
85
24
62
30
10
85
3
22
9
31
59
124
26
22
29
25
8
21
32
29
27
101
10
26
95
27
30
53
113
27
111
126
94
24
8
23
21
0
