432
237
438
424
355
445
252
386
368
368
439
480
295
366
459
280
481
385
458
374
461
361
460
250
458
442
454
356
287
460
448
458
458
358
475
308
330
484
483
475
469
490
491
361
271
327
271
277
310
99
34
109
111
25
104
84
22
51
79
115
118
58
84
120
63
116
30
124
26
45
90
80
38
36
83
22
61
40
90
37
88
38
65
87
36
42
66
95
102
100
37
105
65
30
24
31
28
0
345
172
375
391
207
391
105
110
108
107
393
392
284
188
168
187
396
202
426
131
431
111
399
264
199
420
206
223
118
403
411
417
418
108
189
208
367
198
271
388
203
213
217
88
169
158
313
315
154
125
64
368
137
54
266
253
277
292
297
374
91
72
1
87
1
224
76
185
118
91
115
164
131
191
69
190
1
84
192
187
83
181
93
82
1
87
167
90
160
171
203
95
0
57
0
61
55
0
170
79
189
199
69
181
70
51
82
53
179
178
170
48
137
52
179
63
176
83
177
86
181
145
140
160
202
84
69
188
193
181
204
77
172
71
190
170
206
193
207
208
212
78
82
0
82
81
78
178
152
79
178
23
173
22
29
95
35
181
173
180
28
148
23
176
109
178
118
179
26
174
153
201
184
173
29
32
178
211
162
166
120
158
118
193
140
178
174
175
197
185
29
92
124
177
177
0
27
148
27
17
39
126
21
117
122
18
25
178
122
19
188
19
20
120
165
15
24
23
25
20
175
153
168
86
22
17
176
186
24
20
162
60
123
152
24
18
163
164
162
20
26
20
11
24
0
149
81
89
170
54
165
83
65
72
79
103
101
166
82
104
74
143
83
158
84
171
75
167
118
99
143
186
75
81
177
191
179
194
84
113
70
182
154
185
173
179
102
188
96
114
76
96
84
0
111
58
109
126
28
130
24
257
30
32
314
267
130
194
107
45
135
39
129
44
148
283
149
328
119
328
349
267
299
350
347
149
157
270
325
50
134
294
338
138
157
152
329
42
311
0
302
81
0
214
153
117
193
88
217
93
71
108
88
206
155
211
56
191
76
199
82
150
84
225
90
178
221
149
154
218
73
62
226
222
173
180
79
193
115
171
177
219
203
186
212
196
62
107
0
106
180
102
168
103
183
175
27
97
26
68
52
65
164
160
100
35
164
74
170
25
170
46
174
39
160
113
163
164
169
39
67
166
178
170
168
29
157
62
168
161
120
165
168
171
178
79
110
0
100
91
0
241
222
166
279
48
223
34
23
26
51
279
253
203
31
267
58
240
28
265
33
241
55
276
245
272
285
273
32
29
261
286
215
284
22
259
22
244
259
279
207
272
267
267
50
223
6
221
206
3
125
80
48
126
77
58
80
82
56
81
99
120
61
59
91
64
94
38
114
74
113
87
94
80
118
94
90
45
73
86
107
110
120
71
62
21
117
80
60
94
101
71
108
53
37
40
49
33
48
130
50
133
90
49
140
76
42
55
51
139
142
90
71
152
65
151
58
145
42
158
60
158
133
102
154
165
77
62
163
159
179
160
59
134
28
125
161
115
147
173
172
151
67
79
0
82
84
0
215
123
246
234
66
251
24
67
58
59
240
203
228
214
154
58
245
258
303
281
242
289
210
139
223
290
226
254
277
307
241
222
315
63
305
41
208
142
197
209
295
315
318
42
101
255
111
112
260
164
39
103
179
102
168
80
95
112
102
62
178
52
91
91
24
185
12
76
26
88
67
178
82
68
91
88
32
54
76
85
84
133
28
91
94
73
89
131
143
91
168
186
73
56
22
66
66
0
