358
150
374
366
225
359
159
235
241
231
360
346
189
217
325
160
339
207
331
221
339
196
346
174
328
323
333
208
176
341
342
322
332
222
334
188
200
337
313
326
337
339
345
210
188
179
197
191
172
207
45
220
219
55
210
181
39
142
186
230
194
69
163
199
139
204
67
203
34
86
155
188
68
79
198
53
156
114
187
67
190
78
155
117
113
59
147
204
211
206
43
204
148
37
34
42
47
0
201
101
212
214
113
229
61
67
56
60
219
233
147
102
86
101
235
105
234
72
230
63
238
132
106
231
99
108
59
235
230
243
235
55
101
109
208
112
157
219
102
108
114
41
81
75
194
172
76
188
101
274
211
62
117
51
90
95
95
283
178
151
4
187
5
212
11
147
8
191
8
182
169
180
164
213
6
7
206
213
168
205
5
198
2
171
208
186
177
169
205
188
4
146
0
138
142
2
111
63
117
128
13
130
29
24
39
9
123
118
127
13
100
16
114
20
116
41
122
43
127
96
114
125
130
40
25
124
118
121
129
30
117
41
131
105
133
135
135
136
133
43
76
0
76
74
34
90
98
34
99
9
91
9
10
44
10
100
85
105
8
66
8
86
46
96
56
86
10
88
65
100
97
93
7
9
98
107
86
89
52
89
43
100
63
101
92
104
99
99
14
55
49
90
86
0
6
58
6
8
15
50
7
49
56
5
6
101
40
5
108
6
5
63
107
5
4
5
9
7
83
71
77
38
6
3
91
93
7
6
81
27
62
94
7
5
91
88
83
5
6
5
2
6
0
106
49
79
114
24
112
33
22
33
37
70
79
100
27
74
33
91
36
108
38
99
31
107
79
72
75
103
30
42
110
112
108
111
32
82
13
103
94
105
108
105
68
97
37
68
29
61
62
0
142
69
140
147
29
156
25
132
37
34
158
153
137
112
112
38
146
31
144
38
141
150
137
191
113
173
194
131
156
197
210
159
151
144
187
41
138
165
182
132
168
159
209
26
186
0
188
100
0
150
97
91
147
40
167
48
31
47
47
157
111
142
36
127
49
162
50
112
58
172
55
104
132
108
104
168
46
46
160
146
118
121
57
152
59
120
112
178
159
108
167
118
44
79
0
82
105
39
108
59
111
146
29
72
35
33
58
25
108
140
61
46
147
34
135
32
142
49
150
48
126
74
96
134
136
40
31
133
133
133
146
42
104
29
127
103
98
142
133
141
137
30
59
0
67
73
0
103
84
48
90
25
68
17
44
51
29
90
82
56
51
92
26
100
46
94
29
103
29
121
105
121
122
117
39
39
80
117
50
85
49
89
43
101
116
105
63
87
95
108
33
62
10
57
53
11
81
40
27
76
61
33
43
34
39
52
45
79
19
54
48
37
48
47
73
37
62
38
43
42
76
42
34
13
33
57
59
72
77
62
36
10
88
61
26
81
68
26
83
24
15
13
18
15
17
84
34
73
42
44
94
28
36
53
43
75
86
45
19
96
15
89
44
64
27
93
45
80
66
32
72
68
22
33
81
79
82
87
36
70
16
57
103
70
71
92
106
78
45
40
0
43
45
0
128
62
142
136
44
151
24
46
42
42
137
129
133
125
74
46
141
148
166
160
142
155
122
69
128
180
121
128
158
179
121
119
185
44
181
16
102
63
121
113
149
186
181
43
55
154
50
51
143
96
16
37
102
63
104
56
76
72
77
28
111
47
81
32
10
124
5
32
13
40
62
125
35
35
38
36
11
29
43
36
39
106
9
33
97
32
38
57
109
39
121
142
76
29
10
31
36
0
