465
231
506
475
302
493
209
338
334
337
513
496
292
326
505
284
524
323
514
334
517
334
494
305
515
489
509
296
272
503
497
509
499
311
511
270
345
509
527
511
516
530
518
317
279
291
276
281
282
325
67
338
318
70
331
260
38
206
272
321
341
174
288
367
248
344
68
368
52
97
289
341
94
136
358
68
298
251
367
92
353
98
278
186
215
86
263
325
334
338
59
340
274
49
41
56
57
0
323
127
343
352
163
359
142
125
125
139
381
352
247
145
108
142
371
155
389
149
396
117
350
248
148
396
165
156
142
372
392
389
390
128
142
150
301
165
253
368
147
163
161
106
119
125
259
264
120
339
156
476
369
135
171
85
160
171
181
469
319
242
10
319
7
353
12
246
10
327
15
302
308
338
265
361
11
16
360
356
312
332
13
300
4
294
351
309
293
277
344
300
6
232
0
220
217
7
184
115
212
209
42
213
55
35
63
41
219
205
192
29
183
48
221
53
234
57
235
66
214
178
164
201
215
58
40
222
209
211
225
39
199
66
213
181
231
227
227
220
216
59
138
0
134
149
52
172
159
108
195
14
168
12
18
75
18
185
197
185
20
156
12
179
78
200
83
195
22
175
135
183
184
178
23
21
191
205
193
188
89
195
86
196
129
204
188
197
199
191
24
110
81
178
180
0
8
130
12
9
16
97
6
93
100
7
11
141
49
5
159
6
8
90
169
5
8
7
12
11
131
113
125
59
7
8
154
152
11
3
113
17
69
114
12
12
122
115
118
7
6
5
4
7
0
163
61
116
170
61
169
70
58
66
76
114
118
129
35
99
54
116
55
149
55
154
57
175
121
91
97
165
77
93
164
169
168
175
80
135
42
189
154
193
201
191
97
190
87
106
70
102
102
0
259
130
233
252
97
254
75
221
83
86
270
240
264
176
163
95
264
69
276
101
269
205
233
303
159
269
319
199
221
333
318
254
233
198
299
56
200
278
308
176
231
218
314
50
285
0
289
173
0
218
155
129
201
75
229
59
58
77
68
226
150
205
61
185
82
219
86
166
99
240
88
172
229
186
163
241
88
81
238
249
175
183
84
219
83
206
182
244
238
171
233
177
89
145
0
129
165
77
201
96
209
205
31
131
20
64
47
54
212
206
149
46
215
71
217
36
214
45
215
51
222
174
210
229
232
64
65
234
224
217
227
58
212
58
230
221
193
231
239
257
242
54
139
0
139
138
0
193
167
87
196
85
121
58
76
63
80
190
197
136
79
182
81
192
82
178
59
190
87
207
186
216
211
194
72
59
184
198
145
185
73
185
55
175
176
186
133
187
185
168
83
97
18
86
86
17
139
82
40
141
97
61
72
71
71
102
85
133
67
92
88
72
91
72
119
76
110
75
88
80
129
93
84
45
64
91
112
114
113
92
70
34
134
98
52
136
125
63
139
46
37
41
46
26
40
179
66
120
89
79
171
43
61
93
88
119
177
73
50
178
41
193
90
124
65
163
92
180
126
86
188
199
44
109
197
190
178
190
82
131
49
97
180
122
130
184
188
131
94
88
0
83
86
0
221
109
242
230
73
291
35
71
71
80
231
249
230
196
151
80
237
213
287
259
227
268
230
143
244
281
241
197
225
303
238
242
312
96
301
50
265
170
278
282
258
306
318
90
136
214
133
139
194
211
35
86
206
144
212
101
142
133
132
48
227
72
162
82
29
232
12
71
28
85
114
225
76
59
83
80
19
63
80
78
79
175
18
91
158
78
86
132
170
77
224
236
122
60
21
56
55
0
