317
117
331
322
152
333
99
158
161
164
335
320
139
157
335
127
337
155
329
159
329
151
352
151
350
359
351
149
118
338
349
357
350
151
322
120
172
333
331
336
328
332
341
151
163
143
172
164
141
204
41
219
207
24
208
178
21
170
189
208
180
43
149
187
144
188
24
180
23
22
150
155
27
46
160
23
134
119
165
28
152
27
130
57
118
34
145
158
163
160
26
164
148
28
21
27
26
0
171
76
184
187
73
186
66
78
65
67
187
204
145
71
58
61
213
64
214
105
220
81
207
114
61
215
72
72
97
218
226
212
233
87
63
71
149
67
139
206
70
75
72
73
60
62
130
136
62
186
53
273
197
49
158
88
120
136
124
281
155
113
1
161
1
172
2
136
2
159
2
160
168
176
138
203
1
11
197
198
155
172
3
166
1
146
177
162
147
150
189
164
1
135
0
128
146
0
72
31
83
85
2
90
25
9
29
1
83
84
97
3
77
4
83
3
75
24
91
25
81
77
89
84
79
21
4
81
86
87
71
6
94
18
82
85
99
83
89
87
94
27
80
0
71
76
22
92
66
48
83
3
88
4
2
38
3
85
83
94
4
61
8
85
40
85
43
89
5
73
66
96
96
89
8
6
80
100
80
79
38
87
41
93
73
92
79
85
100
85
7
56
47
78
87
0
0
27
0
0
1
33
0
30
31
0
0
31
12
0
36
0
0
23
34
0
0
0
0
0
20
28
26
11
0
0
28
26
0
0
45
11
35
41
0
0
45
45
46
0
0
0
0
0
0
69
37
62
73
14
70
10
8
11
10
58
67
69
6
71
11
60
14
70
13
69
15
79
74
68
60
87
17
25
90
84
86
87
23
67
19
93
75
92
94
86
56
88
26
65
22
60
55
0
93
63
108
118
48
122
39
137
48
45
162
150
122
100
84
47
134
41
134
46
124
128
123
163
87
174
183
127
133
187
185
118
117
128
172
41
102
164
183
90
118
120
181
32
172
0
164
77
0
148
104
75
133
32
152
27
37
29
35
156
118
151
38
133
49
170
62
109
62
179
59
123
154
117
115
160
52
48
156
171
124
132
52
162
34
129
130
187
169
114
175
128
49
109
0
104
131
29
119
68
121
168
37
88
17
21
49
19
132
175
103
52
195
20
183
42
170
60
184
58
167
130
131
174
160
40
16
174
165
174
166
36
123
14
151
118
135
146
161
160
148
18
101
0
98
106
0
117
97
100
143
30
119
28
20
21
29
137
141
124
22
150
49
135
22
152
43
129
45
140
127
132
134
129
22
19
148
131
106
137
22
127
21
118
127
139
101
123
151
133
45
101
4
97
94
7
96
31
19
101
76
17
33
29
70
82
35
75
47
74
35
28
33
58
81
28
84
28
24
24
106
30
30
23
29
87
91
98
88
99
26
18
113
107
21
115
108
17
112
16
10
16
17
11
14
108
40
59
51
54
116
16
40
53
54
75
122
48
19
122
12
118
57
56
40
113
59
131
61
46
128
130
15
69
129
125
127
124
77
73
19
37
122
92
75
134
128
69
81
51
0
52
57
0
155
53
155
147
69
146
49
64
65
65
150
115
142
88
77
48
138
122
164
130
136
136
152
74
152
165
149
127
133
175
144
157
176
62
172
32
154
114
167
160
151
168
170
65
84
119
75
75
110
118
12
20
107
99
109
86
90
95
92
8
115
17
103
22
6
119
6
18
5
24
97
161
22
19
22
19
6
27
22
21
22
132
4
19
151
20
26
40
149
24
163
166
138
14
7
16
14
0
