135
73
140
146
89
154
53
98
94
94
145
136
85
90
140
85
147
95
139
95
141
90
127
81
129
123
120
87
76
124
127
120
127
81
125
69
79
138
130
131
133
128
139
91
86
80
85
89
83
92
21
82
89
11
93
59
13
56
60
88
99
32
83
106
68
101
22
102
13
31
84
102
29
36
110
21
89
77
105
29
108
29
85
65
71
25
81
115
101
115
17
111
93
16
13
12
16
0
108
58
120
122
34
128
53
58
58
58
124
115
67
31
23
28
124
31
136
63
132
49
115
50
33
117
37
35
49
110
109
116
119
48
34
37
83
30
87
122
40
38
36
34
30
30
75
70
26
99
37
143
105
34
60
34
63
62
65
151
78
51
0
79
0
97
3
73
5
75
8
69
71
85
70
86
0
3
88
85
74
79
2
76
0
72
88
78
67
67
87
78
0
60
0
56
59
0
34
26
34
35
4
34
19
10
19
4
35
38
36
4
32
8
40
11
35
21
42
18
47
23
29
34
47
17
14
41
52
45
50
21
36
14
33
32
38
43
45
44
47
20
18
0
20
22
19
70
66
42
78
11
61
9
10
17
10
83
101
70
10
56
12
98
12
99
22
98
16
85
55
70
60
80
18
8
80
63
85
85
17
83
15
68
49
66
81
82
69
76
11
45
17
52
56
0
2
17
2
2
7
11
1
10
13
2
4
32
9
0
34
1
1
22
34
1
0
1
1
0
29
30
29
17
1
0
32
33
2
0
42
9
28
42
1
1
38
42
38
1
0
1
1
2
0
48
24
34
56
11
60
21
17
21
17
30
33
44
10
30
9
33
12
52
11
56
15
48
30
32
38
48
15
16
47
46
48
47
14
37
7
43
49
46
50
47
30
49
15
30
16
30
28
0
61
29
49
56
12
54
14
74
13
15
88
69
56
39
31
19
55
15
51
19
57
74
58
98
44
86
100
56
74
102
91
54
54
57
92
14
42
69
94
47
59
56
100
16
88
0
85
41
0
53
35
29
51
17
50
13
16
21
22
52
31
49
11
47
20
58
20
36
17
58
23
32
58
31
36
51
26
29
61
50
36
39
26
48
18
40
38
59
58
31
57
35
21
29
0
30
31
21
47
21
57
66
10
43
12
15
16
14
51
60
40
22
60
12
60
10
62
21
67
23
60
49
54
68
71
24
15
69
70
69
61
22
56
11
63
52
54
61
64
64
65
16
35
0
37
42
0
69
40
48
68
13
51
14
18
14
17
68
67
49
18
57
9
72
22
58
11
72
14
73
61
76
64
61
12
13
60
70
52
65
22
68
15
60
63
60
51
61
62
56
17
43
11
44
41
9
32
24
7
28
17
20
15
13
13
17
23
28
15
14
24
16
24
12
25
17
33
17
30
24
28
21
24
10
12
19
31
32
32
18
22
4
30
27
17
34
30
22
36
12
10
6
11
10
4
42
10
34
18
14
33
10
11
13
13
29
42
21
7
39
9
37
12
29
6
34
6
39
35
26
41
38
14
11
40
39
42
40
17
29
6
27
34
30
33
36
39
37
12
21
0
20
15
0
53
17
54
49
20
72
11
17
19
21
55
37
57
56
44
20
58
62
96
63
60
71
64
53
63
93
67
65
76
88
66
59
91
19
93
17
63
46
54
56
85
93
83
20
25
68
22
29
64
53
6
15
52
33
55
34
36
37
35
14
52
21
40
19
4
61
1
15
2
17
39
69
15
19
18
21
4
20
17
18
19
57
4
19
53
15
20
28
54
17
71
66
48
14
2
14
12
0
