657
256
679
672
367
667
216
380
378
370
699
618
284
369
617
261
632
357
604
349
615
352
541
241
548
540
550
348
258
541
519
556
564
318
531
244
297
542
528
534
532
543
551
321
279
275
271
280
265
407
87
412
412
115
421
334
62
267
352
418
439
112
375
441
322
461
124
464
59
150
382
375
111
138
393
70
320
263
389
108
403
125
272
204
211
109
274
350
344
364
76
359
280
59
53
55
59
0
356
176
399
376
169
389
89
86
74
87
417
398
264
151
131
142
390
145
428
146
421
114
399
238
177
411
179
178
143
409
406
411
412
122
156
171
365
167
265
409
178
173
183
108
123
117
280
294
104
398
224
504
424
93
218
44
118
125
126
480
366
303
6
358
2
393
7
306
6
373
11
335
348
345
343
407
6
8
408
423
368
384
6
378
2
330
400
374
306
336
402
360
1
285
0
261
277
2
126
68
154
142
44
149
50
32
56
34
143
142
120
34
124
37
143
44
138
51
151
57
137
98
118
114
141
53
47
151
144
149
143
39
132
45
123
114
142
141
151
152
142
51
79
0
79
83
50
150
124
74
149
10
122
9
14
77
15
156
144
145
12
94
9
137
75
144
76
158
15
148
93
158
150
156
27
15
153
164
152
151
84
149
77
165
105
147
161
149
161
163
18
66
80
133
137
0
4
99
9
6
21
75
5
70
81
3
10
151
43
6
165
3
5
92
178
6
8
4
6
7
120
105
116
54
4
6
143
142
8
4
120
28
98
125
9
9
131
123
129
4
7
4
2
4
0
153
65
104
159
41
168
39
42
47
41
104
95
153
39
106
40
135
44
165
43
159
47
159
111
98
101
148
47
60
146
152
158
157
44
118
31
147
124
155
151
161
97
155
48
99
42
87
90
0
268
153
272
289
61
285
52
218
62
71
269
264
267
203
213
64
273
54
280
69
260
242
269
289
226
299
300
234
259
320
310
287
288
235
290
81
254
268
303
257
293
302
307
68
294
0
296
192
0
209
140
111
213
92
225
67
82
79
90
222
134
196
44
190
76
204
89
157
83
220
88
172
222
160
137
218
102
86
234
229
165
164
108
209
80
198
154
232
230
147
245
176
103
124
0
117
138
77
195
120
215
255
43
147
42
57
72
52
220
249
158
64
265
53
264
48
257
71
258
63
259
186
216
262
259
64
51
256
252
271
263
79
204
49
264
197
216
285
296
299
304
48
168
0
160
167
0
201
113
64
134
57
91
51
110
100
52
131
119
74
104
117
34
175
103
115
37
180
34
192
183
202
205
197
92
97
126
202
81
121
83
168
78
156
137
121
74
125
118
127
34
68
27
60
64
37
93
73
35
97
68
39
70
68
49
59
78
94
49
59
84
62
78
45
88
77
107
72
79
77
95
69
88
27
60
71
93
82
93
71
71
28
90
83
60
93
99
56
101
39
19
38
39
25
31
152
48
136
97
36
165
49
33
48
44
142
143
107
44
156
44
139
50
129
31
152
46
148
136
100
154
164
41
50
157
170
153
153
54
129
25
106
164
132
127
164
165
128
58
80
0
80
78
0
189
74
203
198
64
246
30
63
68
62
212
186
210
185
123
76
204
213
282
244
206
235
208
132
213
272
221
205
234
286
217
214
295
86
278
46
214
151
219
218
254
284
287
91
92
205
86
82
206
211
40
69
217
152
223
115
154
152
154
45
221
80
168
59
20
224
13
52
27
62
136
241
61
53
62
62
22
44
53
75
64
207
16
61
198
45
67
103
221
59
262
248
168
38
14
38
40
0
