248
101
261
261
157
260
95
154
148
147
260
245
141
148
259
113
260
134
269
133
254
144
247
157
249
254
240
141
135
249
254
238
251
145
254
124
141
260
262
257
266
262
257
133
135
129
133
142
126
165
41
166
173
38
160
140
28
122
144
166
149
56
121
157
116
159
44
159
30
44
133
143
36
55
142
33
130
102
144
39
153
41
138
88
114
42
142
178
173
166
34
178
143
29
25
36
30
0
145
60
164
156
77
169
53
54
56
50
162
138
111
72
51
60
141
74
158
48
152
36
125
81
64
133
68
70
36
135
149
151
143
51
60
72
137
66
110
158
72
79
71
43
53
55
123
131
52
169
44
226
184
57
90
48
88
88
92
219
146
108
0
141
1
139
3
114
3
132
6
103
118
120
117
141
1
4
135
140
134
121
3
132
0
121
143
125
115
111
148
131
0
120
0
114
121
1
53
18
58
59
9
57
26
11
26
6
59
46
55
3
39
1
55
3
45
24
50
29
42
48
69
64
59
24
5
43
59
56
54
8
64
27
54
57
69
65
60
52
61
33
40
0
44
42
28
67
37
45
62
1
70
1
1
28
2
54
61
74
1
54
2
61
31
67
33
63
2
60
60
84
71
63
2
1
69
79
57
63
30
61
32
78
51
69
58
62
69
62
3
45
28
73
71
0
4
38
2
3
5
37
3
33
31
1
5
50
31
3
56
4
4
38
52
3
5
4
4
5
59
46
60
35
3
2
60
64
5
3
56
22
54
55
4
4
55
56
52
3
3
3
2
3
0
64
21
52
72
19
67
22
13
20
22
52
54
64
9
52
19
56
21
78
25
79
22
68
57
43
39
67
24
19
69
72
70
67
23
54
12
64
49
70
66
69
41
62
18
46
20
41
36
0
99
50
86
95
22
99
16
104
17
22
119
111
94
77
74
21
97
15
98
19
94
97
94
146
83
139
147
104
116
145
146
106
98
105
139
19
94
130
142
83
100
95
140
15
127
0
127
66
0
99
80
49
85
21
101
17
13
28
18
106
81
98
17
91
13
98
20
83
17
104
16
94
104
81
83
105
19
19
104
107
86
90
21
99
27
85
96
113
116
80
115
90
24
67
0
64
84
32
102
42
111
123
16
84
21
26
33
25
109
119
82
25
119
26
117
19
114
28
117
21
119
92
106
121
122
23
19
119
115
119
116
29
103
23
126
96
88
127
118
129
127
23
73
0
80
76
0
87
69
55
88
24
75
20
33
22
24
94
97
71
34
99
25
93
31
104
24
108
25
100
99
103
100
106
27
25
99
101
61
85
30
98
25
94
78
98
65
89
93
79
26
63
7
64
56
5
57
26
13
71
48
11
21
25
42
53
26
62
24
47
26
24
22
37
63
23
59
23
25
20
51
20
19
8
16
54
54
45
47
45
19
11
48
41
11
50
52
12
59
14
8
14
16
5
11
49
20
37
18
34
45
25
26
33
36
35
47
25
23
56
17
49
34
42
23
54
36
55
39
28
49
50
24
33
52
51
50
47
28
41
7
32
49
45
35
58
56
38
34
15
0
16
17
0
74
33
80
75
36
98
27
34
35
35
75
90
91
85
50
42
89
109
109
112
85
110
103
52
103
118
102
93
100
122
105
112
124
69
115
23
107
71
114
123
103
120
113
69
33
90
31
34
94
113
19
31
104
88
108
77
85
79
89
19
112
27
84
37
8
111
2
25
10
28
75
116
27
14
27
29
8
21
24
27
26
106
6
37
91
25
31
48
99
34
116
125
83
19
9
22
20
0
