199
97
199
196
116
208
76
126
128
126
197
194
105
117
200
106
204
127
209
121
203
119
190
110
195
206
195
116
96
193
200
192
199
114
186
91
114
185
186
186
195
182
180
115
113
104
116
112
110
98
23
100
99
20
105
74
15
63
81
99
102
36
91
121
72
112
25
113
21
32
94
124
35
50
125
18
112
91
134
35
140
37
112
73
85
36
110
134
132
142
27
141
113
21
19
25
24
0
133
58
147
147
53
151
58
54
47
56
144
140
86
56
46
49
147
57
154
58
152
49
126
84
50
137
59
55
45
126
132
129
135
41
49
53
113
58
86
135
57
59
59
35
46
43
97
104
38
115
56
163
131
37
76
28
62
63
64
156
108
83
4
113
3
119
6
88
5
115
6
110
97
111
95
117
2
6
123
129
112
103
6
106
2
97
121
116
96
87
123
109
2
79
0
73
77
1
74
29
75
83
12
85
19
22
23
14
79
71
66
11
63
11
73
13
73
17
77
23
83
64
65
54
84
25
17
89
77
80
75
19
64
22
81
59
82
79
77
81
81
22
40
0
41
36
20
67
46
39
76
10
67
6
10
23
10
72
72
70
7
51
6
62
25
69
31
64
7
70
67
73
76
77
6
9
79
77
74
77
32
65
26
73
55
73
63
65
78
65
7
42
31
75
65
0
5
37
5
4
6
30
0
40
37
3
5
59
28
1
55
4
3
47
56
3
1
4
2
2
47
44
49
22
4
1
54
56
5
2
49
17
45
53
4
5
54
51
44
4
2
3
1
4
0
53
26
35
60
21
53
27
21
32
33
33
30
47
20
30
24
48
24
51
26
58
28
49
35
31
31
49
25
35
53
59
49
50
31
39
19
49
45
53
58
53
33
52
30
31
26
33
30
0
87
51
87
96
21
90
22
81
23
22
115
96
95
63
71
22
89
19
107
24
99
94
100
122
77
127
135
86
93
130
130
100
107
92
129
18
87
122
129
84
97
89
121
12
112
0
121
77
0
68
55
39
67
19
74
22
15
26
27
77
50
68
15
63
18
78
19
55
23
82
24
57
73
55
58
75
20
20
71
70
70
65
24
78
25
61
66
88
79
57
90
75
17
48
0
44
54
28
93
34
91
91
12
63
5
26
16
18
98
88
70
13
87
19
95
14
87
16
93
18
91
66
85
89
89
10
22
86
90
92
86
6
87
25
86
89
66
84
85
87
88
27
68
0
68
67
0
72
65
48
90
34
57
34
26
25
38
90
81
59
28
83
32
78
29
83
23
88
29
87
85
89
82
91
30
34
75
78
56
73
20
80
17
66
64
80
59
64
83
70
35
42
5
41
40
9
46
29
19
55
27
26
25
24
27
34
31
53
23
43
31
18
34
30
49
19
51
21
29
27
51
24
23
11
19
40
52
45
46
38
28
9
55
49
19
49
50
15
55
11
11
16
19
19
11
46
8
42
16
27
47
22
21
30
32
35
37
15
14
43
15
45
31
25
24
50
31
51
35
22
50
59
18
32
56
57
49
52
24
33
9
35
60
40
41
61
53
38
29
21
0
22
19
0
78
28
79
78
28
88
18
25
25
24
80
65
68
71
40
31
73
83
98
90
76
87
75
38
75
100
72
83
93
101
68
71
98
36
93
15
76
60
81
84
86
114
107
36
37
84
33
40
89
83
14
36
103
62
84
57
66
65
61
20
103
25
65
33
6
95
3
29
10
31
65
107
29
24
26
29
7
9
30
30
32
88
8
26
55
32
31
42
86
26
84
97
60
26
4
24
24
0
