515
264
506
513
396
496
275
408
410
406
520
509
323
398
508
338
512
396
498
388
517
366
498
307
501
513
502
383
311
497
506
503
507
362
517
324
343
547
544
531
529
535
556
382
326
350
310
337
347
315
63
301
314
59
309
237
44
210
234
314
305
120
259
327
224
310
71
325
54
73
262
320
100
125
338
64
281
235
340
108
351
93
243
152
200
95
264
305
311
304
62
317
253
64
54
59
60
0
352
194
377
377
197
403
117
108
110
113
411
431
307
187
161
175
453
167
463
183
483
146
447
281
201
458
197
210
199
454
473
474
470
183
181
198
399
200
278
437
214
208
211
164
150
136
324
317
141
363
147
559
375
157
185
124
253
267
241
566
281
200
8
296
6
348
12
216
8
292
18
289
256
291
236
342
11
7
349
333
277
300
3
279
5
251
283
281
217
219
297
266
8
188
0
185
186
6
125
67
135
130
9
138
61
30
62
8
142
140
154
6
106
11
134
11
131
57
133
60
140
108
146
158
144
64
11
150
140
154
141
8
172
61
152
135
160
159
141
142
151
65
104
0
104
96
58
198
124
93
166
5
174
6
4
85
6
159
153
192
4
130
5
149
97
159
90
165
7
149
123
205
199
163
13
7
158
226
155
157
98
153
96
209
127
209
159
166
207
162
8
91
98
194
196
0
2
51
2
1
6
40
1
42
44
2
3
67
30
1
75
1
2
44
67
2
3
3
2
1
83
49
70
38
2
2
77
80
3
2
78
16
54
72
1
2
74
86
74
1
1
1
0
1
0
126
51
100
122
31
134
33
22
30
27
84
109
111
16
88
18
91
20
118
20
125
19
117
93
89
80
106
30
20
117
115
119
110
28
100
9
120
93
121
121
129
91
122
24
82
28
76
85
0
169
107
182
187
45
175
35
311
44
47
293
278
185
244
118
49
179
40
183
49
195
322
174
364
137
336
353
286
334
363
375
183
186
309
337
44
172
331
352
148
181
173
348
34
342
0
333
122
0
197
165
125
199
62
209
71
55
94
71
221
170
199
57
187
67
204
80
152
83
218
76
170
225
155
158
233
95
89
224
226
177
183
100
222
106
161
168
225
208
153
230
173
84
132
0
124
180
96
173
100
189
240
46
137
23
21
64
23
196
236
128
49
228
30
230
36
233
57
231
64
205
146
190
241
226
52
27
227
228
246
233
57
188
29
212
179
190
243
241
234
233
37
153
0
155
159
0
257
179
151
229
36
190
21
95
85
35
207
218
171
84
223
35
258
90
227
25
270
34
282
267
277
288
282
91
68
223
291
182
225
82
270
55
246
262
211
182
262
227
250
27
193
31
194
186
16
108
63
30
116
79
42
74
79
66
66
85
109
37
74
70
66
84
67
104
73
98
82
79
70
113
78
72
47
73
96
117
117
116
69
68
20
106
80
57
107
97
65
100
55
18
45
36
19
39
131
50
106
75
58
145
59
39
67
63
110
137
67
47
144
44
133
57
104
41
136
63
145
112
78
151
146
42
76
144
142
161
140
83
100
27
92
165
121
108
164
181
106
93
71
0
75
80
0
223
102
234
223
77
300
35
85
85
82
235
224
212
256
125
69
218
308
328
330
222
317
224
127
219
333
221
285
319
344
234
240
352
73
336
34
240
153
240
248
297
338
334
62
97
317
89
88
283
189
21
43
196
154
191
134
146
151
153
30
190
54
164
45
6
200
8
35
9
47
156
202
39
30
45
43
11
49
35
41
33
164
8
46
169
28
35
58
176
45
194
200
163
22
8
25
24
0
