262
131
283
275
183
274
120
177
192
186
277
274
132
184
269
144
260
184
266
180
264
186
261
156
258
262
264
167
148
253
265
264
259
180
279
152
168
266
284
279
281
275
275
182
152
162
148
148
157
162
27
149
160
36
165
135
19
120
131
168
160
50
127
176
116
172
35
167
24
47
134
181
49
63
171
27
152
127
184
47
190
54
146
105
127
57
142
177
171
178
37
185
147
21
17
21
22
0
191
82
186
207
104
204
65
61
60
58
208
207
132
90
74
86
215
95
210
93
223
72
199
125
88
208
83
85
74
216
225
217
217
69
84
91
174
90
143
202
91
97
93
61
73
69
139
143
62
190
100
241
198
55
93
44
85
89
84
248
156
121
5
164
5
184
5
120
11
162
7
158
133
166
145
177
8
13
193
179
155
174
11
154
2
144
170
158
131
143
164
150
1
112
0
110
119
2
88
40
98
99
20
91
20
14
20
16
101
87
73
5
68
8
92
10
86
23
90
24
111
69
65
75
107
19
29
103
110
114
115
17
69
20
89
83
86
99
95
92
94
24
49
0
57
52
21
90
77
58
93
7
87
4
7
40
7
86
94
108
3
67
3
92
42
96
49
102
4
102
71
102
97
98
9
6
99
104
100
101
53
100
45
107
64
107
101
101
108
98
6
56
44
90
91
0
6
44
2
3
12
32
7
28
38
2
7
48
26
3
48
6
5
23
50
4
6
5
2
5
48
40
47
16
3
2
54
58
4
4
52
12
39
58
6
4
58
57
59
3
3
5
2
4
0
79
38
50
84
28
83
31
19
33
30
54
56
74
19
46
26
60
34
77
35
71
37
65
51
46
38
72
36
35
73
76
72
69
23
48
10
77
51
78
71
76
41
78
30
51
35
37
43
0
119
66
113
111
19
117
19
121
20
20
133
142
117
125
78
26
117
20
113
21
128
135
119
149
96
155
176
131
137
158
158
123
119
138
149
20
109
150
165
97
118
115
169
23
154
0
153
86
0
79
61
38
68
15
70
15
20
39
25
70
57
81
20
76
26
76
28
64
29
83
27
64
86
57
56
83
24
20
87
85
62
65
27
77
40
65
63
86
82
71
74
66
25
45
0
47
71
45
77
41
86
81
13
62
9
33
20
31
90
79
58
21
84
28
85
12
84
21
76
18
75
54
90
71
79
17
27
82
83
80
78
23
85
30
92
85
67
95
88
89
91
36
47
0
45
51
0
115
62
59
93
19
82
18
53
52
18
84
92
69
64
93
18
126
65
82
12
134
22
134
123
134
128
122
49
48
90
122
71
87
56
126
43
113
109
73
70
98
84
101
11
66
17
63
55
14
51
39
16
43
25
14
40
32
20
31
44
52
23
32
42
34
44
30
54
39
50
38
42
36
51
47
38
17
30
32
49
47
46
37
28
12
46
36
23
50
46
27
54
23
6
23
20
14
12
53
21
44
33
31
66
26
23
32
37
46
65
35
24
66
19
65
33
40
20
62
34
66
41
34
67
63
24
39
61
55
60
65
36
43
12
38
62
42
46
67
71
48
38
20
0
16
17
0
89
29
89
91
27
117
20
26
29
31
90
106
95
108
51
30
101
127
146
144
102
152
99
49
96
153
109
125
133
158
96
107
155
32
148
14
93
55
95
104
135
166
167
34
43
124
40
45
126
91
18
36
91
59
80
56
49
57
60
33
105
30
63
34
6
99
4
30
9
35
57
94
39
37
41
40
7
19
45
41
41
72
5
45
46
33
39
63
74
45
94
95
51
26
4
23
29
0
