576
270
600
591
437
587
276
473
465
471
575
553
354
457
569
364
561
438
572
449
554
447
571
352
564
562
543
420
373
560
551
566
558
433
566
381
403
594
581
556
583
604
602
435
344
387
358
356
398
355
93
360
346
100
348
277
81
221
277
357
373
132
296
368
254
386
100
403
95
121
305
362
128
156
376
96
283
244
388
123
379
121
320
215
255
145
336
379
389
393
98
394
294
97
87
90
92
0
466
208
478
505
223
489
185
176
167
179
512
503
299
200
165
185
504
195
501
187
507
133
465
272
210
467
203
219
159
483
488
477
499
138
205
220
426
218
286
439
236
231
231
113
174
169
360
355
161
403
182
616
453
163
241
133
241
252
248
623
342
277
15
365
5
436
13
242
13
378
28
311
313
316
293
389
10
14
384
381
318
343
5
318
3
283
340
327
285
260
338
313
5
248
0
246
250
5
116
76
127
149
5
132
84
55
90
4
130
125
195
3
123
5
149
6
134
82
130
84
150
117
173
175
152
99
11
159
147
155
146
24
193
78
158
129
161
164
167
170
159
90
119
0
110
116
86
261
211
146
255
9
237
11
12
103
9
249
241
260
11
183
9
226
110
253
128
251
14
254
165
259
258
252
20
14
277
282
269
261
133
233
121
275
162
268
251
246
282
238
15
154
125
258
242
0
9
97
9
9
18
68
6
78
76
3
10
129
69
5
131
6
7
94
140
4
9
7
10
8
126
87
120
74
6
6
148
144
13
6
121
22
93
129
9
10
131
128
123
3
4
4
1
4
0
166
76
117
164
52
166
49
37
57
55
108
120
157
38
111
56
132
58
163
55
167
55
175
115
110
114
176
59
79
176
185
173
187
62
124
37
179
146
180
186
190
95
183
69
110
58
99
89
0
257
121
270
271
79
275
73
345
77
84
358
352
243
278
173
70
263
46
259
70
269
340
248
410
192
374
435
340
380
416
419
280
264
363
402
83
240
388
425
221
282
289
419
65
378
0
361
155
0
278
176
154
281
129
291
84
110
114
132
299
171
286
83
242
123
299
158
172
145
315
164
190
289
158
190
305
143
114
287
290
192
208
101
209
116
183
192
275
266
187
286
207
86
146
0
135
185
119
241
122
261
304
37
172
32
62
61
65
262
262
173
58
303
67
272
47
295
61
306
66
240
182
248
242
268
47
60
263
264
268
274
48
267
56
245
245
208
249
260
268
265
61
188
0
195
188
0
288
196
153
226
42
209
37
109
94
47
216
220
179
98
220
37
290
103
198
20
309
38
303
305
318
308
308
100
102
222
315
182
217
88
284
73
244
255
238
161
257
216
238
40
188
24
178
172
37
116
90
45
110
75
61
94
108
58
75
112
118
59
80
119
90
102
63
124
105
113
84
102
91
127
101
95
44
84
94
120
110
111
90
92
39
121
94
61
123
122
72
125
66
32
50
60
28
55
219
94
198
125
66
203
75
56
83
77
194
208
128
60
207
63
213
80
204
44
227
74
229
191
142
222
219
60
76
217
216
227
224
79
188
23
164
224
167
188
233
228
200
73
117
0
126
129
0
259
114
265
283
79
359
32
76
67
78
277
286
255
268
172
66
265
323
391
350
285
366
250
157
255
387
260
327
353
396
260
257
433
76
391
34
264
191
258
261
351
397
406
55
144
345
139
139
333
228
41
73
235
167
241
152
175
186
182
44
221
78
189
65
16
228
11
62
18
67
141
240
63
51
73
67
15
63
68
73
58
218
16
68
189
65
77
137
223
68
283
262
187
45
12
48
50
0
