181
76
170
177
113
177
78
118
127
117
187
177
103
127
193
103
185
122
181
119
178
121
190
106
194
199
196
118
105
194
192
181
196
122
197
98
106
195
179
193
201
196
199
125
89
97
92
95
100
137
37
141
131
35
136
95
26
67
97
126
121
43
81
125
74
127
37
126
29
48
88
115
48
58
124
42
84
67
112
46
124
46
94
75
63
36
79
122
120
123
29
121
82
27
23
28
25
0
108
55
125
126
51
127
38
27
28
34
123
125
80
46
37
36
133
48
141
44
128
34
125
87
40
129
39
50
40
128
135
133
136
32
42
44
121
45
104
137
40
48
47
26
39
35
101
101
37
119
52
174
126
26
77
40
59
63
59
173
104
81
2
101
0
118
4
79
4
99
9
100
92
100
81
113
2
5
112
103
101
94
4
95
1
81
92
93
81
82
95
90
2
61
0
58
59
2
53
24
56
59
24
60
24
18
28
16
58
53
51
10
35
10
52
16
50
28
53
26
48
26
47
44
45
29
15
44
49
48
42
17
59
26
42
42
51
48
46
48
54
32
25
0
23
21
28
50
41
24
53
10
48
9
10
22
9
48
54
50
13
37
7
57
27
54
27
61
14
44
32
54
46
51
11
6
49
59
45
48
26
58
26
51
33
48
59
56
54
55
18
24
22
46
46
0
0
22
1
1
6
13
1
10
15
0
1
37
8
0
40
0
0
24
39
0
1
0
1
1
34
28
24
15
0
1
37
45
2
0
52
6
31
45
0
1
50
57
49
0
1
1
1
1
0
63
36
55
67
26
65
18
14
20
23
51
52
58
14
52
14
50
15
64
15
63
16
69
55
53
39
77
27
24
73
73
71
77
28
58
7
68
57
68
66
74
48
67
26
46
22
41
40
0
107
53
104
109
52
109
45
89
45
45
104
83
85
77
68
45
97
39
92
45
101
87
96
116
63
113
127
91
98
118
130
108
108
90
116
57
84
108
117
89
105
111
121
40
112
0
108
60
0
91
50
39
90
63
95
14
54
27
53
100
47
95
20
76
38
89
48
47
45
82
43
48
74
40
47
83
39
37
90
79
45
56
42
51
32
62
45
70
69
47
83
48
28
32
0
31
46
27
64
27
71
76
23
54
7
27
27
22
68
83
56
29
80
23
89
15
90
25
93
26
91
70
77
96
89
29
24
89
93
99
95
33
72
17
94
67
80
94
94
94
88
17
52
0
48
52
0
66
53
35
64
20
48
16
30
20
20
72
70
48
24
72
18
67
24
62
13
77
20
71
69
77
78
79
22
24
67
70
51
67
25
72
26
67
65
66
57
68
71
59
19
50
11
49
47
8
35
27
9
27
13
16
14
18
12
14
31
31
23
18
25
14
29
13
34
19
32
20
24
22
26
22
23
12
8
26
26
22
26
24
23
11
27
30
18
33
33
20
36
9
10
7
13
13
7
61
13
67
53
14
63
19
8
13
15
81
69
57
15
70
13
63
15
72
11
65
17
64
65
54
78
68
16
23
73
66
69
71
27
66
10
68
67
60
73
81
78
70
24
51
0
48
49
0
86
46
89
86
17
116
7
15
14
13
85
74
82
85
59
25
87
80
123
96
88
100
84
63
91
120
96
93
97
127
88
97
136
32
124
19
94
71
103
101
112
120
118
28
44
87
49
50
80
63
9
21
69
53
63
44
47
52
50
16
65
11
40
28
9
51
6
22
9
22
36
52
27
18
27
25
10
10
17
24
23
47
10
30
23
20
29
27
30
35
47
50
29
19
9
15
20
0
