704
296
730
728
410
724
240
425
429
425
736
660
340
412
703
305
694
418
679
405
676
399
638
307
659
623
649
354
280
655
645
645
630
368
640
302
346
660
621
637
654
670
663
370
321
312
317
352
314
402
95
413
442
104
431
337
49
264
341
422
424
140
350
454
297
451
111
442
62
145
377
429
136
122
449
76
386
278
435
144
450
142
333
255
263
147
318
426
430
440
84
445
367
53
39
47
59
0
383
190
399
386
176
407
108
131
101
105
398
463
303
165
131
143
432
165
459
151
450
111
409
236
141
426
155
166
123
424
427
435
449
104
134
166
368
158
287
411
161
166
173
84
104
106
335
324
107
423
198
534
458
118
201
86
156
177
163
571
362
326
10
402
4
397
5
266
2
389
4
356
335
370
332
424
7
2
396
412
348
368
2
367
1
349
406
386
307
334
411
374
2
292
0
266
282
1
147
77
168
166
53
168
50
29
47
51
158
169
116
49
135
62
161
74
183
46
183
46
166
130
111
135
181
43
82
182
183
183
184
78
133
48
156
138
192
184
183
192
173
53
87
0
86
80
46
157
143
71
170
13
136
15
20
63
16
165
154
154
12
103
14
151
73
150
76
153
17
150
112
161
153
151
16
13
164
162
166
152
79
149
72
158
111
158
164
159
160
164
22
82
76
129
128
0
15
98
12
15
17
82
9
79
68
9
13
131
55
8
127
13
11
84
140
8
14
13
13
13
115
96
108
54
8
8
132
137
17
9
131
31
95
126
16
14
134
135
140
9
11
9
3
12
0
157
69
117
147
31
150
38
35
42
41
112
123
124
24
111
30
111
33
140
32
139
27
126
101
113
104
144
39
36
142
132
144
136
23
125
22
138
125
138
154
140
123
146
26
111
38
96
104
0
226
133
226
247
57
245
54
247
60
56
264
240
219
228
169
49
219
41
232
53
237
280
225
306
185
328
343
285
309
331
333
245
220
286
323
58
239
296
318
214
265
249
333
39
312
0
299
177
0
199
140
115
201
90
207
49
85
84
80
216
140
182
47
183
91
211
91
138
93
204
97
130
214
150
131
232
97
90
222
215
146
153
108
199
78
177
159
219
208
128
222
156
88
112
0
98
132
70
198
113
216
278
55
163
40
45
79
39
235
280
181
83
299
43
301
63
312
85
301
93
288
221
225
301
305
72
35
299
281
298
285
90
231
33
297
200
242
295
303
302
310
39
180
0
168
171
0
234
128
113
166
41
133
31
116
109
42
148
137
126
114
150
30
234
108
140
25
222
24
244
218
246
230
229
112
93
135
204
98
124
85
203
79
182
161
130
94
163
124
163
24
93
29
88
85
23
103
55
39
103
68
39
55
45
51
75
63
105
44
79
67
52
74
60
92
64
101
62
74
65
105
68
60
35
51
97
106
96
99
62
59
34
102
78
47
103
111
55
111
44
32
40
45
25
36
127
33
123
87
42
133
59
28
47
40
139
139
100
48
156
48
148
47
117
35
133
49
158
104
124
159
162
35
61
146
160
163
164
58
114
33
110
165
113
117
147
159
127
62
85
0
90
91
0
208
80
208
213
80
256
33
75
78
79
208
173
213
202
137
91
226
246
295
266
222
271
224
115
217
300
204
253
267
304
217
229
317
93
299
44
239
154
242
239
271
313
310
97
99
243
97
101
254
207
25
42
204
165
211
133
174
171
168
28
214
56
177
41
10
212
10
38
14
40
163
208
40
34
44
36
11
40
35
39
36
192
10
36
217
34
42
72
227
40
238
251
199
24
7
28
27
0
