214
122
225
223
137
228
64
133
141
133
222
214
135
135
229
126
217
132
227
133
223
132
201
132
199
193
196
121
100
199
198
194
190
112
196
104
110
185
192
191
192
188
186
113
139
119
129
135
126
89
19
98
104
15
90
86
10
61
85
102
90
40
70
93
62
92
13
101
14
20
73
98
27
44
106
20
79
65
96
27
103
30
78
62
60
24
77
100
109
103
18
106
75
18
14
17
18
0
116
46
127
140
38
123
39
40
40
43
128
124
89
29
23
30
131
30
124
42
122
41
112
73
35
120
38
41
33
102
114
133
119
34
39
41
103
46
79
114
43
40
47
32
26
22
99
90
28
101
28
195
109
47
104
74
106
110
116
200
79
51
1
81
1
90
0
66
4
82
5
58
69
74
66
86
2
2
91
82
80
72
1
85
1
84
92
88
75
63
96
83
1
66
0
69
65
1
46
31
49
50
7
50
20
15
19
5
49
50
49
7
38
12
56
16
59
18
62
17
60
31
51
52
60
21
17
61
55
53
58
26
61
24
67
47
74
81
76
76
84
23
32
0
35
37
19
65
88
38
98
32
62
19
33
20
32
92
95
65
24
63
22
88
20
96
24
95
35
81
41
56
55
83
26
17
88
64
85
82
19
72
22
67
49
71
75
84
67
87
26
45
16
44
50
0
3
40
6
5
14
14
3
13
24
4
6
77
11
4
80
2
3
49
80
4
4
3
5
5
64
68
52
25
1
1
75
76
6
2
43
11
22
40
2
4
43
36
43
3
3
3
3
4
0
48
20
28
51
15
57
16
15
15
17
30
32
48
12
34
17
31
21
55
19
51
17
43
30
31
27
41
26
15
37
43
37
40
14
32
10
45
36
43
45
42
28
45
11
34
19
27
21
0
57
14
50
56
15
50
17
109
16
15
120
51
43
40
26
9
44
8
50
9
51
116
48
133
27
120
142
87
123
139
136
41
42
99
129
12
46
110
125
39
44
51
128
8
126
0
129
29
0
41
36
28
38
9
39
11
6
25
10
37
35
38
5
36
12
40
13
36
13
33
16
34
43
35
35
45
13
15
46
41
41
40
17
34
16
41
29
42
40
32
39
40
14
25
0
28
35
22
71
19
76
79
9
72
7
16
15
22
76
78
52
9
76
20
82
7
85
11
82
11
77
61
76
77
78
14
11
84
78
81
80
11
85
16
86
77
78
84
87
88
83
14
61
0
61
62
0
115
45
94
111
12
91
12
16
18
12
113
105
93
17
108
12
122
18
115
13
124
15
118
113
118
124
121
16
15
111
113
97
116
12
117
11
102
110
118
101
115
118
96
15
96
2
98
98
2
46
25
24
44
17
32
11
12
13
16
36
45
31
19
44
12
37
10
45
14
38
15
31
45
38
36
37
13
12
35
51
44
46
19
36
4
55
52
35
55
55
40
58
12
36
11
34
31
7
37
7
19
16
24
39
14
21
27
26
32
43
19
19
40
15
42
28
27
24
35
26
47
24
22
47
49
17
26
46
50
47
45
31
24
12
26
37
36
26
39
43
21
29
8
0
10
6
0
67
23
69
66
29
118
19
24
29
28
68
55
69
100
48
36
67
107
120
108
67
119
71
37
79
123
78
117
114
123
72
78
134
41
137
20
69
61
78
72
123
129
128
45
29
110
23
26
110
81
10
19
75
61
84
52
59
60
59
17
84
26
65
19
7
88
0
16
6
21
53
94
18
25
19
19
4
27
20
18
21
82
3
18
82
13
21
42
84
14
107
108
76
20
4
17
18
0
