197
112
201
197
159
197
109
175
174
173
197
208
139
165
216
140
208
158
209
168
207
165
223
141
236
214
230
163
134
223
228
233
214
168
236
139
128
235
248
225
238
239
249
177
136
153
137
150
151
159
40
160
161
30
160
134
23
112
138
166
172
49
147
183
125
184
37
173
31
43
155
182
40
59
178
37
150
137
183
37
191
46
159
83
120
41
141
180
191
183
34
190
157
30
24
29
33
0
194
83
199
199
76
206
71
61
72
76
210
218
122
76
59
58
220
65
219
93
227
77
209
119
70
241
71
78
121
241
230
239
230
74
75
86
166
82
133
190
83
93
90
63
68
68
138
136
59
187
91
222
193
59
101
34
87
90
91
242
158
131
1
162
1
195
13
143
6
180
21
160
163
182
142
190
3
14
218
207
171
184
9
167
1
151
194
172
140
141
189
166
1
128
0
109
127
1
62
12
64
62
12
66
26
11
28
13
66
64
65
11
54
13
66
14
60
27
71
25
71
54
62
63
72
26
11
64
65
68
71
16
68
31
63
60
68
69
69
78
71
30
39
0
41
43
28
91
60
66
77
2
87
3
4
34
3
78
81
99
3
72
2
83
37
84
39
86
2
95
66
101
98
90
7
2
86
104
94
99
41
90
35
100
74
95
90
92
101
88
10
62
39
91
90
0
3
49
3
3
8
41
3
40
40
2
3
62
39
2
60
2
3
41
61
2
3
4
6
3
55
42
58
25
1
3
54
66
6
3
68
20
34
66
3
3
63
70
68
1
2
2
0
2
0
72
36
50
73
24
70
23
23
26
29
46
55
72
17
48
27
54
36
75
32
80
30
66
54
42
47
69
30
37
76
76
73
75
38
54
21
84
66
80
77
85
44
77
40
41
23
38
37
0
140
63
133
150
63
146
46
119
62
66
124
112
131
101
76
69
139
33
144
67
139
122
128
144
57
133
147
127
127
146
153
128
133
117
152
32
110
134
149
91
128
110
151
20
132
0
138
74
0
116
61
47
105
45
115
25
33
32
43
112
57
88
21
72
26
88
41
52
40
90
36
62
89
55
58
93
36
27
102
95
68
75
26
73
35
62
73
92
86
67
85
81
22
55
0
54
78
34
64
49
85
79
11
41
9
34
18
32
82
76
53
19
88
33
96
11
90
18
85
19
87
51
82
84
104
24
31
96
94
99
96
27
83
31
94
84
80
94
104
106
103
34
57
0
47
56
0
112
56
51
86
20
67
11
53
49
18
94
74
63
50
73
15
98
44
81
10
102
19
110
105
104
107
117
37
30
81
105
58
74
25
94
25
89
98
88
66
97
98
96
22
65
16
60
56
15
51
22
14
54
29
18
27
28
33
38
31
56
21
48
30
27
32
43
57
30
57
22
23
29
60
29
30
8
27
54
66
60
58
34
20
10
41
33
11
44
31
15
38
15
6
14
13
9
14
57
28
47
41
24
61
21
18
21
24
59
59
41
18
71
18
66
25
55
19
71
27
80
62
39
74
70
24
35
73
77
74
65
45
53
10
41
75
57
62
75
75
55
41
35
0
31
35
0
101
44
99
101
23
165
12
26
24
30
104
125
91
107
60
22
103
126
163
130
95
136
93
61
104
166
102
134
137
157
100
99
172
17
164
6
110
79
117
115
151
176
182
16
68
118
72
70
123
82
11
41
83
51
89
30
57
50
51
24
100
31
62
31
8
91
1
30
7
40
45
98
33
26
33
30
6
24
35
30
34
70
8
34
70
31
34
68
83
30
103
114
56
27
7
27
30
0
