161
76
163
164
101
165
57
101
102
109
168
167
87
110
171
79
161
104
160
100
166
100
175
109
169
168
179
94
82
182
178
170
178
91
180
82
102
185
172
167
177
178
177
87
90
89
91
93
90
121
26
126
120
18
119
95
13
81
98
127
125
42
105
133
88
133
21
139
14
31
107
132
40
40
136
23
116
87
137
39
140
41
98
75
93
32
113
145
141
150
25
149
113
18
15
19
22
0
122
45
136
132
42
123
55
58
56
61
138
119
77
30
32
37
126
37
132
61
130
59
111
58
41
120
46
38
56
121
125
124
118
42
34
43
98
42
97
112
45
35
40
46
33
31
78
75
30
122
44
161
134
39
88
33
56
64
68
172
104
80
1
113
0
122
2
84
2
110
3
92
100
105
95
114
0
2
107
113
114
92
1
117
0
101
121
116
100
94
111
110
1
86
0
79
82
0
47
14
46
53
17
45
15
7
17
14
49
52
37
19
40
25
57
23
55
15
60
17
56
43
39
42
57
15
21
53
52
51
53
20
35
19
42
42
46
46
50
50
47
16
25
0
27
30
17
61
35
43
63
6
67
2
7
18
6
70
66
64
4
51
4
65
23
68
23
67
5
59
50
67
68
57
4
2
59
65
52
56
21
69
21
72
57
72
69
69
71
70
6
45
23
62
62
0
1
31
1
1
4
27
1
28
31
1
1
36
27
0
36
1
1
25
41
0
2
1
2
1
40
28
43
15
1
1
49
44
1
1
41
9
25
41
1
1
44
44
40
1
1
1
0
1
0
57
27
41
56
13
61
13
12
12
13
45
46
55
9
47
10
48
16
54
16
52
18
58
42
39
45
52
13
13
48
56
58
51
11
42
10
49
49
58
62
61
34
62
19
38
11
30
34
0
80
25
79
87
40
89
37
69
45
43
83
63
92
43
57
46
96
29
99
42
100
70
98
95
68
92
96
65
74
101
100
106
104
69
97
50
74
82
102
78
102
101
105
36
92
0
94
53
0
82
43
35
82
50
86
19
47
22
47
90
38
82
20
75
43
78
57
41
48
84
45
44
91
38
41
86
39
39
88
86
45
47
47
57
21
75
47
89
87
44
95
46
48
30
0
35
47
24
78
34
92
112
20
56
13
14
30
13
89
105
63
24
107
11
103
9
104
23
107
27
98
72
79
93
95
20
11
89
97
105
101
22
83
14
108
73
72
101
108
103
101
12
61
0
66
64
0
65
35
47
50
9
41
10
16
19
14
53
55
45
21
58
18
72
15
50
11
65
15
70
63
69
61
68
12
13
54
64
41
58
14
61
13
51
55
53
37
55
51
55
19
36
7
36
35
4
31
19
9
32
17
14
18
18
17
16
25
27
13
12
25
16
23
13
30
22
22
21
23
23
26
23
24
5
19
26
30
33
28
29
15
6
32
31
15
31
33
14
33
10
7
9
11
8
6
64
25
60
38
15
73
17
12
16
21
68
72
51
18
71
17
81
21
60
16
76
17
71
59
54
76
77
16
27
73
73
75
80
28
55
18
54
79
64
59
69
72
66
31
42
0
42
37
0
68
32
73
84
21
109
14
19
18
19
76
63
73
73
54
18
68
73
101
79
75
85
83
63
80
103
79
77
79
114
88
90
124
38
121
17
93
75
85
97
111
116
123
39
47
79
42
45
77
80
10
13
78
65
77
61
67
66
65
9
84
27
63
18
3
88
1
15
2
14
59
87
14
10
15
16
3
20
15
13
11
69
2
14
74
9
14
26
75
12
87
82
66
9
0
13
9
0
