217
90
236
227
105
231
70
116
112
111
233
224
117
107
221
96
219
107
227
104
221
105
215
102
206
216
210
103
92
214
218
209
214
96
210
89
105
221
210
210
215
214
223
103
119
96
117
125
98
155
18
151
157
24
154
133
12
116
139
167
140
40
122
145
102
136
21
141
13
30
124
126
31
35
123
26
105
86
127
31
126
29
118
69
89
30
109
136
138
149
25
145
120
19
15
20
22
0
135
54
140
137
36
157
74
75
70
74
138
138
75
27
32
24
130
29
151
67
137
65
132
77
32
131
38
37
60
141
134
137
145
56
39
44
112
41
102
142
43
43
42
54
30
32
82
81
35
133
58
192
150
40
84
26
62
66
64
196
125
110
1
134
1
137
5
110
6
121
10
110
117
125
108
119
0
1
121
129
123
116
1
126
1
114
135
133
115
106
136
133
0
102
0
98
107
1
46
23
54
48
13
55
24
12
26
10
52
42
49
7
38
6
45
6
47
21
46
20
50
38
47
46
52
22
8
51
48
52
55
6
54
21
46
33
54
54
54
49
46
23
29
0
31
33
24
80
52
59
86
8
73
9
11
14
11
81
70
78
5
69
6
70
17
76
17
65
9
74
60
81
79
80
8
9
83
81
75
81
21
82
20
82
65
83
89
88
87
88
11
65
20
78
79
0
5
22
7
1
7
18
1
14
16
0
7
38
13
1
41
1
2
20
45
2
7
2
3
5
23
21
23
10
2
2
28
30
4
1
23
4
16
23
4
4
24
22
23
2
2
2
2
2
0
45
13
41
46
3
44
4
2
6
4
37
45
42
3
37
2
41
4
43
4
48
2
41
43
37
34
48
3
0
41
44
43
44
1
39
1
42
40
36
44
40
37
46
2
31
3
38
39
0
68
43
62
67
10
64
10
82
11
9
93
81
76
54
54
9
71
7
70
13
76
81
72
109
55
106
120
71
94
130
117
79
76
82
112
12
68
102
111
64
73
76
113
11
109
0
107
63
0
72
49
36
66
27
69
13
21
23
29
73
53
62
8
65
26
69
30
51
26
69
25
57
70
48
44
72
28
32
71
69
50
58
40
66
18
80
59
89
79
47
80
59
43
36
0
35
49
23
84
37
87
124
30
81
20
7
42
5
87
124
74
37
113
6
121
21
121
32
128
34
122
86
83
121
123
37
5
113
120
109
120
42
90
7
124
81
97
130
131
127
130
5
73
0
79
83
0
80
55
51
80
28
51
33
26
22
34
83
65
59
26
64
19
75
28
67
12
80
10
83
79
83
83
91
25
27
76
76
52
65
31
81
24
81
70
68
57
73
64
72
11
46
6
45
43
6
39
19
12
37
25
10
15
18
18
23
23
33
23
18
24
17
23
18
34
12
32
12
22
23
36
21
23
15
17
30
40
34
37
29
22
15
40
35
16
38
43
18
43
12
10
14
9
8
9
37
4
40
28
21
49
15
11
22
24
38
44
40
13
46
11
46
18
36
20
41
19
50
35
27
52
50
16
27
51
60
52
51
27
44
8
38
58
53
40
55
48
43
23
25
0
25
24
0
73
23
76
71
35
87
27
36
36
35
73
41
71
67
31
29
73
81
94
95
61
91
78
31
71
87
76
83
90
100
77
82
98
52
92
19
80
55
85
89
84
92
98
48
13
82
18
22
78
92
6
9
90
86
89
83
88
84
86
6
81
16
72
6
1
89
2
6
3
5
77
94
8
6
6
8
0
10
6
8
7
100
4
7
91
7
8
16
91
11
100
93
89
5
4
3
6
0
