210
69
205
205
68
201
46
77
71
71
200
194
108
72
197
56
196
70
201
74
196
61
211
100
216
201
191
74
60
203
202
205
208
75
221
59
101
225
226
231
225
224
226
77
107
63
102
107
67
146
21
140
151
23
147
115
13
98
115
148
133
52
110
145
96
132
24
137
15
33
117
141
27
43
136
23
119
105
143
29
141
30
108
75
85
28
106
128
132
134
21
132
114
15
13
17
17
0
90
32
100
101
24
100
62
60
55
56
104
109
51
23
23
25
111
24
116
64
104
47
111
61
26
105
28
29
57
111
111
116
110
48
18
27
76
25
92
99
23
27
29
40
20
14
61
48
18
113
67
129
126
11
69
5
12
15
13
136
122
100
1
126
0
131
3
84
1
118
5
92
112
126
98
129
2
1
127
131
114
110
0
128
2
113
132
120
109
96
128
127
1
98
0
101
106
1
59
38
65
59
10
59
15
14
21
9
59
65
69
7
49
6
68
9
62
15
64
19
75
48
63
51
79
18
21
83
80
85
79
30
66
20
71
63
87
92
90
94
88
20
52
0
48
50
19
57
77
39
98
26
52
19
27
10
22
97
93
57
14
61
18
84
9
89
12
83
26
75
45
60
53
73
9
7
74
60
73
70
10
59
9
52
48
55
69
63
55
62
1
42
13
54
50
0
0
9
1
1
1
7
0
4
8
0
0
12
7
0
11
0
0
7
11
0
1
1
1
1
16
9
13
10
0
1
15
12
1
0
15
4
14
14
1
1
16
17
16
0
0
0
0
0
0
21
9
20
23
6
20
4
4
4
4
16
16
27
2
16
4
15
5
26
5
23
5
25
24
17
16
24
5
6
21
23
22
26
3
19
2
24
17
24
23
22
14
22
1
14
5
17
18
0
77
37
62
78
10
76
12
44
9
10
73
71
74
44
55
8
78
7
81
9
75
50
73
72
61
71
79
49
54
84
82
68
74
54
87
6
81
79
76
71
86
83
74
10
71
0
73
56
0
47
49
38
52
16
52
7
9
20
13
51
48
56
9
49
18
51
17
40
16
51
19
42
70
39
47
62
30
27
75
67
47
46
24
56
24
53
49
62
62
41
60
52
23
37
0
39
52
20
88
31
93
108
6
86
10
6
16
5
92
114
87
23
110
6
115
15
112
21
113
23
107
93
92
113
109
24
5
114
116
110
107
29
90
7
108
95
104
127
122
119
125
5
91
0
92
89
0
25
27
7
30
19
16
18
23
27
18
27
32
10
27
24
17
32
31
32
16
38
21
29
33
36
41
37
26
24
35
35
17
35
22
27
19
32
21
32
12
29
25
23
20
9
3
12
7
8
46
31
20
40
28
26
13
14
24
31
39
49
22
30
35
16
39
25
48
16
46
15
35
32
52
35
35
17
13
49
52
56
58
45
33
10
68
64
33
64
64
31
65
12
18
7
31
20
5
54
7
23
19
34
55
12
28
30
35
30
49
25
13
58
13
61
38
31
33
51
32
68
32
29
66
64
14
54
68
64
59
71
42
30
19
31
67
62
29
71
66
36
49
14
0
15
17
0
70
21
65
68
49
50
36
48
46
43
66
33
58
35
35
41
56
52
58
50
62
57
57
35
60
61
55
45
50
52
61
60
57
48
55
27
62
54
64
68
48
53
54
44
13
44
14
13
43
92
2
6
88
95
91
87
85
88
89
3
89
11
89
5
7
85
5
8
7
9
82
96
6
7
7
8
6
9
8
6
6
88
7
5
100
4
7
13
88
5
105
104
96
2
4
2
4
0
