455
244
463
475
371
477
270
412
410
399
479
470
300
385
487
334
458
386
485
390
495
370
483
315
476
508
483
385
315
484
501
471
502
377
496
333
293
513
501
501
520
503
504
370
285
345
302
275
346
40
9
36
41
6
44
26
4
14
26
43
33
14
20
34
21
33
9
35
6
15
23
36
12
20
34
15
21
13
32
14
37
14
25
34
20
13
31
44
38
37
15
40
26
7
6
7
5
0
367
182
410
409
204
406
128
113
124
135
427
437
303
186
155
180
441
189
450
157
463
139
415
269
196
424
204
214
133
410
434
439
434
80
194
203
367
197
272
398
198
200
197
74
154
156
355
339
148
72
22
311
76
34
290
291
294
295
293
324
32
30
1
32
1
161
66
159
125
33
126
158
84
151
26
150
1
106
149
145
29
155
119
29
1
28
83
30
143
134
145
25
1
18
0
16
16
1
165
79
186
180
65
177
58
34
61
46
185
164
151
40
145
50
167
70
188
54
171
65
182
124
123
144
179
55
63
171
187
167
177
69
148
63
174
158
177
195
202
207
202
61
80
0
89
90
63
187
151
90
191
10
184
10
12
106
13
181
169
190
15
137
9
161
96
169
105
169
17
182
134
203
194
190
17
18
184
209
184
184
110
191
106
212
142
199
197
204
225
205
24
106
100
189
200
0
19
152
17
15
42
118
14
113
133
12
17
181
103
12
190
13
13
117
187
12
16
15
20
18
176
158
169
76
11
13
199
189
22
9
200
47
132
187
19
16
189
196
193
12
21
10
5
16
0
241
92
162
247
68
247
96
74
100
96
155
163
223
73
156
87
174
96
226
99
217
95
209
170
155
159
211
95
86
228
233
248
229
92
184
67
246
208
222
230
237
158
245
99
146
96
126
136
0
120
59
110
128
44
130
36
282
46
54
331
281
127
182
76
46
139
35
131
49
139
278
128
333
79
333
367
279
292
356
365
137
140
256
337
28
111
312
335
85
125
129
362
29
323
0
299
60
0
210
133
122
196
74
220
84
62
94
64
228
153
217
57
185
75
216
89
136
95
218
89
163
229
150
151
239
78
71
239
234
169
161
75
207
77
179
163
239
239
160
246
191
62
116
0
117
163
97
157
64
177
191
31
104
61
94
92
93
159
184
88
67
193
96
180
61
192
74
187
74
158
98
165
156
150
63
84
160
159
158
154
69
163
84
134
157
118
160
155
166
179
93
86
0
85
80
0
249
244
178
296
62
245
26
6
8
55
304
305
235
8
297
57
270
7
297
30
277
63
269
261
283
289
269
8
3
325
294
267
342
4
295
3
252
280
344
248
287
342
294
81
266
1
254
241
0
124
87
43
121
75
45
78
85
56
76
95
106
55
56
82
83
95
41
109
93
98
89
88
68
112
84
74
42
64
86
101
103
103
86
63
26
124
86
50
111
125
63
119
50
25
33
43
26
37
127
39
133
92
45
158
68
37
61
50
137
144
85
62
133
56
140
58
139
39
142
55
149
140
84
166
161
57
53
145
154
149
150
53
140
20
115
153
108
132
162
146
135
57
81
0
79
78
0
233
121
219
224
51
288
14
59
56
60
213
216
204
237
142
61
228
300
341
300
213
294
223
135
216
324
214
297
312
328
214
212
340
59
336
32
203
139
213
209
308
349
338
49
116
287
108
113
298
144
48
103
155
70
149
48
70
70
80
79
162
76
89
99
31
172
17
92
37
105
56
161
109
87
103
103
32
33
97
107
103
125
32
97
72
88
108
125
119
107
155
168
56
83
31
74
77
0
