197
91
208
214
108
210
62
120
116
124
206
195
126
117
212
100
215
120
198
120
205
109
196
119
203
202
207
111
94
203
202
199
200
115
195
89
111
206
211
210
210
211
198
121
113
97
117
111
110
118
32
114
120
32
116
91
22
71
77
119
128
54
114
141
95
136
32
136
23
38
110
152
41
57
146
32
122
99
148
34
161
37
108
82
89
35
93
131
124
127
23
129
105
28
19
28
25
0
115
64
140
123
44
120
40
38
39
41
126
128
90
43
31
44
136
42
144
52
144
37
132
80
50
136
40
53
47
137
144
146
145
40
43
45
109
39
95
121
48
44
45
27
28
28
102
88
31
115
89
177
126
48
68
26
62
59
58
187
101
93
4
114
3
150
9
111
5
113
10
122
107
127
90
153
1
13
149
145
121
137
7
121
2
101
139
114
107
114
136
115
2
84
0
83
82
2
74
26
70
72
15
69
18
8
17
11
76
73
58
13
58
10
73
10
75
15
72
15
76
53
62
56
77
17
23
81
76
77
74
25
62
18
74
63
86
80
78
82
83
22
48
0
43
45
17
44
66
31
69
14
47
15
15
16
15
75
68
46
6
46
7
60
18
61
20
65
9
73
53
50
46
79
16
15
74
58
75
73
19
63
20
50
53
48
67
65
50
66
17
31
20
50
45
0
6
74
5
5
11
63
5
57
69
2
7
89
60
5
84
5
5
52
94
7
8
5
8
5
71
64
80
25
5
5
75
87
13
4
80
12
54
70
6
8
78
78
73
6
4
5
4
6
0
78
39
44
78
29
87
40
27
44
37
50
47
83
40
45
37
78
50
90
46
83
46
77
54
49
63
82
40
45
80
80
79
80
38
53
20
83
65
81
78
86
42
86
40
60
34
62
51
0
89
52
81
99
28
89
18
79
26
29
89
92
96
65
64
24
98
25
94
31
101
100
84
110
76
116
123
89
97
119
123
93
87
97
112
27
87
116
115
80
93
95
120
19
115
0
112
58
0
84
66
41
81
28
88
11
33
19
31
85
51
77
21
66
23
85
29
59
26
78
25
66
92
70
63
90
28
20
89
91
59
62
31
82
23
71
68
90
84
59
97
62
26
54
0
49
56
20
91
44
95
84
7
66
13
33
20
37
91
92
68
26
104
41
103
17
100
21
103
24
84
73
97
90
94
22
27
93
90
92
91
15
95
32
78
85
80
96
92
91
84
34
56
0
52
56
0
71
43
27
58
17
40
17
34
36
20
60
52
35
38
55
21
70
34
50
15
66
19
71
59
78
79
73
32
30
60
71
40
55
34
63
26
64
66
60
33
54
62
67
26
34
7
32
30
6
59
24
12
63
45
21
16
18
35
42
26
51
18
38
25
15
24
31
53
18
61
18
17
23
64
21
22
13
17
46
56
54
54
54
19
11
58
57
14
65
63
19
65
14
8
9
15
11
9
46
17
41
26
30
51
12
22
27
28
39
53
23
8
51
6
51
27
35
18
51
25
41
37
26
52
47
8
14
50
48
48
49
23
33
11
33
57
39
42
53
49
45
25
24
0
28
27
0
74
28
85
85
31
100
16
29
32
31
70
82
77
70
46
24
82
89
109
93
78
100
77
38
83
108
83
78
92
106
77
75
109
45
97
19
82
64
99
94
85
106
108
45
37
82
36
34
83
95
21
50
98
57
89
46
62
54
54
35
100
36
60
52
11
102
4
40
11
40
51
89
45
41
46
45
8
13
44
44
51
72
8
39
47
49
42
59
79
41
91
87
38
38
10
42
38
0
