200
106
209
214
120
217
80
131
134
127
198
211
130
129
215
119
214
129
210
131
214
130
206
112
203
205
195
126
100
203
194
201
197
119
204
99
112
195
195
205
192
204
201
120
128
116
126
129
125
114
21
123
121
24
109
99
16
84
108
128
123
40
106
128
108
129
18
134
14
23
107
113
21
41
110
17
92
86
113
20
115
19
91
62
78
24
100
111
109
115
19
113
99
17
16
15
17
0
119
51
130
132
44
129
55
53
50
53
132
138
77
38
33
38
154
38
154
70
159
53
134
76
42
147
39
42
59
139
144
145
144
48
41
42
113
44
98
136
38
39
46
43
36
33
94
82
32
126
28
206
129
55
117
57
94
97
101
206
112
82
0
121
0
118
2
106
2
107
4
76
111
118
91
115
0
3
112
117
113
104
2
116
0
98
121
110
101
104
124
104
0
105
0
109
107
0
36
21
41
47
4
38
13
12
19
3
44
39
56
3
33
1
39
3
40
15
40
19
45
36
40
59
42
14
0
39
44
40
39
8
54
20
41
50
48
48
50
52
44
18
36
0
38
36
21
54
28
37
54
4
49
2
3
15
3
52
42
57
0
39
0
48
17
48
18
44
0
49
44
62
56
51
4
2
49
63
59
54
20
61
22
64
47
66
62
59
64
57
6
40
21
61
56
0
0
20
0
0
0
14
0
12
14
0
0
29
14
0
27
0
0
21
29
0
0
0
0
0
43
23
41
35
0
0
46
44
0
0
59
28
47
61
0
0
59
61
63
0
0
0
0
0
0
65
31
55
73
11
72
17
8
11
11
55
60
70
10
53
12
60
20
75
16
73
17
71
55
58
55
72
21
16
70
71
76
76
8
61
6
73
65
77
81
76
62
78
11
61
19
51
53
0
91
39
89
100
35
93
33
106
34
37
137
91
101
56
68
32
97
33
94
31
97
103
95
137
64
140
151
74
94
161
148
97
98
80
140
30
73
112
147
78
98
93
150
32
128
0
121
55
0
97
47
54
89
51
100
16
39
19
49
95
55
102
26
82
48
101
53
59
48
89
55
62
103
65
50
105
50
48
109
107
54
66
66
94
18
88
58
116
113
42
116
60
61
47
0
39
52
19
89
48
87
129
25
63
22
17
41
19
100
132
83
41
125
17
134
27
139
45
137
38
139
92
101
142
137
55
20
138
146
133
138
53
89
14
130
84
107
141
136
141
143
17
68
0
65
69
0
101
88
72
120
43
71
34
12
14
47
124
110
77
13
118
37
100
11
112
23
101
30
101
100
112
111
110
11
9
112
104
100
116
7
107
8
93
101
112
85
94
103
99
28
88
1
86
90
3
54
21
12
39
38
10
16
13
31
32
19
38
17
20
18
15
22
24
37
14
31
15
19
17
29
17
17
12
15
21
32
31
27
30
18
12
37
36
11
39
40
15
47
8
5
11
10
8
4
65
15
57
32
19
67
14
21
28
22
47
65
42
15
71
14
77
22
45
18
66
26
71
47
47
71
69
14
24
71
80
71
77
25
47
11
48
76
63
56
74
70
55
26
34
0
35
40
0
73
32
86
83
25
110
20
26
23
24
78
64
83
83
60
31
88
96
132
110
89
111
98
65
90
131
91
105
101
130
95
95
140
48
133
17
103
93
100
101
123
145
136
46
40
96
38
45
101
99
7
23
85
64
93
63
78
75
67
11
86
20
70
22
4
80
2
12
5
23
58
100
16
16
18
23
3
13
25
21
16
90
6
23
82
18
17
30
88
23
104
92
69
13
4
17
17
0
