202
94
212
215
130
220
83
131
130
144
195
204
117
135
190
95
199
132
195
131
207
135
194
102
199
191
200
123
90
193
199
201
198
126
194
104
122
207
188
201
208
207
206
121
102
93
97
106
99
134
35
142
135
24
129
92
17
52
102
143
126
46
88
141
67
132
25
141
18
46
98
134
44
62
144
34
98
78
139
46
148
48
92
84
70
39
77
125
132
133
30
140
93
23
18
22
28
0
127
62
144
135
45
145
44
45
40
45
130
127
74
45
38
49
127
48
132
46
139
34
141
82
55
137
44
57
38
150
143
138
143
44
41
50
114
51
100
129
50
52
51
35
32
36
103
101
34
107
71
172
120
52
73
25
59
67
69
166
100
84
1
102
1
120
2
71
2
114
5
99
99
104
79
110
1
5
114
117
102
115
8
92
1
83
126
95
92
98
124
93
0
63
0
62
74
0
58
27
62
58
27
63
18
15
20
16
61
62
40
18
43
16
57
27
60
22
58
22
65
32
49
42
76
23
41
77
74
78
76
33
46
20
48
46
71
69
68
71
71
23
21
0
19
19
16
68
76
39
86
7
55
10
11
28
15
86
74
56
11
55
4
66
23
78
24
74
12
67
50
64
57
77
10
11
73
68
79
75
31
64
28
63
39
59
76
72
55
70
6
34
28
53
54
0
3
51
3
2
10
27
4
29
38
2
2
56
15
4
54
4
4
26
58
4
2
1
4
1
59
47
52
28
1
1
59
65
3
3
50
10
34
50
4
3
45
53
49
4
3
4
1
2
0
72
26
52
71
14
72
16
10
18
21
37
43
65
18
38
16
44
15
59
15
66
17
58
39
32
43
58
20
22
62
54
54
62
23
45
13
63
43
60
66
60
36
60
23
36
12
25
30
0
73
38
78
83
38
75
30
83
35
31
85
80
78
68
53
33
75
29
73
32
75
99
64
104
50
96
106
77
94
109
109
74
62
79
95
27
57
92
101
61
66
67
105
27
86
0
94
41
0
60
37
37
64
36
69
18
32
24
40
74
42
67
21
59
34
76
37
35
39
75
38
44
72
46
40
70
49
41
76
70
39
38
38
42
24
60
44
79
65
38
74
42
32
28
0
26
36
23
56
25
71
81
21
59
16
13
27
13
63
94
66
36
88
12
94
20
84
30
82
30
86
63
67
78
85
34
13
94
96
90
85
27
62
13
75
63
75
86
81
87
94
14
58
0
60
57
0
71
37
34
46
9
49
7
24
23
8
49
52
43
24
55
10
68
30
50
8
69
10
84
75
71
82
72
31
27
57
75
39
59
22
73
20
61
73
56
44
68
49
62
4
39
6
37
34
8
38
23
14
28
12
18
19
24
10
17
34
29
16
13
26
22
29
10
25
24
27
22
27
27
26
23
24
11
12
17
23
27
20
8
19
5
25
19
15
27
23
19
24
14
13
11
10
9
8
35
8
47
32
8
36
18
3
6
4
45
34
24
16
44
15
45
6
40
7
51
10
41
53
37
39
41
11
12
39
41
36
39
14
50
7
42
47
43
48
50
56
50
13
33
0
29
33
0
54
31
62
62
22
88
10
23
23
24
64
70
69
80
48
25
71
91
98
82
77
90
79
51
85
109
76
82
92
108
75
74
111
30
107
22
78
69
76
76
100
108
108
29
43
80
42
33
79
66
7
17
58
50
66
44
50
51
51
11
62
26
43
14
3
54
3
16
3
15
38
67
12
8
16
12
3
12
13
15
12
51
1
14
46
8
17
26
47
21
57
57
40
19
0
12
15
0
