390
194
390
383
251
394
177
259
266
263
388
401
228
255
391
213
407
270
396
244
397
264
427
268
425
426
423
258
205
413
438
438
422
279
459
200
252
466
462
468
460
464
467
273
216
212
217
218
220
299
75
291
289
55
314
219
37
178
222
306
298
117
222
317
196
324
64
306
52
91
240
283
91
117
306
64
239
192
302
86
309
98
213
179
150
91
196
284
282
284
72
289
225
58
45
51
56
0
250
109
293
295
121
310
107
91
96
113
305
301
198
126
96
108
305
117
337
121
302
104
311
203
118
345
120
123
125
327
326
348
340
107
108
125
273
127
219
309
121
123
128
96
89
92
201
203
97
292
150
389
295
100
133
47
112
123
118
398
251
216
1
273
3
289
2
236
3
265
6
251
260
284
205
305
6
5
317
291
255
279
17
271
1
230
322
274
244
270
317
271
1
192
0
173
187
1
172
100
183
183
49
182
53
43
67
38
180
175
151
38
145
52
196
62
192
60
193
58
185
137
139
146
178
68
54
178
174
171
174
42
156
49
159
131
161
159
161
161
164
68
92
0
91
94
59
151
165
98
176
29
148
21
28
66
25
181
182
161
24
133
21
170
68
196
72
192
31
186
125
166
155
195
35
28
187
172
200
202
62
206
61
153
114
157
192
204
160
209
36
83
60
128
128
0
3
119
11
9
22
83
2
66
87
3
9
167
45
1
181
4
4
98
179
3
4
2
7
4
128
108
107
49
3
5
135
137
6
3
99
10
59
104
5
3
91
96
103
2
3
1
1
2
0
144
78
116
157
42
161
44
22
43
39
110
112
140
34
113
35
133
54
158
48
157
49
155
124
110
106
148
55
69
170
166
168
168
53
124
20
159
132
171
169
168
110
159
69
117
47
108
99
0
230
99
229
244
89
234
80
174
95
97
204
213
223
151
134
115
253
86
236
101
242
179
238
238
158
217
252
187
175
255
242
264
246
182
244
89
207
239
252
195
247
240
253
72
229
0
220
152
0
172
117
98
155
71
184
42
66
71
79
182
137
175
48
177
84
188
99
133
87
205
85
142
184
161
119
197
76
90
199
204
141
149
91
187
84
174
156
204
183
149
202
144
81
108
0
105
145
68
194
78
201
228
54
140
32
54
64
42
203
231
191
68
240
53
238
42
228
69
230
72
232
183
214
225
223
70
51
214
226
229
232
71
218
56
233
219
227
246
242
241
235
54
141
0
138
132
0
139
105
58
111
54
83
41
80
66
50
114
109
67
83
110
45
152
72
98
34
145
39
148
142
161
164
158
68
65
112
132
88
113
69
126
40
118
118
117
66
116
118
114
56
60
16
61
65
12
121
64
31
119
74
48
49
57
53
70
80
98
68
61
78
55
86
54
123
66
115
62
76
75
91
83
82
25
53
78
87
107
85
55
82
14
116
95
64
112
116
79
112
41
32
25
47
33
21
133
39
95
80
51
131
56
40
58
65
123
136
85
54
146
53
150
54
127
38
145
58
146
103
107
146
145
46
63
144
147
159
158
66
125
35
110
167
130
139
150
145
128
64
65
0
65
68
0
202
103
199
209
58
229
26
52
46
54
212
188
200
163
159
68
206
159
252
195
218
206
237
173
248
255
237
185
179
235
242
246
273
99
245
58
254
177
252
261
206
235
245
89
114
175
116
117
161
196
31
62
199
141
192
117
155
144
143
30
188
51
139
57
14
196
12
46
18
61
121
204
50
47
56
64
21
29
62
56
60
161
19
65
124
52
67
92
141
56
174
169
113
42
13
36
34
0
