383
159
407
387
204
392
116
213
225
219
387
381
183
213
377
162
373
213
377
202
365
201
369
174
363
366
372
194
159
354
372
369
366
190
343
166
184
370
357
368
371
370
385
202
166
169
173
180
165
198
30
194
204
52
204
170
18
145
184
205
198
75
189
210
150
211
47
222
32
60
192
210
58
76
218
37
190
165
233
61
222
62
158
105
144
49
176
195
190
192
36
205
152
27
23
27
33
0
168
79
194
188
97
201
41
42
37
40
181
194
126
91
73
81
195
87
218
50
212
37
180
124
88
194
93
97
43
216
193
205
200
50
87
99
201
83
165
209
83
87
85
37
66
63
164
158
61
226
91
283
221
62
111
59
94
109
106
285
187
147
5
199
2
193
2
142
1
198
2
153
167
191
177
191
2
2
190
185
181
170
4
189
1
182
193
195
164
161
190
200
1
146
0
140
149
2
99
46
107
99
20
103
23
11
26
14
110
96
99
17
86
15
97
20
105
26
97
26
102
99
91
94
116
27
21
114
118
114
122
17
96
26
104
105
104
110
100
104
104
24
75
0
82
81
19
73
43
33
56
5
69
6
6
38
4
65
55
81
3
44
5
57
36
65
44
59
6
54
49
86
76
58
5
6
59
78
60
51
48
50
39
76
39
70
49
51
70
48
5
32
44
74
69
0
2
24
1
2
2
25
3
22
28
2
3
34
23
4
38
2
4
25
36
2
4
4
1
3
30
25
40
16
3
1
47
34
1
2
36
9
33
41
2
3
44
39
39
2
3
4
1
5
0
37
18
32
43
9
43
12
7
10
9
32
39
52
7
43
10
41
11
51
12
52
14
47
44
31
31
42
11
10
45
48
49
44
9
38
4
44
37
45
47
44
38
50
8
37
11
28
23
0
100
66
106
112
18
116
14
132
18
16
149
128
109
113
85
10
101
12
105
13
109
147
110
177
84
158
172
126
155
179
180
111
108
143
164
14
100
157
176
94
101
110
177
13
161
0
167
83
0
112
84
73
93
19
103
27
20
39
19
98
81
100
19
76
18
104
22
88
21
93
25
85
103
68
85
106
22
20
111
102
83
89
22
107
43
77
90
99
103
96
102
90
12
73
0
74
87
40
113
69
129
145
18
90
18
15
30
11
129
144
93
29
150
11
157
19
157
28
158
25
145
99
123
146
156
31
10
157
151
156
152
27
121
10
141
110
121
153
144
149
147
8
108
0
100
112
0
129
55
73
94
19
89
14
61
53
25
95
93
69
52
92
19
129
49
94
19
133
20
140
134
144
142
145
56
55
96
142
81
92
52
126
41
110
100
99
76
110
98
99
25
71
13
70
66
12
65
29
16
65
50
19
34
32
46
62
35
58
16
55
35
30
36
44
56
32
51
30
29
25
75
29
30
19
22
65
73
70
77
75
28
9
87
78
17
87
82
27
82
19
13
20
22
11
16
73
20
30
21
53
72
24
39
51
48
46
86
24
19
76
19
75
59
37
40
82
53
71
35
33
68
70
19
54
70
81
79
72
45
39
14
30
74
55
34
71
82
31
45
16
0
15
11
0
104
35
100
102
51
148
29
61
47
50
106
103
94
120
60
54
109
147
165
158
112
154
117
48
118
149
126
135
152
161
123
122
172
66
169
26
130
91
119
130
146
163
163
66
44
148
45
40
137
111
14
16
114
102
105
91
101
102
108
10
117
26
107
19
8
117
4
11
5
15
92
121
13
13
16
15
5
23
15
13
11
113
6
13
112
12
14
30
125
18
138
138
118
11
6
11
13
0
