213
106
224
216
140
217
106
149
153
143
216
221
127
153
236
125
231
151
239
150
233
144
223
135
221
218
211
133
142
217
217
214
214
156
244
126
116
254
255
247
243
250
260
149
124
134
126
125
136
185
35
174
165
26
182
146
22
128
149
168
180
44
148
173
127
173
31
179
22
50
154
182
43
62
183
35
153
136
193
41
191
50
137
106
107
49
139
173
170
181
34
175
147
30
26
26
29
0
164
74
179
183
58
193
69
59
73
82
189
165
110
44
43
44
178
51
188
67
189
61
157
95
44
164
55
53
53
156
166
163
166
45
36
46
142
50
116
157
50
56
55
35
44
39
127
123
40
170
75
232
181
52
120
43
68
81
80
245
153
113
3
165
3
171
4
123
6
163
9
136
156
135
136
172
4
8
176
175
151
156
4
152
1
141
162
145
137
115
168
140
1
124
0
127
124
1
47
19
41
49
16
41
18
11
18
12
40
52
44
13
35
12
46
20
51
19
51
20
45
23
42
39
35
22
10
46
42
38
44
20
49
17
52
32
54
57
62
54
54
23
21
0
27
25
15
90
69
53
90
4
82
4
5
20
6
83
83
96
2
70
4
78
23
86
24
87
4
79
61
89
84
76
6
2
81
95
79
87
27
90
25
88
61
79
95
89
86
95
7
59
24
74
80
0
6
39
7
8
11
23
1
15
24
1
7
56
17
1
63
1
3
37
63
2
5
2
6
7
42
43
38
24
1
6
54
50
7
0
57
13
51
62
5
4
61
61
58
0
3
0
3
2
0
61
34
54
70
16
70
18
11
21
19
49
55
67
9
52
12
53
20
72
19
74
19
58
55
46
47
61
15
20
59
61
64
67
12
53
3
66
54
66
66
63
47
71
13
54
17
46
42
0
120
66
111
116
33
112
24
103
30
32
130
129
115
95
81
30
117
28
119
34
116
122
130
167
84
162
164
120
131
161
162
126
122
118
145
34
105
151
144
107
124
125
156
27
154
0
146
80
0
93
70
56
86
38
88
15
31
22
42
93
65
99
27
79
45
112
44
58
46
104
50
71
91
54
58
96
34
30
91
83
71
70
47
94
23
78
76
106
102
75
106
69
39
63
0
54
76
23
72
36
81
93
38
76
23
20
40
18
84
101
74
32
91
18
101
19
106
38
103
40
89
76
82
103
95
40
19
108
99
100
100
29
70
11
100
80
100
114
112
111
110
23
56
0
55
58
0
97
55
46
80
22
75
15
47
47
24
82
76
63
43
76
18
96
49
82
17
110
25
113
111
112
114
114
54
51
73
108
61
75
48
101
44
91
75
83
62
79
79
72
28
54
14
53
56
6
54
19
15
53
44
12
20
19
35
45
26
33
21
39
23
15
24
29
42
17
44
17
20
21
37
21
21
15
11
33
39
44
43
25
13
14
38
35
15
32
36
19
34
17
8
11
15
9
8
56
11
53
36
16
55
20
12
18
17
52
62
43
17
59
14
66
18
59
11
64
14
64
59
53
66
71
16
21
66
67
70
69
26
49
13
42
60
62
59
72
64
49
23
35
0
46
37
0
76
42
79
80
18
123
9
19
19
16
79
89
86
108
61
19
87
114
141
125
90
122
100
67
89
132
82
125
129
144
85
91
144
35
148
24
80
69
83
90
126
138
151
30
45
108
42
40
111
81
13
12
80
60
85
50
60
63
60
16
62
10
53
25
1
68
1
15
4
16
41
70
19
14
21
17
5
9
18
23
17
65
3
17
42
14
15
31
48
15
64
62
39
12
3
13
11
0
