517
270
531
519
385
527
256
414
408
390
534
542
341
370
524
338
519
384
524
367
523
364
515
336
511
532
503
373
314
516
527
501
525
365
521
331
370
538
530
545
535
535
548
369
329
348
320
339
338
355
79
346
347
79
351
252
70
191
265
363
374
139
305
379
236
394
81
381
74
87
307
336
99
148
367
84
276
226
352
104
359
109
266
190
221
105
317
365
370
364
93
371
278
94
81
90
87
0
406
191
435
454
190
425
188
171
175
193
458
424
270
162
137
152
439
171
469
197
462
158
412
239
168
427
173
181
152
435
426
433
432
128
168
195
336
179
271
389
187
188
190
111
149
142
307
309
153
366
175
541
380
148
215
114
223
233
225
547
313
251
4
325
2
384
13
240
5
337
15
307
282
337
262
373
3
12
378
378
315
346
16
305
1
283
373
331
298
298
387
315
1
232
0
210
229
1
130
73
144
147
16
144
82
54
95
13
143
133
171
12
117
11
139
17
140
82
142
97
143
129
172
167
147
87
14
148
146
144
146
11
181
86
146
117
145
143
143
133
142
82
101
0
93
94
82
234
182
116
220
8
199
9
11
90
9
220
215
244
2
164
2
211
89
207
97
223
3
206
151
226
230
194
8
6
194
243
199
204
107
201
101
239
155
220
201
203
242
210
2
134
101
226
231
0
1
75
1
3
7
49
1
41
49
2
4
92
47
2
98
2
2
62
93
3
4
2
5
2
135
84
112
63
2
3
131
131
4
2
196
49
136
194
3
5
198
189
180
2
1
2
0
1
0
221
104
153
249
79
234
79
59
72
75
145
148
220
51
143
50
156
73
236
69
242
73
201
172
143
121
208
89
75
211
212
211
208
62
167
27
222
168
216
217
225
145
221
64
153
85
125
125
0
245
120
244
250
95
257
80
275
95
91
321
287
257
228
137
104
258
80
258
97
255
302
228
359
156
334
373
302
329
367
385
232
221
291
358
62
198
324
361
196
228
225
357
63
351
0
342
145
0
230
158
126
224
93
260
85
94
96
102
239
161
233
52
194
114
241
107
158
112
257
118
171
281
152
167
299
141
128
284
287
165
188
128
229
90
206
185
300
297
169
293
192
103
134
0
127
172
91
237
94
240
282
44
165
67
91
102
76
258
252
138
68
263
90
286
54
280
69
259
68
236
156
242
242
241
60
79
242
245
230
244
60
235
79
215
221
207
235
235
217
242
86
152
0
135
145
0
257
162
144
229
52
200
34
84
65
53
230
220
180
84
230
55
266
74
216
42
264
56
271
255
278
271
274
81
71
238
259
191
220
71
242
48
221
232
240
174
224
220
206
50
177
19
157
150
17
141
77
36
128
87
52
86
79
67
86
81
115
54
74
70
74
85
65
120
73
107
78
79
71
124
70
78
33
65
97
104
108
107
76
54
32
113
79
49
119
111
66
124
39
21
37
46
22
39
172
58
159
126
74
196
61
50
72
72
169
197
117
67
192
64
182
55
172
39
185
60
196
167
125
184
200
60
67
192
176
190
183
66
178
28
158
202
143
166
209
205
185
69
101
0
99
115
0
261
114
271
269
56
330
28
59
62
63
281
268
269
269
156
79
274
291
359
316
266
316
259
170
264
369
276
284
305
367
252
258
381
81
365
49
255
193
277
269
325
381
385
78
157
283
137
140
280
222
47
96
225
139
232
107
143
139
148
67
242
101
157
99
31
260
11
87
34
104
129
268
102
92
111
103
28
89
110
102
97
223
21
98
195
88
101
158
218
95
288
287
160
66
18
76
73
0
