60
31
61
56
33
64
19
36
35
34
58
55
35
41
61
29
50
35
63
37
62
34
59
41
60
57
56
34
30
59
64
54
57
38
60
30
41
66
67
55
65
59
63
38
37
34
30
37
33
41
9
37
32
10
31
26
7
25
24
34
29
13
18
32
18
32
12
35
7
12
23
33
12
17
29
10
25
15
34
10
31
12
22
28
22
11
26
29
30
31
11
38
26
9
4
7
7
0
31
12
33
32
13
35
13
14
13
13
37
39
26
12
8
10
39
15
37
19
41
13
33
27
13
34
13
16
6
35
40
39
43
4
13
16
33
12
25
32
14
16
12
2
8
12
27
25
8
32
17
104
41
17
98
63
81
84
83
120
28
22
0
27
1
48
26
49
25
26
37
39
43
63
17
49
0
38
50
52
22
62
30
26
1
29
61
29
57
44
70
21
0
17
0
16
21
0
60
28
66
72
36
69
14
5
16
29
56
64
33
33
52
25
62
42
64
12
63
16
63
65
38
38
72
11
25
56
69
67
72
31
43
16
59
61
72
66
68
68
64
17
29
0
25
31
11
11
13
5
16
3
14
4
3
6
5
17
19
12
4
16
4
17
5
14
5
17
3
19
14
13
9
15
5
3
12
14
12
17
6
18
6
17
13
11
16
11
18
18
5
7
8
13
11
0
43
173
46
39
74
147
42
127
138
28
45
223
107
48
222
49
42
117
219
41
50
50
51
47
213
200
200
92
42
26
230
225
49
46
199
52
164
205
48
49
192
197
206
39
49
41
28
46
0
206
81
129
215
61
222
98
77
100
97
136
141
198
74
140
80
163
89
196
78
197
79
179
146
134
140
182
105
96
193
192
198
192
93
139
63
184
173
187
203
189
131
193
84
133
102
125
113
0
93
57
80
101
19
104
17
247
15
19
302
229
103
148
83
20
109
21
110
22
109
250
102
326
81
304
328
210
252
345
325
102
102
238
313
22
97
284
316
82
103
108
317
12
296
0
278
70
0
218
128
96
197
80
204
4
65
11
87
214
114
225
66
178
92
233
97
119
108
226
93
135
221
160
128
214
77
88
211
221
149
136
90
210
7
180
142
226
209
127
209
143
69
125
0
107
124
5
149
72
170
142
20
83
24
109
36
95
167
147
109
40
155
106
160
29
149
42
163
42
160
114
180
163
169
44
91
169
164
170
161
39
190
95
155
183
139
170
160
175
164
95
95
0
88
86
0
244
250
202
333
84
224
39
8
5
74
320
329
268
4
326
84
274
6
321
51
272
85
259
255
270
261
279
7
5
306
271
236
304
6
275
5
240
259
312
237
258
314
252
73
244
2
237
219
1
112
10
8
116
109
8
7
8
102
113
7
96
30
99
7
5
7
100
102
6
98
4
8
6
115
8
7
22
3
115
112
120
112
122
8
26
132
125
3
128
131
7
132
5
5
0
4
4
0
110
59
93
69
42
131
20
33
52
53
94
147
78
16
149
11
154
73
98
53
152
70
162
87
102
172
157
13
75
152
157
149
155
71
90
42
82
159
124
108
164
151
101
80
78
0
87
88
0
165
71
172
176
60
197
31
64
63
64
194
168
169
197
101
65
182
230
246
242
187
258
191
120
198
248
192
234
252
257
203
196
274
56
248
33
192
129
198
206
223
268
263
47
83
252
78
80
231
139
52
100
159
68
157
59
67
71
73
73
159
60
73
89
32
161
17
80
39
105
69
174
85
89
96
102
49
25
88
97
97
119
30
90
94
74
96
125
127
98
175
177
64
78
20
79
81
0
