257
118
285
263
154
287
107
176
185
166
274
234
163
166
239
137
241
171
240
164
236
169
246
148
255
240
240
167
136
249
240
255
243
160
246
136
133
245
247
238
256
255
253
164
134
150
134
142
142
151
20
151
145
32
160
98
14
72
102
145
135
48
118
135
83
147
31
132
15
45
110
106
40
46
111
28
77
62
126
38
123
38
78
86
64
36
92
121
120
125
24
127
92
21
13
17
19
0
154
66
167
167
67
168
47
45
45
40
168
174
114
65
53
58
184
68
193
59
184
47
159
117
65
164
63
66
44
174
166
168
166
59
67
67
175
70
137
180
72
73
71
47
48
46
128
126
38
139
68
212
137
73
99
64
108
102
118
222
110
85
2
96
2
131
9
90
10
109
12
119
111
140
89
135
2
10
137
137
109
124
13
99
1
92
127
106
104
115
131
113
1
76
0
66
72
1
60
29
66
68
32
65
16
13
21
21
70
77
51
17
63
29
75
40
73
17
84
22
79
42
41
38
90
22
46
87
87
84
80
29
40
17
68
66
85
80
74
79
80
17
25
0
27
26
20
74
84
37
88
20
68
18
22
33
20
90
87
84
12
60
15
86
38
101
45
93
17
81
36
69
79
88
10
11
78
87
82
83
39
85
39
78
46
84
83
87
75
86
14
37
34
75
69
0
1
46
2
2
11
37
1
36
38
2
3
78
19
2
88
2
1
36
87
2
1
2
1
2
81
64
59
38
2
1
92
96
1
0
78
16
53
75
1
2
83
83
80
2
2
2
0
2
0
109
48
69
111
36
108
43
33
43
45
67
74
109
31
67
36
75
48
108
47
109
43
104
80
69
66
98
46
37
99
106
108
107
33
75
17
94
93
103
104
103
64
107
33
68
45
65
58
0
113
58
105
110
44
120
43
130
46
50
131
100
109
99
70
39
110
30
104
43
113
129
116
149
84
140
152
114
141
169
160
118
121
121
140
45
89
134
142
104
106
107
149
45
130
0
138
51
0
80
43
36
80
39
86
20
39
33
47
90
46
82
20
78
39
81
51
47
50
91
45
51
73
63
48
77
42
35
77
83
47
56
31
60
33
67
45
72
79
52
78
52
31
33
0
34
51
31
71
24
82
63
11
46
21
49
28
38
70
55
35
23
62
38
62
16
68
24
55
24
54
40
63
58
63
22
39
58
67
65
65
21
66
40
47
67
48
60
60
63
58
44
33
0
30
30
0
126
74
80
110
19
86
12
29
31
15
108
110
96
32
112
18
131
32
108
16
124
17
118
111
133
123
120
29
31
99
122
83
99
32
114
26
115
108
99
77
110
100
109
17
77
11
73
68
11
45
43
26
47
17
23
28
32
8
18
47
29
25
10
50
29
42
11
34
25
41
34
47
36
33
42
42
8
24
25
33
38
32
10
34
5
33
28
32
28
25
24
26
18
19
12
23
16
16
52
11
52
39
6
48
17
6
11
9
54
66
46
18
71
16
70
20
63
11
68
17
63
56
53
65
65
21
20
54
57
71
60
23
58
14
59
69
64
67
83
86
64
27
43
0
45
47
0
95
52
98
99
16
150
9
18
17
19
105
79
112
114
72
24
101
116
171
139
101
136
107
65
93
160
108
121
137
158
104
108
166
28
162
11
104
73
108
102
147
161
168
21
67
124
66
63
118
79
26
55
81
30
87
25
30
35
30
34
94
42
34
52
9
92
2
51
11
57
29
89
52
47
56
46
9
16
60
54
53
74
10
54
27
53
55
62
67
56
71
76
19
44
8
50
46
0
