329
145
353
343
184
350
120
200
205
199
339
325
159
190
336
149
332
189
326
188
343
189
309
166
311
313
307
187
149
296
310
304
311
188
297
145
160
319
302
302
323
312
313
184
163
154
162
171
150
192
46
203
204
52
206
166
30
151
190
208
206
76
180
214
154
221
57
228
41
76
192
181
66
64
191
38
173
150
200
63
195
69
181
96
147
56
163
207
201
208
27
196
182
20
22
28
26
0
186
84
213
197
88
222
73
70
63
68
203
194
150
79
60
71
188
67
216
65
196
45
200
125
72
211
75
80
78
217
214
221
210
56
65
76
173
76
149
190
70
67
72
49
51
53
129
133
39
206
102
270
219
61
121
29
67
76
76
273
198
161
1
207
1
233
4
154
1
195
4
198
176
199
168
224
2
1
212
199
200
196
1
191
0
172
190
201
174
163
213
187
1
145
0
144
136
0
60
39
75
73
9
70
22
17
22
7
64
69
77
5
66
9
68
6
74
20
76
24
89
58
63
71
92
25
13
94
88
88
88
18
86
23
94
70
90
95
97
104
93
21
46
0
48
52
23
83
79
40
95
6
77
6
7
25
6
100
98
75
4
66
3
88
33
90
32
95
4
85
78
81
86
89
4
4
83
86
86
83
35
96
34
91
87
95
97
107
88
100
6
60
36
83
79
0
3
48
6
4
12
40
4
40
41
2
8
60
35
3
58
4
3
36
56
2
5
4
4
5
73
50
69
39
1
4
72
70
2
2
78
23
56
78
3
2
75
70
80
2
4
3
2
4
0
58
18
42
62
20
64
24
21
31
28
39
42
66
20
48
30
61
36
71
30
72
28
60
50
43
49
64
28
27
70
60
56
60
25
51
17
77
62
78
76
81
41
76
30
37
21
38
39
0
106
54
115
116
27
111
24
112
32
33
128
114
103
99
80
32
113
23
115
23
124
134
109
147
90
145
161
131
144
151
154
118
117
141
145
30
111
141
151
103
124
120
147
26
137
0
141
73
0
115
64
57
109
45
125
21
29
34
42
108
67
107
19
70
39
113
40
65
42
116
40
69
95
73
53
101
37
33
101
101
62
75
45
94
34
90
77
113
108
63
115
70
34
55
0
52
70
36
112
47
104
106
12
70
14
22
24
18
106
114
64
15
108
29
108
7
106
17
98
18
114
72
101
111
108
14
24
118
111
108
120
16
116
21
117
104
80
119
113
119
111
27
79
0
77
86
0
123
53
46
59
12
80
10
60
61
13
57
63
52
58
64
11
111
60
56
9
109
13
124
105
125
123
126
54
50
65
113
49
59
52
88
41
102
89
71
48
81
70
93
20
45
12
40
45
14
47
30
19
55
43
19
23
27
37
43
33
61
21
37
29
25
27
33
48
26
50
31
27
30
55
26
32
14
26
49
58
55
49
45
26
10
57
53
20
49
49
22
56
14
9
12
15
11
15
68
26
63
33
32
68
24
21
30
29
71
65
32
17
75
20
86
40
64
29
78
44
79
67
45
81
83
15
47
78
88
79
90
41
65
19
45
92
54
75
93
80
73
47
47
0
45
44
0
107
40
111
103
38
138
15
41
39
47
115
97
93
93
54
35
92
112
142
121
91
125
107
56
107
158
106
121
136
150
99
110
157
38
159
17
96
58
102
97
134
150
144
35
56
127
53
54
121
88
21
32
102
64
99
52
72
72
74
29
108
33
88
33
4
108
2
35
5
31
63
121
32
27
33
34
7
33
30
33
31
103
6
37
84
26
40
61
102
34
124
112
86
27
5
25
24
0
