668
346
680
693
419
679
314
432
439
441
682
719
372
454
742
367
712
444
723
434
727
438
707
374
728
724
717
445
351
719
728
713
725
437
707
312
370
725
710
717
696
722
725
435
361
369
357
374
346
437
118
458
449
77
449
315
53
202
340
446
414
157
313
454
240
448
99
459
70
146
322
433
157
186
435
102
324
273
437
143
450
157
344
338
251
163
310
467
467
459
111
488
334
66
52
71
75
0
422
182
455
449
183
450
112
115
106
111
461
417
285
166
128
139
412
162
464
113
452
104
402
290
170
435
169
181
99
441
449
464
444
121
158
186
436
178
367
465
168
171
178
99
109
109
349
347
118
395
238
546
422
86
213
99
166
176
170
557
353
328
9
376
4
437
32
353
21
383
45
401
381
395
307
436
8
39
433
448
372
430
35
367
4
343
429
381
370
363
438
366
8
261
0
242
257
3
213
96
227
219
108
213
62
41
58
96
231
214
142
57
182
99
216
119
236
58
233
73
227
117
114
134
241
65
134
243
238
223
235
98
145
66
158
154
211
213
208
205
215
64
75
0
89
86
69
157
190
94
220
41
150
37
46
73
45
199
194
185
34
152
48
216
75
211
89
219
53
236
132
178
163
242
56
46
236
205
227
229
87
217
77
193
134
186
224
210
191
226
58
90
79
146
134
0
9
221
18
15
46
148
4
117
147
6
18
284
112
5
276
8
10
159
281
8
17
10
15
12
206
202
204
84
5
10
226
240
13
8
211
52
152
196
15
11
203
203
207
10
6
3
5
9
0
226
86
148
253
58
252
96
74
82
83
140
164
203
43
156
68
174
75
219
82
228
85
204
153
146
157
208
73
64
199
213
220
208
64
163
40
197
182
213
209
212
147
224
77
145
75
125
131
0
284
159
276
287
87
293
67
257
79
81
301
271
291
206
233
87
319
73
312
88
317
293
289
335
217
345
369
297
314
362
382
310
307
311
359
91
268
339
358
273
309
301
381
77
346
0
343
213
0
201
129
113
202
85
194
40
93
77
89
210
134
196
59
188
89
203
89
148
91
193
93
151
242
134
147
201
89
86
227
215
152
168
81
177
88
172
158
214
191
154
207
164
82
125
0
116
137
92
186
90
226
247
37
205
68
78
83
69
223
229
171
70
253
67
234
48
234
74
229
69
237
182
217
227
227
72
70
234
213
230
230
85
222
64
237
220
208
245
239
254
249
71
157
0
162
163
0
261
122
116
170
55
149
41
129
121
51
187
182
167
119
194
66
252
108
196
49
245
56
273
262
266
257
260
106
107
201
251
154
202
104
246
89
221
200
187
158
193
188
195
56
125
28
121
126
21
116
75
49
126
67
55
69
71
44
71
113
125
74
58
113
69
107
51
109
73
120
71
105
102
122
100
99
51
58
94
115
116
127
61
100
37
125
100
90
122
121
88
127
48
42
45
62
40
22
121
43
112
74
44
143
51
38
65
62
130
146
103
47
145
49
141
55
118
45
150
55
147
111
106
139
147
56
53
138
133
136
139
65
123
36
118
155
131
127
158
157
133
64
71
0
74
74
0
203
88
215
212
60
333
25
61
66
69
202
188
204
260
156
80
212
283
354
306
209
304
218
175
214
342
232
294
312
357
241
233
378
79
371
56
230
174
216
230
332
363
350
79
101
269
108
109
248
236
38
88
258
169
252
115
163
167
151
75
231
99
134
91
16
221
8
87
21
98
116
222
93
88
91
99
17
82
87
95
88
165
18
89
160
81
92
182
205
89
257
252
137
71
12
66
73
0
