299
153
300
301
192
298
136
198
199
200
302
305
146
198
317
163
310
201
316
198
309
189
268
166
267
263
267
173
156
253
269
267
260
179
242
149
157
254
253
249
255
246
250
183
156
172
175
169
172
110
28
119
109
21
113
85
16
63
86
109
144
45
100
138
86
138
26
132
20
43
97
176
43
54
174
38
135
94
182
44
172
51
108
109
94
52
108
166
166
169
32
162
120
28
13
26
24
0
147
79
165
170
73
183
38
36
34
38
169
170
111
65
49
59
180
67
199
55
177
47
177
119
62
186
69
68
58
201
191
199
197
85
66
65
179
70
157
201
70
65
75
76
47
49
142
138
39
145
55
245
152
61
122
83
126
126
128
249
119
87
2
119
2
142
4
92
7
113
12
106
109
113
93
125
2
7
130
132
114
119
2
104
1
97
123
104
99
94
111
105
1
74
0
74
69
3
48
25
57
53
22
54
18
18
22
20
53
74
41
21
67
36
78
46
85
15
81
25
69
36
40
49
75
25
41
77
80
78
71
36
44
23
48
65
73
75
78
79
77
20
24
0
22
25
24
65
89
34
92
18
61
14
17
34
18
97
80
83
5
53
14
84
36
89
34
93
19
114
51
87
70
107
33
26
114
88
103
103
38
99
34
83
61
89
104
100
83
103
25
39
33
70
67
0
3
55
2
4
9
37
3
30
38
2
3
86
22
1
97
1
3
59
97
2
3
3
2
2
84
62
74
40
1
2
89
99
2
3
72
9
55
77
2
2
72
71
69
1
2
2
1
1
0
139
60
82
154
46
150
76
53
79
78
82
88
118
36
76
51
109
70
128
72
128
68
112
89
72
76
122
68
65
115
109
116
122
40
97
21
117
98
117
125
128
76
123
53
77
66
79
68
0
75
31
80
80
33
78
32
155
37
37
160
126
77
109
37
35
77
29
87
31
82
147
79
185
41
158
186
132
160
189
181
89
86
146
172
30
58
155
176
68
71
81
185
29
174
0
162
42
0
87
43
37
77
38
82
21
35
30
39
85
50
69
23
63
24
72
24
55
33
74
30
47
62
47
48
76
32
30
71
61
53
56
36
56
35
76
53
77
77
53
78
53
36
38
0
32
53
30
109
22
124
72
8
63
13
63
18
63
111
68
58
19
75
63
75
11
65
18
67
13
71
50
99
67
64
17
61
68
74
70
65
17
106
59
65
114
68
78
76
77
73
65
43
0
47
45
0
146
69
105
132
17
111
14
24
19
18
134
132
124
24
128
9
149
22
130
11
141
7
152
141
142
149
152
30
26
128
140
113
124
23
136
26
140
138
131
119
144
136
142
17
119
11
125
112
6
46
25
22
49
26
18
26
29
13
17
41
44
25
17
37
26
38
15
49
27
48
31
42
39
43
39
39
12
18
37
42
38
35
22
30
7
39
34
24
39
38
30
37
20
19
14
28
20
7
43
5
37
27
12
51
17
11
17
13
40
47
29
16
43
12
46
17
39
10
52
14
56
43
41
49
51
14
22
57
56
57
56
25
47
7
38
61
50
53
61
59
50
26
37
0
37
30
0
99
47
103
103
26
152
11
22
25
24
107
78
106
144
78
34
105
158
189
183
112
167
118
69
106
183
127
161
172
187
123
118
179
34
182
18
120
91
125
123
181
196
185
35
56
152
54
54
147
109
25
81
121
54
113
39
49
49
54
49
112
57
45
84
14
114
10
68
14
78
43
108
86
71
75
81
12
11
80
80
74
101
14
77
60
73
81
84
115
80
138
133
55
62
10
69
60
0
