317
149
316
313
207
318
136
222
223
226
336
300
164
217
299
164
292
220
298
210
302
212
306
150
306
295
299
203
171
298
294
287
303
202
280
150
157
287
290
271
296
290
289
198
150
169
156
161
165
173
45
185
183
49
180
131
26
88
129
177
159
50
114
167
86
164
41
169
28
52
126
173
56
52
175
44
113
93
175
51
169
57
96
109
67
59
96
153
151
159
44
155
104
28
25
27
29
0
175
95
201
197
84
217
45
46
40
52
194
191
140
75
65
68
198
82
218
50
210
37
191
146
87
209
81
86
52
222
204
215
216
57
80
87
217
88
171
246
85
89
87
54
55
50
161
180
50
148
78
238
168
62
125
65
119
118
117
261
122
101
2
121
1
143
7
97
4
125
10
122
117
132
120
155
3
6
159
164
130
154
9
128
2
113
158
128
119
139
166
133
2
79
0
82
92
0
71
25
69
76
30
68
27
14
30
23
65
78
50
23
51
29
76
46
81
23
79
28
81
42
56
54
87
29
40
85
83
76
83
31
57
26
57
50
70
68
65
73
64
27
26
0
24
22
22
77
80
36
85
11
72
11
14
37
11
77
78
83
7
54
12
82
37
83
40
88
14
77
42
77
73
78
15
15
79
81
82
88
37
90
31
88
53
78
84
83
81
81
12
39
38
66
64
0
1
28
2
2
3
25
1
25
23
0
2
46
12
1
44
1
1
26
49
1
1
1
1
0
39
27
38
18
1
0
38
44
0
0
33
2
27
30
0
1
33
34
29
1
1
1
0
1
0
81
43
75
98
8
94
14
8
10
11
74
81
101
9
79
11
78
11
105
11
102
12
105
70
72
72
96
12
18
96
105
107
109
26
88
13
110
77
105
116
111
75
115
23
73
12
75
80
0
116
72
97
110
26
103
25
154
28
24
177
152
101
121
80
20
105
21
105
28
109
158
116
175
91
183
207
154
178
193
197
111
113
146
175
41
106
179
200
100
118
124
203
35
176
0
176
82
0
135
63
55
131
71
135
36
63
34
75
134
66
124
45
99
53
126
80
70
71
130
70
77
130
79
70
126
63
57
137
135
77
79
68
102
44
104
79
140
130
76
136
86
64
62
0
63
74
40
56
23
62
130
29
85
57
14
74
13
52
125
64
73
121
17
120
52
116
73
118
71
111
58
49
114
111
64
10
119
117
123
115
57
52
10
79
54
95
106
121
123
119
8
41
0
38
39
0
133
87
65
111
20
84
13
44
41
24
110
112
91
48
107
25
120
47
108
17
147
28
141
145
139
134
144
35
33
108
142
90
111
29
132
24
115
118
106
92
109
112
124
19
95
13
88
82
15
60
37
22
63
37
22
30
38
28
37
51
53
26
23
43
35
43
17
49
36
47
37
45
38
51
35
37
14
29
36
45
45
45
29
39
9
47
34
23
41
45
24
50
17
14
15
26
18
15
74
28
82
62
14
76
26
8
15
17
82
80
50
21
85
15
83
16
84
8
78
14
76
77
68
77
79
18
19
77
84
81
83
20
78
7
77
87
68
76
76
85
83
21
59
0
60
62
0
83
43
90
90
22
159
8
19
21
20
97
81
80
152
55
16
78
158
172
152
86
160
88
52
95
172
83
154
149
158
88
89
172
21
177
15
83
71
85
97
168
174
172
18
49
147
51
48
148
55
10
13
52
36
60
35
43
39
42
14
52
29
37
15
0
56
0
14
1
16
38
60
17
18
17
17
2
12
20
19
19
49
1
21
48
12
20
28
61
20
66
60
47
14
0
18
19
0
