218
113
225
225
122
224
103
134
138
140
221
250
144
137
247
126
239
132
244
146
235
135
233
125
241
232
233
133
124
234
232
237
235
143
230
113
105
215
226
230
223
225
225
142
127
122
129
131
122
152
24
148
146
23
151
117
16
113
136
150
136
50
106
129
82
139
22
132
21
32
107
150
32
57
155
29
132
110
162
32
158
41
137
96
112
39
132
163
169
166
31
169
140
25
15
29
22
0
137
70
151
151
51
144
55
57
50
56
157
139
89
44
32
40
138
45
151
47
148
43
125
90
47
140
52
48
42
135
144
146
151
39
44
49
140
49
122
150
51
50
56
39
35
29
121
104
29
147
64
217
161
43
99
37
64
69
67
222
129
103
4
131
2
160
7
133
6
138
12
144
113
152
101
161
3
7
160
164
129
146
6
132
2
125
150
129
130
119
156
130
2
109
0
98
110
3
35
19
37
34
10
40
20
15
29
9
36
40
39
8
28
8
39
15
42
20
39
24
52
24
41
45
46
27
18
56
50
51
49
11
46
23
35
36
47
46
44
41
46
20
24
0
24
25
22
65
57
45
81
11
65
11
10
26
12
69
76
67
7
49
7
73
23
80
27
81
13
77
53
66
66
73
14
6
69
73
75
77
27
79
22
64
49
66
79
82
67
79
11
41
23
70
68
0
1
28
3
2
5
26
2
15
21
0
2
42
11
2
41
2
1
11
36
1
1
2
1
0
39
29
33
24
1
0
42
39
1
2
61
6
47
66
1
1
65
65
57
1
2
2
1
2
0
99
46
75
107
28
101
19
15
24
23
70
77
89
10
70
21
66
26
92
24
101
23
108
76
68
61
107
33
34
112
112
107
110
27
70
17
98
79
93
104
109
62
110
28
63
34
63
55
0
113
48
100
109
39
106
42
97
44
47
130
125
111
89
73
42
122
32
113
37
118
103
128
148
73
128
146
102
107
146
154
121
115
98
138
56
94
125
145
99
133
127
140
44
140
0
137
72
0
139
63
63
108
57
140
13
56
23
71
127
65
122
31
108
65
131
64
61
71
124
65
60
113
65
52
118
51
51
110
112
62
72
43
77
28
84
67
100
105
70
105
64
40
53
0
47
58
23
64
28
71
83
20
61
25
33
41
29
71
94
64
48
99
29
102
47
105
47
99
54
92
63
76
104
101
44
33
92
111
99
100
60
70
29
81
72
102
108
111
117
114
28
41
0
41
44
0
87
72
45
85
34
70
25
27
26
31
83
77
57
24
82
34
94
28
80
25
92
42
95
81
96
81
92
32
32
78
87
60
78
30
82
16
68
78
83
56
73
83
68
27
48
3
37
46
6
45
23
14
50
39
17
14
18
31
37
31
50
15
37
29
19
25
29
56
15
46
15
26
30
37
25
29
20
18
36
42
40
42
26
22
12
35
31
18
39
37
10
44
9
11
7
13
8
10
79
16
79
74
8
83
22
6
8
8
83
80
72
25
77
23
79
16
87
8
73
19
76
76
74
81
81
21
16
79
78
77
86
17
75
11
74
85
67
73
81
80
78
19
53
0
60
57
0
68
24
74
68
18
129
7
20
19
21
75
69
83
98
60
23
84
108
145
116
80
119
86
62
92
134
84
107
116
137
89
88
141
27
133
18
97
64
86
89
122
142
128
24
53
105
55
50
103
57
9
23
62
42
66
35
43
46
46
16
61
18
39
27
6
69
5
24
5
22
27
68
22
18
31
27
7
29
21
22
23
51
10
28
51
24
28
52
63
32
78
83
45
20
6
20
20
0
