357
165
372
375
217
368
162
233
223
231
368
348
192
225
365
190
373
212
368
221
365
218
349
193
363
354
356
201
197
354
343
354
358
209
316
183
189
322
318
318
324
327
330
219
169
193
171
165
187
190
31
180
192
40
193
166
26
132
170
202
217
66
200
238
167
242
41
226
28
50
194
202
55
59
204
34
179
158
209
49
207
54
152
88
143
53
157
193
199
203
35
201
164
26
21
27
26
0
244
115
256
258
107
257
95
97
87
92
275
233
162
95
71
86
238
93
235
87
250
68
205
131
81
238
97
98
68
226
238
231
238
76
85
86
203
92
166
246
88
93
92
60
69
71
179
173
71
234
108
331
239
68
165
88
133
136
128
351
202
157
2
210
2
233
8
171
16
191
22
202
196
199
184
242
4
21
248
246
195
222
9
189
1
188
221
190
181
187
214
197
2
150
0
141
141
1
69
30
89
83
29
80
19
17
25
15
82
70
59
13
54
16
81
19
80
22
70
27
74
51
59
71
81
26
23
79
83
79
91
27
76
25
80
68
84
94
97
81
85
29
38
0
41
43
21
111
105
81
124
9
107
6
7
33
7
121
128
117
8
95
6
118
38
136
44
121
11
128
95
121
112
131
10
5
140
122
129
141
47
127
39
126
87
122
149
133
124
136
12
71
39
107
98
0
2
59
3
4
14
45
2
45
48
4
3
57
36
3
68
3
2
32
66
3
4
3
2
1
74
52
70
22
4
5
73
79
2
4
88
13
64
85
6
2
91
80
89
4
2
3
1
3
0
106
40
72
108
36
110
41
34
43
46
68
74
110
28
67
29
90
34
119
33
107
47
103
64
65
62
103
37
53
108
106
120
105
40
80
22
117
88
121
119
115
67
126
45
75
41
66
64
0
126
64
128
140
48
125
41
170
48
53
185
162
127
133
88
49
131
38
126
47
128
193
122
219
81
199
236
177
203
232
225
131
133
180
210
33
102
187
213
92
125
125
210
32
195
0
200
77
0
98
57
43
99
53
109
24
52
39
62
110
57
83
29
93
56
104
59
60
54
97
61
56
114
76
57
113
61
55
113
107
68
58
45
86
39
89
68
112
108
59
109
67
46
53
0
54
69
40
66
35
70
87
11
59
29
37
33
38
70
88
49
40
92
38
89
36
95
40
92
43
77
50
80
80
89
34
33
82
80
82
86
41
84
36
70
70
75
91
92
96
100
40
34
0
35
40
0
157
96
89
156
27
121
24
48
44
31
134
140
100
41
144
28
157
47
136
19
157
26
171
156
168
178
167
46
40
147
163
118
151
37
157
31
162
153
134
116
143
138
138
19
111
7
107
105
13
52
37
14
56
29
19
34
26
23
29
44
52
25
24
35
28
39
18
44
31
44
32
40
32
42
38
36
17
33
34
40
43
47
27
34
10
45
26
23
36
39
24
30
12
6
19
18
5
11
88
25
76
69
32
95
21
17
29
33
77
99
73
17
83
17
87
35
73
18
92
35
97
85
65
101
98
18
35
95
96
94
99
38
74
16
72
105
76
73
100
106
76
42
53
0
51
55
0
112
51
110
118
16
188
8
18
21
18
114
124
111
153
87
24
123
183
224
201
126
196
132
87
137
225
144
177
188
218
132
142
232
17
226
10
123
94
128
126
207
227
228
15
89
173
78
77
176
84
23
48
75
32
72
20
27
28
23
41
77
41
46
54
9
83
3
42
12
51
26
81
42
33
44
53
8
23
53
47
53
64
9
49
66
45
53
69
82
49
115
117
56
36
9
36
42
0
