186
90
192
190
101
191
62
95
96
92
187
201
109
94
195
80
188
94
191
93
201
81
193
81
194
193
190
89
68
196
195
196
197
84
196
78
98
187
192
182
187
200
187
87
97
80
98
96
82
138
29
137
132
18
135
117
17
80
110
132
132
45
102
135
85
138
17
132
13
31
106
144
32
43
149
25
116
95
160
26
154
32
103
82
71
29
88
142
130
125
26
133
102
17
18
16
17
0
123
60
132
146
46
146
59
63
63
66
141
142
72
49
40
40
136
42
151
69
145
63
147
66
43
139
40
50
80
141
141
153
143
64
39
44
100
42
103
134
37
45
42
58
29
30
80
76
26
107
59
136
113
12
77
9
10
15
17
135
92
96
1
108
1
119
3
90
2
111
7
106
106
119
92
130
1
8
128
132
117
127
8
114
1
105
135
125
97
118
135
121
1
79
0
76
84
1
58
28
62
62
25
67
15
13
16
15
62
66
58
12
53
21
72
24
73
11
71
18
71
39
56
51
73
19
31
73
77
70
71
37
57
16
68
58
91
95
86
90
83
19
34
0
37
31
17
74
86
46
102
18
64
11
15
13
15
96
101
69
10
57
8
100
21
98
16
108
17
82
59
73
69
83
8
5
83
71
84
87
20
74
19
67
53
67
72
78
68
77
9
50
23
64
64
0
3
22
2
2
3
20
2
19
18
1
3
33
11
3
37
2
2
19
33
0
3
2
4
2
34
26
27
20
2
0
34
27
2
1
30
11
24
25
2
2
31
29
28
2
1
2
1
1
0
41
19
37
40
12
40
6
4
5
5
38
39
45
8
39
11
34
8
42
10
40
8
39
41
34
35
47
13
14
44
47
40
45
8
39
9
36
40
37
45
46
35
53
13
32
10
32
34
0
85
44
82
96
22
93
21
48
22
23
83
87
102
48
65
17
93
10
87
15
90
58
104
85
68
83
94
62
61
92
103
95
99
62
96
20
98
101
107
90
100
99
101
17
89
0
91
73
0
57
51
33
59
22
55
19
26
27
20
68
55
61
12
55
25
75
22
50
29
67
24
48
73
52
49
65
27
25
69
72
58
63
30
52
24
57
58
74
73
53
77
60
24
41
0
42
60
23
87
29
87
104
13
69
15
13
30
13
91
114
74
29
117
14
112
14
119
27
107
31
119
81
83
115
108
32
8
115
118
112
120
27
85
13
116
86
98
119
126
126
122
11
87
0
80
80
0
43
36
12
37
24
24
25
34
33
25
41
37
12
39
34
26
33
36
37
23
44
27
41
36
38
44
45
30
31
39
43
14
40
19
34
25
36
34
30
16
25
36
29
20
9
9
8
10
7
43
22
14
42
23
18
15
19
18
20
35
42
26
14
36
25
37
15
48
19
41
17
32
29
47
35
35
18
13
40
54
47
46
22
36
10
58
40
27
54
58
30
48
12
15
6
19
13
3
49
13
40
21
20
53
11
17
26
28
41
58
34
18
56
12
55
21
48
19
59
21
53
39
45
55
53
17
25
51
53
50
50
27
34
14
42
55
44
37
44
55
40
22
25
0
26
22
0
49
16
63
59
21
64
15
21
21
25
61
48
57
54
35
28
59
66
76
67
64
74
61
31
54
69
59
57
66
80
57
62
82
38
77
20
70
51
67
67
65
84
81
35
21
62
21
23
57
81
6
17
78
73
82
66
71
69
67
8
88
24
78
16
7
83
3
13
7
14
63
94
15
16
16
13
4
18
12
17
16
89
8
11
89
13
14
24
87
13
102
105
83
9
7
6
7
0
