161
74
164
180
108
166
62
118
110
118
171
186
107
113
184
102
178
110
190
108
191
115
167
101
175
174
178
104
81
163
176
175
176
106
172
88
119
179
162
168
179
174
170
111
95
101
96
95
91
98
27
102
98
26
97
72
20
55
78
102
90
33
65
96
55
91
27
97
28
35
67
122
40
41
139
32
92
82
120
41
126
41
86
81
73
30
91
121
124
109
27
122
88
29
27
29
28
0
114
50
120
132
58
118
35
44
42
44
122
127
81
61
50
49
118
57
130
44
127
38
113
62
60
118
58
56
42
116
120
113
119
27
54
52
101
53
88
110
47
57
57
25
51
47
87
85
46
88
46
129
90
27
59
28
50
54
55
128
78
62
4
84
1
96
4
76
6
82
7
74
87
93
71
101
4
7
94
100
83
83
8
76
1
74
103
91
75
76
101
86
1
61
0
61
65
1
67
21
71
74
11
69
26
12
25
8
65
70
63
9
48
10
77
16
68
24
70
28
68
51
62
61
75
30
18
70
63
76
60
19
66
26
72
57
84
77
77
81
79
28
41
0
35
39
24
56
50
33
71
15
54
15
21
27
15
73
62
53
11
53
11
62
28
68
32
63
12
57
59
62
62
63
17
12
57
72
58
68
31
67
28
65
54
68
70
70
72
69
17
39
24
56
60
0
0
61
1
0
6
59
0
59
54
1
0
64
40
1
64
1
1
40
66
1
1
2
2
3
61
63
62
31
1
0
71
65
3
2
63
17
50
64
1
1
58
60
70
1
0
0
0
1
0
58
23
54
66
13
65
19
14
16
18
44
52
58
18
45
22
55
24
59
26
62
20
57
51
46
52
60
27
21
61
63
65
60
18
49
10
62
58
63
68
66
47
67
15
51
27
39
38
0
69
45
72
84
17
81
18
79
22
26
88
82
81
54
57
26
84
21
85
25
83
66
84
105
66
97
110
68
80
106
98
85
78
77
103
20
73
96
96
74
81
79
105
21
87
0
91
44
0
75
59
35
70
15
71
18
17
29
19
74
67
69
13
61
19
84
19
58
23
75
24
61
70
57
55
73
23
19
88
80
69
65
16
76
36
68
72
79
74
70
87
76
12
55
0
50
69
30
67
30
74
77
12
62
17
23
22
22
76
83
58
18
87
24
78
21
85
19
89
23
87
63
76
80
80
17
19
82
89
86
86
25
79
21
84
80
76
91
91
84
89
20
52
0
59
48
0
63
58
37
68
27
44
22
21
17
28
71
63
46
21
67
20
64
22
59
16
71
19
65
59
71
68
77
19
19
61
68
48
58
20
67
12
56
65
63
35
62
67
55
30
40
5
37
38
8
63
28
17
68
42
19
18
16
37
38
34
46
19
26
22
17
25
23
45
20
36
23
27
24
48
26
31
10
20
40
45
44
45
38
27
14
62
42
25
55
56
25
62
12
13
18
23
14
8
52
15
41
24
28
50
18
26
28
33
38
42
20
20
42
17
38
23
33
14
35
22
48
32
15
42
43
14
30
45
54
49
49
25
34
8
21
50
32
29
50
58
33
32
20
0
18
20
0
70
37
71
79
27
89
15
27
28
26
71
70
69
68
39
24
71
75
84
90
80
74
72
33
78
104
72
69
84
92
78
72
97
32
96
11
74
45
66
75
78
86
87
26
39
66
39
36
73
61
15
23
61
46
66
45
45
50
45
21
80
24
60
31
8
69
3
22
10
25
46
79
23
24
25
23
6
13
25
28
22
72
7
22
66
17
26
25
79
26
85
93
64
16
10
13
13
0
