202
103
200
196
128
198
75
136
132
131
199
196
113
127
198
110
202
132
193
125
199
124
184
102
178
180
183
128
106
176
177
171
189
121
167
93
95
175
168
177
168
162
176
127
120
107
110
114
109
96
23
92
101
21
105
62
19
40
57
98
92
44
68
97
47
99
23
98
21
33
66
108
39
40
111
27
79
63
114
36
106
40
92
86
83
38
96
123
134
117
33
128
101
24
20
27
21
0
132
50
129
129
53
131
48
44
49
53
137
142
80
42
35
48
128
46
131
45
136
45
141
86
49
140
50
56
47
144
148
150
144
38
57
58
111
59
95
141
52
60
57
34
35
35
100
98
36
91
40
155
103
40
84
54
88
89
86
166
84
70
1
88
0
88
2
62
2
78
6
89
71
84
69
99
2
4
106
91
73
86
10
83
1
66
86
82
66
67
94
79
0
52
0
45
50
1
57
26
52
57
17
53
20
18
18
11
52
66
51
15
47
14
69
21
64
19
69
22
66
35
45
52
68
25
28
68
71
71
70
36
54
23
62
42
80
77
80
79
80
18
27
0
29
29
20
64
74
24
90
13
49
10
16
23
18
90
70
54
7
46
2
62
23
72
20
71
11
69
42
58
50
74
19
16
74
61
82
81
18
67
16
53
39
54
59
64
53
66
16
29
19
39
42
0
2
38
4
2
2
33
1
34
37
1
5
60
12
3
61
3
2
25
61
2
3
2
3
3
54
43
43
29
2
1
53
53
4
2
54
15
41
55
4
2
48
59
57
2
2
4
3
3
0
68
29
54
70
11
70
20
19
21
22
44
55
69
13
48
17
49
18
73
22
75
22
71
50
48
48
72
20
23
70
68
69
70
24
52
12
67
59
74
78
72
49
75
21
51
17
46
49
0
85
42
84
92
19
90
18
98
16
18
121
101
88
68
57
21
91
14
91
22
90
101
84
131
66
132
136
95
110
146
143
90
90
98
142
23
88
118
135
72
92
91
139
19
129
0
128
64
0
57
54
28
60
22
69
17
25
26
30
70
42
62
12
56
21
66
29
50
30
73
24
50
74
38
48
76
33
23
77
72
58
60
33
54
27
52
52
73
68
51
72
59
33
34
0
31
46
20
49
31
62
81
19
49
20
18
31
18
56
76
41
26
83
13
77
25
78
31
88
24
69
47
55
72
66
24
19
70
79
79
84
29
69
13
79
60
73
90
81
86
90
14
43
0
40
40
0
85
57
60
100
28
74
18
26
28
22
98
85
69
29
90
15
91
24
97
10
94
18
105
91
102
90
92
23
25
95
95
70
92
18
91
23
77
85
90
71
84
94
79
23
68
11
65
70
9
37
18
16
45
20
24
13
15
20
26
25
43
19
22
30
14
28
21
38
17
39
15
32
21
42
29
25
16
12
29
37
42
33
24
23
10
48
40
24
39
38
25
42
13
13
11
19
11
10
44
15
45
25
21
50
14
10
12
18
45
44
25
15
50
19
46
20
41
15
48
18
47
44
29
53
44
12
18
48
53
49
57
20
41
10
43
57
49
44
56
50
43
24
20
0
26
22
0
66
26
63
59
24
110
13
27
21
23
62
51
49
88
43
24
59
97
112
101
62
98
59
45
63
120
70
99
100
115
66
69
116
22
120
13
65
57
67
66
110
115
118
20
30
95
31
30
92
65
3
19
60
44
70
31
42
42
43
11
65
22
48
19
3
68
1
15
5
24
40
62
17
18
16
21
1
15
20
19
19
58
2
13
58
18
20
41
58
18
85
72
46
14
3
8
12
0
