356
197
375
368
294
388
198
309
317
305
362
387
220
306
390
249
396
289
374
301
398
284
393
225
380
392
389
279
243
384
386
369
393
277
404
230
252
392
400
425
407
410
404
286
222
268
228
218
257
234
51
242
242
57
238
171
45
123
179
244
217
94
155
217
128
225
47
235
47
69
160
227
71
94
235
56
176
150
228
73
225
77
145
150
107
78
154
208
210
212
62
205
142
52
44
55
55
0
242
100
270
275
151
297
62
65
67
72
287
301
219
124
126
117
293
124
318
92
335
74
293
207
146
304
149
154
98
305
302
314
331
75
143
152
264
153
191
302
142
161
157
66
119
109
233
235
110
244
110
347
235
107
140
84
159
156
161
362
181
150
7
190
7
203
6
159
8
184
14
205
179
216
143
242
4
14
238
239
172
205
18
182
3
157
233
187
169
185
235
177
2
104
0
96
109
2
130
54
133
142
38
133
48
38
55
28
132
127
123
30
111
25
127
37
137
54
139
60
140
106
111
125
153
54
51
152
148
150
151
51
137
57
154
123
167
156
162
159
151
51
69
0
66
77
53
130
120
62
136
23
114
18
23
55
24
134
122
141
11
99
15
120
74
132
86
126
16
112
87
135
135
123
13
15
120
144
113
116
75
105
73
133
83
124
101
100
143
106
9
51
82
118
113
0
4
101
7
5
18
74
7
74
75
7
5
114
65
6
120
8
7
87
116
3
6
9
7
4
102
96
103
52
8
5
118
114
6
7
119
22
79
121
8
5
115
118
117
7
6
8
4
7
0
133
50
89
140
49
130
41
24
48
50
86
93
122
27
81
36
102
50
124
47
119
53
124
94
76
83
126
64
50
127
128
126
121
49
95
40
148
117
148
152
152
79
154
57
87
64
65
66
0
191
93
165
186
65
204
55
210
67
63
244
238
182
175
115
58
185
43
191
55
189
219
168
262
121
245
284
206
238
281
275
180
174
211
250
53
157
248
256
146
190
183
271
40
243
0
231
115
0
173
104
95
160
72
177
47
57
68
79
179
121
172
61
131
81
170
88
101
84
183
90
123
171
110
101
169
65
70
179
166
115
121
72
146
60
135
126
172
150
115
158
112
58
84
0
71
110
62
138
90
160
146
21
87
7
61
29
53
151
154
107
29
157
58
145
19
145
34
152
32
159
118
153
158
161
42
56
150
177
171
182
44
168
56
169
152
135
186
184
172
172
54
97
0
103
95
0
177
146
100
168
38
133
24
55
47
40
177
163
126
57
175
46
193
46
182
36
187
48
199
182
198
188
202
52
57
159
194
123
165
42
180
34
160
174
163
116
158
155
167
40
135
19
116
112
10
82
48
30
87
60
39
48
45
38
53
58
85
39
51
67
43
60
36
86
50
79
48
50
56
92
60
61
35
51
78
90
84
95
66
55
18
105
87
37
103
97
48
105
35
23
24
41
31
28
117
43
103
73
42
119
54
35
48
52
113
116
70
40
123
38
122
43
106
29
126
49
127
104
76
129
141
47
50
134
131
139
134
49
123
14
86
128
96
110
139
137
122
59
69
0
69
69
0
178
79
191
180
45
214
18
42
47
45
189
177
180
185
94
54
177
190
248
232
173
238
181
101
178
259
169
212
214
243
180
192
277
55
263
31
176
109
178
174
238
269
271
42
94
208
93
97
193
144
23
75
146
101
155
68
101
103
103
46
160
44
108
68
17
160
11
66
24
73
78
167
66
54
77
72
26
43
74
72
71
117
24
79
101
51
74
97
126
72
162
164
94
48
20
47
47
0
