452
226
454
455
316
446
229
337
340
329
462
474
287
340
487
273
484
333
486
327
464
315
470
309
488
478
480
310
265
479
488
495
482
331
502
267
316
504
490
497
500
505
495
333
296
297
291
293
303
344
90
347
357
81
352
260
60
172
271
372
331
151
242
336
194
352
73
356
58
98
256
292
101
121
332
80
212
182
303
92
333
106
239
247
164
113
227
338
345
337
85
334
239
68
56
68
72
0
321
155
369
357
168
352
131
134
125
134
376
358
274
147
129
132
375
149
377
142
396
125
361
228
148
373
151
158
140
373
378
379
399
106
127
145
328
147
249
360
132
146
150
95
121
110
266
263
112
308
147
438
322
142
162
96
189
211
205
431
259
219
2
255
0
287
14
227
16
265
19
285
269
304
204
315
1
15
316
315
262
295
25
255
0
249
331
270
271
278
326
268
1
196
0
174
190
0
171
70
177
174
95
181
58
32
66
70
179
176
125
60
147
75
192
95
165
59
174
64
173
124
118
128
179
61
75
178
174
187
176
86
127
60
160
153
193
183
202
200
203
62
72
0
74
77
53
167
189
88
199
30
153
28
24
64
32
203
208
165
27
152
25
194
67
207
73
213
33
205
173
178
179
217
31
34
201
181
211
202
77
236
67
179
151
191
238
242
201
236
36
89
72
149
145
0
15
151
25
17
49
106
13
110
114
17
26
190
115
15
209
17
16
117
202
18
25
19
25
21
180
154
171
81
10
16
186
185
29
13
195
53
134
193
24
26
192
191
195
16
17
15
8
13
0
200
82
166
202
49
214
65
55
63
62
146
170
189
62
151
62
166
80
197
82
203
81
212
161
136
144
214
70
87
217
218
213
220
69
169
69
201
176
208
206
212
139
207
79
135
71
131
122
0
205
129
213
232
67
236
60
212
66
73
288
257
213
185
194
76
238
65
226
80
245
251
218
318
171
319
335
257
273
327
333
236
230
253
325
84
233
311
334
204
248
251
326
67
291
0
269
146
0
243
158
125
196
91
240
52
89
74
103
241
154
220
64
204
103
233
115
154
102
254
121
173
224
150
157
241
98
96
239
219
165
176
104
193
72
178
185
230
237
156
235
180
96
129
0
119
164
62
174
91
196
221
54
132
32
70
81
53
201
220
134
71
213
70
209
41
226
75
231
77
218
172
205
230
231
81
68
221
235
233
223
73
197
70
219
195
196
235
222
234
250
66
129
0
132
135
0
216
180
104
208
67
153
49
65
46
72
206
189
130
63
205
63
209
60
191
40
214
62
209
191
220
215
210
67
58
165
195
131
175
68
204
46
189
204
194
127
185
167
187
50
124
23
110
102
16
143
64
47
137
87
43
63
67
58
86
81
116
71
62
75
52
72
59
108
63
124
58
75
80
111
65
63
42
43
76
113
109
100
67
43
28
100
70
52
109
107
55
113
41
36
34
36
31
36
129
36
140
93
33
149
51
26
38
41
155
141
81
46
157
42
147
43
146
26
146
48
155
130
106
164
168
47
51
149
168
164
180
60
146
26
130
191
147
145
187
182
146
71
82
0
89
86
0
204
86
212
223
75
259
29
80
79
76
212
186
222
193
158
85
243
211
298
249
236
241
227
149
230
273
248
229
252
292
250
236
288
84
287
42
249
168
257
263
251
309
313
72
105
231
113
121
222
206
43
94
196
125
197
93
121
124
123
55
199
88
121
73
14
204
13
74
21
93
90
218
82
76
86
81
22
62
94
83
77
178
22
85
133
61
90
138
172
79
223
216
114
68
16
75
62
0
