343
174
354
354
243
361
172
269
255
255
352
373
224
255
360
215
381
254
353
250
356
238
337
207
353
348
362
242
197
352
353
347
348
250
383
201
225
368
371
372
385
371
382
261
222
236
213
215
217
211
65
220
234
71
211
139
57
111
140
232
230
119
160
257
150
244
68
249
52
90
171
248
77
114
254
70
169
140
265
84
266
87
141
157
115
92
163
216
209
224
78
217
154
66
54
63
69
0
239
92
244
243
128
255
85
68
62
78
255
271
196
110
95
106
270
116
292
100
291
76
276
199
117
273
124
135
95
292
301
299
301
82
124
122
238
126
166
282
121
126
133
56
97
105
207
209
94
224
112
327
232
106
125
71
141
154
141
334
186
169
7
214
4
234
12
164
14
211
18
177
181
216
182
241
5
10
227
242
189
216
6
211
4
185
230
192
176
171
225
196
3
137
0
127
137
1
159
66
148
143
23
148
50
47
63
21
155
170
125
30
130
46
181
61
169
60
164
63
164
96
126
125
165
63
52
166
161
185
163
40
144
57
156
130
174
156
154
174
171
52
82
0
67
86
57
121
115
61
126
26
114
25
27
59
29
130
122
119
23
106
18
120
64
140
74
135
28
142
88
115
123
139
29
28
146
135
143
140
75
150
75
139
99
124
139
150
141
141
31
59
66
111
105
0
9
119
7
6
18
93
4
89
88
5
8
139
60
5
131
6
9
74
132
3
10
8
11
9
137
101
137
56
5
8
146
156
9
5
142
26
93
128
9
8
135
143
140
7
5
3
4
4
0
123
60
100
133
50
139
52
47
60
58
85
93
129
40
84
59
111
68
137
71
134
65
128
93
88
70
136
53
56
120
118
119
124
41
90
34
116
107
124
119
118
78
122
46
80
52
62
66
0
167
92
160
173
43
170
43
177
49
44
221
216
172
147
129
48
173
31
180
47
172
180
182
244
118
209
249
179
188
239
262
176
180
194
246
41
169
235
248
139
179
182
249
35
237
0
233
125
0
184
113
92
147
56
164
53
42
57
56
173
120
165
38
130
41
151
57
112
58
173
56
122
168
109
111
163
58
48
152
162
127
142
60
148
64
128
124
152
146
134
165
147
47
103
0
99
139
66
117
56
137
146
19
90
19
57
40
51
150
136
97
38
155
52
157
24
151
36
154
37
143
105
142
138
135
33
56
151
151
152
149
39
143
48
149
139
132
158
153
153
149
60
93
0
93
90
0
146
114
73
137
58
99
44
50
44
56
146
131
96
56
124
43
161
50
128
36
160
38
164
161
172
167
175
45
54
132
161
111
129
51
160
48
143
144
143
94
136
142
141
42
101
18
85
91
14
108
57
32
118
65
50
51
51
47
68
69
98
48
66
76
45
69
46
89
47
100
54
70
57
104
85
69
44
50
78
100
102
108
71
68
25
111
96
43
104
109
49
118
38
22
30
43
28
22
109
44
104
73
42
121
52
30
55
47
106
100
58
53
113
39
107
51
101
35
110
47
105
93
48
111
106
37
54
106
102
108
111
48
97
29
75
118
83
86
128
124
88
69
48
0
48
56
0
156
66
162
163
48
212
19
48
53
45
166
155
154
149
92
46
156
189
204
193
152
201
151
78
148
218
151
178
193
220
152
152
227
37
222
29
144
95
153
144
182
228
228
37
82
172
78
74
165
148
35
62
131
84
141
56
83
79
87
54
166
64
113
77
20
168
6
61
21
63
85
170
62
55
69
67
22
43
71
65
72
124
15
68
110
58
76
100
132
71
162
163
84
54
16
51
49
0
