196
101
209
211
131
205
100
148
147
131
205
215
129
133
222
110
220
134
216
130
218
124
241
140
217
223
228
128
111
232
230
219
216
127
224
108
122
209
232
226
229
214
219
126
124
120
117
117
118
129
33
132
147
23
147
122
25
90
115
149
139
58
113
149
109
148
30
152
22
44
113
134
37
52
135
34
104
93
137
42
136
43
124
87
96
36
120
159
147
150
27
152
124
28
22
19
24
0
131
57
156
155
64
146
56
60
59
58
152
144
100
52
41
46
142
57
137
53
150
39
121
78
58
133
54
59
43
144
132
140
147
56
57
60
132
65
138
151
60
60
63
59
44
37
109
108
37
153
61
183
155
48
84
38
60
67
65
191
120
94
1
133
1
134
5
109
5
127
5
121
129
140
110
139
2
5
148
145
126
126
5
128
0
116
138
128
120
109
131
127
1
103
0
92
97
1
65
20
65
64
27
65
20
13
24
24
74
68
56
23
64
22
76
32
69
17
75
24
66
56
53
57
71
27
20
74
74
68
70
28
58
26
67
66
75
70
70
71
75
22
35
0
32
33
17
76
49
48
68
6
65
3
6
28
2
82
76
75
5
72
8
77
30
79
32
78
9
82
70
74
82
82
12
13
82
85
82
88
32
77
25
77
68
77
86
85
82
81
10
55
29
80
71
0
4
69
4
2
8
65
3
66
62
3
4
82
64
5
78
3
5
52
77
4
5
3
5
4
72
79
79
41
2
2
73
74
5
5
76
35
73
83
4
6
80
80
83
4
5
5
4
4
0
72
34
57
78
31
79
31
15
29
26
54
65
79
25
55
24
61
30
76
29
83
31
67
61
63
55
75
34
33
72
79
74
75
32
66
21
74
71
75
78
79
54
82
29
55
33
47
39
0
80
45
75
80
23
85
23
82
31
29
107
86
81
69
66
26
85
21
88
24
88
92
85
110
69
111
124
93
96
132
129
89
99
104
120
27
98
120
122
76
103
92
124
16
110
0
113
55
0
86
77
43
66
21
87
24
18
30
21
82
71
79
13
67
14
82
25
73
25
76
21
75
91
59
74
86
26
22
93
82
75
69
28
72
37
72
73
88
85
81
86
84
19
60
0
55
79
36
73
38
82
71
7
54
19
34
21
31
75
71
46
25
85
34
81
23
73
28
85
28
80
59
65
88
85
31
34
85
89
80
86
39
75
28
81
75
77
104
94
96
98
33
47
0
54
51
0
76
71
36
72
26
53
21
21
23
29
72
68
44
28
65
20
70
29
60
14
73
20
79
67
72
72
61
30
23
55
70
33
69
31
71
21
78
69
73
44
72
75
67
32
47
7
44
40
7
55
25
8
56
46
18
23
29
35
41
28
37
9
27
27
26
31
20
46
31
48
30
37
27
53
32
33
9
28
48
52
58
53
26
30
8
48
32
20
38
35
24
48
20
8
21
22
13
19
43
12
28
18
25
44
17
23
27
23
33
50
23
17
49
17
46
21
27
22
50
25
50
35
21
47
50
16
26
52
45
50
49
31
33
15
34
52
43
42
56
55
44
31
18
0
16
19
0
76
28
77
72
32
106
22
39
33
33
77
63
73
75
34
29
80
83
108
98
70
108
88
40
96
108
88
82
89
95
90
92
109
37
114
15
83
61
84
79
104
108
109
40
36
90
35
40
93
76
17
48
82
41
87
44
48
49
47
31
77
40
55
36
16
81
3
43
15
32
45
103
38
35
41
37
13
17
48
35
39
84
14
40
60
33
37
48
80
39
89
82
44
26
10
34
33
0
