271
118
271
274
151
271
113
167
162
157
271
264
151
159
256
129
274
167
267
148
265
150
303
128
293
295
290
160
121
306
284
289
305
148
277
134
146
281
281
272
277
283
280
152
141
138
142
138
133
194
25
190
190
36
178
171
21
140
172
195
170
45
142
181
135
183
26
174
21
32
139
140
34
46
142
22
134
104
149
35
138
38
121
67
95
38
117
140
154
146
23
141
118
22
14
21
21
0
164
63
183
175
62
184
71
66
68
68
177
196
94
57
43
46
199
55
195
93
203
68
179
106
59
183
45
51
65
182
189
190
187
45
40
56
132
53
134
159
47
49
51
51
33
31
117
117
36
182
97
228
187
51
106
34
81
91
84
245
154
136
4
161
1
184
7
141
2
166
6
155
148
164
132
182
1
5
185
182
164
166
10
157
2
142
180
158
117
154
171
159
2
117
0
114
113
1
58
21
52
62
15
62
18
8
19
10
59
62
47
12
43
12
63
13
61
18
54
19
59
40
56
52
63
17
16
60
58
60
64
29
55
15
61
47
72
71
73
68
69
14
33
0
35
37
16
79
74
50
100
13
78
12
10
28
13
96
82
74
7
71
8
84
26
83
26
95
11
89
80
86
83
88
14
8
87
88
83
90
29
101
29
92
76
91
107
106
93
106
20
58
27
82
81
0
7
49
6
4
13
37
3
31
34
1
4
58
28
4
61
4
5
38
61
2
4
5
6
6
59
47
51
16
1
4
61
67
6
6
77
12
37
75
5
4
70
72
68
3
3
3
3
4
0
94
40
64
97
24
96
25
17
25
28
64
68
97
19
62
22
67
31
107
33
101
30
92
68
61
61
93
34
26
97
94
89
90
30
75
15
97
67
91
96
93
59
92
31
59
29
54
53
0
83
47
84
93
21
92
21
115
22
22
131
96
90
70
58
22
83
17
89
18
77
120
93
144
57
135
148
107
117
152
143
86
89
116
143
29
89
127
149
77
106
110
144
25
135
0
133
64
0
100
56
43
91
46
102
20
43
27
46
104
45
81
28
69
38
88
47
51
46
84
48
47
90
53
51
86
36
29
86
79
56
50
43
77
19
72
54
103
99
49
102
61
43
42
0
38
54
21
66
19
63
79
15
54
33
38
41
31
66
71
34
41
77
36
79
39
67
37
76
39
68
49
59
79
74
32
34
79
78
78
82
34
66
34
70
62
55
70
71
78
78
31
34
0
32
31
0
91
68
61
93
18
67
14
25
29
16
81
84
72
37
91
16
100
37
90
14
103
18
102
103
105
106
104
33
33
90
104
68
87
32
96
30
100
89
87
62
84
86
102
14
66
6
64
71
11
40
24
14
42
26
16
20
24
23
30
29
38
28
28
30
20
29
16
38
24
45
21
30
26
34
29
24
12
18
32
34
38
37
22
26
6
41
36
26
37
33
21
41
15
15
10
17
19
11
55
17
56
44
23
67
19
18
29
27
53
66
32
10
76
13
69
25
58
14
70
30
70
55
44
82
80
18
32
68
77
83
75
27
64
11
41
84
61
59
82
69
52
32
41
0
37
46
0
76
32
80
79
30
121
16
31
34
32
86
78
83
101
44
36
88
115
139
130
94
120
88
38
84
141
93
109
115
131
91
92
141
29
140
10
82
44
78
84
104
134
142
31
32
106
32
32
110
57
17
39
65
36
73
27
31
38
36
24
64
31
39
36
7
71
6
30
7
42
32
71
30
33
32
37
9
15
36
32
34
54
9
37
33
29
38
40
52
33
66
74
31
23
6
24
27
0
