182
72
185
177
78
178
48
85
81
75
181
204
91
78
205
70
205
82
202
81
199
82
221
90
220
210
213
80
62
213
214
212
219
78
208
67
104
211
214
215
206
218
220
74
89
75
88
96
74
128
16
128
142
9
135
121
5
123
121
144
135
34
145
146
135
148
8
148
7
9
146
179
14
22
176
7
167
161
182
16
184
19
132
38
132
14
129
142
144
136
10
145
139
7
8
8
9
0
120
48
126
131
24
132
77
69
75
81
134
136
64
14
13
18
133
22
138
84
141
71
133
66
23
140
25
25
93
148
152
149
149
71
22
24
81
21
102
135
21
23
24
59
17
15
61
60
21
149
43
181
158
23
126
27
50
51
51
190
135
109
0
143
0
131
1
115
2
140
2
94
119
138
112
146
0
2
142
144
126
121
1
132
0
123
131
135
118
114
139
132
0
118
0
114
118
0
42
6
45
44
2
43
9
3
9
3
42
46
47
1
42
1
41
1
46
8
44
9
42
43
45
51
47
8
3
45
48
46
49
4
46
7
46
46
49
48
45
45
49
8
39
0
43
36
9
78
25
59
63
2
65
2
2
7
2
64
76
73
2
67
7
80
8
79
12
71
6
72
70
73
74
72
3
1
76
75
77
78
10
73
11
73
69
77
77
76
76
72
2
62
12
67
70
0
4
20
3
3
3
13
3
16
15
4
3
29
14
3
30
3
4
26
28
4
2
1
4
3
43
23
34
20
0
3
37
43
4
2
35
18
29
37
4
4
39
39
33
3
4
3
0
2
0
35
22
31
42
19
41
8
5
10
10
33
28
40
8
33
12
38
22
45
18
44
19
29
31
23
20
27
18
10
30
28
33
31
18
30
6
37
29
36
38
39
23
33
17
25
19
24
25
0
67
37
73
69
22
73
15
67
21
22
72
58
53
47
44
8
58
7
54
9
57
71
56
83
52
86
90
68
72
89
87
56
58
66
84
9
52
76
83
46
55
53
82
6
79
0
78
38
0
45
27
19
39
12
44
4
12
8
13
38
30
39
6
39
11
38
13
30
9
41
9
32
33
30
28
32
7
9
37
39
33
34
11
38
12
38
37
43
37
30
40
35
12
27
0
26
32
10
67
21
68
55
6
51
3
19
7
15
68
55
49
8
56
17
57
9
53
8
55
7
64
51
74
62
66
12
15
63
62
62
63
21
65
11
54
64
56
65
69
64
64
16
45
0
44
48
0
72
22
41
51
9
46
4
25
24
6
54
55
50
22
57
12
63
25
55
12
66
12
71
69
74
72
73
23
26
65
72
46
58
22
62
20
62
63
67
43
55
66
51
18
46
6
44
48
7
30
10
4
30
28
7
8
6
23
24
10
27
9
26
10
7
8
18
31
9
29
7
9
6
22
9
11
8
6
18
28
26
24
30
9
7
33
29
5
34
29
7
39
7
3
5
8
2
3
38
9
15
8
24
40
8
27
30
27
16
40
15
7
38
6
38
35
17
27
43
37
44
16
14
37
46
5
40
45
49
49
48
35
14
8
11
44
39
15
49
41
14
38
9
0
10
8
0
42
11
42
47
19
73
11
23
21
17
46
36
48
62
23
26
54
67
82
74
46
69
59
19
65
88
56
68
73
80
51
57
91
41
88
13
67
60
60
54
76
87
79
41
21
61
18
18
62
73
12
21
67
49
75
41
51
49
51
16
83
9
60
20
2
83
0
16
3
19
55
97
20
15
20
22
2
13
17
18
22
77
4
25
88
18
21
37
80
27
101
105
70
22
2
20
22
0
