180
105
167
176
130
176
83
139
135
133
175
173
118
133
168
115
172
128
165
125
177
121
160
117
175
176
158
120
104
158
172
158
164
126
172
111
91
179
180
178
180
169
178
121
118
128
115
122
121
99
22
105
96
14
107
82
6
60
89
106
113
37
94
128
85
123
12
128
13
22
101
107
22
40
108
15
93
66
116
21
108
20
88
53
71
16
85
109
105
112
15
106
93
14
12
11
12
0
118
56
138
139
48
136
46
45
54
53
131
150
81
38
29
34
151
38
145
58
146
41
136
80
35
143
38
37
48
141
140
140
142
39
35
36
117
34
113
140
34
41
37
36
33
31
99
99
29
107
49
171
116
47
99
44
81
88
88
171
99
75
0
96
0
123
5
89
8
103
8
99
107
117
84
128
0
5
121
126
100
103
8
101
0
86
136
105
94
102
132
100
0
89
0
79
85
0
68
24
73
72
21
72
11
6
12
16
74
59
53
9
55
13
65
17
65
13
66
13
59
42
44
49
58
16
15
66
65
66
65
19
45
15
48
53
60
61
61
64
63
15
35
0
37
39
15
47
34
36
59
9
52
6
7
13
8
51
50
58
5
48
6
55
17
58
23
48
9
55
34
55
57
61
5
4
56
62
59
61
19
54
22
56
50
48
64
56
60
60
8
38
19
52
51
0
0
33
1
0
9
28
0
20
22
0
1
48
22
0
41
0
0
27
37
0
1
0
1
1
51
37
45
24
0
0
48
48
0
0
42
10
30
47
1
1
41
47
43
0
0
0
0
0
0
72
31
54
73
20
73
15
9
16
17
52
61
74
15
56
16
47
20
73
21
80
19
83
58
54
60
73
20
18
83
85
81
86
19
61
14
71
69
86
90
88
53
95
19
56
24
51
49
0
94
29
98
106
45
90
33
88
41
46
108
82
88
58
55
52
89
45
98
52
87
88
97
111
50
108
125
81
105
131
124
95
101
84
113
52
68
107
123
72
101
99
126
37
111
0
108
40
0
87
44
41
81
38
91
10
38
12
44
101
47
87
31
81
46
102
52
46
55
101
48
54
86
52
43
95
35
40
93
97
37
47
47
75
14
67
45
98
98
40
104
51
48
32
0
34
41
12
61
41
67
93
25
47
21
16
44
20
65
91
44
36
93
19
95
28
98
37
94
38
98
54
62
101
97
33
15
92
95
102
91
44
64
12
90
64
67
105
105
107
110
16
49
0
44
50
0
80
60
56
90
19
67
15
20
18
23
88
80
59
19
86
12
89
22
72
13
77
15
87
87
88
84
78
17
17
71
85
61
77
14
72
10
79
86
83
72
78
88
75
22
67
3
60
65
9
35
14
8
41
34
13
17
14
20
29
18
41
15
30
16
12
15
25
39
12
44
11
17
13
37
13
11
13
9
33
32
36
40
34
16
11
41
43
9
45
45
14
47
10
10
6
12
7
6
58
13
52
44
19
64
9
19
22
23
54
65
43
9
68
8
70
15
48
13
60
18
58
51
52
65
69
9
18
62
58
59
70
19
57
11
54
56
52
55
65
63
50
23
44
0
39
47
0
88
48
88
84
15
132
5
19
15
16
82
78
87
106
76
24
97
98
130
109
95
106
95
64
97
141
99
102
108
148
98
106
144
29
145
16
92
73
105
97
139
138
132
33
53
95
50
53
96
76
15
25
75
50
76
41
51
55
50
21
68
36
49
24
2
74
5
16
6
18
49
71
23
19
18
19
4
20
22
20
26
70
6
22
55
16
24
35
63
20
74
73
54
18
3
16
15
0
