170
84
178
174
97
160
68
107
106
100
181
169
104
105
172
90
167
109
173
103
177
104
171
82
190
186
172
104
87
186
176
171
174
98
171
83
94
173
174
178
174
163
177
111
94
86
96
96
93
91
19
86
90
22
101
62
11
38
56
94
84
30
59
90
50
94
20
87
11
25
57
82
21
32
82
18
55
37
89
23
78
24
71
80
45
32
61
101
97
96
22
106
65
18
10
18
18
0
115
43
124
123
34
117
52
52
40
50
127
134
72
52
34
44
124
47
125
66
144
57
118
70
47
111
46
52
56
119
125
125
119
56
41
38
99
46
105
147
43
47
48
50
32
29
81
77
32
71
43
145
78
34
77
48
78
78
84
138
59
51
1
68
1
71
2
66
7
66
9
76
68
74
54
83
1
11
81
85
59
69
11
64
0
62
86
71
71
73
91
65
1
53
0
50
52
1
56
17
60
52
26
52
15
13
21
24
57
58
28
10
46
22
52
30
60
17
53
18
62
25
28
32
63
19
34
66
65
66
65
29
32
17
44
51
62
68
70
68
67
16
18
0
18
19
17
77
89
35
91
12
68
5
13
23
13
95
87
70
7
60
8
81
25
90
23
82
14
110
47
71
68
116
21
14
113
77
112
103
29
92
26
71
55
63
95
96
81
96
17
44
22
57
56
0
1
29
1
1
7
22
1
17
17
1
2
56
10
2
53
2
2
37
55
2
2
0
2
1
40
38
26
8
2
1
44
37
2
0
53
7
36
52
1
1
50
51
44
0
1
1
0
1
0
73
37
43
78
20
82
35
30
33
33
41
42
58
9
40
17
48
20
56
24
63
28
52
45
40
39
60
35
34
60
59
64
61
41
51
11
74
65
73
76
78
38
77
38
43
35
37
33
0
76
32
74
84
40
81
38
72
40
40
90
70
80
57
40
34
70
31
78
35
77
91
67
106
39
84
108
70
93
106
102
68
71
73
97
19
47
82
104
48
59
62
114
26
97
0
89
37
0
55
33
31
65
32
68
16
32
29
39
62
33
57
17
59
39
58
34
39
36
53
39
45
54
29
40
52
25
33
57
55
43
42
31
37
24
54
42
56
55
42
58
39
24
22
0
21
32
23
68
28
72
67
8
44
4
29
10
28
76
60
40
17
57
35
60
10
65
14
55
16
60
48
63
63
58
13
23
58
53
57
61
14
67
28
65
65
51
63
60
64
63
31
41
0
42
44
0
84
41
54
76
15
52
10
13
11
19
81
74
59
14
69
10
76
19
70
10
86
10
75
79
86
84
83
12
12
76
87
67
70
15
81
15
68
80
72
63
73
69
77
12
64
4
59
61
3
31
25
21
32
10
23
25
22
9
13
38
29
18
9
34
24
33
4
31
23
26
24
38
37
27
41
34
7
24
19
25
25
27
17
31
5
24
23
25
27
23
24
29
9
15
13
23
17
10
45
12
46
35
9
43
14
7
12
12
48
42
29
13
40
18
38
14
42
7
46
11
57
54
41
55
57
14
15
54
58
59
57
14
46
4
48
56
39
54
53
52
52
14
34
0
39
37
0
70
33
83
77
18
98
11
18
17
15
71
43
69
70
51
19
71
80
109
88
72
88
83
52
77
119
76
87
88
114
75
79
114
24
120
9
85
65
81
77
116
131
126
22
54
84
54
54
78
77
12
39
79
36
81
24
37
36
36
23
67
32
41
36
6
73
7
37
12
38
30
68
32
33
34
37
9
18
37
28
37
67
14
40
40
26
27
46
48
36
75
73
37
26
13
26
25
0
