328
139
344
345
164
343
106
170
176
178
341
318
168
177
315
139
310
174
326
168
308
169
324
149
318
322
330
155
128
332
319
328
324
156
329
127
159
346
337
330
338
345
353
163
159
128
160
166
144
218
33
210
211
50
224
190
35
171
188
208
187
61
161
201
149
198
43
201
31
50
164
184
59
58
179
32
159
128
199
56
180
58
139
69
130
57
149
177
165
173
33
171
147
24
22
26
28
0
173
79
200
202
84
200
63
61
63
56
209
196
115
69
58
69
207
74
212
72
213
59
180
106
78
195
73
71
59
210
202
183
190
59
63
79
160
76
146
189
81
81
83
61
46
40
136
126
40
197
75
280
202
65
98
31
82
87
87
275
173
133
4
178
2
203
2
146
4
179
4
180
176
195
164
206
3
2
194
214
180
171
2
167
2
160
191
177
162
140
196
182
2
143
0
137
130
2
80
44
87
89
11
90
22
23
32
12
90
97
86
10
75
16
97
20
99
26
104
30
95
81
89
88
99
30
16
96
97
101
105
19
85
31
104
90
113
104
105
105
108
28
54
0
57
56
26
78
80
40
84
10
80
5
7
29
9
87
77
92
12
68
6
88
35
91
34
95
11
87
71
90
87
96
16
10
99
92
101
94
34
100
32
93
73
90
96
101
94
95
16
51
38
82
71
0
6
58
6
6
11
45
4
45
38
4
5
82
41
5
86
5
7
55
85
6
6
7
7
6
72
55
72
40
4
4
79
85
7
7
86
27
62
76
8
6
80
83
86
3
8
3
4
8
0
96
34
63
96
26
89
31
22
27
29
57
64
81
22
65
21
66
28
84
27
77
27
78
62
60
62
84
30
23
76
81
78
88
22
63
19
84
58
88
90
86
55
89
29
62
29
49
55
0
106
52
100
106
32
117
26
108
34
34
120
116
105
84
88
26
111
25
111
31
119
123
118
150
92
146
153
114
131
152
157
109
116
112
143
27
86
140
145
89
110
102
147
27
127
0
123
66
0
114
76
60
94
45
124
27
32
33
37
123
82
105
30
105
37
120
40
78
37
124
40
82
118
80
83
126
40
41
118
117
91
97
44
102
41
96
83
135
122
86
120
93
40
61
0
56
79
32
99
54
118
133
13
68
27
30
36
30
101
136
76
28
138
29
142
20
135
26
136
27
124
71
100
132
118
26
29
124
126
137
140
39
104
24
117
93
92
131
128
137
136
34
75
0
67
71
0
110
63
59
90
27
81
20
52
48
29
92
79
60
37
75
20
103
42
74
13
105
17
117
98
110
107
100
43
36
87
105
64
74
42
95
31
90
91
81
54
78
78
82
22
48
7
47
45
15
80
24
19
62
47
17
25
27
44
45
33
70
21
45
29
29
26
45
63
22
71
26
29
21
67
19
27
11
20
60
75
68
65
50
25
12
64
52
15
60
65
16
66
15
9
12
20
16
19
77
24
47
40
43
86
20
30
38
39
59
92
43
11
89
22
88
45
44
29
86
41
95
57
56
91
88
14
47
87
87
86
84
44
56
18
47
95
70
57
92
94
55
50
31
0
29
34
0
102
35
109
102
44
117
25
46
46
51
103
94
118
96
53
61
129
109
138
109
121
113
128
49
127
142
116
102
118
138
127
135
145
72
140
14
129
80
117
123
117
143
145
63
40
114
43
45
117
99
20
38
100
67
107
53
67
73
69
23
121
33
94
40
9
118
4
38
9
38
76
135
39
29
40
33
9
32
38
40
37
106
9
38
102
28
40
49
113
40
134
140
96
27
6
31
25
0
