437
190
469
439
286
454
166
294
302
292
482
396
222
259
394
216
404
275
386
264
398
263
385
237
403
394
377
271
198
387
392
388
395
256
373
219
201
400
396
401
387
384
411
269
221
227
205
227
220
256
54
266
271
78
267
208
40
157
215
268
249
93
217
255
197
268
77
275
46
90
226
263
89
88
269
45
222
183
273
96
265
97
224
139
177
90
190
267
260
272
65
263
225
43
31
45
43
0
276
113
287
298
134
291
67
73
57
63
286
250
206
130
95
105
266
109
298
82
289
52
259
176
118
290
120
137
85
286
303
294
308
78
116
137
274
129
190
298
123
143
145
53
85
81
217
223
79
277
154
355
268
71
153
55
106
115
115
368
236
207
8
254
5
276
3
193
5
259
9
235
204
245
219
260
9
7
264
265
232
236
7
234
4
218
255
238
178
214
264
236
3
195
0
162
178
3
92
43
98
104
33
94
35
19
39
28
114
105
89
32
76
30
101
40
109
38
117
44
88
64
81
81
91
39
23
79
93
100
98
21
91
35
84
74
89
92
90
85
88
32
42
0
46
43
39
98
75
47
90
4
84
5
4
46
5
87
85
93
4
58
5
75
50
91
57
95
5
86
58
100
95
97
6
5
99
105
92
97
50
102
45
102
65
96
97
110
101
95
11
46
52
92
89
0
4
59
8
7
12
47
4
40
42
4
8
63
36
5
74
5
6
43
84
4
6
6
6
7
78
70
82
46
4
3
81
82
8
3
72
19
63
83
7
6
82
75
78
4
4
4
2
4
0
82
44
66
94
30
86
25
21
22
30
62
73
90
21
57
35
83
37
98
35
93
29
90
77
65
66
92
39
34
91
102
99
87
47
77
17
107
93
108
115
113
71
127
48
70
36
53
59
0
154
94
152
160
39
154
39
169
52
48
184
177
153
148
102
47
165
39
152
45
172
191
175
230
120
207
232
182
206
229
235
173
188
182
218
51
150
204
225
139
184
180
227
47
212
0
194
119
0
157
103
61
152
74
157
33
61
47
68
153
87
153
47
120
56
165
71
99
74
168
66
110
141
118
101
166
68
55
151
169
109
109
66
124
58
129
107
161
149
100
163
118
48
94
0
81
90
51
111
54
120
143
32
86
17
28
38
28
122
134
96
34
139
33
143
19
141
33
137
36
144
104
134
144
138
41
26
144
130
141
140
35
117
30
133
124
117
132
138
134
136
33
98
0
98
99
0
145
62
67
94
19
104
18
94
75
24
103
95
85
82
94
24
155
88
97
15
171
23
170
156
168
175
171
72
73
104
173
92
118
75
159
52
151
141
111
99
138
112
133
19
79
19
80
78
12
68
41
28
72
45
27
44
46
36
45
52
59
33
49
49
42
47
39
61
45
67
41
46
45
59
47
43
25
32
54
53
58
56
46
39
20
71
64
32
73
66
31
69
33
17
26
22
19
22
95
31
77
57
30
96
24
24
33
35
81
90
61
18
103
20
87
30
82
25
109
29
99
81
65
111
107
22
38
109
108
94
107
37
79
22
69
104
91
84
115
116
82
41
61
0
48
58
0
123
53
137
148
47
189
21
49
55
49
133
131
145
154
92
52
154
169
202
182
148
194
147
84
147
209
137
167
189
218
139
131
223
53
221
21
140
70
141
141
178
232
219
46
65
184
56
63
174
123
26
44
128
89
125
77
91
99
97
24
138
36
104
33
8
143
6
30
7
38
78
151
30
23
36
35
9
27
37
40
33
119
10
33
103
30
45
75
114
41
143
146
86
27
6
28
21
0
