343
186
359
355
255
372
133
254
263
264
358
337
242
247
345
223
322
256
329
246
324
242
330
222
315
322
318
246
203
304
314
326
331
214
311
203
246
323
314
313
323
334
323
224
228
228
242
239
235
152
46
152
150
39
149
115
28
81
107
154
169
63
128
180
98
175
44
178
37
61
129
197
71
66
193
52
145
117
194
68
194
66
143
114
117
59
144
187
195
188
36
200
149
37
33
40
38
0
228
90
240
248
92
247
102
86
92
97
259
223
143
96
67
80
248
79
247
77
261
75
219
127
79
244
82
93
84
231
248
239
233
62
77
85
196
84
169
223
80
86
93
51
59
60
172
163
55
176
72
341
174
64
199
142
198
193
191
346
143
111
2
143
1
169
2
122
3
141
4
134
136
149
124
173
2
14
177
169
150
158
9
148
0
141
152
151
133
131
160
143
0
109
0
99
106
1
84
36
86
81
32
80
28
19
32
23
78
82
62
19
61
21
85
36
82
31
81
34
99
45
67
56
99
29
46
101
96
107
97
54
61
31
81
75
117
113
108
105
111
32
42
0
35
40
29
121
147
69
168
21
112
17
20
36
21
160
160
122
13
104
25
150
43
153
48
166
28
162
83
119
114
170
46
37
170
127
183
172
42
161
47
126
80
126
166
174
128
168
50
76
42
104
103
0
8
86
11
9
24
59
4
48
65
5
12
90
33
6
94
6
8
47
103
6
11
7
10
9
79
77
72
29
8
6
92
94
5
5
69
13
53
68
7
7
68
70
68
5
8
9
5
9
0
139
73
89
138
21
142
40
26
41
37
88
97
124
22
94
35
106
45
128
42
128
43
129
92
95
87
135
39
40
129
125
124
128
34
95
19
127
107
128
129
135
89
136
38
88
36
87
83
0
151
71
142
153
60
157
59
200
53
50
244
173
142
129
112
50
149
44
141
48
140
214
139
262
107
257
295
195
224
288
282
144
143
214
278
49
141
243
282
134
140
152
278
43
257
0
250
89
0
146
84
62
131
72
143
20
68
46
71
136
79
128
39
123
64
152
70
91
69
141
75
90
145
92
90
126
70
58
140
135
97
98
60
106
44
113
98
146
132
100
144
94
65
80
0
73
99
39
120
54
151
177
36
110
30
39
49
36
139
168
132
52
181
38
178
33
188
52
190
57
176
148
162
174
181
55
36
183
181
176
171
48
144
40
167
143
159
177
183
178
181
37
112
0
109
100
0
206
121
143
203
49
157
28
38
37
51
209
188
143
38
184
37
203
39
190
27
205
34
208
196
214
215
208
31
28
185
202
170
191
39
201
24
196
188
191
166
195
193
180
39
155
14
145
152
8
78
44
38
78
47
36
41
31
37
40
55
89
60
44
59
34
53
40
78
32
83
34
57
48
81
47
47
27
27
55
75
70
69
39
46
21
74
68
36
74
64
45
70
19
22
14
34
23
14
93
17
89
65
26
98
36
18
31
29
88
96
68
29
99
28
95
28
92
20
96
27
94
102
82
106
107
27
29
104
107
112
114
38
89
19
77
112
94
88
102
101
91
34
54
0
62
55
0
137
77
164
153
37
230
18
33
37
33
153
111
154
198
132
43
162
222
269
239
163
236
182
142
177
259
176
227
222
260
168
175
266
66
244
30
175
134
176
187
232
257
253
52
79
219
76
84
197
132
29
45
151
108
142
95
95
106
105
29
145
44
101
44
7
132
4
41
9
42
86
142
39
41
46
44
10
30
41
43
49
128
9
55
88
41
47
67
136
55
141
139
98
41
8
38
39
0
