528
239
526
537
302
521
220
333
338
331
531
531
313
328
535
281
532
327
543
326
526
322
540
289
544
531
535
326
265
527
527
511
540
324
559
249
330
532
543
547
567
553
547
331
299
279
301
323
273
331
83
333
322
68
323
238
44
172
246
332
337
150
258
350
223
351
72
367
58
89
263
346
85
150
365
70
320
237
391
77
406
86
256
194
197
84
262
341
340
340
67
336
257
75
55
62
66
0
344
147
381
368
183
388
130
140
119
127
402
387
268
163
144
154
371
146
407
132
391
125
388
268
160
414
162
166
154
400
400
425
410
129
151
173
315
181
280
387
165
166
170
121
141
135
268
268
129
344
156
460
345
135
165
74
177
184
187
479
302
235
7
321
4
344
7
256
9
314
10
287
304
331
233
365
8
14
359
371
313
318
11
281
5
262
342
305
284
261
325
282
3
220
0
207
212
4
167
108
183
194
38
183
47
47
60
36
192
190
173
36
167
41
195
51
187
64
202
69
199
155
167
187
212
68
53
210
221
225
222
67
185
63
222
186
242
252
243
243
251
60
106
0
116
116
68
204
219
113
231
40
178
32
38
81
41
239
241
220
31
181
33
230
79
250
90
247
53
243
161
212
187
244
43
38
233
208
246
236
85
229
76
207
155
203
238
241
217
242
48
108
81
172
174
0
8
149
10
6
32
104
5
91
104
4
8
174
76
5
203
6
6
97
178
1
10
7
8
9
189
148
171
86
5
10
214
215
6
4
168
43
115
177
7
8
172
176
168
9
8
4
3
6
0
196
112
152
188
55
196
51
31
50
52
145
148
177
43
146
41
150
48
215
59
208
61
197
173
146
136
201
74
54
197
207
215
203
60
178
31
222
182
226
235
233
154
231
85
151
68
152
130
0
274
122
250
277
112
274
109
224
108
114
280
254
279
172
173
121
270
110
283
133
282
225
275
306
166
296
316
222
232
320
339
282
278
210
306
129
228
295
320
244
285
289
333
123
295
0
294
154
0
259
150
118
267
140
265
58
110
91
140
255
153
220
76
198
103
234
121
148
128
252
132
156
252
156
147
248
119
105
246
240
144
158
120
206
85
211
155
245
242
158
260
162
105
108
0
110
151
89
232
104
236
285
62
165
41
88
90
74
244
284
184
103
283
83
289
64
273
90
284
95
276
198
250
288
291
79
79
281
294
288
294
85
271
80
290
240
252
300
295
297
315
78
166
0
166
183
0
184
160
96
182
71
113
56
57
50
66
198
175
130
55
173
58
188
50
187
44
193
55
215
191
219
226
208
56
62
165
198
135
166
45
185
37
160
173
182
126
173
161
167
56
120
16
117
114
15
116
95
50
136
69
56
64
69
54
71
106
125
65
66
100
69
93
44
123
67
129
70
95
88
117
85
87
42
59
102
117
109
113
74
84
28
138
106
72
117
140
89
134
41
35
48
67
51
37
187
61
136
123
64
185
65
45
74
75
166
189
114
56
202
58
201
72
163
45
193
75
206
160
145
227
209
68
96
211
221
229
223
89
170
34
149
235
148
162
234
241
173
103
97
0
105
114
0
267
104
270
261
100
276
40
103
105
95
280
223
257
182
183
98
264
214
306
242
275
236
276
162
273
315
265
227
228
299
271
294
347
113
316
65
288
206
275
303
262
327
317
104
133
213
147
135
220
232
32
78
228
175
237
151
174
171
176
52
241
66
167
79
20
249
16
69
21
82
144
243
68
58
81
75
24
47
78
84
79
195
21
77
164
61
81
106
173
78
234
219
136
51
20
46
55
0
