201
109
204
214
141
199
82
152
139
136
204
187
127
138
195
124
199
154
192
134
194
137
193
118
188
188
181
137
110
189
187
180
185
128
181
108
127
189
194
194
194
194
197
138
136
124
128
133
128
116
27
122
126
33
129
83
30
71
87
124
138
44
92
143
70
139
32
142
26
43
100
122
37
56
121
39
80
63
125
42
132
47
70
90
47
36
83
113
125
125
30
122
74
34
29
33
37
0
118
59
144
149
58
134
48
45
45
51
143
135
83
41
45
46
144
46
143
57
141
44
130
87
47
144
53
55
39
136
144
141
147
40
53
51
118
58
109
139
49
56
58
36
48
45
110
108
49
113
35
163
127
44
79
45
78
78
74
166
90
84
2
101
2
99
0
83
3
90
1
81
97
97
92
114
1
2
111
104
86
100
6
95
1
80
110
92
86
91
111
91
1
68
0
68
73
2
60
24
62
61
18
66
32
21
37
14
61
68
67
9
50
10
59
20
72
30
68
32
75
43
65
62
74
31
25
75
76
83
75
25
71
26
70
49
70
79
74
79
75
29
35
0
36
36
29
71
78
35
86
25
65
19
22
25
26
92
96
63
7
65
21
87
22
88
30
93
25
86
50
72
77
84
22
16
88
79
84
90
31
83
28
82
51
70
80
77
73
73
21
40
29
71
69
0
5
50
8
5
18
38
4
34
43
4
10
49
27
5
51
6
6
24
57
5
7
8
12
5
52
46
55
28
5
8
70
62
8
6
78
21
59
84
9
8
77
75
75
3
5
3
2
5
0
70
35
56
80
18
77
18
7
19
19
58
55
78
19
57
21
64
24
78
24
79
25
78
68
63
50
80
21
33
80
91
79
85
31
69
20
89
80
77
86
81
54
84
25
61
18
55
52
0
107
40
100
116
46
106
41
97
41
46
140
108
101
65
67
46
118
44
108
50
110
92
116
132
66
135
146
82
97
145
140
112
119
91
133
41
81
106
146
90
95
102
134
36
148
0
138
68
0
100
54
57
90
38
107
18
35
31
50
103
57
87
22
77
44
100
48
62
49
93
41
69
97
66
66
109
36
36
100
88
65
73
33
79
33
78
71
101
94
74
97
71
34
58
0
46
64
29
82
37
96
118
26
67
18
19
37
18
87
111
69
35
103
23
118
22
120
42
124
43
126
83
90
110
114
37
17
110
115
121
107
35
90
17
114
80
100
111
124
118
118
17
65
0
60
71
0
80
67
52
95
37
53
26
22
18
33
94
82
71
23
97
27
90
21
92
24
95
27
90
96
95
94
95
25
21
79
87
74
88
17
90
15
75
83
104
73
92
96
79
35
69
3
66
71
2
67
33
25
69
34
27
21
20
22
37
42
64
41
38
40
22
44
32
70
19
71
17
44
37
66
40
33
24
15
38
67
70
61
37
32
15
68
54
27
72
65
24
65
12
26
10
30
27
10
72
19
57
38
21
84
23
17
26
20
61
72
47
14
71
19
70
23
63
10
75
20
72
51
43
66
58
19
25
58
60
57
63
23
51
13
47
61
51
55
71
75
66
23
42
0
37
41
0
87
44
98
93
32
133
11
29
30
30
102
77
91
87
67
38
94
88
127
113
90
120
110
66
107
126
113
106
110
151
107
117
140
45
141
24
111
81
112
106
128
130
141
40
52
102
48
47
99
92
9
26
81
56
79
57
70
61
64
13
86
22
64
28
6
76
2
22
4
28
56
90
21
21
20
20
3
19
22
25
19
75
3
24
67
14
29
34
71
21
86
94
54
14
1
14
16
0
