225
109
218
214
131
215
95
134
139
136
213
225
133
138
241
108
228
133
236
144
234
123
227
138
248
249
238
140
114
238
243
242
242
134
241
109
110
240
236
231
242
237
253
145
116
121
126
121
116
143
24
142
137
20
135
123
13
107
123
142
127
43
110
127
102
136
21
134
16
25
114
144
22
41
149
19
119
108
151
23
146
24
141
84
108
27
123
165
166
168
27
163
143
19
14
17
22
0
198
63
205
191
59
210
103
86
100
102
221
194
120
53
41
46
197
49
204
105
212
104
165
112
47
175
53
56
76
178
197
187
186
54
53
66
139
55
120
175
61
64
56
46
43
40
123
120
34
146
84
224
162
43
94
34
63
65
70
219
137
99
0
140
0
175
6
126
12
145
14
162
136
181
110
192
1
26
212
200
147
181
17
133
1
124
166
139
118
134
169
137
1
98
0
86
96
0
81
24
77
85
6
84
13
10
15
5
90
76
75
6
68
7
83
10
83
14
83
20
83
66
70
71
90
23
11
83
86
85
84
8
78
20
77
68
83
85
77
82
78
17
56
0
50
51
19
91
92
73
111
12
88
11
11
20
11
118
111
94
9
84
6
113
19
114
25
109
10
118
94
95
93
118
12
14
118
96
119
111
27
120
19
93
96
99
120
123
91
120
13
72
26
79
85
0
1
51
2
2
3
40
1
43
47
2
1
72
38
1
68
2
1
59
67
2
3
2
2
1
68
47
67
30
1
2
69
71
3
2
85
16
59
74
1
2
72
80
91
1
1
2
0
2
0
87
44
43
83
28
81
39
19
41
35
47
50
85
28
48
36
63
48
87
45
87
41
90
54
51
45
92
37
47
93
102
103
91
46
67
19
91
82
96
102
97
47
99
50
49
42
47
52
0
132
51
118
140
73
146
57
105
70
75
105
103
143
84
49
74
154
64
132
77
138
97
126
117
54
111
126
89
108
127
132
135
123
94
116
36
67
103
120
73
92
101
125
30
118
0
106
49
0
68
41
27
68
47
77
19
36
27
38
75
44
68
15
56
37
59
35
34
36
67
47
45
84
32
44
77
45
36
88
74
49
56
30
61
27
52
49
73
73
50
67
58
23
32
0
37
48
18
77
45
88
100
10
67
13
28
17
25
92
85
56
21
76
32
86
11
81
22
89
20
83
57
81
78
80
19
29
81
87
87
82
22
82
27
91
83
71
99
100
106
111
32
63
0
61
57
0
98
58
44
66
13
56
13
37
27
18
66
62
54
32
71
16
82
28
63
9
84
9
99
86
97
97
97
27
28
75
98
54
81
22
77
16
78
80
80
51
67
79
74
15
55
8
44
42
11
41
24
13
41
20
15
18
17
17
30
25
36
21
17
24
17
24
17
34
22
30
18
24
25
41
23
23
13
13
32
39
40
39
35
17
13
51
36
14
44
38
22
39
12
9
6
14
7
5
84
37
65
41
28
98
17
20
33
31
59
93
41
11
103
14
96
50
64
26
88
48
90
58
39
94
92
16
44
83
85
90
87
44
54
13
46
86
52
59
89
78
59
48
35
0
39
40
0
114
51
118
121
28
155
9
26
30
27
114
127
111
93
70
27
125
87
149
105
117
102
125
78
121
183
126
102
92
154
126
130
177
37
166
7
138
89
135
143
148
172
171
32
77
90
85
83
92
106
14
42
102
62
111
36
64
63
64
36
108
36
70
43
7
103
4
35
11
46
51
116
39
40
45
39
8
30
44
42
45
87
7
35
72
39
38
73
87
48
119
108
58
42
5
39
39
0
