357
160
374
364
157
358
118
164
170
170
377
372
167
167
376
127
374
165
367
163
366
158
349
155
340
324
344
145
129
331
316
334
339
147
312
130
160
304
309
317
307
316
311
151
175
145
172
165
146
136
22
134
132
23
136
112
15
96
115
133
104
39
78
115
82
114
30
108
22
27
82
119
32
54
121
29
97
81
123
36
122
36
91
66
83
42
102
125
120
127
32
124
95
23
24
24
27
0
130
60
158
158
54
159
32
36
30
37
168
154
109
43
37
39
155
36
160
36
161
29
151
111
41
163
41
44
40
164
160
158
154
53
43
49
142
48
122
174
54
50
51
47
33
30
120
121
36
131
56
237
140
64
103
58
107
110
113
231
101
82
7
110
3
113
1
85
2
101
2
91
95
108
88
123
5
5
120
119
95
108
8
109
3
97
123
105
91
106
135
107
2
79
0
86
82
5
78
31
85
85
12
82
20
12
21
8
78
78
87
5
68
14
93
16
83
23
90
21
75
67
78
86
90
27
6
85
80
84
83
6
87
22
74
65
75
72
73
76
73
25
57
0
61
63
21
50
41
27
53
5
55
6
8
20
8
46
52
57
2
42
3
54
21
56
26
59
5
52
28
56
50
54
5
5
54
53
56
57
23
59
22
59
30
53
61
59
62
61
12
26
28
48
51
0
3
35
6
7
6
21
2
23
27
3
6
62
17
2
71
3
3
37
75
4
7
3
6
5
60
49
49
21
1
4
59
59
6
3
66
11
45
69
5
4
69
63
64
3
4
2
3
4
0
97
38
62
102
26
95
31
27
30
34
61
63
84
10
57
23
62
27
89
26
87
28
79
65
59
55
77
44
14
78
77
72
80
15
69
6
85
64
82
83
77
62
82
18
64
43
55
61
0
77
51
69
84
10
90
7
127
11
9
161
118
81
80
74
6
83
4
86
5
89
137
101
187
71
177
193
114
136
189
187
105
103
123
182
13
91
169
184
81
93
89
181
8
173
0
170
75
0
101
97
45
92
13
105
15
10
23
12
102
103
104
12
95
13
113
14
107
17
119
15
116
123
102
115
123
16
17
122
121
110
113
24
115
28
108
119
124
115
112
133
116
21
106
0
100
116
25
89
36
104
103
11
82
25
43
27
33
101
96
71
26
94
41
97
22
97
28
105
28
97
87
98
100
94
28
39
99
101
94
94
29
98
43
97
102
101
113
119
116
120
37
71
0
61
70
0
127
98
101
149
45
101
34
25
25
46
151
145
111
27
148
41
136
22
146
36
137
45
136
130
133
140
134
25
24
140
135
108
146
22
122
20
125
113
143
94
119
154
117
43
98
6
96
101
5
114
18
14
115
92
17
17
16
84
91
27
74
17
49
25
17
29
47
73
19
72
18
29
28
75
28
33
13
22
62
66
72
65
62
25
13
75
64
25
81
83
22
78
23
17
15
21
15
11
55
17
31
13
42
60
23
38
40
43
32
62
23
19
59
20
60
42
33
30
54
41
57
30
24
54
59
17
43
56
57
63
71
45
33
8
31
63
56
36
66
69
32
50
12
0
10
13
0
79
23
80
78
48
107
31
42
42
45
87
65
82
93
35
49
88
117
132
122
94
132
87
40
87
128
88
123
128
138
93
95
139
44
142
19
89
63
88
86
128
141
138
47
19
112
22
23
117
100
14
43
108
67
108
57
70
65
75
32
92
33
60
37
5
95
2
38
4
34
63
90
36
34
39
39
6
10
45
41
43
83
6
36
58
40
38
58
83
36
101
91
50
36
3
31
28
0
