426
213
433
453
294
447
225
323
324
316
445
435
280
337
457
266
459
325
459
303
440
314
482
263
476
468
473
312
251
466
466
479
491
303
495
245
285
500
516
520
518
510
506
320
269
276
266
269
280
283
71
287
301
62
300
244
40
171
222
296
293
122
245
299
191
306
66
296
48
86
253
309
93
113
330
70
271
222
318
97
326
102
266
193
192
98
227
315
330
337
72
319
270
59
49
59
61
0
321
117
367
348
155
351
117
113
115
118
363
360
251
138
115
118
381
131
371
146
391
122
376
268
127
407
131
139
154
397
395
394
409
114
120
137
307
138
244
355
134
142
146
98
99
96
248
262
101
322
169
445
357
109
160
61
115
143
134
452
286
237
7
310
6
335
9
244
8
288
14
321
292
318
251
352
11
17
365
376
281
330
11
306
4
270
368
303
288
278
363
308
8
201
0
193
205
2
121
73
146
148
24
145
44
33
54
16
132
151
128
25
115
37
163
42
146
47
142
47
182
122
133
139
181
50
61
185
190
194
175
63
145
44
155
135
197
198
202
188
192
54
95
0
92
92
54
139
185
84
206
36
144
26
33
68
34
209
180
158
17
145
23
185
65
201
70
203
32
185
128
163
157
198
30
20
197
173
191
185
62
195
63
175
110
155
212
190
164
200
38
96
68
137
124
0
3
127
6
4
22
84
5
70
88
2
4
175
35
4
190
3
4
95
176
4
2
2
6
7
104
125
87
24
4
4
118
126
5
5
97
15
62
101
4
3
103
97
99
3
2
5
5
6
0
144
70
100
151
28
144
38
22
43
37
98
99
125
23
98
32
116
39
149
35
134
37
122
109
97
85
139
43
45
134
140
140
142
50
108
18
139
111
137
144
139
88
142
50
101
33
91
88
0
228
126
220
221
79
240
68
219
76
74
231
241
235
202
168
84
250
64
249
79
243
229
254
280
155
267
300
228
246
313
292
266
266
226
278
98
228
245
285
199
234
245
286
77
271
0
263
159
0
190
128
110
210
81
205
41
73
65
75
214
150
202
60
182
85
212
85
139
87
214
90
152
219
176
141
221
105
95
246
219
155
155
98
213
68
202
150
228
204
161
221
162
84
118
0
107
154
55
198
72
210
229
45
152
36
38
66
32
207
229
183
66
242
40
231
48
223
77
216
70
229
192
196
226
231
74
40
246
235
244
229
54
203
40
247
190
219
235
248
246
250
39
155
0
155
165
0
177
121
74
150
46
117
35
100
98
47
132
126
108
96
133
43
182
99
126
37
185
38
190
165
188
188
168
82
68
111
180
100
107
79
158
77
140
146
137
86
140
126
150
56
88
26
73
75
18
128
56
31
135
85
42
54
42
70
104
78
109
44
74
72
47
73
47
112
49
103
50
70
70
100
74
72
33
38
87
108
106
110
65
68
20
109
85
49
104
105
60
110
28
31
34
36
31
22
129
39
100
76
53
145
54
36
59
61
117
139
79
49
141
49
140
64
113
47
138
67
139
109
98
147
137
42
73
149
149
142
149
67
122
34
111
159
127
112
155
167
123
60
76
0
74
83
0
195
87
198
209
58
251
19
66
64
70
200
190
212
204
140
71
208
206
274
225
219
236
219
157
244
288
248
221
235
275
235
235
276
76
292
42
239
168
220
229
259
272
288
65
103
216
100
106
203
196
27
50
207
161
199
144
154
156
165
24
183
48
147
49
14
194
4
37
18
54
121
194
41
45
49
45
13
37
48
43
51
156
10
51
121
48
50
79
140
55
181
179
125
42
10
36
41
0
