422
196
416
430
294
434
189
314
306
300
424
412
240
301
399
245
404
311
410
276
400
290
414
261
405
415
412
285
237
434
412
418
420
287
439
234
252
445
427
432
438
449
454
268
263
262
257
263
249
285
51
282
269
57
291
229
38
135
223
277
265
100
202
288
153
273
57
299
46
90
203
272
92
118
288
62
195
152
280
82
277
89
229
191
151
85
195
280
285
286
65
288
211
48
36
54
55
0
303
116
301
316
141
309
119
108
109
115
342
302
197
123
102
115
335
131
344
116
339
98
308
198
127
313
135
144
111
327
329
337
330
93
130
137
279
142
237
307
128
148
144
77
95
96
242
248
95
282
117
392
294
134
147
72
162
181
163
399
245
190
2
243
2
281
8
210
7
252
12
253
247
262
194
299
6
9
278
284
235
272
15
239
3
233
294
223
228
236
288
245
5
173
0
154
184
3
109
68
132
120
42
129
45
35
57
44
127
167
110
50
124
60
163
71
163
51
165
52
153
108
108
106
149
56
63
160
166
167
149
63
117
50
139
135
157
150
151
154
152
53
63
0
65
65
52
157
159
87
178
23
137
22
24
71
25
190
190
162
20
144
20
177
76
193
80
202
30
183
122
175
166
198
38
26
212
195
198
201
78
203
65
171
118
172
207
198
174
189
37
78
69
131
135
0
3
135
11
9
18
116
3
97
99
1
10
176
69
2
177
0
2
100
180
1
7
4
3
4
129
142
117
36
3
3
150
156
5
2
145
21
95
144
4
3
128
143
135
1
2
2
1
3
0
168
72
139
175
49
175
38
31
46
47
132
130
182
33
124
57
135
54
184
61
178
63
155
136
109
104
153
60
42
156
154
160
158
37
139
14
155
133
159
164
154
126
153
35
122
60
109
99
0
158
90
172
179
56
176
45
219
54
49
230
228
173
166
128
72
172
55
184
58
184
196
191
265
136
248
280
195
211
290
285
198
198
205
269
70
165
240
271
146
194
202
279
56
264
0
257
121
0
186
118
95
174
69
182
57
65
76
77
179
130
169
37
156
72
184
83
124
85
183
91
137
182
114
123
174
90
79
189
174
141
145
83
144
78
177
148
183
180
124
188
146
70
100
0
92
132
74
164
64
189
208
54
136
32
65
67
48
183
211
159
72
222
57
214
51
184
76
206
77
216
178
189
230
219
71
62
235
228
236
224
70
184
57
219
200
208
221
231
239
222
62
137
0
123
132
0
170
120
95
162
41
108
40
60
43
48
155
148
133
57
158
43
193
56
162
34
196
44
201
181
182
187
177
50
50
150
194
126
152
48
166
45
158
174
134
126
163
147
169
35
103
15
102
105
10
106
74
35
95
59
43
54
60
52
64
82
99
62
51
75
58
84
47
96
59
95
59
79
69
102
74
71
41
45
82
101
107
110
68
66
28
119
85
64
98
110
77
106
35
29
33
50
29
31
122
21
114
71
41
133
52
26
51
51
109
118
82
40
122
46
113
46
108
24
124
35
121
92
84
113
127
43
41
129
127
126
135
41
112
22
112
136
104
114
141
128
107
44
56
0
62
65
0
175
76
187
182
51
208
27
55
57
59
177
139
197
196
159
62
200
207
273
226
207
221
205
161
211
238
203
207
223
257
214
196
258
85
261
47
219
166
210
213
233
278
264
75
79
197
89
90
175
193
39
65
184
132
188
106
131
125
127
50
173
67
135
72
17
181
12
64
18
79
120
210
61
62
69
67
20
50
68
65
71
188
16
65
144
55
60
89
160
65
200
193
119
55
11
52
48
0
