211
96
223
214
111
217
80
128
129
123
215
204
133
120
213
113
211
124
209
114
213
120
226
119
221
226
209
119
107
217
232
214
221
122
227
98
108
231
232
229
234
215
232
122
127
112
125
133
115
110
18
112
116
24
121
87
21
77
105
122
125
33
100
135
79
125
31
129
22
34
110
162
31
37
158
26
139
119
166
30
161
37
88
58
75
33
92
114
113
103
26
113
88
19
19
19
20
0
124
45
126
128
36
123
42
35
42
41
118
126
87
27
26
26
129
36
132
48
136
37
111
89
37
123
37
33
44
121
124
132
131
55
34
34
107
37
107
136
39
42
38
52
29
26
100
90
27
122
81
179
123
33
90
33
62
62
60
187
121
94
3
119
2
154
11
102
9
121
15
138
107
131
96
151
5
9
157
151
108
142
12
107
4
106
135
113
104
117
142
112
4
80
0
77
79
2
38
15
37
35
11
41
21
14
24
9
41
47
41
6
35
11
41
15
42
27
44
26
55
22
44
36
54
21
22
60
56
55
58
15
48
16
47
28
44
45
45
51
52
18
25
0
27
25
21
56
69
31
70
17
45
13
19
20
15
74
72
59
9
48
10
68
19
71
17
61
17
70
41
60
60
75
21
15
77
62
75
80
20
71
20
58
36
54
72
75
57
68
22
21
20
44
45
0
0
32
2
2
9
18
2
12
18
1
3
49
10
2
46
1
2
25
47
0
2
0
3
0
44
37
34
18
1
0
45
50
3
1
30
2
19
28
1
0
29
27
24
2
2
0
1
0
0
94
37
90
106
20
103
14
8
13
14
73
89
98
7
87
10
86
14
93
14
92
13
102
88
82
67
108
18
25
106
108
115
110
11
93
5
102
86
105
108
102
81
103
11
91
21
82
86
0
109
56
104
125
29
118
24
91
22
25
135
115
104
81
96
17
116
17
116
18
116
96
126
158
90
150
159
96
113
154
155
114
122
115
157
17
101
137
151
108
105
110
153
16
148
0
143
85
0
76
52
41
72
27
79
16
22
27
24
69
59
83
22
79
31
78
30
56
39
81
31
55
85
54
64
75
38
39
79
89
62
65
61
71
26
92
57
101
101
50
103
61
56
45
0
46
60
20
61
29
62
118
28
85
54
19
65
17
64
134
70
68
116
17
125
69
119
77
128
76
113
70
62
109
113
51
15
111
110
103
112
67
63
17
68
51
92
114
110
106
114
16
41
0
41
45
0
89
60
50
94
39
65
34
42
43
41
95
92
64
41
97
41
96
43
84
27
93
32
93
91
96
99
93
37
43
73
98
67
73
32
90
33
84
70
89
59
71
82
70
29
57
14
54
51
12
54
26
15
53
30
14
23
23
27
30
31
40
25
12
32
18
35
12
39
20
46
21
34
32
39
36
32
11
19
34
38
45
38
12
34
11
32
35
31
27
34
29
31
11
20
16
24
16
6
46
5
36
27
11
47
16
8
17
11
37
49
32
14
52
16
53
12
48
9
46
17
55
44
33
51
59
13
21
55
56
48
50
23
38
9
32
59
32
33
44
48
39
24
22
0
18
18
0
68
31
73
71
23
118
13
24
26
23
71
53
68
85
39
27
74
102
126
115
70
110
69
36
68
121
64
105
107
121
68
68
119
34
123
17
73
46
72
69
107
123
117
34
29
93
32
34
90
57
2
16
63
44
54
43
45
51
46
11
48
16
34
20
3
47
5
20
5
19
31
53
17
16
15
18
7
11
19
18
20
45
6
16
34
20
19
21
51
16
53
52
34
15
4
11
12
0
