415
252
426
424
368
429
258
380
378
370
427
445
293
377
430
306
442
361
449
360
446
347
438
310
474
470
461
351
303
465
464
463
460
345
454
319
321
479
484
474
473
480
492
356
308
339
300
312
343
258
75
264
256
65
267
180
55
135
183
275
274
134
183
283
167
292
71
311
70
86
199
293
99
128
325
78
220
196
314
95
311
107
197
181
156
106
213
283
292
274
78
295
206
83
68
82
77
0
381
165
419
399
184
417
141
147
137
150
417
426
295
179
150
162
415
168
448
173
442
139
412
278
186
433
178
189
171
452
441
434
455
136
157
167
359
177
247
403
177
184
184
123
136
133
283
300
128
304
121
463
321
155
184
124
226
255
243
486
243
186
7
233
6
280
13
168
10
242
20
255
217
266
175
276
8
14
283
278
219
246
15
218
1
212
286
234
215
212
291
222
3
161
0
143
156
4
150
65
165
169
31
170
73
38
72
23
168
159
159
30
142
34
165
37
173
69
167
76
165
131
136
169
169
77
37
178
175
176
181
34
170
69
168
153
182
169
179
183
188
64
95
0
94
96
61
199
173
104
191
9
190
13
8
87
10
201
195
214
9
138
8
187
98
188
101
188
10
192
154
225
195
192
9
8
195
231
187
200
110
200
93
228
144
221
205
202
222
195
11
119
94
197
208
0
11
84
9
10
16
74
7
73
79
3
10
109
53
8
113
7
10
60
123
6
8
8
11
10
107
90
100
43
7
9
120
118
11
5
157
32
121
169
9
8
147
164
159
4
5
6
1
5
0
109
48
79
114
46
115
46
41
49
51
79
79
113
33
74
37
102
47
119
50
104
39
100
70
63
73
110
48
54
120
115
125
122
42
81
26
111
100
120
123
133
68
127
49
82
47
54
59
0
158
74
160
160
61
156
56
270
55
60
289
267
163
204
99
49
151
44
158
52
157
279
152
318
122
299
339
276
300
327
338
175
172
260
325
54
145
288
313
135
166
163
312
36
302
0
287
105
0
200
132
117
192
72
220
81
66
108
73
209
153
201
64
180
70
199
74
161
87
226
85
173
193
138
153
224
78
74
208
201
166
177
84
196
109
173
154
212
207
160
230
180
73
118
0
127
173
110
180
97
191
198
24
137
16
42
40
45
211
215
158
34
215
42
214
26
213
34
222
33
218
161
187
200
209
37
47
216
207
210
212
34
201
39
206
185
183
220
233
228
233
41
149
0
140
152
0
222
169
139
218
35
189
23
55
50
34
215
217
164
64
210
36
265
52
217
29
245
32
263
248
273
263
259
59
59
212
274
186
223
53
228
43
232
226
218
171
217
213
218
46
176
16
173
160
17
100
86
39
112
85
46
85
87
62
79
105
99
65
74
97
78
93
59
96
85
104
96
80
73
95
84
69
37
86
81
95
94
89
70
78
20
103
92
63
90
98
64
110
58
31
50
46
28
45
134
54
126
89
50
162
61
41
56
65
140
154
82
65
153
63
154
71
136
40
165
65
144
120
68
142
137
49
60
139
139
137
132
70
135
24
110
170
116
137
169
163
130
69
70
0
78
73
0
222
111
245
234
60
258
25
65
65
62
245
224
219
260
161
63
221
281
305
298
223
303
229
127
222
290
220
272
282
312
245
230
337
65
321
37
231
154
241
247
283
324
316
57
112
284
114
114
262
190
33
58
203
153
196
109
142
147
147
32
180
42
168
53
13
188
5
41
18
59
135
176
57
37
56
51
17
29
45
54
50
161
9
62
131
37
56
82
144
54
171
190
106
39
14
35
31
0
