304
139
304
313
199
316
137
203
204
200
313
305
135
192
300
138
311
182
304
191
302
187
276
149
275
277
283
179
127
272
269
276
276
183
266
142
160
273
264
278
280
273
275
188
128
153
143
148
143
172
37
182
186
57
183
151
26
109
164
185
181
78
151
206
119
196
69
191
37
83
153
165
70
57
174
33
143
122
166
64
179
73
103
121
74
47
101
166
165
158
43
161
106
37
25
35
33
0
172
81
176
178
90
190
42
38
43
40
185
182
120
77
52
74
178
78
194
51
193
35
171
110
83
181
81
86
44
192
188
199
185
36
77
86
175
95
139
174
89
96
88
26
62
54
145
149
51
191
91
248
186
61
89
50
89
95
91
264
158
129
5
158
3
158
1
114
3
155
3
129
139
138
128
170
6
2
161
161
152
155
5
160
4
141
184
165
134
156
178
152
2
109
0
93
109
3
74
42
79
84
16
84
24
16
34
13
86
87
76
12
66
21
80
20
80
33
83
34
91
61
72
83
88
35
22
86
89
85
90
26
78
31
78
70
101
97
101
101
98
27
53
0
41
49
28
70
70
34
74
15
58
13
14
26
18
72
73
65
11
49
12
65
38
69
43
76
15
79
51
78
63
81
17
11
80
76
81
73
41
65
38
72
42
61
77
71
73
73
12
33
37
55
55
0
12
70
10
5
13
56
11
46
51
7
9
86
41
11
82
10
9
47
79
11
8
7
12
9
68
63
71
28
7
6
78
83
13
9
77
16
67
78
7
11
84
84
81
9
10
10
6
7
0
83
37
50
84
23
89
30
24
32
29
49
59
84
22
57
29
75
35
81
41
95
41
87
51
55
48
89
33
40
89
85
90
93
26
56
23
84
66
84
75
96
45
81
31
44
29
39
42
0
107
49
103
111
45
110
44
125
44
49
126
118
105
104
71
30
101
18
109
29
112
137
115
154
83
138
165
129
155
153
162
111
109
139
151
33
97
138
152
81
110
110
157
26
141
0
145
68
0
83
56
39
80
35
83
25
31
39
40
83
63
73
21
69
24
96
35
54
35
98
30
68
96
66
55
95
37
39
101
85
69
73
32
88
29
63
65
106
91
61
100
63
25
42
0
35
53
28
89
43
91
101
20
45
13
34
22
33
86
84
53
19
86
33
90
8
89
14
92
17
85
67
93
89
88
17
22
93
91
97
93
17
84
28
76
81
71
89
78
95
89
30
65
0
58
55
0
119
52
62
79
12
81
4
48
40
10
71
82
67
52
77
15
115
49
79
12
127
17
116
100
111
123
118
43
40
65
103
63
67
36
95
27
88
92
73
52
95
70
90
22
60
11
50
65
13
54
36
24
51
30
27
28
28
19
30
35
49
28
27
39
30
44
22
56
34
53
35
44
38
62
40
38
23
26
48
60
48
41
36
38
11
61
46
26
60
53
27
56
17
12
16
16
12
16
67
28
57
34
31
77
27
26
35
34
55
67
43
22
64
18
68
24
51
25
71
27
70
61
37
56
54
18
29
62
63
62
58
30
53
7
49
82
52
60
76
82
60
34
33
0
30
28
0
100
51
101
106
35
136
8
34
32
35
102
83
105
108
69
29
98
120
147
129
109
130
95
62
107
151
93
132
132
170
109
103
169
22
158
14
107
71
108
107
144
164
170
20
65
121
69
66
122
85
22
45
92
50
82
33
51
52
55
39
84
49
53
38
11
88
7
33
16
38
43
102
40
35
41
38
14
33
40
40
39
63
11
45
64
34
42
68
70
42
107
100
52
29
7
33
32
0
