294
138
313
298
167
293
117
175
168
179
308
286
165
175
299
144
301
169
287
163
303
156
292
168
299
300
291
161
128
285
298
288
298
156
265
130
125
289
267
271
271
275
287
155
151
145
151
158
145
176
24
164
161
22
155
132
19
127
135
169
167
49
129
168
119
159
28
172
28
33
130
138
40
53
139
31
130
117
151
39
139
38
150
77
133
37
138
166
174
166
33
173
153
26
20
21
21
0
165
76
167
174
53
177
66
64
63
73
182
169
112
54
43
44
169
46
183
71
178
60
167
102
55
168
54
66
48
167
165
170
173
40
57
65
160
65
134
170
63
61
64
35
39
36
137
133
31
167
52
258
165
65
120
60
112
111
106
270
140
95
5
149
3
159
3
114
1
149
3
113
129
142
117
167
5
3
156
155
146
129
2
139
4
128
144
139
122
108
165
137
3
115
0
111
109
2
56
24
53
56
12
58
19
16
24
9
56
53
49
12
39
9
56
18
58
19
62
25
56
34
50
49
56
23
15
60
57
59
58
13
53
17
53
39
56
52
54
59
58
20
33
0
34
33
25
74
47
57
75
4
66
3
3
22
1
74
77
70
6
70
7
68
21
78
23
78
11
70
65
75
71
76
10
4
75
76
80
73
21
85
22
77
64
83
79
83
75
82
6
56
22
70
72
0
1
28
2
3
7
20
0
27
25
1
3
39
21
1
40
1
1
17
41
2
2
3
2
0
43
34
41
19
1
3
39
42
1
1
43
7
37
48
0
2
44
43
42
2
1
2
0
2
0
51
23
49
58
22
55
15
12
18
17
46
41
57
12
39
18
50
28
63
25
60
32
60
44
39
34
61
22
26
62
62
58
52
29
39
15
68
56
66
71
63
35
61
35
36
24
33
38
0
75
29
72
73
25
77
27
126
30
27
143
104
71
81
45
29
79
25
80
28
78
127
78
149
47
145
158
117
137
157
161
80
82
120
148
33
69
142
152
74
73
82
155
27
149
0
145
42
0
76
41
41
67
28
74
13
24
21
29
76
48
70
15
66
32
75
26
53
31
75
35
52
69
52
56
76
32
30
73
58
54
59
27
59
26
56
56
75
71
53
71
53
22
41
0
39
56
20
56
28
71
64
12
59
15
19
24
20
65
73
45
29
68
20
75
20
77
28
79
30
69
56
70
79
72
22
19
68
70
68
81
20
67
19
60
61
61
72
77
73
70
22
41
0
42
49
0
125
71
81
117
16
96
8
30
28
11
109
107
92
31
107
9
135
38
106
5
125
11
124
116
129
130
134
30
26
118
120
95
116
28
123
23
128
123
113
101
126
117
127
15
101
10
97
95
12
47
16
7
36
31
10
21
18
20
28
24
37
15
29
27
15
21
26
47
18
40
18
19
17
35
14
12
18
13
28
37
41
39
27
14
9
39
26
12
33
37
11
33
11
9
10
14
7
8
44
29
30
26
24
56
19
12
22
21
39
60
35
15
53
14
54
22
41
15
55
21
52
42
29
56
58
18
29
58
61
51
53
25
35
8
30
52
42
42
49
55
44
28
23
0
26
27
0
90
32
82
88
23
129
9
25
21
21
80
86
75
117
50
27
80
131
152
133
82
127
77
45
81
147
84
131
127
155
82
84
158
27
151
6
85
61
94
91
148
156
158
30
47
116
45
48
126
70
10
27
70
46
68
37
49
46
55
18
74
26
49
28
6
70
4
14
6
28
34
73
18
24
22
30
6
20
26
26
27
57
4
23
57
22
25
52
67
26
84
94
57
20
4
22
23
0
