581
255
599
602
399
603
273
417
413
426
612
587
359
412
581
349
589
413
583
400
569
404
558
365
561
548
554
388
324
551
548
554
552
401
584
313
369
579
592
601
593
602
596
399
381
362
377
382
347
370
81
360
376
82
364
243
59
164
244
366
330
117
215
337
162
355
72
347
73
114
220
325
117
139
317
83
210
151
329
111
326
120
223
257
153
124
213
357
353
348
108
349
226
91
70
89
79
0
407
171
409
404
183
429
129
117
113
115
426
455
301
180
146
161
464
192
452
174
466
155
445
271
182
472
182
192
181
477
480
469
490
151
181
196
374
191
264
435
198
201
195
135
148
151
325
333
142
302
131
474
328
144
229
140
238
263
245
485
249
222
9
262
3
295
15
240
18
257
23
284
249
305
226
321
7
45
310
327
278
297
43
272
5
254
324
277
264
256
327
268
7
190
0
187
196
3
208
107
244
236
94
234
72
44
77
71
238
227
164
65
190
66
247
91
234
85
231
85
255
162
160
163
263
82
126
265
275
255
265
105
167
78
238
215
263
260
258
264
287
90
99
0
97
99
76
234
215
104
241
47
196
34
41
95
44
237
225
201
40
165
36
233
95
227
123
227
53
227
145
206
204
223
46
35
231
219
225
229
110
232
104
220
163
210
234
240
226
239
55
99
93
182
170
0
11
158
20
11
27
110
12
101
108
8
19
180
73
9
204
11
11
96
191
10
19
12
15
14
146
137
140
53
14
9
149
167
19
12
172
39
124
167
17
13
169
173
167
14
12
15
9
12
0
209
94
150
227
60
230
78
63
73
71
131
160
205
58
135
71
170
87
221
87
214
82
207
143
145
151
217
81
81
216
209
209
223
65
160
54
218
188
226
220
218
147
215
76
148
83
130
132
0
254
133
225
250
69
254
75
291
71
84
357
311
243
218
208
82
252
76
259
74
267
278
253
388
196
372
403
282
311
413
422
258
265
279
400
68
229
328
395
219
252
235
399
50
374
0
383
166
0
239
181
136
213
84
248
66
82
90
93
251
189
218
56
216
86
234
92
189
92
252
98
202
250
196
197
243
100
95
240
248
202
216
102
242
104
225
184
267
259
199
255
208
100
152
0
140
182
95
216
119
244
237
55
164
47
71
95
73
242
265
172
87
260
75
264
59
249
84
256
87
261
200
240
267
266
71
76
274
268
258
254
67
232
78
239
220
213
261
254
256
264
78
155
0
145
159
0
263
195
151
259
90
194
56
70
58
82
261
242
194
70
252
84
271
70
258
62
273
74
270
254
265
264
263
76
65
235
265
195
249
62
264
59
246
238
264
184
246
278
243
78
185
17
168
157
20
168
99
69
168
94
52
81
71
64
87
105
141
86
87
117
71
107
66
133
79
142
76
106
110
141
114
113
60
70
116
132
129
138
87
102
21
153
118
94
139
134
89
146
56
50
57
70
49
51
148
38
130
73
63
161
72
39
65
62
142
162
102
61
156
61
175
64
128
43
162
75
172
129
109
182
149
62
79
164
166
165
173
74
131
37
124
162
142
130
175
176
142
88
88
0
86
87
0
230
120
246
245
84
325
39
85
86
86
246
237
256
265
201
98
269
287
347
317
260
321
274
170
284
352
267
286
320
360
278
297
374
114
367
56
261
190
275
282
303
354
356
106
114
293
100
112
281
234
40
98
240
145
216
128
155
152
142
51
247
73
168
93
27
237
13
90
27
96
144
278
83
86
86
108
19
71
86
93
95
205
20
99
196
82
88
150
206
90
278
270
161
67
21
60
61
0
