281
130
279
277
180
276
124
183
180
184
276
281
159
172
264
157
274
172
277
172
287
177
272
140
273
282
268
178
132
284
274
272
274
165
276
150
148
277
286
279
284
287
283
176
136
162
142
135
148
152
29
159
160
37
160
129
17
106
144
171
147
49
131
171
104
160
29
158
26
40
135
163
41
62
191
27
150
125
182
38
177
47
136
85
111
37
132
173
164
158
29
155
148
27
22
25
28
0
178
67
191
189
87
184
65
65
64
58
190
180
133
75
62
70
191
83
184
64
198
53
165
110
78
169
77
87
53
168
189
180
193
55
76
78
171
83
139
186
78
78
77
46
61
57
140
138
58
185
90
256
203
48
114
52
81
86
85
276
155
120
3
163
1
197
14
153
7
160
16
161
156
172
137
192
4
13
180
199
162
176
14
162
0
148
182
154
130
148
191
159
2
120
0
111
117
2
67
28
77
73
24
73
25
16
26
15
65
63
59
8
46
10
63
10
66
24
62
26
67
46
70
59
72
29
16
70
66
63
67
15
67
20
64
56
77
76
77
82
76
24
37
0
36
42
26
83
58
39
78
4
79
5
4
35
5
80
70
83
3
65
4
67
35
66
39
75
3
80
64
89
95
75
5
2
79
97
77
75
43
79
39
96
58
96
81
85
94
84
6
42
41
73
80
0
1
34
0
0
4
27
0
25
27
0
0
48
20
0
50
0
0
29
51
1
0
0
1
0
56
31
57
30
0
0
63
59
0
1
50
10
43
53
1
0
52
54
52
0
1
0
0
0
0
95
41
62
93
32
96
34
19
34
32
65
67
98
23
70
23
60
34
93
28
93
30
88
74
71
60
88
34
41
94
91
96
91
32
75
21
92
75
99
102
96
68
104
39
66
43
62
53
0
125
71
129
136
35
129
24
131
36
37
155
131
127
115
92
41
145
29
132
40
136
140
124
164
91
148
178
151
145
172
178
128
123
147
173
33
113
163
171
92
126
127
181
21
169
0
169
83
0
97
81
61
89
30
101
25
22
34
33
110
101
125
29
101
40
125
46
84
41
126
49
95
131
96
89
120
46
37
131
130
94
96
49
113
37
117
104
138
120
87
130
104
40
70
0
63
89
38
80
33
85
99
20
68
21
43
36
33
74
86
53
42
97
34
104
34
93
45
96
47
80
73
72
91
95
38
23
93
92
94
94
34
75
29
73
73
64
89
84
77
84
29
46
0
46
44
0
120
51
55
78
19
79
18
56
54
28
83
94
72
52
87
23
122
54
90
21
129
20
129
130
137
128
126
47
44
98
129
79
86
48
108
35
97
103
94
71
95
100
88
33
58
7
67
56
12
70
33
21
75
56
12
32
40
47
58
32
57
28
35
37
34
33
39
61
34
56
33
30
32
51
30
35
16
26
44
46
41
43
38
26
15
57
43
28
60
51
22
54
17
14
16
14
10
22
66
29
56
34
27
68
24
16
28
21
52
66
38
15
77
18
76
23
55
10
73
26
75
53
38
78
77
13
34
79
80
72
81
32
61
13
50
83
52
65
81
82
68
30
45
0
42
46
0
91
36
92
88
19
140
8
16
17
18
87
97
102
135
63
26
105
143
157
147
109
151
90
62
90
161
94
135
155
161
104
89
163
29
156
12
93
72
90
91
149
160
172
19
42
127
50
48
131
72
24
38
79
47
85
40
49
53
52
21
80
31
53
38
17
86
8
28
12
42
43
79
40
37
36
41
10
23
44
32
45
78
10
36
57
40
40
65
75
41
106
98
53
28
9
31
29
0
