411
194
436
431
267
417
171
282
291
265
434
402
226
279
400
217
403
269
406
257
395
261
399
218
405
399
397
264
203
404
393
399
409
256
417
198
238
414
411
423
415
434
425
257
217
221
206
210
220
282
73
294
297
91
284
232
49
193
241
296
277
107
231
283
187
283
88
276
53
107
227
260
109
100
280
58
231
185
269
104
276
115
252
178
195
107
215
286
291
287
55
303
266
46
36
45
42
0
241
98
262
264
121
268
65
63
58
59
292
255
174
91
80
89
250
91
270
68
265
48
238
175
103
279
100
108
81
271
263
269
281
48
87
118
242
104
181
250
97
107
113
46
75
65
217
218
70
292
148
340
291
75
148
51
94
90
100
353
242
195
10
263
4
261
11
175
6
248
10
243
228
251
203
293
7
6
294
285
244
258
5
253
4
215
266
257
196
201
263
237
5
180
0
187
188
2
100
40
108
109
21
107
33
30
46
18
101
117
100
19
100
30
112
33
124
36
121
40
119
95
96
95
121
37
32
109
107
106
114
40
114
43
107
115
123
130
130
121
136
42
65
0
59
61
44
94
85
38
94
10
83
13
11
47
14
94
105
90
9
67
13
98
41
112
51
107
13
100
74
97
98
94
9
10
96
100
96
91
51
84
46
89
73
94
97
96
94
91
13
40
44
74
84
0
9
102
16
11
28
68
4
58
74
3
13
119
64
5
128
6
9
82
131
4
12
8
13
13
100
97
96
58
5
7
117
111
15
6
118
25
92
123
11
11
121
111
112
6
7
5
3
8
0
117
53
82
121
31
121
43
22
37
44
89
90
113
41
84
41
102
45
114
53
120
49
126
90
83
75
124
45
47
121
127
113
121
42
106
32
125
100
118
123
121
82
133
45
83
43
65
66
0
185
110
186
202
41
196
35
183
42
46
185
193
181
177
143
46
191
38
193
48
206
190
203
216
151
217
231
198
214
242
245
212
211
203
235
62
194
225
242
175
213
211
242
37
220
0
215
128
0
159
123
107
132
49
173
26
42
50
46
170
114
160
33
125
45
155
55
125
58
179
62
123
172
100
115
178
66
46
173
171
118
124
65
160
45
119
108
166
169
113
179
122
52
83
0
94
110
38
110
73
112
133
29
67
19
43
45
42
108
141
84
44
132
35
134
25
141
46
142
44
131
91
121
142
146
35
40
155
142
144
153
52
129
41
151
121
112
164
165
156
155
50
78
0
89
86
0
147
81
59
93
30
92
23
85
83
36
101
90
69
75
89
22
137
78
87
15
140
23
157
145
141
158
147
77
70
101
143
64
93
87
134
79
122
112
84
59
113
86
109
21
58
30
47
54
23
111
50
23
112
72
34
39
40
55
74
51
85
36
54
41
43
40
51
81
41
78
41
51
45
78
47
40
19
28
61
70
78
79
63
40
9
102
81
31
92
86
42
86
24
17
22
24
12
13
86
39
70
51
33
93
28
30
46
45
77
84
51
29
98
23
102
40
65
26
91
46
85
85
48
95
80
25
41
81
97
81
81
36
75
17
55
87
62
79
108
95
85
36
40
0
42
50
0
129
55
124
143
44
162
17
46
52
47
130
149
125
150
85
42
132
164
178
176
137
184
138
78
145
195
151
159
177
206
145
147
213
33
207
17
129
84
129
139
174
213
204
33
59
174
58
53
164
136
25
39
122
90
132
66
91
93
79
30
130
34
83
52
11
128
12
41
17
53
73
125
45
46
48
56
14
27
48
48
45
102
13
45
81
39
41
68
98
50
133
117
78
36
10
29
42
0
