466
185
472
477
276
461
177
292
294
290
475
422
199
280
436
212
424
275
430
262
429
267
399
243
424
405
409
267
222
390
407
420
417
275
403
185
256
430
429
416
420
429
433
259
203
215
216
217
213
279
62
295
295
73
295
241
32
168
239
297
272
78
216
278
180
294
63
281
39
90
230
258
96
103
278
51
241
165
261
84
279
100
192
170
134
79
181
259
245
253
56
263
208
40
28
27
33
0
275
118
300
294
124
313
91
93
95
93
302
275
189
103
78
91
280
106
302
117
303
83
271
176
119
304
110
125
104
304
316
308
305
75
102
119
269
117
224
286
120
123
117
56
69
65
217
207
61
264
157
365
274
86
166
82
144
137
138
388
231
198
5
223
3
255
7
174
3
232
8
237
226
243
206
278
4
10
286
264
228
266
9
238
3
226
263
247
202
251
279
236
2
191
0
166
191
1
116
31
103
113
58
106
26
20
33
36
113
119
71
24
76
37
106
45
118
35
113
35
122
57
60
71
119
32
65
121
120
119
119
46
75
32
87
69
112
111
113
108
108
30
37
0
38
39
31
127
136
61
143
20
109
18
18
44
20
144
143
123
9
84
5
131
44
146
50
146
13
145
86
123
126
143
20
14
139
134
145
152
44
147
45
120
92
127
160
154
127
161
26
66
42
116
105
0
7
109
13
10
19
85
10
76
86
5
14
120
41
10
114
6
8
37
111
8
11
10
6
8
106
89
97
36
11
6
103
111
12
10
90
16
76
97
14
13
90
97
92
8
10
9
5
8
0
99
43
58
102
24
100
35
28
40
36
58
72
84
20
68
26
68
34
98
31
89
31
86
63
60
63
92
38
31
85
85
81
81
37
59
15
83
66
90
87
90
59
85
28
63
36
55
50
0
133
74
131
129
45
135
31
184
46
42
176
154
132
139
100
44
124
41
126
47
133
192
127
200
96
201
216
182
209
220
215
135
140
199
220
39
125
200
223
126
143
143
219
29
198
0
202
91
0
111
69
38
111
57
112
26
50
53
52
115
75
96
24
83
50
104
55
73
57
106
68
71
125
83
68
115
52
55
121
119
71
73
51
94
53
105
79
125
116
85
126
76
57
49
0
45
70
47
130
55
153
157
13
101
7
34
24
36
150
150
103
26
150
29
153
20
161
32
156
28
145
118
132
151
154
34
23
148
153
150
153
19
154
30
147
140
131
150
160
146
159
32
113
0
106
109
0
160
74
86
117
9
100
9
66
58
9
122
113
101
65
106
5
168
73
108
2
167
5
179
167
171
179
168
59
59
114
166
110
121
57
163
44
149
147
110
108
149
112
151
10
95
28
93
95
21
48
44
23
48
25
26
39
35
14
23
46
47
32
19
50
33
45
17
40
39
40
36
53
50
50
50
53
16
36
38
40
47
35
29
44
15
45
38
34
42
42
35
44
29
11
17
27
15
15
76
16
72
64
17
80
18
12
22
20
74
86
61
19
91
16
89
23
81
13
89
28
94
74
61
93
96
25
29
95
98
91
90
40
78
20
68
99
79
82
101
94
77
38
49
0
47
47
0
120
52
126
122
41
191
15
34
34
40
134
118
138
163
94
56
137
185
213
204
133
204
151
87
150
200
138
179
186
210
139
149
220
56
215
31
147
109
161
152
200
211
219
52
64
189
66
58
174
147
33
51
159
122
158
86
121
116
116
33
160
39
117
40
13
152
6
39
11
40
85
150
36
36
47
41
14
27
44
45
44
130
10
46
129
28
39
70
128
48
149
148
101
38
7
33
36
0
