221
118
224
227
141
230
87
153
153
151
214
222
141
150
217
124
222
147
217
147
212
146
199
135
201
190
195
143
119
191
191
198
200
124
189
115
130
204
188
185
191
197
200
135
141
121
142
151
128
100
14
92
94
23
94
73
16
71
77
97
99
29
77
95
59
96
19
99
19
22
72
89
20
31
87
21
70
56
94
26
94
25
68
52
51
23
64
91
94
88
20
87
68
21
21
21
17
0
117
65
140
124
58
145
41
51
40
43
147
141
84
56
42
50
146
47
155
60
147
47
142
84
53
152
58
55
53
157
148
141
146
50
45
52
134
54
122
155
53
53
52
40
44
41
93
106
41
96
32
192
100
65
78
66
117
116
117
195
73
50
0
72
0
83
2
68
2
69
4
71
75
74
60
80
0
4
85
88
74
73
9
74
0
73
96
79
57
68
98
67
0
59
0
52
54
0
43
27
47
41
11
44
14
15
20
9
46
53
49
4
39
9
51
8
49
19
51
19
53
31
50
52
54
14
10
51
58
55
62
10
44
12
41
36
51
49
49
48
52
14
24
0
26
26
20
69
88
30
91
18
60
16
18
22
19
90
76
63
5
51
10
65
27
72
23
73
15
71
43
65
46
64
9
7
65
63
63
64
24
75
24
66
38
63
74
70
65
73
13
41
23
56
55
0
2
30
2
2
3
18
0
16
18
0
1
46
14
1
49
2
1
32
56
1
2
1
1
1
43
30
35
21
2
1
43
43
2
0
49
7
38
51
2
2
41
54
50
1
1
2
0
1
0
82
39
60
91
25
89
31
16
30
24
51
59
77
22
51
23
52
33
76
34
82
36
75
58
53
53
68
30
28
84
74
84
72
26
57
11
75
51
85
74
76
51
73
26
54
23
45
51
0
69
33
67
68
39
79
35
120
32
34
135
110
67
66
43
32
67
33
70
31
62
113
64
141
40
131
158
98
126
158
159
72
72
102
156
30
55
115
149
60
74
73
148
26
148
0
144
39
0
74
54
40
71
33
70
16
31
27
29
81
56
78
17
76
27
88
34
52
37
91
39
54
80
42
52
79
33
32
87
80
49
46
32
71
30
72
46
75
78
52
81
53
33
39
0
34
49
24
74
24
87
98
16
66
21
40
35
30
88
83
54
27
87
31
92
18
95
27
96
26
88
66
83
92
91
26
36
90
97
92
96
29
84
30
79
77
78
96
87
94
95
30
56
0
51
48
0
121
64
92
125
20
98
14
17
16
25
129
120
96
13
120
26
123
15
119
19
117
28
120
110
118
119
109
14
10
116
118
104
120
11
113
10
105
114
127
99
110
119
108
23
99
5
82
84
1
44
37
19
39
20
25
21
20
14
17
30
41
20
16
34
20
34
17
32
22
32
19
38
37
44
39
38
14
21
43
54
50
49
34
33
12
47
50
35
54
57
34
57
19
19
18
23
16
9
46
13
42
34
19
54
17
12
22
20
46
49
39
15
54
14
51
18
37
9
46
20
54
38
36
53
52
13
24
60
64
54
56
38
51
16
37
70
60
41
77
72
45
38
27
0
30
35
0
84
30
101
85
31
133
19
34
35
31
96
82
103
107
57
42
104
115
144
115
103
132
97
59
93
151
102
123
121
147
99
102
148
43
148
17
109
79
106
111
136
145
147
35
51
114
52
49
124
83
21
36
90
51
92
39
53
48
49
31
88
43
60
41
7
81
4
40
4
40
41
104
44
41
38
41
6
14
39
41
40
97
6
37
71
39
47
55
102
43
110
110
68
37
8
36
32
0
