461
244
454
456
369
462
251
398
395
391
456
451
296
394
445
342
465
379
440
387
446
389
433
294
449
435
450
364
314
447
436
455
432
371
452
317
332
444
466
465
460
468
452
371
323
353
312
313
338
239
68
257
255
64
262
200
50
142
204
261
281
128
217
294
181
284
63
302
67
84
219
295
95
113
296
72
235
181
313
88
319
93
218
165
174
94
229
298
302
298
76
302
220
70
66
79
82
0
379
180
414
415
184
406
124
120
118
125
421
442
304
172
151
159
449
173
461
148
448
129
431
262
185
459
187
184
183
458
454
473
494
164
177
176
360
192
229
421
195
205
200
138
147
147
314
311
146
328
140
483
335
146
196
125
240
245
230
504
263
187
5
268
3
336
13
199
12
271
29
261
232
258
205
301
4
8
305
303
232
284
6
255
3
225
274
247
216
224
294
246
3
178
0
171
189
3
140
88
162
155
16
153
67
44
85
15
161
148
183
14
131
14
171
17
162
69
165
75
171
128
168
190
168
79
29
170
158
174
168
16
183
75
162
129
163
169
153
161
160
76
109
0
110
105
82
189
119
83
155
7
168
7
8
80
11
165
165
189
9
122
11
165
88
170
87
185
9
160
129
211
198
163
13
11
164
210
165
159
87
170
78
200
117
199
175
178
200
162
12
100
94
181
176
0
2
90
3
2
11
79
1
80
73
1
2
129
55
1
137
3
1
78
129
1
4
1
4
2
106
86
97
37
2
0
105
114
3
1
123
17
78
122
3
3
118
125
115
2
2
1
2
1
0
117
46
93
123
29
129
35
30
38
36
88
91
109
22
88
25
106
34
120
33
130
35
120
96
86
86
138
36
33
132
129
125
133
38
88
28
133
107
128
146
135
81
129
44
87
32
79
81
0
185
102
182
204
56
204
43
307
53
52
321
279
192
216
127
56
191
50
194
62
207
285
174
335
144
319
373
271
306
369
350
179
185
300
346
43
167
313
359
146
179
185
366
31
331
0
337
135
0
226
158
125
198
70
231
73
56
83
87
229
149
219
57
171
68
216
77
169
81
225
77
174
233
159
144
242
103
98
247
234
165
172
91
218
92
183
168
235
245
171
256
181
88
118
0
128
171
96
163
104
192
238
46
124
41
27
70
30
185
238
125
74
249
35
251
42
222
67
224
68
230
153
207
226
222
58
33
216
225
237
233
68
188
26
229
174
176
248
256
254
253
30
131
0
128
130
0
241
168
114
209
51
177
29
76
68
47
200
207
159
79
197
53
240
81
208
28
234
56
258
224
262
265
263
81
69
215
260
163
223
79
246
62
216
226
219
167
229
228
224
41
186
20
174
176
15
126
71
32
106
83
42
77
75
65
90
84
96
46
75
82
62
79
61
96
72
108
70
78
63
110
74
78
36
62
86
110
106
110
89
73
25
109
86
48
106
106
57
115
60
22
39
48
24
34
147
61
131
99
65
163
67
43
64
67
139
140
72
59
145
60
151
66
130
37
134
65
130
122
79
150
133
51
59
137
133
135
137
62
138
24
117
129
98
141
142
133
143
63
67
0
63
64
0
193
89
219
212
55
269
18
60
56
59
208
213
199
241
143
69
209
271
299
297
210
290
217
131
215
317
200
266
296
319
205
205
335
63
321
43
227
177
230
246
298
340
342
65
115
285
108
107
285
177
25
43
180
140
183
117
125
146
150
28
209
43
151
44
12
212
6
51
11
44
142
196
49
37
49
43
12
48
46
52
45
153
13
55
157
40
45
61
159
53
191
191
140
27
10
31
33
0
