193
83
198
198
116
199
71
119
116
115
204
196
101
111
196
91
194
105
199
119
193
116
190
92
205
194
202
109
91
209
185
201
189
102
176
84
90
161
177
178
174
173
164
102
87
88
82
86
87
102
35
108
117
22
112
84
16
63
80
117
118
35
92
122
88
124
22
123
19
29
90
121
31
42
123
22
92
82
123
31
118
33
109
81
89
36
99
130
132
128
31
137
111
20
15
22
17
0
122
50
141
123
59
134
54
58
51
46
139
123
79
52
42
49
125
49
133
41
133
42
105
75
56
119
48
53
40
127
113
123
118
26
42
43
107
50
84
119
49
55
53
20
39
37
90
90
36
104
53
142
118
31
66
23
46
55
54
144
102
73
1
104
0
108
3
82
3
108
3
89
88
101
86
111
0
2
114
116
96
97
2
101
0
96
109
99
89
72
104
98
0
82
0
77
84
0
59
27
60
63
13
64
14
16
22
13
65
60
48
11
58
13
67
17
57
18
67
23
83
44
48
42
80
20
23
79
84
80
74
15
56
21
63
51
69
61
69
64
65
22
31
0
27
32
16
59
61
31
74
7
55
8
10
22
8
81
72
64
8
55
8
70
13
72
21
71
10
60
53
64
57
58
5
7
63
69
64
60
21
66
18
63
50
60
64
71
59
68
6
46
21
53
58
0
4
51
3
3
9
38
2
39
43
2
4
63
32
2
68
2
1
49
61
2
3
5
3
1
57
55
50
21
2
2
59
60
2
3
56
17
48
57
3
1
53
48
49
2
2
1
1
3
0
60
19
44
64
13
60
16
12
16
17
39
44
53
6
41
12
46
13
51
11
59
11
53
44
38
32
52
12
11
59
51
53
52
14
46
9
59
48
57
54
50
42
54
11
41
16
34
34
0
92
46
92
93
6
92
9
71
11
10
110
104
94
52
72
17
102
17
112
15
109
72
94
118
83
125
125
69
79
134
125
95
101
73
127
15
102
121
129
73
102
99
132
6
121
0
113
77
0
69
48
33
69
18
63
16
11
26
23
69
60
79
25
59
26
70
29
51
28
77
23
59
81
50
50
79
42
35
83
92
55
62
30
68
25
60
55
75
79
58
75
59
21
39
0
41
48
20
76
48
84
86
17
62
25
21
37
17
77
94
64
33
94
20
96
28
97
36
98
37
78
69
80
101
95
30
17
95
97
88
106
43
83
20
94
82
92
113
109
116
120
21
63
0
58
57
0
59
70
28
72
37
48
40
22
22
34
71
67
36
26
69
32
65
25
61
30
64
20
67
64
65
69
58
12
16
68
60
41
59
20
56
14
47
52
70
33
57
66
51
33
38
6
38
33
2
43
18
10
38
34
13
18
17
28
36
20
40
16
35
21
13
24
28
45
15
42
15
24
14
44
24
22
8
9
32
36
45
36
33
22
5
46
40
12
47
51
20
54
11
7
9
17
12
8
37
11
28
20
23
42
12
14
20
25
27
54
25
13
41
13
46
26
33
17
46
26
42
30
23
47
45
11
17
42
43
42
47
24
36
7
28
44
35
40
46
50
41
19
18
0
18
22
0
51
17
49
51
17
72
9
17
17
21
54
51
71
64
33
30
64
71
80
66
70
71
66
32
72
81
74
65
70
80
70
65
78
33
84
18
77
58
75
69
76
86
97
27
29
67
25
26
68
75
12
21
69
57
71
51
56
53
57
12
70
16
52
24
14
85
5
24
15
21
47
74
19
19
21
20
14
15
21
19
24
64
13
28
54
22
29
30
66
28
64
61
51
18
12
17
17
0
