215
118
212
222
147
209
85
162
156
160
209
202
140
161
215
126
210
158
216
150
202
154
209
135
194
212
195
155
132
198
201
196
207
150
169
124
114
197
196
181
193
194
201
147
122
138
129
136
128
113
26
104
114
23
112
79
22
59
78
111
114
39
76
110
60
110
27
122
23
24
70
129
37
52
130
26
100
79
130
35
130
39
106
78
93
34
114
131
139
141
26
145
105
25
23
29
24
0
148
58
154
150
63
168
49
53
51
52
165
133
107
55
42
48
146
55
166
42
151
44
138
108
59
147
58
69
49
165
155
146
146
36
62
69
118
62
116
148
68
65
72
33
47
53
111
105
52
114
29
163
114
58
65
39
88
94
97
169
84
51
0
76
0
98
6
65
6
92
8
84
75
90
64
98
0
6
97
108
76
83
3
72
0
71
92
86
76
66
81
80
0
54
0
53
59
0
51
33
42
52
3
46
32
27
27
4
43
51
57
8
43
6
54
10
48
31
54
29
56
39
53
50
64
26
16
64
65
65
65
15
56
27
61
49
74
74
74
67
71
30
31
0
30
35
31
68
68
28
70
14
64
7
13
27
14
64
78
82
7
45
3
70
30
79
43
80
10
78
33
73
65
72
13
8
76
73
72
74
39
71
31
68
40
66
69
73
69
66
12
38
35
63
66
0
3
16
5
4
7
9
1
8
15
0
4
33
9
2
28
2
3
22
31
0
4
3
3
1
37
23
36
14
1
3
40
39
3
2
34
12
25
37
2
1
35
29
36
2
2
1
1
2
0
56
28
52
68
15
67
14
9
12
12
54
46
62
10
47
16
51
16
68
19
63
16
68
57
49
45
65
23
21
74
71
69
73
17
57
10
63
55
61
65
63
51
69
19
51
18
38
45
0
105
57
88
113
24
99
20
106
22
21
132
112
99
62
74
21
104
15
99
18
105
106
98
150
72
153
169
96
122
163
170
96
109
103
155
30
98
137
157
81
110
106
164
27
142
0
145
72
0
89
68
51
89
35
109
30
26
37
34
98
71
82
31
69
32
79
31
66
39
107
33
72
94
59
68
105
46
36
101
95
62
79
35
82
40
76
80
97
88
74
97
79
41
59
0
49
72
38
86
44
100
102
21
59
6
23
25
22
103
121
70
31
115
22
111
21
115
28
119
29
120
96
97
124
129
34
17
119
126
128
119
37
100
21
110
86
98
117
127
128
130
24
73
0
73
76
0
92
70
63
93
33
74
24
31
26
31
109
102
75
32
101
37
94
26
93
27
101
35
102
98
102
96
96
23
20
105
102
73
95
18
94
20
90
94
90
82
90
107
86
27
72
14
78
69
8
49
32
17
49
37
20
26
23
25
23
34
45
26
39
34
24
40
25
47
23
48
25
30
33
44
42
32
21
18
29
38
37
45
30
33
6
45
39
23
40
46
37
47
20
14
20
21
17
14
55
23
56
41
24
68
30
23
27
34
62
64
43
20
64
19
55
29
48
18
51
27
68
54
34
74
63
20
27
69
68
65
68
30
55
11
44
62
48
64
68
75
65
34
30
0
30
28
0
74
31
78
71
24
111
18
26
26
30
76
65
73
106
49
32
71
112
134
120
73
122
96
53
96
130
96
117
118
141
90
93
140
42
136
22
92
69
99
92
119
141
133
39
29
116
26
29
101
83
5
25
79
65
87
61
73
68
69
14
78
19
66
28
8
87
4
27
12
27
64
87
25
18
22
26
11
13
23
28
23
65
9
18
65
14
22
34
73
17
87
81
59
12
6
11
9
0
