197
112
205
213
141
215
123
151
147
155
218
235
115
144
231
129
233
157
228
148
234
144
236
135
233
231
228
145
128
230
235
221
238
146
203
113
107
203
217
213
211
215
210
144
130
131
120
132
131
161
40
157
155
26
157
131
18
89
132
160
129
53
115
144
86
148
32
141
26
40
118
150
47
71
160
30
129
100
155
40
158
48
111
91
104
42
109
152
144
138
36
150
105
26
19
23
25
0
137
68
145
159
65
156
62
45
50
54
157
130
82
52
40
48
138
51
141
40
140
34
136
84
57
143
63
64
26
149
145
130
139
29
49
64
121
62
92
133
52
56
61
27
42
41
106
98
37
165
85
227
176
41
112
50
85
83
82
240
137
113
4
147
3
157
3
107
1
153
4
132
126
143
109
147
2
5
146
144
130
124
6
138
2
119
142
137
102
110
145
133
1
96
0
87
88
2
54
25
56
56
19
62
24
18
23
12
52
64
51
12
42
12
64
20
63
20
62
22
54
30
51
48
56
23
19
61
67
60
61
19
53
20
50
44
62
63
52
58
50
24
28
0
25
24
23
73
69
33
66
12
65
8
11
23
14
76
58
66
7
49
6
53
29
62
33
60
12
54
45
77
75
62
5
6
70
77
66
66
34
64
33
78
53
73
75
74
79
76
9
46
31
69
68
0
3
41
4
3
11
27
1
22
31
1
4
49
21
3
57
2
3
24
55
0
4
3
2
2
47
36
45
18
3
3
56
57
2
1
56
10
33
56
1
2
50
57
50
1
3
2
1
3
0
68
26
46
66
10
66
18
14
16
20
45
53
55
6
49
7
47
6
59
7
54
8
57
48
45
44
62
15
14
63
57
58
61
13
49
10
69
49
60
62
62
45
66
19
43
13
45
45
0
88
52
81
88
20
85
20
104
17
17
122
116
97
84
71
31
96
20
97
26
100
128
98
137
59
133
139
120
133
146
142
96
92
120
131
22
83
121
131
71
90
94
132
20
118
0
113
56
0
82
60
46
81
31
83
24
22
33
25
77
56
76
19
66
27
75
24
65
27
85
29
69
82
50
57
82
35
34
87
80
63
71
39
78
35
79
66
90
87
68
96
65
28
48
0
47
68
38
67
34
74
90
21
58
18
16
38
16
71
90
64
36
92
19
92
22
89
32
101
37
90
73
73
94
87
35
16
94
89
96
94
35
77
12
82
70
86
93
99
92
107
12
48
0
50
50
0
97
63
56
79
15
61
14
39
39
17
80
73
73
34
78
12
108
38
78
8
104
15
111
107
120
115
122
45
37
84
107
58
67
41
104
40
96
85
79
59
90
82
77
16
63
11
61
57
9
52
30
20
50
28
24
23
20
25
29
40
46
31
25
38
25
37
18
45
18
51
22
35
35
36
32
30
11
22
33
43
35
41
21
31
6
40
36
25
39
42
26
45
11
13
16
21
15
14
33
15
44
24
14
32
19
12
16
15
47
48
30
16
38
15
44
21
35
12
44
18
41
43
36
43
41
16
23
45
42
50
52
22
47
18
43
60
47
46
54
59
45
31
26
0
19
22
0
82
39
77
81
26
109
6
25
23
21
93
62
82
104
69
32
91
110
128
123
95
119
77
64
90
139
86
113
107
134
92
89
133
27
145
15
84
65
89
95
123
143
144
26
49
109
44
48
109
68
14
15
62
56
76
44
60
46
51
13
70
21
52
17
7
64
4
14
4
20
49
55
16
12
19
16
7
14
19
15
16
45
2
17
33
16
13
27
41
15
53
53
26
13
4
13
13
0
