408
175
412
440
254
431
186
272
272
264
432
419
216
265
415
210
421
267
426
263
419
257
400
196
404
404
384
249
202
405
393
392
407
253
391
188
198
390
385
402
378
386
398
251
192
217
187
189
215
266
51
260
265
67
277
201
48
146
195
281
194
62
135
204
119
213
63
200
45
64
142
205
81
61
204
52
152
110
216
69
204
79
194
157
146
89
199
268
274
286
59
281
200
48
42
50
54
0
259
128
285
270
112
286
81
83
73
71
278
290
184
111
81
90
302
101
311
111
322
89
277
178
93
305
103
107
121
314
294
317
313
67
72
98
253
99
206
274
93
101
96
71
70
52
210
212
66
243
129
326
241
55
144
65
115
108
110
333
203
167
2
214
1
256
15
175
19
213
34
243
196
236
170
256
2
27
268
247
203
231
38
203
0
173
276
215
178
235
286
224
0
135
0
117
141
0
97
38
98
110
50
106
42
28
52
44
98
107
66
16
81
37
103
44
87
42
98
46
104
45
78
69
107
49
50
108
109
109
104
72
71
43
78
99
137
129
128
129
128
52
22
0
23
25
47
109
144
56
148
29
115
24
28
50
28
161
175
122
26
108
30
155
46
169
55
162
52
159
85
120
112
165
33
27
155
122
156
156
49
146
51
111
86
120
150
147
128
161
38
56
50
102
92
0
6
115
9
8
18
93
4
83
98
2
11
147
41
4
153
7
4
58
145
6
5
5
6
5
121
102
103
27
4
5
129
138
6
3
138
18
89
144
9
6
149
147
150
5
3
5
3
2
0
233
101
158
247
76
236
94
52
95
97
145
166
217
58
158
59
162
90
232
95
233
94
217
162
156
142
224
93
90
223
223
223
222
104
174
41
247
186
257
240
257
147
242
106
153
99
124
133
0
225
95
214
216
90
220
83
188
92
95
198
197
184
152
123
82
193
68
187
82
199
176
200
212
127
219
234
188
200
238
247
208
214
211
229
86
175
225
230
184
216
227
249
84
222
0
231
115
0
174
92
82
172
114
187
33
105
55
109
189
86
172
47
164
116
187
130
85
124
202
116
92
177
104
87
190
102
97
181
189
84
91
101
117
55
150
94
187
186
99
190
107
100
73
0
61
90
44
144
35
145
134
12
101
57
100
71
105
158
104
49
50
111
102
124
51
116
52
111
66
85
58
144
96
93
42
86
88
95
97
100
36
141
87
74
140
83
89
89
95
85
89
48
0
41
40
0
161
76
81
105
19
99
18
79
67
20
109
111
79
75
97
23
158
80
103
10
154
20
157
147
162
168
168
65
69
102
151
88
108
66
151
41
130
133
108
86
142
123
122
25
85
19
80
82
17
83
65
34
71
32
43
54
48
30
31
79
77
39
29
76
42
78
22
87
46
71
49
77
75
74
66
71
8
34
55
69
70
57
23
64
12
59
56
62
70
65
54
68
34
40
24
50
42
27
124
24
134
104
13
137
36
5
13
7
139
122
91
34
120
32
120
13
132
3
119
13
121
140
117
131
136
32
13
124
132
134
124
16
143
6
122
125
108
136
130
126
150
18
118
0
109
107
0
144
61
149
144
19
217
10
17
17
17
151
137
155
158
124
25
149
181
249
199
151
188
157
117
141
236
152
173
176
245
159
158
261
34
256
14
175
131
172
166
248
253
258
30
117
181
118
122
179
123
39
105
134
49
135
31
51
40
48
69
137
101
56
106
21
131
15
91
18
112
33
126
107
103
103
115
25
24
110
107
103
105
20
117
54
102
120
121
115
126
138
143
31
89
20
83
84
0
