471
227
490
473
312
469
182
324
322
316
490
455
245
294
440
233
446
288
431
304
435
269
426
245
446
442
443
280
238
435
439
442
442
296
454
244
262
451
465
465
467
442
468
293
247
227
233
238
244
291
52
288
311
90
301
236
47
183
234
308
278
110
224
294
180
285
79
282
67
96
220
306
109
126
307
66
266
210
321
95
322
112
236
202
199
105
238
318
306
315
73
308
235
47
37
50
47
0
286
132
312
324
154
305
106
101
101
102
319
309
189
138
111
124
309
135
319
113
340
89
301
211
135
335
144
147
92
324
327
333
335
70
132
139
268
128
222
300
131
125
139
49
99
104
242
233
98
275
169
355
297
91
150
64
130
141
130
381
256
215
10
245
7
250
14
208
8
256
15
269
239
271
209
279
11
16
303
288
245
276
21
256
6
238
305
252
251
279
323
250
3
186
0
165
189
4
125
51
143
151
42
140
38
20
42
31
140
121
109
30
99
33
131
43
139
39
128
42
132
102
100
121
147
44
45
141
143
132
143
44
121
44
115
111
137
149
139
141
151
43
84
0
80
83
43
124
136
64
143
14
109
12
15
63
13
152
134
135
11
98
11
135
57
140
60
139
15
149
102
132
126
137
11
12
141
139
159
150
61
147
54
142
98
143
150
148
141
145
20
74
61
118
121
0
11
125
17
16
27
103
12
99
104
14
17
156
85
14
162
14
17
91
164
13
13
14
18
13
138
122
151
77
11
13
155
158
17
12
158
48
119
169
18
14
160
173
165
16
14
7
9
14
0
152
54
105
162
47
159
47
34
51
49
96
105
171
49
95
40
124
59
161
56
152
58
163
115
91
120
167
52
69
164
157
161
170
68
124
35
156
134
167
173
171
103
167
70
93
55
94
86
0
185
105
181
195
55
195
60
199
61
58
219
212
205
174
162
72
206
55
223
78
225
204
205
256
151
237
244
200
221
250
266
208
202
215
243
62
196
243
254
174
209
215
250
57
241
0
230
115
0
196
135
101
172
69
188
47
67
61
81
195
141
196
54
152
72
196
70
126
73
197
74
149
192
130
121
203
69
62
215
188
154
149
72
174
66
158
129
213
203
121
214
130
59
100
0
107
129
64
125
75
141
160
32
86
36
47
63
49
152
163
93
43
170
47
180
35
175
46
166
56
148
96
129
139
166
40
43
146
162
147
162
44
148
55
149
141
122
165
168
155
159
44
89
0
95
104
0
156
100
71
111
34
106
30
76
66
33
112
113
86
85
101
38
145
85
103
20
149
33
162
150
170
164
155
75
73
114
150
68
122
74
144
62
147
135
114
90
140
115
128
34
78
24
81
72
20
97
57
27
105
72
37
52
55
55
79
70
87
46
63
61
48
65
59
86
57
83
57
68
55
97
63
69
34
51
70
79
79
79
63
59
15
85
65
46
89
87
46
85
34
22
31
35
18
26
123
48
97
73
33
137
40
30
42
35
102
109
60
32
135
27
117
35
95
20
120
43
128
88
69
127
141
30
54
130
135
132
144
52
94
21
78
121
95
98
123
135
100
53
62
0
59
62
0
172
86
166
157
42
219
18
43
39
40
162
173
167
162
111
47
165
196
236
206
161
196
170
94
182
249
175
189
198
238
185
191
270
66
254
25
174
100
179
165
225
254
243
60
89
200
92
92
186
115
30
61
123
87
130
78
80
80
92
42
141
52
98
55
11
148
10
50
21
55
75
142
52
44
62
60
14
33
59
56
52
112
13
51
108
51
56
82
130
50
148
154
90
34
15
39
40
0
