190
76
188
178
91
184
71
103
100
104
177
153
91
101
156
80
141
102
158
93
156
98
160
86
152
167
162
95
88
152
168
166
157
100
188
86
91
200
197
198
196
203
194
105
95
97
96
90
88
172
34
167
172
36
158
134
24
109
141
173
159
34
129
155
107
167
36
151
22
42
130
148
41
52
144
28
117
87
151
39
148
38
101
64
87
43
105
137
124
132
40
139
109
32
27
27
32
0
114
44
105
119
45
112
39
39
34
31
107
91
63
32
29
39
92
42
91
22
96
18
102
74
44
105
42
46
31
103
112
105
106
20
34
41
94
41
77
100
41
37
40
24
31
30
82
79
31
146
65
169
155
21
91
9
26
37
29
174
137
119
1
142
0
142
0
120
1
143
0
105
136
135
125
149
1
3
142
148
149
141
5
152
0
139
156
142
132
126
152
147
0
124
0
111
124
0
41
28
50
46
14
49
21
9
26
8
45
41
48
8
34
10
46
14
47
25
44
22
42
25
41
41
42
26
17
51
44
46
43
13
47
22
37
36
42
40
45
43
42
20
24
0
24
26
17
42
33
26
50
4
39
3
4
17
6
42
41
41
4
35
6
39
16
41
15
47
7
47
32
43
46
50
11
10
47
49
48
55
17
48
14
42
38
46
54
46
43
52
10
27
18
42
41
0
3
32
4
3
10
30
5
28
33
3
3
38
25
1
36
1
4
21
40
2
4
4
4
2
39
30
31
20
4
4
38
39
3
3
36
7
33
40
4
5
37
38
45
3
2
2
0
1
0
57
31
50
56
11
56
13
5
12
10
49
49
59
8
57
8
50
12
62
11
68
13
61
53
46
46
67
13
13
64
67
66
66
6
49
5
60
55
53
60
53
45
65
11
45
11
46
48
0
93
58
90
115
31
102
23
54
32
32
91
93
107
51
59
44
104
31
104
37
104
64
114
94
66
90
100
61
67
106
106
110
107
59
97
50
98
95
108
101
120
118
103
45
84
0
92
72
0
107
62
43
101
66
105
10
65
23
65
115
49
88
9
73
34
89
36
65
37
95
41
63
91
65
57
94
34
35
92
95
73
67
35
60
22
76
62
95
91
64
87
72
37
50
0
47
57
18
61
23
64
96
22
60
18
9
38
10
71
91
61
24
89
10
89
20
86
31
83
24
84
76
77
94
84
27
10
79
91
97
89
29
65
11
90
68
84
116
119
112
120
10
60
0
58
59
0
55
41
23
47
30
30
22
24
26
24
48
50
29
29
40
25
52
33
50
21
49
26
51
48
51
43
37
19
18
28
39
25
35
22
30
19
31
34
42
22
29
35
24
17
15
5
18
16
7
41
14
11
41
38
8
10
10
31
38
15
51
26
45
16
10
15
40
62
10
51
11
14
11
48
15
13
20
11
46
46
46
37
34
10
14
45
35
12
33
44
19
38
9
9
9
19
10
8
65
15
61
41
19
66
13
12
20
18
65
67
48
16
66
17
63
21
67
15
68
21
68
60
55
76
76
14
24
70
70
72
78
24
76
15
72
72
62
68
83
80
68
23
43
0
39
43
0
65
17
68
70
18
93
12
22
22
20
73
57
72
59
53
25
75
56
83
76
71
66
80
57
77
94
75
69
74
88
80
81
88
36
88
24
80
71
81
86
76
98
102
31
39
65
39
35
64
70
6
11
67
61
68
54
57
58
60
4
65
21
58
7
3
67
2
9
1
10
52
88
14
9
9
13
2
11
10
12
14
72
4
13
67
11
14
26
69
13
82
80
66
12
2
5
7
0
