568
292
581
599
398
585
267
420
421
428
591
577
355
420
562
339
575
393
569
406
579
392
580
342
565
564
572
389
328
578
562
573
567
383
586
334
371
607
589
636
609
610
619
380
365
368
349
356
370
402
105
397
402
92
409
301
79
217
303
408
446
193
365
454
290
472
117
452
92
160
357
374
135
169
393
102
275
240
392
124
379
124
267
259
216
123
291
401
388
380
114
385
286
96
76
91
92
0
447
189
486
456
205
481
172
158
148
169
490
441
293
175
154
174
461
172
489
174
493
144
456
285
189
476
179
199
182
451
465
467
483
117
184
197
392
187
268
426
184
189
186
82
153
144
334
344
142
394
196
515
405
139
242
133
219
238
222
545
339
271
5
345
3
421
13
283
23
368
34
356
328
351
309
420
5
24
399
403
337
383
23
358
3
322
387
335
301
331
403
336
3
232
0
213
242
3
230
97
243
236
64
252
68
60
91
49
242
222
214
46
176
47
229
63
245
81
238
97
239
156
191
198
226
96
69
225
232
230
224
60
203
90
213
164
223
230
238
239
234
86
106
0
99
103
83
213
234
114
263
27
214
18
33
88
26
260
256
227
23
182
19
232
98
264
98
266
37
234
156
236
218
250
33
23
241
256
250
256
113
260
105
240
173
224
248
251
252
247
26
113
102
188
196
0
9
138
9
9
30
125
6
112
122
6
14
209
74
6
222
6
10
139
218
8
11
9
9
11
158
147
157
44
7
10
163
177
13
5
153
24
118
162
12
11
162
159
154
7
9
7
2
10
0
172
73
133
173
35
170
31
14
34
35
114
130
162
25
121
32
125
38
175
38
167
34
178
126
115
112
159
35
47
164
170
186
184
51
139
25
167
143
173
196
185
104
186
51
104
28
99
93
0
277
136
268
272
61
298
53
287
67
69
322
325
272
257
205
73
294
56
281
63
301
298
290
372
206
359
410
293
326
382
380
317
305
296
386
88
268
350
387
234
311
304
404
62
364
0
335
198
0
270
161
117
241
100
249
81
89
96
111
264
169
249
49
214
99
259
122
154
115
280
122
173
274
162
154
260
110
100
253
273
181
188
123
237
100
205
184
277
263
165
280
183
102
122
0
128
182
100
203
99
218
299
54
167
49
43
89
33
233
312
199
82
322
42
308
53
317
78
314
89
291
212
232
311
336
105
38
305
315
315
307
86
226
39
263
205
251
296
296
302
307
37
169
0
180
186
0
261
170
123
216
65
171
49
100
84
68
205
190
148
108
204
48
261
92
191
36
272
47
266
249
257
251
267
90
79
210
257
150
198
81
257
69
219
222
227
146
208
200
210
41
158
27
130
132
20
117
65
40
115
80
58
57
68
50
77
92
108
69
61
98
63
95
53
125
75
109
76
93
80
119
85
97
40
58
97
120
114
122
76
93
30
118
100
63
120
118
70
118
41
39
37
52
36
41
175
63
156
117
52
181
67
33
60
63
167
206
113
48
200
51
201
71
148
39
184
66
189
143
101
190
196
54
97
198
199
218
209
97
173
28
139
208
146
175
214
210
177
112
100
0
99
111
0
240
111
261
247
67
327
35
80
71
76
239
276
233
241
145
64
252
291
347
323
244
317
237
140
252
341
253
266
281
334
237
250
346
92
328
46
245
179
265
272
317
345
348
76
123
268
114
119
272
232
31
49
230
173
225
138
181
193
181
29
243
68
206
45
12
246
6
43
13
49
172
247
42
41
37
47
14
63
41
34
47
192
12
31
204
36
35
98
212
30
253
242
199
34
16
23
25
0
