291
194
294
300
224
295
130
229
227
230
302
296
222
229
313
206
301
221
305
228
299
220
337
191
328
347
303
224
191
326
333
293
342
219
334
184
158
342
334
334
343
323
345
221
190
203
182
210
195
157
23
165
161
25
162
129
18
111
136
169
148
50
112
137
91
149
21
155
18
26
115
140
26
47
146
22
110
93
138
32
148
33
72
73
60
34
81
104
99
108
23
111
72
20
15
24
20
0
206
95
205
192
67
188
71
66
68
67
209
233
126
67
52
54
205
60
217
82
219
71
247
117
72
228
64
80
96
230
239
251
232
76
69
69
174
72
156
220
64
69
69
66
43
49
179
158
48
155
67
311
160
72
166
128
175
183
186
298
124
101
0
129
0
166
7
98
10
124
16
136
119
136
118
155
0
18
166
166
116
156
25
127
1
100
168
127
126
159
180
127
0
84
0
78
84
0
78
35
84
83
21
82
23
18
25
20
81
84
71
11
70
19
82
24
90
24
85
25
72
62
65
64
73
24
16
72
71
78
69
18
68
24
74
67
88
87
86
91
80
27
47
0
53
47
26
77
85
48
108
13
68
10
13
29
16
98
90
87
12
68
16
90
24
92
27
86
18
96
58
73
81
90
9
9
90
80
92
100
25
110
23
89
77
97
109
110
91
114
12
50
24
73
76
0
4
38
3
3
8
21
2
23
26
2
4
75
29
2
80
2
3
60
71
2
4
3
3
2
81
57
63
37
3
2
79
80
2
3
80
20
59
71
3
4
77
76
84
2
2
2
1
3
0
93
44
74
99
47
98
30
16
27
28
72
75
102
22
68
31
70
43
105
41
113
42
94
77
64
55
96
57
44
111
108
109
103
40
72
21
108
80
113
115
108
59
111
47
65
51
65
63
0
85
36
75
81
32
80
22
184
28
27
195
118
73
99
51
23
78
20
79
27
70
202
65
212
51
212
224
169
207
217
224
74
76
198
210
22
56
178
221
61
74
66
219
17
212
0
199
49
0
88
49
48
85
40
100
18
41
34
46
86
48
93
25
80
39
93
46
50
49
102
51
48
79
55
51
87
35
36
92
86
63
62
33
73
34
69
56
87
81
59
90
58
37
43
0
40
59
34
71
22
73
54
11
38
15
47
23
40
77
60
30
20
52
50
54
17
62
25
65
19
63
42
81
68
62
21
54
55
60
64
61
31
75
44
53
70
53
63
63
68
67
51
30
0
30
28
0
193
57
141
164
13
149
10
31
31
15
158
150
155
32
156
10
189
24
150
5
187
8
193
183
201
197
188
31
35
164
194
152
158
28
193
20
197
184
170
147
178
168
171
16
149
5
150
146
10
41
29
17
38
23
18
26
31
18
18
36
34
16
14
35
20
27
16
28
28
29
31
38
35
32
38
44
9
30
31
43
43
41
27
45
5
50
44
29
45
46
32
47
21
16
18
22
12
12
63
15
54
46
30
78
18
25
35
32
57
82
50
17
73
15
80
32
60
21
78
30
74
54
40
74
71
13
20
77
79
68
74
27
56
11
47
83
51
52
72
69
56
36
39
0
43
45
0
91
42
93
95
32
174
15
30
30
30
102
72
104
172
56
33
108
196
218
216
104
211
93
57
88
226
90
193
191
210
98
105
229
22
207
12
96
65
99
91
188
210
219
20
61
191
62
60
184
76
12
55
80
32
75
18
29
34
33
31
75
37
24
54
11
72
8
41
15
56
15
83
47
40
49
51
13
10
51
42
49
59
13
50
21
50
51
58
56
45
74
63
13
35
12
35
30
0
