276
144
297
300
169
318
102
176
192
183
297
270
142
187
264
133
268
179
271
179
271
180
293
136
295
283
291
173
119
277
294
295
290
166
271
139
159
286
283
269
276
301
292
176
132
138
121
143
131
159
36
182
181
45
176
145
19
124
166
185
154
51
128
164
120
164
50
160
27
52
135
133
41
47
132
18
108
95
128
36
127
42
134
82
112
49
128
153
157
159
27
154
134
22
14
22
21
0
168
71
183
188
71
190
55
52
48
48
191
171
118
63
63
65
166
64
179
57
189
44
170
121
69
172
72
72
46
200
193
193
183
53
76
75
176
76
139
199
74
83
79
37
58
54
136
130
53
147
75
223
163
71
92
50
97
104
99
226
139
111
1
143
2
168
1
117
1
150
1
127
134
144
122
155
3
2
152
146
134
145
2
140
0
133
154
140
134
125
162
138
0
119
0
115
125
0
74
34
83
75
16
77
19
13
18
15
80
79
62
15
60
18
83
26
82
15
87
18
75
67
64
66
82
21
14
79
76
78
73
17
61
22
72
59
73
74
80
78
67
20
49
0
49
53
17
73
62
21
72
5
51
2
4
30
5
66
67
68
4
43
3
62
33
60
36
63
3
66
50
77
68
64
3
0
63
75
71
74
39
62
31
77
44
74
66
66
79
66
3
35
39
68
64
0
4
36
5
4
5
24
4
26
30
5
4
45
16
4
47
6
4
26
52
3
4
5
7
4
39
34
36
17
6
2
45
37
4
7
53
11
39
53
3
5
56
50
51
4
4
5
0
5
0
49
18
29
53
10
56
22
15
18
18
32
33
52
14
33
15
48
13
57
9
47
16
53
37
35
42
59
19
12
55
53
58
57
16
38
11
45
40
55
46
47
30
41
17
34
19
34
34
0
92
49
75
89
30
91
28
123
28
32
132
109
78
85
57
23
91
18
91
16
83
131
98
148
70
148
155
118
134
150
167
81
98
125
141
23
82
133
143
86
92
88
153
16
129
0
139
57
0
85
67
46
79
20
91
20
19
33
20
92
73
89
18
70
22
85
20
74
18
83
23
70
97
64
64
88
30
31
89
93
67
70
27
87
38
71
69
102
95
80
105
82
27
63
0
57
70
35
94
48
91
105
15
55
13
26
22
19
90
112
75
24
107
16
111
16
111
24
112
27
108
73
94
112
116
22
20
108
107
114
107
27
83
17
103
86
82
117
100
104
112
19
61
0
60
73
0
117
52
58
81
17
83
16
22
21
18
88
84
69
34
85
22
105
27
84
21
103
24
109
94
105
104
106
28
25
88
103
68
83
29
101
24
99
96
86
56
92
82
96
15
66
8
56
59
9
53
21
16
57
38
9
26
28
34
39
29
56
23
45
28
22
25
31
54
22
51
26
25
23
57
20
26
18
19
49
49
51
58
39
22
4
54
33
12
43
45
12
52
16
7
12
9
5
11
64
17
33
24
33
68
17
32
37
34
40
61
24
13
59
9
60
43
33
30
69
43
47
39
25
50
56
16
30
59
52
62
62
32
42
10
36
57
41
37
65
53
40
31
24
0
21
23
0
86
44
94
92
37
136
19
33
34
38
92
88
86
88
53
35
103
109
144
117
104
126
88
45
84
134
95
99
113
143
95
101
157
36
151
9
99
80
106
105
129
148
151
34
52
118
46
44
114
92
14
29
95
73
92
62
80
72
74
21
95
40
77
22
5
84
2
25
5
24
59
102
21
21
25
26
5
25
24
23
26
85
3
24
76
24
21
41
100
24
100
105
75
20
8
20
18
0
