185
87
186
176
127
186
63
134
132
133
192
169
99
126
169
99
178
115
178
118
176
120
161
111
164
168
170
106
103
145
165
176
159
125
146
107
109
165
176
149
179
165
166
119
85
107
100
114
106
99
20
106
112
30
109
73
14
54
73
109
109
40
85
118
63
118
33
114
22
42
82
95
38
44
112
29
79
56
106
31
100
38
81
79
55
37
62
109
111
113
24
110
77
13
16
17
20
0
111
50
108
115
57
134
40
39
43
45
109
118
54
46
42
47
106
50
131
44
119
37
103
60
47
112
53
59
39
125
108
105
110
50
51
52
99
60
105
115
54
60
51
34
36
34
81
75
37
98
45
156
104
40
73
48
74
83
80
153
78
72
2
83
0
92
2
68
2
84
4
82
84
82
73
103
0
3
101
102
86
83
4
94
0
68
95
81
74
88
96
83
2
59
0
66
64
1
41
20
39
48
10
42
18
12
17
5
36
49
35
14
39
14
51
23
50
20
55
17
43
24
37
30
42
22
16
39
45
44
40
27
34
14
49
32
57
55
58
58
59
18
16
0
17
19
13
54
68
25
65
6
47
7
10
27
10
63
72
66
7
38
3
74
27
68
28
69
12
65
40
63
61
74
12
5
69
64
70
76
31
56
30
60
40
60
62
59
63
61
9
33
25
53
57
0
1
28
0
1
7
18
0
20
21
0
2
42
21
1
46
0
1
22
46
1
3
1
5
1
43
34
41
25
0
1
41
44
1
1
53
10
36
52
2
3
59
46
50
1
2
1
2
2
0
44
25
35
46
14
53
15
13
17
17
40
33
41
12
32
19
46
23
41
17
51
16
39
36
38
39
47
20
18
50
46
48
46
18
44
14
52
44
52
51
52
36
51
13
38
14
27
32
0
59
36
57
61
27
67
27
95
30
26
105
70
61
55
37
27
61
22
61
29
62
99
55
113
40
112
114
83
96
116
118
63
63
102
113
22
49
101
122
54
64
58
109
20
116
0
112
40
0
57
39
29
53
23
52
19
21
26
20
63
37
59
18
62
26
57
32
40
34
64
34
47
65
45
41
69
27
24
62
60
46
50
20
58
33
57
45
70
47
49
65
46
17
33
0
34
35
28
63
26
71
87
15
42
6
13
22
16
64
76
54
18
76
13
77
8
81
12
82
15
66
61
58
72
75
8
11
72
73
66
74
15
64
9
77
65
72
86
89
75
81
17
50
0
53
58
0
85
36
53
69
11
61
7
19
21
7
68
66
64
29
70
10
84
24
64
4
86
10
95
92
84
92
84
29
24
77
87
63
67
22
84
20
81
74
70
62
77
71
79
15
51
9
54
53
8
28
30
12
25
10
17
26
23
6
7
34
29
17
15
39
27
35
8
30
25
29
26
37
28
29
31
27
20
23
29
31
31
30
16
34
4
31
23
25
25
28
32
29
15
8
12
16
8
8
36
6
40
30
12
35
20
10
13
13
43
39
28
16
40
12
37
14
30
11
39
13
52
37
41
52
50
17
15
52
52
61
59
22
33
13
34
49
43
38
49
48
32
20
19
0
24
18
0
68
38
68
67
18
98
5
17
19
21
68
52
77
98
56
27
78
89
111
99
74
99
80
50
80
117
75
91
93
116
77
66
128
32
108
18
73
52
76
84
111
113
100
29
36
85
43
32
92
56
7
19
64
46
59
43
51
57
53
13
72
23
46
17
7
65
3
17
5
14
45
55
16
20
20
15
5
13
18
15
21
48
7
21
45
13
16
39
52
20
68
77
50
17
5
15
19
0
