445
209
463
454
266
455
173
281
286
280
457
434
299
278
450
225
444
264
449
274
435
266
443
267
441
437
445
263
220
440
437
441
450
265
458
212
284
478
463
460
470
478
473
266
277
231
274
283
239
290
67
316
317
75
325
265
41
188
263
334
302
130
275
335
213
317
71
320
67
90
265
307
77
124
342
66
285
239
333
82
317
76
257
150
226
94
253
340
335
320
68
341
271
63
50
58
65
0
307
101
316
304
135
320
136
126
124
128
330
325
219
116
106
111
319
123
351
143
341
112
328
226
115
334
120
126
126
340
349
343
339
94
125
138
264
139
219
311
135
139
139
80
108
106
227
226
98
347
140
445
371
97
175
59
132
139
134
451
280
230
2
286
2
286
2
250
2
291
3
258
283
308
251
335
4
3
339
344
296
291
3
285
1
277
313
300
268
249
319
291
2
239
0
214
229
1
146
73
153
142
24
143
57
33
66
19
154
137
160
20
118
14
135
18
141
55
141
65
151
113
137
163
139
58
21
153
142
140
155
23
169
54
153
123
147
145
145
152
143
57
101
0
108
107
52
155
129
83
161
13
150
7
11
56
11
151
158
150
12
137
12
157
59
170
77
163
16
161
125
160
170
177
19
14
177
170
164
172
77
185
68
182
131
170
196
184
184
192
29
107
75
155
153
0
10
104
12
11
20
73
10
64
72
8
12
142
38
10
156
9
10
90
148
9
13
8
13
9
134
113
111
43
5
10
141
135
13
7
93
21
65
105
11
13
112
101
101
9
9
7
5
8
0
122
77
114
145
33
146
26
18
29
25
109
115
149
26
109
42
127
50
161
48
153
49
151
121
110
113
168
43
60
168
165
163
175
52
135
32
172
140
167
167
169
115
168
52
117
40
100
100
0
224
127
227
246
78
230
82
175
91
90
231
217
249
139
181
106
263
107
264
111
257
180
255
270
166
258
274
176
202
279
274
247
254
185
269
104
214
266
278
225
271
255
272
96
256
0
253
167
0
247
148
111
226
106
256
47
104
70
107
240
153
232
67
202
113
246
129
145
124
242
132
154
231
177
146
244
106
109
236
240
156
173
104
212
81
215
165
254
235
156
262
169
110
117
0
116
157
77
220
109
240
279
64
179
40
50
79
40
224
284
193
81
289
51
272
58
278
83
278
87
270
218
223
272
292
74
44
286
288
277
291
91
242
50
286
232
249
290
295
296
308
47
174
0
184
181
0
162
139
76
173
71
101
71
60
57
79
165
157
106
57
158
70
167
68
151
52
165
59
181
161
185
167
165
64
54
151
160
118
155
54
138
42
129
132
148
105
139
139
119
65
89
12
84
85
8
129
53
26
114
96
35
57
61
69
103
67
108
49
93
62
56
58
64
111
54
106
61
60
57
95
68
64
39
57
87
111
109
114
85
59
31
119
98
51
125
125
51
123
39
20
36
40
21
29
164
58
143
115
65
189
48
48
67
75
149
177
105
46
187
42
184
71
149
51
193
71
194
136
116
195
205
54
85
202
193
194
199
92
142
42
118
200
155
147
207
206
139
97
100
0
94
89
0
246
95
251
244
103
229
51
95
96
102
228
194
254
172
157
111
260
183
250
207
273
215
256
148
273
264
281
188
202
266
264
267
288
122
247
53
257
187
260
276
243
275
279
111
112
199
105
108
189
212
19
56
208
178
217
145
169
188
176
40
220
43
173
48
16
210
13
43
21
49
144
223
50
35
49
48
18
40
47
48
47
188
18
47
157
43
58
69
168
54
190
203
147
26
16
32
31
0
