443
278
444
449
309
447
142
319
318
325
447
447
290
314
457
296
444
320
447
312
444
313
436
303
441
437
416
262
287
392
409
419
395
297
406
252
291
394
437
400
412
422
394
311
269
269
290
281
292
172
31
172
173
27
171
151
15
135
144
175
156
40
128
164
112
156
23
163
13
32
131
125
22
36
130
21
100
82
126
23
128
26
98
72
93
26
122
145
141
142
20
139
113
14
15
17
13
0
209
85
239
204
59
244
51
46
47
47
238
226
166
58
58
53
217
61
270
74
247
60
212
170
63
217
69
71
62
260
239
218
237
78
63
75
187
64
218
252
65
71
71
72
49
46
167
176
53
170
88
386
188
68
269
208
268
274
265
403
138
118
1
141
1
185
11
118
12
152
19
145
141
154
117
171
1
10
175
180
134
158
17
138
1
124
194
146
129
150
181
144
1
112
0
105
110
1
62
24
73
74
23
73
13
6
13
17
70
54
41
8
50
13
62
17
62
14
59
19
53
37
45
48
53
14
15
57
54
51
64
25
51
20
55
48
68
73
72
69
68
16
33
0
34
36
16
64
48
38
67
10
53
9
10
23
9
68
69
65
6
51
8
59
31
68
35
66
9
66
47
58
61
71
15
16
74
76
74
71
40
61
33
79
51
64
62
65
73
59
8
38
33
67
66
0
0
20
1
0
2
16
0
13
18
0
0
44
11
0
49
0
0
30
43
0
1
1
0
1
39
34
33
12
0
1
42
41
1
0
30
3
23
39
1
0
37
36
37
0
0
0
0
0
0
69
34
46
75
31
69
26
18
23
25
41
45
61
15
42
20
49
27
68
26
72
23
76
53
44
35
75
38
34
76
75
78
75
42
48
14
78
61
77
81
82
36
84
44
46
37
45
42
0
106
30
104
100
66
100
61
300
65
60
294
107
83
97
36
47
88
33
89
46
95
290
75
306
46
298
310
211
312
324
315
73
80
273
316
25
58
254
317
59
72
67
317
22
311
0
309
39
0
59
46
33
64
21
63
20
22
29
21
65
52
66
20
59
27
64
29
47
29
70
28
43
60
37
41
69
27
27
65
69
47
49
22
51
34
54
50
60
54
46
60
53
19
38
0
36
47
26
77
28
79
69
6
53
8
35
11
39
88
67
52
11
71
36
69
5
69
13
61
13
68
58
83
64
57
9
33
68
67
68
69
14
81
34
67
86
68
76
67
71
75
34
51
0
57
53
0
279
53
246
268
9
251
6
26
25
8
268
262
259
39
267
10
305
32
268
7
300
6
293
296
300
301
296
31
22
268
281
262
265
22
275
19
277
276
264
255
278
267
274
11
256
6
248
256
9
40
22
18
45
22
11
20
21
15
26
29
37
26
22
30
17
30
13
32
28
38
26
34
34
36
29
29
12
23
33
38
34
31
25
26
5
37
33
19
37
40
28
41
19
14
16
17
16
12
54
15
38
24
23
51
11
18
24
24
33
54
23
5
48
7
54
21
32
13
57
21
71
37
29
63
62
11
40
60
58
62
56
40
35
13
33
66
57
32
67
70
36
41
20
0
28
29
0
148
58
141
153
50
314
22
48
48
48
142
112
131
272
95
38
145
296
333
295
139
300
144
87
144
348
142
298
293
334
142
149
347
38
350
19
134
110
136
126
326
350
345
36
84
290
87
88
274
80
19
37
79
45
72
33
48
47
51
28
74
23
47
38
9
77
5
37
8
30
32
82
40
30
30
40
8
13
35
40
36
69
6
42
59
40
39
48
75
43
96
97
51
25
5
27
27
0
