348
148
366
362
195
354
146
212
208
207
348
355
180
194
360
173
351
195
343
202
349
193
369
185
378
386
362
209
159
378
376
371
381
183
355
157
191
367
366
356
369
369
377
202
178
174
176
178
185
241
41
248
259
41
264
209
27
173
213
256
248
59
215
252
188
262
48
251
34
63
223
212
61
76
226
39
185
167
226
61
220
61
137
124
117
54
156
190
181
186
40
182
142
28
18
26
28
0
209
88
223
230
79
234
73
75
66
70
226
240
155
73
49
69
242
70
244
85
244
71
212
121
71
219
64
74
70
220
216
231
233
61
65
67
188
63
160
219
64
76
74
51
56
55
174
177
50
239
105
309
255
73
149
48
104
109
110
326
214
178
0
222
1
247
14
174
10
211
16
204
207
214
190
248
2
20
247
252
213
232
15
217
2
188
236
224
165
206
245
211
2
162
0
152
158
2
85
32
89
90
28
96
19
13
26
23
89
90
67
21
64
25
95
32
87
22
84
23
83
53
67
60
88
27
23
78
88
88
79
20
73
24
81
71
96
91
94
96
101
23
43
0
43
44
23
81
71
55
103
10
87
8
11
24
11
105
82
94
5
83
9
95
29
98
29
94
11
91
77
93
97
102
13
10
91
98
103
108
29
101
29
102
80
94
106
109
100
111
11
59
27
78
80
0
0
60
2
2
8
42
1
41
48
0
2
70
34
0
69
1
0
33
69
1
1
1
2
1
69
54
63
24
0
1
72
68
1
1
63
14
57
66
0
0
67
68
67
1
0
0
0
1
0
95
39
67
101
34
104
29
10
27
27
66
65
73
14
59
21
70
28
82
24
87
25
88
62
57
53
84
32
34
87
85
89
86
23
62
11
79
72
92
94
89
61
86
27
64
28
58
61
0
112
59
125
122
30
130
23
136
33
28
157
135
109
111
77
25
114
21
113
24
116
159
110
174
82
163
181
140
151
182
179
115
111
148
183
34
106
164
188
103
128
139
195
25
184
0
166
98
0
108
60
46
106
58
104
12
42
26
52
116
57
93
32
73
45
102
55
54
52
106
50
59
107
78
50
100
44
42
103
100
62
59
68
94
23
101
67
106
111
48
115
68
58
57
0
36
57
26
43
26
60
65
13
46
25
25
36
25
55
65
41
30
70
20
66
30
61
27
75
33
82
44
60
73
70
35
27
72
72
80
78
24
58
27
62
53
53
68
74
70
77
27
28
0
24
28
0
132
69
66
94
18
79
15
48
56
20
88
91
75
47
93
18
129
52
99
16
135
15
140
134
147
140
136
51
45
105
139
81
108
40
124
33
125
119
105
88
115
103
109
21
72
14
77
79
14
48
27
16
50
41
14
25
22
32
38
23
51
34
30
34
28
26
29
52
28
47
24
25
28
45
27
31
22
18
44
50
50
46
43
23
22
52
45
20
50
45
19
55
14
12
11
18
14
12
73
26
58
52
22
77
17
19
24
24
65
81
49
13
83
17
80
26
66
10
78
23
82
57
42
82
83
13
32
87
91
89
97
37
50
14
46
88
61
61
92
88
63
37
45
0
46
47
0
93
33
93
92
28
147
16
30
27
35
98
94
83
126
48
26
92
135
162
159
89
141
83
48
83
171
82
143
141
162
78
78
168
14
171
9
66
50
84
83
163
184
180
17
46
137
44
49
146
61
22
31
57
33
59
14
23
26
28
27
74
31
32
38
6
66
4
29
9
35
29
89
31
27
41
36
9
19
34
43
32
78
8
34
53
28
34
46
71
38
74
87
50
25
4
19
19
0
