274
111
274
276
181
277
126
188
180
185
283
279
149
185
292
162
286
182
278
189
275
172
265
160
265
266
265
175
149
267
264
263
270
175
259
152
178
274
269
269
276
277
281
174
152
162
162
158
169
180
39
164
163
41
173
135
32
118
136
173
174
75
152
182
129
181
35
185
26
41
149
173
46
50
177
33
134
125
174
41
178
42
117
91
101
43
134
162
162
155
37
164
127
37
24
36
38
0
191
86
204
207
93
211
66
70
61
71
216
197
121
79
70
79
186
76
194
62
201
56
177
120
73
183
85
87
62
195
193
193
190
51
75
81
170
78
131
191
75
79
89
57
67
65
141
138
66
176
79
237
168
61
112
57
98
108
96
254
130
122
2
133
1
148
3
131
3
148
3
150
144
149
138
172
3
8
164
169
152
165
6
155
1
146
162
165
144
148
171
158
1
120
0
113
112
1
83
42
85
80
15
84
32
24
34
17
81
87
67
12
54
13
80
16
78
31
76
37
69
44
74
66
76
35
17
70
68
67
72
21
71
36
82
65
79
77
77
78
86
34
37
0
39
38
32
87
76
57
100
9
88
5
9
35
7
101
103
98
11
78
11
91
43
108
42
104
12
100
83
95
92
95
12
8
108
111
105
101
40
108
43
109
73
95
97
101
106
97
9
55
48
94
80
0
2
41
1
0
10
28
0
21
26
1
1
65
25
1
61
1
1
29
66
1
1
1
3
0
62
49
56
28
0
0
64
73
2
0
57
7
47
61
2
2
59
61
60
0
0
1
0
0
0
90
38
51
99
19
92
33
21
31
29
50
60
87
14
55
32
67
31
88
31
95
29
98
67
59
49
84
24
43
97
97
98
105
37
56
10
98
72
97
93
97
51
98
34
50
25
50
43
0
125
65
122
132
42
119
31
139
47
50
166
136
132
98
67
47
127
37
132
46
133
140
114
170
70
163
171
125
145
172
184
123
113
123
178
56
121
153
166
104
140
140
172
42
148
0
153
77
0
133
75
71
123
52
131
22
46
31
55
142
90
117
29
114
40
144
55
88
57
136
59
89
129
73
84
132
52
48
134
133
91
88
37
109
37
92
89
111
116
86
126
91
33
72
0
71
90
38
88
38
82
106
20
58
21
22
31
24
80
108
63
36
93
23
102
35
106
37
101
39
102
81
80
109
102
33
27
114
111
104
103
32
84
24
111
74
96
107
114
120
122
27
57
0
52
57
0
108
90
71
126
33
82
20
31
28
41
113
108
95
33
108
21
118
28
107
14
118
29
123
120
117
119
129
33
28
114
124
92
109
36
115
27
106
115
120
77
114
115
102
43
82
8
77
74
10
71
24
12
76
50
23
25
29
46
51
32
43
27
31
35
24
36
27
48
38
53
32
32
29
50
30
29
12
21
45
55
58
43
29
27
7
58
39
25
45
53
28
54
19
9
15
23
13
21
61
22
65
45
23
75
28
17
27
31
66
80
43
19
73
19
67
35
62
17
79
31
84
69
54
80
84
23
41
84
81
85
77
41
59
13
45
98
67
66
105
93
67
47
36
0
37
36
0
109
50
118
119
34
161
14
30
37
32
118
106
108
110
63
37
118
122
163
136
116
138
102
67
119
175
108
134
150
167
113
107
186
30
160
9
119
80
117
112
150
174
166
25
66
133
70
70
123
88
15
32
83
61
92
46
58
59
59
22
100
29
58
36
14
103
8
29
15
26
43
102
27
28
30
33
8
31
35
30
27
75
7
27
76
31
30
59
81
30
106
118
60
24
3
20
27
0
