474
203
467
458
327
449
217
341
326
329
463
449
271
321
436
266
440
323
431
307
439
323
407
292
408
409
418
295
256
410
414
408
410
305
432
265
292
422
435
435
431
446
438
316
294
292
279
298
272
303
74
305
312
70
320
244
47
184
243
313
292
114
233
300
176
306
77
315
57
103
235
285
107
101
298
68
219
177
299
105
292
109
202
175
156
96
207
285
270
284
70
270
208
62
55
58
57
0
309
168
327
348
160
330
113
108
101
113
347
349
240
137
112
125
354
149
367
160
384
128
341
209
157
376
152
173
151
350
381
367
367
96
134
150
317
154
228
328
156
163
152
84
107
108
265
249
105
296
167
384
321
109
155
68
140
159
165
399
274
239
6
280
5
310
8
221
8
257
15
297
250
302
228
327
9
24
334
335
258
309
21
265
3
231
298
264
231
248
304
252
4
172
0
167
168
2
170
54
164
166
72
162
53
28
58
59
165
142
117
32
121
54
146
56
148
54
156
56
149
99
120
122
156
58
49
153
162
155
154
49
137
44
139
130
143
153
150
162
156
57
71
0
74
76
46
163
160
87
164
20
147
15
16
53
17
180
176
151
19
138
16
176
63
192
71
194
25
189
111
158
166
195
30
22
191
176
192
205
73
187
71
169
138
158
190
180
166
193
26
87
75
144
138
0
6
112
7
5
19
85
4
89
90
2
7
139
54
3
156
4
3
80
147
5
5
6
6
4
123
107
113
52
5
5
128
132
6
4
113
21
77
112
5
5
115
116
114
3
5
7
5
5
0
126
88
102
139
28
142
27
21
29
24
106
110
131
32
99
32
112
41
150
41
143
41
143
109
99
100
143
32
38
152
157
150
147
24
107
11
122
120
128
130
134
97
132
24
108
30
83
92
0
199
102
190
208
55
208
56
220
65
69
239
239
198
187
146
79
226
70
222
81
238
234
223
287
159
276
299
230
243
312
301
230
222
240
292
80
200
276
294
202
226
224
298
59
274
0
279
147
0
185
134
113
204
85
204
49
75
62
82
207
123
191
51
189
85
219
95
153
98
218
101
152
213
138
137
215
99
96
202
217
155
157
92
170
77
182
154
207
198
147
207
162
94
109
0
99
130
70
182
79
215
246
71
158
27
41
88
29
202
244
202
66
268
37
261
41
243
64
255
74
255
230
206
254
257
71
32
266
258
248
250
72
209
32
258
192
219
269
258
273
263
35
160
0
150
157
0
194
116
90
137
36
112
26
85
79
37
141
148
114
97
144
36
195
81
147
34
197
35
197
190
207
205
210
77
73
134
196
115
142
75
171
59
171
156
139
117
152
141
160
37
102
29
103
93
20
101
64
30
105
70
43
63
57
57
66
74
88
69
64
69
59
76
57
90
60
85
58
73
68
93
73
71
41
56
60
89
89
90
67
57
37
98
82
52
88
96
59
95
37
24
40
41
27
26
135
29
115
77
42
146
42
27
40
42
133
144
88
33
148
29
152
55
117
37
148
51
156
117
118
151
152
30
56
152
150
150
157
55
121
38
110
161
131
141
172
157
131
57
67
0
72
79
0
192
81
209
212
69
231
23
64
60
59
203
172
214
212
152
63
204
236
260
231
215
238
210
155
213
255
225
225
233
280
228
222
279
91
276
49
215
152
231
239
260
278
289
72
101
237
88
90
221
193
35
36
192
153
188
131
146
149
147
23
198
51
176
37
10
198
7
34
12
45
145
203
38
31
45
44
12
42
43
44
32
184
7
37
152
25
37
60
155
44
193
201
144
25
9
28
30
0
