362
144
357
367
224
354
121
228
227
225
374
340
161
226
331
168
342
220
350
217
349
208
332
167
332
343
331
209
184
317
328
326
331
220
318
159
171
339
319
320
326
322
351
200
170
167
164
177
172
233
48
241
233
69
243
194
26
143
197
235
211
95
169
223
146
223
63
227
35
75
184
230
82
67
243
52
198
175
238
89
236
92
190
124
139
77
170
215
224
221
49
219
186
31
26
36
33
0
207
103
223
207
95
233
73
61
64
58
221
215
153
77
66
73
223
79
240
85
243
65
217
153
84
236
101
101
76
237
224
239
236
57
76
75
211
82
163
225
82
94
85
47
65
64
178
165
48
202
101
281
230
57
101
42
82
80
83
276
193
144
3
198
1
210
4
134
1
194
5
188
167
194
161
197
2
3
199
196
176
175
4
200
2
182
216
201
161
177
219
206
1
157
0
145
168
0
74
36
79
82
27
88
24
24
33
18
86
82
72
14
68
20
90
28
88
27
87
31
76
66
79
80
74
29
18
77
74
73
73
21
84
29
82
68
85
94
94
96
94
31
49
0
51
52
33
82
77
44
92
9
78
6
11
32
11
90
90
74
7
54
5
83
34
89
37
83
6
88
60
76
73
80
5
4
86
81
94
92
32
79
33
79
62
69
79
76
80
71
7
37
37
58
61
0
4
53
3
3
10
39
4
34
39
2
6
77
35
2
74
3
7
51
80
6
9
5
5
3
84
55
92
58
5
1
88
88
5
6
84
24
58
91
4
4
80
92
88
5
5
4
1
4
0
97
45
60
106
25
103
39
30
40
39
57
71
96
33
63
39
89
51
103
49
105
48
98
62
55
67
105
40
42
97
108
93
102
50
75
20
97
79
96
103
93
53
99
42
57
34
50
42
0
154
82
142
157
38
149
39
127
45
43
140
132
147
122
107
51
157
41
166
51
160
148
154
174
111
166
192
145
158
188
188
154
157
157
182
39
137
172
180
125
155
148
194
32
168
0
157
95
0
109
68
56
92
41
111
30
28
43
44
101
86
93
22
85
34
103
42
72
42
109
44
68
100
69
73
114
39
38
106
112
78
81
43
105
40
89
84
115
101
82
111
95
41
47
0
45
73
32
102
48
104
121
15
69
18
36
26
34
113
111
69
26
115
35
108
13
120
27
104
29
97
86
106
103
119
27
30
115
109
112
109
24
100
33
117
103
92
115
119
115
109
38
75
0
72
82
0
111
53
52
83
23
71
19
68
63
26
86
78
64
74
77
20
124
67
75
21
127
22
125
122
132
126
131
58
52
75
120
56
76
52
108
39
93
93
60
52
91
62
92
13
52
22
51
49
18
57
31
23
71
37
25
23
29
35
44
36
71
25
39
36
23
35
36
64
30
63
32
28
34
71
31
28
21
23
66
70
67
60
53
26
13
66
45
20
55
65
24
68
12
9
13
21
13
8
59
15
54
33
21
62
25
19
28
32
52
71
35
16
62
18
65
35
59
23
69
30
66
49
37
62
60
20
27
63
79
74
67
37
53
9
57
83
57
54
75
83
51
33
30
0
31
28
0
104
53
115
110
32
166
11
35
37
36
114
107
109
112
80
37
115
132
168
143
116
148
106
57
116
175
110
138
156
171
114
109
180
31
168
17
107
83
108
109
161
187
184
27
63
138
51
62
131
104
22
37
107
68
107
54
69
64
70
20
110
45
67
42
7
110
7
39
14
43
53
117
37
32
45
44
10
35
39
44
36
94
8
38
73
38
49
64
95
42
121
111
64
35
8
36
36
0
