4
4
4
5
3
5
3
5
4
5
4
4
4
5
4
5
5
4
5
3
5
5
6
3
5
5
5
5
3
3
6
4
6
5
6
5
5
6
6
7
5
7
7
4
3
4
3
3
3
2
0
2
2
0
2
2
0
0
1
1
3
2
2
2
1
4
0
4
0
0
3
3
0
0
3
0
2
2
3
0
3
0
2
2
1
1
2
3
3
2
0
2
2
0
0
0
0
0
3
1
3
4
2
2
1
0
0
1
5
5
5
1
2
2
6
2
5
2
6
2
4
4
2
5
2
2
2
5
5
4
5
1
2
2
4
1
3
4
2
2
2
1
1
2
3
3
2
13
1
72
9
5
84
58
82
63
77
86
2
2
0
2
0
20
5
26
17
2
18
22
6
37
2
29
0
23
19
27
2
36
33
3
0
3
11
3
28
31
26
1
0
1
0
2
1
0
38
8
37
41
15
38
1
2
2
19
33
36
17
5
27
16
29
13
29
0
32
2
32
24
19
26
21
0
17
38
27
29
39
16
17
2
28
27
36
33
33
32
33
2
15
0
15
11
5
1
2
0
2
2
0
1
2
0
2
2
2
0
1
2
1
2
0
4
0
3
1
2
0
0
0
3
2
2
3
1
2
2
0
2
0
0
3
0
4
5
0
4
3
0
2
0
0
0
7
98
9
5
20
68
7
76
72
6
9
122
61
6
129
5
6
95
126
7
9
7
9
8
131
97
128
78
5
7
140
138
9
7
137
42
109
144
9
9
146
148
145
7
4
6
3
7
0
154
67
96
164
63
165
75
64
74
71
111
106
143
46
99
60
120
68
142
73
145
67
158
105
101
100
165
89
86
162
167
157
173
75
119
39
160
130
163
159
158
92
161
83
108
87
92
90
0
91
38
93
101
48
95
40
275
50
47
316
249
92
170
51
44
99
45
97
45
92
255
98
334
48
290
340
261
309
339
335
104
95
254
320
31
57
265
331
58
83
81
339
31
313
0
278
39
0
185
93
86
155
78
184
0
68
0
80
192
103
191
69
145
90
208
100
93
106
207
108
107
181
132
94
202
91
81
193
187
120
115
82
176
0
155
107
197
182
106
203
112
73
102
0
101
114
0
193
69
209
170
18
111
13
93
21
81
208
172
133
26
183
89
178
16
182
22
187
28
172
146
213
179
178
25
84
190
186
187
186
23
217
84
180
210
156
176
182
178
186
87
124
0
124
129
0
293
181
239
330
43
276
17
1
1
44
330
324
282
1
338
40
300
1
327
18
297
40
284
283
293
290
294
1
1
321
297
271
329
1
288
1
281
299
344
271
290
338
283
45
278
0
264
252
0
99
0
4
99
103
2
0
0
88
97
2
62
22
72
1
0
3
62
71
0
60
0
1
1
89
1
1
14
0
97
97
102
89
114
2
14
120
110
3
125
120
3
119
0
3
0
3
2
0
131
52
90
72
34
130
6
29
43
38
86
135
73
4
118
3
130
46
83
37
127
41
124
82
75
127
127
7
40
123
125
131
132
41
89
17
71
128
104
92
138
133
90
51
80
0
81
76
0
167
85
171
176
30
254
20
32
32
30
171
188
172
241
126
36
190
293
328
300
189
301
186
115
198
323
201
280
284
337
195
195
335
56
312
29
218
150
219
216
269
320
337
46
102
284
107
106
283
178
39
96
176
108
186
75
115
112
110
56
198
72
125
78
21
196
11
78
22
81
83
199
79
62
85
89
24
46
86
78
81
147
20
72
126
61
82
103
145
77
185
199
106
71
23
73
66
0
