183
101
177
173
130
179
84
138
134
138
190
187
121
143
202
113
196
139
199
136
198
129
204
109
214
208
209
129
110
208
204
214
207
130
202
98
113
199
200
197
200
195
199
140
119
120
115
124
124
117
28
126
130
27
122
98
24
71
97
128
123
34
99
120
76
122
27
120
22
31
100
145
35
49
150
24
126
95
147
29
141
34
113
71
87
34
116
146
151
151
30
142
121
31
27
29
31
0
137
54
152
160
51
155
66
64
68
69
154
156
87
51
46
46
153
54
160
74
154
60
137
78
49
152
58
57
56
148
152
148
150
30
53
66
108
58
88
138
62
65
62
33
46
44
107
102
41
126
48
200
127
54
90
48
81
91
90
211
117
83
0
117
1
124
5
90
4
116
8
112
100
125
84
138
2
7
139
131
118
126
4
112
0
107
128
109
107
111
130
120
1
90
0
96
93
0
64
21
68
69
8
58
28
10
33
7
70
60
69
8
45
8
54
8
59
25
60
29
71
47
59
56
65
27
11
62
66
64
59
10
70
27
51
48
58
58
61
58
54
28
36
0
36
33
26
78
38
54
78
4
81
6
4
29
3
82
81
82
4
75
7
83
30
84
32
81
11
81
71
74
77
90
10
13
82
80
76
81
37
80
34
82
69
85
83
75
83
77
8
54
30
85
72
0
0
55
0
0
1
48
0
42
46
0
0
59
39
0
57
0
0
39
58
0
0
0
0
0
55
45
63
23
0
0
60
57
0
0
68
8
45
73
0
0
68
65
65
0
0
0
0
0
0
56
23
39
53
17
54
16
8
13
19
36
42
62
14
42
15
51
28
65
25
70
24
65
51
42
39
58
26
25
62
72
62
58
24
44
9
70
60
62
65
69
35
67
25
32
25
31
30
0
95
34
87
102
41
98
34
100
40
43
105
93
96
89
50
49
98
35
92
49
94
105
71
123
40
104
128
86
100
115
127
81
71
103
123
31
60
105
121
64
84
81
127
18
111
0
102
44
0
86
52
43
75
36
88
24
32
26
37
83
51
68
20
50
23
63
33
49
30
75
31
43
60
47
42
57
27
25
65
64
52
51
29
61
30
54
49
74
74
44
69
53
25
32
0
35
51
26
80
36
82
81
8
50
5
31
12
23
74
71
61
15
76
29
77
8
67
19
72
17
87
53
73
78
76
20
24
80
85
89
89
21
82
21
78
82
62
88
84
83
88
26
53
0
53
58
0
82
58
68
82
15
63
11
18
19
16
75
80
68
16
79
14
88
19
85
11
92
16
97
87
104
105
94
21
16
88
88
65
84
18
77
15
83
72
82
64
68
76
80
15
61
6
61
56
7
35
23
11
36
25
14
27
21
21
24
26
35
22
26
28
20
29
13
35
20
39
23
22
26
42
30
31
8
24
41
41
45
39
28
21
7
37
33
15
43
36
20
37
17
14
11
15
14
14
47
16
43
33
25
53
19
16
26
27
41
45
32
18
53
12
62
21
49
15
59
22
49
55
31
50
55
16
25
58
57
54
53
26
45
10
35
54
37
47
59
57
47
29
20
0
25
25
0
92
47
98
95
25
123
8
22
26
25
99
91
92
86
61
20
92
97
122
108
92
110
92
51
92
141
92
104
103
135
98
97
147
29
137
10
110
75
104
102
119
145
137
24
58
110
60
63
110
76
14
33
84
50
75
42
43
44
53
14
90
20
58
30
10
95
4
23
9
31
46
81
25
26
27
25
6
12
25
26
29
62
8
23
49
24
22
37
58
27
81
70
41
25
5
20
21
0
