245
147
236
241
176
246
135
188
190
178
245
251
157
192
259
173
258
186
263
178
256
184
248
154
257
261
258
167
156
250
258
256
236
164
270
154
148
266
268
258
263
269
265
169
161
164
170
158
172
131
11
132
132
16
136
115
13
106
116
132
122
28
109
125
112
125
18
123
15
20
117
117
22
43
121
15
99
87
130
21
123
31
114
53
101
33
108
134
132
120
20
133
110
15
13
15
15
0
124
57
154
145
51
143
34
30
36
37
139
145
119
41
28
35
146
37
145
26
149
22
127
106
36
139
38
43
18
132
141
148
140
33
37
39
136
44
108
154
43
45
44
26
28
26
133
134
31
161
61
251
168
78
95
55
125
119
128
269
129
94
8
134
3
160
9
92
9
122
13
123
116
127
102
149
7
4
149
146
124
136
10
117
3
108
141
129
96
111
144
131
2
90
0
78
83
5
30
12
31
29
6
29
10
7
10
6
30
34
31
4
28
4
29
5
30
10
31
11
30
19
31
25
32
12
9
34
33
37
32
14
35
16
35
28
43
38
35
32
39
11
19
0
17
20
10
49
40
23
56
6
43
5
7
21
6
54
51
54
3
40
5
52
24
48
22
49
4
60
40
52
46
60
7
6
58
53
58
54
17
61
20
52
31
51
67
62
53
66
10
31
22
45
47
0
2
39
3
2
3
28
2
26
29
1
4
45
15
1
54
2
2
17
55
1
2
1
2
2
39
36
32
16
1
3
45
41
2
1
63
15
36
65
1
2
66
61
58
2
0
2
0
1
0
54
20
28
55
14
51
24
14
28
27
32
28
48
12
29
19
38
21
50
23
44
23
34
27
25
28
33
19
4
32
31
30
33
1
30
1
32
30
33
31
33
30
36
1
30
22
26
28
0
55
38
46
48
4
52
5
144
6
6
137
90
53
86
43
6
55
8
57
8
52
162
57
182
49
163
180
144
176
177
184
53
54
148
177
10
55
145
168
47
54
59
180
5
170
0
164
50
0
46
34
35
45
18
48
16
14
21
14
50
38
48
7
46
15
56
18
39
17
59
20
46
48
47
44
56
17
14
60
58
45
44
19
48
26
53
47
63
57
45
57
51
12
42
0
41
46
17
60
20
63
50
3
44
6
26
12
26
66
65
44
14
59
28
62
8
64
13
68
16
56
46
62
58
62
12
23
52
51
53
55
13
71
24
54
63
51
56
65
55
62
27
38
0
37
42
0
158
65
100
125
6
100
6
38
35
6
123
122
107
41
116
7
160
42
124
7
166
7
160
173
166
168
169
41
41
125
164
113
121
46
162
41
165
147
124
113
146
121
132
12
99
11
104
111
11
32
22
17
34
23
10
18
21
18
18
27
24
12
12
27
15
24
10
25
21
23
18
23
23
28
19
18
9
10
15
20
18
23
19
15
3
29
24
12
31
32
13
32
7
6
6
9
8
3
29
9
19
14
16
35
4
12
19
21
28
34
26
2
37
6
31
16
23
12
32
14
34
21
20
30
29
5
14
33
32
29
29
19
21
11
28
39
32
25
36
39
23
16
19
0
17
15
0
47
22
52
53
18
132
7
21
22
19
57
41
61
128
36
23
62
159
160
160
54
156
61
29
54
165
45
156
156
156
47
55
168
16
160
10
46
26
44
59
142
156
154
20
21
141
21
20
146
57
10
29
60
38
67
32
37
37
38
23
58
27
42
24
4
59
2
29
5
25
38
65
27
25
27
29
4
6
25
25
29
63
5
26
42
21
26
29
57
33
67
67
46
29
4
26
27
0
