500
277
521
518
396
509
279
419
402
424
536
525
332
412
528
368
535
414
534
404
531
401
526
340
545
551
538
369
318
538
561
545
527
385
574
335
362
539
560
546
567
575
566
389
329
354
352
353
370
318
73
332
330
72
339
264
53
215
273
326
321
119
262
348
239
344
72
345
68
67
271
324
69
107
339
61
254
246
346
75
329
82
226
147
175
88
245
278
300
300
71
295
232
78
66
71
78
0
382
177
396
401
200
432
121
131
125
121
423
442
309
186
156
178
453
182
482
198
455
154
442
271
191
471
193
197
190
461
463
484
485
165
174
196
395
205
252
455
189
209
202
139
145
148
315
320
138
399
117
575
395
194
191
119
252
281
276
590
277
176
2
295
1
345
11
198
5
280
13
238
234
251
219
315
3
5
311
301
271
273
5
255
1
227
291
257
237
241
295
253
2
210
0
203
212
0
149
68
153
164
14
166
58
27
53
8
158
179
186
9
117
12
177
14
170
59
178
66
153
135
168
171
170
59
11
155
175
152
151
9
184
54
152
152
164
154
158
156
165
70
128
0
121
130
64
188
92
96
137
3
186
3
3
83
4
138
137
194
5
121
5
146
84
166
96
149
8
151
118
211
203
157
9
7
159
221
165
167
105
163
98
214
137
219
179
180
217
174
8
111
103
199
199
0
1
69
3
2
11
62
3
65
63
3
3
73
40
3
82
4
2
40
84
3
2
3
5
2
81
61
87
40
3
3
94
88
6
2
92
15
77
91
3
3
93
83
87
3
4
4
0
3
0
111
52
93
115
16
121
23
13
23
23
91
95
119
17
79
26
104
31
119
34
113
26
122
90
89
82
125
19
29
121
134
123
131
28
94
11
115
93
125
120
127
75
120
32
82
21
68
74
0
168
106
171
196
44
192
36
345
39
44
357
303
170
225
140
35
178
28
179
37
181
322
171
403
134
387
407
316
365
424
406
184
187
340
403
42
168
355
399
163
181
179
394
33
386
0
391
120
0
209
172
133
205
52
217
64
43
75
48
215
157
210
42
196
62
214
62
184
66
222
60
195
246
174
180
230
66
61
245
232
192
199
67
202
90
202
198
230
219
178
249
203
58
159
0
153
185
86
186
115
188
255
30
169
47
22
62
20
216
275
169
83
302
21
276
59
281
75
274
76
257
159
194
251
259
71
19
255
264
250
254
54
196
20
235
195
224
263
270
255
275
18
176
0
170
187
0
273
211
193
260
44
232
36
73
72
46
260
257
202
82
267
53
299
78
259
36
298
59
323
285
322
315
304
77
66
264
304
213
274
71
285
58
282
293
272
219
272
282
284
47
233
10
231
213
14
135
76
35
142
98
46
65
77
91
96
76
108
39
82
71
74
68
71
104
75
119
78
78
67
115
79
79
31
68
90
120
112
106
108
68
36
120
99
40
124
115
53
135
50
18
40
42
29
30
129
44
99
58
67
156
57
56
67
75
104
156
68
54
153
46
148
90
94
48
149
89
130
93
46
144
138
48
80
143
139
142
147
80
107
29
72
157
105
108
168
159
108
93
54
0
51
57
0
200
93
223
217
71
301
33
70
67
68
217
219
229
266
135
69
231
312
344
326
235
336
213
122
229
348
228
302
334
352
216
237
356
100
335
50
241
164
236
240
298
348
357
81
91
331
91
86
303
207
20
27
202
182
197
149
164
173
176
22
197
32
172
31
4
201
3
21
5
28
145
209
21
20
19
29
8
51
27
17
27
195
5
29
187
23
32
75
180
28
212
208
178
24
3
23
26
0
