167
93
181
176
111
172
69
121
117
120
178
193
111
111
188
92
185
119
183
117
183
111
178
103
187
179
175
113
98
179
178
175
183
106
180
90
104
179
183
168
182
185
183
108
95
100
97
100
88
107
19
114
113
37
100
97
26
80
100
119
96
39
84
109
76
103
23
108
27
26
82
114
27
38
115
20
90
91
112
25
110
30
104
57
95
27
109
132
123
134
22
126
112
24
20
25
21
0
124
48
139
130
45
134
64
46
55
58
146
134
80
46
45
41
130
38
154
77
155
60
131
86
39
139
38
50
48
134
130
142
142
32
38
54
110
48
94
124
46
48
48
30
41
35
89
91
35
119
52
170
125
35
74
30
62
56
63
170
99
74
6
98
3
111
4
73
0
100
5
104
90
100
79
119
5
7
117
118
98
101
4
109
2
94
118
105
91
87
109
106
3
86
0
79
90
1
44
19
56
54
12
57
23
8
16
9
53
44
52
1
33
1
43
2
41
18
45
23
45
30
51
49
44
25
9
46
49
47
43
11
48
22
42
38
42
45
50
44
51
24
32
0
29
30
20
62
60
41
72
9
56
8
9
20
10
72
63
66
5
52
8
66
19
67
23
69
9
66
54
75
72
63
6
5
69
73
61
60
24
66
26
75
58
68
67
70
74
61
9
44
18
63
61
0
1
34
1
2
5
31
1
27
31
2
1
42
27
0
45
1
1
34
49
1
1
0
1
1
34
37
36
21
2
0
40
42
1
1
46
17
38
46
1
1
47
42
47
2
1
1
0
2
0
52
27
40
61
12
57
16
11
18
19
40
47
58
14
41
16
48
18
52
19
63
15
66
40
44
51
63
19
21
64
68
65
66
15
42
13
56
55
63
57
63
42
57
21
48
22
40
39
0
83
48
79
84
19
85
21
79
21
24
112
101
86
73
67
20
88
14
85
21
90
88
85
118
74
113
133
86
88
123
127
93
99
85
120
19
82
110
124
72
86
93
119
18
112
0
106
58
0
73
53
28
76
14
73
14
11
15
18
82
62
72
16
65
21
82
23
66
24
76
24
67
83
65
61
82
24
25
83
85
69
65
28
68
18
64
68
82
82
52
81
64
26
53
0
50
61
23
77
37
76
91
12
66
20
19
23
14
80
94
71
25
95
16
106
28
104
31
105
31
114
82
83
114
108
30
15
103
106
106
101
24
86
18
85
83
95
108
104
116
117
16
72
0
65
68
0
74
66
37
79
30
51
30
34
29
31
77
80
53
32
75
22
86
27
66
20
86
19
81
75
90
84
89
29
24
74
77
48
74
21
72
18
61
74
76
48
72
73
65
29
48
12
43
46
6
45
19
11
45
36
19
23
20
37
42
27
44
17
36
24
18
28
25
42
22
41
16
26
24
46
24
24
13
16
39
45
45
46
31
29
4
46
32
17
40
40
23
43
15
7
10
18
7
9
32
12
33
22
17
35
14
14
21
20
32
38
22
9
41
7
44
14
30
11
41
14
40
36
20
43
38
9
18
44
33
40
39
24
30
4
27
45
36
35
43
51
33
21
22
0
18
19
0
68
26
64
63
25
82
14
24
24
27
57
62
54
76
35
23
69
82
94
85
71
88
61
34
67
109
65
85
90
97
71
70
102
35
109
17
88
65
81
87
94
106
104
27
33
82
30
32
84
74
13
16
87
68
83
62
62
67
72
19
77
19
57
16
8
77
3
18
9
15
50
76
15
16
22
19
10
13
21
18
23
77
7
21
61
16
22
31
64
23
75
78
56
13
8
14
11
0
