224
93
235
221
149
227
115
163
158
170
220
230
123
148
229
146
226
161
219
146
229
158
230
119
223
226
230
155
122
227
228
225
229
139
230
124
127
240
220
233
226
233
237
150
123
142
125
127
137
148
23
139
153
27
144
116
18
96
123
160
144
52
114
141
96
150
32
151
19
41
114
142
42
52
150
33
122
103
152
40
157
43
105
77
71
40
104
142
136
149
29
148
111
25
22
23
27
0
152
65
168
157
65
156
56
52
52
57
157
150
107
53
45
50
144
54
158
54
147
40
160
101
56
160
57
59
47
164
166
163
165
32
53
53
131
51
107
156
52
58
56
25
45
42
119
119
41
162
81
226
166
39
98
34
76
75
74
227
154
115
3
152
1
175
7
121
9
154
15
150
131
147
113
170
2
13
176
168
134
148
9
138
1
119
147
130
117
120
156
136
2
105
0
85
99
1
57
17
56
52
26
51
25
17
25
17
58
49
46
9
36
12
47
19
46
21
48
23
44
22
41
35
42
29
13
45
47
48
45
8
43
24
36
30
45
49
39
44
45
28
19
0
21
18
27
68
65
32
70
12
61
10
12
23
11
62
70
60
9
44
3
65
26
67
27
66
12
68
46
74
72
74
13
10
70
66
68
70
28
69
22
71
41
68
66
66
72
70
14
37
29
63
70
0
0
23
1
0
8
14
0
9
19
0
1
37
10
1
29
0
0
14
32
0
2
0
0
0
39
28
42
19
0
0
46
51
1
0
50
9
31
52
1
0
48
52
51
1
1
0
1
0
0
67
40
59
81
20
76
24
13
18
22
61
57
79
19
49
23
61
30
76
27
83
26
70
51
60
41
67
21
26
70
73
70
59
22
55
10
79
58
78
80
79
55
84
20
56
26
44
47
0
127
76
123
131
39
130
41
111
44
43
142
127
118
101
95
49
134
42
126
40
139
133
140
154
91
153
164
135
139
162
174
141
146
132
169
44
120
161
167
112
135
133
171
36
162
0
156
84
0
118
65
52
111
64
120
20
59
23
67
127
55
114
26
91
54
115
68
61
63
118
68
65
109
46
53
112
56
55
106
107
59
70
43
67
28
75
62
96
97
63
90
59
40
40
0
39
56
20
65
32
73
84
19
64
17
20
29
21
73
89
62
38
88
17
97
30
87
40
95
38
92
70
71
89
97
41
14
94
97
98
98
42
66
20
78
70
73
86
96
96
95
20
47
0
47
38
0
110
49
43
80
22
64
15
62
52
27
75
80
64
56
81
26
99
42
84
22
109
22
126
110
114
112
109
53
49
83
109
68
83
40
106
42
101
98
78
74
93
77
80
19
67
16
65
58
15
41
26
15
49
37
15
25
24
27
30
34
34
25
28
30
25
36
18
34
25
35
26
39
31
43
34
33
15
20
36
37
40
45
24
26
9
33
29
27
40
38
23
41
14
11
17
17
11
11
71
13
81
69
13
79
20
9
12
14
77
85
64
13
77
14
69
13
70
12
81
11
71
66
66
78
73
21
16
78
82
79
74
20
74
14
74
82
73
68
76
83
73
21
55
0
60
57
0
85
42
91
82
12
143
4
13
12
13
87
75
87
111
65
17
80
111
135
126
71
124
96
63
83
144
94
113
125
145
90
102
151
38
149
13
108
75
105
101
140
157
147
30
47
119
50
54
118
71
16
27
73
43
78
30
47
46
44
19
84
39
46
27
4
81
1
29
3
26
43
81
28
24
29
30
7
17
29
28
27
67
8
30
47
28
23
51
61
30
75
79
43
21
6
21
25
0
