385
227
388
394
248
383
169
267
273
263
410
424
247
274
430
222
421
265
437
267
439
249
426
317
441
433
410
261
218
428
441
428
432
283
441
205
293
453
464
465
463
456
464
275
250
235
247
265
220
248
64
258
249
70
237
196
43
151
193
271
268
132
221
278
174
287
74
290
56
84
226
283
91
121
291
72
217
189
295
99
283
101
194
170
156
93
192
271
268
259
68
254
193
56
42
51
55
0
265
122
281
313
139
292
89
86
88
94
301
299
229
118
110
123
307
128
318
114
317
90
302
206
126
313
129
128
124
318
312
327
316
97
116
134
281
134
188
303
131
136
134
69
101
98
218
220
98
256
130
384
288
117
139
64
140
163
146
390
239
209
5
235
2
265
8
196
8
229
11
239
255
258
192
271
4
9
254
257
235
230
14
245
2
221
287
238
240
216
266
247
1
173
0
163
174
0
189
77
196
187
49
188
48
38
65
38
188
178
151
34
147
36
186
45
167
59
190
68
180
121
148
152
180
60
51
186
187
190
190
44
158
62
176
162
193
202
184
195
184
64
87
0
84
78
53
141
136
74
164
25
136
14
25
67
21
163
167
153
25
103
22
166
75
181
81
165
26
188
105
164
149
184
47
38
196
166
193
182
80
164
76
150
106
146
175
170
144
155
35
64
74
127
119
0
20
126
23
17
31
84
16
85
99
16
19
161
64
18
166
16
14
96
156
17
22
17
18
19
123
112
128
43
14
14
134
138
20
15
116
23
83
119
21
14
118
125
123
15
18
16
9
20
0
140
46
98
159
31
159
56
46
66
63
93
90
123
39
76
49
110
54
141
45
131
45
130
92
81
90
121
48
45
130
113
114
111
43
90
32
116
101
120
121
119
91
131
54
96
50
89
81
0
163
114
173
189
46
176
42
179
46
50
217
192
169
163
152
42
177
44
182
43
175
196
160
241
155
248
261
188
202
255
247
169
176
196
251
32
162
228
237
162
172
173
253
36
236
0
232
115
0
148
115
73
134
39
125
51
34
66
44
138
114
134
33
130
49
129
41
121
40
138
51
125
150
116
123
157
53
48
150
162
131
135
64
141
78
143
133
167
174
129
175
151
55
87
0
86
123
76
128
83
152
145
26
94
18
39
44
39
147
153
110
49
174
42
171
37
170
54
168
60
167
103
152
167
171
49
32
177
179
181
181
46
144
40
178
134
138
182
194
188
189
43
91
0
90
89
0
163
121
86
144
51
125
37
69
50
53
148
141
93
63
141
44
168
63
143
32
173
47
182
146
170
171
179
64
59
135
166
109
137
65
163
55
153
165
137
89
145
140
137
45
83
19
80
82
12
108
64
35
104
51
48
61
64
43
58
78
87
35
46
77
51
65
38
89
61
80
67
85
71
107
79
75
30
58
66
95
98
96
46
69
11
91
51
52
82
86
54
87
40
31
34
43
29
35
105
25
73
52
49
101
46
43
49
61
84
112
48
48
122
38
115
56
87
41
121
64
138
91
56
126
126
44
72
137
141
136
126
84
93
25
77
142
90
77
133
143
91
94
44
0
36
42
0
176
76
174
179
69
206
42
76
67
75
174
162
165
161
75
77
170
194
221
201
182
189
190
70
178
227
191
169
197
218
175
189
222
74
225
34
153
99
174
174
196
228
225
65
70
186
64
68
188
165
30
58
157
104
151
77
103
90
102
45
131
43
83
61
15
144
9
55
12
58
67
153
44
42
59
46
14
29
57
55
44
123
12
48
100
37
64
81
91
51
141
145
67
46
7
43
50
0
