359
152
370
358
236
364
143
236
240
226
367
378
197
230
360
162
363
227
385
212
370
220
372
207
383
378
380
227
188
370
384
384
371
221
375
175
210
369
369
375
383
376
371
214
186
191
187
188
186
245
47
230
254
65
245
194
37
164
200
253
229
87
194
235
154
232
77
228
43
97
198
230
78
105
235
52
202
173
247
78
240
84
187
131
156
79
175
239
232
228
49
242
197
40
32
37
46
0
213
106
237
252
105
244
57
55
47
55
244
224
162
91
81
83
224
87
230
70
233
66
229
155
98
240
94
102
70
226
258
230
255
60
85
105
214
96
167
247
101
94
99
62
80
76
179
172
68
236
134
306
232
57
118
50
87
89
95
295
215
164
2
212
3
242
7
165
7
227
6
201
198
224
171
240
3
10
246
262
225
226
10
222
2
203
240
227
193
191
246
216
2
159
0
136
157
2
121
61
128
135
27
139
38
25
39
24
142
125
125
22
102
24
134
26
130
39
135
38
122
105
106
124
132
40
29
132
135
134
134
20
138
40
119
108
115
127
119
125
129
39
88
0
81
82
36
91
87
42
101
18
82
10
11
41
14
98
93
96
17
69
15
89
42
92
42
99
18
85
69
101
89
90
11
6
84
109
102
85
46
99
41
106
73
94
104
109
104
95
14
38
42
77
81
0
18
83
22
12
24
63
10
58
69
11
18
106
56
14
121
14
15
57
116
11
17
14
19
15
110
92
96
46
15
9
111
115
16
12
113
28
83
109
16
17
106
111
112
10
14
14
9
15
0
117
51
85
132
35
124
31
25
31
29
79
82
126
29
78
33
94
32
129
32
117
32
113
85
82
98
122
37
42
123
118
127
118
37
86
32
121
107
123
119
121
78
132
37
78
36
69
70
0
159
77
157
163
45
176
34
153
42
48
172
184
179
141
126
43
175
35
193
49
189
168
187
204
141
195
204
167
171
211
204
191
183
167
199
33
153
200
207
135
174
182
212
34
191
0
192
118
0
151
109
74
128
48
153
46
42
41
38
154
104
151
34
107
38
145
53
104
47
161
49
115
147
119
113
151
51
40
157
159
111
121
55
148
43
130
121
159
158
113
167
143
44
97
0
98
127
52
110
61
130
150
23
87
31
38
51
38
123
154
76
49
140
31
145
41
150
51
158
60
139
93
113
151
152
62
38
153
153
159
153
61
106
37
141
103
114
163
158
152
161
36
78
0
83
81
0
116
83
41
96
32
71
28
68
66
35
82
76
39
65
89
30
103
64
90
27
113
27
109
97
118
122
99
47
47
63
111
43
75
47
97
39
91
93
88
50
88
81
86
34
46
19
43
39
14
90
46
19
83
62
28
40
40
56
67
47
74
25
54
50
38
45
45
83
34
76
44
35
39
78
40
32
23
27
64
73
76
78
66
48
11
76
71
25
86
84
30
72
20
18
16
26
17
20
104
42
72
59
43
97
35
39
56
53
65
106
43
30
101
21
105
55
59
53
114
58
86
77
46
90
90
26
39
96
90
83
75
42
74
14
53
88
76
75
90
93
79
46
42
0
39
43
0
115
48
133
126
39
173
13
47
42
39
123
128
132
133
71
47
131
154
175
165
138
153
142
72
141
173
149
135
159
177
143
147
186
49
176
25
140
97
155
145
153
193
183
43
62
146
60
60
141
120
24
39
106
76
118
60
77
71
83
36
114
39
79
37
11
117
7
38
16
42
60
117
41
34
44
44
11
23
40
51
43
105
9
37
89
36
42
53
116
46
122
130
87
38
11
36
37
0
