381
170
382
390
232
385
155
257
252
260
395
386
177
253
380
172
377
238
377
241
369
240
358
207
374
360
365
231
201
371
361
359
370
224
351
181
193
357
349
353
355
354
364
218
178
199
170
190
190
219
58
211
239
55
229
175
32
123
164
251
244
93
191
245
161
243
63
251
40
91
180
210
78
86
216
50
171
131
230
75
214
80
158
151
119
76
157
219
234
213
63
233
166
47
31
38
39
0
223
94
225
240
114
237
74
62
62
70
240
216
152
99
88
94
224
93
236
64
226
40
212
137
107
234
104
113
61
226
230
227
236
44
85
101
218
106
179
224
94
119
107
40
71
72
182
192
66
214
127
294
226
68
136
56
117
117
112
303
204
170
7
196
3
225
9
157
12
186
14
217
191
206
164
227
7
19
243
237
190
230
18
173
4
180
254
201
177
203
246
196
6
159
0
138
153
4
133
50
138
137
53
145
35
28
41
39
141
131
89
22
99
38
129
33
125
37
126
35
136
87
84
86
139
42
43
139
143
138
144
42
93
35
112
100
125
129
133
124
123
34
57
0
55
58
28
94
86
39
88
10
86
3
8
48
9
100
91
100
10
52
4
82
44
94
55
90
8
82
68
95
105
94
2
6
97
108
87
100
57
99
53
98
71
90
97
95
100
98
10
49
45
88
87
0
6
70
6
4
10
61
2
62
68
4
4
88
44
2
101
4
3
64
98
2
5
3
6
6
95
61
91
38
3
6
103
95
6
4
88
16
70
94
6
6
92
85
91
4
4
3
3
4
0
114
44
72
116
40
117
40
28
39
39
67
72
96
37
66
35
94
44
113
46
111
43
118
82
69
83
120
52
50
119
114
120
125
46
75
39
111
106
112
102
112
67
126
50
70
40
57
55
0
142
87
132
149
40
145
35
157
37
40
165
161
137
132
104
41
145
30
134
45
130
166
142
176
102
188
213
162
184
201
209
147
148
160
179
46
127
181
195
120
142
145
191
38
164
0
183
82
0
141
91
66
119
48
128
42
46
55
50
134
93
125
36
98
43
123
59
97
56
135
59
93
126
92
79
130
41
39
131
128
106
108
33
108
46
94
100
127
114
96
120
101
32
75
0
67
94
52
106
54
120
115
21
81
27
49
32
41
110
106
66
34
126
43
125
28
119
35
125
38
115
85
120
124
123
28
32
117
124
125
125
26
107
37
113
105
96
120
127
123
133
39
71
0
73
89
0
135
82
69
109
17
98
14
59
60
14
94
103
87
58
106
15
141
58
105
14
129
18
144
128
143
148
147
51
43
92
132
73
100
55
132
41
102
123
99
72
118
98
110
21
75
20
69
71
16
69
38
22
60
42
30
39
41
34
43
46
60
17
39
41
33
44
31
60
37
70
38
40
33
73
49
40
15
29
57
64
67
71
53
42
17
71
54
29
68
63
44
65
34
11
20
24
17
17
76
38
73
57
32
79
32
22
29
32
75
88
52
30
85
32
83
38
74
25
78
38
101
69
56
95
109
28
55
116
98
110
98
45
72
22
57
106
80
67
92
97
72
46
50
0
51
47
0
124
60
134
123
43
172
18
36
36
38
126
136
119
145
72
34
118
152
194
163
126
178
115
74
128
185
122
163
169
185
134
125
192
34
206
17
126
95
119
129
178
207
195
27
56
157
53
56
161
109
27
42
109
71
113
51
68
63
72
36
115
45
78
48
17
115
8
37
25
51
61
128
40
33
41
44
20
32
47
43
41
93
20
44
74
43
39
70
85
41
110
118
61
36
16
33
35
0
