360
174
368
363
266
366
185
267
267
272
363
336
200
262
349
247
346
265
337
245
333
253
347
184
333
349
339
254
216
349
350
342
354
237
324
198
173
331
310
323
333
329
341
241
225
236
218
236
231
179
46
182
185
26
186
136
24
104
139
184
201
65
165
216
120
201
34
199
26
55
162
231
60
85
235
46
198
143
230
65
232
65
231
172
187
87
201
287
272
285
49
276
223
33
24
31
35
0
267
99
276
288
99
289
107
104
115
109
300
267
162
87
64
65
277
86
281
109
281
95
221
178
82
250
84
96
66
244
254
244
259
71
77
83
237
87
184
261
76
89
89
66
66
62
200
195
64
227
111
315
243
70
145
73
123
127
127
340
204
183
5
208
3
240
14
180
12
208
21
214
188
216
161
239
6
22
244
239
201
206
15
196
5
188
223
201
167
177
237
200
4
133
0
133
148
4
83
36
90
95
31
86
29
24
38
24
87
90
72
16
68
28
99
33
98
36
92
38
94
54
68
75
93
35
34
88
90
96
97
39
64
31
75
67
102
114
112
100
94
28
46
0
43
40
33
130
129
63
147
16
112
7
12
44
15
146
153
128
8
108
13
151
42
154
46
157
20
147
108
133
113
146
11
14
153
135
152
134
46
150
48
127
113
133
151
152
128
145
22
86
43
109
114
0
9
100
10
13
18
76
6
55
66
8
12
122
54
10
128
8
10
67
122
8
10
9
13
11
105
80
86
32
11
10
100
106
11
8
106
20
71
105
7
8
105
105
100
7
7
7
5
6
0
120
51
88
127
28
121
34
22
33
34
92
96
108
15
84
18
82
23
115
24
111
21
112
91
76
82
113
35
35
109
113
118
119
31
100
11
120
108
118
125
122
85
116
26
88
35
74
63
0
185
105
162
188
46
181
41
168
46
48
202
199
174
143
142
46
186
35
169
40
180
195
165
232
139
223
248
190
211
243
246
179
178
188
253
44
167
226
241
155
181
183
251
32
219
0
218
111
0
134
79
65
127
63
134
28
53
41
63
158
88
145
32
124
60
155
73
80
71
152
71
93
141
100
87
150
64
66
159
151
96
93
57
105
46
110
84
143
141
86
138
94
52
72
0
66
93
45
117
68
133
144
28
89
29
39
50
37
130
146
82
54
164
38
159
31
155
52
152
54
156
100
131
169
160
60
36
173
173
178
172
64
134
33
146
122
144
169
170
176
158
37
87
0
86
95
0
147
118
83
132
42
108
23
65
66
43
138
122
102
72
130
42
170
63
136
29
163
38
174
157
162
162
160
58
59
123
157
116
124
60
168
54
146
130
142
104
139
142
130
43
115
13
99
94
15
79
49
22
62
52
16
39
43
27
45
48
53
33
38
55
29
49
31
56
34
65
38
45
39
61
42
35
16
26
46
53
53
54
26
30
15
40
40
30
52
52
41
56
19
16
21
22
18
16
82
21
80
59
24
86
26
19
26
28
80
85
58
25
83
18
82
27
83
19
85
21
82
72
73
84
89
23
32
90
95
96
77
26
61
14
64
90
72
75
79
86
90
24
60
0
51
52
0
117
62
116
117
24
214
14
27
21
26
117
117
115
173
98
27
136
199
241
205
124
209
134
88
118
221
124
184
191
221
125
138
241
40
228
27
130
86
126
136
200
226
215
33
62
177
58
67
163
109
10
38
109
88
110
74
82
81
84
24
101
23
67
36
11
95
10
30
11
33
64
102
36
36
37
35
11
28
36
36
39
93
6
32
89
31
37
78
96
34
124
127
79
29
6
26
22
0
