166
69
173
167
70
177
35
80
79
82
171
150
88
79
154
75
152
78
150
77
146
76
164
101
168
159
161
73
66
168
162
167
160
79
177
59
84
176
170
174
172
174
176
79
89
68
84
90
73
114
20
117
112
19
109
95
14
84
96
115
111
31
109
118
103
125
10
120
10
21
111
114
19
27
113
13
102
77
121
24
119
22
101
68
79
18
101
114
118
121
19
115
101
13
13
14
15
0
115
40
137
129
30
133
64
72
71
72
133
130
72
32
28
28
139
29
132
75
132
74
111
55
35
123
33
32
71
120
123
123
125
59
32
33
104
34
90
112
35
33
34
50
27
21
65
64
23
99
34
139
111
21
81
24
45
45
45
143
90
87
1
97
1
100
1
98
2
108
2
82
100
102
85
110
1
2
107
104
105
88
3
105
1
93
110
101
103
84
103
96
0
89
0
93
96
0
45
15
45
46
7
51
11
6
12
11
49
55
48
7
45
12
58
12
55
13
58
14
47
40
42
50
50
12
7
43
48
47
51
4
52
12
44
40
42
46
48
48
43
12
34
0
41
40
13
80
36
53
83
4
77
3
5
15
3
81
78
82
4
70
4
83
17
87
18
92
6
77
74
83
80
72
2
3
78
81
76
78
17
78
16
81
73
82
75
73
78
76
1
64
20
77
80
0
1
21
0
1
2
23
1
21
21
0
1
31
20
1
35
1
0
30
31
0
1
1
0
0
16
15
17
11
1
1
16
15
0
0
15
8
12
23
0
0
26
25
23
0
1
1
0
1
0
45
25
34
54
10
53
12
11
14
14
30
37
48
12
30
13
40
18
49
14
52
13
50
39
37
42
48
12
16
49
44
47
52
16
37
14
42
46
51
53
55
35
56
18
33
13
36
33
0
76
34
77
83
19
81
18
62
17
24
93
77
85
39
69
21
88
15
94
24
94
71
107
110
72
109
104
53
66
115
114
95
95
54
117
21
83
89
109
74
90
96
114
18
107
0
107
61
0
86
50
35
85
35
94
16
30
16
34
87
59
98
23
95
38
103
43
59
40
102
40
63
95
75
61
97
38
36
90
82
67
62
43
71
18
77
60
94
89
50
96
56
31
52
0
45
51
15
63
34
80
95
23
58
10
16
25
14
82
97
58
26
92
13
98
18
97
29
103
22
105
79
81
102
100
25
12
98
104
103
106
25
75
18
95
75
77
107
110
102
109
15
55
0
57
57
0
44
59
34
77
38
36
29
11
10
37
73
73
34
15
75
34
48
17
66
29
53
34
53
49
55
53
53
19
21
72
58
39
66
13
46
7
44
48
86
33
45
86
46
47
33
1
28
31
4
57
17
9
46
45
9
15
14
41
45
17
48
8
31
19
15
18
30
40
17
37
17
21
16
48
21
20
9
15
49
56
51
53
35
18
7
48
44
12
47
45
15
41
5
6
11
5
5
3
58
20
39
32
33
55
9
21
34
29
36
51
33
10
55
8
58
19
46
8
52
17
59
38
41
59
67
8
34
59
62
66
66
24
45
12
44
61
51
47
61
64
52
27
32
0
30
36
0
69
29
77
78
32
71
16
29
28
30
69
41
66
57
48
34
70
68
82
66
62
64
68
60
74
93
69
68
69
86
72
71
86
43
79
25
78
62
87
87
77
82
89
38
29
55
28
33
63
69
10
14
66
63
78
53
57
61
57
15
73
20
64
14
3
78
3
16
3
15
56
82
15
12
17
18
5
11
18
19
17
76
4
11
79
12
18
27
86
15
94
94
68
13
4
13
10
0
