279
134
283
280
171
279
99
172
175
176
276
276
184
168
279
153
279
176
286
170
280
159
272
159
277
273
252
157
134
256
273
259
259
167
270
134
134
263
276
268
273
264
277
167
164
155
154
168
143
156
40
157
161
28
164
120
25
83
123
172
147
80
111
170
87
174
29
169
26
54
121
161
38
66
161
40
108
87
154
39
157
43
109
125
85
47
130
167
165
169
44
180
119
35
26
34
35
0
179
77
192
190
54
183
63
73
66
69
191
190
120
58
52
55
191
64
200
76
191
69
167
100
65
168
68
67
53
170
169
170
177
48
66
64
157
68
124
171
63
63
62
34
52
54
125
121
49
138
70
214
152
63
107
54
109
107
97
221
122
91
0
131
0
140
3
102
5
136
3
118
117
134
108
151
0
3
147
141
122
129
11
128
0
118
153
131
121
122
155
133
0
90
0
87
97
0
96
50
93
106
32
98
26
22
31
20
101
96
86
15
74
19
97
26
96
30
103
32
107
65
78
84
115
35
33
112
107
113
118
24
88
37
99
77
112
108
106
116
107
35
56
0
55
59
30
78
84
48
99
21
75
19
24
27
25
108
92
82
12
68
15
91
29
98
33
100
22
85
58
93
92
89
21
20
92
95
96
96
42
94
29
88
54
85
90
90
85
94
19
52
34
81
79
0
2
46
5
5
15
23
3
17
29
2
4
64
13
2
65
1
2
31
65
2
3
3
4
3
54
50
35
26
3
2
57
57
4
2
65
12
42
65
2
3
69
66
57
3
2
2
3
2
0
54
26
48
69
22
72
22
9
23
23
44
53
72
18
44
16
53
19
66
21
64
22
65
55
56
52
73
25
30
77
69
80
75
21
59
18
76
54
79
83
81
55
77
28
55
22
51
48
0
94
56
97
87
24
98
24
119
27
29
137
106
103
80
66
40
108
37
106
37
109
133
102
156
60
163
158
112
142
169
169
107
110
123
163
32
88
140
176
75
104
97
168
18
163
0
151
65
0
92
69
43
66
35
93
13
27
37
33
86
63
70
18
76
33
87
39
52
40
88
37
70
89
55
62
85
33
31
89
73
67
68
32
64
46
65
70
76
77
66
84
77
21
43
0
44
74
35
101
40
109
118
21
82
17
22
36
25
106
133
87
33
127
26
134
31
133
39
131
45
120
97
100
122
123
42
18
126
120
116
117
39
107
26
125
113
107
133
136
125
122
27
81
0
83
92
0
121
62
73
106
32
76
25
33
28
30
110
108
81
42
106
32
108
35
98
22
119
27
107
118
119
125
119
27
30
104
112
85
105
29
116
22
108
104
101
92
112
108
103
30
85
5
83
77
8
55
37
28
66
26
40
26
31
16
22
55
65
42
29
59
26
57
17
60
27
59
26
59
56
64
53
55
27
24
51
68
66
56
58
42
23
83
60
39
73
81
37
76
21
21
19
30
25
18
73
19
59
31
38
71
30
32
39
44
54
66
47
26
67
24
70
35
53
23
73
26
65
58
41
70
62
27
38
62
64
59
68
39
50
12
54
62
56
54
71
72
59
40
31
0
29
28
0
93
37
94
102
43
139
28
45
45
48
101
77
101
124
74
44
101
120
155
134
99
135
106
74
111
143
104
126
133
138
116
110
145
52
161
24
103
81
124
118
130
144
154
53
36
118
44
43
120
115
22
30
104
83
105
71
81
76
80
19
115
34
85
32
6
119
5
23
7
32
88
106
26
21
26
29
9
25
23
30
26
100
5
27
96
24
26
40
103
27
129
130
91
21
4
19
24
0
