431
190
439
440
271
459
177
295
295
281
451
418
209
271
417
234
425
271
432
261
418
262
434
245
432
440
424
261
244
424
441
428
441
278
424
213
223
428
417
420
426
418
431
278
211
229
208
213
237
264
56
278
267
69
263
206
35
147
206
271
280
100
239
289
175
304
66
299
43
109
236
285
100
82
265
64
219
168
265
91
281
101
183
176
134
83
159
256
262
247
55
247
182
32
23
30
37
0
245
122
253
269
110
283
74
67
66
69
270
280
180
90
91
92
284
99
305
91
284
68
275
153
95
294
103
104
88
293
300
295
300
63
88
110
252
100
201
269
111
107
100
47
67
64
219
212
68
276
144
369
293
73
139
63
125
116
129
379
247
197
4
248
4
257
6
190
1
244
7
226
237
225
216
258
5
4
251
248
239
228
0
229
2
213
249
241
181
197
242
218
3
172
0
151
164
1
113
55
120
123
41
119
30
28
34
29
130
129
83
29
107
47
135
63
123
28
134
31
99
67
72
86
106
32
35
114
97
110
107
45
82
29
104
87
141
128
126
133
130
31
48
0
44
49
36
101
108
56
122
18
92
16
16
47
15
120
100
103
6
73
4
86
56
97
53
98
7
100
78
100
100
101
9
8
109
101
103
109
58
111
51
108
75
108
112
118
116
117
15
58
56
88
93
0
5
64
6
4
16
45
5
41
43
1
6
101
41
4
104
5
4
50
105
3
5
3
6
5
101
73
98
52
3
6
117
107
8
4
94
15
57
99
7
5
101
88
88
3
3
4
2
4
0
120
57
82
121
38
120
37
32
43
36
80
82
105
38
79
36
105
49
118
49
123
52
99
80
78
70
103
44
39
111
110
108
110
32
84
18
101
88
105
106
117
63
118
47
72
45
63
61
0
174
75
169
165
56
164
44
187
45
52
173
169
155
160
106
38
156
29
144
40
139
208
147
217
116
211
231
192
223
221
247
152
149
224
226
32
122
201
223
121
158
157
233
27
211
0
235
110
0
126
77
72
136
64
140
35
64
54
74
134
82
114
42
101
49
113
63
73
73
129
66
78
112
71
81
125
63
61
119
119
90
90
53
95
45
92
69
117
118
85
126
86
55
59
0
52
76
51
118
38
150
141
25
82
16
45
39
36
140
129
91
37
124
42
134
17
130
35
145
37
135
101
137
153
145
47
35
147
146
141
149
39
130
39
128
134
129
148
151
152
145
39
97
0
98
94
0
170
50
68
95
12
90
9
79
73
15
100
83
79
74
94
10
159
78
91
10
166
13
170
171
172
164
167
76
76
87
171
89
89
74
153
62
151
140
101
80
138
97
131
15
77
27
71
73
21
59
40
16
60
38
21
33
33
24
38
48
51
36
39
48
34
48
25
56
45
60
41
50
40
68
49
50
27
28
53
68
63
62
50
40
12
66
49
32
69
63
36
64
24
19
19
29
17
17
98
22
83
63
26
97
20
24
33
30
78
101
67
21
99
26
103
25
83
18
99
31
96
81
72
94
109
19
36
90
94
99
96
37
68
19
65
92
73
74
105
104
72
38
60
0
56
55
0
128
59
119
131
37
211
8
33
31
36
120
126
118
171
83
37
134
173
215
208
134
190
132
94
139
226
138
193
192
228
139
140
225
59
227
31
157
107
159
160
198
227
224
47
65
172
64
59
174
136
36
58
147
90
142
90
99
95
91
43
144
51
95
44
13
150
6
52
17
45
80
156
44
35
54
51
15
28
56
53
54
130
14
50
95
47
54
77
106
59
146
137
88
45
11
39
39
0
