421
198
430
451
266
449
183
302
283
289
454
430
240
282
430
227
439
289
425
271
430
271
419
258
400
422
392
280
224
397
402
405
430
269
407
243
250
421
426
406
435
395
427
265
255
249
258
272
239
257
62
273
285
60
289
202
45
127
210
285
269
106
221
284
183
305
61
287
48
101
218
249
78
104
261
59
173
135
275
80
268
84
198
192
139
92
174
269
272
282
72
271
196
51
41
45
47
0
271
146
293
303
121
297
97
96
101
103
301
300
228
122
104
107
325
118
337
121
339
102
285
190
134
303
127
138
125
309
314
316
318
99
128
140
264
141
190
301
137
133
142
70
89
91
233
228
79
281
156
378
292
99
157
81
145
155
155
387
242
203
5
255
4
290
10
184
7
264
14
247
237
239
201
291
7
10
283
287
222
250
9
237
1
205
277
236
229
225
289
238
3
170
0
143
162
2
138
70
152
148
63
150
46
28
55
50
147
153
109
46
134
68
165
82
151
46
152
53
161
101
98
110
150
48
68
149
160
154
157
73
100
51
146
129
178
171
165
175
176
48
68
0
64
63
49
145
165
76
167
26
126
22
27
57
30
172
166
148
24
121
24
158
54
184
68
173
36
189
108
163
144
192
36
13
191
167
194
195
71
182
67
153
112
159
190
191
163
191
29
72
70
128
119
0
11
121
12
9
27
97
8
95
106
6
11
163
47
9
165
7
9
80
174
8
11
10
13
9
101
103
101
25
9
8
114
125
10
8
145
14
75
154
14
9
136
147
144
7
8
8
6
8
0
120
59
91
143
38
142
42
31
35
34
91
94
123
20
97
38
112
45
146
42
138
41
131
101
88
91
137
43
48
133
137
140
143
52
102
35
139
110
142
155
141
97
148
54
91
41
81
76
0
170
95
162
184
51
181
53
191
49
59
208
198
158
157
136
63
184
58
189
62
179
204
164
244
128
233
249
205
223
259
262
169
183
193
239
58
148
216
241
150
183
175
256
50
225
0
229
120
0
157
106
84
160
72
157
44
73
70
58
174
105
162
34
155
65
174
67
120
65
184
69
136
165
129
132
163
64
61
167
163
129
143
70
135
69
148
128
171
154
125
158
126
60
89
0
95
130
64
168
63
176
208
44
147
26
45
55
40
177
208
162
63
213
38
198
42
205
55
199
65
224
179
167
216
216
62
38
217
212
210
217
65
170
34
222
163
202
225
224
235
227
30
130
0
139
133
0
168
98
80
137
42
106
29
68
65
47
135
141
108
73
132
44
187
69
143
33
184
38
195
173
200
196
192
78
65
145
178
124
141
67
184
59
173
159
137
120
138
139
143
31
93
17
96
85
20
97
61
38
98
60
42
54
59
34
55
86
108
66
58
74
58
72
39
101
49
93
58
65
70
102
66
64
49
48
83
97
110
92
67
63
36
96
80
65
96
104
75
101
40
23
41
48
24
34
88
15
82
72
42
99
33
27
41
42
89
90
71
32
101
33
110
41
96
31
103
41
119
85
86
112
114
33
44
118
103
107
121
50
92
38
92
122
98
91
114
112
82
58
48
0
51
49
0
167
77
172
184
58
207
28
57
63
54
194
133
186
185
124
64
204
167
228
192
191
199
204
153
191
225
189
201
209
241
208
196
255
80
229
48
186
162
208
196
209
226
225
65
87
171
83
86
168
168
29
45
165
151
174
111
137
129
141
35
185
63
145
38
14
186
9
37
19
43
117
197
44
42
43
46
20
52
49
44
44
154
15
40
140
32
46
80
148
50
192
191
133
35
17
29
35
0
