238
111
247
256
135
248
74
138
143
142
251
249
129
145
249
122
246
136
240
141
239
132
252
155
262
242
250
129
122
249
250
253
253
128
238
122
149
235
229
235
236
232
237
126
150
129
144
142
121
124
23
127
132
18
131
108
16
96
111
131
149
42
131
150
121
157
15
152
21
23
129
144
24
31
157
24
129
125
151
22
152
25
134
42
122
22
139
152
153
156
21
145
125
20
20
21
19
0
172
55
180
190
58
191
97
101
101
104
185
186
101
47
46
50
190
48
196
97
193
95
174
97
52
185
42
47
96
189
186
184
185
99
49
47
140
52
131
187
50
52
58
91
48
39
103
104
42
156
38
239
156
42
133
78
110
113
109
251
109
82
0
124
0
142
10
116
17
119
24
106
116
145
106
154
0
19
160
154
122
145
7
122
0
115
130
115
116
110
139
120
0
95
0
91
96
0
80
28
81
81
10
84
13
6
15
7
85
89
76
9
72
9
87
11
87
16
84
15
88
79
73
85
89
17
10
81
84
91
85
11
80
17
85
73
86
89
95
90
89
14
71
0
75
76
18
103
64
72
104
1
100
1
1
27
3
100
106
106
3
83
2
104
27
112
29
109
3
112
91
114
114
112
4
4
121
116
110
108
33
116
35
120
89
114
118
119
125
115
6
81
33
108
110
0
3
38
2
3
3
41
0
39
39
0
4
46
27
0
42
0
3
30
45
0
2
3
4
2
59
37
40
24
0
2
60
57
4
1
63
14
46
55
3
4
60
60
69
0
0
0
0
0
0
69
29
46
70
29
67
31
19
32
34
46
42
61
15
44
19
47
29
58
26
63
25
69
48
40
41
71
39
45
73
70
69
68
37
46
8
79
65
81
82
86
39
83
36
46
36
38
38
0
71
22
70
74
32
79
29
124
33
34
121
91
54
68
44
16
58
17
60
13
62
105
51
139
42
124
151
107
125
152
146
56
54
112
137
5
49
118
139
45
51
53
133
8
131
0
127
40
0
46
41
25
49
16
54
17
15
28
17
54
35
42
10
42
15
55
16
43
15
48
18
40
45
42
43
41
13
15
50
48
44
44
14
46
26
47
47
50
49
45
54
52
17
36
0
39
43
29
112
39
132
105
5
86
2
43
10
39
134
104
99
9
113
42
108
3
117
6
106
10
113
100
135
110
113
12
40
113
115
121
116
12
136
35
120
133
107
112
113
120
120
36
102
0
93
104
0
112
55
85
121
19
86
13
13
16
17
125
104
99
16
113
13
118
16
122
8
112
14
123
122
126
131
124
20
15
124
120
96
120
14
120
12
107
111
129
106
109
128
109
25
93
6
93
87
4
31
22
14
31
19
15
26
24
19
15
23
28
14
18
31
28
24
16
31
24
34
25
23
22
20
28
19
10
23
17
25
27
23
30
22
10
40
34
18
37
40
18
39
19
7
17
16
9
18
58
14
24
18
50
62
12
38
49
50
28
57
16
17
56
13
62
49
28
41
55
49
54
28
21
61
53
18
40
56
60
64
59
52
29
16
23
79
57
29
70
67
29
51
9
0
13
13
0
103
47
108
106
43
123
25
44
42
43
112
87
112
98
55
51
111
104
133
112
116
118
134
64
130
137
142
107
115
146
130
129
160
68
147
24
134
89
128
138
134
151
142
69
60
119
60
53
118
119
26
43
120
93
126
77
86
92
95
25
150
24
108
36
5
141
3
30
9
40
92
138
42
32
45
43
6
28
38
44
42
114
4
46
119
36
42
68
131
41
154
149
105
34
3
36
31
0
