212
109
211
200
147
215
101
150
147
142
206
211
135
149
205
121
213
134
208
140
205
137
215
135
201
217
207
131
121
205
208
202
213
135
213
108
130
230
228
224
231
221
234
149
126
128
119
126
128
114
24
120
114
23
120
96
20
75
106
121
129
49
123
138
97
143
22
138
21
29
121
143
28
55
151
22
132
119
149
27
150
33
125
79
106
31
123
148
147
159
23
152
123
23
14
20
23
0
158
71
166
176
63
175
68
53
63
70
168
183
101
53
41
55
194
68
200
90
196
73
170
101
66
177
56
64
71
166
171
171
177
47
50
58
140
55
125
157
51
62
53
38
37
33
115
112
32
169
69
214
163
61
87
37
81
80
86
222
128
114
0
129
1
151
6
114
9
129
13
150
125
140
108
160
3
11
170
168
128
145
14
135
1
121
166
138
115
126
178
140
2
108
0
104
108
0
63
20
60
67
11
67
24
16
21
10
69
60
59
8
42
10
71
14
66
15
62
19
65
43
56
51
63
24
11
62
66
69
65
9
50
19
52
52
57
59
62
57
58
21
45
0
38
43
21
84
84
51
88
4
78
4
6
27
6
92
93
86
6
73
6
91
33
98
37
93
12
86
64
98
84
90
6
9
103
90
100
102
31
96
27
91
66
90
118
110
95
99
8
60
37
81
82
0
3
48
3
3
11
33
3
27
32
2
3
56
24
1
62
1
2
39
50
1
3
2
6
2
59
47
57
20
1
2
64
67
6
2
60
3
54
72
3
3
62
69
67
3
2
2
0
2
0
94
39
64
88
27
86
32
20
28
35
64
68
88
25
59
31
66
43
97
44
100
44
92
61
58
55
104
39
46
94
99
102
101
36
68
14
92
65
98
97
101
59
97
38
57
40
51
49
0
90
46
88
92
24
102
27
111
27
30
120
97
93
91
57
33
97
23
93
31
92
100
92
137
57
136
135
101
123
143
149
90
87
105
138
22
86
121
142
79
94
89
145
19
135
0
127
56
0
71
47
35
76
30
80
25
32
30
34
85
46
69
13
54
27
86
29
48
37
83
29
44
72
41
45
69
28
23
68
66
41
49
25
53
30
63
46
60
67
42
67
45
27
30
0
29
38
30
58
27
54
62
12
31
16
33
25
30
54
53
30
29
55
33
61
21
53
27
52
28
67
45
65
63
62
26
35
68
63
57
59
35
70
31
53
65
60
81
78
83
77
34
28
0
28
33
0
100
69
46
91
22
60
25
31
29
24
86
85
58
38
77
14
99
40
77
11
92
10
107
102
101
102
92
33
26
82
95
70
80
27
90
20
92
79
85
66
85
80
73
17
61
15
63
54
9
39
23
14
41
19
20
26
24
13
23
31
29
18
15
28
21
28
15
28
26
30
24
25
25
28
23
23
10
18
29
28
32
32
24
26
6
32
28
21
36
35
21
34
24
8
15
20
7
17
54
16
45
33
22
63
13
18
21
23
50
53
36
11
53
11
54
21
43
14
55
21
54
44
34
58
56
13
21
48
55
60
49
36
45
14
25
65
43
48
73
76
45
36
28
0
30
29
0
86
29
87
89
29
111
14
30
28
29
87
80
88
92
47
34
98
100
123
113
92
125
91
55
92
137
84
111
120
142
88
86
141
24
144
4
85
63
87
86
130
136
139
22
43
102
45
44
102
68
25
48
67
27
73
22
29
28
30
30
74
37
25
46
7
79
3
35
9
51
21
73
43
34
44
51
13
16
48
50
40
55
10
47
47
47
44
47
61
48
86
92
43
36
7
33
36
0
