420
247
414
416
354
425
291
376
372
378
427
461
272
364
481
288
486
381
474
383
488
369
484
281
497
514
489
367
299
487
505
503
493
369
480
327
301
488
502
502
493
481
502
366
260
325
240
258
301
101
22
90
96
28
96
67
18
52
65
96
75
51
60
84
44
71
24
83
22
36
55
69
29
36
76
21
44
46
77
28
76
33
46
62
42
40
62
79
79
82
32
86
57
24
18
21
24
0
309
129
356
346
184
352
111
101
92
105
353
348
266
185
155
175
370
178
381
123
392
95
354
251
185
383
196
207
116
413
407
406
420
74
177
206
328
188
241
353
198
208
222
60
167
156
298
314
156
94
56
336
100
43
247
253
253
266
273
331
65
60
3
59
1
189
67
166
120
61
113
169
121
161
53
173
2
104
171
165
58
168
110
69
1
57
141
66
166
173
177
58
2
46
0
43
49
1
158
91
189
185
46
175
71
50
89
44
184
159
176
38
147
33
164
41
151
94
173
86
176
136
176
168
185
100
54
179
178
184
176
52
186
80
174
132
174
188
186
187
181
94
87
0
93
93
90
199
140
82
154
20
190
22
25
108
23
168
171
192
21
128
22
161
118
163
133
177
30
164
136
193
204
185
25
17
171
218
188
177
134
179
120
216
145
215
175
181
212
183
32
92
120
195
192
0
22
147
24
21
46
115
19
109
107
24
21
177
108
13
198
21
22
122
186
20
24
22
33
27
160
146
146
66
23
19
165
178
28
23
183
52
145
197
27
22
193
195
192
21
23
20
11
22
0
192
85
118
191
76
204
104
66
103
105
120
133
194
70
117
70
162
101
206
103
190
100
196
136
119
151
200
98
99
205
200
208
204
98
130
60
208
164
192
197
187
112
194
93
121
99
103
103
0
119
52
111
129
42
135
39
258
40
44
325
266
133
189
100
44
139
35
132
44
137
263
143
335
98
323
361
262
299
350
348
147
141
243
324
49
124
293
329
124
158
152
324
45
291
0
287
71
0
227
166
124
195
64
225
70
46
105
70
243
190
212
51
203
67
210
81
174
91
227
81
175
197
158
189
205
59
58
211
206
180
199
63
185
125
166
181
224
213
177
224
182
46
119
0
109
167
110
165
72
173
142
20
83
15
108
31
101
191
132
88
36
141
101
139
22
153
37
137
26
142
106
175
154
147
33
92
145
155
150
153
31
176
98
138
186
112
153
147
150
153
91
92
0
94
88
0
252
211
156
285
47
245
28
16
17
51
274
282
229
17
287
55
255
20
287
34
275
56
258
251
259
261
275
14
16
312
282
238
307
14
268
10
240
279
309
238
269
304
275
69
245
3
225
237
3
122
89
55
123
66
59
116
111
50
67
122
134
76
65
118
87
109
42
127
99
125
104
107
101
121
105
103
47
95
84
113
111
95
79
102
24
125
91
66
114
114
80
117
51
31
46
60
34
52
123
41
122
66
49
125
89
42
56
54
152
138
52
71
141
74
137
56
132
40
136
57
134
124
83
135
142
65
59
136
140
130
130
60
124
30
107
150
99
134
140
131
143
61
65
0
58
67
0
205
105
203
198
59
266
17
60
60
59
206
215
222
227
143
49
209
260
316
283
223
287
224
141
210
303
216
258
271
314
215
214
322
60
305
21
220
145
220
212
265
318
299
41
103
250
100
100
241
178
56
120
184
88
184
55
86
84
84
83
190
83
79
115
34
180
17
99
35
122
55
193
106
90
116
121
30
33
115
118
112
138
32
103
98
89
118
150
127
111
196
190
64
87
26
94
89
0
