330
142
343
347
203
339
122
215
203
216
333
328
157
207
322
154
327
197
329
202
316
201
270
162
275
277
279
173
156
262
279
284
262
182
276
150
165
293
286
271
292
296
290
170
143
162
154
157
146
211
49
225
221
67
233
194
34
154
182
224
176
66
139
185
127
177
55
194
33
70
150
186
66
62
194
41
157
133
194
60
198
71
157
104
123
54
153
180
184
190
36
182
155
33
31
33
33
0
179
107
205
191
93
202
57
51
49
53
203
193
122
83
72
72
193
77
214
67
204
57
195
121
84
222
85
95
81
238
218
221
225
49
81
82
191
81
146
194
78
84
83
37
59
51
147
155
58
201
96
259
209
61
108
55
94
105
106
259
179
146
3
185
2
202
1
136
0
180
3
168
171
182
163
204
4
1
199
197
167
185
3
179
2
146
186
179
155
153
182
180
2
120
0
107
129
4
72
32
88
84
22
75
29
18
33
20
83
85
77
12
69
17
72
18
76
32
83
33
88
72
68
77
94
38
20
92
95
85
97
26
80
36
74
81
82
89
86
75
91
35
43
0
49
51
32
67
59
39
67
4
79
4
2
39
5
72
75
67
5
61
8
79
48
77
42
71
7
72
53
81
76
76
3
3
82
85
80
79
51
84
44
91
59
85
81
86
83
83
6
45
45
68
74
0
1
62
1
1
15
54
1
62
65
3
2
80
35
2
86
1
3
59
86
2
2
2
3
2
64
65
60
24
2
2
76
75
5
2
65
14
47
62
3
4
59
72
68
2
1
2
0
1
0
75
27
60
78
26
77
30
19
29
29
52
64
71
20
56
18
61
27
80
28
85
25
83
59
59
59
80
36
31
90
91
94
97
26
61
14
82
69
85
84
87
61
94
28
56
34
47
48
0
117
66
108
122
30
125
24
127
32
31
138
125
116
99
85
34
120
31
117
29
115
146
111
155
86
158
158
114
142
156
171
117
107
136
160
38
120
153
169
104
134
144
169
30
153
0
146
77
0
119
93
61
116
48
122
38
39
36
48
125
89
120
24
100
40
119
44
90
46
124
42
90
132
75
86
128
50
37
127
138
92
97
39
121
44
83
91
135
118
91
130
103
36
68
0
66
94
35
94
50
102
125
19
63
22
29
41
29
95
101
51
29
99
34
109
22
109
22
109
31
106
70
96
108
103
35
19
105
115
106
105
28
93
27
94
89
94
113
122
116
128
24
61
0
58
68
0
115
50
55
78
14
66
13
44
35
15
80
71
64
56
66
14
107
48
79
12
120
20
128
125
132
137
133
52
45
79
120
69
74
45
105
33
106
96
82
68
96
75
97
17
68
14
61
60
17
58
29
16
57
42
28
39
37
41
48
36
58
20
32
37
32
41
33
45
34
52
34
37
23
55
39
40
16
23
54
51
51
58
59
34
15
69
52
19
67
61
20
71
23
9
16
20
12
19
67
22
58
40
30
71
27
26
32
34
70
70
42
21
72
17
75
28
67
15
74
26
75
58
45
79
75
20
32
80
78
70
84
36
69
16
61
90
70
69
91
90
68
36
40
0
43
43
0
102
36
109
104
30
157
17
34
31
31
105
113
104
106
52
38
112
119
151
143
98
144
107
56
111
159
115
129
137
163
102
115
147
38
159
18
112
68
112
98
144
163
167
43
57
137
50
48
132
109
16
42
101
74
103
59
75
74
68
28
84
32
70
38
12
95
8
33
14
37
54
100
34
28
33
34
14
19
36
39
35
73
11
32
77
29
35
40
89
35
102
108
71
17
11
15
21
0
