433
255
457
443
332
457
237
357
359
358
462
475
277
347
488
282
465
356
485
345
475
335
478
291
491
473
478
353
259
479
477
479
482
341
489
282
303
478
479
480
495
474
495
341
270
307
255
264
305
301
69
281
278
61
306
220
45
159
217
289
283
125
213
315
171
301
62
304
52
99
235
281
82
148
289
67
215
175
303
77
283
85
201
193
152
98
196
287
285
265
75
286
203
56
54
57
60
0
360
152
376
372
157
380
109
105
98
98
381
402
282
142
120
122
387
144
424
130
418
109
377
236
148
395
154
159
112
408
411
410
398
89
155
168
339
162
232
368
163
167
168
94
124
119
287
285
116
283
134
445
294
142
192
107
204
212
212
438
238
194
2
244
4
319
15
231
16
254
28
265
274
264
198
305
1
17
303
297
230
275
15
243
2
246
289
234
249
245
297
237
5
170
0
163
175
3
183
82
190
187
61
205
59
34
71
47
192
185
153
45
158
49
195
56
196
78
182
69
218
158
149
151
243
70
86
229
223
225
208
63
173
69
193
161
211
213
213
212
199
70
98
0
95
100
62
146
165
80
188
27
122
24
28
58
31
191
189
152
24
143
27
182
54
187
72
194
36
190
145
155
154
189
36
27
184
158
181
181
69
181
66
156
130
158
183
192
167
183
34
86
69
132
133
0
21
180
25
19
35
150
17
137
150
12
20
210
112
14
207
19
13
122
213
22
23
20
21
19
182
162
167
68
19
16
199
204
25
15
190
50
146
189
19
19
192
190
193
18
18
16
7
18
0
179
74
110
189
54
197
67
58
68
71
127
123
171
55
125
69
149
73
172
79
179
74
169
118
116
132
174
70
76
183
177
182
176
70
126
58
181
165
187
192
194
120
184
77
106
61
99
95
0
165
93
169
180
56
185
46
251
51
55
259
262
173
200
151
65
210
55
198
69
193
257
205
312
144
301
312
248
281
314
318
205
202
234
290
81
180
265
294
166
201
206
300
62
252
0
251
102
0
206
138
108
190
81
218
54
76
68
81
227
135
222
63
178
81
214
86
145
90
218
86
157
226
141
141
226
88
80
230
206
149
163
91
177
64
175
133
226
228
141
241
149
79
102
0
99
130
61
166
92
179
180
26
94
28
68
44
55
187
204
113
66
202
66
204
42
202
56
198
68
194
108
171
195
184
49
60
195
177
183
192
50
175
62
180
166
139
213
203
200
210
60
92
0
101
99
0
216
167
120
185
43
153
36
57
58
42
203
195
137
48
190
42
207
56
191
37
212
44
233
206
236
241
238
61
51
211
238
140
225
62
216
51
197
203
201
145
221
205
207
57
140
12
137
133
9
110
56
39
112
78
40
40
42
52
83
72
105
43
61
68
38
56
44
113
42
118
44
53
48
112
47
60
39
34
94
117
106
122
82
55
18
119
100
53
134
121
51
120
29
32
20
44
32
27
135
51
121
84
57
140
49
39
61
58
135
144
87
36
156
38
155
69
122
37
142
68
147
125
94
150
154
34
63
155
160
149
147
59
115
26
101
162
106
114
151
143
123
59
78
0
70
72
0
191
83
218
211
63
270
18
58
59
56
206
200
200
205
109
50
222
249
286
261
207
261
196
107
200
277
213
237
247
290
202
199
296
51
298
23
196
123
198
199
243
293
303
43
104
234
98
96
233
151
34
79
165
96
176
74
106
108
95
56
168
55
109
78
25
165
13
73
23
81
75
177
66
57
69
74
25
40
68
68
79
151
22
78
115
70
77
113
140
75
178
171
92
51
20
57
54
0
