373
204
394
419
247
400
171
266
279
272
400
406
247
275
424
224
411
281
413
276
415
281
413
276
418
416
434
271
237
413
419
425
422
281
422
220
261
419
417
425
426
427
420
277
224
247
208
214
249
256
68
257
267
41
263
200
38
156
208
261
265
105
219
284
182
294
41
280
30
81
229
265
84
103
290
59
221
200
285
86
283
85
200
172
163
88
188
270
269
273
65
261
206
51
25
53
54
0
49
14
48
49
28
41
19
16
16
20
48
51
35
21
20
23
43
24
48
20
47
16
44
28
27
44
25
30
10
47
47
52
52
6
23
34
43
26
39
43
25
30
32
8
24
24
40
38
24
270
111
411
272
136
142
81
175
177
174
412
240
194
4
260
5
279
13
216
8
264
15
257
270
268
209
283
5
14
277
290
246
263
16
244
3
233
278
244
259
230
282
248
4
180
0
158
185
1
147
100
183
172
73
177
32
16
33
56
182
166
116
62
140
58
176
75
182
31
182
32
180
158
108
116
187
30
76
192
190
179
173
72
119
30
170
167
185
174
182
188
183
39
95
0
82
85
33
17
114
17
117
89
20
87
81
11
87
120
112
23
65
121
97
138
15
133
16
123
108
101
69
22
24
99
85
92
94
23
109
101
15
91
14
25
58
17
93
93
22
91
61
16
12
23
25
0
30
98
32
27
29
80
24
69
66
20
30
108
59
20
121
26
31
56
130
19
31
23
28
33
97
90
97
45
22
20
122
119
28
27
125
42
106
133
26
29
133
136
141
24
25
25
11
28
0
140
47
83
142
33
148
54
42
50
57
87
92
127
44
75
50
113
57
115
54
128
51
136
93
82
100
130
58
54
139
128
127
135
55
98
49
130
115
125
131
133
75
135
50
85
47
79
75
0
145
75
148
151
50
139
48
182
48
45
192
172
148
145
112
45
147
46
160
42
153
184
156
228
117
216
223
169
195
236
241
156
153
171
213
61
135
198
211
140
163
150
221
49
189
0
204
90
0
80
78
36
74
39
89
15
26
32
29
83
71
90
22
76
28
91
43
70
41
89
32
72
96
71
62
106
44
45
100
103
74
81
43
83
26
92
73
96
92
72
110
79
36
48
0
45
63
14
152
65
174
151
20
94
24
60
39
55
166
165
109
29
153
59
162
29
152
34
153
34
166
121
157
164
163
37
59
172
179
170
170
34
149
49
156
143
141
162
163
169
167
57
106
0
103
102
0
176
133
88
149
41
132
31
53
46
44
158
144
96
64
146
30
190
60
147
16
175
28
173
153
184
186
187
56
47
127
174
95
135
53
172
41
137
161
126
109
150
123
148
29
106
13
117
111
14
105
38
40
97
56
49
9
7
34
55
62
117
69
49
64
9
64
32
106
9
109
9
70
59
106
71
84
33
7
83
109
106
111
55
70
23
130
95
59
129
136
72
125
3
70
4
62
67
3
87
21
62
33
56
92
25
45
56
49
63
92
54
23
91
26
88
53
60
37
86
43
100
55
39
106
105
25
58
110
96
96
113
66
67
23
55
110
86
65
102
107
59
72
38
0
35
34
0
155
86
167
152
57
199
25
57
53
55
163
142
153
146
94
65
152
160
203
183
161
174
160
85
171
212
165
162
178
218
161
168
227
53
221
27
155
110
156
148
188
218
234
47
79
178
76
72
166
144
27
62
136
97
141
99
100
90
98
43
143
48
91
61
22
146
12
58
21
66
89
144
56
63
58
64
19
24
64
60
77
121
19
70
89
61
75
92
112
59
143
138
62
53
16
55
49
0
