179
99
195
186
113
188
73
131
129
126
185
194
132
131
181
114
196
132
193
125
190
127
183
117
196
183
189
117
104
183
190
189
173
114
187
111
124
182
178
191
188
188
189
119
116
116
122
123
114
104
20
107
102
20
113
86
12
69
87
108
104
27
91
121
84
113
17
114
21
27
89
103
18
41
102
22
70
61
107
19
105
25
82
62
73
25
94
106
113
111
22
118
83
21
19
20
21
0
131
58
150
152
46
144
56
59
57
64
155
150
76
44
35
43
159
38
162
80
167
64
142
71
48
152
44
46
65
142
151
147
145
42
34
48
104
41
88
135
47
44
43
41
35
35
88
89
35
103
38
186
115
40
112
62
90
97
98
190
86
62
0
88
0
102
3
86
7
91
9
85
91
100
64
113
0
5
104
105
87
84
4
80
0
77
96
87
78
75
100
87
0
74
0
70
73
0
33
22
38
34
10
42
23
10
28
5
40
42
50
3
25
7
40
7
44
19
41
23
29
22
46
57
37
25
5
39
37
37
40
18
52
22
42
38
49
53
49
47
57
18
30
0
36
27
23
70
53
45
75
8
75
10
10
19
9
76
69
76
2
62
5
70
25
70
29
69
6
76
53
79
74
85
10
6
79
82
84
82
27
74
32
85
61
85
84
81
79
84
10
50
32
74
77
0
2
31
3
2
5
25
1
20
26
2
2
51
24
1
50
2
2
40
59
1
2
2
3
2
58
48
54
41
1
2
62
68
4
1
52
17
40
49
2
2
51
53
51
1
2
2
0
2
0
80
39
60
81
19
88
31
16
33
28
56
55
73
27
55
17
62
25
72
28
70
30
70
60
58
58
74
38
27
80
78
70
76
33
63
13
83
73
88
86
91
50
88
35
57
33
46
41
0
76
32
75
85
35
87
37
96
33
39
122
98
76
73
53
37
83
32
90
41
78
104
88
135
46
113
135
83
107
125
135
89
84
98
126
52
64
114
133
84
90
90
128
43
120
0
110
39
0
89
43
39
92
58
92
20
44
18
54
96
41
96
21
93
59
100
57
42
62
100
54
51
103
41
49
85
54
57
101
92
50
49
44
59
26
60
52
83
84
49
85
60
44
44
0
39
50
22
64
36
84
92
31
60
8
25
36
28
88
90
58
22
92
28
92
11
89
25
89
23
85
71
93
86
85
24
25
85
81
90
86
22
91
28
88
79
69
89
81
87
91
31
56
0
52
56
0
86
53
64
84
21
73
13
15
14
20
99
85
72
17
89
15
90
14
91
13
94
19
96
88
101
96
90
12
13
96
92
80
99
14
100
12
87
88
96
89
85
95
88
29
75
2
78
75
4
42
23
17
42
29
18
15
15
23
28
23
38
25
25
25
17
26
20
47
20
42
18
27
24
42
25
24
16
15
38
38
39
39
30
18
18
44
34
14
39
44
18
41
9
10
12
15
11
10
75
23
73
58
14
76
22
10
18
19
71
79
44
20
77
19
81
19
70
9
79
22
72
66
52
69
67
21
17
70
79
76
78
15
70
10
63
77
69
77
87
81
72
17
50
0
48
54
0
81
38
82
90
24
116
18
26
25
25
83
69
94
99
72
26
92
105
135
122
101
115
103
59
96
141
93
111
104
139
94
99
138
39
146
20
100
73
105
99
120
133
133
34
51
105
49
53
104
89
19
39
90
46
83
36
52
57
53
25
88
42
60
37
12
91
5
30
9
38
48
83
36
28
30
31
10
20
29
29
31
51
4
29
65
22
31
52
71
25
87
96
51
26
8
20
20
0
