201
90
219
210
133
213
83
129
134
125
203
206
106
130
214
108
208
131
209
132
219
123
193
114
201
194
188
118
110
191
195
188
192
123
184
105
100
185
196
176
194
189
190
116
101
105
102
110
109
132
31
135
130
30
131
95
21
71
105
134
133
43
93
140
81
135
24
133
23
39
98
127
36
39
131
31
92
74
123
43
133
40
80
88
60
37
82
121
116
129
30
123
80
22
21
20
21
0
114
62
123
124
43
122
29
30
31
35
127
117
90
41
36
37
124
53
124
38
126
29
105
88
47
126
42
50
41
137
132
126
126
28
39
45
113
39
100
120
43
45
41
23
37
38
98
100
29
121
61
172
125
48
75
37
73
65
74
174
111
87
1
112
1
121
8
93
7
111
13
111
103
128
88
136
2
9
134
132
105
116
6
112
0
95
122
110
96
104
144
102
1
77
0
83
78
0
40
16
44
42
14
47
29
19
26
6
46
41
50
9
34
11
45
14
44
28
42
33
50
27
47
48
53
29
17
43
48
51
52
23
54
23
47
49
58
61
59
59
56
28
25
0
26
28
25
45
39
18
48
14
40
13
14
15
14
38
40
45
4
30
5
33
24
33
25
35
9
49
27
46
41
51
18
13
48
50
44
50
23
51
20
48
22
47
54
53
45
50
22
19
27
44
39
0
0
27
2
2
8
23
1
19
21
1
1
50
13
1
45
0
1
15
46
1
1
1
1
1
30
27
31
7
1
0
39
32
0
0
52
3
30
50
0
1
49
49
49
0
0
1
0
0
0
60
33
46
62
14
63
13
8
13
11
42
44
58
11
37
18
40
22
67
18
58
16
55
37
34
37
41
16
14
51
52
51
54
14
47
5
47
40
52
61
56
41
59
18
36
12
39
34
0
102
43
105
101
41
106
37
83
42
43
103
85
110
72
75
48
114
47
110
53
106
97
113
120
70
118
126
96
103
125
126
127
121
94
117
45
103
111
131
91
115
123
125
39
118
0
105
61
0
83
54
43
87
51
96
21
42
32
47
98
58
71
17
69
42
83
49
56
45
83
47
54
76
43
53
70
28
25
70
67
64
60
30
51
25
55
55
66
60
58
74
61
26
34
0
38
52
27
49
28
69
75
17
45
5
14
21
14
62
87
50
29
75
11
81
18
77
30
79
27
74
57
61
76
77
22
13
78
69
83
74
24
53
13
82
50
72
84
88
80
87
13
43
0
40
42
0
83
53
46
69
20
56
10
35
33
13
69
68
59
32
59
16
88
37
65
12
88
20
90
80
88
80
90
30
28
65
87
56
68
34
86
25
84
66
80
51
77
71
66
17
58
5
52
49
11
50
24
16
47
28
16
22
21
22
22
34
29
20
16
28
19
25
14
36
18
32
22
29
27
27
24
25
12
14
24
31
32
30
19
27
11
27
26
19
27
30
20
27
10
13
11
16
15
11
58
11
58
38
12
58
22
7
14
11
55
59
38
25
54
19
54
14
55
7
52
11
58
53
49
62
56
26
10
54
64
64
63
16
64
4
58
70
52
57
61
62
55
13
31
0
40
38
0
73
39
77
85
21
105
11
21
21
24
90
61
74
88
66
24
72
89
128
102
82
103
78
64
92
129
86
98
109
137
89
88
138
30
132
16
87
78
87
88
121
128
123
24
56
91
51
50
88
64
15
25
72
46
68
39
51
47
47
15
71
24
44
26
4
69
1
25
3
26
33
73
24
20
27
25
4
15
26
24
26
52
3
25
38
19
26
32
44
24
60
52
32
23
2
17
19
0
