559
293
586
576
333
597
240
362
358
347
591
597
347
364
632
300
611
357
603
361
591
356
612
337
625
603
606
359
288
632
606
624
623
360
606
285
342
627
638
619
606
615
628
358
322
301
311
342
293
391
99
411
384
93
402
310
61
223
294
380
405
145
312
428
260
409
85
415
71
127
333
404
119
177
415
95
307
251
427
123
427
131
279
275
223
125
295
380
400
410
94
394
299
85
63
82
87
0
362
163
402
404
155
410
156
153
149
155
426
421
292
142
112
132
433
129
429
164
431
149
391
239
144
423
154
160
158
415
419
430
435
102
139
160
327
151
239
365
155
159
156
105
109
113
286
277
109
366
148
509
371
122
223
97
199
207
204
523
308
254
7
315
2
334
5
273
10
324
12
295
302
326
270
352
6
13
354
349
317
328
17
317
3
318
375
325
295
308
370
323
5
241
0
232
238
2
218
116
233
241
72
231
52
44
72
67
235
229
180
56
194
58
234
66
232
61
239
71
259
190
175
186
264
69
87
263
251
253
248
94
197
61
246
211
259
263
253
268
271
73
130
0
137
132
67
190
191
118
239
34
185
25
36
79
29
234
224
200
35
160
36
229
76
232
85
238
45
230
159
204
195
242
53
38
253
214
242
252
81
232
76
217
155
215
237
231
211
237
47
106
81
177
181
0
8
137
12
12
37
97
12
87
102
11
8
203
78
12
213
15
13
126
209
14
12
10
13
11
187
153
183
72
13
11
211
226
16
11
174
36
119
168
8
11
170
171
169
16
17
15
10
12
0
215
99
165
218
47
226
57
46
60
63
150
176
204
48
163
54
181
60
218
67
224
66
194
170
148
142
199
61
53
220
219
224
214
61
170
34
219
199
223
215
237
151
228
67
139
58
138
133
0
265
132
252
267
88
278
77
230
87
91
308
265
263
174
208
89
261
70
276
81
271
245
259
328
196
323
352
225
244
349
340
278
278
232
365
76
236
327
352
229
290
267
364
65
331
0
321
194
0
193
142
104
186
82
199
60
66
77
76
198
156
216
55
184
82
222
100
148
100
228
80
159
231
141
135
249
106
101
265
250
155
163
110
195
83
183
164
232
239
153
244
175
108
115
0
114
160
71
215
116
235
272
53
187
58
62
98
59
243
293
161
96
289
63
290
73
294
102
308
110
311
190
226
311
310
106
62
323
289
310
314
111
229
61
270
213
259
294
292
317
307
70
158
0
153
167
0
207
180
113
223
79
123
68
92
72
84
241
191
141
67
194
63
211
71
212
48
219
62
212
203
222
219
215
67
62
210
231
154
205
66
218
53
188
185
194
150
199
193
203
69
137
17
141
142
19
137
76
54
138
87
46
59
64
50
86
95
147
89
86
88
63
84
69
138
65
127
59
85
84
130
83
85
66
56
112
128
129
130
83
71
36
132
114
64
138
131
69
135
41
37
43
58
33
33
177
55
134
96
76
180
61
61
95
90
145
177
111
48
175
45
191
82
142
66
186
84
180
130
109
176
181
46
88
178
174
176
179
99
145
44
123
183
138
125
186
182
148
113
86
0
80
89
0
210
98
225
234
89
270
42
94
90
104
235
197
248
197
135
111
252
207
283
238
259
239
272
132
275
293
260
216
234
290
267
278
309
120
306
51
271
190
275
281
246
308
306
122
118
235
113
110
209
206
29
73
206
157
210
148
160
165
166
41
223
70
152
68
19
219
13
64
26
66
137
226
70
61
71
70
22
52
63
68
70
169
16
65
172
62
73
105
195
67
240
238
141
50
15
53
52
0
