165
68
169
160
102
165
62
107
98
102
171
172
104
96
166
77
174
99
176
100
170
107
162
93
167
162
161
95
72
159
174
167
159
94
171
86
102
165
160
158
168
175
176
100
78
96
77
82
83
135
33
136
142
31
143
106
27
60
103
147
122
63
76
138
66
135
33
139
30
47
83
129
50
74
128
39
83
63
129
47
136
56
88
120
68
55
120
138
134
129
50
136
95
38
24
38
39
0
102
45
99
100
51
109
37
37
36
40
104
111
74
49
45
45
107
43
109
45
113
33
101
74
45
114
47
54
36
106
118
113
106
15
49
56
107
54
66
105
56
61
60
16
41
41
92
79
42
119
51
281
113
45
211
184
195
210
190
308
89
78
0
89
0
178
65
171
91
94
91
187
148
202
79
201
0
98
194
195
93
192
95
96
0
96
181
92
184
182
192
78
0
69
0
58
67
0
186
123
229
229
82
218
50
36
62
78
223
208
165
62
176
69
213
93
219
62
208
62
207
213
147
168
216
64
95
232
213
231
222
80
164
57
216
192
225
215
222
232
230
60
109
0
111
108
57
54
140
25
150
88
47
89
85
26
85
151
150
60
73
146
93
159
27
157
36
156
101
153
136
56
58
166
108
106
157
67
167
165
37
147
36
65
110
58
150
154
64
153
101
31
31
59
56
0
41
153
37
24
47
114
39
98
111
34
44
194
111
37
188
38
39
95
185
33
36
40
41
37
156
168
169
48
36
21
173
177
36
33
168
52
150
172
37
40
181
178
179
44
38
38
19
44
0
186
68
114
193
57
178
88
54
91
83
106
124
181
73
113
77
157
83
180
88
189
84
180
116
118
129
168
80
88
163
179
165
181
77
123
63
170
142
174
176
171
112
188
75
116
72
110
99
0
140
81
126
145
23
153
22
160
27
29
235
195
144
128
122
36
144
24
154
32
151
171
146
239
122
242
249
150
189
255
245
152
136
172
249
34
147
228
250
134
149
155
260
23
233
0
230
100
0
108
93
58
90
28
107
50
28
50
27
118
82
103
36
95
32
125
44
84
45
121
37
106
119
98
85
127
46
42
138
121
111
124
44
141
58
116
112
126
125
103
134
122
42
55
0
57
95
50
116
75
136
139
36
62
24
79
43
77
136
131
84
50
135
75
146
33
146
43
141
46
160
103
134
159
156
57
76
162
159
152
159
60
143
74
147
139
107
161
158
157
158
78
61
0
56
60
0
167
173
80
204
68
141
40
35
29
74
207
183
147
29
197
66
167
26
217
44
169
66
179
158
181
177
161
25
22
200
166
116
194
28
157
18
167
159
191
144
159
200
155
65
135
1
136
121
8
132
59
58
130
69
57
23
25
40
66
83
127
74
50
80
20
66
35
125
21
115
21
68
67
126
72
64
35
21
87
128
139
134
65
82
20
141
101
72
138
146
91
152
9
75
14
81
88
9
95
19
73
56
63
93
47
49
58
65
73
92
49
36
100
43
96
67
78
47
98
63
107
75
51
105
95
44
63
101
99
99
101
56
93
19
87
114
76
90
116
121
93
55
36
0
37
41
0
147
64
154
154
65
196
27
57
58
62
168
152
145
154
83
54
141
196
210
184
155
195
151
77
151
205
151
163
192
196
151
157
218
44
218
24
129
97
144
152
163
210
204
36
66
180
67
65
179
137
37
85
145
53
125
40
55
54
58
62
131
61
59
83
31
131
12
56
34
74
38
144
74
62
77
82
35
36
78
87
87
108
31
86
83
74
87
102
108
96
136
138
53
64
26
62
65
0
