214
106
219
233
143
216
93
155
144
157
216
216
129
142
231
129
215
142
209
149
214
140
219
126
217
213
206
141
105
211
213
210
210
129
236
124
126
234
236
228
227
243
238
139
134
130
132
137
129
134
18
149
139
19
139
123
12
93
119
144
148
45
130
160
106
151
22
148
19
32
122
153
31
58
147
24
121
103
147
32
166
35
106
62
85
32
107
138
135
134
24
140
110
22
20
22
22
0
141
60
156
146
60
170
57
57
61
62
164
148
86
50
44
48
156
47
172
72
159
53
150
87
46
157
45
50
56
157
159
159
163
34
46
50
127
46
116
145
48
46
49
38
36
38
108
119
32
149
58
217
163
56
100
35
80
83
81
216
113
94
2
123
2
130
4
97
2
122
3
123
124
135
99
145
3
10
148
144
121
119
9
127
2
108
140
122
114
116
134
117
2
100
0
102
98
1
55
33
71
68
19
71
19
11
17
15
65
62
57
10
55
11
66
16
65
22
64
19
75
47
59
56
74
22
27
78
80
77
76
23
64
20
65
59
76
76
75
75
73
17
38
0
43
38
13
69
60
43
76
10
66
9
12
26
12
83
75
70
6
50
4
71
25
77
23
70
8
79
58
72
73
90
14
8
76
76
79
76
26
85
21
69
51
73
79
74
72
77
15
53
23
63
71
0
6
54
5
3
6
42
4
35
35
3
6
60
24
4
71
4
4
31
59
3
6
4
5
6
46
45
45
17
2
5
61
50
4
3
54
10
39
62
5
5
65
62
60
3
5
4
2
4
0
70
28
51
74
13
77
21
12
20
23
50
47
63
17
44
11
39
17
67
18
72
19
69
55
49
41
64
19
23
70
71
69
72
17
60
9
69
63
66
70
70
44
75
14
46
18
39
46
0
88
52
93
102
29
102
21
94
28
27
127
96
95
69
73
21
91
14
104
23
95
109
102
136
71
134
152
94
121
154
146
103
105
104
148
28
88
130
145
87
106
105
151
19
137
0
126
71
0
88
65
37
84
33
92
20
23
23
30
95
63
81
19
60
17
88
26
67
27
85
21
72
92
55
64
101
33
25
89
95
55
69
25
70
23
59
66
80
75
55
85
66
17
44
0
42
58
16
63
26
65
84
11
62
23
18
33
16
74
93
52
35
94
16
93
23
99
37
99
30
89
62
59
99
97
32
12
95
96
87
99
32
70
15
82
61
76
100
103
93
95
17
49
0
49
57
0
110
69
64
100
27
65
23
33
35
27
98
103
75
26
106
30
105
28
100
26
100
30
104
94
101
99
108
21
18
88
85
65
94
22
99
20
86
85
90
61
85
85
81
25
65
6
60
65
3
59
24
26
64
40
21
17
11
29
37
26
54
28
32
28
18
29
20
52
18
52
17
30
27
60
32
27
17
19
39
60
49
53
40
22
11
59
42
12
57
62
17
62
10
11
12
20
10
7
51
19
37
28
26
57
14
24
22
20
41
45
28
10
51
12
49
25
45
19
52
28
55
36
25
58
54
15
28
58
56
58
63
27
38
12
32
47
49
43
49
59
38
36
20
0
22
18
0
88
37
84
82
36
110
19
30
30
33
73
70
82
83
47
30
86
90
124
107
87
112
83
41
73
127
91
102
110
125
80
84
137
31
132
16
72
49
78
71
116
115
124
36
28
98
27
27
97
63
8
24
64
42
61
38
41
43
40
12
72
19
42
24
5
66
4
19
8
20
41
71
22
13
18
25
8
14
17
24
23
55
6
27
60
19
25
33
70
22
76
73
54
14
6
15
12
0
