414
215
449
430
291
446
201
316
312
306
440
440
262
322
421
255
425
304
441
303
442
288
420
264
417
421
411
293
246
409
430
417
418
291
439
265
274
458
440
431
477
448
453
290
266
281
273
274
265
310
85
307
309
68
307
216
50
145
225
318
291
99
232
298
190
299
65
291
50
93
236
301
112
114
301
80
223
179
302
115
298
108
225
206
159
96
207
303
296
316
77
308
213
64
43
60
64
0
305
143
317
338
123
320
113
108
122
104
344
355
229
123
93
101
382
117
354
146
373
121
342
218
127
374
135
139
141
374
377
369
376
110
115
131
291
131
215
341
121
128
125
88
88
86
251
243
82
287
158
423
316
125
175
85
183
187
190
446
263
210
4
275
3
296
17
214
28
256
30
282
242
299
221
326
5
26
310
324
251
292
33
261
3
238
329
277
261
276
332
270
3
184
0
170
176
1
157
68
179
172
93
160
37
33
59
70
165
153
107
59
129
73
151
81
141
48
147
47
173
135
96
95
183
53
102
173
184
185
178
86
107
47
139
139
174
171
172
184
167
54
58
0
62
57
49
157
174
70
189
33
144
25
29
62
30
185
209
153
37
142
29
198
59
206
68
213
35
180
131
160
154
192
29
22
174
175
186
184
63
218
63
170
128
167
213
217
174
224
42
85
68
143
141
0
10
163
19
15
26
124
10
120
139
9
15
183
88
9
182
9
8
110
194
7
13
9
14
11
164
151
152
69
12
14
188
179
13
11
145
20
95
142
15
12
143
139
144
11
10
13
7
10
0
154
89
128
181
35
172
42
33
51
42
122
116
146
33
112
36
125
49
156
45
154
48
157
129
120
114
147
49
52
163
156
174
162
45
129
30
161
140
153
166
163
122
172
46
114
47
105
95
0
203
106
187
203
75
210
68
214
82
79
251
228
192
174
160
60
208
62
191
69
202
236
191
299
134
264
299
221
259
303
301
190
187
227
279
77
176
260
266
182
212
216
281
60
274
0
273
129
0
174
101
93
185
84
178
35
73
76
78
203
116
178
48
167
89
193
100
118
103
197
98
120
189
129
115
190
88
78
186
194
118
124
94
133
75
162
137
183
186
125
184
145
86
86
0
83
122
75
164
61
194
237
63
144
28
54
92
53
219
216
179
80
252
58
240
42
237
75
232
71
230
199
206
237
231
81
48
232
232
249
254
77
191
52
225
197
205
250
244
240
243
46
136
0
137
148
0
189
118
89
149
34
117
21
70
63
33
151
162
123
56
163
44
184
55
175
31
206
37
201
191
191
205
221
66
59
151
200
144
160
60
217
58
178
170
149
146
174
146
175
33
119
11
130
119
12
88
59
35
87
63
38
48
55
44
62
70
91
63
58
72
50
72
46
86
54
87
47
76
68
100
68
77
46
46
77
96
92
90
60
73
31
84
61
54
85
98
46
87
40
28
27
36
29
28
123
27
111
82
33
140
49
33
41
41
121
125
80
46
115
47
117
35
117
23
124
37
131
110
98
125
133
47
38
128
126
120
124
44
119
25
107
132
129
120
126
132
114
46
62
0
59
74
0
168
73
182
167
49
234
12
49
50
50
169
160
183
190
140
61
183
210
273
233
171
246
194
140
202
267
207
218
239
281
204
200
294
78
281
54
217
162
214
223
252
291
272
64
89
225
86
96
212
170
35
52
182
130
179
106
130
133
133
42
190
73
147
54
16
194
12
56
16
61
123
208
55
52
69
57
17
43
63
54
58
181
20
61
132
47
61
83
168
61
189
189
124
41
15
45
40
0
