551
275
588
586
391
580
289
410
406
413
583
592
349
413
615
330
617
396
615
408
617
389
618
390
621
617
616
382
331
602
633
597
636
407
646
321
376
639
646
636
634
647
653
392
373
331
358
368
345
380
86
377
376
73
389
293
54
228
289
369
392
143
298
419
253
411
75
409
70
119
306
421
134
158
421
95
309
253
407
130
412
131
288
256
218
127
299
393
397
394
111
398
290
91
62
93
91
0
427
190
459
482
205
470
159
144
169
169
497
443
328
205
168
184
455
194
479
166
466
143
437
282
208
456
205
211
158
455
469
473
435
112
199
220
363
211
261
409
203
206
214
94
162
167
330
327
159
365
153
557
419
161
240
123
218
251
250
577
322
272
3
329
0
371
16
274
18
324
22
280
335
333
261
367
2
13
362
358
323
327
21
317
0
320
361
325
311
293
383
317
1
234
0
222
242
2
204
101
239
224
85
240
74
36
76
57
232
215
177
59
192
62
224
73
235
80
227
82
211
186
181
188
214
77
73
221
219
232
219
80
190
76
223
188
248
244
251
232
232
80
120
0
119
126
76
230
206
115
233
41
233
33
44
100
44
246
233
248
37
180
32
224
94
236
124
237
39
231
179
253
246
253
48
37
241
263
230
256
119
258
106
245
173
252
255
254
258
271
48
139
123
223
221
0
6
155
12
10
35
119
6
94
119
9
13
174
80
9
191
8
7
87
197
9
7
10
12
12
196
150
181
74
6
6
211
205
11
7
185
29
117
187
11
10
201
183
194
7
10
9
6
6
0
233
109
176
269
66
252
79
55
74
89
161
176
222
39
167
44
178
66
232
69
242
69
237
174
171
169
225
72
67
247
239
256
239
77
184
34
235
218
249
261
257
171
254
76
155
74
141
137
0
245
139
227
246
87
262
71
291
88
80
321
284
256
216
189
78
271
69
258
75
258
290
246
351
201
330
360
276
313
372
370
254
256
295
360
69
229
333
348
220
259
266
356
61
322
0
349
178
0
226
180
123
227
96
247
66
83
109
89
248
172
239
56
219
100
259
101
179
115
251
108
185
269
175
192
250
122
107
277
240
189
205
98
213
113
216
175
270
259
200
262
192
105
135
0
129
184
107
204
102
222
263
52
169
59
82
90
72
225
256
139
91
264
79
238
65
259
91
259
92
252
154
209
246
281
113
67
260
253
263
270
88
224
63
238
210
205
254
263
272
264
74
148
0
142
155
0
238
187
122
229
68
152
46
86
71
63
233
214
188
86
243
69
268
81
225
52
269
58
272
265
272
276
248
82
80
207
258
177
215
72
223
60
226
239
230
188
227
218
225
54
157
22
162
158
26
143
93
59
144
85
57
93
82
51
91
122
127
92
74
125
76
108
61
133
88
125
87
117
95
128
117
93
45
74
114
119
126
123
92
110
33
133
112
85
143
137
96
137
56
55
47
77
46
42
177
52
166
110
65
193
69
44
61
68
147
179
120
66
174
62
175
72
138
44
173
65
186
145
136
177
180
69
76
195
175
174
178
96
144
48
136
202
149
147
210
215
136
103
81
0
83
77
0
243
103
258
269
103
298
45
105
106
103
258
250
283
242
176
113
282
262
323
301
286
305
284
158
272
313
274
255
281
327
298
278
352
113
353
58
281
167
284
287
301
341
327
104
125
282
119
122
250
209
37
89
221
131
222
116
131
140
144
61
238
76
141
83
19
222
6
79
21
92
113
240
82
70
89
82
20
56
79
77
73
210
23
69
145
67
84
127
187
90
231
227
140
66
12
72
68
0
