151
61
154
147
95
154
57
100
96
95
155
149
94
96
162
81
164
95
155
92
155
97
155
81
155
155
143
95
79
156
156
147
149
95
149
73
91
143
149
150
149
143
145
97
87
81
89
86
86
91
29
89
92
17
91
64
18
56
68
96
105
32
74
112
66
112
20
109
15
31
77
124
32
44
126
27
93
70
122
29
119
35
86
73
66
35
82
115
111
117
23
118
93
21
15
22
21
0
109
42
130
144
42
134
60
47
60
59
137
112
67
36
27
35
120
35
123
60
128
39
108
61
38
107
36
37
47
107
109
116
108
41
37
39
93
45
83
102
40
43
48
47
29
28
70
72
32
103
33
149
113
42
59
28
57
62
64
165
80
68
2
81
1
87
2
73
2
86
4
73
75
88
79
90
4
5
86
91
84
85
4
90
1
80
106
90
78
81
104
91
1
70
0
60
64
1
60
36
57
61
13
60
19
15
22
10
53
51
55
9
46
9
62
19
60
23
62
20
60
35
56
46
64
26
23
66
68
63
64
17
48
23
54
44
60
60
55
59
59
22
39
0
39
39
22
74
86
42
96
12
65
5
13
17
14
90
94
73
12
56
5
87
18
92
23
101
21
85
55
77
71
80
12
8
87
73
85
85
23
91
19
72
56
70
93
86
78
86
16
53
17
66
61
0
2
38
2
0
6
26
2
15
25
0
3
40
18
0
43
1
2
18
49
0
1
0
3
1
43
42
32
17
1
1
39
41
3
1
36
9
23
40
1
2
38
41
37
2
2
1
1
1
0
50
27
36
52
7
49
9
7
11
10
35
38
51
7
41
12
41
14
56
12
62
14
52
39
32
38
59
8
15
57
56
53
60
13
40
3
50
42
46
55
41
30
51
11
29
9
30
27
0
70
31
66
76
25
71
24
72
24
25
83
70
75
58
41
28
70
22
77
30
77
75
80
98
51
95
100
67
79
100
107
80
79
71
98
31
62
90
96
61
84
86
101
22
101
0
95
48
0
70
50
28
61
28
71
13
27
29
30
72
42
70
13
53
33
66
24
55
29
71
31
53
66
41
49
66
32
31
61
60
52
54
26
47
31
53
51
60
57
52
69
56
24
36
0
38
46
26
62
15
72
80
19
59
15
12
25
9
65
87
62
25
90
11
84
16
94
25
80
26
85
76
67
83
85
29
9
91
93
93
90
25
68
9
86
68
86
86
91
93
87
13
44
0
44
48
0
58
48
38
66
22
39
19
24
24
24
71
61
50
24
63
11
68
22
61
17
65
12
72
69
68
67
71
21
22
62
71
46
60
20
58
17
66
64
69
43
65
65
54
25
47
10
42
40
6
36
27
13
36
25
18
17
14
17
20
21
34
12
25
29
14
24
19
37
13
36
16
22
23
44
28
26
15
15
26
38
40
46
33
25
11
37
34
25
37
41
24
47
8
10
10
14
10
7
62
11
39
24
22
52
18
16
28
26
46
52
35
19
57
19
55
23
38
18
50
24
44
30
29
46
55
20
20
60
53
48
54
24
33
14
35
54
41
41
55
55
36
26
20
0
20
26
0
72
33
72
73
23
64
13
23
24
23
80
49
76
64
61
32
87
68
85
73
84
81
81
59
83
91
79
66
71
96
74
81
94
34
91
18
80
56
77
77
92
94
97
28
33
76
36
42
71
62
6
12
62
50
58
41
50
49
51
5
64
14
49
15
2
58
3
11
3
12
40
65
11
13
14
14
2
12
13
12
14
54
2
15
50
9
13
19
58
12
67
62
44
13
2
13
12
0
