252
131
253
271
165
266
130
168
184
180
273
283
135
178
295
144
282
171
289
177
268
174
265
156
287
271
282
171
143
281
273
274
279
166
264
150
132
275
270
269
286
254
282
180
141
148
130
150
156
161
44
173
186
42
182
137
27
109
141
175
172
59
155
189
129
189
41
184
31
47
165
171
46
71
177
36
149
127
172
43
177
50
130
93
105
43
125
160
166
170
39
166
128
36
26
36
32
0
188
79
190
199
75
188
72
61
71
80
188
212
123
75
54
65
206
74
211
87
216
71
193
122
78
201
81
82
89
222
228
220
227
72
75
80
164
73
144
194
68
77
77
70
64
60
137
126
55
193
84
260
193
70
100
54
105
111
106
243
165
113
1
163
2
167
3
128
3
157
10
161
158
165
137
204
2
14
192
201
153
183
12
175
2
147
164
159
144
151
186
157
1
126
0
127
137
0
68
33
78
70
17
72
25
11
33
8
69
79
67
15
43
12
84
19
80
29
75
37
66
48
64
73
72
29
21
73
72
81
73
11
70
29
72
61
75
72
75
80
83
25
44
0
43
50
24
90
89
55
97
10
89
5
9
34
11
100
97
99
10
75
9
101
41
93
46
106
13
106
79
95
102
107
10
9
107
106
106
107
47
109
38
107
75
100
111
113
107
113
12
61
41
84
86
0
5
58
2
2
11
49
3
40
46
3
6
80
42
3
78
2
4
50
75
2
4
6
4
4
87
62
75
20
1
5
80
81
4
3
83
16
54
82
6
5
91
85
80
3
2
4
3
1
0
84
42
64
96
38
89
36
17
32
36
60
59
89
35
56
37
63
46
87
41
85
39
91
64
57
39
87
40
45
89
92
88
84
41
70
21
100
77
108
95
103
48
103
51
66
38
49
47
0
113
58
114
123
41
113
42
123
43
42
142
140
132
110
68
62
133
48
128
59
139
135
111
161
73
145
173
139
144
165
162
108
110
130
152
44
96
151
163
91
113
113
155
31
147
0
156
72
0
96
66
46
90
49
99
27
36
45
47
99
72
90
25
80
37
93
43
55
45
100
43
72
96
62
63
106
50
38
98
95
58
70
43
81
42
81
69
91
90
69
92
67
27
47
0
46
68
41
68
39
75
71
12
42
10
38
21
37
87
69
39
24
69
43
62
14
60
25
68
24
73
58
75
78
72
31
36
79
81
79
77
36
84
38
71
75
62
84
84
92
92
40
37
0
36
37
0
120
69
59
101
24
79
14
35
41
22
99
92
86
45
90
13
123
40
91
11
120
12
116
114
123
117
127
31
37
101
118
86
91
41
108
26
119
121
93
77
121
97
114
11
79
9
74
70
10
50
34
17
52
30
20
36
32
25
28
38
40
28
24
42
36
47
21
44
44
41
44
46
45
36
47
47
16
30
28
34
42
32
24
38
5
39
37
41
43
42
34
44
31
17
25
24
19
19
61
28
58
40
19
77
30
16
25
20
64
79
47
24
74
27
71
31
52
17
78
32
94
60
45
92
83
22
40
85
86
92
98
42
58
13
56
104
63
61
96
100
63
47
49
0
48
48
0
107
42
111
118
32
143
13
27
32
27
108
95
102
102
67
23
106
121
150
129
107
132
117
74
104
156
96
127
130
164
112
101
169
24
155
17
115
79
106
109
149
185
165
23
73
134
68
70
124
70
25
46
71
33
77
19
37
35
36
27
79
31
49
41
7
89
3
35
11
44
29
82
42
44
43
47
9
21
47
45
55
63
9
44
57
34
40
67
73
47
106
99
49
31
7
20
31
0
