436
215
448
453
278
453
199
310
303
309
453
438
253
293
435
241
424
292
437
296
444
273
452
221
470
453
441
296
225
466
459
468
444
288
448
239
254
442
435
433
459
453
447
290
236
253
232
242
251
254
61
275
264
73
274
231
54
156
220
283
241
113
194
249
170
266
69
249
51
88
201
270
97
106
274
65
229
163
278
102
277
100
214
198
166
97
204
279
291
290
55
283
220
36
37
41
46
0
307
127
299
298
136
328
96
100
94
103
326
311
186
124
102
114
309
131
314
122
316
81
268
195
118
294
138
130
82
279
283
294
298
51
111
129
253
123
191
263
123
127
118
43
91
85
218
210
79
241
146
341
276
85
124
59
98
131
122
378
236
190
5
220
3
244
6
169
15
218
17
225
232
243
183
252
8
15
258
259
205
244
15
224
2
199
259
221
210
196
263
224
2
153
0
149
150
2
157
59
169
167
54
166
40
31
51
34
181
153
142
31
110
33
165
41
158
47
158
51
150
101
147
134
155
46
35
153
151
152
153
33
147
41
147
114
157
152
158
159
143
40
98
0
88
94
41
118
130
56
137
13
117
7
14
57
11
130
134
134
12
96
13
127
55
128
59
140
17
145
87
136
133
146
19
11
138
143
146
148
58
159
55
126
89
128
162
155
133
149
20
62
59
106
128
0
7
76
7
6
12
66
6
63
54
5
5
122
53
7
133
6
4
82
139
4
6
5
6
6
105
94
111
57
4
5
130
120
6
2
95
15
62
92
7
8
86
89
92
6
6
8
2
7
0
119
52
73
135
46
129
44
32
50
42
78
87
116
29
85
39
105
52
125
57
128
49
110
88
84
67
115
53
52
124
116
124
127
42
89
24
119
97
116
130
112
64
121
42
79
47
62
63
0
191
106
164
187
48
180
45
187
47
51
207
203
183
172
125
54
199
43
203
53
201
203
174
246
152
239
263
205
218
254
264
178
194
214
231
42
179
226
248
145
185
176
263
23
233
0
237
128
0
151
110
77
133
48
153
44
45
62
48
155
124
151
37
126
52
149
56
117
55
165
56
121
168
93
118
169
61
58
163
170
121
132
66
158
61
127
122
172
183
117
191
133
57
91
0
91
127
59
116
53
125
144
27
94
21
55
44
47
125
144
86
40
131
50
140
30
145
41
134
34
139
89
116
163
152
39
61
157
148
150
158
41
136
42
157
129
126
174
162
162
160
47
73
0
70
77
0
170
116
64
142
46
107
30
74
75
51
126
121
98
76
121
48
151
76
121
41
174
46
171
145
174
162
172
67
64
117
172
96
123
65
157
57
145
147
132
91
148
127
129
50
80
11
73
78
15
90
49
28
87
68
33
56
54
54
72
58
89
33
56
55
39
61
41
77
49
84
49
61
54
99
52
64
28
37
76
83
86
87
56
45
13
86
67
32
79
93
44
83
26
14
23
39
17
16
126
44
94
60
60
123
36
54
67
62
89
123
45
37
117
26
118
67
84
48
124
61
117
89
60
121
131
26
53
109
112
113
120
44
80
21
72
116
77
89
112
127
94
53
40
0
41
42
0
156
81
162
168
49
208
19
51
52
50
177
162
175
159
114
65
181
194
240
225
172
211
153
100
174
241
164
185
212
250
159
169
239
41
243
21
167
101
164
167
201
251
252
46
92
197
93
95
189
135
29
48
133
87
133
72
86
83
79
31
155
37
103
56
11
150
7
48
18
59
71
149
57
55
71
56
20
40
65
60
60
116
15
50
105
39
56
102
122
56
143
156
91
45
9
39
44
0
