666
319
698
699
468
714
358
492
499
487
705
676
380
488
701
404
703
501
676
497
686
505
675
379
700
673
675
471
398
703
668
689
675
464
701
380
353
687
703
692
681
698
683
489
373
396
369
369
430
451
103
490
480
102
484
359
56
216
357
481
448
151
305
452
263
461
127
464
74
159
343
430
171
181
430
112
317
243
449
168
447
180
283
314
208
177
282
421
421
431
136
415
293
76
63
62
75
0
444
229
474
478
222
483
101
99
96
96
473
446
316
180
154
173
451
187
473
89
469
62
421
334
183
430
187
199
80
432
423
454
446
94
177
200
452
206
377
470
187
189
203
85
140
130
402
381
118
394
233
555
432
150
266
118
238
239
228
595
369
332
11
372
5
409
10
328
11
359
17
353
340
383
323
422
14
16
409
411
381
383
25
373
5
337
415
366
336
357
413
365
12
244
0
240
259
4
164
65
172
179
95
186
58
55
72
89
164
189
113
47
159
103
196
118
201
61
195
68
162
88
109
111
177
69
94
167
168
183
182
75
120
60
114
132
167
156
157
162
163
74
52
0
48
50
65
167
157
69
169
28
141
26
37
78
31
167
176
170
21
117
29
164
78
192
92
189
40
162
107
167
159
164
27
19
173
180
170
161
102
190
88
182
101
172
178
194
169
182
39
79
86
141
151
0
11
123
17
18
28
80
12
82
88
7
15
190
69
10
193
9
10
109
185
8
15
12
14
15
169
145
156
68
10
15
186
186
16
7
214
53
159
222
14
12
195
206
225
10
12
12
4
10
0
239
98
153
249
62
235
83
72
82
86
144
162
202
26
139
51
165
62
218
66
230
70
193
154
149
135
211
80
89
202
203
198
207
81
165
44
210
181
208
223
215
139
219
78
131
75
115
115
0
257
158
262
269
76
277
62
330
60
61
356
299
264
238
211
63
252
49
254
62
257
348
254
411
202
392
414
351
395
420
411
244
245
347
388
68
234
366
426
233
263
269
431
45
382
0
374
169
0
205
153
97
213
87
229
54
90
82
105
227
158
209
52
214
88
224
103
143
102
240
93
161
215
131
156
212
96
71
210
215
168
163
79
173
84
162
165
199
201
172
202
177
75
117
0
101
154
87
184
84
204
217
39
184
46
63
72
63
217
225
166
73
225
83
245
48
249
71
245
69
251
183
220
229
231
74
72
221
222
230
222
82
228
76
213
232
210
237
240
241
238
83
153
0
163
171
0
297
134
159
236
40
214
23
124
114
44
224
215
183
123
219
41
298
118
230
25
313
34
332
337
319
325
318
114
104
235
306
212
236
113
283
98
271
254
236
204
261
230
251
34
178
38
176
170
29
121
66
33
104
73
42
69
67
45
71
87
94
55
50
87
68
92
34
102
70
100
76
98
94
102
98
92
41
61
76
100
108
96
54
72
19
81
77
69
86
92
64
93
48
39
40
54
32
36
97
19
112
83
25
99
52
16
29
33
121
125
80
46
116
50
116
41
126
28
121
30
136
123
110
140
150
50
36
137
143
121
130
37
121
26
115
144
127
137
139
154
140
43
76
0
77
74
0
176
90
203
201
45
333
22
56
48
47
199
169
213
325
163
60
210
316
393
364
208
351
216
159
218
392
218
350
361
402
209
218
408
80
408
48
235
172
235
243
367
417
409
73
103
330
99
106
314
216
43
77
227
141
220
127
158
151
155
62
212
80
147
87
21
234
10
61
26
82
111
239
80
81
86
88
25
70
93
92
87
179
20
93
178
84
98
149
195
93
245
247
147
64
16
60
61
0
