255
153
261
276
202
257
134
220
215
213
256
271
173
203
262
174
270
206
267
199
272
185
274
156
276
272
268
193
154
273
281
289
268
196
279
156
168
273
277
278
279
279
276
199
153
179
160
148
186
168
28
159
163
31
161
126
30
111
125
162
157
58
121
165
105
172
33
166
29
54
124
128
42
53
137
33
107
91
143
36
149
40
122
96
101
40
120
157
151
150
34
164
124
30
21
30
30
0
198
88
211
225
89
224
77
64
60
72
231
215
166
91
78
80
223
85
244
93
244
85
203
131
82
217
82
83
80
223
210
216
211
49
71
86
190
76
124
193
86
82
87
50
66
62
149
152
67
162
74
257
180
81
110
75
134
147
148
273
138
99
3
146
3
183
18
124
27
141
36
134
124
136
97
156
2
10
168
155
126
148
13
138
2
127
162
138
114
135
171
148
2
96
0
100
99
1
67
38
83
81
21
75
37
21
39
14
89
73
68
11
57
18
82
18
82
33
79
35
71
58
64
71
78
41
20
76
74
79
77
18
69
33
68
68
85
76
79
75
79
36
43
0
42
41
29
84
68
52
95
7
83
6
7
39
6
92
83
93
9
68
5
79
38
83
38
82
9
81
74
89
100
87
8
11
84
103
82
90
45
84
41
97
66
104
87
94
103
98
8
67
42
101
93
0
3
59
2
3
10
48
0
50
56
1
3
74
43
0
67
0
2
58
68
1
3
2
3
3
80
66
80
25
1
1
92
91
3
1
94
12
74
89
2
2
92
92
95
0
0
1
0
1
0
72
31
50
68
28
76
26
14
27
27
53
61
69
24
55
33
61
42
86
40
84
39
85
61
53
54
81
29
43
87
92
88
81
38
50
20
94
70
82
93
93
45
99
40
39
28
42
38
0
83
42
78
83
27
84
16
156
22
23
151
120
76
106
57
26
88
18
88
22
88
161
94
195
53
162
199
141
176
192
197
103
99
149
185
21
73
147
182
61
76
83
184
15
170
0
163
50
0
98
69
63
91
31
93
32
31
38
27
92
76
92
21
75
23
87
26
72
20
88
26
74
90
68
70
99
31
25
102
91
78
81
25
78
43
69
76
88
89
72
84
80
27
57
0
62
74
35
61
37
60
50
9
34
14
27
22
26
67
64
34
21
60
28
71
14
73
21
68
24
71
36
61
73
74
26
24
80
73
71
71
20
70
25
65
70
66
84
84
74
80
29
45
0
49
45
0
146
68
95
129
11
100
6
32
25
15
115
110
106
28
117
14
144
24
114
10
143
14
148
151
154
159
157
29
25
121
157
116
121
22
153
23
139
146
129
116
153
128
152
18
105
14
96
107
14
57
30
17
52
36
22
31
30
27
37
38
47
25
27
36
39
39
24
53
34
42
32
42
30
52
38
38
14
28
44
39
51
47
31
37
9
48
42
21
46
51
32
52
14
12
14
21
16
13
69
25
54
36
23
68
24
20
27
32
59
64
34
23
62
19
61
30
52
16
58
28
74
44
29
80
73
19
38
77
75
70
63
31
44
11
41
59
43
52
56
65
48
33
26
0
23
25
0
95
43
87
97
18
164
9
18
20
20
106
111
95
144
60
24
97
152
200
164
92
171
95
57
90
194
89
153
170
186
91
88
196
21
184
12
83
54
84
93
173
190
178
26
60
161
54
54
147
78
21
43
83
32
67
27
37
34
33
29
92
30
45
43
8
86
7
30
12
39
41
101
39
32
38
40
11
15
37
43
38
67
8
39
78
33
43
59
70
39
101
100
54
33
13
30
31
0
