324
138
317
333
202
338
135
231
228
219
336
316
229
224
326
208
336
208
328
217
320
206
328
204
322
330
323
199
180
321
326
322
326
222
334
162
169
347
329
334
341
329
344
202
187
191
191
195
182
196
37
187
193
42
204
149
30
98
136
188
136
47
84
141
66
137
40
131
33
52
81
172
40
96
171
51
108
82
172
41
170
44
124
138
99
56
135
178
180
191
57
179
128
42
39
45
52
0
199
98
231
228
124
239
72
72
80
78
235
219
150
108
97
104
226
111
242
80
250
65
194
149
113
203
105
114
37
204
209
204
209
22
100
103
187
99
166
193
101
113
99
15
92
88
170
175
79
148
74
248
160
65
125
63
112
115
116
248
129
102
0
138
0
156
11
109
12
127
17
144
119
160
106
169
1
22
169
179
136
151
29
135
1
126
163
143
123
143
180
131
0
103
0
99
101
0
111
47
119
125
28
113
49
31
55
18
111
95
109
10
74
15
111
21
100
40
110
47
87
68
113
106
90
57
8
94
106
96
98
31
110
46
103
86
119
123
118
129
133
49
54
0
56
55
46
108
83
54
107
15
113
13
17
52
16
100
104
117
15
79
12
105
44
116
63
117
20
116
74
116
110
117
20
17
119
126
110
116
60
106
51
122
71
114
110
113
127
113
23
60
60
118
114
0
3
58
4
4
8
44
3
31
43
3
3
75
34
2
85
1
4
50
81
2
4
4
3
3
81
57
83
34
3
2
85
90
3
1
89
21
67
92
3
4
91
96
89
3
3
2
0
2
0
151
64
121
152
33
155
40
21
38
38
103
120
148
33
101
36
110
49
162
54
157
48
156
116
104
100
157
36
45
142
158
151
151
50
126
22
162
114
156
163
152
100
165
55
106
33
95
99
0
160
94
142
178
42
160
36
147
45
47
196
170
166
122
103
58
169
41
166
53
166
143
174
203
127
205
225
139
155
215
230
177
177
154
213
56
156
210
229
138
175
172
228
37
207
0
191
107
0
164
109
98
151
52
173
46
44
57
54
169
124
178
41
125
51
181
62
128
55
185
54
135
202
129
135
189
64
69
200
190
141
142
84
176
66
162
141
196
197
134
200
143
71
100
0
96
128
60
100
49
102
147
34
124
68
35
90
37
106
137
79
73
145
35
145
61
146
72
142
74
135
107
109
148
149
68
30
165
157
149
162
63
116
30
129
101
138
158
163
154
153
30
79
0
77
85
0
130
121
67
138
57
99
47
38
38
53
145
133
89
39
132
65
128
42
132
47
134
61
122
126
133
123
125
37
34
128
126
100
132
33
119
26
109
103
140
79
118
132
108
52
80
11
83
69
6
87
40
23
92
79
27
46
47
61
76
52
74
34
49
58
35
53
43
72
40
86
44
52
49
68
45
50
23
33
70
76
66
72
67
41
20
96
80
40
99
87
49
99
28
25
20
28
26
28
83
32
80
59
27
93
36
29
39
36
71
93
45
39
96
33
93
30
83
22
96
35
89
82
54
96
103
31
44
92
98
96
103
52
78
16
66
113
76
98
117
109
89
53
45
0
47
48
0
127
59
142
134
58
156
28
60
55
56
137
143
126
133
68
42
135
146
181
165
131
162
129
72
140
205
137
154
167
186
148
140
204
45
200
31
143
109
155
155
173
199
198
49
73
156
72
69
156
110
34
47
125
71
114
63
75
77
73
31
116
63
68
45
5
114
3
39
6
47
63
128
42
42
49
47
8
34
52
46
53
114
7
44
84
45
55
93
109
48
136
133
76
36
2
29
36
0
