213
84
230
236
104
228
76
121
122
124
225
207
139
108
215
101
200
113
199
116
212
113
200
108
195
193
195
115
93
189
195
198
191
106
205
90
132
208
203
202
209
208
207
108
106
104
103
114
95
129
32
129
143
26
131
102
22
84
103
135
125
46
106
138
96
131
35
132
27
39
108
131
34
40
134
30
102
95
140
39
132
36
82
64
62
33
81
98
94
103
33
98
82
24
22
28
30
0
125
61
133
130
48
138
50
49
41
53
149
139
99
45
35
45
147
48
147
62
155
53
141
81
52
161
57
62
67
162
163
157
164
40
50
50
117
49
122
142
48
54
50
47
42
41
91
88
41
129
47
165
127
50
72
40
71
75
72
176
122
81
3
125
3
120
7
95
5
119
9
102
102
120
96
134
2
6
127
132
116
116
6
119
1
114
127
119
106
111
133
114
1
87
0
84
86
1
70
31
85
84
21
88
18
13
25
17
81
80
76
18
74
13
85
19
77
25
87
25
77
74
68
69
85
22
20
77
82
79
78
18
79
22
78
73
89
84
95
83
87
23
53
0
45
55
24
50
54
29
61
12
58
9
10
21
9
68
64
61
9
60
15
72
24
71
29
64
15
57
47
66
62
61
14
13
59
64
64
66
26
62
26
64
50
61
65
67
65
64
11
35
25
56
56
0
10
55
12
9
13
34
7
36
41
5
13
64
43
7
64
9
10
44
57
8
10
8
9
11
69
53
67
36
8
4
71
67
10
6
69
27
57
73
9
12
73
74
71
7
10
7
2
10
0
80
27
44
81
20
82
32
23
31
33
44
50
80
33
48
29
77
31
86
38
87
31
74
44
40
63
81
29
36
84
82
82
77
32
48
21
70
60
69
70
74
43
71
33
45
27
41
43
0
74
46
80
87
36
82
28
77
34
37
87
84
86
78
62
39
86
30
84
41
83
82
69
101
52
104
107
80
93
106
101
73
79
85
90
26
80
89
105
67
78
80
92
23
94
0
79
45
0
74
50
37
62
24
79
15
21
25
33
75
60
65
18
58
20
75
23
57
18
75
24
66
77
57
54
84
29
23
83
76
64
62
27
73
22
63
58
80
80
56
85
66
25
46
0
52
58
21
58
33
63
70
11
51
23
26
28
27
64
64
38
22
63
30
62
17
66
22
61
19
65
43
69
60
58
14
26
57
61
59
58
20
57
29
46
58
47
59
58
63
59
30
33
0
31
32
0
73
52
52
72
13
54
7
29
24
12
74
75
59
27
75
14
84
31
78
10
93
14
90
90
94
91
95
24
25
74
93
62
81
20
86
21
77
75
75
50
79
74
71
14
54
4
54
45
7
43
19
15
40
30
19
19
21
27
39
24
50
18
35
21
14
24
26
48
13
42
14
19
20
52
21
19
19
15
33
42
44
54
44
22
9
57
46
17
67
61
26
60
10
14
9
21
13
9
59
12
39
26
34
60
20
34
37
37
42
55
24
16
57
16
58
35
42
27
57
38
55
44
31
63
62
15
29
62
57
63
70
31
35
14
27
53
44
40
57
62
47
31
26
0
23
24
0
82
33
81
79
29
103
15
30
31
32
81
77
92
70
40
40
87
80
102
93
95
90
79
35
92
116
90
86
77
113
96
99
123
39
113
12
97
69
88
91
94
109
109
36
43
91
44
41
79
62
12
29
61
32
67
31
37
38
38
19
71
25
39
35
8
65
3
36
6
35
32
83
37
30
30
34
7
15
30
34
34
68
6
33
44
30
26
48
63
30
73
65
35
26
4
28
25
0
