247
137
240
250
149
244
93
163
166
163
240
254
154
165
251
143
238
154
246
160
249
164
220
141
219
216
205
152
128
212
203
210
216
151
221
126
142
213
220
223
211
218
221
159
165
146
151
166
151
134
26
136
135
19
129
109
20
98
102
132
128
45
108
126
86
126
24
136
15
32
115
124
32
40
130
23
104
84
128
30
133
27
102
66
95
31
116
130
133
133
30
131
109
28
18
26
26
0
153
57
151
162
47
164
51
52
48
56
162
163
91
39
31
28
165
34
159
63
169
57
130
80
43
145
45
46
44
141
148
145
138
41
40
39
128
44
96
150
41
42
45
26
28
32
98
100
25
125
33
223
118
51
118
57
111
114
104
215
98
79
3
102
3
116
4
88
3
109
7
84
103
106
94
112
3
4
113
118
108
99
0
106
2
103
106
106
92
87
114
103
3
93
0
91
93
4
31
14
32
38
5
38
24
5
19
3
34
40
44
8
34
6
41
10
39
20
39
27
47
39
39
44
46
26
15
45
40
46
46
7
49
26
32
38
35
36
39
37
40
21
27
0
25
25
17
59
19
45
47
3
62
4
2
12
2
54
57
69
0
45
2
58
18
55
21
59
3
58
40
68
65
64
7
6
60
63
61
62
17
61
14
68
51
66
57
59
69
64
5
49
24
60
65
0
0
31
1
0
2
24
1
21
24
0
0
46
22
1
44
0
1
41
43
1
1
0
0
0
47
34
35
25
0
0
38
48
1
0
55
14
35
48
0
1
49
48
52
1
1
1
1
1
0
78
35
74
89
18
90
20
9
22
22
70
71
83
10
78
17
73
14
86
19
97
14
92
70
69
67
95
22
27
92
94
98
93
22
75
11
102
81
99
94
91
68
94
19
66
20
61
61
0
88
33
82
87
39
87
40
125
40
40
139
89
88
58
53
45
100
43
102
51
97
123
91
158
58
156
166
110
134
165
172
108
95
114
158
52
80
144
155
88
115
105
163
47
149
0
140
51
0
109
63
47
102
47
111
17
39
21
48
104
51
106
28
103
57
117
53
66
59
116
57
55
123
68
49
116
63
54
110
121
57
59
46
75
21
85
58
112
109
49
112
63
45
49
0
53
55
19
83
41
93
114
27
55
23
20
40
20
90
124
62
53
127
20
125
38
126
59
133
57
125
71
83
123
127
41
18
125
127
116
116
41
81
20
106
78
90
121
112
120
117
19
61
0
61
64
0
115
61
98
129
31
100
24
7
10
27
129
130
101
12
126
27
127
14
126
17
122
24
122
117
123
119
114
16
13
109
117
97
117
11
112
9
100
101
113
92
110
120
103
31
95
5
101
95
3
43
16
12
40
33
13
19
15
28
36
21
37
16
30
19
12
19
26
32
14
32
12
16
11
30
18
12
15
14
35
34
35
38
47
17
15
48
47
12
48
54
11
48
9
5
10
16
9
12
70
16
59
51
17
78
15
11
20
19
64
70
53
16
80
11
81
16
64
9
66
18
63
59
47
66
69
15
14
70
83
70
71
16
60
10
62
70
59
64
67
64
61
17
47
0
46
52
0
78
34
78
83
23
124
12
22
23
20
76
64
75
122
66
24
84
125
160
136
87
131
83
60
81
161
86
128
135
148
83
84
158
30
160
22
89
80
102
99
142
158
163
35
48
130
45
43
129
70
10
20
66
60
73
44
50
51
50
9
80
29
65
24
6
81
5
20
7
24
55
104
27
24
26
24
8
24
23
27
24
87
8
20
90
17
27
38
85
30
107
106
67
17
5
16
17
0
