65
26
78
75
35
64
27
40
39
41
70
66
34
40
75
23
64
40
70
33
68
37
66
43
62
68
66
38
29
64
71
61
64
36
58
32
48
72
64
61
63
60
72
37
37
31
32
45
34
47
9
40
47
8
42
40
3
28
34
48
42
26
38
53
34
45
10
56
3
17
33
33
17
26
45
12
24
20
39
17
46
19
32
36
19
14
26
39
44
40
16
41
30
8
4
8
10
0
45
23
47
52
17
50
18
17
17
21
51
47
28
10
11
11
45
10
46
18
48
16
39
23
14
35
9
13
15
38
39
38
37
7
9
16
31
15
28
39
15
16
15
7
7
9
29
27
10
48
28
130
56
15
94
84
90
83
93
124
36
32
2
49
0
81
33
61
47
37
27
84
65
75
32
78
1
28
88
86
40
69
35
36
1
35
65
41
74
69
77
34
1
24
0
30
31
1
63
33
69
76
35
64
8
5
9
29
58
59
47
23
64
26
65
34
74
8
88
5
67
49
27
39
73
9
35
79
69
64
70
30
36
7
72
54
58
71
72
71
70
10
29
0
28
29
6
19
21
9
24
9
11
6
5
5
8
24
30
21
7
21
8
25
3
24
5
29
7
25
16
20
18
29
7
11
32
22
21
26
5
26
7
23
29
22
26
26
18
29
8
13
5
17
18
0
39
185
38
31
70
139
29
122
140
28
39
200
116
33
214
34
33
117
209
32
46
41
43
43
206
191
201
95
31
29
222
211
41
27
215
71
172
215
35
39
209
207
217
32
35
32
16
37
0
24
11
18
23
11
30
8
6
6
8
18
22
27
10
17
13
29
13
35
15
30
11
33
15
15
27
32
14
17
25
37
28
31
18
21
13
31
32
27
29
26
18
34
18
21
11
16
16
0
100
51
98
105
28
112
21
271
29
26
321
257
104
185
72
23
103
19
95
22
106
278
98
341
73
322
345
259
284
357
346
101
100
264
345
23
103
315
335
86
107
104
344
16
300
0
299
56
0
228
121
99
216
95
238
3
89
7
106
240
111
230
85
186
97
226
114
124
110
241
117
127
220
146
125
237
107
111
220
231
137
145
100
227
9
188
138
231
216
121
241
138
94
132
0
119
126
5
136
90
157
206
40
112
30
13
60
11
160
216
152
60
234
14
233
36
229
63
228
70
219
176
163
247
237
69
11
236
239
243
254
76
165
10
232
144
188
239
232
243
235
13
124
0
127
132
0
262
279
181
337
67
255
28
10
7
71
328
337
258
8
335
61
299
7
331
29
296
63
300
283
292
309
306
5
8
331
302
258
312
4
299
3
276
287
320
253
284
329
281
73
268
2
261
254
1
117
4
3
121
112
5
4
5
115
118
5
97
26
87
5
5
4
95
89
3
104
1
2
9
108
9
6
22
2
107
114
120
104
115
6
18
105
109
6
115
123
7
124
3
5
2
8
5
2
122
44
93
79
35
133
19
33
48
51
94
138
79
13
136
16
128
53
96
41
141
58
148
90
104
159
147
13
68
156
148
166
160
69
93
39
92
163
136
108
168
167
99
77
96
0
87
92
0
180
80
214
206
57
227
26
59
59
57
213
198
198
228
137
52
215
274
285
290
202
283
181
111
190
291
189
255
281
299
201
201
302
60
295
32
183
127
194
197
275
311
299
47
83
285
87
84
282
145
9
13
145
132
144
128
130
128
132
13
126
11
114
17
5
119
4
13
8
15
112
141
16
14
13
13
8
15
14
17
16
149
6
19
129
9
17
22
136
17
134
145
124
8
4
10
9
0
