213
96
227
223
123
236
90
136
143
139
233
227
130
134
243
121
238
131
230
136
223
143
213
148
226
225
227
111
117
223
225
222
219
126
226
96
127
214
218
229
221
220
210
124
107
119
107
107
113
125
38
126
132
20
130
96
23
78
91
137
136
53
111
152
96
147
23
150
28
33
115
138
40
59
139
34
92
83
140
34
146
47
122
72
98
41
124
155
150
152
30
155
113
28
26
33
34
0
155
70
177
165
68
175
74
78
71
79
172
140
95
59
51
58
147
61
165
65
154
46
114
81
59
124
52
61
37
130
124
123
126
36
54
58
131
53
105
139
59
52
55
43
52
41
105
97
46
129
53
175
128
37
79
36
57
60
64
181
113
86
4
105
2
135
6
101
8
119
10
100
112
116
100
135
2
5
127
137
112
114
7
114
1
115
134
123
111
95
124
120
0
84
0
88
95
2
68
26
80
72
19
74
18
14
29
13
75
72
72
11
51
11
77
17
77
26
70
26
71
58
71
68
73
28
13
78
78
75
76
12
79
25
71
70
71
77
72
68
75
27
49
0
46
48
24
92
46
58
87
4
87
4
8
25
6
84
91
83
5
81
5
90
32
92
35
93
4
85
78
101
95
86
7
6
89
93
86
82
29
88
32
97
80
95
87
90
94
90
3
70
32
96
92
0
2
33
3
1
8
30
2
31
30
2
3
45
30
3
45
3
3
35
44
3
4
3
5
2
41
38
37
24
2
2
48
44
5
3
46
12
40
44
4
3
46
45
45
1
2
3
0
1
0
50
25
33
55
9
52
15
13
12
14
35
37
58
11
38
13
48
16
56
19
53
17
51
43
39
40
54
13
19
58
61
58
61
27
40
19
62
59
62
69
70
37
64
30
36
16
33
32
0
80
40
80
80
17
78
9
83
12
17
112
113
83
71
69
19
90
17
90
20
84
94
78
126
60
119
134
71
98
127
134
83
83
87
126
14
81
113
123
63
82
91
132
12
122
0
126
61
0
86
67
42
82
28
97
29
17
30
29
86
72
74
19
63
22
85
30
70
25
78
27
73
76
72
59
85
25
19
84
80
77
76
25
95
34
80
76
91
98
69
91
77
22
50
0
52
70
29
67
28
73
81
10
68
11
15
22
17
78
92
68
31
93
20
96
24
92
34
106
29
99
79
81
109
102
30
9
99
99
105
106
28
85
13
103
79
101
110
106
102
107
16
68
0
67
69
0
76
72
42
81
29
61
23
30
29
27
80
79
42
34
80
32
91
31
72
18
86
27
79
76
96
94
88
38
34
95
84
68
96
24
75
14
68
64
89
45
73
85
68
34
51
3
49
50
8
45
28
13
49
35
22
26
32
36
39
28
46
13
42
30
27
32
30
50
31
41
35
29
27
60
36
35
18
29
52
58
54
53
41
27
6
49
51
25
49
45
25
52
17
11
14
18
9
12
62
20
39
28
35
64
22
31
31
33
41
61
16
23
53
16
54
28
38
19
59
26
48
33
26
56
46
18
27
53
57
65
65
29
41
6
26
59
41
43
57
61
35
33
22
0
19
24
0
69
35
72
69
24
87
15
31
31
34
73
70
74
84
45
29
79
90
105
103
78
107
96
55
93
98
94
96
99
106
90
109
112
46
108
13
94
71
95
91
94
123
120
43
37
87
34
32
89
76
6
21
76
60
73
54
61
67
65
16
72
17
57
20
3
77
3
13
7
21
48
75
17
17
20
18
6
19
20
18
20
58
3
15
62
15
17
37
62
17
75
73
49
17
5
14
11
0
