200
97
202
209
131
190
88
124
133
122
201
207
111
135
210
109
204
128
202
133
201
130
202
120
202
203
202
131
106
208
208
206
217
123
189
102
128
201
206
195
187
205
206
134
114
119
115
118
117
122
27
120
121
22
127
93
19
71
95
137
118
49
93
119
69
126
33
126
23
46
92
144
44
44
140
30
100
93
145
42
147
45
108
77
101
44
117
149
148
146
30
156
120
32
25
30
31
0
129
56
136
144
63
134
51
61
49
51
147
124
95
52
43
51
137
50
141
41
139
35
130
89
54
138
50
49
43
135
139
140
137
26
42
54
121
53
105
127
52
55
54
29
43
36
101
100
40
137
65
182
142
32
87
40
67
71
67
197
112
86
2
125
0
131
8
87
6
119
10
120
103
130
76
135
4
4
143
135
101
115
3
111
0
96
127
108
96
98
125
110
0
83
0
62
77
0
46
22
44
43
16
48
19
12
20
11
49
45
47
5
35
13
48
13
49
22
52
25
48
31
42
42
52
21
19
45
50
40
49
25
48
20
46
41
55
58
62
55
65
19
22
0
24
26
21
76
82
31
84
18
61
15
18
22
19
81
82
72
10
53
12
69
22
76
26
75
20
70
49
67
59
67
15
11
75
73
76
77
26
71
26
74
48
82
76
74
77
69
13
39
30
60
61
0
3
35
3
2
11
16
1
12
18
2
4
62
19
2
58
2
3
32
59
2
4
2
3
3
53
40
39
20
1
1
53
57
3
3
41
11
33
40
3
2
49
41
45
1
2
2
3
2
0
77
46
67
83
22
78
11
7
14
15
57
65
80
16
59
18
69
24
87
23
92
22
71
70
65
54
79
20
21
80
81
82
83
28
73
14
87
69
88
98
93
67
92
31
65
25
64
59
0
108
72
114
114
28
120
29
81
39
38
104
107
117
84
74
39
118
37
115
41
111
94
104
135
69
108
134
94
103
125
133
121
116
103
112
48
93
114
128
99
122
121
124
34
126
0
112
62
0
84
64
43
91
51
85
23
40
33
49
85
57
78
20
75
38
90
40
65
43
78
41
73
84
55
55
77
46
41
93
98
67
67
43
75
32
75
70
95
85
66
94
59
36
49
0
37
53
27
71
30
75
105
15
60
21
29
41
22
71
93
45
49
81
24
90
29
84
43
93
42
79
51
67
83
90
41
23
87
89
81
87
37
78
16
82
72
87
88
89
97
99
23
48
0
42
47
0
76
54
44
83
32
57
24
29
35
33
79
65
43
36
74
22
81
28
60
14
86
26
86
85
79
83
86
31
36
70
87
55
65
32
85
21
74
75
70
57
78
70
70
15
52
5
48
48
7
54
28
24
49
17
22
26
25
14
26
42
39
22
16
39
22
33
16
40
21
41
26
36
32
48
35
34
11
21
31
44
41
46
27
30
7
43
35
30
38
46
28
48
15
19
17
27
16
11
53
14
59
47
15
59
17
8
19
15
57
60
41
20
67
19
65
19
53
14
69
20
68
56
50
71
68
16
25
62
68
74
73
23
65
14
53
68
54
69
73
77
64
23
41
0
43
44
0
81
27
77
80
21
106
14
21
21
23
83
74
69
82
54
26
81
95
121
98
74
100
82
53
82
119
82
96
92
122
82
82
131
35
128
16
92
69
93
94
108
126
136
34
38
95
45
44
81
69
14
31
65
37
69
29
44
48
41
25
78
21
54
33
8
79
5
27
8
28
39
61
25
23
34
29
6
10
31
29
29
59
7
29
25
26
28
27
43
29
47
48
22
21
4
24
24
0
