198
91
212
210
127
221
84
138
137
135
211
209
103
128
218
108
209
130
213
133
209
121
221
112
226
226
225
118
102
222
224
218
226
126
210
105
100
217
213
206
214
213
215
130
114
111
109
117
112
131
22
136
137
21
136
122
17
107
122
138
121
33
104
124
82
116
34
128
22
31
111
122
34
46
134
24
103
97
127
34
127
34
87
72
77
26
77
119
114
113
17
113
76
19
14
19
16
0
121
48
134
137
54
135
43
43
44
46
144
132
83
53
51
49
135
56
137
44
133
33
118
83
50
138
50
52
32
127
133
132
134
19
45
48
115
51
106
118
44
52
53
13
38
37
104
107
42
153
58
189
153
38
77
31
61
67
60
195
119
93
2
126
1
151
6
106
4
130
8
109
122
124
112
137
1
3
135
137
121
119
5
114
2
114
145
119
108
114
133
123
1
101
0
90
93
2
29
17
31
25
10
31
14
6
13
9
36
35
30
9
29
15
36
14
33
10
31
14
32
20
31
24
28
16
11
34
33
27
28
19
31
13
27
33
37
40
39
36
45
15
14
0
16
17
15
58
37
34
56
4
50
4
4
24
5
58
57
60
6
43
6
52
27
58
33
52
9
62
37
54
57
68
15
7
67
61
62
60
26
58
28
56
34
52
55
62
60
49
12
28
34
50
55
0
0
31
4
2
8
17
2
16
19
1
1
35
2
2
39
2
1
17
43
2
1
1
2
0
26
24
27
9
2
2
34
37
3
1
48
6
31
51
3
1
43
49
48
2
2
2
2
2
0
69
43
52
87
23
83
29
16
26
28
51
56
66
10
48
18
57
25
79
25
78
24
55
56
52
46
69
30
12
63
64
67
58
15
53
7
58
53
64
67
65
42
67
19
45
27
38
42
0
95
68
95
102
39
101
40
81
35
41
104
97
101
79
69
41
90
33
103
38
97
98
94
120
66
119
119
95
95
121
127
101
98
98
124
36
86
114
124
84
99
96
125
32
119
0
117
64
0
93
45
47
97
46
97
18
48
23
45
102
56
92
30
81
51
100
53
53
57
93
55
61
94
59
61
92
38
37
91
86
57
62
40
67
29
75
58
92
91
58
98
54
40
41
0
46
46
30
61
28
69
73
17
49
16
24
28
22
57
78
50
27
77
28
74
21
70
27
79
33
74
64
62
79
78
25
23
85
82
78
78
23
63
25
68
70
64
74
76
83
86
28
41
0
38
41
0
80
46
38
70
19
52
18
33
35
22
69
75
45
32
73
17
76
34
68
18
81
23
82
79
75
85
79
33
29
71
89
50
64
28
73
27
77
72
61
57
64
62
67
17
43
7
43
43
8
37
23
13
39
23
8
19
20
20
26
26
29
16
21
24
26
25
14
25
25
25
26
25
25
20
25
26
8
17
27
27
25
33
23
17
10
32
27
20
39
23
20
27
11
7
9
7
6
12
65
13
53
43
8
57
11
7
10
10
52
65
52
10
61
10
55
11
54
8
60
15
61
53
53
58
71
14
15
64
64
65
66
12
61
11
51
74
55
53
77
61
58
15
49
0
44
48
0
78
39
79
80
14
109
6
19
16
21
79
76
74
87
46
20
83
96
124
107
74
113
78
60
80
131
80
105
101
129
82
79
130
22
127
13
86
62
84
80
124
144
134
19
52
101
52
57
94
65
15
30
68
41
61
32
42
38
37
26
63
27
38
24
5
64
4
24
7
29
30
66
29
27
32
29
5
11
31
34
28
53
4
29
32
30
37
40
52
33
72
65
36
28
3
32
25
0
