391
181
399
400
262
403
162
287
279
284
408
420
229
276
420
233
399
277
414
281
412
261
406
263
424
415
399
276
215
408
427
415
405
267
424
228
269
421
408
423
415
418
424
261
221
247
217
217
234
260
77
278
261
69
260
196
50
140
196
256
286
155
212
305
174
289
71
299
54
98
222
284
100
125
309
72
223
195
289
103
304
106
201
191
159
104
211
274
298
294
82
293
218
60
50
60
58
0
253
132
299
287
134
304
99
96
93
98
295
323
228
136
114
129
309
140
323
123
327
103
304
226
135
326
136
131
128
321
336
338
323
117
124
120
286
135
219
324
135
144
145
97
99
98
224
221
98
268
137
365
281
98
126
66
124
130
129
359
244
212
7
244
7
264
15
208
13
241
13
253
250
273
206
286
8
20
287
293
240
269
20
260
7
227
289
237
257
233
292
241
8
169
0
152
157
4
165
85
183
186
59
182
44
27
61
32
178
172
138
33
139
39
169
66
170
50
172
62
169
123
136
139
173
60
44
176
166
171
167
38
146
49
160
140
161
170
163
170
180
56
78
0
86
88
51
152
158
58
168
25
147
22
24
50
24
180
161
149
20
130
22
167
59
168
67
171
26
161
123
156
147
167
23
20
160
152
160
157
68
156
60
154
115
151
148
157
161
152
20
74
64
128
135
0
22
110
24
17
35
93
17
78
95
20
19
147
70
22
149
19
23
84
150
20
26
18
19
21
105
113
111
47
17
14
122
126
17
23
144
41
106
147
22
21
153
151
144
18
18
19
6
21
0
149
66
109
163
51
160
64
52
73
75
109
129
151
66
115
61
148
72
176
80
174
67
171
122
115
132
163
70
80
162
169
168
166
81
124
61
169
154
174
175
189
114
180
81
121
64
96
97
0
204
103
184
217
67
209
46
200
62
67
215
195
186
173
146
70
216
50
202
60
203
200
216
260
169
251
260
194
203
274
270
228
220
206
234
72
208
240
275
191
227
231
247
40
248
0
255
140
0
204
117
103
183
91
204
47
68
71
78
198
133
187
63
155
72
196
81
132
86
200
82
147
208
152
140
214
80
78
208
211
152
160
94
202
73
192
154
221
215
146
213
154
82
98
0
90
129
58
135
84
142
148
27
87
30
74
49
69
158
164
97
47
162
78
159
36
162
50
159
52
159
117
163
165
169
62
68
170
158
169
167
55
165
71
148
156
123
158
161
168
170
72
92
0
78
85
0
168
131
61
156
59
118
41
87
74
63
159
142
95
88
144
43
173
75
143
36
169
45
182
163
185
175
178
71
68
128
169
92
130
71
155
65
143
142
144
84
135
133
136
51
92
19
86
87
18
96
59
30
111
65
48
53
52
49
69
80
111
51
72
69
49
71
56
115
51
108
52
70
63
119
62
61
39
43
95
104
91
98
72
64
16
110
76
52
98
103
59
98
35
26
27
37
26
30
98
46
103
77
47
131
48
40
58
59
96
120
77
45
148
44
144
65
115
36
139
70
155
114
99
156
160
42
66
170
165
163
166
52
116
14
94
127
89
122
123
138
118
58
74
0
69
68
0
152
69
161
168
48
219
24
45
43
52
163
177
164
144
106
41
180
197
237
217
178
208
174
100
174
236
180
171
206
237
176
169
247
40
241
18
161
101
162
161
217
263
248
33
88
188
94
88
186
151
43
85
160
91
162
57
93
82
94
58
161
67
83
81
23
151
18
78
25
81
57
162
84
75
89
86
28
44
87
94
79
118
26
86
89
70
96
109
110
87
161
169
77
69
25
58
67
0
