378
208
393
394
249
415
161
270
260
269
395
379
209
252
395
209
376
248
393
241
396
247
381
216
390
374
370
251
193
380
389
390
384
237
382
204
202
389
387
383
392
380
384
236
200
212
193
219
200
214
54
229
231
59
222
169
39
132
187
230
238
98
192
241
154
265
57
256
38
77
200
224
81
89
234
50
194
159
256
85
240
77
170
158
132
86
182
227
214
227
53
216
194
39
30
35
46
0
267
111
263
276
124
267
92
76
80
88
268
255
180
110
92
111
264
106
274
92
277
62
251
172
119
274
121
117
77
275
261
268
268
43
106
114
221
106
181
232
105
117
112
35
87
78
194
207
80
221
148
305
239
64
124
44
88
94
96
312
213
173
6
223
5
239
9
147
12
228
15
216
181
212
181
240
6
18
243
243
199
228
8
200
2
179
224
197
173
196
235
201
4
137
0
136
139
1
113
73
131
131
26
127
38
27
42
21
125
122
110
27
102
26
136
34
138
42
136
47
147
98
116
111
139
50
30
153
141
144
147
39
120
41
141
102
140
145
146
154
153
45
79
0
76
74
39
126
122
50
134
11
101
13
16
45
17
142
128
127
16
97
12
126
53
129
53
140
18
117
94
118
116
122
14
12
120
118
119
120
59
126
49
129
81
118
129
132
133
134
14
67
60
113
111
0
3
86
5
3
18
78
4
81
86
6
5
119
52
2
132
3
3
79
125
3
3
3
6
4
75
80
80
25
3
4
87
81
4
3
98
17
68
110
3
4
117
111
106
3
4
5
2
4
0
87
47
81
99
20
101
28
18
30
24
73
67
85
20
75
18
72
24
106
24
93
17
104
82
82
65
94
29
24
103
100
109
101
31
89
16
102
96
111
113
107
78
110
27
67
24
66
55
0
178
106
173
186
42
175
33
176
41
46
167
191
159
143
146
52
171
39
184
54
173
185
183
205
139
200
226
171
193
231
212
188
181
176
220
42
174
205
221
154
193
190
226
31
212
0
204
124
0
145
118
91
136
64
156
41
42
57
51
159
109
138
36
119
55
147
58
114
56
146
58
106
165
99
107
165
68
60
163
160
109
124
53
129
55
111
110
146
153
95
152
113
48
86
0
86
107
57
128
80
124
163
39
71
21
31
48
29
127
156
92
46
164
35
162
25
164
46
164
48
154
108
128
175
150
46
30
159
156
151
164
66
122
28
140
117
118
171
178
161
171
35
85
0
90
102
0
138
90
43
97
31
102
22
81
65
28
106
98
67
82
94
28
128
83
87
22
133
31
146
128
158
149
147
72
67
89
145
75
87
79
128
62
117
107
98
55
112
90
114
39
58
13
58
53
19
99
42
21
85
62
48
38
45
48
61
55
73
35
40
54
41
56
42
76
47
76
46
55
42
74
57
52
20
35
66
81
88
76
58
51
19
86
67
39
83
77
40
87
30
16
27
34
21
26
95
42
84
54
46
115
45
37
56
57
88
106
55
34
113
33
115
52
85
32
114
47
109
87
64
109
112
23
42
115
109
107
115
38
79
19
63
98
73
73
97
99
80
44
49
0
48
47
0
125
53
135
141
43
174
16
39
42
39
141
132
128
144
85
37
125
170
205
173
145
178
129
74
126
205
133
162
174
191
147
144
197
40
202
14
137
76
134
131
167
200
203
44
61
151
49
44
152
114
19
24
114
83
118
80
86
93
94
26
122
34
93
25
7
121
5
20
10
31
72
130
25
27
29
30
11
31
31
27
31
105
8
31
104
33
36
65
109
32
138
128
88
28
7
25
28
0
