364
184
378
384
234
383
161
256
255
252
389
368
231
252
385
215
380
243
383
240
384
234
399
225
397
405
411
242
204
406
408
417
410
239
371
193
241
383
392
392
385
390
380
247
232
210
214
221
216
216
65
231
227
53
226
151
42
100
150
233
221
122
163
245
143
244
60
235
50
92
178
264
89
116
266
77
187
146
271
96
276
97
143
163
117
87
178
235
228
237
77
238
154
57
51
57
52
0
241
116
246
245
129
256
64
71
62
72
249
278
188
117
103
109
264
117
286
81
282
59
255
169
119
266
126
124
80
265
259
279
282
63
118
121
239
133
183
267
120
117
133
53
99
95
208
203
100
221
109
322
227
107
126
70
140
146
144
338
196
158
7
198
6
235
10
163
9
194
13
215
191
213
168
233
8
18
222
230
183
212
33
183
6
173
244
199
188
212
249
189
6
123
0
102
121
5
177
70
174
184
52
185
51
39
62
32
191
172
148
28
114
26
177
45
173
56
175
55
179
127
152
157
184
50
44
172
187
175
178
43
164
53
166
139
187
197
186
192
189
60
86
0
87
100
58
131
126
55
133
24
114
19
29
61
27
147
125
123
25
104
29
113
59
138
74
133
33
126
97
123
125
139
24
18
135
139
130
133
71
144
70
137
100
131
153
139
134
147
28
50
69
106
102
0
9
125
15
8
23
99
7
87
99
5
11
135
67
4
136
7
7
80
141
5
12
8
13
8
131
124
134
57
6
4
148
156
8
3
139
22
86
138
8
9
137
132
128
6
6
5
3
6
0
149
65
107
152
37
151
56
41
60
60
98
105
138
42
89
38
120
49
149
52
143
46
127
111
103
100
126
58
40
128
127
127
131
43
113
26
139
120
142
131
142
94
135
42
108
55
90
87
0
148
79
133
144
24
147
25
181
28
26
214
198
131
146
105
29
153
31
132
26
137
206
134
247
114
237
245
196
209
260
251
151
139
198
236
29
130
227
247
110
135
143
237
19
235
0
213
106
0
138
111
85
133
42
139
49
31
61
42
143
125
158
46
139
59
167
68
123
65
172
68
126
163
118
133
162
59
62
165
169
134
152
65
162
67
131
129
176
183
125
189
143
48
97
0
97
127
64
159
68
177
166
37
89
19
63
58
56
174
166
108
47
176
62
165
34
160
60
163
55
157
118
152
154
158
54
58
163
171
172
172
50
138
54
146
149
131
162
162
163
176
53
100
0
91
97
0
160
127
77
148
35
118
22
57
45
30
140
149
116
58
149
40
173
58
143
32
173
43
173
152
184
190
177
57
46
159
178
114
160
51
168
45
141
157
155
110
151
149
148
57
108
19
105
101
19
106
67
39
116
73
38
54
51
46
68
68
97
49
61
64
42
61
46
100
53
100
52
64
58
108
68
65
37
50
74
103
101
92
59
64
16
92
68
47
109
100
62
107
31
28
32
34
26
22
116
45
95
62
59
136
50
47
65
56
94
112
49
42
121
39
113
60
79
38
109
63
111
83
56
109
115
43
55
110
113
121
118
51
93
21
53
91
56
95
104
96
94
47
50
0
44
51
0
144
64
157
151
60
162
33
69
68
71
142
122
139
156
84
58
152
158
206
205
155
188
140
81
137
196
153
154
160
184
150
149
199
53
205
22
132
107
160
151
171
191
201
45
74
169
60
65
176
140
35
66
149
90
144
72
96
93
98
49
151
55
99
54
17
155
11
58
17
66
81
157
56
51
57
69
19
30
67
64
65
122
22
57
117
53
65
76
135
59
173
168
106
43
14
44
42
0
