460
248
477
483
383
468
243
392
413
385
471
451
306
392
451
337
460
385
459
374
420
378
478
297
486
459
457
369
301
473
462
473
460
362
500
305
299
505
500
502
493
506
509
374
325
344
317
334
345
279
52
291
296
68
289
231
52
183
221
301
288
134
235
295
195
311
74
314
66
78
237
315
91
128
328
69
265
233
327
96
334
95
218
162
182
99
233
307
311
297
79
300
238
74
57
73
78
0
348
201
367
372
185
396
112
94
102
108
394
421
260
163
147
156
431
163
439
186
451
151
448
251
181
471
184
186
200
467
476
472
486
148
174
185
362
188
249
429
190
206
203
134
148
139
317
326
137
349
132
477
349
139
183
97
223
212
211
497
293
189
3
289
2
346
11
194
11
289
22
258
243
261
221
303
2
6
304
306
259
269
4
269
2
242
280
269
232
222
277
252
3
195
0
180
190
1
148
65
155
149
16
152
56
38
67
8
147
166
165
15
132
14
160
23
157
62
162
71
164
138
149
163
158
67
25
159
162
175
167
17
169
57
151
132
157
154
151
154
164
62
104
0
98
98
65
179
125
85
157
10
172
11
9
85
8
169
154
186
11
127
8
139
95
157
97
160
17
151
125
205
202
167
15
11
166
212
162
163
99
171
90
200
130
203
170
185
205
177
14
87
104
186
180
0
6
79
6
7
18
61
4
55
59
3
8
121
42
5
128
5
5
83
114
4
5
5
7
7
101
65
101
50
2
7
119
105
10
4
107
25
77
114
7
8
124
112
117
5
6
6
1
4
0
136
75
100
141
37
137
36
27
39
40
104
107
135
38
94
37
114
46
149
43
146
42
141
110
103
89
147
49
56
150
155
156
145
53
101
28
160
113
149
145
158
100
159
54
97
47
72
82
0
182
109
182
174
43
195
40
280
43
47
298
259
188
219
136
54
191
43
177
55
183
292
186
351
127
323
342
276
322
362
349
200
208
290
330
51
173
305
357
150
186
178
342
37
324
0
315
132
0
197
150
113
181
64
186
63
56
93
77
199
149
198
55
163
65
198
72
153
77
212
85
163
204
151
162
207
78
76
216
208
166
180
94
190
94
181
161
220
207
154
212
178
72
116
0
128
166
100
183
98
206
227
44
144
20
54
58
45
199
231
151
58
250
54
243
44
240
44
238
52
219
165
200
204
217
42
47
218
221
219
210
48
210
53
217
197
196
246
239
246
242
53
145
0
142
140
0
230
165
132
206
45
170
31
71
68
40
193
188
148
80
176
33
252
76
194
28
247
34
267
236
261
265
267
70
66
203
262
169
204
64
236
44
226
242
209
173
231
199
209
31
165
18
154
139
16
101
89
41
102
60
59
86
87
57
72
95
107
42
61
89
77
90
56
106
81
109
92
92
82
106
81
87
33
67
80
97
93
96
88
83
27
110
96
51
120
117
58
126
49
29
43
38
25
40
135
44
120
73
56
142
54
52
62
66
114
142
55
55
140
52
132
68
113
49
140
62
134
113
81
130
136
48
67
129
149
149
132
69
118
23
96
145
94
113
139
151
122
71
62
0
61
70
0
209
98
225
208
59
271
27
58
53
60
218
213
210
268
134
64
202
276
309
308
207
301
211
146
229
319
231
265
319
332
222
223
343
88
341
37
222
151
229
234
285
327
343
68
83
287
95
94
271
192
30
58
207
147
194
112
147
155
136
44
198
48
153
57
14
205
9
49
16
50
128
207
52
37
67
63
17
30
60
71
59
200
19
63
163
48
61
85
180
61
211
216
148
41
10
39
49
0
