236
126
230
225
158
227
84
169
168
165
238
237
146
166
227
146
231
168
234
168
225
168
204
131
214
205
210
159
126
206
194
197
210
149
211
128
139
213
210
219
206
212
211
147
160
148
150
158
145
81
21
92
91
15
88
70
15
53
66
92
86
38
77
95
72
94
18
97
17
21
83
106
23
35
103
19
80
85
104
21
117
21
116
74
84
22
108
141
148
143
19
142
123
17
15
16
20
0
159
53
161
163
50
168
55
49
45
54
180
155
112
45
37
41
156
42
156
45
160
39
152
111
40
159
40
43
45
162
167
168
161
59
41
51
135
50
99
173
48
54
49
50
40
37
132
129
38
118
34
198
123
75
88
71
129
127
134
212
77
51
1
81
0
94
1
76
4
82
5
71
68
94
51
108
2
4
106
105
78
77
4
74
0
68
84
82
71
53
91
83
0
62
0
62
62
0
55
31
57
53
5
46
21
12
24
4
53
53
64
5
52
6
56
6
56
26
52
25
68
47
61
69
64
27
7
68
68
69
66
17
69
18
77
61
76
78
76
77
71
21
41
0
47
49
25
70
51
50
67
10
73
6
8
22
8
66
77
78
11
60
3
78
19
79
30
81
14
104
41
81
72
102
31
19
102
91
101
108
28
89
17
87
54
73
86
86
84
87
20
42
25
55
54
0
0
29
6
5
7
25
1
17
23
1
6
52
9
1
51
1
1
24
50
0
3
1
1
0
64
37
58
38
1
1
66
69
1
1
42
13
37
43
1
0
48
41
45
1
1
1
1
1
0
74
39
62
81
29
85
23
12
23
23
62
67
91
24
48
25
58
34
96
29
89
31
78
66
56
42
77
30
21
79
74
75
68
12
51
7
53
60
71
71
75
56
74
16
60
36
52
51
0
56
33
62
64
7
59
8
130
8
7
153
105
64
73
50
6
75
6
72
7
67
126
68
160
47
157
182
103
140
174
179
64
68
118
179
16
63
145
172
45
73
74
188
9
169
0
171
54
0
72
51
35
65
20
71
24
17
34
21
68
69
73
12
66
21
75
22
55
24
74
23
67
73
53
61
73
26
26
80
72
68
68
24
75
32
60
57
87
90
60
81
66
27
46
0
51
56
26
89
45
115
130
20
92
35
34
51
35
112
106
73
40
117
32
109
24
117
38
120
33
126
81
106
125
126
40
29
124
120
134
125
45
104
30
103
93
96
122
127
127
125
25
66
0
62
64
0
122
85
103
151
29
95
25
7
9
30
138
140
107
9
138
22
136
10
134
17
134
26
129
129
135
136
137
10
11
137
134
141
140
14
131
16
140
135
159
121
138
160
139
32
114
3
109
101
5
53
34
13
48
33
23
28
24
26
30
34
42
13
30
33
24
38
17
39
22
37
24
36
27
41
32
32
7
20
34
38
39
38
24
29
9
39
26
24
36
42
27
37
20
8
13
17
7
6
44
10
29
23
20
49
20
17
25
24
32
47
18
19
49
17
45
31
40
19
56
26
51
40
31
59
60
17
25
51
58
57
58
43
38
16
34
66
58
44
75
70
48
40
26
0
22
22
0
66
26
75
75
32
127
20
30
31
30
71
68
64
121
38
23
74
143
152
143
65
154
80
48
78
150
82
144
140
156
81
80
161
48
141
24
79
67
91
81
139
145
150
40
31
142
29
32
134
100
14
37
100
67
102
57
74
65
69
29
100
42
66
37
9
92
6
30
8
37
55
109
37
33
41
41
8
18
34
42
37
97
6
35
72
30
34
44
95
36
107
103
72
33
6
32
32
0
