210
72
231
216
78
213
52
81
82
83
218
203
88
80
213
65
211
72
209
78
203
76
209
98
208
208
199
66
55
222
212
212
213
66
220
58
91
215
224
227
230
222
218
70
79
67
77
86
61
175
24
181
178
16
179
135
13
111
138
179
184
65
144
182
114
183
17
183
14
39
156
162
41
59
173
28
143
123
167
39
177
40
122
89
85
40
110
165
164
161
28
166
121
22
11
19
19
0
122
40
130
124
43
126
66
69
61
63
127
128
81
30
29
26
125
30
132
66
133
61
118
76
30
118
30
27
72
126
126
125
128
75
30
32
84
29
105
134
31
30
32
69
26
22
69
60
21
162
71
188
167
19
106
19
28
34
31
193
156
130
5
160
1
169
3
141
4
162
5
122
149
150
129
164
5
5
170
170
162
156
10
161
2
141
179
162
149
141
186
177
1
132
0
129
124
1
80
23
80
85
33
85
13
12
16
26
85
94
46
19
67
24
90
37
97
15
91
13
86
50
46
49
89
16
32
91
91
88
90
29
61
19
57
58
79
70
72
71
72
15
30
0
31
35
16
68
59
34
78
11
64
14
12
12
12
84
72
71
3
54
3
66
15
70
15
75
4
69
51
76
67
67
5
6
69
70
68
71
15
72
13
76
51
70
71
65
68
67
8
42
15
61
65
0
1
20
1
0
2
16
1
16
16
0
0
17
10
1
21
1
0
11
20
1
0
1
1
1
12
15
13
6
1
1
11
12
1
1
25
5
13
25
1
0
23
18
26
1
1
1
0
0
0
19
8
21
21
3
22
5
1
3
3
16
23
25
5
22
5
18
5
28
6
27
3
22
23
20
13
25
5
7
22
25
26
29
7
18
4
24
23
21
23
22
16
27
5
17
4
22
18
0
50
36
55
57
11
62
9
52
12
13
52
53
60
56
47
12
55
7
62
10
58
74
57
73
49
67
78
76
73
76
76
69
65
68
73
14
58
76
77
63
60
58
81
9
67
0
64
47
0
39
26
13
33
12
35
12
11
17
14
34
27
39
12
31
19
47
20
31
18
41
21
28
37
32
27
39
19
16
44
44
26
24
19
36
18
36
31
49
39
31
54
33
22
20
0
15
24
12
69
20
67
87
10
66
9
4
15
3
71
94
68
20
98
3
86
17
90
19
100
19
93
69
66
96
98
20
2
96
97
100
95
19
67
3
92
74
73
87
95
90
100
4
64
0
57
62
0
57
22
22
30
6
24
3
32
30
3
30
28
23
29
29
7
59
33
31
6
60
8
60
54
61
60
61
30
43
32
61
21
31
27
52
24
54
43
36
26
33
34
39
13
22
3
19
22
16
33
20
14
33
23
12
14
11
17
22
14
28
13
16
18
11
19
12
26
12
31
13
22
21
32
22
25
6
12
23
27
26
23
22
22
6
34
27
19
26
34
13
29
11
11
9
17
16
12
39
15
27
23
22
39
12
20
20
24
33
46
30
14
48
10
47
28
31
15
47
27
39
23
22
36
37
11
26
44
43
35
41
29
32
9
29
45
32
35
47
48
34
28
16
0
16
16
0
58
23
59
54
25
69
16
26
25
30
57
36
60
44
37
28
61
63
72
60
59
56
59
34
70
70
60
54
64
69
64
69
74
46
69
13
76
50
75
81
63
79
69
42
22
59
23
25
53
69
4
3
68
64
71
63
64
67
62
6
74
16
66
7
1
84
0
6
0
5
67
91
4
1
6
5
1
12
4
4
3
88
1
4
103
4
4
11
94
6
101
106
103
1
1
2
2
0
