381
176
369
369
245
380
159
260
262
260
382
347
227
249
353
229
353
258
349
245
348
236
359
228
351
376
349
240
202
348
365
352
360
231
358
210
243
361
376
378
387
389
373
248
232
235
234
242
231
233
46
228
232
47
243
186
40
148
186
237
225
109
190
239
149
238
55
239
43
66
187
229
63
103
243
51
188
153
238
61
243
64
147
131
118
68
157
206
217
194
53
203
148
56
43
54
49
0
245
108
256
254
116
253
76
84
74
80
277
259
181
104
98
104
280
114
282
112
290
85
262
178
117
287
116
124
109
283
279
287
286
94
112
116
229
121
154
262
127
132
135
70
97
98
207
187
95
227
118
345
252
104
130
72
145
165
161
365
191
160
0
188
1
225
9
169
5
185
10
193
196
216
172
245
2
12
257
244
190
227
13
206
0
182
253
207
172
207
258
203
1
136
0
139
139
0
167
51
164
156
33
172
47
22
51
24
169
144
137
13
102
14
144
14
156
42
150
54
145
102
124
143
145
41
19
131
137
151
143
15
144
51
122
101
141
137
132
137
133
49
91
0
94
91
48
126
115
59
127
12
124
9
9
48
11
132
135
141
9
97
11
134
59
136
65
139
14
124
101
137
118
129
13
10
122
146
129
129
71
136
68
129
110
140
130
138
143
145
17
65
75
118
117
0
7
83
8
6
12
74
3
69
72
3
6
81
45
4
92
5
7
57
94
3
8
6
4
8
97
61
85
44
5
6
93
91
7
2
96
26
86
111
6
6
103
100
98
3
3
3
1
4
0
101
47
54
104
36
109
41
33
42
43
61
68
83
28
55
35
81
40
96
45
95
32
83
70
60
65
93
46
43
94
101
100
91
46
65
24
96
80
96
92
100
48
92
50
61
42
58
56
0
139
55
134
141
43
139
40
198
46
46
205
191
125
147
93
42
133
38
143
40
135
199
143
219
113
216
239
180
211
246
246
144
138
195
237
43
150
217
246
114
151
149
243
40
220
0
212
73
0
167
107
97
146
65
161
49
48
73
61
168
117
158
43
132
58
164
74
121
71
184
72
121
190
119
107
188
77
60
178
175
134
131
59
160
63
136
131
172
169
115
171
136
45
100
0
93
121
52
137
69
150
163
16
103
10
39
22
32
159
159
116
24
166
34
167
13
164
24
170
25
174
116
161
166
171
25
36
163
174
167
165
35
153
38
162
148
140
185
174
176
178
38
117
0
123
119
0
168
129
103
138
37
119
23
45
45
33
152
161
119
45
152
35
166
43
158
34
179
42
181
167
176
171
182
55
44
135
163
107
146
46
152
48
144
161
155
109
145
141
140
38
106
16
99
102
15
102
48
25
101
72
41
47
51
51
70
57
95
36
71
56
46
57
55
94
47
115
49
48
46
106
59
53
37
50
80
92
105
93
84
51
22
102
84
35
111
106
44
105
33
17
39
37
26
23
120
48
83
65
58
130
35
39
62
59
88
133
57
33
141
33
120
58
87
36
129
64
108
80
72
126
126
27
64
120
132
128
124
62
87
26
64
137
88
93
141
141
100
68
57
0
59
60
0
172
68
186
181
73
201
38
78
76
75
196
154
181
142
91
73
201
188
203
195
203
189
177
82
170
214
191
178
199
229
195
197
236
70
219
29
171
115
191
176
203
238
213
66
91
180
85
81
178
150
37
49
159
110
137
91
123
110
120
34
183
57
124
47
12
170
7
42
17
41
104
173
47
32
42
48
13
40
50
51
44
150
14
49
139
50
48
85
142
48
186
186
108
41
11
43
39
0
