429
193
442
442
310
448
220
303
295
293
434
448
263
310
464
241
472
310
466
291
468
291
459
203
459
457
462
303
226
452
464
462
468
287
456
215
212
436
454
444
449
451
447
285
230
252
217
223
257
287
71
289
307
78
303
212
45
128
203
299
268
105
186
280
140
285
66
283
49
91
191
278
96
117
292
76
215
171
287
99
288
109
225
219
156
105
242
289
313
316
73
306
231
45
46
47
51
0
295
119
308
319
134
316
73
81
64
80
321
295
209
112
85
99
282
111
291
61
294
59
280
219
104
304
114
127
54
308
308
312
300
72
102
130
298
114
249
313
118
112
122
61
83
82
251
246
72
267
170
379
309
68
159
86
136
141
147
392
244
217
3
257
3
294
16
203
17
252
24
251
235
256
209
288
11
19
294
301
236
260
23
245
6
218
294
252
216
244
295
243
4
171
0
160
175
3
123
47
129
129
67
122
48
34
60
54
124
120
91
34
108
55
136
67
123
49
132
59
116
55
74
85
120
59
60
122
126
116
107
72
79
46
80
98
120
125
137
130
136
50
30
0
34
38
47
116
134
63
140
23
97
21
26
51
28
138
118
111
12
94
16
120
49
125
56
133
26
144
83
123
111
153
42
28
145
128
153
148
56
140
51
128
81
131
151
140
128
139
30
61
51
93
98
0
3
131
3
6
16
90
6
77
85
3
4
156
56
5
164
6
3
88
160
6
4
5
4
4
139
118
121
55
6
3
161
158
9
5
163
36
84
170
5
4
169
168
164
5
7
3
3
6
0
158
73
103
149
31
154
47
33
45
38
95
102
148
28
93
39
118
48
155
45
152
36
133
102
97
104
146
32
46
146
154
142
142
42
108
17
130
104
128
145
138
93
139
38
82
35
79
80
0
199
104
189
187
62
197
45
199
58
59
214
196
193
164
152
56
203
37
199
57
192
225
195
253
155
252
274
217
235
258
273
199
205
226
263
49
182
261
265
176
199
205
271
41
260
0
239
132
0
150
98
54
131
70
131
32
74
54
76
137
94
135
25
119
66
135
77
106
84
148
82
92
142
81
99
120
65
62
128
131
106
111
61
114
62
102
97
149
149
113
151
112
62
64
0
72
98
51
106
52
123
162
29
103
41
33
63
31
117
167
124
60
162
27
160
47
172
62
168
67
167
120
121
160
181
69
26
169
182
180
174
63
126
30
167
132
154
167
165
180
189
37
104
0
97
94
0
194
95
84
129
33
114
16
89
76
29
149
126
110
96
145
31
206
77
138
17
197
24
198
184
196
197
194
75
79
130
202
122
136
71
184
64
177
142
139
106
151
148
151
27
109
17
105
102
22
100
58
36
87
56
30
44
38
38
45
59
66
53
41
62
38
64
24
62
44
61
39
56
46
65
44
47
24
35
46
63
55
60
27
48
9
60
61
36
66
63
36
60
22
22
20
41
35
24
100
18
89
64
22
84
37
16
27
26
93
103
67
29
107
39
101
24
101
14
102
30
114
85
84
101
115
36
27
113
109
107
101
35
101
18
86
110
107
100
116
118
96
34
64
0
64
66
0
131
70
146
136
25
228
10
27
28
31
141
114
150
193
117
33
138
212
252
230
139
217
137
119
140
230
145
209
229
266
139
134
266
50
251
27
145
128
157
158
231
246
252
47
76
193
78
77
181
126
26
44
135
93
144
65
94
96
89
36
141
64
99
42
11
154
4
40
11
50
85
136
33
34
50
46
10
31
43
50
48
129
9
45
102
42
46
78
117
45
154
141
94
39
9
34
34
0
