588
257
604
591
369
609
233
391
395
393
597
533
300
365
567
272
558
370
576
366
541
359
526
300
559
549
532
345
275
539
565
574
553
354
500
283
306
533
550
515
532
538
550
367
281
301
272
299
303
340
64
346
342
95
332
271
45
207
298
367
362
108
317
375
248
376
102
367
53
127
300
381
118
116
371
67
305
252
380
121
380
132
264
198
207
101
252
350
343
352
61
344
294
49
40
46
49
0
305
157
318
314
153
347
70
67
66
67
330
320
243
143
110
121
320
138
381
89
357
60
310
228
145
343
149
166
100
368
356
364
374
66
147
146
319
154
268
360
138
150
163
59
113
103
293
284
108
356
168
465
357
119
159
66
150
145
158
473
310
254
5
322
3
316
4
228
3
316
9
303
299
300
291
338
10
4
360
349
327
326
6
311
2
269
330
324
261
270
322
312
4
237
0
219
230
5
115
55
125
129
46
128
48
31
49
41
127
118
99
34
101
37
116
41
134
49
124
50
112
90
92
95
118
43
37
117
128
124
120
35
89
46
116
87
119
129
117
123
120
50
58
0
68
61
54
105
107
45
108
8
116
10
11
69
10
110
105
117
7
84
11
110
71
116
69
122
16
119
73
142
129
108
11
7
128
135
123
124
79
101
72
144
67
130
114
100
138
109
13
62
77
116
120
0
6
113
8
4
26
82
6
83
97
6
7
160
56
6
140
8
5
80
159
9
11
7
8
9
123
119
128
63
6
2
144
150
11
5
107
33
75
120
5
7
113
115
112
5
9
6
4
8
0
122
62
98
134
23
133
23
23
18
19
96
102
123
23
92
34
90
35
128
34
137
34
118
99
96
87
113
35
36
120
124
125
127
26
91
27
108
94
112
115
124
88
111
26
91
35
83
78
0
208
125
215
221
57
218
58
242
63
66
246
226
214
202
158
61
213
53
202
56
208
275
229
284
173
277
300
241
280
285
316
229
216
289
296
63
201
283
297
198
225
225
307
56
277
0
265
138
0
182
125
100
167
80
188
54
63
64
82
174
126
164
49
180
81
193
92
125
85
206
92
122
195
141
120
195
90
88
194
188
126
125
73
169
64
131
118
190
180
133
207
140
69
97
0
97
136
66
147
106
168
213
48
115
33
33
69
30
167
213
119
56
216
36
212
35
217
62
229
56
230
150
165
229
227
59
37
218
216
223
224
55
174
28
202
175
169
207
232
241
236
31
137
0
129
138
0
203
97
82
136
24
137
18
94
82
28
133
139
100
100
135
28
195
96
130
16
197
23
200
185
205
214
198
94
75
121
201
97
136
82
195
67
167
177
124
109
167
125
170
27
84
12
95
90
13
78
50
38
81
56
30
51
58
40
53
62
88
46
55
59
56
60
38
79
56
76
56
65
49
79
50
50
39
52
54
75
70
68
72
54
24
80
68
35
74
74
38
82
26
15
24
33
22
24
95
37
114
88
30
117
49
18
42
43
121
129
72
42
122
44
110
41
113
22
126
42
125
106
90
129
135
37
46
132
124
129
133
59
112
41
100
141
129
114
141
148
113
54
78
0
70
76
0
168
81
184
179
60
292
18
63
56
60
193
178
178
220
127
49
181
234
297
256
179
266
181
120
188
303
197
240
260
297
200
203
298
74
291
40
192
132
191
187
261
291
312
66
96
229
103
104
219
168
34
41
169
130
169
113
140
137
146
25
168
50
132
38
11
159
7
37
16
41
106
171
37
31
36
34
12
39
42
28
40
147
14
31
152
28
32
59
155
37
188
185
136
21
11
24
22
0
