141
86
157
155
97
146
54
108
105
116
152
157
104
100
164
91
154
106
154
111
151
107
160
114
160
159
157
85
85
158
159
154
153
103
153
86
93
154
156
160
160
158
156
108
98
94
99
96
95
116
18
123
125
26
121
100
18
78
105
128
122
41
104
128
96
126
24
128
22
23
109
125
26
34
115
16
92
88
119
27
124
26
80
41
71
26
90
105
103
102
25
105
80
20
16
18
22
0
107
32
122
127
39
118
52
50
51
55
121
139
69
43
35
35
135
35
139
69
142
67
119
64
36
130
42
38
67
122
126
125
133
52
37
37
95
41
90
125
41
41
40
46
36
31
76
72
36
124
17
173
125
47
90
48
78
89
76
180
84
65
0
87
1
93
2
79
2
94
2
62
89
87
79
95
1
2
93
93
84
76
3
91
1
75
89
91
76
90
90
86
0
80
0
81
81
1
26
15
28
30
3
24
21
7
25
2
27
32
45
6
23
4
27
9
32
23
33
28
30
20
41
44
34
27
5
31
25
30
28
3
43
23
27
26
28
29
28
27
32
24
22
0
23
20
18
66
15
48
57
1
66
1
1
19
1
57
55
66
0
54
1
61
25
58
27
51
1
61
58
73
79
63
2
2
60
78
59
65
27
61
25
79
54
73
60
62
79
61
3
55
24
74
77
0
1
15
1
0
3
8
1
7
8
0
1
23
9
1
22
1
0
14
21
0
1
1
0
1
22
25
24
18
1
0
27
31
1
0
33
12
17
30
0
0
30
30
34
1
1
0
0
1
0
71
45
63
73
14
77
9
3
9
7
62
62
70
6
63
5
58
8
74
10
72
8
74
56
63
62
79
14
14
81
73
78
79
16
56
5
67
58
70
67
70
62
69
10
59
14
55
55
0
92
35
79
95
37
90
35
81
38
40
119
82
89
44
47
38
85
24
93
36
87
86
78
122
58
120
126
66
85
133
132
79
81
69
123
36
72
108
128
73
97
97
126
31
124
0
113
52
0
88
46
48
81
31
88
20
33
21
28
87
50
85
19
74
37
83
43
59
44
94
41
61
105
60
50
95
39
32
85
95
57
54
41
74
24
74
65
106
99
51
91
55
44
47
0
36
58
26
52
30
52
88
29
43
21
17
48
13
56
100
46
53
103
18
104
33
105
56
105
51
109
55
57
106
105
48
14
108
111
110
107
64
61
15
84
60
79
110
117
122
116
15
43
0
38
46
0
76
79
56
106
40
57
32
8
8
40
104
81
54
7
86
19
82
8
87
17
81
23
80
78
85
79
85
8
8
86
81
71
87
4
79
5
74
77
87
75
71
90
76
22
66
1
67
60
3
35
20
7
28
30
10
19
15
18
21
19
30
11
26
16
17
20
20
34
17
37
18
14
15
31
14
14
11
17
31
31
32
39
28
16
7
36
28
11
26
35
11
36
10
6
11
11
5
6
45
23
48
44
10
63
20
12
15
15
62
54
34
18
57
17
57
13
53
9
62
14
59
58
42
55
51
16
12
54
54
52
50
11
54
8
45
55
42
47
63
51
46
12
28
0
34
36
0
68
34
70
75
24
111
6
18
20
19
71
66
67
77
52
19
58
88
115
91
59
91
59
45
74
119
63
74
76
118
67
73
115
25
111
13
73
59
74
73
101
114
121
23
45
83
44
49
74
52
5
17
55
43
55
36
42
40
44
13
62
17
47
15
7
60
3
13
7
14
34
71
16
14
19
14
9
13
22
16
15
54
4
18
47
18
18
27
55
16
67
66
45
7
5
12
8
0
