415
179
432
440
233
435
143
263
261
253
423
383
217
249
384
192
391
243
380
243
396
234
396
225
389
392
398
238
195
404
401
384
396
244
421
190
231
430
413
411
417
431
436
243
201
204
205
213
207
266
72
284
286
82
276
220
55
163
211
297
262
97
187
254
150
264
69
262
58
89
194
246
82
92
252
58
183
145
254
83
253
87
179
175
124
83
189
253
247
246
61
241
189
57
42
60
52
0
242
106
248
258
105
268
66
67
72
78
267
267
161
105
83
90
278
97
280
103
265
81
245
169
99
274
103
102
99
268
285
287
293
79
99
101
227
103
177
259
106
107
110
59
77
78
199
190
75
217
123
327
236
77
143
64
107
111
110
336
207
177
6
210
4
219
4
180
3
222
9
196
193
211
182
225
5
1
224
236
197
214
14
220
4
196
237
212
174
188
242
207
2
154
0
151
159
3
120
60
139
115
27
131
51
41
62
16
134
143
140
25
111
29
150
39
145
58
138
60
139
112
131
138
130
60
35
144
141
152
141
33
141
55
133
126
152
140
144
145
155
60
91
0
90
93
57
115
111
59
126
14
101
11
15
50
16
120
111
111
12
87
11
112
61
117
58
118
16
115
87
110
106
111
21
14
130
110
127
119
54
129
53
116
83
105
125
129
104
128
21
55
56
88
94
0
6
92
7
8
21
71
5
67
74
8
7
132
51
5
135
4
9
87
129
6
9
9
8
7
108
93
106
46
6
12
104
126
12
5
120
28
100
137
9
7
142
142
141
4
7
6
5
7
0
134
63
90
161
37
149
42
38
41
45
84
93
116
32
80
36
103
41
124
37
130
36
132
101
79
94
143
40
48
146
137
139
154
42
95
28
143
105
146
140
142
81
149
54
89
37
76
75
0
185
98
172
193
64
201
59
162
70
74
200
190
196
136
139
89
207
80
203
87
213
176
192
218
135
209
232
173
193
233
237
202
198
171
207
67
172
210
234
152
208
200
224
53
212
0
203
103
0
185
154
112
178
65
212
35
54
48
69
202
131
183
36
159
72
196
53
146
68
207
73
145
190
138
128
185
62
55
190
195
144
146
53
172
55
127
145
186
179
133
185
141
44
107
0
103
137
47
143
75
134
162
29
103
28
38
52
41
142
173
88
52
176
43
171
34
171
59
173
57
171
99
136
173
167
49
37
170
179
175
177
57
130
36
166
124
134
172
161
164
171
35
84
0
80
91
0
141
94
75
125
36
95
31
55
55
35
120
113
76
57
127
42
124
54
126
37
145
37
141
125
147
145
143
47
39
145
128
87
135
47
120
38
118
118
137
87
116
134
121
67
81
14
83
70
11
116
51
26
120
83
42
48
48
61
86
58
89
33
63
52
36
53
48
103
41
91
43
53
53
88
51
49
30
40
72
86
101
102
97
48
21
106
85
37
89
102
43
97
29
22
23
32
19
19
114
44
94
71
51
113
46
38
52
60
110
127
53
38
127
43
122
61
104
34
124
59
114
90
67
117
109
37
49
114
112
109
122
43
104
15
86
116
80
102
101
128
103
36
62
0
56
63
0
160
74
175
169
63
199
26
63
58
55
170
152
160
142
97
58
152
159
205
171
159
167
159
101
167
216
177
149
173
213
150
154
241
48
208
25
172
118
179
171
191
236
228
47
83
163
81
85
161
131
19
54
131
88
122
71
93
91
87
36
131
34
86
63
16
145
13
46
16
58
80
150
47
38
50
51
17
26
47
51
52
107
12
52
117
41
53
73
110
53
143
149
97
34
16
33
33
0
