288
125
299
299
172
294
120
176
176
175
299
292
144
175
296
136
293
170
305
163
288
154
283
155
279
281
272
154
140
274
277
280
278
157
272
134
166
279
287
266
276
285
290
162
148
147
161
154
157
151
29
156
159
22
160
113
20
91
123
162
150
55
120
148
102
150
21
150
19
28
120
137
27
44
141
22
104
85
138
30
134
36
93
72
76
32
92
124
118
116
30
122
86
21
17
19
23
0
134
57
143
147
46
150
34
38
32
32
148
140
91
39
32
35
146
40
138
31
136
31
186
96
44
189
40
40
73
173
185
199
183
44
31
49
141
49
111
158
46
44
43
47
33
33
121
118
31
145
62
221
155
87
96
47
121
122
122
235
117
98
3
115
2
122
6
101
6
119
8
110
114
119
104
141
2
14
139
137
109
132
11
105
1
96
135
121
112
119
140
119
2
79
0
75
79
1
54
19
58
65
40
62
22
17
23
24
58
50
36
10
43
21
47
24
53
23
55
19
48
23
39
33
44
23
30
51
53
49
55
22
36
17
40
38
51
51
41
47
48
19
16
0
13
17
17
47
41
24
57
12
45
9
11
19
10
54
49
48
7
38
9
50
21
52
27
47
10
50
33
50
49
50
10
8
50
50
43
51
28
54
23
49
22
47
56
59
52
57
14
27
19
43
47
0
4
35
4
4
8
24
4
28
33
4
4
54
14
3
54
5
3
27
51
3
4
4
2
4
39
25
26
9
4
3
43
46
3
2
35
6
18
34
4
4
38
36
38
3
3
4
1
5
0
53
26
36
56
12
57
15
11
17
20
35
39
53
8
32
11
45
12
55
13
51
12
39
32
40
35
42
17
11
45
46
46
45
5
38
1
46
42
41
49
43
36
47
5
37
14
37
38
0
64
41
70
68
8
64
7
141
9
6
143
99
69
89
53
9
67
8
74
9
71
153
69
180
62
171
186
138
162
183
183
73
73
153
185
12
67
160
181
67
79
75
185
5
170
0
173
61
0
69
54
31
56
14
64
14
14
20
16
64
57
53
6
58
15
71
14
53
8
65
15
54
66
55
59
70
17
19
73
71
69
65
21
58
28
66
67
78
73
54
71
65
15
48
0
50
58
28
61
16
58
62
8
47
13
17
20
15
59
67
47
25
70
15
63
22
69
22
67
19
71
56
61
79
73
24
20
75
72
72
63
27
63
14
69
53
65
76
77
82
83
16
43
0
49
47
0
142
76
101
130
17
107
16
39
35
18
128
124
106
37
133
20
147
24
120
10
147
17
148
141
151
146
146
27
28
128
149
111
129
34
139
26
138
135
131
109
138
128
132
18
107
7
106
109
11
42
25
14
46
31
12
20
24
23
31
30
32
21
22
26
19
26
14
30
24
31
18
29
24
28
24
27
8
18
22
30
30
28
17
26
10
25
29
20
30
27
24
35
14
14
11
15
13
8
24
8
28
17
7
21
19
3
10
10
26
32
22
17
31
14
31
15
33
6
33
13
33
37
28
31
38
14
14
40
35
41
32
22
33
4
35
52
43
31
49
49
35
25
14
0
13
12
0
73
43
77
77
23
132
10
22
24
29
77
49
71
131
48
28
72
153
143
160
75
161
80
42
72
147
77
142
140
152
77
73
162
34
149
16
84
49
83
91
149
148
143
29
31
151
29
30
128
57
12
22
75
47
61
38
39
51
46
13
60
21
42
20
2
61
1
19
0
18
39
65
19
17
23
20
1
13
23
20
19
56
1
19
45
17
18
25
58
19
58
58
42
15
2
17
16
0
