184
105
184
190
146
185
85
157
151
156
190
201
120
149
201
114
192
147
198
149
186
143
216
115
236
228
223
140
119
228
208
234
229
137
216
117
120
241
231
225
232
222
248
138
110
129
118
123
135
162
28
170
170
25
165
144
22
126
152
156
144
46
136
158
115
160
29
159
26
27
137
159
33
56
164
26
148
137
163
30
171
32
129
70
119
33
133
159
150
155
25
152
134
18
22
24
23
0
181
64
187
183
65
193
92
87
83
93
197
174
93
54
45
53
192
58
195
91
195
81
169
81
56
180
55
59
91
175
181
176
179
45
53
59
110
62
101
148
64
58
57
48
42
42
97
103
46
178
65
237
184
56
104
39
85
95
92
245
145
111
4
147
3
154
4
104
6
146
7
119
120
133
121
157
5
2
158
157
131
135
0
137
1
144
145
140
131
122
149
135
2
127
0
114
120
2
55
16
56
53
3
57
20
12
23
1
52
62
64
5
46
3
55
4
55
22
53
23
59
47
58
53
57
25
9
59
59
65
56
8
64
26
62
48
60
58
61
58
54
21
39
0
33
33
21
99
52
68
85
1
103
2
3
26
2
86
89
99
4
79
6
91
34
92
33
98
5
94
78
98
90
103
8
6
102
102
102
99
41
104
39
106
86
94
104
111
110
106
9
72
37
95
98
0
0
39
1
0
1
38
0
36
40
0
1
43
20
0
42
0
0
26
44
0
0
0
0
0
51
38
51
26
0
0
50
56
0
0
78
17
60
78
0
0
81
77
79
0
0
0
0
0
0
81
35
55
82
22
83
26
15
25
24
50
50
69
18
47
27
53
35
75
35
75
39
70
51
46
43
77
31
31
86
71
74
79
28
50
12
66
55
66
73
82
40
74
34
46
32
42
41
0
113
49
101
114
53
118
47
111
56
59
135
102
116
83
64
50
106
32
115
41
121
114
111
140
59
131
152
113
123
145
140
115
111
111
134
44
83
128
145
84
118
111
142
32
138
0
133
55
0
86
46
41
83
49
100
21
45
26
55
96
42
81
18
73
40
84
48
38
52
90
46
42
76
36
41
87
39
30
86
82
53
52
47
71
22
56
46
75
85
46
93
45
38
30
0
27
47
30
78
41
77
81
15
49
11
31
20
26
78
77
47
12
80
28
81
16
75
18
80
20
77
49
78
77
86
20
34
82
78
74
75
26
64
28
83
75
63
84
86
89
88
37
49
0
47
45
0
103
59
65
91
15
84
17
29
22
16
93
89
67
28
88
11
106
33
86
9
98
10
110
101
119
111
110
27
25
94
114
71
93
32
92
23
103
96
92
76
96
87
88
14
75
12
72
69
10
40
21
15
42
28
15
24
19
22
21
26
35
17
23
21
24
24
19
27
24
34
24
28
27
30
25
25
10
18
25
30
30
30
20
22
8
33
27
14
40
35
12
34
15
8
10
19
9
11
87
25
56
47
28
77
17
11
28
23
72
66
43
17
77
17
73
32
58
9
69
30
74
59
48
81
76
15
35
93
82
94
88
28
58
8
49
82
48
62
76
82
65
35
50
0
48
46
0
90
39
88
102
17
140
8
14
18
19
91
95
93
96
67
21
89
118
149
124
94
124
91
59
94
149
97
123
121
152
95
97
166
29
167
8
104
79
110
100
129
153
150
26
64
115
60
69
111
76
19
35
83
52
80
35
48
43
52
22
83
32
53
40
13
87
5
33
15
33
34
90
34
28
42
34
9
14
38
38
36
77
9
40
49
35
45
51
77
44
88
88
49
30
9
30
27
0
