324
164
352
338
255
358
172
269
261
269
340
348
205
251
351
214
353
254
356
253
337
235
342
220
344
343
332
242
205
346
351
347
344
239
323
203
217
338
339
338
332
339
340
251
197
221
200
203
216
218
54
233
223
43
224
175
37
131
164
229
217
103
149
234
130
228
40
222
35
53
158
236
60
78
224
46
187
163
249
58
239
56
156
137
133
71
171
208
227
216
49
223
164
51
45
48
52
0
241
92
280
267
121
272
81
80
74
85
284
280
205
120
106
113
290
107
302
96
286
70
278
187
126
292
123
126
87
286
296
295
291
68
113
130
240
127
192
271
125
131
125
61
108
97
215
194
99
225
109
349
238
102
139
79
141
151
148
345
197
163
1
202
1
241
9
176
5
198
16
240
196
233
162
271
1
18
260
268
195
231
17
214
1
189
254
197
196
207
251
197
1
149
0
135
147
1
141
60
164
161
32
150
48
25
44
22
150
144
133
12
103
16
145
20
148
41
142
45
146
102
140
126
151
48
24
156
150
154
146
21
146
43
126
102
146
140
139
147
144
45
98
0
96
96
44
127
116
61
118
10
120
11
10
55
13
110
117
125
9
80
9
107
68
121
63
112
12
114
93
130
129
109
10
9
126
137
123
131
72
121
60
138
95
133
137
127
135
135
16
68
63
113
116
0
7
84
3
3
12
70
4
68
60
3
4
116
51
5
121
5
5
86
111
3
3
6
5
3
108
75
107
53
3
5
112
120
6
2
129
36
104
137
3
4
142
136
135
3
5
5
4
4
0
140
65
101
139
60
141
51
35
57
53
95
99
140
52
98
60
128
76
161
71
146
75
136
97
90
89
139
65
87
151
152
145
148
61
107
29
137
112
149
160
154
84
141
71
89
63
83
79
0
187
90
174
203
80
195
69
172
76
73
218
218
177
160
115
71
174
60
180
65
192
210
172
247
100
227
267
190
205
252
251
169
167
178
235
68
155
219
230
135
177
181
246
51
207
0
207
109
0
172
86
90
162
55
166
45
59
47
78
187
99
157
42
126
58
178
56
108
71
193
68
126
168
119
118
158
55
43
168
159
130
132
73
164
64
137
131
169
176
113
183
128
64
99
0
99
131
62
162
87
190
157
28
104
13
75
30
65
187
186
118
36
177
69
187
25
186
36
171
36
173
119
187
183
180
32
69
177
175
176
184
31
173
66
171
175
132
157
180
177
181
71
106
0
106
106
0
181
138
92
144
46
130
31
55
48
48
151
140
110
54
159
54
163
49
148
31
159
51
171
166
170
176
166
41
40
152
166
135
160
44
163
34
149
170
162
110
151
155
144
43
111
11
110
96
10
108
58
26
108
74
37
47
39
57
69
61
87
47
66
58
50
58
46
87
49
75
46
55
53
109
53
50
29
46
81
103
104
101
72
51
23
97
73
36
98
102
42
97
35
25
24
39
28
31
121
58
91
63
51
136
36
37
62
63
90
106
59
40
112
34
120
59
87
41
106
66
129
113
53
123
126
39
69
123
131
114
132
45
90
19
66
127
70
105
120
132
109
55
60
0
62
57
0
180
91
190
188
45
213
20
46
53
50
191
184
189
169
124
59
208
184
239
210
212
206
212
128
213
256
209
179
190
258
207
221
255
53
248
26
216
149
222
216
216
248
257
48
108
193
105
104
176
167
45
82
176
107
182
76
108
109
110
48
173
60
105
76
22
162
12
78
26
75
80
173
79
63
79
83
25
45
76
82
69
145
30
81
90
67
81
95
122
81
172
168
90
51
26
55
54
0
