189
94
207
206
110
193
83
123
130
140
200
179
104
128
179
120
180
127
181
130
184
123
191
113
195
195
193
121
101
187
194
188
194
123
185
100
107
187
177
190
198
178
182
119
109
109
104
113
111
96
16
100
100
20
103
87
13
64
85
111
101
42
90
107
81
110
20
107
13
24
97
104
31
35
114
17
90
84
114
29
112
30
98
68
80
26
79
110
115
122
17
119
90
15
10
15
12
0
118
62
130
125
58
129
38
43
46
49
139
130
91
60
47
52
121
57
123
45
129
36
120
85
53
117
52
58
40
124
117
129
123
33
50
59
123
64
94
138
51
53
56
35
40
40
94
91
45
125
62
176
123
42
65
27
67
73
72
167
111
87
3
117
3
123
5
82
7
111
8
96
92
112
87
117
2
3
107
114
95
100
9
119
2
100
111
107
92
107
123
108
3
78
0
82
84
2
54
30
57
58
15
59
10
11
13
8
66
56
47
10
39
13
52
15
58
12
58
12
56
40
42
46
61
15
23
63
62
60
56
19
43
13
65
58
62
58
62
66
63
14
34
0
29
32
13
52
46
32
59
4
52
2
5
24
6
63
65
61
8
40
8
61
28
58
27
60
8
70
46
67
59
59
9
6
72
64
77
72
26
64
26
65
57
65
67
60
61
65
11
34
32
52
46
0
8
56
5
5
11
48
8
50
47
6
4
58
40
7
57
4
8
34
58
3
5
7
4
6
51
54
51
33
4
4
56
55
6
6
53
15
44
54
4
2
50
55
56
7
4
7
2
6
0
44
17
25
41
14
43
20
16
21
18
22
20
49
22
20
25
40
23
45
27
50
25
48
23
22
35
45
15
27
48
46
52
52
24
29
17
51
37
46
48
48
27
51
28
29
17
26
20
0
76
53
79
85
15
84
9
86
17
20
94
89
79
69
71
22
85
17
93
21
88
97
89
124
76
111
127
95
103
123
124
94
99
100
117
15
93
112
125
70
94
100
125
10
124
0
114
59
0
62
56
38
71
19
68
18
15
22
20
65
54
66
10
57
14
67
14
54
15
62
17
54
75
56
61
71
16
18
71
69
64
56
26
62
24
58
58
69
66
50
69
54
20
47
0
43
53
20
74
41
83
87
6
60
8
19
11
18
81
81
64
13
87
20
81
6
83
14
89
11
98
75
84
87
94
23
13
100
107
101
100
18
87
13
106
86
83
105
108
105
113
14
64
0
64
62
0
88
56
36
76
19
59
18
39
36
21
74
62
49
34
69
18
90
43
74
11
84
11
83
81
82
95
86
31
29
56
77
41
60
35
72
21
62
71
67
46
73
68
75
15
49
7
50
40
10
35
21
9
38
29
13
20
18
25
35
21
33
15
29
22
19
18
24
32
19
35
15
18
20
47
20
23
10
13
36
40
45
39
36
19
11
36
28
9
33
39
16
34
10
6
11
15
8
12
34
12
32
23
18
40
12
18
23
16
35
35
19
12
41
11
51
19
26
19
39
23
45
22
28
47
43
7
26
47
40
50
50
36
27
7
28
38
30
27
41
44
26
32
13
0
13
16
0
54
21
54
55
20
82
15
27
23
21
59
57
60
64
24
19
48
77
90
93
56
97
56
34
60
98
58
86
85
98
53
61
105
27
97
11
73
51
76
81
89
99
102
26
31
96
34
27
84
88
11
29
93
66
94
57
66
66
66
16
92
19
67
25
5
84
1
16
6
23
55
91
25
22
23
23
4
16
22
25
21
72
4
21
60
18
20
30
71
23
88
77
54
12
4
15
21
0
