242
108
259
253
143
248
87
151
152
148
257
262
146
144
256
135
243
149
254
140
266
144
235
134
236
243
233
133
119
220
242
240
240
136
216
126
130
225
222
219
226
224
234
136
136
131
135
147
121
140
25
141
140
21
147
120
13
98
122
146
152
50
144
161
114
161
15
163
20
29
145
144
27
50
146
25
137
120
146
26
157
27
102
77
84
25
116
130
133
130
20
133
105
17
16
15
17
0
143
70
153
155
58
155
56
52
53
51
154
156
92
46
40
46
164
45
168
56
168
50
150
103
46
156
48
48
56
167
163
173
158
41
47
53
137
51
125
159
50
56
50
39
44
38
120
107
36
150
54
218
155
69
101
46
96
97
91
233
129
99
2
128
2
139
6
98
1
135
5
114
140
137
123
146
1
4
148
140
138
132
6
139
1
130
144
143
127
115
145
126
2
113
0
103
110
1
67
34
75
82
17
74
22
15
21
16
81
84
69
8
77
17
85
25
87
20
82
24
100
65
67
66
106
21
31
93
96
87
90
24
74
20
80
76
85
92
86
91
91
21
47
0
48
48
21
60
62
47
87
21
59
17
19
9
19
87
82
65
16
60
11
75
20
77
22
79
22
79
57
62
63
74
23
15
84
65
83
77
23
80
22
71
51
62
79
81
65
77
23
40
18
60
64
0
1
51
1
0
15
42
2
39
44
2
4
63
22
2
63
3
2
35
59
1
4
2
1
3
54
47
52
22
1
2
54
54
5
1
48
9
41
63
3
2
51
53
52
1
3
1
2
2
0
33
13
25
39
5
39
6
3
4
6
21
22
34
6
21
4
28
8
37
5
39
4
35
24
16
22
29
4
6
31
30
29
33
4
21
1
31
23
26
30
29
27
33
4
17
3
19
16
0
93
42
77
88
24
83
22
104
22
25
116
92
73
65
45
14
68
16
71
16
72
108
66
121
59
129
134
107
114
139
138
68
67
116
133
18
69
117
136
62
86
81
146
15
138
0
131
52
0
68
51
34
63
22
70
15
23
24
21
58
55
67
15
60
21
70
25
57
23
67
24
55
76
62
49
77
29
24
69
69
56
56
23
72
24
51
55
74
62
49
72
60
23
39
0
38
50
25
77
31
91
103
12
80
12
7
21
6
91
99
74
17
103
6
105
11
103
17
107
20
114
95
93
114
105
23
7
112
117
118
113
26
99
5
114
88
91
124
116
125
114
7
74
0
81
82
0
119
64
82
106
18
86
13
27
27
17
105
101
80
31
99
21
116
29
108
15
109
18
115
119
117
119
116
33
28
96
115
89
106
25
105
23
103
108
107
79
102
103
96
24
88
7
81
81
7
50
21
22
58
31
18
17
18
20
36
30
41
30
25
35
13
26
17
45
14
43
12
28
27
60
31
34
14
14
39
54
51
51
43
29
8
55
50
27
59
58
25
60
12
19
11
20
14
6
58
22
44
25
41
77
18
34
49
43
41
68
40
13
72
16
61
38
36
30
64
38
56
34
40
57
60
17
33
58
55
52
51
28
37
14
38
55
46
36
51
50
41
29
23
0
25
24
0
77
35
74
84
33
111
13
26
26
27
82
66
74
98
45
33
79
113
132
113
81
127
101
61
80
130
85
112
118
133
83
88
134
46
133
19
88
66
91
97
128
137
141
40
34
114
40
34
114
86
6
12
77
77
76
62
77
75
80
6
90
10
78
10
2
97
1
10
3
10
82
109
8
6
9
5
2
6
7
7
6
98
2
7
92
5
8
11
96
7
92
95
97
2
2
3
2
0
