215
117
223
223
166
228
128
175
175
171
229
218
139
153
232
137
229
165
223
161
233
148
247
138
249
237
225
151
126
244
250
233
249
166
251
123
132
255
252
247
246
248
255
156
133
135
131
143
132
125
37
138
147
28
143
104
18
78
112
153
140
48
100
142
80
144
29
147
15
38
101
134
43
47
143
28
96
88
134
44
142
38
100
94
74
45
104
132
145
140
27
140
104
21
13
18
23
0
147
69
162
159
54
167
46
43
36
48
151
159
85
55
44
47
149
55
161
54
149
25
137
90
62
145
49
62
46
151
145
150
154
36
52
65
148
55
100
162
63
64
53
30
37
32
107
115
27
129
74
185
144
52
66
37
79
79
75
195
119
93
2
130
1
148
7
92
6
119
12
107
115
124
101
149
1
6
149
136
105
126
10
119
0
106
137
118
104
124
151
115
1
82
0
79
80
0
77
20
80
81
26
82
18
8
17
19
78
76
46
17
51
22
80
27
79
13
82
16
71
48
48
56
78
20
24
77
80
81
83
31
55
18
77
62
80
76
82
84
93
17
34
0
34
29
14
63
82
24
79
13
57
8
14
26
13
86
68
58
4
47
4
59
25
68
27
69
6
74
54
63
56
73
8
5
72
64
74
73
29
68
29
61
49
62
70
74
65
65
3
32
26
54
55
0
3
39
1
3
10
33
1
30
29
2
1
50
15
1
56
2
2
21
58
1
2
2
3
4
40
31
36
11
0
3
45
53
3
4
46
6
29
46
4
4
50
48
44
0
2
2
1
1
0
78
29
55
81
18
82
21
13
20
19
50
53
77
13
53
13
58
25
82
25
73
24
56
45
49
35
46
24
15
66
59
63
62
15
55
14
73
49
71
73
79
53
72
14
54
24
48
47
0
72
45
76
82
19
83
14
105
16
18
117
111
75
89
49
22
77
17
73
27
72
107
83
118
49
115
134
106
121
137
141
87
84
109
142
21
67
125
135
64
75
77
146
18
135
0
136
55
0
74
48
42
74
39
86
27
37
29
38
95
47
76
21
58
39
90
49
49
47
84
40
53
65
40
43
79
27
25
71
75
56
54
37
65
22
59
52
71
70
54
77
59
27
32
0
34
47
27
64
24
66
74
20
54
18
24
31
23
65
74
50
30
80
22
89
19
77
32
84
35
86
59
70
87
86
35
23
85
91
90
88
33
76
25
71
70
78
86
84
85
91
27
41
0
46
46
0
99
54
44
68
22
53
14
43
35
21
74
64
46
34
61
11
86
36
64
9
91
10
102
85
99
95
98
31
29
68
88
49
63
29
86
21
65
75
59
57
81
59
83
9
53
9
49
47
5
33
28
14
42
17
19
14
15
15
24
29
34
21
21
28
19
28
20
40
20
32
18
21
22
36
24
26
9
15
32
41
36
40
28
23
7
45
39
17
41
42
22
42
14
11
12
26
16
11
51
18
43
35
24
57
17
16
23
19
47
73
29
14
69
20
68
27
59
17
66
26
65
49
45
58
67
18
25
75
67
69
70
26
50
18
51
75
61
56
74
67
57
31
38
0
34
35
0
72
46
78
72
21
113
10
20
17
24
79
76
73
105
51
22
85
125
133
132
87
135
85
53
80
132
89
120
127
141
84
91
131
33
129
23
91
69
86
85
118
130
131
23
36
112
34
32
104
65
16
17
74
50
69
37
50
51
45
16
60
18
45
21
7
68
3
21
7
25
37
72
16
18
24
20
6
18
25
26
19
56
3
27
42
17
22
33
54
26
67
68
37
18
5
22
15
0
