342
150
353
354
176
371
107
184
198
182
372
329
140
187
322
146
317
183
340
189
332
184
318
164
334
338
336
178
141
314
322
327
333
174
304
143
180
331
330
307
327
335
330
170
141
142
147
158
137
169
26
176
176
50
176
165
19
141
172
193
153
58
147
168
129
173
51
163
31
53
148
173
52
58
184
26
154
140
182
61
177
59
147
74
138
36
145
170
171
181
23
182
153
18
18
23
17
0
167
65
181
175
71
201
44
40
37
44
177
185
121
66
55
61
166
66
201
51
184
41
167
122
63
183
61
67
48
201
191
197
185
43
54
69
155
60
135
184
59
65
64
39
40
36
122
119
37
196
85
234
191
55
121
52
81
89
87
246
177
132
6
182
3
182
2
133
4
185
4
174
170
184
143
194
4
2
197
184
173
169
1
168
3
159
196
173
157
143
190
165
4
135
0
118
122
3
76
43
93
95
16
87
21
12
20
16
88
80
79
11
69
15
72
12
86
16
85
20
78
65
65
83
92
20
16
80
87
82
86
20
83
18
83
81
86
96
86
87
96
18
60
0
65
62
20
61
48
31
54
5
61
3
4
18
4
55
64
57
2
48
2
63
20
60
24
59
2
65
50
59
62
53
5
4
55
71
56
60
25
61
29
59
49
61
68
63
69
63
4
36
31
62
55
0
2
42
5
5
6
34
5
33
40
4
7
54
27
3
59
4
5
39
49
5
4
5
5
7
55
43
56
32
5
5
54
59
5
5
56
20
43
51
4
5
54
52
60
6
5
6
2
4
0
44
21
33
51
12
48
11
8
10
13
31
33
46
12
31
12
41
15
49
14
49
15
51
30
30
33
45
12
17
53
45
48
52
23
37
10
59
40
53
53
45
34
55
19
24
12
24
26
0
128
66
112
127
27
138
20
118
23
23
142
135
113
98
94
25
124
21
130
23
130
139
122
174
98
170
182
125
146
173
183
125
120
144
166
22
113
169
182
111
129
133
182
14
165
0
167
95
0
105
70
50
93
34
105
20
29
29
36
101
72
89
23
68
24
98
33
73
28
96
31
80
98
68
82
108
36
29
102
113
84
78
33
97
30
78
79
104
94
70
101
70
35
59
0
51
67
21
95
55
106
122
9
80
23
14
23
11
105
120
70
18
117
16
111
15
123
18
116
21
115
83
101
113
110
18
13
119
114
123
118
32
103
12
125
105
104
127
138
137
137
16
87
0
79
88
0
113
55
52
79
25
73
18
56
40
27
82
90
62
56
83
32
120
54
84
22
125
25
121
108
116
120
124
54
48
78
109
58
83
49
111
42
98
99
90
63
96
88
100
24
59
11
56
56
8
61
26
12
69
53
23
20
27
41
51
28
56
19
42
27
17
22
35
44
21
59
24
22
25
64
23
23
19
20
60
63
67
71
51
25
12
65
64
18
55
62
19
66
18
10
9
12
7
12
66
25
45
38
33
73
11
34
36
36
47
75
27
13
86
15
87
38
49
34
70
45
83
43
43
72
81
11
47
74
77
75
75
44
44
22
44
76
61
43
72
79
54
45
27
0
37
31
0
96
39
108
109
41
126
27
42
43
42
100
81
101
100
64
40
109
147
151
139
89
144
105
67
117
161
115
120
136
162
115
111
160
58
153
25
110
78
123
118
129
151
157
60
47
120
41
42
126
107
8
15
103
90
113
79
92
93
88
6
121
28
109
18
4
121
2
19
6
19
87
117
18
16
19
17
4
25
17
18
13
98
3
17
98
14
16
45
94
18
130
119
83
13
4
13
14
0
