417
162
438
436
268
430
153
285
277
280
439
411
224
259
408
197
403
264
408
273
404
262
406
203
400
398
410
271
212
390
409
404
392
263
368
200
208
404
381
365
386
384
401
261
177
213
181
197
212
273
50
288
279
84
271
218
48
147
211
278
266
97
226
276
170
274
70
272
46
98
228
259
97
105
253
63
221
171
271
92
279
99
184
158
146
87
174
249
263
249
59
268
197
45
42
40
46
0
244
115
259
266
113
266
53
49
56
58
273
268
195
97
78
93
273
107
293
89
286
70
261
158
106
267
109
108
79
275
287
282
282
64
95
112
258
130
180
268
115
113
120
44
66
66
201
204
63
263
153
326
270
76
136
64
122
124
127
332
238
193
4
227
3
267
0
166
2
226
3
226
216
231
229
276
8
2
268
261
252
239
3
244
4
227
245
233
185
217
254
236
4
181
0
153
162
2
112
49
121
123
44
116
38
25
44
34
114
95
91
24
77
27
106
39
99
33
100
37
115
63
79
83
107
42
38
99
105
108
109
45
94
33
101
86
115
127
124
133
122
29
47
0
44
42
34
107
92
52
113
15
86
13
15
46
21
114
106
112
12
67
11
97
49
115
55
107
19
108
80
103
105
111
13
9
123
115
109
115
57
113
53
110
76
112
112
109
117
115
12
52
51
94
93
0
3
84
3
3
13
52
5
41
54
4
4
111
38
2
129
6
2
72
139
2
4
4
3
2
89
91
90
44
4
4
113
109
2
2
70
17
35
75
5
4
75
77
70
2
5
3
1
3
0
116
57
84
131
40
136
50
37
53
49
74
82
110
23
82
29
94
32
111
39
111
40
100
85
71
73
115
41
44
108
121
112
122
42
83
23
121
102
124
127
124
76
124
47
73
40
71
74
0
141
82
143
152
34
146
32
171
36
40
163
170
140
140
103
30
143
21
145
27
145
193
163
205
116
205
221
184
195
223
211
162
163
196
201
41
159
199
210
134
170
161
216
31
204
0
199
105
0
115
79
71
99
44
120
35
41
49
47
112
85
116
31
103
42
119
51
81
57
134
54
87
116
70
80
122
57
49
120
120
87
87
42
85
51
87
76
112
121
87
118
96
36
58
0
59
90
54
108
52
113
134
30
78
18
40
44
37
124
124
77
36
127
43
128
24
127
41
127
45
120
84
117
121
122
34
34
113
128
117
107
30
107
40
97
117
88
120
117
122
116
35
85
0
80
82
0
148
57
57
81
13
83
11
88
75
11
84
80
69
84
80
9
147
67
80
8
164
11
172
144
163
151
158
59
64
93
151
76
92
71
149
56
128
128
89
75
134
87
132
8
61
18
61
64
20
56
41
24
58
32
37
42
45
19
31
50
71
28
28
45
36
46
21
55
49
59
30
48
42
55
42
47
18
34
54
54
59
54
29
42
11
59
47
35
42
47
39
56
26
18
21
31
23
25
81
19
83
46
24
88
38
22
29
33
76
84
50
32
82
34
80
32
71
18
83
30
87
79
56
92
98
28
38
86
93
88
87
35
68
17
63
89
60
64
82
76
72
39
35
0
35
37
0
116
53
118
111
35
188
16
35
30
28
106
118
122
162
76
34
125
174
215
189
103
185
114
64
129
189
123
169
183
213
109
127
220
35
209
15
107
73
111
122
187
201
207
37
58
160
53
53
153
127
38
49
121
76
131
60
88
82
81
32
125
56
91
48
10
123
9
48
10
44
62
140
42
44
45
54
10
39
41
52
50
94
10
44
91
35
42
87
103
45
133
149
83
40
8
34
35
0
