231
125
235
240
154
247
95
159
165
162
225
232
147
163
230
127
235
153
226
161
227
151
231
129
234
231
242
150
126
227
229
235
231
145
216
126
131
227
228
238
223
240
241
142
135
136
147
147
147
134
33
136
139
36
132
96
25
81
99
130
140
53
108
147
86
145
34
151
32
35
109
138
35
60
151
34
105
83
149
36
147
42
129
104
101
43
126
178
172
168
35
166
135
29
27
29
28
0
156
57
161
167
67
164
65
62
62
69
167
165
100
61
50
54
170
57
175
51
177
53
155
100
51
161
59
62
59
175
164
164
171
56
62
63
148
60
128
173
60
66
66
47
52
48
126
132
55
146
27
218
135
61
101
60
98
111
106
220
103
73
2
110
1
102
0
88
1
114
0
86
109
102
92
107
1
1
108
111
115
98
5
106
1
104
119
107
105
87
112
108
1
89
0
86
90
2
52
26
59
63
13
60
30
19
37
8
63
62
74
6
52
9
67
13
69
32
61
40
73
49
70
74
73
39
16
74
78
76
79
19
76
30
55
56
74
75
75
67
69
36
40
0
38
38
35
94
69
48
93
20
86
14
17
34
21
99
88
81
5
67
8
90
34
92
40
93
12
77
61
90
89
84
9
5
79
97
78
82
42
76
36
92
63
79
83
85
96
86
8
59
41
90
93
0
1
38
1
1
6
28
1
29
30
1
2
46
18
0
46
1
1
23
41
0
2
1
3
1
35
38
34
11
2
1
42
45
3
0
41
9
30
40
2
2
44
39
39
2
2
1
2
1
0
58
26
45
61
5
60
13
8
13
11
40
39
55
11
38
16
51
15
58
16
59
16
54
42
38
40
54
8
16
51
56
57
60
17
49
5
67
45
69
68
60
43
64
18
40
7
34
37
0
106
67
93
118
27
120
24
104
29
28
143
104
108
78
79
31
111
30
110
31
102
109
116
162
75
148
160
109
110
179
168
105
115
112
163
32
97
143
171
92
112
114
171
28
165
0
154
77
0
106
69
51
103
32
94
22
31
33
37
92
72
90
20
91
35
94
42
83
38
102
40
89
109
64
65
110
44
51
109
97
73
85
51
85
38
81
91
115
108
74
117
84
44
54
0
44
78
38
76
41
97
132
23
102
28
12
42
10
97
111
78
38
116
12
126
25
126
31
121
31
118
96
92
131
125
34
8
128
121
138
132
42
79
9
121
82
114
143
145
145
145
12
79
0
76
84
0
116
106
81
138
43
85
36
21
19
44
133
126
93
21
125
40
116
20
123
34
114
37
116
114
110
114
112
15
19
105
105
85
103
19
109
16
113
111
127
95
113
119
111
40
89
6
82
80
3
62
30
33
74
44
22
25
23
31
47
45
67
44
28
45
27
47
28
59
23
63
23
41
42
62
47
41
18
24
49
65
68
67
44
36
17
65
49
30
66
63
27
70
21
21
19
28
15
14
77
22
64
46
24
78
20
20
29
28
63
76
49
23
75
20
85
25
68
25
72
26
77
62
56
67
76
27
25
76
72
72
75
28
57
22
62
73
62
71
64
74
69
29
36
0
36
29
0
81
40
84
84
31
129
17
31
28
29
83
74
85
121
64
36
83
120
146
132
82
131
82
66
86
145
85
121
126
133
84
82
149
32
155
21
91
70
101
100
143
144
145
29
38
121
32
36
116
92
11
12
91
84
91
70
81
79
82
8
93
22
82
13
2
105
3
12
3
17
72
100
10
12
13
12
1
19
16
10
17
86
1
10
78
5
13
21
88
9
95
92
83
9
0
14
12
0
