346
160
372
354
259
367
160
274
278
268
363
356
206
286
382
207
371
267
362
269
360
253
350
213
339
340
337
251
220
344
338
335
326
258
347
198
217
338
353
340
346
349
344
261
214
240
208
202
230
206
62
214
215
62
224
149
47
110
157
222
196
109
161
221
119
216
65
205
61
84
159
219
70
109
233
68
180
123
239
82
221
90
148
151
113
87
159
220
232
218
66
214
150
65
60
62
63
0
221
102
235
220
132
236
59
64
59
51
256
255
186
115
103
118
254
120
254
66
275
57
245
165
118
252
123
134
70
247
250
276
266
71
125
137
241
130
162
273
126
129
148
52
112
103
218
206
98
225
110
333
224
107
118
72
139
157
158
322
191
160
2
194
2
211
10
152
5
202
14
220
167
211
154
229
5
21
232
227
182
196
15
184
3
159
226
195
154
168
226
192
4
121
0
110
119
2
130
58
147
137
38
142
54
23
65
30
141
135
142
25
97
24
124
27
131
64
138
58
124
91
116
139
128
53
28
130
131
126
125
33
135
59
135
112
133
127
126
135
139
58
84
0
76
79
56
119
93
34
97
19
107
12
20
54
24
101
99
112
11
64
15
85
70
93
76
92
14
101
76
123
113
110
20
17
95
129
106
102
71
108
72
127
73
110
91
107
124
96
21
37
77
104
109
0
10
78
9
10
25
60
4
53
59
5
11
134
63
6
141
8
9
115
141
5
13
5
13
10
121
100
114
79
6
11
119
128
15
3
110
41
86
112
14
12
119
118
116
5
4
9
2
5
0
112
46
85
118
46
120
46
42
51
58
73
85
121
40
68
54
101
65
125
59
130
60
115
87
81
97
122
55
73
133
132
133
126
56
78
40
120
104
119
124
121
65
118
58
78
55
67
59
0
154
88
149
171
42
167
36
209
40
51
223
213
166
168
124
64
172
47
169
48
164
200
146
250
121
229
252
207
216
252
258
153
152
201
233
41
153
231
245
132
163
184
254
32
233
0
224
111
0
172
109
109
151
46
192
54
42
59
52
179
127
173
47
141
51
190
61
124
67
184
66
140
196
140
128
187
63
58
193
204
149
153
58
190
66
143
149
203
198
126
202
145
48
99
0
93
126
64
149
71
161
159
25
75
21
61
35
51
144
133
87
30
151
52
148
18
141
31
145
30
139
99
135
148
145
31
43
133
141
136
133
35
135
50
150
128
122
160
167
160
159
46
78
0
84
91
0
173
129
72
156
43
129
26
70
55
38
161
136
111
71
144
38
181
71
147
36
185
29
191
182
198
191
194
63
48
139
170
113
143
53
175
49
162
161
151
102
162
154
156
44
101
19
90
107
17
119
51
39
121
84
48
53
51
63
87
70
103
60
73
68
54
71
58
100
53
90
59
50
46
95
71
56
29
44
83
108
114
110
77
51
28
99
89
41
109
106
52
116
36
33
32
41
39
28
109
35
89
52
52
107
39
43
51
54
98
119
61
38
116
36
126
57
88
42
130
48
104
86
45
103
114
38
59
100
104
109
122
51
89
20
73
123
70
94
110
128
108
58
60
0
64
57
0
151
84
167
158
42
203
22
45
39
45
157
173
163
153
102
34
155
185
228
201
165
206
174
91
173
231
170
199
203
219
172
176
245
45
235
26
165
103
158
169
207
247
239
44
88
187
85
91
188
148
24
60
132
92
135
55
92
87
87
45
143
59
96
60
21
139
5
63
18
63
54
172
58
47
53
62
20
52
64
61
60
116
13
52
92
49
62
99
110
58
158
155
80
46
12
43
48
0
