216
124
224
231
134
216
92
137
138
141
223
225
125
130
239
117
232
124
229
130
237
130
230
145
239
241
245
121
123
236
241
241
240
130
259
98
133
249
255
263
264
261
257
125
126
119
130
121
119
170
30
168
161
31
155
144
21
122
144
168
154
49
132
170
119
164
24
166
20
30
141
160
22
53
165
22
142
133
170
27
169
26
139
77
116
22
130
159
164
166
24
167
136
22
23
24
23
0
164
61
173
165
64
181
85
65
81
85
187
187
104
61
55
65
199
66
204
98
204
91
165
100
69
151
74
65
82
172
168
170
169
47
65
68
127
72
136
165
73
71
69
43
56
55
108
114
53
152
80
216
156
26
114
34
54
59
55
215
159
116
2
150
0
187
15
124
13
161
18
166
138
183
114
191
2
17
186
191
139
174
4
144
0
137
165
153
133
120
159
140
0
119
0
112
114
0
56
22
64
62
11
63
17
10
22
10
63
62
69
7
51
10
61
10
65
21
64
27
68
53
61
66
69
24
14
58
63
67
71
14
72
18
63
58
68
71
68
61
62
21
46
0
49
46
19
85
48
51
77
3
77
2
3
22
6
72
69
84
5
73
9
70
25
79
29
73
10
80
68
84
93
73
10
7
80
94
82
79
29
92
30
88
67
90
93
84
87
92
19
54
31
82
80
0
1
42
1
2
5
39
0
44
46
0
2
58
31
0
58
1
0
44
56
0
0
2
3
2
62
40
65
21
1
1
61
55
3
0
84
18
63
87
2
2
86
88
87
1
0
0
0
1
0
79
30
51
83
32
79
27
18
32
28
52
57
78
20
54
32
54
36
88
42
86
35
76
51
49
54
82
38
34
80
83
83
81
29
56
19
85
59
90
94
89
45
93
34
50
38
43
35
0
127
56
131
133
51
138
51
85
54
60
110
114
133
88
68
57
136
35
148
59
140
101
122
125
74
128
135
107
109
143
144
137
143
97
131
47
109
125
123
98
122
123
132
29
123
0
123
79
0
129
79
76
119
39
135
27
35
31
45
134
69
126
33
98
42
131
48
73
48
125
49
75
97
71
84
94
22
35
98
104
85
85
25
89
34
89
80
103
102
75
105
87
23
66
0
66
72
35
88
50
89
100
14
58
6
31
15
28
81
81
55
19
100
32
85
8
86
13
90
12
93
74
98
92
89
15
35
95
98
98
100
17
106
29
100
91
69
99
101
102
103
37
65
0
65
67
0
81
53
40
67
21
55
13
36
34
27
65
74
39
39
72
27
78
36
72
23
85
29
80
69
84
77
81
34
29
65
68
49
67
38
69
23
70
64
78
45
78
77
63
33
44
7
45
47
4
53
31
12
60
53
17
35
34
38
47
33
41
16
38
33
29
37
35
45
29
44
30
30
30
53
31
32
11
24
51
53
55
58
45
25
11
66
50
22
64
63
25
59
17
9
18
14
8
14
68
25
55
39
26
80
17
20
34
29
57
69
43
17
74
10
80
35
58
25
71
31
72
60
50
74
70
14
35
75
81
73
81
31
52
18
47
79
60
60
83
79
60
36
43
0
40
44
0
100
48
107
108
32
140
16
30
32
34
104
119
109
89
62
37
111
89
143
102
103
97
115
60
116
130
104
89
96
134
106
109
141
54
131
22
123
78
123
123
126
142
146
49
54
89
54
56
87
97
21
52
109
69
104
45
66
71
73
34
105
27
82
49
14
111
11
40
14
50
57
129
41
31
46
39
16
23
42
43
49
100
18
47
71
42
43
62
86
51
113
121
69
29
13
27
32
0
