576
297
603
612
447
601
299
462
477
469
593
583
361
484
601
395
579
445
588
464
582
447
563
401
563
554
559
436
381
565
555
555
549
435
605
385
399
574
592
600
603
613
587
438
396
410
386
387
422
332
99
353
339
108
337
253
78
212
284
349
357
177
286
359
231
370
107
377
100
124
303
391
130
154
405
93
312
252
402
133
415
134
313
242
241
140
299
386
399
405
94
415
312
93
86
100
92
0
423
200
466
484
211
484
152
162
145
147
475
503
334
198
160
186
512
206
533
213
550
182
514
308
214
567
222
204
222
553
545
555
559
174
189
206
440
229
295
512
222
230
240
145
167
165
371
360
169
414
159
590
417
173
226
137
270
286
265
631
309
233
4
315
3
399
12
228
11
317
20
283
296
306
255
337
7
11
338
338
300
311
9
310
0
297
355
329
274
271
362
322
0
235
0
226
244
1
155
61
171
166
20
173
99
46
98
15
170
187
210
10
136
18
183
21
182
88
188
97
164
148
197
218
174
98
14
171
162
169
166
11
220
92
172
146
173
159
175
165
171
105
127
0
118
127
95
241
162
118
202
8
205
7
8
101
10
194
211
226
8
151
7
205
106
203
108
207
7
203
154
247
240
212
11
11
207
258
208
224
114
212
102
252
168
251
205
199
254
200
12
130
123
243
222
0
4
82
4
4
7
79
3
74
68
4
4
99
50
2
109
3
4
65
98
4
5
3
5
5
98
76
85
39
4
3
105
107
7
3
89
16
57
91
6
5
86
100
93
1
3
4
0
2
0
115
65
96
126
27
121
33
27
32
31
86
95
107
19
87
19
91
22
109
25
113
25
111
103
82
80
122
33
36
124
126
125
128
37
100
22
137
111
129
135
140
96
132
35
92
32
91
90
0
206
142
217
229
37
228
33
353
35
41
383
334
194
275
171
28
219
23
213
26
221
390
214
419
181
422
447
360
401
450
448
216
205
352
449
33
201
393
426
178
225
214
435
30
413
0
416
173
0
235
202
150
231
51
252
82
41
108
59
249
209
229
51
215
73
275
68
209
73
279
79
223
273
216
216
270
90
90
296
287
233
234
78
236
122
229
215
276
261
218
276
233
75
187
0
179
231
107
190
99
221
267
42
134
26
35
57
22
210
255
168
65
264
32
260
50
264
70
276
76
259
173
198
262
273
65
35
250
262
245
259
57
206
30
256
198
198
285
282
279
277
32
165
0
168
159
0
314
237
160
275
58
259
44
99
93
54
262
266
219
114
275
69
363
108
280
39
335
65
346
315
364
367
350
106
100
249
345
199
252
118
321
91
281
298
263
208
299
243
298
63
201
25
203
195
18
172
91
40
169
123
49
87
94
103
125
104
124
50
104
90
82
98
89
140
92
129
87
85
84
148
86
78
51
70
124
153
144
149
126
82
34
165
129
55
150
145
71
155
60
37
60
60
45
51
160
65
134
100
74
159
73
66
85
82
139
157
63
69
156
55
144
83
131
50
157
73
146
134
76
161
161
57
81
173
167
155
167
75
131
24
104
167
114
132
170
172
134
79
65
0
59
58
0
216
89
220
236
70
311
32
79
80
76
242
243
227
291
134
79
237
358
372
369
255
367
242
136
249
383
247
319
358
382
242
238
397
81
370
55
249
159
247
262
323
376
396
70
87
329
94
91
338
203
24
32
209
165
214
148
172
171
161
23
215
32
193
29
10
210
3
31
8
33
166
238
36
23
38
34
9
43
35
33
32
212
9
33
213
31
36
76
210
33
235
238
193
26
6
26
25
0
