216
120
222
229
146
230
95
162
160
165
225
211
126
158
215
132
213
148
217
143
216
142
197
119
211
198
202
147
125
202
187
200
194
144
214
123
133
207
208
209
204
204
213
150
130
135
138
127
142
124
34
125
135
32
125
106
28
71
97
134
166
59
126
160
98
157
37
159
29
48
130
171
50
61
169
40
134
114
175
43
162
41
117
82
88
47
120
146
146
153
43
145
122
31
21
36
33
0
150
68
168
175
52
167
77
65
67
68
172
177
101
50
47
46
180
59
189
83
186
68
175
80
61
186
66
70
84
181
188
192
194
57
56
58
140
59
121
164
58
66
64
47
44
46
108
118
45
145
56
215
146
60
104
66
99
108
109
225
116
100
2
126
1
134
2
100
0
130
2
111
118
131
103
133
2
4
140
141
130
125
6
131
1
105
140
131
104
107
135
125
1
98
0
97
105
0
60
31
65
55
18
57
24
20
35
13
67
63
48
17
44
18
63
26
66
23
63
30
61
29
54
55
65
29
29
66
58
59
65
19
47
25
54
44
56
56
62
63
60
25
30
0
26
28
23
82
85
52
100
16
72
14
17
29
18
108
92
86
9
64
10
89
28
91
27
93
11
87
64
88
74
84
9
4
89
85
84
84
32
85
31
88
62
91
88
88
87
95
12
50
30
65
73
0
3
42
7
5
16
25
2
12
20
2
8
54
11
3
54
2
5
28
52
0
4
2
2
5
41
37
48
24
3
3
49
45
6
5
31
10
24
31
3
2
35
33
34
4
3
3
3
3
0
43
24
26
36
8
40
7
5
5
4
32
33
35
8
29
6
39
8
44
11
46
8
40
37
32
35
37
12
9
43
39
39
41
9
24
6
35
30
38
38
36
29
35
10
26
8
27
28
0
71
44
74
80
16
78
17
107
18
20
131
82
82
77
64
19
81
16
79
18
76
123
86
149
63
141
162
100
135
159
148
95
97
106
153
22
75
122
156
65
79
79
149
21
147
0
144
53
0
72
56
35
76
30
73
19
29
31
27
83
54
65
15
68
28
79
26
63
30
78
36
62
76
49
48
67
35
30
81
75
55
63
24
54
35
62
59
71
63
56
68
61
26
48
0
44
56
30
77
29
91
100
19
66
8
6
21
8
92
110
80
28
102
11
103
14
92
21
99
19
99
78
79
102
104
28
10
96
92
84
97
31
70
11
88
72
84
96
91
100
100
8
58
0
59
63
0
124
60
83
112
21
94
14
28
28
22
110
102
88
29
97
22
127
30
105
15
122
20
125
121
127
119
114
27
31
95
124
89
94
28
115
25
112
110
106
85
97
96
99
23
85
5
79
79
3
37
30
18
38
25
15
23
23
23
29
31
42
28
20
34
22
37
23
41
20
40
25
34
28
44
37
32
18
25
33
41
44
41
19
28
6
40
31
20
37
40
30
40
15
13
15
19
14
8
42
17
51
39
15
50
20
15
19
17
46
60
29
16
60
18
55
24
37
14
55
18
60
50
47
54
54
16
18
56
64
56
57
18
42
14
41
63
57
45
72
63
59
22
22
0
26
22
0
66
25
73
65
22
120
13
24
19
24
70
67
76
121
51
30
73
117
135
119
73
124
74
53
76
130
83
118
130
140
75
77
140
35
136
19
86
63
91
85
133
148
134
33
28
114
30
32
115
75
6
8
73
66
63
53
68
72
66
9
81
17
61
9
3
83
3
7
5
11
51
87
12
11
12
13
3
11
15
13
15
76
5
9
72
7
12
13
72
9
76
76
64
6
4
10
6
0
