458
227
458
454
261
460
175
281
294
282
460
483
279
285
489
231
483
284
487
287
477
288
495
274
511
489
488
266
222
507
500
492
513
276
502
212
297
494
491
514
508
511
495
274
251
232
265
271
251
319
83
306
329
81
323
253
55
181
244
320
317
132
243
324
204
322
71
333
60
95
240
312
87
142
331
73
248
212
339
89
335
89
237
194
183
109
230
321
322
322
78
323
243
67
56
69
72
0
294
111
304
315
132
340
114
106
110
114
330
336
207
120
99
118
332
130
339
118
329
98
321
234
126
335
127
136
129
346
344
333
335
92
124
146
292
138
225
328
129
139
138
87
113
111
224
229
110
327
134
440
352
108
178
67
140
159
162
450
269
218
3
278
3
305
7
236
3
273
8
256
298
304
238
334
4
4
333
332
282
301
6
283
0
269
319
283
259
261
333
281
0
203
0
186
203
0
174
95
180
186
45
189
67
42
76
36
185
188
174
42
164
32
188
46
181
76
179
82
195
140
176
170
218
77
65
213
229
218
200
54
179
66
196
167
216
215
222
189
205
79
95
0
93
100
68
165
170
91
207
37
146
26
38
66
36
215
210
169
36
140
26
204
70
227
75
211
47
201
126
174
165
196
43
28
211
183
217
222
73
183
69
177
120
172
192
185
184
191
48
95
68
147
138
0
4
127
6
4
32
91
5
79
104
5
7
173
55
4
184
6
5
98
183
3
6
7
7
8
177
140
142
66
4
7
182
182
6
4
122
20
77
118
8
7
117
116
121
4
6
5
4
6
0
134
74
99
149
41
144
28
25
36
33
99
115
133
25
104
40
120
41
145
42
149
45
125
116
105
92
133
47
58
139
129
156
148
35
111
27
139
131
149
149
147
101
146
43
97
44
88
81
0
241
124
233
263
94
250
84
189
98
99
235
233
237
167
150
122
270
105
274
105
262
182
261
265
151
264
275
192
201
287
274
257
258
190
296
104
201
277
305
205
265
263
287
94
274
0
267
161
0
246
147
110
236
124
261
56
107
91
127
248
161
227
72
200
104
244
115
162
111
259
129
166
232
187
170
248
107
108
260
252
164
175
114
228
88
232
164
259
259
166
275
176
125
135
0
129
164
71
230
100
240
285
51
178
34
46
65
45
254
280
218
74
277
45
294
55
280
73
272
77
287
237
256
292
294
91
44
306
298
315
324
82
250
50
293
236
270
312
308
302
297
43
180
0
179
184
0
160
162
97
184
77
117
64
48
50
90
173
180
130
50
189
73
177
49
183
56
173
74
177
169
189
179
172
47
48
162
175
130
171
47
163
41
150
149
159
123
153
176
150
63
97
13
91
90
13
127
71
48
127
81
60
55
54
65
82
92
128
51
79
80
62
88
59
116
69
123
66
83
82
116
86
99
46
48
99
121
119
115
91
87
37
125
87
71
138
131
83
128
50
37
48
50
35
28
161
61
161
122
59
187
56
38
63
71
182
195
137
62
189
50
191
70
165
42
198
71
198
160
131
194
197
61
80
207
193
208
192
82
161
37
149
220
156
146
213
223
161
93
104
0
95
98
0
206
89
238
237
82
247
43
93
83
82
245
212
254
186
152
87
256
182
264
219
255
234
261
155
257
271
253
220
211
271
255
266
304
117
285
49
255
177
262
271
241
308
292
106
117
213
114
117
200
238
26
46
247
188
248
159
184
189
194
39
223
53
161
50
12
212
8
42
15
52
148
245
50
41
54
60
19
49
47
60
52
198
17
53
163
35
59
84
176
59
206
226
149
48
9
41
39
0
