239
120
239
241
141
247
91
145
143
149
240
256
137
144
256
126
263
139
268
145
253
139
269
148
270
272
261
143
116
272
265
270
272
125
246
115
147
247
247
259
256
255
259
130
131
133
140
134
128
152
28
153
159
30
157
131
21
116
134
157
174
49
141
178
130
178
29
181
23
29
142
173
37
59
178
34
153
133
185
38
184
35
145
84
136
38
162
187
183
178
36
178
153
27
22
31
29
0
152
54
181
170
55
182
79
70
77
77
179
176
106
49
39
39
182
47
193
95
194
87
163
92
51
177
53
51
80
161
175
191
182
66
43
52
123
56
113
164
48
53
53
59
39
43
107
111
40
178
53
259
196
61
108
38
95
103
95
250
145
110
4
148
2
153
2
134
1
154
3
122
141
157
124
167
3
5
165
158
146
145
4
148
2
150
161
160
137
127
164
148
1
131
0
113
131
0
80
20
81
84
14
81
24
10
28
13
81
70
82
15
74
10
83
17
72
21
80
25
84
87
80
80
80
24
20
86
89
88
80
14
78
23
81
81
80
80
88
81
83
26
62
0
62
70
25
80
49
50
78
6
87
2
4
23
6
86
83
87
5
79
8
79
31
88
30
87
9
86
78
105
95
86
6
8
86
93
86
91
36
79
30
95
77
91
83
84
91
81
5
62
33
89
90
0
8
50
8
1
10
40
7
45
45
5
7
52
46
7
51
6
6
37
60
7
9
8
4
7
57
51
59
35
8
6
60
63
9
6
74
32
55
69
6
6
73
72
80
10
6
5
6
9
0
78
20
41
85
19
82
33
20
35
31
45
46
66
25
48
23
63
20
63
23
69
30
70
45
40
70
83
25
27
84
73
75
76
33
47
28
68
76
67
71
73
47
61
30
41
25
36
35
0
80
47
82
81
22
76
24
104
23
27
123
87
93
61
72
30
86
20
94
22
87
108
81
153
68
134
143
93
115
143
147
96
85
104
139
30
77
125
146
82
83
97
137
21
136
0
136
54
0
77
60
49
75
28
82
15
24
27
26
82
54
81
25
71
29
86
39
58
38
80
37
64
72
60
64
81
26
17
69
79
55
65
33
72
28
58
54
74
72
62
73
62
17
49
0
43
65
28
88
28
99
102
6
77
16
27
23
25
97
101
84
18
113
26
107
12
105
19
100
19
109
90
94
111
102
23
22
103
101
96
97
28
92
22
97
90
92
107
106
109
109
25
73
0
79
76
0
107
55
75
91
21
74
21
23
16
28
89
97
77
24
87
21
98
20
98
17
112
21
114
101
112
106
111
21
22
95
102
79
94
24
98
19
95
102
92
69
99
93
93
25
76
6
72
75
5
47
18
15
39
35
10
23
23
23
29
29
35
21
21
23
20
25
22
29
21
35
21
22
18
40
20
22
6
17
36
42
37
34
36
13
8
42
42
14
42
44
12
48
12
8
16
12
10
11
78
32
47
34
42
79
20
44
46
51
48
77
28
17
80
18
76
42
44
40
76
42
64
48
25
65
62
19
34
61
60
59
62
29
40
8
44
69
45
52
64
68
52
28
33
0
30
26
0
83
33
93
96
31
121
15
31
27
25
92
67
90
91
43
46
90
116
131
115
94
122
94
46
96
134
96
105
104
134
100
93
134
44
138
16
93
75
97
104
129
142
145
44
44
102
44
36
100
104
17
36
101
64
94
65
66
70
65
27
96
20
70
31
9
102
7
23
11
28
64
87
30
27
32
33
11
9
29
34
29
74
8
33
63
26
26
41
75
33
95
91
65
15
7
20
24
0
