3
2
3
5
0
5
1
0
1
0
4
3
2
1
3
0
4
0
4
1
2
1
1
1
3
3
4
1
1
4
3
3
3
0
3
2
2
4
3
2
4
2
4
1
0
1
0
1
1
250
45
266
251
43
277
212
25
181
207
248
259
126
224
258
184
273
34
267
19
70
226
244
65
122
256
46
212
189
261
57
262
61
213
179
182
65
206
256
256
251
60
252
211
27
12
27
28
0
215
43
219
217
36
225
231
221
230
235
234
264
48
46
21
60
266
54
278
265
278
258
267
106
45
268
31
44
275
275
277
279
277
301
47
25
57
47
305
287
51
43
47
279
0
0
0
0
0
234
119
349
242
86
145
70
125
141
151
350
213
191
4
220
2
250
12
198
12
228
13
228
227
235
191
255
3
13
259
257
219
241
14
210
3
223
268
222
242
211
256
215
2
175
0
161
173
2
138
77
151
160
60
149
14
9
14
57
161
140
92
52
112
44
141
58
148
15
145
15
146
133
74
87
147
16
61
156
147
150
140
67
93
12
144
126
153
152
154
156
160
15
68
0
75
75
14
220
245
115
277
4
216
1
4
13
4
287
260
232
3
227
3
275
12
286
14
280
4
252
233
232
233
284
6
4
287
245
296
276
14
289
14
247
252
245
286
298
255
298
5
193
10
200
197
0
34
133
39
31
58
80
33
71
81
33
35
149
94
34
163
39
39
82
154
40
39
43
33
35
141
136
137
55
42
20
143
148
40
41
148
36
128
143
34
34
155
153
159
39
43
40
20
44
0
160
66
100
171
42
178
87
65
89
84
104
102
164
76
105
75
141
82
152
81
154
76
147
115
104
130
159
88
78
169
178
163
172
77
117
69
154
163
161
166
166
110
159
80
104
68
97
86
0
149
76
134
168
48
159
36
166
48
49
193
178
163
142
137
45
161
44
175
47
165
198
174
237
152
252
259
196
201
235
255
162
182
192
248
44
153
219
244
142
170
157
232
35
245
0
220
105
0
157
51
49
158
96
151
24
90
26
90
160
66
156
59
148
95
165
94
64
102
168
104
67
163
124
59
170
92
102
149
167
66
65
106
141
36
162
64
164
174
59
177
66
106
61
0
56
62
35
128
70
142
125
13
66
22
70
29
68
138
129
89
32
128
70
121
27
122
30
133
39
135
88
130
133
126
40
61
135
136
128
129
43
134
60
109
127
89
137
137
143
137
66
73
0
77
78
0
161
126
69
143
35
119
36
47
41
37
144
151
97
56
139
46
161
44
145
35
148
43
158
159
182
174
168
50
41
138
157
95
133
48
155
44
139
146
134
94
145
146
144
30
95
11
95
94
16
31
27
6
38
36
15
29
26
31
33
31
33
8
35
25
24
32
31
37
23
38
30
27
21
40
26
24
10
22
34
43
36
38
42
18
10
49
39
20
46
43
20
50
20
4
8
13
2
7
127
50
90
78
53
134
13
38
60
61
83
122
61
8
121
6
108
50
78
26
122
53
127
91
74
136
139
8
64
131
125
147
142
70
99
23
92
151
112
97
157
161
108
74
86
0
79
90
0
141
64
146
144
55
170
19
54
48
45
149
136
149
125
95
52
152
153
184
173
165
178
154
105
159
201
165
164
164
203
166
169
218
50
200
22
152
106
162
157
183
206
203
43
77
153
74
70
157
148
37
92
145
72
139
41
73
68
65
56
139
61
67
92
18
151
11
85
23
93
38
144
85
84
86
87
25
34
92
86
90
119
25
87
69
66
91
112
100
88
138
148
44
67
25
73
67
0
