423
200
428
426
281
420
191
287
296
289
425
418
248
288
428
235
433
279
418
281
410
281
394
240
408
387
411
278
226
402
397
404
394
274
432
226
274
417
425
421
426
420
432
289
266
251
268
271
244
281
87
288
288
52
281
203
48
141
210
289
284
125
207
300
171
297
63
303
57
107
226
305
103
137
321
86
241
177
315
111
328
113
232
236
169
110
221
329
324
334
80
331
243
64
51
62
66
0
283
132
311
321
130
310
102
98
105
102
317
302
232
117
111
113
326
126
325
111
328
90
313
196
134
330
143
145
108
318
334
345
339
92
123
129
267
144
210
299
133
133
143
79
99
108
230
227
104
274
139
381
292
118
163
87
166
170
174
409
241
201
3
257
4
264
11
213
12
259
23
248
254
282
203
296
7
20
295
284
261
269
24
243
3
239
276
252
236
229
292
241
2
169
0
160
173
4
141
65
168
163
75
164
44
24
61
68
152
167
118
43
141
67
161
75
155
49
162
52
164
121
105
122
166
49
65
174
164
160
157
62
129
51
140
135
155
153
154
162
150
53
75
0
66
72
54
136
143
62
154
26
127
23
21
57
25
162
151
142
23
129
30
159
57
155
64
165
36
162
94
153
138
159
30
27
162
148
153
152
67
137
59
146
89
140
144
138
142
132
20
72
69
127
124
0
10
98
9
8
22
67
7
67
68
5
10
124
49
6
131
5
8
61
130
7
9
7
8
9
114
102
102
47
8
6
117
121
10
4
113
30
79
115
9
7
106
107
107
7
7
5
2
9
0
136
75
114
158
22
151
39
33
40
39
110
113
144
28
107
34
128
37
155
33
152
36
140
113
106
105
148
41
37
157
147
151
143
36
128
23
146
138
146
156
164
111
158
40
112
31
92
96
0
182
100
185
208
58
196
61
218
60
56
253
221
202
186
161
85
206
60
210
80
220
248
201
266
164
280
294
229
249
287
303
205
198
230
299
70
175
265
291
183
206
197
308
66
277
0
284
129
0
213
127
103
195
80
195
47
71
66
80
204
148
192
40
183
78
199
79
140
82
203
90
144
201
140
132
210
92
92
215
220
153
161
104
184
73
192
151
221
218
155
243
165
95
126
0
119
155
66
191
92
199
252
44
164
51
41
88
38
199
251
145
76
247
39
231
49
257
70
246
79
249
162
199
265
248
82
37
244
255
265
248
69
198
34
214
169
184
247
237
243
237
37
136
0
134
134
0
175
120
92
165
48
118
36
58
47
51
164
152
121
49
161
47
192
63
145
36
187
43
216
195
211
208
204
72
60
170
195
127
161
64
182
49
172
182
193
118
169
185
178
58
126
22
117
114
10
128
58
45
120
77
43
59
58
66
75
73
112
57
71
68
47
61
53
105
54
107
52
57
66
107
60
69
32
43
93
107
103
107
64
64
21
106
87
51
101
99
46
109
48
36
36
54
29
31
143
35
103
76
44
129
46
29
44
41
109
128
64
34
134
45
141
41
119
32
128
45
130
100
81
137
132
45
49
138
140
139
137
38
115
21
100
128
109
115
139
137
117
45
71
0
70
79
0
193
84
194
197
60
246
25
64
65
68
209
184
208
210
128
64
199
214
249
231
198
230
210
125
210
262
201
215
220
263
217
211
288
76
272
49
212
132
211
216
234
277
258
84
93
223
88
102
206
157
28
44
161
119
173
112
133
145
132
27
177
42
152
50
18
184
16
47
22
42
126
199
47
28
49
47
20
39
49
43
45
167
21
45
142
28
38
62
145
36
181
179
132
20
18
21
20
0
