250
158
267
269
157
268
93
167
173
170
265
289
152
159
289
136
287
166
287
172
286
168
293
165
292
291
283
157
128
290
281
286
296
157
292
133
156
295
275
287
287
289
305
158
163
149
158
169
151
176
36
182
182
20
193
151
17
131
159
180
178
56
160
197
155
183
17
186
18
25
161
184
30
53
190
25
164
140
186
26
190
34
131
59
113
32
138
161
168
162
28
165
137
26
23
24
23
0
178
76
194
210
58
199
85
85
84
87
210
165
121
49
42
42
184
44
178
75
188
66
172
98
44
178
47
52
72
182
182
182
193
65
55
49
143
52
129
189
52
49
53
59
35
39
123
119
27
192
80
249
197
59
134
55
100
112
104
263
153
125
1
165
1
188
7
131
11
165
13
159
144
177
136
192
1
14
202
202
157
183
5
160
1
143
171
160
158
143
172
158
0
128
0
118
128
1
66
28
73
80
10
76
20
8
16
8
78
72
77
7
65
7
76
10
71
18
79
21
75
69
69
77
80
20
10
80
88
72
75
12
75
17
78
79
79
75
77
78
85
20
58
0
52
50
13
84
51
66
94
4
80
5
6
20
7
89
88
94
4
79
4
84
22
92
25
84
3
95
76
89
75
90
9
8
98
92
95
86
28
96
19
90
76
91
97
100
84
91
11
60
26
75
73
0
6
45
7
5
13
34
2
27
35
1
6
57
31
3
63
2
6
36
56
6
4
4
8
4
72
47
67
37
2
2
74
72
7
1
77
20
69
80
6
6
82
75
78
4
5
3
3
2
0
105
31
55
90
25
93
29
19
33
31
59
58
86
31
52
34
64
44
90
44
89
40
87
55
50
48
77
35
37
82
66
80
76
39
53
9
80
65
86
85
93
47
92
40
55
31
45
48
0
100
59
113
106
43
118
27
135
46
43
160
91
95
63
54
35
108
23
95
34
106
134
104
165
56
156
174
110
152
169
174
101
101
119
164
25
76
128
166
68
91
92
169
16
153
0
154
60
0
90
55
51
81
30
94
19
20
24
32
93
62
85
26
74
36
91
34
63
33
97
38
65
94
49
60
87
42
35
97
97
67
62
44
76
30
73
60
84
96
60
93
65
39
51
0
54
69
26
82
46
89
86
11
62
12
33
17
29
98
94
63
22
101
26
93
13
95
19
95
28
92
60
90
95
101
26
28
105
97
91
93
22
95
29
92
90
66
92
88
93
92
26
57
0
57
62
0
132
56
93
120
17
89
14
28
23
26
116
115
105
28
118
22
135
25
121
11
126
17
136
125
137
124
121
23
20
115
120
108
113
25
120
15
111
112
124
97
115
112
109
18
95
5
92
92
4
43
20
9
42
35
17
22
25
28
35
32
42
20
30
21
20
25
25
44
25
39
23
22
20
59
19
20
15
13
38
50
48
51
44
25
7
52
46
11
51
48
11
55
8
3
10
11
3
12
70
27
42
32
29
72
15
21
32
33
44
70
45
14
69
9
72
31
50
22
69
33
69
43
43
75
70
10
33
81
79
76
69
34
51
21
45
80
48
48
66
69
56
25
31
0
29
33
0
75
43
76
82
28
153
15
28
27
28
81
87
89
124
53
40
89
143
148
141
88
149
93
30
93
170
94
142
134
149
98
102
163
36
169
9
96
60
102
95
149
170
159
37
40
128
42
41
122
97
19
43
98
56
101
49
59
64
62
31
100
40
64
44
8
104
7
39
12
41
55
98
40
35
38
42
9
20
37
40
40
79
11
45
66
34
45
56
83
33
101
96
50
27
5
31
27
0
