295
138
294
290
171
298
105
172
186
180
300
302
157
184
311
148
331
175
313
173
311
175
299
139
294
323
289
160
122
301
309
295
299
144
253
152
141
274
265
261
265
272
278
156
154
157
153
159
146
148
24
143
147
28
155
118
24
96
122
153
121
45
83
123
84
119
31
128
26
29
84
117
32
42
126
30
98
89
129
32
123
29
95
69
84
31
108
128
140
141
29
138
102
27
24
32
26
0
148
59
170
166
58
177
48
49
48
51
183
164
119
51
43
44
171
47
171
51
175
50
153
117
49
166
47
49
46
156
163
158
174
42
42
47
150
52
138
180
40
47
52
40
40
46
114
136
45
129
65
202
132
33
131
57
83
81
80
223
109
99
1
116
2
131
4
115
8
101
8
124
112
130
98
151
2
16
152
144
117
136
27
124
2
110
162
126
115
151
180
134
1
82
0
82
84
2
59
30
65
66
16
66
25
14
28
12
70
47
55
4
35
8
50
11
52
32
50
28
56
34
56
55
57
28
22
52
55
55
59
20
65
24
62
41
63
66
68
63
59
31
27
0
26
34
27
67
55
48
80
19
69
14
18
17
17
82
61
67
3
49
5
59
19
67
28
61
6
86
55
79
66
88
29
26
91
79
93
88
26
82
24
77
51
72
91
80
77
86
21
47
28
66
67
0
6
56
8
9
15
29
5
24
37
5
6
65
23
4
66
4
5
26
67
4
6
3
4
4
51
53
47
12
5
5
69
64
6
3
66
4
56
71
3
4
73
75
78
5
5
4
5
4
0
162
81
151
186
36
178
29
16
31
31
131
151
170
19
149
16
131
28
178
26
178
26
168
148
144
130
162
46
26
169
170
169
167
36
161
22
182
160
178
193
183
143
185
34
146
41
123
133
0
165
88
172
185
55
180
43
101
58
58
179
171
189
73
115
88
206
79
194
87
205
106
194
181
118
169
189
101
126
199
190
191
197
105
184
81
165
180
195
155
205
205
206
57
180
0
176
98
0
179
85
82
164
99
173
12
89
25
107
188
85
192
68
155
104
190
115
85
113
191
108
86
193
101
77
189
108
98
177
194
84
84
121
148
27
149
95
202
205
81
209
97
92
62
0
61
79
25
76
40
91
204
33
147
118
43
135
35
86
173
71
113
175
33
178
108
189
125
187
119
150
72
93
160
156
94
43
151
154
167
155
101
95
31
112
92
146
170
166
168
170
34
51
0
51
58
0
92
117
39
126
71
63
54
28
26
76
132
106
55
28
108
46
92
29
103
36
94
46
94
79
92
90
101
21
26
104
91
66
102
17
91
13
81
86
110
86
97
116
85
46
65
7
65
58
5
71
22
17
65
52
19
21
19
34
51
29
58
29
47
26
20
29
39
65
22
67
24
25
28
74
32
33
23
17
65
75
76
75
53
21
11
74
61
18
78
75
29
79
8
15
10
17
10
5
113
34
133
100
22
133
15
17
24
20
126
129
105
18
133
16
130
25
119
17
128
28
127
120
106
128
125
23
31
127
130
134
135
32
120
19
115
146
118
126
142
142
123
36
96
0
99
101
0
105
44
109
101
25
162
12
26
22
20
108
78
104
114
79
33
109
120
163
130
107
129
112
86
110
169
112
122
121
165
105
111
172
35
161
25
103
88
116
111
154
158
173
39
60
105
62
55
117
78
24
43
87
44
96
47
55
52
51
31
85
42
57
43
12
82
10
37
13
44
41
104
54
41
48
40
13
16
45
55
43
94
11
53
66
34
47
60
89
47
105
104
58
31
11
27
31
0
