245
119
268
255
160
256
99
172
167
167
252
240
155
169
239
136
240
165
232
154
250
152
233
138
223
218
221
137
111
218
218
216
211
140
218
128
146
214
208
223
227
224
215
137
148
134
148
150
131
129
33
128
138
24
134
112
16
93
104
137
148
63
125
156
112
146
22
152
19
32
121
152
33
46
152
33
124
112
164
36
160
38
99
100
75
30
87
133
134
126
24
120
90
19
13
21
20
0
151
57
154
165
58
154
41
43
36
44
149
167
120
56
48
53
172
56
176
56
181
57
165
105
59
171
60
58
52
176
160
179
180
42
44
59
144
52
109
164
53
57
59
38
40
37
121
118
39
139
46
206
139
53
114
60
96
109
101
214
121
92
2
121
2
135
6
107
9
127
12
101
121
138
110
129
3
9
149
137
113
121
8
118
2
103
128
121
108
108
123
118
2
100
0
98
98
1
66
22
66
69
28
76
21
10
19
22
67
68
49
13
55
17
64
21
74
19
61
24
50
38
54
55
53
21
16
53
54
57
57
14
58
19
56
56
61
65
59
62
61
18
40
0
43
36
16
60
44
29
59
7
60
7
5
22
6
53
51
59
4
43
4
59
28
60
27
54
7
52
38
66
68
57
7
7
54
71
59
59
27
56
20
73
56
71
69
64
78
64
7
42
30
67
66
0
1
34
0
1
2
35
0
34
33
0
1
38
24
0
37
0
1
25
33
1
2
1
1
1
51
38
55
39
1
1
55
56
2
1
54
22
50
52
1
0
52
56
54
1
1
0
1
0
0
78
45
64
85
30
85
26
22
26
24
68
64
93
22
64
26
73
29
88
37
80
32
77
69
61
69
73
35
20
78
70
81
73
21
69
9
74
74
82
81
79
63
85
21
64
30
57
62
0
84
46
75
88
16
93
14
112
14
16
139
102
94
81
65
25
98
17
103
21
96
108
98
157
75
157
153
103
124
159
157
91
110
102
156
24
95
132
149
90
105
107
155
13
148
0
153
76
0
95
70
40
91
37
106
18
32
20
34
106
63
92
19
85
26
95
30
70
33
101
32
76
107
71
66
97
31
28
102
104
69
73
33
88
23
83
70
98
107
70
101
81
36
60
0
56
71
27
85
43
89
107
22
59
22
33
31
31
89
105
61
35
107
30
110
27
104
40
108
45
117
73
99
107
112
37
32
114
105
112
106
35
98
35
100
96
96
107
105
116
109
37
61
0
56
58
0
109
71
81
123
36
97
28
30
33
30
121
122
90
27
116
42
107
29
125
28
115
40
123
110
123
114
121
32
30
107
116
83
105
35
108
24
106
97
102
67
95
107
99
29
75
7
73
77
6
73
23
16
63
51
12
19
21
44
47
27
60
27
32
25
18
30
33
51
19
57
18
25
20
54
23
23
14
18
45
50
51
47
45
19
6
54
51
20
61
63
17
55
12
9
8
16
11
4
53
19
43
32
18
55
14
17
20
24
45
72
30
17
70
15
67
32
44
21
66
30
62
44
43
66
62
25
34
58
61
70
54
33
40
13
37
70
58
46
78
79
50
31
33
0
20
31
0
79
31
78
84
28
107
10
24
26
23
82
52
78
100
59
20
76
113
140
129
80
127
80
62
79
138
84
118
121
135
80
75
138
36
138
21
89
72
88
99
126
126
120
34
32
111
32
35
107
93
20
40
95
47
101
39
52
59
59
32
99
50
57
38
9
92
4
42
9
41
43
107
38
35
48
42
6
23
49
39
40
97
6
38
72
38
43
55
94
41
109
113
71
34
7
33
32
0
