314
184
328
329
228
318
145
251
258
255
333
323
231
252
324
217
320
238
328
248
311
242
311
212
322
320
324
235
210
311
311
320
324
247
331
198
208
334
348
335
340
339
339
248
214
209
206
209
221
195
52
192
203
52
209
168
33
123
151
209
183
76
136
194
118
180
45
207
44
62
144
196
60
101
205
54
157
129
209
65
218
62
158
121
128
66
156
217
209
219
51
207
149
54
45
53
51
0
239
85
251
253
128
255
77
81
79
82
262
282
182
123
95
105
268
116
290
110
273
88
272
198
121
286
116
125
97
287
284
287
295
88
112
121
251
121
195
283
117
131
116
73
103
100
202
210
100
218
92
292
212
104
102
46
136
127
139
298
180
136
1
176
3
220
7
155
9
178
15
165
161
180
140
188
3
8
191
192
163
178
4
157
2
150
188
161
162
149
193
166
2
122
0
127
123
3
127
78
132
141
16
133
39
27
47
13
150
122
136
14
114
21
142
19
153
45
143
44
149
107
128
137
147
39
28
143
149
150
149
27
139
36
139
121
152
149
148
156
151
46
96
0
98
96
38
136
101
61
132
12
128
10
13
55
14
127
126
137
9
99
10
120
60
124
63
132
15
122
107
148
142
126
14
13
131
152
132
120
71
126
66
153
107
142
125
124
154
120
16
73
74
128
126
0
3
87
3
4
18
72
4
70
74
1
2
103
50
3
114
2
2
69
108
2
3
2
3
2
76
64
84
19
1
1
88
89
3
3
114
21
80
110
2
3
105
110
110
2
3
3
2
3
0
151
79
110
164
59
163
63
37
60
58
104
113
149
45
111
54
133
66
168
68
163
63
154
116
100
98
161
76
71
171
174
166
156
54
116
29
162
121
160
167
156
100
167
64
108
68
92
91
0
171
92
158
178
83
180
66
160
75
73
208
190
181
149
94
87
187
66
185
85
189
158
196
214
84
191
223
175
181
227
237
190
193
159
223
70
143
193
226
116
180
175
234
57
203
0
200
94
0
188
114
100
178
68
190
45
56
61
74
183
109
187
41
138
62
188
82
100
74
183
76
129
194
130
111
184
73
69
190
195
133
134
78
183
62
151
129
185
175
123
188
128
66
94
0
91
122
58
135
65
159
146
33
63
19
77
38
64
156
136
87
32
136
71
140
25
138
32
133
32
135
106
145
141
132
39
69
135
154
153
144
38
143
67
127
146
113
146
154
143
136
75
76
0
74
81
0
155
132
94
138
43
110
31
48
38
47
153
154
122
41
142
53
163
37
150
39
144
47
150
143
165
157
158
48
40
143
131
100
146
37
142
35
117
126
150
89
125
141
114
52
83
12
79
87
13
94
49
31
94
71
46
59
59
53
77
69
78
43
53
64
57
60
47
81
57
79
53
55
48
91
57
59
30
42
67
85
80
85
74
55
22
97
81
38
102
100
45
110
37
17
32
37
27
32
117
43
97
76
50
128
35
35
56
52
106
146
76
27
150
24
157
61
108
39
152
61
139
100
70
141
141
25
76
144
140
142
147
56
95
24
72
145
97
95
139
139
105
64
68
0
67
64
0
197
84
203
198
60
218
33
66
62
65
194
193
187
158
103
51
188
153
232
200
192
185
180
101
191
263
196
170
186
225
200
200
252
48
265
20
175
131
197
194
208
266
263
53
106
183
107
106
176
142
36
80
148
72
142
60
77
80
76
61
152
59
75
82
18
162
14
74
30
77
42
166
74
65
80
83
21
41
80
78
80
107
25
73
111
68
81
129
119
86
172
174
72
60
12
55
58
0
