214
133
240
228
166
219
99
166
176
167
219
246
138
170
245
133
253
163
241
160
250
163
247
131
251
257
246
153
129
239
251
252
246
156
246
129
145
250
262
252
249
257
257
155
136
151
134
137
135
144
23
143
151
22
151
120
17
106
131
155
167
58
140
164
125
174
21
173
20
25
142
178
32
69
204
25
168
166
199
33
196
36
165
84
156
34
160
190
194
187
28
199
165
24
22
23
25
0
184
65
191
188
71
196
87
76
90
84
208
193
121
65
59
60
184
70
188
97
203
78
171
116
71
176
71
72
55
169
187
175
179
43
72
74
145
73
128
172
77
78
77
38
65
68
141
133
58
189
62
254
199
70
112
49
92
103
99
268
154
122
1
154
1
168
6
117
1
152
7
120
147
149
122
171
3
6
168
185
168
142
6
147
0
138
158
149
132
130
157
147
1
128
0
127
127
0
53
15
57
62
9
66
17
15
21
6
59
67
55
12
53
14
61
18
67
23
67
18
62
50
48
55
58
17
9
56
55
54
54
10
59
19
51
49
55
59
61
57
55
23
39
0
34
38
17
100
57
72
104
3
103
3
5
32
4
97
98
99
6
84
8
107
36
111
33
106
7
109
92
110
110
106
8
7
107
112
110
111
35
96
37
109
89
105
102
93
102
96
6
85
39
102
103
0
0
32
0
1
3
27
0
26
26
1
1
39
24
1
48
1
1
32
46
1
1
0
1
1
52
34
52
19
1
0
53
52
2
1
49
9
41
58
1
0
59
57
54
1
0
1
0
0
0
57
21
32
53
20
57
20
16
19
21
32
35
56
13
37
16
43
19
53
21
61
22
49
41
23
25
43
24
23
48
52
53
55
27
34
10
53
50
50
63
53
30
52
30
30
24
31
30
0
96
43
91
101
31
103
24
131
32
41
145
127
93
104
48
40
106
22
107
32
113
130
89
146
51
142
166
107
136
153
165
88
91
119
149
23
76
133
158
71
96
94
163
24
154
0
153
49
0
77
38
35
70
37
70
15
27
31
29
83
50
76
19
59
36
60
37
39
43
65
38
46
61
39
42
65
26
25
69
64
45
41
31
50
30
46
47
72
62
42
63
46
30
30
0
31
49
33
90
38
93
96
8
65
6
23
12
20
102
91
69
10
93
19
94
6
94
8
94
12
92
65
91
93
95
8
24
94
98
99
100
19
96
24
102
89
73
101
104
112
100
18
68
0
78
80
0
124
75
81
107
14
80
10
29
32
18
114
101
79
32
104
22
113
29
103
17
116
19
120
117
120
121
118
27
24
116
116
84
121
25
110
20
116
109
107
88
109
106
113
21
79
5
81
71
10
41
25
11
42
18
11
27
28
17
22
29
35
17
20
29
29
30
16
33
27
32
26
25
26
37
22
28
9
24
31
43
30
33
25
18
10
35
29
19
37
41
19
38
14
9
16
16
12
12
55
22
48
38
23
59
21
16
23
25
50
59
31
18
62
19
74
27
52
19
77
29
73
48
44
77
81
20
35
80
67
74
71
36
53
13
44
76
64
50
76
80
42
37
37
0
39
34
0
96
43
111
113
38
138
26
34
32
33
108
91
104
104
69
31
104
120
152
136
112
137
114
65
121
155
121
136
135
160
123
115
166
49
156
13
118
93
126
129
140
159
156
43
60
135
59
60
131
102
15
28
98
71
99
68
78
72
78
15
87
23
55
30
3
93
2
25
9
25
52
88
30
21
28
26
3
16
22
26
22
66
3
27
61
21
28
35
71
25
82
79
52
15
5
15
14
0
