395
213
406
408
284
407
229
321
308
308
412
417
265
307
420
275
426
297
438
289
419
287
451
247
437
450
437
294
261
431
440
438
451
289
441
246
257
465
451
471
452
453
466
290
265
266
267
276
261
324
74
317
327
64
328
255
54
189
256
333
305
110
251
321
195
319
66
319
57
84
238
297
79
118
303
67
227
181
300
80
307
83
241
218
180
116
245
331
340
337
79
326
264
56
52
60
60
0
336
141
358
366
153
364
126
119
116
126
374
345
231
130
113
127
343
136
373
143
382
108
313
198
138
342
140
147
100
326
330
327
336
79
114
128
276
135
238
319
126
130
128
74
106
106
257
253
100
280
143
414
321
96
162
77
157
160
161
441
256
211
6
276
3
277
3
211
8
279
11
268
249
273
220
301
7
17
307
304
249
283
11
257
2
243
282
264
232
233
297
248
2
203
0
200
195
3
98
48
111
115
34
106
51
40
53
32
124
106
102
13
82
30
105
38
113
49
115
52
114
68
97
95
115
55
28
125
115
112
113
41
113
49
109
97
123
130
136
127
139
55
55
0
54
53
55
161
199
69
193
21
154
13
22
56
23
194
181
158
18
124
10
167
61
177
67
171
25
185
123
176
166
194
22
13
184
178
187
191
64
188
56
179
126
170
183
186
173
185
17
95
71
147
146
0
4
70
4
3
14
57
3
42
53
2
5
132
33
3
140
3
4
73
134
1
6
5
6
5
161
102
133
88
3
5
167
165
5
3
114
37
79
112
6
4
108
101
110
3
3
3
3
3
0
134
74
102
145
38
139
36
22
35
36
107
113
135
30
92
21
120
37
146
36
148
36
129
115
108
95
138
48
40
146
149
149
153
32
125
24
141
117
129
127
146
106
138
41
96
40
92
94
0
199
121
186
202
54
203
44
221
58
58
243
236
216
188
137
55
218
46
214
54
198
241
205
293
147
283
297
230
247
308
301
215
210
238
278
68
198
273
294
167
221
225
304
51
303
0
269
141
0
169
104
95
172
84
189
47
75
60
84
184
104
165
47
162
81
185
86
121
89
190
94
123
184
107
107
189
90
83
191
184
124
124
93
137
67
145
126
187
174
123
190
141
70
97
0
92
120
62
126
63
128
155
33
112
49
40
66
36
133
155
93
65
152
42
166
54
164
68
172
67
170
126
123
187
184
91
45
187
177
188
184
93
134
35
162
124
158
186
205
195
197
33
85
0
86
83
0
186
129
87
158
45
142
33
65
65
48
157
153
114
76
144
39
196
79
148
34
206
48
204
188
213
199
202
74
73
144
196
128
138
64
178
46
176
167
153
129
166
149
168
49
127
16
104
112
21
96
56
38
90
73
36
55
57
54
69
73
75
51
53
69
49
68
38
72
48
78
53
64
54
92
67
63
43
44
69
87
92
85
56
64
27
102
79
43
89
77
44
89
30
19
27
38
20
23
125
23
114
78
35
128
41
21
41
38
114
121
83
37
111
38
111
35
113
21
115
39
128
99
91
121
117
39
33
111
108
106
113
31
113
15
97
119
100
120
139
124
123
35
69
0
71
75
0
158
78
162
161
39
224
20
41
43
42
162
172
166
194
121
54
166
220
261
232
169
234
169
124
182
262
168
231
247
265
178
182
285
62
264
34
173
145
177
174
246
276
267
48
76
207
87
82
204
131
14
41
134
93
127
80
78
87
92
28
126
54
85
47
11
132
8
37
16
45
81
138
42
42
42
49
13
32
47
49
44
111
15
46
103
41
39
71
121
45
149
128
90
31
8
31
31
0
