61
30
68
63
45
69
32
44
43
43
73
75
42
41
68
32
78
40
74
44
71
42
69
43
71
63
70
39
35
68
68
73
68
45
68
35
40
70
68
63
74
70
66
43
33
42
38
36
36
307
70
310
305
61
320
216
46
179
228
310
296
169
229
311
199
308
65
317
59
112
229
294
113
149
297
85
213
171
299
112
295
109
209
240
164
116
224
312
298
295
98
304
235
61
42
55
70
0
14
13
19
24
9
22
4
1
6
4
18
21
14
9
7
6
21
7
23
4
22
3
18
12
5
22
6
9
2
18
21
19
23
1
6
7
18
6
15
21
3
4
5
3
3
4
13
17
3
278
145
409
314
112
158
80
150
177
158
413
272
232
9
275
8
300
18
229
21
275
25
276
284
294
233
303
10
29
300
305
268
276
29
271
8
267
298
271
271
249
310
288
8
204
0
182
201
5
210
132
233
247
104
230
41
23
50
89
228
242
159
79
180
89
243
104
232
52
247
49
236
208
143
168
238
46
94
240
237
242
242
91
179
45
221
219
240
229
228
235
241
54
103
0
99
102
49
6
146
17
145
151
3
138
154
2
127
138
156
5
113
162
147
158
2
158
4
164
172
163
98
6
4
175
169
197
183
6
174
179
5
173
4
8
122
4
181
183
7
177
168
1
4
3
4
0
38
161
48
42
67
122
31
102
115
37
37
189
91
42
200
40
45
112
188
39
45
38
32
38
158
167
171
73
38
25
178
177
38
39
197
68
155
202
37
38
200
203
219
35
37
39
24
41
0
195
82
127
210
71
205
94
79
88
103
138
144
217
88
128
100
178
116
227
115
217
110
208
152
131
181
213
113
110
219
208
222
226
107
144
77
219
206
222
223
219
131
229
123
131
100
119
109
0
183
99
194
201
83
190
64
188
78
82
198
194
186
161
152
81
189
68
200
68
207
203
196
249
162
240
254
202
221
252
250
196
193
207
232
73
177
216
246
182
201
214
230
56
220
0
215
115
0
70
74
31
60
25
74
16
25
43
28
74
70
76
16
55
33
77
28
56
36
82
35
58
74
38
74
77
20
23
79
81
67
80
18
54
29
49
65
68
58
66
56
64
19
29
0
33
44
10
149
56
155
121
18
60
24
97
37
98
167
117
74
30
119
111
121
21
121
34
118
37
127
86
148
127
115
32
94
121
119
125
121
28
164
101
110
158
104
130
125
128
123
101
54
0
49
54
0
153
115
79
161
41
132
24
68
62
40
162
147
113
69
152
42
174
64
152
31
160
40
187
166
172
174
171
66
59
142
165
102
135
69
159
48
148
145
140
91
137
141
150
48
90
19
84
80
22
157
57
87
179
70
108
4
4
17
75
97
195
124
71
99
3
102
32
177
2
179
3
101
90
165
103
99
62
2
118
175
176
173
51
96
23
145
111
96
159
164
121
159
2
110
3
109
115
0
80
19
56
35
63
96
34
50
65
61
60
107
32
40
97
34
90
56
70
50
94
61
101
63
35
100
104
31
59
107
100
98
100
70
54
20
58
99
76
60
107
112
73
70
32
0
35
36
0
158
81
174
162
46
209
21
47
42
43
167
184
178
147
111
42
170
179
241
200
184
196
167
110
170
237
169
169
186
226
190
172
246
54
234
37
184
131
182
189
200
267
251
55
102
173
107
106
185
136
40
102
152
49
151
28
51
46
55
67
157
61
62
108
32
152
11
97
37
108
32
156
90
84
103
98
37
28
109
91
101
111
31
102
65
84
106
127
115
108
156
155
41
86
28
89
89
0
