280
97
274
278
115
291
67
128
130
126
275
215
144
127
210
111
212
123
217
122
216
118
198
144
200
204
207
108
103
199
199
203
191
115
206
101
141
198
206
215
218
210
202
117
159
111
158
158
113
105
26
105
108
29
110
90
24
83
81
105
150
46
125
159
117
166
38
154
29
40
129
151
32
50
147
27
116
105
145
33
153
35
96
56
88
31
107
122
123
129
25
126
101
31
26
29
27
0
109
51
129
134
46
132
51
46
53
56
129
180
97
50
40
48
188
51
186
106
186
101
202
94
53
226
46
56
126
210
206
213
218
72
46
45
116
49
136
166
47
49
46
75
34
35
100
92
40
106
51
169
108
33
86
39
62
74
70
177
99
84
4
101
1
98
1
77
0
103
2
84
107
102
89
123
3
0
114
121
104
108
9
109
1
83
118
107
87
107
123
104
2
79
0
77
76
1
52
20
57
51
7
50
27
10
29
8
52
43
59
0
35
1
40
1
43
30
46
31
37
37
57
64
39
25
2
39
39
40
40
9
51
27
48
39
49
44
49
50
51
26
33
0
32
34
30
68
66
49
77
13
68
8
11
20
10
78
71
68
4
61
11
72
18
74
24
75
12
111
44
77
62
115
34
26
117
77
111
108
31
145
22
78
44
75
149
141
77
144
55
51
22
67
63
0
5
75
11
9
12
58
6
54
56
4
13
65
11
5
75
4
5
28
75
6
9
6
3
7
55
47
43
14
7
6
62
66
7
5
22
2
19
18
7
6
22
28
28
4
5
5
5
7
0
161
57
161
171
6
170
8
8
10
10
149
164
162
7
154
7
133
9
169
9
162
10
170
165
156
133
175
7
7
174
171
164
175
11
166
8
170
146
178
181
183
160
181
12
163
9
151
152
0
181
81
164
180
31
182
28
90
32
28
206
179
189
50
141
49
200
41
206
42
209
98
191
211
151
205
221
83
99
218
226
206
205
83
220
45
174
206
223
178
213
212
235
38
225
0
218
155
0
129
90
66
122
43
128
25
42
24
40
128
87
137
27
123
61
145
60
89
63
144
67
82
167
98
87
168
78
79
173
159
103
107
147
137
24
193
98
231
228
93
241
107
144
78
0
77
94
24
82
45
98
235
39
190
141
8
155
6
95
257
103
175
250
11
253
157
256
169
254
182
197
106
86
206
201
121
9
200
211
206
211
118
82
13
117
89
182
192
195
196
195
13
64
0
63
68
0
72
124
51
143
94
62
90
22
28
99
151
114
60
25
124
75
82
29
122
62
90
66
89
88
83
86
91
22
22
118
84
71
119
18
77
17
71
79
116
69
67
125
71
62
59
6
59
55
4
89
25
14
87
68
19
24
25
51
72
34
67
39
48
33
18
34
38
63
26
65
24
30
27
53
25
24
24
15
51
48
49
53
35
24
17
52
48
16
64
58
20
58
12
13
12
21
15
8
77
20
71
54
20
82
20
14
20
23
66
87
55
14
81
19
87
30
66
20
86
29
87
62
62
79
78
18
28
94
84
94
98
44
75
13
75
102
93
86
109
113
74
50
59
0
60
60
0
104
30
111
110
54
116
36
59
56
58
116
88
105
80
48
60
113
97
119
102
115
110
133
47
126
129
129
92
90
115
125
125
135
64
130
17
121
87
120
118
115
133
133
60
44
101
35
42
92
73
3
11
75
62
72
62
64
63
60
7
73
7
60
12
6
71
7
11
12
17
56
60
13
15
16
16
8
6
12
15
15
50
10
16
34
16
17
11
43
14
46
48
32
6
7
7
6
0
