237
124
249
227
181
241
107
183
178
184
255
253
144
184
256
162
252
171
252
173
249
178
258
137
254
269
252
171
127
256
247
251
256
150
239
135
142
244
232
246
236
246
246
170
153
151
144
149
152
163
38
162
160
46
156
107
39
84
105
170
157
74
118
173
95
164
40
168
40
46
125
151
44
56
151
43
108
89
153
47
159
54
104
108
72
57
119
152
158
156
47
161
107
43
39
42
45
0
165
67
199
183
64
185
59
61
57
52
196
182
111
72
60
70
183
62
190
65
204
49
164
100
71
168
85
77
48
166
170
178
185
40
64
82
134
77
137
168
74
78
82
34
62
61
137
137
62
147
49
235
151
82
103
51
106
122
110
243
121
90
2
121
2
137
4
103
3
124
7
82
114
125
94
128
4
4
130
128
118
117
4
111
2
103
129
127
115
110
127
117
2
96
0
93
96
2
73
38
82
89
13
84
39
19
44
9
77
71
91
9
73
13
80
14
75
38
69
47
81
70
75
84
80
41
16
82
90
83
79
18
95
39
70
69
83
84
82
84
88
42
39
0
44
42
36
95
87
45
101
14
85
8
14
39
14
92
81
87
6
61
6
73
31
87
40
78
7
84
57
85
79
87
15
7
76
88
81
86
40
99
40
90
58
83
87
84
88
78
17
53
41
80
78
0
4
46
3
3
7
37
3
37
40
3
5
53
20
2
56
3
3
23
61
2
3
4
4
4
67
49
54
15
4
2
74
75
2
1
62
8
51
67
4
5
63
72
70
2
5
3
2
5
0
96
33
57
93
9
93
18
13
17
18
57
76
93
16
60
13
60
18
101
16
99
20
84
70
61
73
83
15
18
88
91
92
88
21
73
11
86
74
87
94
97
70
96
18
52
13
43
47
0
107
57
119
124
31
128
26
114
35
29
172
127
119
83
73
32
122
22
124
34
123
134
116
195
78
185
190
114
130
193
198
109
123
126
185
37
98
174
205
107
124
115
188
21
187
0
181
90
0
117
77
68
93
43
107
33
35
48
40
106
89
100
20
88
35
111
40
84
39
112
37
84
109
73
75
101
44
28
110
97
84
85
40
92
43
78
88
119
100
78
119
97
37
63
0
56
73
36
69
36
78
131
23
93
36
14
57
10
84
127
73
49
136
11
128
43
137
50
128
63
143
84
87
146
136
65
13
148
148
159
147
68
79
11
121
82
122
150
144
151
147
14
67
0
65
64
0
115
108
83
143
52
85
41
26
21
54
146
119
92
21
121
31
119
23
128
24
121
37
121
127
121
136
122
23
22
114
123
80
116
24
116
19
97
118
115
92
104
125
101
35
80
6
82
76
5
64
43
21
67
47
26
42
38
40
41
50
64
28
35
43
31
47
25
65
34
55
33
42
41
79
44
38
22
31
51
78
62
63
49
31
16
71
63
33
73
65
30
76
22
18
20
25
19
19
68
21
64
43
31
68
27
26
33
32
63
79
35
27
79
26
80
35
59
24
81
40
75
69
34
68
69
24
24
74
74
68
72
25
57
13
57
59
46
64
56
71
68
28
32
0
36
36
0
93
40
93
98
33
144
14
35
32
29
104
94
102
119
72
37
103
130
152
138
99
151
113
60
99
156
101
135
137
162
107
108
173
37
162
20
111
72
106
98
143
164
160
29
42
129
36
40
124
78
9
21
78
55
81
57
61
58
58
9
80
18
77
17
4
82
1
13
5
18
67
104
15
14
23
19
8
18
20
22
18
93
4
16
81
18
22
27
87
16
90
99
87
9
4
10
10
0
