573
308
610
603
402
600
281
439
441
423
599
609
405
438
606
351
609
445
622
431
624
416
634
374
642
645
630
426
327
629
637
628
655
419
645
363
410
655
651
662
681
653
674
422
374
384
359
368
368
450
98
458
453
101
454
336
70
251
358
471
429
163
325
451
271
439
88
448
81
125
318
395
139
170
427
99
317
248
409
140
411
145
316
286
231
139
322
421
438
436
112
438
318
91
69
93
98
0
424
198
457
455
229
463
157
145
161
159
465
476
327
196
183
204
494
200
514
213
521
166
449
299
213
480
212
223
183
479
479
503
478
125
217
210
379
221
290
446
213
231
231
125
168
167
338
337
185
397
173
585
425
152
224
121
236
248
240
611
335
288
9
355
5
369
8
292
5
350
12
351
355
382
289
399
6
23
425
410
334
374
17
322
4
316
390
350
352
330
399
319
3
250
0
254
251
5
224
95
224
240
92
224
75
40
86
71
223
215
172
68
184
77
229
93
228
71
243
79
223
174
164
177
231
77
75
228
225
222
224
87
179
80
238
190
253
258
248
256
257
76
106
0
103
112
72
240
228
136
274
33
224
21
32
105
36
263
263
270
31
191
24
235
108
268
113
261
37
266
188
243
233
255
47
29
261
265
240
255
121
254
122
266
183
259
269
264
265
282
42
133
116
221
218
0
11
183
14
10
29
146
10
135
149
9
10
186
91
6
200
7
5
124
210
8
12
5
13
13
190
160
169
79
8
9
217
209
12
8
208
47
153
220
11
9
216
223
215
9
10
10
5
10
0
228
105
174
236
61
242
76
53
75
77
173
188
228
71
180
68
201
85
250
91
251
85
236
201
189
181
254
78
80
245
246
251
255
80
192
55
240
218
241
245
252
167
232
88
173
65
141
150
0
250
129
271
281
104
271
84
295
94
99
331
306
259
224
200
99
275
84
272
93
276
305
264
366
193
353
382
270
289
398
385
281
264
272
364
110
251
335
373
233
286
301
371
96
354
0
357
175
0
266
179
130
261
141
283
81
117
109
129
289
172
247
65
237
129
258
135
180
128
274
134
190
268
199
170
277
138
135
282
291
209
197
115
207
118
224
190
247
266
196
281
196
112
129
0
125
194
111
223
123
258
282
59
163
46
91
98
80
236
280
176
98
289
81
292
68
290
99
292
117
262
187
227
257
259
93
79
260
266
272
261
91
240
72
244
238
230
291
286
281
287
73
159
0
159
159
0
267
189
146
257
71
185
53
79
65
77
255
257
175
76
267
81
262
84
247
58
275
76
269
268
274
280
260
72
65
246
254
184
246
62
243
50
229
234
230
194
223
239
225
54
153
25
160
143
20
128
89
42
112
65
65
96
89
60
70
105
140
81
71
108
68
102
65
119
70
117
85
117
93
133
110
105
46
79
109
132
135
134
85
102
35
146
120
81
129
137
92
135
63
41
49
63
40
46
202
59
180
132
69
216
71
40
82
77
174
214
141
65
206
58
223
94
181
57
218
80
224
158
171
227
218
65
98
234
222
222
239
86
182
37
173
232
193
204
237
232
195
93
119
0
116
124
0
301
132
316
322
109
366
41
104
107
106
302
291
304
261
204
131
320
291
378
321
323
328
316
180
322
388
329
311
324
391
327
319
420
92
410
41
295
217
315
322
350
389
388
94
147
310
151
159
289
226
50
96
241
153
244
131
160
152
155
51
215
69
153
95
29
220
18
79
35
92
133
258
88
70
90
77
36
72
89
96
86
197
27
85
172
75
87
134
194
89
259
254
148
70
27
68
65
0
