301
120
316
312
135
321
95
143
142
142
316
290
132
134
295
122
295
135
289
136
298
139
314
138
319
319
318
128
111
313
310
312
319
116
236
109
137
227
233
232
227
233
232
125
145
114
145
148
126
82
12
87
88
15
88
71
11
66
68
87
73
26
59
77
52
77
18
79
16
20
58
87
18
26
87
14
67
63
87
18
89
16
66
35
67
16
89
90
93
91
15
92
77
14
15
15
15
0
122
28
137
127
37
122
38
36
33
35
123
125
100
33
30
23
129
29
130
42
126
35
108
89
29
118
29
27
27
121
108
117
123
42
31
41
118
37
108
146
39
38
35
41
25
25
112
108
27
77
28
191
79
36
131
83
118
116
124
195
66
59
0
68
0
73
1
59
4
69
5
65
59
69
60
71
0
3
70
74
63
65
4
64
0
61
72
67
60
54
74
69
0
59
0
54
57
0
37
19
47
43
3
52
18
5
16
2
46
43
54
1
45
3
49
3
46
16
47
17
45
38
51
47
42
16
3
45
45
46
40
2
55
18
50
39
48
46
51
51
48
18
41
0
42
42
15
37
21
31
43
4
38
3
4
11
4
42
38
43
3
34
1
40
17
40
16
40
3
35
32
45
43
35
4
2
35
48
37
34
15
40
19
45
30
41
42
39
45
42
5
26
19
45
39
0
1
9
0
0
2
1
0
2
3
0
1
15
4
0
18
1
0
12
15
1
0
0
0
1
15
12
11
11
0
0
18
15
1
1
7
1
5
9
0
0
7
8
7
1
1
0
1
1
0
24
12
30
29
5
29
1
1
0
0
30
31
34
2
27
4
24
5
35
4
37
5
30
30
33
27
34
6
1
32
33
31
33
0
34
0
27
22
23
30
26
26
27
1
28
8
28
22
0
58
24
55
64
4
73
3
113
5
5
157
102
60
49
65
4
71
4
69
4
70
110
71
174
70
173
169
86
119
173
171
77
74
101
165
3
71
132
171
62
71
79
174
3
168
0
170
71
0
85
75
26
68
7
74
9
7
18
8
69
73
81
7
74
10
71
10
77
10
81
7
78
73
68
74
78
9
8
75
80
77
73
18
80
15
74
70
86
86
66
81
73
17
66
0
66
73
17
73
37
81
100
6
83
9
7
18
5
87
119
81
29
113
6
115
24
115
30
111
30
123
94
85
131
128
44
7
123
125
127
130
42
93
5
108
92
118
136
133
135
143
6
71
0
71
75
0
109
100
80
139
52
101
42
9
8
47
149
140
93
9
151
45
114
9
143
27
112
31
112
112
113
115
115
10
11
140
114
110
138
10
115
10
112
114
133
101
111
130
113
35
103
1
99
101
0
61
11
13
69
61
12
15
13
56
69
20
50
31
47
15
9
12
40
49
11
44
15
18
15
62
13
14
24
16
48
53
55
47
50
16
13
57
50
7
49
52
11
45
11
7
12
6
9
8
40
12
20
13
23
36
7
22
23
26
19
38
19
6
41
8
38
28
19
21
34
23
43
19
23
40
37
12
29
43
38
39
37
31
18
17
22
48
42
20
40
41
17
26
7
0
8
8
0
74
18
65
70
40
107
27
42
39
43
61
36
73
105
39
46
78
115
112
119
79
123
85
38
73
112
76
111
116
118
72
75
118
56
118
15
87
74
83
88
105
105
102
52
14
102
14
16
102
80
1
11
82
74
79
75
75
77
77
6
71
6
68
9
3
73
2
8
3
10
66
67
5
6
6
7
3
2
7
5
5
76
3
6
54
5
3
4
57
7
56
52
59
2
3
2
3
0
