505
245
539
545
351
537
228
368
372
373
542
508
303
370
515
283
520
356
530
362
500
349
518
288
491
500
507
334
268
483
492
502
518
321
479
267
316
502
488
504
473
488
491
324
280
289
295
285
287
300
67
297
317
87
301
230
50
184
242
312
296
101
234
298
209
318
88
311
59
97
263
324
107
115
338
76
263
219
336
107
332
99
241
202
193
109
240
310
313
325
76
328
273
61
42
61
54
0
337
133
346
350
164
350
92
85
89
89
357
329
246
140
112
133
333
129
355
89
369
66
344
221
129
347
136
144
80
348
356
354
341
88
127
155
326
142
243
343
137
139
149
78
106
96
279
283
95
323
164
417
330
102
173
85
164
168
169
437
279
225
1
289
0
340
17
221
14
275
25
296
285
292
219
331
3
11
340
343
279
321
14
285
0
255
328
288
239
258
325
277
0
204
0
180
200
1
145
62
162
149
30
153
57
29
64
27
149
132
130
21
106
20
134
28
135
50
126
57
139
88
126
133
137
51
44
140
125
135
146
38
142
55
141
125
137
146
148
152
148
59
76
0
83
81
55
116
118
69
129
13
120
10
11
59
17
131
136
132
8
84
9
125
65
133
66
133
16
129
107
134
133
147
25
17
144
140
151
134
74
135
72
140
93
142
137
144
138
139
29
71
67
125
116
0
7
109
10
10
32
75
5
58
77
3
12
145
56
6
163
6
7
94
163
4
10
5
9
6
108
95
115
48
6
8
136
124
13
6
129
22
91
128
8
5
131
133
122
5
4
4
4
5
0
141
67
99
143
28
149
49
37
48
49
97
111
147
33
92
43
117
53
155
52
163
53
149
109
94
97
148
49
61
162
155
148
161
47
112
33
154
126
162
163
155
96
168
59
96
40
86
86
0
199
117
213
218
63
217
55
246
70
62
240
235
203
213
159
65
219
47
218
61
230
257
214
303
149
280
315
264
294
315
335
220
230
248
281
48
196
278
306
175
219
231
306
40
285
0
278
145
0
208
138
108
178
70
217
58
46
74
65
218
148
198
37
162
54
202
59
147
69
207
60
157
198
117
136
202
59
50
212
190
161
162
61
176
80
154
158
200
195
150
208
156
52
113
0
115
129
66
151
84
168
181
29
115
33
53
50
46
176
196
119
58
184
51
190
42
197
52
204
54
204
150
167
202
214
71
42
207
203
207
193
71
167
46
181
162
181
209
202
207
217
46
115
0
113
118
0
203
113
104
153
34
138
27
84
74
34
154
156
126
86
150
28
215
79
149
26
219
30
226
205
226
226
226
76
74
147
203
132
157
83
205
69
173
179
157
125
193
155
191
35
121
21
117
113
25
101
60
26
96
75
37
51
53
57
66
64
86
38
67
58
51
64
55
89
54
91
56
50
48
87
46
55
30
46
90
95
87
89
68
60
19
92
67
40
89
88
47
87
31
19
32
37
23
26
100
42
110
66
42
114
40
30
50
51
104
117
59
45
100
35
112
56
97
35
111
54
122
98
73
118
121
42
54
123
118
125
123
46
94
19
91
113
84
95
114
115
94
49
48
0
42
55
0
169
75
174
172
48
253
15
47
49
46
177
170
171
207
105
49
175
217
287
249
166
267
174
94
179
296
177
236
258
291
176
182
304
54
290
29
191
125
198
197
262
296
296
54
92
239
93
88
239
166
22
60
162
114
169
84
122
110
107
32
144
57
118
63
15
158
9
48
16
64
78
167
55
46
59
53
21
37
58
59
58
140
16
57
126
53
63
82
134
62
174
166
100
41
12
38
37
0
