150
69
161
162
94
167
73
102
103
103
160
157
78
103
166
72
161
101
171
102
167
103
159
70
150
159
156
98
61
159
150
155
158
97
151
78
92
154
153
159
159
160
160
91
83
91
84
92
82
99
27
104
94
22
100
60
20
37
65
96
81
41
51
85
39
86
27
85
26
39
57
73
38
54
85
34
50
39
81
36
86
38
56
75
40
40
66
99
94
94
33
102
56
29
17
27
29
0
91
51
97
95
51
102
26
22
32
30
97
95
88
40
32
35
94
38
103
29
106
32
104
67
43
101
43
49
34
121
115
107
106
28
42
50
91
47
85
99
46
47
44
19
40
37
85
86
33
81
41
172
82
34
124
93
113
118
114
188
67
61
5
73
4
114
24
91
44
67
36
108
99
100
55
123
3
47
129
130
71
105
43
72
1
70
114
65
99
114
127
65
2
43
0
43
48
1
111
41
115
120
46
121
30
22
37
28
119
111
90
33
95
31
122
44
123
31
129
32
119
68
77
82
113
38
33
109
107
108
110
43
87
32
102
85
113
105
106
112
110
29
47
0
59
57
36
36
50
20
48
15
39
15
13
22
17
55
64
39
19
49
10
59
23
57
20
65
17
57
38
41
41
58
17
14
53
46
53
52
20
51
24
42
51
40
58
54
37
50
16
24
21
41
40
0
24
207
24
21
48
171
15
177
183
17
24
239
165
20
247
25
23
165
250
17
25
22
27
24
231
205
221
126
21
26
229
247
26
17
239
83
201
239
21
27
256
247
243
21
25
21
7
24
0
234
97
155
253
87
250
96
68
89
98
164
180
232
85
163
75
198
94
242
97
244
83
219
188
182
183
229
121
87
231
220
237
236
95
187
77
233
200
250
235
247
170
234
98
166
111
152
145
0
149
94
144
161
34
162
27
289
35
35
372
308
163
204
130
33
172
30
162
36
172
296
173
383
153
360
412
281
305
388
399
185
177
273
384
48
165
333
379
129
168
181
389
34
332
0
340
102
0
264
176
134
247
105
278
22
96
29
109
286
180
255
83
192
91
258
107
178
108
273
109
186
266
184
173
290
103
98
287
276
192
196
100
251
29
205
197
292
272
183
302
190
102
155
0
148
173
24
214
100
201
211
35
108
39
104
71
107
222
203
120
55
206
121
202
40
214
62
205
64
207
124
212
207
209
63
109
212
210
209
218
61
219
104
197
219
165
214
206
209
214
122
114
0
103
119
0
285
311
181
359
93
252
51
26
30
92
347
341
244
27
342
94
291
28
351
59
296
96
288
297
308
304
308
28
30
336
304
256
346
24
319
21
277
304
371
265
324
375
290
97
253
4
255
239
3
177
20
17
172
156
16
17
19
133
150
25
111
29
100
25
15
21
110
115
19
134
18
26
23
130
23
24
37
15
132
141
130
143
137
26
24
149
143
26
145
158
24
157
14
15
10
20
18
9
151
69
118
88
56
159
35
50
73
72
124
178
109
30
176
29
172
76
123
56
183
75
192
123
129
189
187
30
92
192
194
205
194
90
129
51
117
201
167
127
213
207
130
107
91
0
75
89
0
230
105
235
235
64
257
26
69
73
64
222
230
219
231
124
68
235
281
328
297
234
302
238
129
215
313
236
261
304
322
240
250
345
60
315
33
226
166
232
244
293
332
333
45
106
298
108
108
294
181
49
118
185
107
191
71
103
99
113
76
194
71
92
119
43
185
15
98
40
115
78
179
117
101
114
121
37
32
113
117
112
151
39
118
107
115
120
144
151
123
214
202
86
79
30
84
75
0
