540
283
556
571
383
559
267
405
401
399
561
595
382
403
595
325
605
389
604
396
586
371
625
361
613
627
609
377
303
603
623
608
612
377
634
319
365
628
641
651
645
644
641
395
374
357
375
389
330
403
92
422
426
92
426
334
63
250
345
433
398
157
327
420
269
435
83
429
70
131
341
392
115
160
408
84
332
268
415
112
402
120
283
234
227
118
302
371
380
370
108
376
285
76
69
85
84
0
416
160
430
448
171
431
142
151
139
148
464
448
319
160
144
157
452
170
444
184
474
156
405
283
160
448
166
162
160
442
462
483
452
111
160
181
380
173
278
415
182
192
174
100
143
139
323
303
116
416
163
571
420
163
236
117
236
243
245
570
340
283
6
359
4
367
4
309
4
354
6
349
367
354
303
398
7
10
417
416
351
360
11
354
2
321
398
360
324
331
395
354
4
278
0
263
271
3
162
103
180
177
55
176
72
52
80
43
183
201
175
50
172
52
207
68
207
69
202
77
195
151
159
162
209
79
82
212
205
208
204
61
189
67
218
167
214
203
213
217
213
79
107
0
97
113
73
206
204
119
226
30
215
22
34
79
34
250
240
206
30
178
26
229
85
242
102
236
45
229
165
235
218
247
37
35
240
245
257
257
105
271
100
236
170
249
266
279
249
281
54
134
91
205
192
0
10
173
17
12
27
148
7
142
152
7
17
198
83
10
199
9
9
110
205
8
11
13
14
9
174
157
174
54
5
10
190
201
13
11
188
43
137
206
11
10
189
194
195
7
7
10
5
9
0
203
103
160
220
40
236
64
52
66
61
162
170
183
38
165
52
171
54
198
44
194
50
209
164
157
148
195
54
65
204
202
202
206
61
163
45
205
176
211
219
214
166
218
74
155
51
130
131
0
252
144
249
279
106
274
90
257
99
99
310
274
273
214
214
107
284
94
281
108
260
281
253
372
209
363
388
266
295
375
385
263
257
265
375
102
251
345
391
244
275
281
382
89
349
0
337
173
0
270
173
140
265
119
280
60
107
76
124
283
175
268
87
246
124
274
126
180
127
277
138
182
269
173
171
256
143
128
274
272
181
183
128
241
101
220
172
277
271
171
285
195
121
144
0
137
199
95
198
101
215
279
67
176
53
56
90
52
213
286
174
114
282
55
303
78
284
124
297
104
282
191
226
273
283
114
65
281
288
304
299
106
222
48
267
199
236
317
291
305
306
46
158
0
142
150
0
234
173
140
217
61
162
45
88
70
61
228
230
166
100
224
75
253
77
219
47
243
71
255
253
255
261
263
68
70
201
257
182
213
68
250
62
227
229
227
188
228
233
216
69
165
18
164
151
21
126
85
47
131
93
60
84
78
62
91
100
134
90
103
109
73
106
73
151
82
139
84
91
93
149
92
87
60
66
127
140
142
131
89
92
45
144
145
77
135
141
84
146
44
41
47
67
44
39
193
61
168
121
67
212
67
40
72
73
162
206
135
49
202
54
201
81
164
51
206
83
207
162
148
204
220
56
88
217
213
208
220
94
160
45
148
228
177
177
221
235
168
95
104
0
102
97
0
276
124
269
275
103
311
43
103
103
105
265
265
276
231
192
121
290
268
321
283
276
301
284
170
300
335
296
277
277
350
295
289
377
116
353
62
284
190
281
285
318
379
364
101
123
287
121
129
278
219
30
71
222
170
215
153
175
152
175
55
205
53
164
69
19
217
8
60
17
63
140
222
68
51
65
70
17
43
68
66
78
182
19
66
143
68
68
126
185
68
227
232
140
47
16
55
44
0
