572
315
572
580
383
571
272
419
430
419
587
603
370
407
612
334
618
417
608
410
609
409
625
347
625
620
625
388
332
642
606
631
617
405
633
336
395
610
634
636
624
637
626
382
347
366
365
360
356
354
83
381
368
86
378
284
57
233
305
382
387
136
326
425
259
424
83
424
75
122
344
355
121
142
382
86
322
260
383
114
376
116
317
257
252
129
297
417
398
402
87
407
309
84
63
78
81
0
428
180
436
451
182
458
137
149
131
142
447
460
302
175
151
164
442
175
468
170
477
143
414
274
184
442
187
204
161
445
478
481
463
122
185
201
381
211
259
423
203
202
207
112
151
144
328
316
158
358
138
530
353
126
234
108
200
220
203
554
295
246
6
319
6
355
10
269
11
308
12
294
325
337
264
360
7
16
365
365
315
331
19
323
3
307
354
318
295
275
351
308
5
243
0
223
229
3
211
85
232
223
91
227
56
43
74
69
230
194
157
58
168
60
195
73
190
65
191
68
209
172
145
171
223
67
91
219
225
227
219
91
166
59
225
173
247
230
236
233
221
64
94
0
91
101
67
216
200
117
240
38
207
30
41
79
42
244
245
208
37
173
30
244
97
257
105
249
43
256
189
234
221
257
38
30
265
233
254
261
110
244
99
235
184
221
255
242
235
270
38
121
99
183
188
0
14
156
16
15
39
117
12
108
132
9
16
203
85
12
216
12
8
120
211
10
14
10
11
11
170
147
165
73
11
11
175
177
14
10
160
40
108
168
11
14
164
169
156
11
11
12
6
15
0
184
88
140
211
57
198
71
53
71
74
136
150
180
55
127
64
151
76
191
71
194
70
178
139
139
135
179
78
69
191
191
193
194
61
145
34
187
170
185
184
179
133
189
67
128
68
116
108
0
247
147
255
270
67
279
69
253
74
68
318
315
250
210
218
77
279
69
282
79
274
266
274
372
228
353
381
258
279
372
385
294
290
264
358
93
249
342
381
245
288
287
379
80
364
0
345
207
0
219
165
111
229
77
228
66
75
103
83
228
166
211
69
218
99
240
116
179
111
255
112
185
229
162
190
244
106
89
257
244
189
200
98
230
95
215
188
255
244
186
266
193
99
139
0
133
188
106
207
107
209
255
52
158
42
62
79
63
222
271
180
89
278
61
265
66
261
93
259
92
270
192
227
276
268
88
55
291
283
283
285
105
239
62
244
225
243
281
287
276
296
63
157
0
152
159
0
230
203
115
236
105
161
85
79
78
108
235
215
150
83
218
84
242
86
236
65
255
88
246
233
248
265
260
69
69
229
236
174
216
68
235
52
221
233
224
185
203
226
221
81
150
17
145
150
13
134
91
48
136
78
58
80
73
60
79
105
120
85
81
112
75
105
60
146
74
144
77
108
98
138
113
92
55
66
119
126
117
126
79
90
37
123
111
88
120
111
74
134
58
37
48
68
45
48
165
64
137
114
48
182
64
32
54
66
158
206
116
60
188
53
177
67
142
53
188
73
189
131
120
189
175
61
85
198
185
197
185
84
133
44
128
190
143
139
188
197
148
81
84
0
83
92
0
232
109
240
253
95
300
47
97
99
90
244
223
260
233
173
102
246
266
330
308
246
300
261
156
264
330
273
262
304
339
280
249
352
112
328
63
253
179
268
264
297
367
374
107
104
275
110
104
246
221
40
74
240
159
223
146
152
158
166
45
233
60
168
70
15
240
11
59
21
77
147
247
63
62
66
68
24
50
67
76
71
203
22
78
137
55
72
114
168
71
200
223
119
63
13
61
60
0
