100
54
112
116
65
107
40
60
65
64
104
111
66
69
114
61
110
62
114
68
110
64
110
78
111
110
108
66
51
105
108
112
112
63
108
49
72
108
103
107
108
112
113
61
64
53
66
69
51
71
8
72
70
12
69
55
12
43
54
67
73
33
51
74
47
73
13
71
19
17
52
72
23
29
71
14
50
38
79
23
80
25
39
39
32
20
43
57
56
55
17
56
37
12
11
13
14
0
53
30
65
66
31
69
14
11
13
11
72
75
131290
24
21
26
79
24
76
19
77
11
67
44
24
67
24
28
20
72
77
77
74
13
32
33
65
33
56
72
30
30
32
17
24
25
60
55
23
78
39
125
83
18
100
54
79
85
68
130
56
48
0
61
0
88
18
78
26
61
30
69
67
87
48
88
1
28
77
83
54
80
25
53
0
55
80
56
81
77
81
59
1
46
0
40
43
1
77
50
78
77
27
83
20
12
26
29
87
84
66
18
60
23
96
28
79
28
91
25
89
63
65
64
93
29
36
95
92
87
79
38
72
26
90
66
79
78
87
96
67
28
36
0
36
43
27
18
44
9
38
34
19
28
28
8
31
42
40
18
22
38
21
37
14
38
12
44
24
51
34
23
18
53
28
33
45
20
50
50
15
39
14
19
34
17
46
50
25
46
23
10
14
21
22
0
14
47
12
13
20
42
8
37
33
15
18
63
44
9
52
17
17
44
71
16
17
15
18
14
63
53
60
42
14
6
71
55
15
18
66
31
58
79
11
15
66
62
69
15
15
7
6
13
0
62
36
47
67
17
63
28
19
26
27
49
48
60
28
46
26
67
29
84
30
74
29
74
55
46
68
84
26
34
86
82
79
87
39
58
31
88
74
96
102
93
40
80
35
47
25
44
38
0
79
52
78
85
21
102
15
86
19
22
116
112
81
71
88
26
100
23
110
26
104
86
101
129
83
144
130
79
97
140
146
98
104
70
124
21
97
128
116
96
92
91
131
16
110
0
103
66
0
75
58
43
64
25
82
6
23
20
22
82
51
71
24
65
25
87
28
56
28
87
20
59
89
68
58
84
24
26
82
91
59
59
26
79
17
72
56
79
78
56
94
60
21
39
0
44
51
13
62
43
60
74
21
48
11
20
29
20
71
90
46
35
81
21
81
18
86
28
84
36
81
51
73
103
79
28
24
84
90
83
91
25
62
23
83
65
79
104
85
101
95
22
48
0
41
41
0
70
91
27
91
41
54
32
13
11
45
96
101
59
20
93
50
63
14
96
24
78
43
70
66
70
73
87
16
12
69
69
40
73
13
85
10
49
76
96
51
76
83
66
32
50
7
55
56
3
62
18
20
70
49
21
9
9
29
47
27
47
19
33
28
9
22
20
50
10
51
11
22
18
52
18
19
19
5
35
55
45
52
36
20
11
62
43
21
57
60
19
68
8
13
6
17
21
8
35
11
31
32
18
49
11
13
26
16
44
52
22
19
49
14
59
25
37
17
51
30
49
37
26
53
57
17
23
43
54
51
49
26
34
7
28
47
40
38
47
53
44
26
20
0
23
25
0
85
39
87
96
28
104
20
32
23
32
81
83
79
81
54
38
96
107
108
101
77
105
82
52
99
118
91
98
104
119
88
89
123
29
121
22
90
56
94
93
106
133
108
31
46
96
41
44
91
93
15
33
105
71
97
57
60
77
72
19
99
23
69
29
9
77
7
32
11
28
55
102
23
25
26
33
10
37
29
28
30
45
12
30
62
26
30
62
73
35
92
101
54
15
6
18
14
0
