546
253
573
575
295
552
198
317
322
333
562
526
314
304
522
249
518
300
511
300
521
287
539
302
543
532
535
297
252
528
533
549
541
318
587
221
286
592
590
588
596
581
594
321
303
291
300
308
276
405
72
422
422
102
417
336
53
241
345
413
382
149
294
393
238
385
66
382
58
92
302
376
89
141
382
67
306
230
393
92
413
93
287
190
235
101
275
376
399
385
76
392
305
71
57
79
75
0
361
144
367
366
140
376
148
142
148
163
399
398
248
135
126
145
411
146
407
191
401
156
411
244
142
411
142
146
192
405
412
433
454
96
141
147
308
137
243
345
140
154
147
93
130
114
240
256
114
376
165
452
385
112
193
44
128
141
138
481
327
249
4
338
4
369
2
281
6
344
9
326
352
364
267
367
4
6
373
374
323
330
10
337
3
296
391
345
319
313
405
334
1
252
0
238
250
1
177
95
189
178
48
172
61
39
72
45
184
189
170
36
151
47
188
50
195
60
192
65
188
160
163
176
189
70
39
180
189
183
184
57
174
58
189
142
206
206
209
214
196
66
104
0
100
105
68
190
211
115
245
37
182
35
46
56
40
249
228
203
33
185
30
214
72
235
78
235
45
246
169
190
184
250
36
33
243
202
247
251
77
241
80
213
153
197
254
249
217
253
51
109
78
173
177
0
8
158
15
11
29
115
10
114
122
7
12
197
83
8
221
6
9
133
219
5
13
11
10
11
178
168
163
68
8
8
205
208
11
6
163
41
103
170
10
10
168
167
179
2
7
8
5
9
0
201
103
141
203
37
207
53
39
50
51
137
150
175
24
136
35
164
40
185
32
189
30
186
164
145
144
200
45
42
191
199
199
197
32
146
14
179
165
190
197
198
137
199
37
140
40
126
122
0
275
154
269
286
117
295
92
193
112
104
270
251
297
185
185
132
313
106
310
128
295
213
282
306
201
294
308
206
226
306
310
313
305
216
289
157
259
269
306
264
330
326
304
124
276
0
269
168
0
287
150
141
287
128
278
56
109
77
122
276
158
273
89
233
125
281
141
169
136
298
141
180
257
211
168
289
129
118
271
277
189
184
143
261
84
246
181
303
285
182
294
193
136
145
0
142
173
76
247
112
289
371
62
221
73
49
113
39
276
354
236
119
356
50
364
72
362
112
372
114
361
271
273
343
354
91
46
344
345
334
340
91
257
37
314
262
298
335
337
336
337
44
198
0
208
207
0
149
134
75
167
77
100
64
74
70
68
159
160
111
75
163
79
170
79
180
72
171
63
182
164
187
186
185
68
72
162
164
102
140
67
154
59
147
135
149
106
134
150
135
66
82
21
75
70
13
142
67
50
147
98
52
60
62
79
115
87
131
70
91
69
53
78
67
128
65
122
61
86
78
127
75
79
60
53
108
133
128
120
102
71
31
148
117
70
140
151
73
148
49
39
37
56
40
40
172
69
166
117
60
189
45
35
80
73
169
197
119
48
198
44
212
69
166
43
200
78
199
152
135
209
205
40
88
214
199
214
210
95
163
51
130
227
179
162
234
234
169
103
113
0
114
111
0
280
89
272
255
111
279
60
111
108
108
286
224
292
173
165
112
300
188
279
235
292
239
288
171
304
307
296
191
223
295
277
302
308
138
302
50
290
202
311
308
277
306
296
123
123
216
118
123
198
258
29
48
247
211
250
173
216
211
215
37
251
52
202
55
16
255
8
43
18
50
182
245
52
44
58
64
21
46
55
52
53
210
15
47
190
45
44
93
216
49
245
236
178
42
14
32
33
0
