397
176
393
404
223
408
153
244
240
247
396
388
194
229
404
194
387
239
378
233
391
232
357
201
367
357
354
217
177
363
353
364
361
203
364
182
204
360
339
366
357
369
363
217
193
210
193
188
191
217
41
210
227
39
209
182
22
161
178
231
208
72
174
215
143
208
36
209
25
58
183
203
53
68
204
39
182
140
218
46
204
55
166
121
130
60
148
198
201
192
41
192
173
26
21
25
31
0
225
118
267
250
99
241
75
76
76
81
244
227
160
95
81
89
237
96
242
85
240
70
204
134
95
218
93
99
48
213
219
226
213
64
92
92
218
99
168
236
98
102
105
47
81
78
177
187
72
212
114
293
231
87
137
64
137
135
127
313
188
165
2
201
2
238
14
175
9
195
21
208
174
206
160
233
4
21
242
243
164
214
13
194
2
176
214
197
157
180
225
200
3
142
0
143
150
1
77
45
84
76
15
78
22
22
27
11
80
84
72
23
60
22
96
30
91
31
96
34
87
52
70
73
95
34
29
101
102
97
92
19
69
26
81
68
91
97
89
93
90
31
39
0
46
41
30
111
77
70
104
9
117
7
9
42
8
107
111
118
6
88
6
104
40
108
51
110
6
114
86
116
118
111
13
9
110
129
115
118
60
109
50
119
70
126
123
118
127
115
9
66
53
104
107
0
6
59
6
5
14
54
5
52
49
2
9
88
42
6
89
5
4
45
93
5
8
3
7
6
65
61
66
19
4
3
72
73
10
5
81
12
56
83
6
8
86
83
81
5
4
4
1
4
0
109
54
80
114
38
113
37
25
36
39
75
84
94
19
76
29
69
42
107
40
111
42
101
84
74
60
96
45
29
101
98
98
97
38
82
15
106
88
108
119
128
72
111
41
73
42
65
72
0
126
76
121
139
33
134
33
160
35
37
182
177
138
137
94
48
153
33
155
40
161
185
151
210
93
210
223
177
195
229
222
167
155
172
214
37
133
194
229
123
147
158
211
30
213
0
206
92
0
139
66
69
131
59
136
32
56
42
62
147
67
124
47
124
60
130
77
80
65
127
73
79
125
87
72
122
54
55
119
120
83
74
52
105
49
105
91
128
121
76
127
86
56
68
0
65
87
52
95
55
112
113
17
67
24
40
40
39
108
100
67
36
114
42
96
26
103
35
100
32
118
83
101
110
113
36
33
114
112
119
113
42
108
39
112
99
92
120
126
127
121
38
61
0
70
63
0
147
93
84
131
37
98
29
48
47
34
142
133
98
49
125
23
148
51
130
19
167
28
167
161
161
166
159
42
45
117
160
100
118
44
141
33
145
141
115
107
140
130
135
30
95
11
97
87
12
59
37
16
57
45
20
48
50
42
38
48
51
31
38
40
45
49
32
51
45
49
44
50
35
48
38
41
18
37
38
45
51
47
29
33
11
41
33
24
38
43
31
46
22
10
27
14
9
23
77
34
81
50
21
87
27
22
28
30
73
95
58
21
87
25
97
28
72
16
96
27
96
65
61
96
91
25
40
85
89
97
94
43
82
20
58
102
72
88
111
101
81
43
58
0
52
56
0
137
74
145
147
41
192
13
42
38
37
142
114
120
163
65
28
135
166
200
186
125
197
123
78
128
209
141
157
182
215
139
135
214
30
219
16
132
88
138
128
171
213
226
30
70
169
63
67
186
114
16
49
112
60
108
42
58
47
59
34
112
36
69
44
10
101
2
39
10
51
46
122
50
44
52
53
9
27
53
53
52
94
13
51
85
46
54
69
97
50
128
125
57
42
6
47
38
0
