32
11
33
30
16
33
8
18
17
17
30
30
14
16
30
14
29
16
28
16
31
13
29
16
27
31
28
15
13
29
29
24
29
14
34
12
19
31
29
33
32
31
33
16
16
15
14
14
15
115
23
113
113
13
115
90
10
67
95
116
114
42
85
117
67
118
14
122
17
35
86
111
33
64
110
27
86
67
108
32
108
32
99
97
70
38
88
116
122
117
29
110
102
20
7
22
20
0
294
78
341
322
70
318
337
326
331
318
332
352
133
60
30
71
335
65
341
338
344
351
361
132
57
354
41
60
347
374
358
379
357
356
53
32
104
49
361
376
49
55
54
356
3
3
13
14
2
117
55
321
130
52
222
206
228
272
275
367
98
78
2
95
0
173
48
150
74
95
81
176
147
179
85
204
2
96
195
208
96
186
93
94
1
96
174
101
198
190
208
99
1
75
0
61
74
0
155
71
175
184
59
177
15
7
20
54
173
182
113
49
150
61
187
77
192
17
176
20
180
159
104
117
193
17
84
193
205
193
182
81
120
19
180
160
186
188
191
189
190
18
86
0
82
86
16
300
318
156
385
7
272
5
8
23
10
370
355
308
7
305
5
370
20
385
20
374
11
371
322
318
322
369
10
6
361
308
362
375
18
376
20
317
276
324
371
374
315
362
12
253
12
281
262
0
26
166
28
27
51
129
27
108
115
23
26
199
114
26
206
31
25
121
200
26
31
30
21
24
198
190
189
74
25
14
201
205
27
28
194
52
137
192
25
25
186
180
186
26
30
25
14
28
0
194
85
133
201
64
198
96
69
91
100
126
143
182
73
124
73
158
93
195
94
190
90
191
137
113
130
189
106
95
201
195
186
205
93
133
63
203
184
200
208
194
117
191
106
115
82
98
104
0
121
42
105
119
42
119
40
234
36
43
271
244
106
155
93
49
113
35
111
35
102
231
107
282
89
277
307
226
247
296
299
115
109
215
286
44
100
255
302
100
118
121
290
29
264
0
261
71
0
195
62
50
161
106
189
28
117
43
123
176
67
178
68
172
118
186
121
75
132
201
136
73
195
121
68
205
134
133
191
191
68
64
126
133
32
164
67
187
176
62
190
67
121
58
0
55
58
32
155
88
180
145
26
87
19
96
32
84
173
157
105
34
158
87
161
31
157
43
161
39
146
113
179
151
154
36
86
153
150
157
155
30
164
85
142
167
123
164
159
158
160
82
91
0
83
83
0
231
198
160
252
42
223
21
23
23
44
246
247
186
21
253
45
240
15
248
28
234
46
245
239
249
246
248
21
16
265
252
205
265
25
236
19
237
254
276
186
252
261
243
56
230
5
210
206
5
46
33
12
54
31
18
30
26
27
34
35
54
15
35
32
26
33
28
44
28
46
26
33
30
47
34
30
14
23
40
48
48
48
44
28
19
60
35
20
56
46
27
50
16
8
8
17
8
6
163
50
112
87
62
185
13
42
74
59
141
168
110
10
169
11
176
53
118
27
170
53
174
120
114
163
170
9
64
163
167
167
168
64
120
23
105
188
126
128
183
169
130
69
112
0
98
106
0
176
91
179
180
43
226
15
50
50
53
187
163
178
200
121
52
180
231
276
247
192
265
192
128
202
271
200
245
249
282
202
209
306
62
280
40
190
122
198
208
265
294
306
45
96
261
98
106
258
162
40
93
162
79
163
58
74
72
77
82
173
67
83
94
29
180
10
87
26
94
60
182
95
82
109
99
27
44
99
102
101
133
24
107
81
77
110
113
113
107
165
161
64
73
21
75
82
0
