268
133
282
290
142
283
104
157
157
146
278
265
158
150
269
131
257
155
256
140
266
137
264
157
251
257
270
131
114
254
270
260
269
147
282
114
144
290
290
277
281
278
287
148
147
131
147
152
135
202
44
214
204
44
210
168
20
116
169
208
183
60
135
180
98
186
38
174
29
67
136
183
59
84
201
40
152
112
207
54
213
58
127
129
100
55
128
188
182
195
45
186
135
34
27
33
34
0
152
58
155
169
75
166
58
56
60
60
177
159
99
54
40
59
155
52
168
62
171
48
150
113
55
151
48
56
52
153
156
153
144
40
52
64
137
58
111
149
59
56
61
31
40
42
105
106
36
186
115
231
180
26
108
25
44
49
45
243
180
148
5
183
3
211
5
144
4
186
7
175
167
198
146
209
3
8
222
208
165
193
6
164
3
151
197
163
144
155
198
155
1
111
0
97
112
3
72
27
74
73
30
73
23
20
29
23
76
85
56
19
61
41
83
46
81
29
87
31
66
39
51
48
71
32
30
71
70
73
72
34
63
24
66
54
81
73
70
75
71
25
31
0
28
29
21
65
91
34
96
23
68
24
25
19
28
91
91
67
17
63
17
90
18
83
22
86
27
94
57
67
67
95
33
31
94
83
86
96
31
89
21
71
47
75
97
95
79
85
32
46
26
64
66
0
2
35
3
3
10
20
1
14
23
1
3
57
19
1
59
1
1
36
54
1
3
1
2
1
60
38
55
28
2
2
69
67
1
1
64
14
49
62
1
1
69
69
65
0
1
1
1
1
0
97
42
65
104
34
98
35
21
31
27
82
72
87
20
66
31
78
35
99
36
102
39
86
82
79
62
98
36
28
98
93
89
94
21
83
16
86
85
90
94
94
81
101
20
76
40
70
69
0
146
79
142
157
58
154
56
96
52
53
143
117
148
91
110
58
161
49
158
66
174
107
153
144
116
143
156
114
129
146
160
152
143
99
145
47
135
151
161
132
160
160
158
32
154
0
156
105
0
109
82
63
100
54
126
18
50
29
53
121
83
117
36
99
59
120
62
82
57
120
61
92
130
86
76
124
73
52
127
128
89
88
50
110
31
102
85
141
132
82
128
81
50
59
0
58
81
33
108
52
126
139
24
85
30
44
47
43
126
122
74
36
129
40
133
22
136
31
136
35
130
95
138
122
122
35
43
131
123
129
124
33
130
45
120
123
104
122
128
130
138
41
72
0
75
77
0
77
38
32
62
30
42
25
49
45
30
56
69
46
52
66
40
83
50
62
34
94
34
89
92
87
89
87
43
49
70
77
50
68
43
85
33
81
57
73
44
67
73
65
34
30
8
32
33
15
76
25
20
78
40
24
27
22
31
38
36
62
45
39
48
22
42
37
67
25
62
24
42
46
63
45
42
29
19
54
57
62
54
41
33
15
63
58
36
65
60
35
58
20
19
12
30
25
13
83
20
78
44
15
80
26
12
18
17
77
78
54
17
84
15
71
17
68
10
75
16
81
57
66
84
79
22
18
74
77
73
84
26
61
6
66
90
84
84
86
91
75
25
52
0
49
54
0
107
47
120
118
33
135
18
39
34
39
109
101
113
101
84
35
113
112
158
123
116
124
117
88
127
154
127
112
113
142
126
123
160
53
152
34
124
90
136
137
144
167
155
49
59
107
65
70
107
113
23
54
112
79
114
73
82
81
79
35
111
39
79
51
14
117
9
45
17
52
68
116
42
39
46
48
13
27
44
42
41
85
14
44
70
46
45
56
87
44
110
100
55
30
13
40
31
0
