456
219
472
480
302
489
209
337
325
317
470
481
293
318
502
281
509
326
504
322
492
311
481
295
493
491
469
314
269
487
473
501
500
321
520
260
299
511
524
517
515
526
527
332
297
300
301
303
295
335
82
348
339
76
352
256
66
168
262
359
324
152
253
348
184
358
77
343
70
97
253
357
106
155
395
82
276
226
381
105
372
116
266
251
188
121
245
376
367
364
96
383
272
71
66
72
74
0
344
155
372
390
147
377
151
151
146
163
388
384
258
151
142
143
393
146
407
178
411
152
406
282
156
414
154
158
191
422
440
432
443
164
155
155
328
151
275
415
155
162
164
150
130
125
254
261
116
352
133
480
345
139
207
108
190
213
201
491
274
210
5
301
3
315
12
258
10
270
12
255
269
288
217
303
5
6
311
316
273
279
12
292
3
269
328
290
262
255
326
289
3
212
0
211
209
3
202
100
206
211
58
213
63
53
79
48
221
208
178
50
188
61
225
67
218
74
222
83
234
173
172
193
250
72
72
242
233
231
240
69
199
81
221
186
248
240
258
262
238
79
118
0
113
125
80
221
226
106
260
38
190
21
33
89
38
253
263
220
34
186
35
253
86
284
98
285
41
245
164
226
219
259
47
34
256
233
258
256
101
255
92
233
151
220
270
262
230
265
60
117
94
184
184
0
21
167
22
18
34
128
16
127
147
14
23
185
75
15
192
17
15
80
198
17
21
15
22
21
197
146
183
76
12
17
214
215
24
10
129
17
98
132
25
16
137
139
142
16
23
15
5
19
0
211
96
156
211
48
223
42
32
49
53
159
168
190
42
148
45
162
48
209
55
216
53
191
152
151
146
193
58
51
207
200
199
202
67
168
44
210
187
211
210
222
150
223
70
158
52
128
137
0
251
133
233
270
111
260
95
217
110
117
288
263
264
169
170
121
262
110
275
127
266
215
253
335
178
294
318
220
241
339
348
265
267
232
323
110
220
293
328
206
257
269
322
90
299
0
303
152
0
235
158
118
229
134
252
65
105
101
124
243
146
239
87
201
125
259
132
153
133
271
135
163
264
191
154
264
136
129
259
251
176
184
141
238
98
233
168
286
276
175
286
172
122
121
0
116
155
91
223
84
247
325
79
192
72
60
120
53
237
299
214
117
295
54
292
77
304
111
306
106
291
223
229
285
285
102
53
287
286
286
287
86
243
62
251
228
255
291
302
307
304
51
168
0
164
177
0
200
164
117
212
74
149
58
52
38
74
209
194
158
59
212
72
209
51
200
62
212
85
224
209
228
217
225
56
49
203
208
141
184
44
196
38
187
193
217
147
181
208
173
75
132
12
116
107
22
132
92
52
138
69
59
79
73
62
77
103
138
74
71
104
74
99
58
134
84
131
83
99
85
129
97
101
50
64
105
132
140
140
91
92
32
159
116
73
156
144
79
143
48
40
38
58
33
36
189
68
180
135
73
210
66
50
92
82
189
217
133
61
219
62
237
89
173
57
233
83
223
171
148
223
232
57
99
222
221
226
215
97
189
42
153
227
187
180
243
235
186
99
128
0
117
122
0
254
106
279
275
104
286
52
104
103
102
282
238
286
213
178
114
280
220
305
247
279
246
280
192
294
327
294
226
236
313
294
267
325
105
320
53
277
209
309
275
297
333
325
96
148
218
135
134
231
223
34
73
237
176
235
151
173
177
177
41
221
48
181
64
18
211
9
50
16
63
147
222
62
50
61
67
16
44
66
75
64
179
20
70
146
51
72
76
168
68
208
219
141
45
16
43
48
0
