316
173
327
328
206
323
134
224
226
228
331
312
205
219
330
201
334
221
305
224
312
214
317
199
326
318
332
213
179
324
324
324
326
213
338
185
227
339
334
349
341
335
343
228
206
197
204
219
206
188
42
181
199
36
195
159
25
134
157
201
191
82
164
202
152
199
32
198
33
38
183
195
40
80
214
29
170
152
210
42
201
45
147
93
125
34
162
191
182
191
31
196
154
39
37
40
37
0
216
85
239
248
115
245
85
77
70
80
243
234
166
103
89
94
247
104
252
85
249
66
257
180
106
263
106
111
93
282
270
272
279
110
96
102
229
95
195
287
104
104
107
96
96
94
177
187
91
225
65
312
234
98
109
62
128
129
142
300
163
108
2
162
3
188
4
143
2
173
3
124
160
163
134
180
2
2
176
162
158
143
0
163
2
156
169
166
140
152
184
166
1
146
0
139
148
2
119
58
121
120
5
125
28
25
37
4
113
134
131
10
105
7
129
14
128
33
137
37
149
102
131
129
137
34
13
149
151
149
144
8
140
33
145
124
147
142
138
138
144
33
102
0
98
103
37
110
88
62
103
6
115
6
6
44
7
107
97
122
3
74
6
100
57
99
58
103
4
100
73
128
130
103
5
7
102
137
114
109
58
107
56
132
89
133
110
117
148
121
9
81
61
124
121
0
3
55
1
2
11
40
2
38
39
2
3
69
29
2
68
3
2
48
72
2
4
3
3
2
71
47
56
38
2
2
71
71
4
2
66
15
47
64
3
4
62
68
65
4
4
3
0
4
0
89
48
71
87
46
85
30
23
27
30
67
73
93
29
60
35
61
38
96
40
93
36
99
76
59
49
90
45
48
98
90
93
94
37
70
19
93
75
90
89
96
53
88
44
66
41
54
56
0
149
72
137
164
62
156
51
151
56
59
183
177
151
125
86
60
161
42
138
57
153
152
132
204
80
177
226
134
164
202
207
141
145
147
207
54
119
187
218
105
152
148
220
46
214
0
203
89
0
152
111
77
151
47
155
30
35
48
45
140
104
135
25
107
40
151
51
108
50
147
49
106
140
115
95
156
46
42
155
155
110
118
56
142
53
127
119
164
160
111
154
125
41
104
0
86
117
44
144
78
167
158
20
91
10
40
22
45
154
162
130
31
156
46
159
22
155
28
159
24
168
121
151
156
162
30
47
170
169
161
167
36
172
46
167
160
142
168
163
170
163
42
93
0
101
104
0
130
110
82
137
48
105
35
28
29
45
134
146
104
22
130
45
131
25
138
45
133
46
140
122
147
139
147
27
26
137
141
113
128
27
147
24
139
136
138
98
136
130
116
37
90
8
85
87
5
106
45
33
102
74
30
45
49
55
71
54
87
45
57
54
46
58
48
82
47
82
50
46
44
85
51
51
15
41
70
94
86
91
95
43
24
110
88
28
109
101
32
101
32
18
33
28
16
26
117
33
68
46
67
127
30
52
69
71
78
133
50
27
128
24
118
72
58
56
137
81
140
68
42
128
126
19
76
138
131
131
126
67
66
14
46
120
83
81
116
113
70
76
42
0
45
40
0
162
54
160
168
56
174
25
52
54
54
155
166
158
128
90
50
164
146
195
180
176
181
175
86
174
224
178
167
173
223
176
176
233
62
212
35
173
129
194
197
202
223
219
60
93
172
98
97
162
141
21
51
141
96
141
77
101
101
97
33
151
39
124
52
16
162
11
42
16
50
103
157
56
49
41
54
14
34
44
45
51
129
17
43
117
49
45
86
124
51
172
170
103
32
13
28
32
0
