198
123
205
204
129
189
75
144
136
141
206
202
125
130
207
117
193
137
199
129
206
132
195
121
188
199
198
129
102
189
195
197
201
118
187
105
115
198
180
186
192
193
207
123
129
124
130
134
127
102
31
108
113
27
113
69
18
56
75
111
131
40
86
136
83
133
17
131
18
39
94
139
35
49
141
33
109
99
140
33
151
35
89
95
73
34
105
144
135
137
28
144
90
26
19
25
25
0
120
44
130
130
50
124
41
48
43
43
140
154
96
43
41
46
148
42
147
61
159
38
137
106
49
138
52
51
53
149
150
152
146
42
54
66
119
57
102
141
59
53
54
32
41
47
114
106
47
117
46
188
114
44
95
49
88
98
91
189
89
74
2
94
0
105
1
78
0
98
2
95
92
104
78
114
3
2
113
108
98
109
4
93
0
98
114
98
98
97
114
98
1
84
0
76
80
0
59
34
58
50
21
51
20
21
26
17
60
61
47
11
49
21
69
28
69
22
63
30
66
32
56
50
61
26
24
71
67
71
72
28
45
23
60
47
77
76
69
71
65
24
28
0
33
25
22
67
72
40
88
20
68
18
23
16
22
91
88
67
7
62
16
72
26
85
32
87
24
89
48
76
61
91
24
15
89
75
95
85
31
82
30
68
45
62
81
84
71
78
16
40
26
63
58
0
3
36
2
2
7
27
2
28
29
2
2
50
20
2
55
2
2
30
53
1
2
1
2
3
48
45
40
15
0
3
49
51
3
2
54
9
31
43
2
2
46
47
44
1
1
1
0
0
0
81
35
55
79
18
77
22
14
22
22
50
56
71
16
49
21
64
25
75
21
73
27
74
51
50
49
63
19
19
73
73
78
79
22
53
10
75
69
79
78
76
47
81
28
46
22
46
44
0
75
39
75
85
27
83
27
94
26
30
118
78
92
70
51
35
94
25
86
28
85
100
85
136
55
122
142
81
101
132
135
95
91
85
127
36
65
116
141
74
78
82
141
28
123
0
126
53
0
79
54
40
74
45
81
22
28
36
42
82
57
95
23
73
42
92
51
48
47
85
51
52
93
47
48
91
52
45
93
88
50
55
49
64
30
77
59
94
90
54
99
71
50
43
0
43
59
28
76
36
78
108
23
71
16
24
30
18
80
113
62
35
111
29
109
21
113
39
121
31
110
72
84
98
105
40
21
107
108
110
108
32
79
20
83
77
97
102
108
110
117
24
67
0
61
65
0
105
61
69
99
30
83
21
21
20
33
104
96
85
25
100
23
97
24
98
15
98
23
100
90
98
91
101
19
21
95
92
75
98
16
93
14
93
82
107
86
89
99
83
34
71
7
74
78
8
41
31
29
51
30
20
18
22
18
34
42
49
25
22
43
19
41
12
47
20
46
25
42
38
50
36
41
23
17
37
49
57
58
33
37
13
59
43
36
60
64
31
58
14
21
7
30
19
8
65
13
67
48
23
79
23
12
28
26
71
68
44
23
71
18
73
20
60
11
72
18
64
72
52
69
69
22
16
68
65
72
60
16
57
9
56
76
55
65
75
76
72
18
39
0
43
38
0
86
38
81
80
28
115
18
27
30
26
81
58
85
96
69
38
89
106
121
115
82
108
94
62
92
124
90
106
112
135
92
93
126
36
134
25
99
70
106
107
117
125
127
38
43
100
45
43
98
83
14
21
86
54
88
48
59
56
54
11
81
22
51
24
7
77
3
15
6
28
47
81
27
26
25
30
9
18
22
31
23
76
7
26
63
23
25
37
74
23
87
88
51
18
2
18
17
0
