325
159
316
317
258
333
146
265
261
271
331
302
190
263
305
219
315
257
313
243
311
254
313
195
321
316
298
244
209
316
305
294
314
245
323
213
196
311
322
331
342
313
323
254
196
238
185
199
220
211
52
221
217
56
216
172
41
108
162
231
222
87
172
225
125
230
51
232
45
72
170
244
79
91
235
67
178
136
240
78
248
81
123
139
95
73
140
201
185
198
52
183
135
59
35
52
50
0
218
115
246
251
132
254
66
70
60
73
258
263
204
133
113
129
284
130
280
90
278
81
274
175
138
300
139
150
102
292
293
303
305
101
142
154
254
145
186
302
156
149
156
86
115
126
234
214
125
228
96
308
239
104
113
75
148
153
148
312
179
141
7
190
4
212
13
145
12
177
19
179
170
187
165
213
8
9
212
205
169
195
7
185
3
164
197
179
158
171
194
178
3
128
0
123
118
2
130
51
128
136
34
131
40
25
53
27
135
123
118
26
101
28
125
30
130
51
136
56
129
86
116
122
151
63
40
143
139
131
137
29
122
50
132
116
125
125
115
134
133
60
63
0
64
67
62
119
100
44
110
8
119
10
10
62
10
112
115
123
11
86
10
112
72
119
79
112
13
116
87
144
127
118
18
19
128
145
124
127
76
134
73
136
94
138
135
132
140
130
20
66
78
121
120
0
6
98
8
6
25
85
5
72
80
8
8
135
65
6
136
6
5
102
133
8
6
7
9
7
106
91
114
53
6
6
115
109
11
4
114
25
80
119
6
6
125
113
121
7
8
8
3
6
0
104
47
72
97
39
100
44
26
39
44
75
77
88
21
78
31
77
31
90
33
101
29
91
79
62
65
88
48
43
99
99
96
99
46
80
20
108
90
107
116
106
55
112
47
68
45
60
61
0
143
78
131
157
48
170
47
188
48
61
211
219
153
166
112
56
160
47
170
59
164
191
153
241
104
239
257
192
203
249
260
155
149
194
238
50
127
222
235
115
147
155
243
33
228
0
211
91
0
142
111
76
130
52
159
59
44
79
53
139
103
136
26
108
45
137
57
122
50
141
51
116
147
114
114
150
53
52
146
138
118
135
60
130
73
117
115
154
148
108
153
125
47
86
0
87
116
73
126
68
156
144
22
79
6
45
24
46
151
160
114
34
153
52
150
26
157
31
155
35
148
105
129
144
148
33
47
153
144
142
154
37
145
48
147
135
129
151
150
152
159
53
83
0
85
92
0
164
121
100
144
34
114
22
44
32
38
149
139
111
54
141
37
165
39
144
27
163
34
166
155
166
169
156
43
35
149
159
118
148
36
150
29
147
148
148
100
158
130
146
36
109
15
90
100
16
96
55
40
93
52
41
61
60
40
56
76
89
48
38
72
53
74
32
78
68
77
65
65
50
104
66
66
33
57
70
76
82
74
53
56
20
84
70
39
86
79
52
85
35
27
29
38
31
34
102
31
92
56
37
94
45
24
35
42
82
89
39
47
83
39
92
40
83
32
91
39
96
73
37
89
88
38
38
91
89
83
95
47
80
23
61
93
51
77
93
97
87
57
37
0
40
32
0
176
86
195
196
45
219
24
49
49
49
196
184
159
173
115
49
174
190
232
206
175
198
172
115
171
243
183
181
196
239
189
183
257
47
240
33
175
117
187
182
229
242
244
41
106
192
102
93
186
141
20
52
148
94
134
66
95
100
93
36
141
38
112
51
15
149
9
42
17
43
84
152
53
39
56
51
15
29
55
50
47
124
18
56
96
37
58
64
117
60
148
148
76
34
11
34
35
0
