338
166
335
344
217
340
163
233
227
221
335
337
190
228
332
217
338
226
336
224
324
206
320
179
319
315
316
201
188
310
309
313
315
205
318
186
164
317
295
311
307
315
321
209
195
209
191
209
211
169
37
185
177
23
181
140
17
112
152
182
152
48
116
162
99
161
23
171
17
38
127
136
33
55
135
33
92
66
138
33
130
36
90
74
74
32
94
127
126
134
23
120
88
29
18
26
32
0
184
72
193
192
45
184
34
41
36
34
193
182
132
49
32
41
183
39
197
52
201
37
206
127
47
211
45
46
68
214
207
221
219
84
44
50
183
49
171
224
44
50
55
70
37
40
171
162
34
174
87
298
179
79
140
85
158
162
156
310
140
106
1
144
1
170
10
124
11
136
19
158
135
153
116
177
3
9
172
170
130
155
14
135
0
119
173
136
124
160
179
129
1
101
0
96
98
0
65
21
69
69
33
78
18
11
22
27
76
76
46
17
50
23
73
33
74
17
69
22
63
37
49
50
64
22
21
63
64
65
66
25
51
20
54
55
68
70
66
67
64
22
31
0
28
30
21
57
71
25
73
17
55
12
15
23
15
72
79
56
5
57
18
81
28
73
28
76
18
73
47
68
50
75
15
12
71
67
75
67
22
69
24
61
43
54
65
65
59
59
13
22
20
45
45
0
0
46
3
1
11
32
0
28
31
1
2
75
23
0
75
1
1
45
68
0
3
0
3
2
61
52
47
21
0
0
65
67
2
0
69
12
35
65
2
0
60
65
70
0
0
0
0
0
0
111
48
91
122
19
124
25
14
30
27
81
88
106
16
85
18
87
21
107
22
116
24
105
89
84
61
107
26
29
108
107
102
109
15
81
4
100
75
96
97
100
79
102
21
77
21
76
75
0
110
54
102
116
21
114
16
194
20
19
221
161
104
131
76
17
101
10
108
17
108
191
105
241
83
238
247
177
216
246
264
112
106
194
238
33
114
208
231
91
128
121
243
19
227
0
223
90
0
115
53
52
117
76
130
22
66
26
77
137
60
116
33
100
55
119
61
62
67
120
59
65
104
64
54
98
62
53
117
104
56
63
61
80
29
89
61
110
113
56
110
68
51
43
0
40
54
30
60
24
61
106
21
83
57
28
65
28
61
95
56
65
92
22
102
54
101
71
97
68
106
58
53
96
116
70
23
100
113
111
112
82
60
23
79
60
120
130
135
129
131
25
38
0
35
32
0
171
93
109
152
29
132
30
38
40
34
161
162
119
45
163
32
180
39
156
26
176
27
189
179
194
184
185
42
38
163
188
147
164
31
172
24
178
169
156
140
164
164
161
20
131
9
127
131
9
44
28
18
43
30
13
18
21
28
33
35
36
18
20
29
21
27
20
43
18
38
24
31
29
31
27
28
11
21
23
22
32
28
21
29
5
33
31
21
35
39
27
33
11
12
15
22
12
11
73
20
73
58
19
83
12
12
19
18
70
80
69
13
78
15
78
23
72
17
84
25
88
74
63
90
89
12
25
83
96
83
88
21
69
8
74
92
74
79
78
85
71
29
57
0
61
60
0
88
45
81
77
21
184
10
20
21
20
91
65
81
176
59
17
95
185
211
213
91
199
86
55
90
204
91
185
206
217
90
94
214
31
206
11
86
69
93
94
203
218
213
26
53
183
49
53
183
51
11
24
51
26
48
25
27
30
26
16
59
19
33
26
5
52
1
24
5
32
34
57
25
20
28
29
5
4
25
27
22
58
5
29
30
20
27
33
50
26
57
61
32
24
4
23
23
0
