342
167
365
361
224
367
157
247
243
230
361
326
180
231
342
200
340
241
351
232
355
218
324
194
332
345
341
221
185
333
335
331
344
223
341
182
196
338
350
337
346
354
348
223
165
202
171
193
183
213
55
222
226
62
233
172
39
125
186
227
199
83
150
211
122
193
57
188
41
78
148
213
76
96
227
52
173
132
223
71
203
79
180
128
134
77
177
234
241
208
52
241
184
42
35
42
45
0
221
96
238
238
115
238
64
65
48
60
237
233
159
104
83
97
218
96
248
84
229
61
232
160
97
235
104
104
63
242
237
236
242
45
87
112
206
104
179
229
98
87
105
34
70
65
184
179
61
199
120
254
201
65
87
28
82
88
87
264
191
146
7
190
6
215
19
160
13
204
20
205
181
210
146
232
7
16
224
232
180
197
19
182
7
156
232
191
181
188
240
186
6
122
0
114
120
2
100
57
103
104
23
109
42
29
53
24
107
126
114
29
91
35
133
41
129
47
128
42
132
91
100
112
143
50
43
145
140
143
139
34
114
36
120
115
134
138
124
133
139
50
62
0
62
58
47
81
111
42
101
15
66
14
15
34
15
113
112
85
12
85
19
109
37
114
43
115
21
101
59
74
77
104
21
15
108
78
103
118
46
109
37
87
76
79
106
109
90
108
17
40
37
67
65
0
16
93
15
10
32
69
13
71
79
9
16
143
56
9
140
10
11
79
132
12
15
15
14
16
113
97
108
29
11
9
118
119
13
10
124
32
87
127
14
16
129
131
113
13
15
11
7
14
0
126
38
79
122
35
131
35
29
36
37
85
90
129
35
85
41
101
44
136
40
139
43
133
97
89
97
120
43
47
116
127
120
122
40
79
33
112
115
118
129
125
82
126
42
84
41
70
59
0
163
97
180
176
50
178
43
146
51
47
168
173
176
141
149
49
177
41
182
47
174
161
173
196
137
192
209
149
169
188
192
166
171
154
179
53
157
184
202
154
190
188
203
37
186
0
185
109
0
131
87
83
126
52
127
34
41
46
56
128
97
142
42
120
54
144
70
98
69
147
69
98
142
91
92
134
64
51
138
144
105
108
62
120
49
94
87
149
151
79
139
93
48
64
0
62
87
39
86
55
93
92
27
54
29
38
50
43
100
123
51
42
120
37
124
35
129
45
126
47
125
66
110
125
127
69
34
129
120
144
139
62
100
34
115
79
98
136
132
130
132
32
55
0
53
63
0
119
94
34
92
36
79
28
65
55
34
85
79
56
67
82
22
115
59
75
16
107
18
111
102
118
117
112
53
54
85
114
60
85
50
97
54
101
99
77
53
97
84
88
30
39
22
47
38
20
67
33
22
70
56
23
33
33
35
53
45
65
28
40
47
32
48
36
59
37
61
35
46
37
68
44
45
21
23
56
64
57
67
44
34
8
68
46
27
66
68
36
60
24
9
8
17
16
11
94
42
86
58
38
110
30
29
38
37
98
96
48
30
92
28
90
38
96
27
99
39
106
79
43
109
93
22
34
99
99
98
103
47
88
10
73
113
66
97
111
101
92
42
59
0
64
63
0
107
51
108
113
32
171
6
27
28
29
125
139
113
126
73
24
117
147
164
155
116
160
108
64
123
184
119
145
159
182
121
117
205
32
204
14
116
66
111
109
161
202
183
23
63
155
67
65
154
101
23
42
102
58
102
42
55
59
59
32
107
33
61
47
13
106
9
46
16
45
56
94
47
38
52
51
10
27
44
47
47
75
12
46
57
38
44
70
75
45
104
103
46
37
11
35
36
0
