542
227
560
541
346
559
220
369
356
358
563
555
283
349
562
262
580
346
583
349
551
332
497
283
518
502
504
311
272
494
509
514
504
339
515
261
304
531
533
519
540
530
524
330
261
262
262
283
269
339
79
339
327
88
347
254
56
178
260
338
346
124
284
357
215
368
92
354
64
147
277
328
139
143
339
84
281
209
351
127
361
140
251
230
164
124
213
312
308
321
81
317
250
54
37
49
46
0
301
151
319
328
161
334
82
82
68
85
324
342
235
131
120
125
320
137
366
111
357
90
337
212
146
344
157
161
117
369
353
357
354
84
148
161
303
158
244
356
158
148
160
65
95
100
262
275
95
298
157
405
330
99
156
71
133
137
137
429
295
240
9
295
5
314
6
188
6
308
13
266
282
271
275
321
10
7
301
305
273
303
7
290
6
263
308
287
238
269
322
288
6
205
0
182
208
4
165
74
176
185
75
187
41
24
49
61
171
163
134
50
119
56
171
67
172
46
178
45
162
139
114
121
178
55
72
192
180
177
183
64
132
44
172
143
185
187
191
198
185
49
79
0
80
80
41
135
127
58
136
22
120
18
22
55
22
137
152
138
14
101
16
122
69
148
69
154
25
127
109
136
147
131
24
28
140
146
141
154
71
123
63
149
98
139
131
122
145
129
20
57
62
116
97
0
11
104
13
12
23
84
7
77
85
7
13
131
59
6
138
6
5
69
141
5
13
6
15
11
123
93
111
44
8
6
124
144
13
8
103
23
87
108
10
11
107
113
111
6
12
8
5
10
0
114
66
84
128
21
119
45
29
42
51
65
82
113
36
83
40
96
40
106
34
111
35
114
83
82
89
122
35
46
117
130
132
119
45
87
31
125
109
123
125
124
79
127
53
83
34
64
65
0
191
120
183
192
41
190
37
208
38
42
224
187
199
185
161
49
192
37
195
46
195
241
202
278
155
260
283
219
245
277
278
205
200
240
280
48
197
260
288
188
208
209
291
40
270
0
260
158
0
139
111
60
134
54
135
42
54
78
66
142
107
130
37
153
64
141
68
112
71
163
72
118
136
115
108
139
63
59
140
154
118
120
59
133
79
128
121
145
167
122
170
128
63
77
0
72
114
65
171
78
191
213
39
136
21
38
46
36
188
200
149
40
209
42
221
24
216
42
218
45
199
170
191
216
204
53
32
208
202
213
208
50
172
33
193
167
158
208
198
203
205
36
142
0
140
142
0
194
81
77
118
19
123
16
99
93
25
129
116
91
101
117
17
191
100
112
18
201
19
202
204
222
210
215
101
86
115
202
96
131
91
184
85
182
167
129
96
161
126
157
23
101
22
88
80
26
84
54
33
83
53
33
63
54
33
50
70
74
36
40
64
54
75
34
80
55
78
55
71
60
87
75
66
35
46
74
86
86
92
65
60
23
100
74
47
85
83
62
89
37
26
29
47
25
28
106
27
84
65
48
101
41
32
61
55
88
123
63
43
107
46
111
61
96
36
126
55
121
81
74
116
124
39
53
118
123
124
121
62
91
34
84
133
105
97
134
130
99
73
51
0
49
52
0
138
68
162
148
47
227
19
57
52
48
150
134
161
202
122
67
186
213
247
231
172
228
170
112
168
246
166
205
235
240
172
189
257
75
261
34
190
109
184
165
224
264
259
62
57
192
58
65
199
168
25
54
174
130
173
104
147
142
138
42
181
59
131
47
9
165
3
45
7
53
118
178
49
35
49
54
17
46
44
46
45
147
11
39
139
40
50
71
146
44
173
194
122
30
10
38
30
0
