453
176
467
463
194
463
119
215
214
218
469
400
235
211
418
189
417
215
413
209
411
202
416
273
413
406
413
196
175
423
421
406
411
191
414
178
258
426
432
411
419
431
425
204
236
187
236
240
194
260
58
265
270
38
258
245
34
211
238
279
296
73
276
307
255
312
47
311
38
51
282
261
40
72
273
41
229
210
265
41
269
43
232
91
205
42
240
283
272
279
37
269
243
37
36
42
39
0
240
97
265
265
91
262
120
111
112
115
269
221
151
80
76
75
229
83
238
91
255
75
220
143
83
246
83
95
90
235
239
244
253
101
76
94
212
93
184
254
91
97
95
92
72
65
153
165
61
302
87
395
297
82
229
64
135
118
120
408
259
210
4
266
2
272
7
214
8
254
13
236
254
260
230
296
4
8
302
297
256
260
5
251
2
251
278
262
232
224
282
260
1
231
0
222
234
1
77
36
89
89
3
84
35
17
35
4
79
83
99
3
64
6
84
6
74
34
78
37
98
68
99
97
91
39
7
97
94
97
92
6
104
38
91
76
96
94
91
95
94
39
64
0
66
68
35
127
76
86
119
0
134
0
0
44
0
114
127
133
4
111
6
135
50
141
52
137
6
153
110
160
146
144
14
8
141
154
147
152
51
153
51
153
124
148
165
156
161
154
18
103
51
149
139
0
3
47
4
5
13
29
3
24
32
1
4
77
26
3
83
4
2
58
85
2
4
4
4
2
70
54
61
30
2
3
76
76
4
0
74
10
49
77
3
5
75
75
71
3
2
2
0
3
0
171
84
124
192
46
193
63
38
59
59
124
128
167
25
122
31
136
48
163
45
173
49
175
131
121
105
170
67
54
182
180
187
175
44
127
29
163
148
168
173
171
115
174
56
111
64
114
114
0
155
90
167
184
58
186
50
164
55
61
221
201
195
103
126
82
201
69
212
81
206
156
167
237
137
232
245
152
172
274
260
177
176
147
238
57
160
207
239
154
185
188
237
53
225
0
217
107
0
188
126
115
168
44
181
28
52
36
60
182
124
174
42
162
57
193
60
133
65
184
62
145
217
180
117
207
85
76
206
207
137
147
93
191
43
191
152
235
229
136
237
144
89
119
0
117
139
39
163
92
185
210
26
136
57
61
66
55
182
201
127
71
205
64
203
63
202
73
212
77
199
141
178
208
211
61
53
207
220
208
208
75
179
55
200
182
166
240
225
234
238
62
133
0
124
131
0
142
128
85
159
66
91
66
26
22
72
165
155
104
22
164
63
129
23
153
54
139
60
130
122
136
142
149
35
29
142
153
111
148
33
139
25
124
139
148
109
139
164
141
69
109
6
106
107
5
107
27
12
109
97
22
42
36
80
96
46
85
32
61
38
38
44
51
74
42
74
44
41
38
70
41
45
17
37
61
73
69
71
69
38
14
88
75
32
87
94
27
89
32
10
28
23
11
22
90
42
69
65
55
110
22
34
54
54
70
116
69
23
126
23
118
66
68
30
122
57
132
71
79
125
126
22
63
130
135
132
130
75
72
30
71
149
107
77
157
153
87
85
45
0
48
53
0
193
63
193
181
80
202
43
82
80
87
194
159
175
110
84
73
173
155
210
164
186
177
181
108
183
217
163
161
167
212
170
178
236
81
212
48
172
131
177
170
200
230
227
74
90
163
87
87
149
178
35
74
198
116
199
109
120
125
119
57
203
80
141
61
16
205
3
60
12
67
122
215
67
58
66
67
11
55
68
66
69
182
14
70
151
64
75
113
191
70
228
223
148
67
8
55
61
0
