425
203
423
453
284
453
166
293
307
298
436
427
203
296
408
221
421
275
414
281
420
285
394
209
396
402
405
261
210
384
385
411
411
261
383
197
225
399
402
382
398
404
412
264
194
239
207
216
217
260
54
275
277
62
268
207
35
115
209
280
258
82
210
276
160
267
59
277
37
96
214
262
88
121
274
67
200
142
265
86
272
94
202
184
148
95
174
268
273
274
60
269
194
46
37
47
50
0
250
124
280
277
146
290
89
101
99
93
271
275
189
128
112
114
287
129
307
98
311
76
258
181
123
280
137
132
72
285
279
272
282
51
116
136
255
123
220
245
118
137
131
40
103
84
221
224
81
237
135
332
251
67
150
61
98
124
122
329
209
184
8
217
0
248
4
172
1
215
11
217
214
220
167
247
7
8
257
263
209
233
10
216
0
187
232
207
184
182
225
204
2
149
0
134
143
2
119
39
129
121
57
114
34
21
37
50
130
101
83
34
89
42
113
50
108
38
112
37
122
77
75
82
122
38
56
121
122
116
124
60
83
32
100
86
132
130
123
123
134
38
38
0
37
41
28
130
146
63
151
17
128
14
18
54
18
150
150
134
11
100
8
138
61
164
62
157
19
142
101
146
142
152
21
10
147
155
153
157
60
148
59
138
107
136
144
142
142
142
18
75
49
120
111
0
4
76
6
4
19
54
2
51
62
1
6
115
29
2
131
2
3
72
124
3
5
4
2
2
94
78
88
24
2
1
98
96
2
3
88
15
48
82
3
3
90
97
85
3
3
2
0
1
0
88
43
58
99
29
103
27
20
24
24
59
67
92
26
51
23
72
39
104
32
104
28
100
58
56
63
85
26
45
90
95
97
96
31
62
19
102
84
94
95
101
55
96
34
54
29
51
50
0
165
78
161
170
51
173
54
173
49
49
182
165
163
133
106
53
169
48
177
50
173
190
155
206
116
214
232
172
198
232
218
155
148
190
215
44
139
218
226
127
155
160
232
30
211
0
214
100
0
107
67
59
115
47
130
39
43
58
43
118
92
115
23
102
46
115
56
84
56
121
54
85
128
108
85
117
65
56
131
133
95
97
45
106
63
112
91
118
113
100
121
95
45
63
0
64
87
57
103
59
124
148
20
95
13
27
29
18
115
134
108
35
142
23
136
21
144
32
142
30
141
103
112
135
150
41
21
145
145
137
144
47
127
19
148
133
126
164
166
157
171
24
92
0
98
101
0
145
69
73
101
17
89
14
69
63
19
106
101
84
75
101
18
140
67
101
12
152
18
149
140
152
148
152
56
57
97
148
96
101
49
141
40
134
133
99
89
134
106
129
14
82
20
77
80
16
54
46
22
62
25
27
39
39
19
30
62
55
36
28
54
49
63
20
56
46
58
50
61
63
60
61
57
16
45
39
54
63
62
32
55
17
58
47
58
63
62
51
59
39
21
24
41
18
15
87
19
70
49
21
87
29
12
24
20
72
79
51
27
92
24
88
31
64
21
90
32
100
75
70
94
93
28
34
91
98
93
104
40
75
21
73
106
85
70
95
94
81
37
45
0
39
43
0
134
65
138
134
30
207
10
34
29
34
128
129
122
162
89
37
121
168
206
197
123
203
126
95
127
219
133
196
190
231
130
134
222
52
230
32
153
93
150
140
192
223
229
47
70
193
66
65
173
122
19
31
129
104
123
92
95
97
102
17
131
42
107
34
11
134
6
29
10
39
92
153
30
25
31
31
10
39
33
34
30
118
8
37
102
28
26
63
102
32
140
130
81
19
5
24
21
0
