338
129
345
340
162
340
90
172
175
172
357
327
172
161
317
117
327
174
330
164
323
165
299
141
312
297
307
157
124
294
293
305
305
160
311
125
155
326
326
317
328
324
325
157
155
123
158
164
126
170
36
183
182
52
179
158
21
135
161
190
167
46
147
171
134
172
41
172
26
51
150
189
42
61
182
26
161
146
188
50
191
45
171
97
139
56
161
186
197
191
30
193
178
19
18
21
24
0
173
69
178
177
79
194
58
69
59
61
181
177
121
65
59
58
177
68
192
57
168
46
168
104
70
176
64
65
51
174
179
180
177
40
55
69
155
70
120
167
60
68
68
31
48
43
123
124
46
185
71
233
192
44
116
47
73
82
79
243
162
114
2
159
3
181
1
138
3
169
5
147
158
161
135
173
3
3
181
173
153
172
5
165
1
148
191
159
153
149
188
165
4
132
0
119
131
3
74
36
82
92
15
89
16
13
21
13
84
84
80
11
82
16
86
20
92
21
81
19
75
67
83
89
83
23
10
87
81
86
77
9
88
16
79
76
84
79
73
83
85
19
65
0
65
63
15
72
47
46
66
3
81
3
2
26
4
76
66
84
2
55
2
76
32
72
32
68
4
75
64
78
79
78
3
3
73
87
78
82
34
80
35
87
72
81
77
80
88
83
3
49
33
72
77
0
5
31
4
3
6
23
6
27
27
3
4
47
22
6
42
7
8
31
51
7
5
6
6
6
43
31
47
27
5
3
55
54
6
5
52
15
34
54
4
4
53
49
50
6
5
6
5
7
0
58
22
41
56
5
58
10
8
10
11
34
43
57
5
36
9
45
8
62
7
58
9
51
39
43
43
60
4
10
53
57
58
60
12
46
2
55
59
68
63
66
42
63
11
36
7
32
35
0
99
59
96
101
17
99
11
107
20
17
132
101
102
83
85
24
110
26
110
21
106
123
118
154
82
137
152
106
128
147
155
125
125
114
144
36
89
134
148
89
104
114
152
23
143
0
142
75
0
92
73
51
97
35
102
24
29
37
35
107
77
94
28
86
38
104
40
71
41
104
47
81
110
67
78
105
37
39
103
105
82
92
41
97
36
86
74
109
109
73
127
85
36
66
0
61
72
39
85
53
99
127
15
81
29
7
46
8
93
129
78
27
129
8
128
21
130
37
132
32
120
88
89
129
138
38
7
134
126
128
128
45
90
9
124
81
106
133
140
134
131
6
80
0
83
86
0
97
53
48
85
25
69
22
47
37
27
89
86
59
48
88
21
97
44
75
14
106
23
104
98
105
109
115
42
42
77
107
58
76
36
101
31
81
85
67
56
85
65
85
15
59
7
57
49
4
56
29
10
52
34
21
24
28
35
44
30
53
16
37
26
22
30
36
41
32
48
30
23
21
53
27
22
19
24
44
56
56
58
52
23
14
64
54
12
63
61
19
66
17
5
11
9
6
6
80
29
55
39
43
95
15
30
47
48
57
81
40
18
83
11
80
45
52
31
87
46
92
49
50
94
93
17
45
88
88
82
85
38
50
21
56
80
48
55
82
81
64
44
37
0
38
36
0
90
35
94
89
52
122
29
52
56
56
103
85
97
91
48
46
93
110
130
122
94
117
100
40
98
127
98
103
111
114
100
103
122
44
132
15
89
58
103
103
116
134
131
48
31
101
29
25
106
100
10
10
83
77
91
66
82
74
79
5
100
26
94
11
2
97
2
11
1
9
91
113
11
7
13
10
2
24
10
11
10
96
2
10
98
7
13
28
102
9
106
111
98
8
1
7
8
0
