361
193
354
361
215
365
156
236
223
237
369
378
217
237
360
185
376
224
367
224
379
228
397
217
389
394
394
223
184
384
389
389
396
220
363
177
237
366
350
365
370
375
363
220
234
203
221
237
208
194
47
202
205
53
210
151
39
106
147
200
208
79
161
213
139
217
51
220
45
59
168
210
58
95
228
51
173
130
233
56
233
57
166
136
136
69
188
227
234
214
53
226
160
55
44
46
49
0
232
102
234
245
119
264
93
83
89
89
254
259
182
108
91
103
243
106
264
103
262
90
228
155
104
247
105
109
77
242
246
252
244
58
104
104
217
108
152
224
103
113
116
46
95
91
196
185
94
223
127
337
223
88
149
72
131
149
138
357
196
171
4
187
4
248
5
171
6
200
8
222
204
224
152
251
5
18
251
241
190
234
16
209
3
181
253
202
190
189
268
206
1
140
0
135
143
1
151
66
150
152
27
153
43
31
54
22
157
145
148
10
121
17
150
22
146
46
146
54
138
108
134
143
153
59
22
151
153
151
144
28
151
53
156
130
171
171
170
181
177
54
100
0
99
107
48
140
118
59
151
23
125
19
25
65
21
130
129
139
17
119
25
129
58
140
72
137
27
127
97
156
141
131
18
20
137
153
135
136
64
134
73
159
102
148
123
127
156
131
20
71
73
133
126
0
5
58
5
3
6
53
3
57
54
1
4
74
39
3
83
2
4
54
80
2
4
3
8
4
93
65
82
51
3
5
98
100
7
3
124
30
97
127
4
4
132
127
124
3
3
3
0
3
0
136
52
76
132
49
133
78
60
76
74
76
80
116
36
72
61
97
61
107
60
115
65
124
80
75
99
122
68
67
125
120
133
133
69
82
45
130
121
128
142
133
68
144
77
80
65
74
70
0
142
73
139
164
65
150
52
151
58
64
167
178
152
137
106
61
151
53
166
60
162
179
146
215
113
190
223
173
191
216
217
156
160
176
211
42
114
195
215
100
134
135
208
40
195
0
185
85
0
143
97
71
133
45
142
44
36
72
48
140
104
132
34
105
39
140
53
108
56
145
55
116
147
110
111
138
43
42
144
144
124
124
41
122
74
108
113
133
121
129
135
128
28
86
0
87
114
67
159
58
168
137
18
106
5
64
21
60
175
143
109
24
134
56
130
14
130
21
142
18
134
120
176
153
140
11
64
145
151
144
146
18
172
68
153
190
130
147
148
156
157
62
118
0
124
122
0
170
95
95
124
24
104
18
59
51
23
122
142
110
55
146
31
180
56
133
23
187
30
180
171
184
173
173
47
48
125
158
103
139
43
152
31
130
128
125
87
142
126
126
40
99
17
87
80
16
98
54
40
101
55
37
52
60
43
58
81
97
53
54
66
55
68
37
105
59
99
60
67
64
114
73
73
30
50
97
112
107
108
75
56
18
104
78
59
114
108
53
112
37
34
28
45
29
32
120
27
77
63
60
119
42
48
65
61
93
114
53
45
109
46
117
55
96
44
115
54
116
97
52
127
124
41
69
123
117
108
137
71
99
13
80
121
83
105
124
128
91
74
45
0
44
48
0
177
79
193
199
81
198
36
83
73
75
208
164
179
128
104
96
192
151
205
173
188
168
200
95
200
216
189
139
168
203
197
199
227
80
214
33
179
120
191
190
180
217
234
78
88
159
85
82
153
164
39
83
200
107
177
64
106
117
111
55
201
70
127
75
15
218
7
62
20
75
97
198
69
58
68
81
15
58
74
72
73
143
15
83
123
69
80
117
137
80
195
190
88
58
17
63
55
0
