207
123
221
218
150
215
130
165
164
166
214
221
136
156
230
146
229
156
227
157
222
162
235
141
244
239
244
144
138
233
237
248
227
151
251
137
140
250
246
255
258
254
251
161
143
155
149
144
149
166
34
157
170
17
165
136
14
96
136
165
136
45
110
149
79
145
19
150
20
32
111
147
43
60
145
28
127
89
156
43
150
42
109
91
93
35
111
141
150
146
34
148
112
23
17
23
22
0
148
70
156
161
58
151
48
40
41
44
164
144
90
49
39
40
138
45
163
53
164
39
123
89
47
139
50
61
37
141
140
152
151
36
40
50
139
47
116
144
47
57
46
29
35
31
126
133
38
168
76
221
157
53
95
40
80
75
81
221
140
126
1
147
2
171
11
121
8
143
16
152
119
142
125
167
6
11
155
160
140
150
16
134
2
116
142
135
113
129
150
127
2
97
0
88
92
2
50
11
48
49
28
47
16
10
18
21
47
47
38
13
26
17
42
24
45
16
37
20
38
21
35
27
38
26
23
41
40
37
43
17
26
19
31
39
45
40
47
46
49
19
13
0
13
9
18
65
52
39
69
6
61
7
7
21
9
64
67
65
10
49
10
67
19
71
24
69
12
73
38
72
64
72
11
9
71
68
81
77
26
70
20
65
42
63
74
79
64
79
18
37
26
63
60
0
2
28
3
1
9
20
2
18
24
2
3
49
10
1
51
2
3
24
50
2
1
2
1
1
71
44
54
37
3
2
71
72
2
2
93
17
69
89
1
2
89
87
82
2
2
2
1
2
0
97
46
72
107
17
108
13
9
16
18
70
80
94
18
66
13
68
19
103
21
102
18
101
84
71
65
93
15
18
102
101
91
99
8
75
5
92
81
82
89
92
65
97
13
69
18
63
67
0
100
60
94
101
14
103
14
114
13
14
141
153
100
108
73
15
106
12
108
16
102
135
112
156
84
144
168
127
140
173
164
114
123
132
155
28
95
150
157
102
122
115
170
17
150
0
161
80
0
117
72
61
112
67
116
24
54
24
62
122
63
109
24
92
60
119
84
59
68
118
66
68
120
65
54
127
73
69
132
123
55
63
53
81
23
97
56
105
108
61
118
60
54
49
0
41
54
21
55
24
59
116
28
72
53
18
73
15
64
104
67
61
117
21
113
55
113
67
112
60
110
70
64
126
113
68
13
106
113
117
128
62
64
18
87
61
100
121
123
120
118
22
41
0
45
42
0
111
85
50
85
34
76
26
51
43
33
92
88
64
46
86
31
101
43
83
19
107
21
101
88
111
117
108
38
36
85
111
72
89
40
102
40
98
99
93
72
87
86
79
30
60
14
62
54
9
52
25
12
50
32
15
27
25
26
28
32
40
15
22
25
26
27
22
39
21
40
26
27
27
39
31
28
13
21
30
42
40
43
29
23
8
34
30
23
31
38
23
33
17
10
18
12
11
15
62
19
72
54
9
60
11
7
8
11
64
67
52
9
77
8
66
6
56
4
64
6
70
73
55
74
72
13
10
63
71
78
76
15
69
5
57
72
65
69
70
84
72
15
54
0
54
59
0
57
26
64
63
17
119
7
16
16
19
56
59
52
103
38
15
60
127
131
136
59
129
61
43
63
140
62
124
126
146
62
56
145
18
139
12
72
51
70
69
134
143
138
20
31
117
32
36
107
57
11
17
54
36
56
33
41
33
34
17
60
21
38
22
1
56
2
19
3
20
40
66
18
18
19
19
2
8
21
21
26
60
1
18
33
18
21
33
47
23
55
54
37
21
1
19
21
0
