48
20
51
45
18
48
12
24
20
20
49
46
23
16
49
16
50
21
49
18
46
21
44
23
46
46
41
23
17
40
43
42
48
20
45
16
25
46
41
45
47
42
49
19
22
16
20
24
15
25
9
26
26
6
26
16
7
11
15
26
27
11
14
25
8
26
7
28
7
9
19
23
8
14
21
12
14
8
21
10
21
9
19
24
17
10
22
33
36
33
10
29
18
7
6
7
9
0
23
8
24
24
9
23
7
9
8
9
26
25
18
9
6
9
19
9
24
12
25
11
15
14
8
17
6
10
7
16
18
25
19
5
7
8
17
7
10
19
8
9
8
5
6
8
13
13
8
21
9
91
26
6
75
71
88
75
72
88
15
14
0
15
0
47
21
33
33
16
30
51
34
42
13
44
0
30
51
52
17
33
19
16
0
16
45
15
58
47
36
13
0
10
0
9
7
0
43
42
68
69
26
59
12
7
9
16
57
65
45
18
52
25
58
31
68
7
68
12
61
49
34
41
60
12
30
68
69
55
58
27
38
7
59
65
60
71
61
70
70
11
23
0
32
27
13
14
11
7
20
5
12
6
3
3
4
17
19
12
5
16
3
17
5
18
4
18
4
21
14
12
15
24
7
4
23
14
17
17
5
22
5
16
15
14
20
20
13
18
5
8
4
11
11
0
33
158
39
33
62
100
30
91
101
28
36
205
95
33
209
34
33
123
212
29
42
35
45
31
181
167
168
82
29
17
197
185
36
32
203
77
165
211
31
31
197
203
202
36
36
32
22
36
0
175
92
131
192
68
206
76
55
74
80
132
139
190
75
137
69
168
84
202
88
195
85
193
141
128
149
192
113
83
196
197
196
206
74
145
65
180
165
199
190
184
128
188
83
132
96
109
108
0
98
61
85
115
23
119
23
238
24
23
312
224
101
131
91
26
116
23
112
28
111
227
108
310
88
306
336
207
231
332
313
112
117
216
306
21
105
265
304
91
117
115
313
21
267
0
282
65
0
212
121
82
182
92
216
3
78
6
101
199
114
204
78
152
95
208
104
129
106
213
102
129
200
144
120
214
98
96
221
226
136
135
92
199
6
169
134
230
227
116
231
138
90
122
0
116
121
4
188
87
201
173
26
96
20
95
33
89
198
182
114
50
180
90
179
31
167
51
172
45
167
129
207
173
162
32
94
186
176
176
180
40
199
88
183
197
147
191
196
185
187
93
105
0
107
114
0
250
240
185
325
82
227
43
5
5
81
333
308
244
4
305
73
253
3
318
41
261
75
256
235
255
260
249
1
0
300
241
234
298
2
237
2
224
236
294
218
239
287
228
55
230
0
211
208
0
116
4
3
120
109
4
2
3
103
100
6
91
24
81
7
4
4
83
90
4
88
5
5
7
106
5
7
26
4
114
108
111
111
121
5
23
126
134
6
140
136
6
143
3
2
3
5
4
3
126
58
86
66
43
147
16
42
48
46
87
137
71
10
129
11
136
49
93
36
148
54
148
94
83
166
160
13
75
156
156
153
164
69
107
33
87
178
119
107
166
162
106
68
83
0
88
81
0
169
85
184
178
60
216
36
55
63
60
188
185
175
191
127
58
192
238
249
248
203
255
201
115
198
257
201
235
263
263
196
200
276
70
273
41
193
139
191
197
230
273
269
53
71
251
73
71
249
142
41
94
151
88
153
70
87
91
84
79
156
54
93
93
30
170
16
86
35
102
74
163
94
78
101
102
31
39
98
92
93
115
31
97
98
83
98
111
130
103
184
193
81
74
23
75
66
0
