462
200
489
470
310
486
213
331
326
322
480
456
243
307
448
245
451
303
455
313
454
309
444
233
466
462
449
302
243
468
464
454
463
287
451
249
243
436
454
451
463
452
434
303
218
251
219
226
260
288
66
301
317
90
298
225
58
197
238
317
287
129
242
321
192
318
88
320
63
125
243
305
104
110
305
73
234
180
305
105
299
102
229
202
188
97
240
331
322
315
80
324
265
51
38
54
53
0
294
142
316
317
150
314
91
105
87
96
320
338
227
125
107
118
319
136
341
119
323
85
307
202
136
324
129
134
82
322
307
325
348
74
119
138
286
127
244
307
129
124
141
57
101
97
248
235
95
298
181
403
312
75
167
57
114
118
119
406
277
237
2
295
3
322
15
220
13
277
19
279
256
282
243
331
6
16
316
323
277
296
10
276
1
266
306
280
237
257
321
278
2
193
0
177
195
2
130
78
152
146
42
144
45
35
53
23
136
156
144
35
135
47
180
55
164
43
165
47
178
107
128
129
175
51
72
181
167
179
164
56
144
45
158
134
176
178
175
186
173
50
80
0
85
93
45
128
135
74
148
11
116
8
13
60
14
154
141
125
19
112
15
139
55
143
64
148
23
133
118
132
127
152
17
11
148
150
146
156
69
157
66
145
100
135
152
156
138
159
22
69
60
116
108
0
13
127
11
12
35
104
13
106
106
11
17
155
72
10
171
7
14
92
169
8
16
12
11
11
145
129
150
73
9
12
162
151
10
11
161
25
120
159
14
14
176
172
162
10
13
8
7
13
0
141
77
94
157
36
160
50
37
52
57
97
89
142
32
100
39
121
51
140
55
161
53
150
105
102
106
153
58
52
148
161
156
168
53
103
32
148
134
151
146
153
81
154
49
98
52
88
83
0
201
116
195
206
55
204
44
199
70
67
229
221
213
176
154
58
206
50
227
69
234
221
229
261
164
242
281
224
235
259
270
220
224
212
248
59
207
240
255
193
222
237
255
31
246
0
232
151
0
177
131
95
166
67
190
53
60
61
78
188
125
191
60
161
63
192
82
125
85
206
80
127
187
105
123
192
75
57
194
196
129
145
51
173
68
132
140
194
177
130
196
149
63
84
0
90
126
61
130
96
156
172
44
91
33
52
66
47
146
174
109
50
180
58
173
32
170
46
181
60
195
110
144
186
187
59
55
188
181
190
181
63
152
47
176
141
147
200
205
203
205
47
106
0
103
103
0
194
102
68
120
35
112
24
95
95
34
118
115
91
87
127
40
184
94
120
28
185
32
180
162
195
185
188
87
82
135
169
87
125
74
149
70
147
152
106
83
132
118
130
32
81
17
79
68
19
101
48
28
92
60
40
50
52
45
68
57
85
36
51
67
41
69
42
78
64
85
57
57
55
101
49
50
27
40
78
96
108
98
73
51
27
105
82
38
98
107
44
102
21
16
22
30
18
26
118
54
94
67
43
135
38
43
50
56
98
135
71
37
131
35
116
45
101
37
129
50
118
96
68
113
120
34
57
126
119
120
118
61
111
26
87
136
104
103
131
130
107
59
56
0
64
63
0
148
66
162
158
38
218
13
32
37
35
160
172
180
156
104
46
164
206
226
209
171
208
168
105
163
230
162
198
202
243
175
167
248
47
232
23
154
104
179
190
225
244
255
43
82
199
81
82
198
149
32
56
159
97
152
84
87
98
99
46
152
46
103
71
16
155
11
53
23
61
90
151
48
35
57
53
19
43
51
56
50
117
17
54
99
43
56
83
126
58
153
167
99
49
15
42
39
0
