302
116
319
322
162
313
84
180
174
166
313
291
142
154
293
112
292
156
282
154
283
150
251
148
264
264
267
138
121
265
268
263
256
147
284
119
164
292
299
293
298
309
301
153
138
129
141
149
126
227
42
231
243
72
227
197
33
176
205
242
191
66
165
206
142
207
67
207
44
73
173
170
55
55
178
35
136
130
185
59
182
54
140
89
122
43
134
182
186
171
31
187
139
36
31
35
34
0
160
65
162
167
63
182
57
57
49
52
184
148
102
54
56
56
155
63
179
60
165
51
157
96
65
180
64
67
62
181
186
178
187
54
60
63
157
53
132
180
64
71
59
53
51
49
117
123
49
187
89
243
197
37
107
25
53
49
55
247
175
153
3
184
1
204
1
163
0
186
1
169
177
182
163
195
2
3
199
205
190
168
2
187
1
179
208
188
160
148
203
200
2
161
0
154
154
0
73
24
75
74
14
72
35
18
37
8
71
65
74
8
56
11
63
9
71
35
60
37
71
53
68
72
71
39
11
68
72
71
70
10
74
35
68
67
74
76
68
80
80
38
44
0
42
38
38
72
69
45
82
7
71
5
5
31
7
88
79
71
7
68
2
83
34
77
31
78
7
82
74
86
83
81
7
3
83
87
86
82
31
89
32
93
54
78
89
80
89
84
8
44
33
62
67
0
1
46
1
0
5
35
2
33
34
1
0
65
22
2
67
2
2
37
71
0
2
1
0
1
61
53
55
27
1
1
63
62
1
2
94
30
68
103
2
2
97
93
97
2
1
1
0
2
0
117
49
77
112
35
104
31
30
40
42
68
70
100
20
70
32
78
40
100
35
105
32
101
79
62
63
100
43
46
104
108
101
106
25
78
14
87
84
100
95
92
62
93
35
71
43
55
58
0
121
69
125
120
45
133
35
105
45
38
126
118
134
82
94
60
139
51
135
55
139
113
154
144
89
121
140
106
109
141
146
157
155
111
142
70
119
124
142
131
155
159
151
53
130
0
124
73
0
117
78
62
109
49
120
21
39
29
53
133
75
119
29
102
39
122
43
90
48
121
43
86
108
79
86
112
46
37
130
113
83
96
48
111
32
110
90
120
122
70
129
92
47
65
0
71
86
38
126
51
129
131
18
77
13
41
25
35
131
125
80
31
133
47
132
18
137
31
126
27
123
83
120
120
124
25
36
110
124
120
113
26
118
37
119
121
99
117
125
128
132
45
77
0
70
81
0
80
46
36
65
26
42
20
42
44
26
58
61
43
45
58
30
75
38
59
21
80
19
91
77
93
91
91
39
39
63
76
45
62
38
68
33
66
68
71
44
70
69
66
24
44
14
42
47
5
65
31
17
67
50
22
26
28
44
49
36
53
24
44
29
19
32
34
52
26
50
31
33
33
42
30
33
18
20
36
41
41
50
47
28
11
58
48
18
59
53
25
52
18
6
10
12
8
13
72
18
67
50
25
68
29
20
25
27
71
83
58
28
82
24
78
33
70
26
89
34
90
68
58
81
75
23
37
81
86
87
85
40
68
19
60
87
74
72
88
81
62
41
37
0
41
36
0
101
41
108
103
40
113
18
41
42
39
106
104
103
87
51
42
107
102
132
115
98
119
115
53
123
149
126
98
106
128
128
138
142
43
147
27
126
86
130
126
113
154
140
45
55
109
59
57
94
117
24
48
117
63
118
52
72
72
69
31
132
53
91
57
11
131
11
48
14
54
73
133
50
46
53
65
20
28
60
56
60
113
13
56
95
47
48
78
106
54
148
144
84
46
11
40
42
0
