183
80
195
188
112
188
69
122
120
116
199
190
109
118
199
90
192
130
203
120
198
123
182
90
173
181
172
117
89
165
184
172
178
101
154
94
84
164
175
154
174
170
165
116
76
101
89
87
98
111
22
114
114
26
123
91
16
53
87
109
127
48
92
128
68
133
29
129
28
42
100
128
35
52
137
28
96
64
127
37
132
39
90
87
56
37
86
122
118
122
23
122
90
19
15
19
19
0
118
49
118
118
57
129
50
38
45
43
130
123
75
51
40
39
112
41
135
46
120
36
123
76
47
124
50
55
44
135
127
124
127
37
49
53
109
43
100
117
44
46
45
35
30
31
78
79
25
109
71
167
119
42
73
36
68
77
68
170
95
76
1
106
0
122
6
71
5
98
8
108
106
101
85
133
2
6
130
130
90
113
7
98
1
92
102
101
83
94
113
96
1
72
0
62
76
1
40
12
50
47
18
50
19
10
16
17
53
46
27
9
38
20
42
29
43
17
44
19
43
24
23
25
51
18
32
53
52
51
59
19
22
14
23
32
41
42
42
39
45
14
13
0
14
14
18
55
76
31
81
8
51
9
11
18
11
79
77
63
7
52
8
77
20
78
19
83
15
69
40
74
65
78
8
4
72
78
79
71
17
72
23
70
44
74
76
77
70
74
8
34
18
58
53
0
3
37
4
2
10
29
4
27
32
3
5
53
20
5
57
4
4
30
59
2
5
2
5
3
51
51
50
15
4
3
60
60
5
2
48
6
33
53
4
4
55
53
54
4
6
2
3
5
0
68
24
43
76
24
77
30
26
28
34
36
46
59
23
35
19
40
22
60
26
67
26
65
50
40
41
63
28
24
76
66
67
60
24
49
14
60
50
70
64
65
41
63
26
44
26
38
35
0
70
32
70
74
39
74
35
86
29
36
99
77
73
66
48
28
70
23
70
32
66
97
76
108
49
96
114
89
93
109
104
80
77
92
95
28
56
95
107
67
75
71
102
23
103
0
100
40
0
65
34
23
65
46
58
17
30
19
42
69
41
77
16
62
46
76
50
33
49
83
55
40
71
40
37
73
46
42
70
71
38
38
43
49
26
53
32
74
70
36
73
40
48
27
0
28
36
23
48
21
69
68
11
40
12
24
17
23
63
63
42
19
69
19
68
18
63
22
65
22
73
38
59
64
62
21
24
64
66
61
70
16
60
16
51
54
50
64
59
61
65
24
34
0
36
32
0
70
38
41
52
10
48
7
26
25
10
67
56
50
21
57
10
73
24
57
7
67
12
72
70
71
74
74
22
18
55
79
54
53
18
71
19
71
70
61
47
74
50
59
7
46
6
46
42
4
25
15
9
32
12
19
18
16
7
8
26
26
18
9
31
17
27
10
27
18
23
18
33
33
26
28
31
8
12
31
34
25
26
7
28
8
25
21
22
32
21
23
22
8
16
7
20
14
5
62
10
63
46
11
60
18
5
9
9
59
57
48
17
54
14
58
10
56
8
50
7
57
57
51
58
59
11
10
59
61
63
60
13
61
7
55
61
53
66
70
68
67
16
41
0
44
47
0
66
29
69
69
12
99
3
12
14
12
68
60
58
90
53
19
69
86
104
84
60
96
63
55
84
112
82
85
81
105
67
82
120
26
111
12
78
65
84
89
111
114
118
18
56
90
48
47
89
66
14
29
65
34
73
27
45
42
38
32
76
35
41
30
4
70
1
21
4
27
35
72
27
23
24
30
4
13
29
34
31
57
4
28
45
27
32
48
60
31
72
73
30
31
5
24
27
0
