587
241
629
641
345
625
212
381
366
375
628
571
292
350
566
261
585
347
590
350
587
357
560
311
567
579
576
340
271
560
576
563
577
322
578
259
329
580
569
561
569
583
569
329
286
280
281
303
280
341
92
369
393
95
359
295
45
213
301
394
354
102
293
365
186
366
86
368
59
138
304
379
136
121
379
95
301
242
391
136
392
142
299
260
204
139
259
385
382
378
74
391
283
53
38
48
49
0
340
169
386
381
165
405
103
104
94
98
389
378
242
137
111
125
366
132
394
122
407
94
344
225
147
376
159
154
125
387
373
371
380
111
138
158
328
157
254
368
172
167
175
87
83
79
280
284
76
349
201
460
379
94
185
58
125
136
134
450
317
262
9
321
5
351
9
224
12
313
18
318
282
327
285
368
11
10
360
380
313
360
12
303
5
285
359
324
293
302
362
319
4
222
0
213
220
4
163
64
172
174
82
181
39
28
55
66
177
161
102
45
130
60
156
72
180
47
154
54
155
92
103
105
165
57
81
167
158
160
167
55
121
48
121
111
146
137
154
146
153
48
70
0
67
69
48
137
166
91
163
16
118
16
18
53
19
175
183
143
13
124
19
162
51
182
54
184
26
159
99
141
127
160
20
14
172
156
168
177
64
169
63
142
112
154
177
175
153
177
19
75
58
122
123
0
10
129
10
10
20
89
10
89
99
8
12
159
51
6
167
7
9
90
177
10
11
8
11
10
132
125
126
51
6
9
148
154
11
6
123
19
87
120
11
7
125
117
114
5
7
7
2
6
0
124
65
106
125
32
125
40
26
38
38
75
95
125
24
100
22
110
30
133
33
131
32
127
100
96
83
134
42
56
146
147
146
152
42
102
28
138
112
147
148
140
96
139
49
89
40
83
85
0
229
105
227
231
75
235
68
213
80
79
210
219
235
190
178
69
231
65
230
64
225
247
247
260
180
263
289
239
258
284
299
220
235
251
289
55
203
259
269
187
232
210
263
40
262
0
263
163
0
167
103
84
162
70
175
44
72
54
81
168
102
157
47
162
76
176
83
108
85
185
81
101
179
105
96
176
86
76
176
188
115
122
70
137
53
142
107
166
152
102
164
115
67
79
0
64
97
55
162
78
180
217
61
133
19
45
66
41
177
214
154
55
217
44
232
26
207
55
213
52
198
151
183
195
195
48
36
203
218
197
219
57
171
44
223
180
194
227
231
236
246
47
148
0
141
139
0
197
83
68
115
23
108
19
114
101
27
113
99
89
110
111
17
202
114
97
18
194
15
210
190
211
212
210
93
94
107
201
87
91
70
166
69
165
155
113
78
140
113
146
25
68
34
64
68
35
87
51
29
74
53
34
49
45
48
50
62
68
46
43
70
46
64
38
72
49
69
54
63
52
79
60
49
34
34
74
83
90
77
63
50
20
73
74
45
81
80
40
79
30
23
19
41
28
25
119
25
112
76
35
120
38
25
45
40
116
115
94
32
117
32
104
42
113
31
114
49
132
109
94
134
119
37
43
127
136
126
125
49
103
33
88
143
110
117
128
132
127
58
69
0
72
72
0
162
68
198
185
56
252
22
53
57
59
188
163
185
212
141
65
193
215
273
234
185
235
197
151
214
274
199
218
232
276
198
211
292
90
278
34
214
152
235
219
236
280
270
69
111
212
96
103
198
176
37
54
166
135
184
113
137
141
141
37
207
73
162
49
11
208
6
40
11
55
147
198
48
36
46
48
8
47
49
51
51
147
4
45
163
35
55
82
173
49
193
202
141
36
6
32
43
0
