295
129
303
308
161
312
95
167
168
168
312
290
174
163
292
138
285
169
286
165
289
161
264
165
269
270
265
145
136
256
263
269
266
157
253
135
175
258
248
255
253
267
270
154
183
135
183
179
152
114
19
114
108
16
114
99
8
90
96
104
110
37
95
119
100
119
20
124
14
21
100
126
20
35
124
17
99
97
129
23
119
23
100
45
89
26
100
116
124
125
19
126
100
17
13
15
15
0
128
57
142
145
45
140
25
18
23
25
154
139
123
44
40
45
140
45
144
30
150
26
152
105
50
157
45
50
33
165
159
161
156
59
44
56
142
53
134
192
50
53
58
57
38
37
125
126
39
141
40
251
137
59
128
83
132
135
129
251
105
81
2
109
1
118
4
91
4
110
5
89
100
102
94
120
2
7
119
110
104
107
8
109
1
96
123
105
90
97
127
108
1
85
0
83
81
2
65
22
66
63
13
69
12
5
15
10
64
69
58
7
49
9
74
10
76
13
71
17
65
40
50
63
61
13
2
61
57
57
61
4
56
13
59
46
61
60
62
67
62
13
47
0
45
44
13
49
36
22
44
1
44
1
1
15
1
40
46
47
2
30
4
46
22
40
22
48
2
47
37
57
50
48
1
0
49
58
45
43
24
48
15
53
33
50
50
47
50
51
6
27
18
44
44
0
2
22
2
3
5
16
2
17
19
2
3
32
6
2
30
2
1
16
27
1
3
1
3
2
16
17
14
5
2
1
20
21
3
1
11
1
7
12
3
1
13
13
9
1
2
2
2
1
0
35
10
38
34
1
41
3
2
2
4
28
33
37
0
34
1
31
0
38
2
32
1
36
33
34
30
35
4
3
38
33
36
33
4
34
3
38
37
35
35
36
32
35
4
35
3
29
29
0
70
47
53
71
2
71
2
139
1
2
180
102
74
73
67
4
79
4
78
3
76
142
72
189
67
185
186
123
153
202
195
81
74
130
189
5
77
165
180
70
77
76
185
4
178
0
186
65
0
111
101
57
98
7
110
13
5
17
11
110
107
112
8
104
11
116
13
104
19
127
11
110
133
94
103
130
18
19
122
126
113
109
15
111
16
100
106
127
114
99
130
110
14
104
0
97
106
21
78
46
90
111
10
82
17
3
27
3
87
128
83
34
126
3
130
25
133
29
130
35
125
88
89
140
139
40
3
133
129
138
134
46
80
4
112
79
118
144
138
140
145
2
79
0
78
84
0
129
108
96
144
31
122
25
27
28
32
150
144
106
25
150
31
140
26
148
17
144
25
141
145
146
141
150
26
28
155
144
102
157
23
145
21
136
131
177
113
134
173
128
57
113
5
111
112
8
91
21
18
94
80
10
22
17
80
79
19
59
27
54
13
15
15
49
57
19
66
17
21
19
68
18
18
24
17
67
67
72
71
59
19
21
71
67
10
69
66
13
73
15
6
5
7
6
8
57
14
21
13
33
54
12
33
36
39
20
55
16
12
52
7
54
33
24
27
53
33
53
17
27
57
61
10
38
52
55
52
57
46
16
21
17
57
51
18
59
57
22
43
7
0
10
11
0
71
14
78
75
48
129
31
47
49
48
83
49
71
114
32
47
73
120
134
138
78
138
85
29
79
143
79
127
129
143
78
76
145
57
140
17
91
62
88
90
130
141
142
57
18
125
17
20
125
69
2
2
80
73
78
73
69
76
73
1
77
7
69
3
0
78
0
3
1
3
69
87
3
4
3
4
0
7
4
3
4
83
1
3
84
3
4
10
88
4
85
89
81
2
1
1
2
0
