161
72
175
168
105
167
58
104
110
104
168
154
95
100
152
88
160
102
154
105
156
99
145
70
143
141
145
94
77
143
130
141
139
106
135
85
78
146
145
143
148
131
148
102
92
95
90
97
89
93
12
92
90
15
80
80
12
61
75
87
103
40
77
100
61
106
17
108
14
20
85
95
28
30
100
18
77
59
97
25
98
28
88
58
65
30
82
97
99
93
20
101
81
19
18
15
16
0
109
45
120
124
39
113
51
53
46
48
113
123
81
40
33
32
124
41
132
53
129
40
118
66
49
118
44
47
45
124
123
123
128
39
43
44
97
47
73
113
47
43
51
31
38
32
81
78
33
110
31
154
110
57
60
26
73
70
71
159
74
56
1
73
0
86
3
58
2
85
2
68
79
85
71
92
1
2
98
96
73
85
4
74
1
71
92
75
68
74
99
71
1
64
0
61
64
0
49
21
41
44
7
38
18
14
22
7
43
48
47
4
33
7
46
10
47
20
43
22
46
28
50
50
51
19
19
52
63
56
54
24
48
16
47
43
64
61
57
57
61
20
22
0
27
26
20
73
75
34
83
11
63
9
13
23
12
79
72
65
4
51
3
66
23
79
23
70
8
69
46
71
67
71
6
2
76
66
70
73
25
66
24
63
46
64
70
70
58
72
7
41
23
56
57
0
3
24
5
5
10
18
4
16
18
2
6
31
9
2
35
4
3
27
39
3
4
4
7
4
35
32
34
26
4
2
41
42
5
3
35
8
29
38
3
5
40
40
35
3
5
4
4
4
0
47
21
37
49
11
50
19
15
21
21
35
33
48
16
26
20
39
22
57
23
55
21
54
29
33
31
50
15
22
49
44
46
45
15
35
7
45
34
50
48
48
30
52
17
36
15
31
31
0
56
31
58
61
18
66
18
78
24
19
97
79
62
52
38
18
62
16
63
14
63
75
57
102
38
93
104
71
82
98
106
63
56
72
106
12
52
78
101
41
64
56
92
11
92
0
89
47
0
49
33
34
47
17
46
17
18
26
20
57
39
68
12
53
24
61
29
39
32
71
33
46
62
36
37
63
27
25
73
70
43
44
26
45
28
58
44
65
62
46
67
48
20
37
0
35
47
23
56
26
62
64
9
48
11
13
18
15
64
63
41
12
68
13
67
10
68
18
69
22
71
53
61
74
72
22
12
71
70
74
82
19
70
11
75
65
68
88
82
77
77
13
51
0
52
53
0
77
53
55
81
22
52
16
10
10
17
73
75
57
23
78
17
77
16
73
14
83
21
83
76
81
81
85
16
14
72
72
60
67
14
80
13
73
64
76
52
69
74
62
16
56
4
52
56
8
27
22
11
30
24
19
23
18
17
25
29
42
21
23
26
20
32
18
42
21
40
23
29
23
32
28
26
11
18
21
32
32
36
25
20
7
41
30
16
39
41
19
41
10
11
7
18
10
10
31
16
33
23
17
39
15
13
23
18
41
52
19
16
56
11
45
19
43
12
44
15
53
32
27
46
48
13
21
41
48
43
48
20
24
6
25
46
30
31
36
44
25
15
17
0
21
20
0
56
26
59
57
16
87
11
17
21
17
65
50
65
81
51
27
66
75
91
84
65
87
68
57
83
104
75
81
80
105
75
85
96
30
91
16
67
54
73
70
79
84
89
29
28
67
24
26
70
66
5
18
67
45
72
43
49
51
44
15
60
29
51
17
5
70
0
20
3
17
46
77
15
15
22
18
3
25
20
17
17
63
3
17
66
17
17
46
75
16
92
90
60
14
4
19
18
0
