124
54
128
116
47
118
31
52
48
57
119
125
67
53
127
44
124
57
126
53
131
47
118
56
121
121
116
53
43
114
119
114
114
46
110
52
54
108
110
109
114
107
111
50
65
52
57
64
47
89
17
96
101
15
97
84
9
88
88
100
135
21
127
139
113
136
13
129
10
19
122
134
7
30
131
7
126
114
125
8
134
11
98
47
87
10
97
110
112
109
9
108
104
9
10
9
8
0
88
35
93
94
17
94
59
53
57
62
94
91
54
17
14
14
98
17
99
63
96
68
84
36
17
90
20
21
61
86
90
95
95
51
16
17
54
19
77
87
16
18
19
50
15
12
41
38
12
115
27
137
110
13
89
12
17
18
19
129
107
94
0
100
0
109
0
105
0
105
0
69
105
114
89
116
0
0
107
114
103
92
0
110
0
105
117
108
89
96
125
114
0
108
0
109
110
0
27
14
29
34
7
31
6
3
7
4
30
26
29
0
22
1
24
1
20
9
20
10
26
20
24
28
23
8
3
23
26
28
27
2
30
8
29
22
28
26
24
23
24
11
19
0
18
19
10
52
22
37
59
3
46
3
3
11
2
57
59
48
1
50
0
49
9
55
10
52
1
54
48
50
56
56
2
1
61
53
53
58
12
56
9
56
49
53
55
55
53
58
5
44
12
55
51
0
0
11
0
0
3
8
0
8
9
0
0
15
6
0
14
0
0
8
16
0
0
0
0
0
16
9
14
10
0
0
19
17
0
0
26
6
22
32
0
0
32
27
28
0
0
0
0
0
0
49
20
47
57
8
53
8
4
7
7
45
56
59
3
51
3
51
5
64
7
61
7
64
51
48
46
64
13
10
65
63
61
65
12
54
7
66
54
64
69
60
52
70
13
48
11
39
38
0
92
32
92
104
38
106
37
37
44
48
70
58
99
30
56
48
95
36
96
43
97
38
89
67
43
68
74
23
31
74
67
91
92
33
70
50
71
61
72
83
104
97
69
46
67
0
63
53
0
73
31
32
62
38
68
7
38
10
43
78
32
69
20
67
50
77
46
30
45
82
52
31
82
43
30
90
64
61
84
90
30
37
58
58
10
77
29
76
79
25
87
30
54
23
0
19
24
8
54
29
67
95
15
53
20
12
34
13
67
104
62
49
109
11
118
32
108
47
106
51
106
64
60
108
108
50
11
111
112
108
114
51
68
12
87
64
89
112
115
105
113
15
54
0
54
53
0
30
39
16
45
27
10
26
11
12
29
48
35
15
11
34
23
29
13
35
28
34
18
29
24
26
29
28
8
9
38
29
16
36
9
29
5
29
25
38
22
28
40
27
19
20
0
20
19
2
16
8
5
16
15
7
9
8
9
11
12
24
5
14
7
5
6
13
19
9
17
5
8
6
22
10
9
5
9
14
21
13
14
24
9
10
28
27
7
30
26
6
30
5
2
3
4
2
2
70
12
61
51
13
76
6
8
16
15
55
78
49
6
77
5
77
16
58
10
69
19
72
55
50
69
74
8
23
71
75
79
79
23
55
10
51
70
63
55
69
74
67
20
48
0
44
49
0
63
22
71
74
24
72
17
24
21
19
69
47
60
38
52
24
68
34
71
37
69
42
66
52
70
72
71
37
38
64
71
68
70
32
69
19
62
58
74
78
68
74
76
25
43
37
41
37
36
61
7
14
57
50
65
44
57
53
54
13
70
20
61
13
5
71
4
15
6
11
49
77
9
8
10
11
4
10
14
11
12
57
3
15
54
10
13
17
61
15
74
65
60
6
4
8
6
0
