247
145
254
247
165
253
97
175
169
169
252
262
174
170
254
147
269
163
262
168
255
154
264
172
273
262
258
147
132
269
259
261
254
160
268
130
158
275
280
270
273
277
277
175
165
154
166
164
156
149
36
148
146
26
144
117
22
114
124
138
158
34
135
164
118
170
27
158
19
33
143
154
30
60
171
25
140
107
167
35
156
33
153
82
138
37
161
182
186
189
29
184
153
18
19
22
21
0
164
72
190
179
53
172
83
67
66
75
181
178
105
52
40
52
183
57
192
90
184
71
135
89
50
156
52
54
48
158
150
161
175
35
48
59
135
57
95
148
45
56
53
26
38
37
103
114
36
177
69
259
164
54
136
69
109
117
117
264
162
112
1
160
2
178
15
138
14
155
14
123
145
152
109
163
0
6
158
160
149
149
4
140
1
136
158
145
131
111
154
139
1
115
0
111
115
1
56
9
62
51
11
59
17
9
23
5
59
51
54
7
44
4
46
11
55
20
56
17
54
49
59
60
58
21
5
61
63
63
69
9
69
17
63
58
63
69
69
66
66
20
48
0
51
51
23
73
37
54
70
3
86
2
3
16
3
75
74
75
3
69
3
75
19
75
21
76
4
84
65
80
77
84
8
7
86
76
76
79
21
74
18
80
71
75
80
75
85
82
6
58
24
77
72
0
2
23
1
1
4
23
1
21
26
0
2
35
18
2
32
1
2
19
39
1
2
0
2
2
41
30
40
22
1
2
43
43
3
2
49
11
41
51
1
1
46
50
46
1
2
1
0
1
0
58
24
41
61
17
59
19
15
21
16
34
39
48
8
34
16
39
18
58
19
50
22
54
42
39
27
51
21
16
58
55
53
49
17
38
10
60
41
60
57
61
29
60
16
34
17
26
28
0
86
50
90
87
31
92
26
133
29
26
141
104
87
89
51
22
93
17
89
28
96
140
81
161
59
152
164
121
156
173
167
83
93
132
156
25
84
146
165
65
85
88
165
18
160
0
157
52
0
73
50
42
66
26
69
17
18
29
32
75
55
66
18
54
23
75
30
52
24
78
28
54
76
49
54
80
25
27
84
79
63
58
34
89
30
71
64
94
82
56
95
60
32
43
0
44
54
25
67
36
70
97
11
50
12
19
25
16
73
94
47
18
89
19
87
16
87
16
88
21
89
67
74
96
99
24
16
98
109
98
110
31
88
18
99
70
76
107
109
106
105
20
57
0
62
64
0
130
63
91
119
15
95
13
32
28
22
127
122
103
31
116
18
131
31
113
10
130
16
133
127
138
133
134
30
30
116
136
105
118
32
122
31
118
131
128
105
120
125
133
20
103
11
102
91
7
41
19
9
40
27
11
20
20
20
31
24
40
12
34
21
17
22
28
43
17
47
20
21
19
39
21
19
12
17
37
38
38
38
37
14
12
38
34
6
37
37
15
39
8
4
11
12
4
6
60
15
43
32
31
57
21
27
38
36
41
52
29
14
54
17
48
26
40
13
55
24
51
33
26
45
48
14
26
46
50
47
48
30
37
7
36
54
44
40
53
54
38
31
20
0
19
18
0
93
42
88
89
37
149
19
32
29
29
90
84
84
122
54
27
91
139
162
151
84
149
95
57
101
153
93
140
146
169
96
106
171
29
162
13
104
74
96
88
158
175
172
26
54
147
46
51
145
66
9
18
74
62
72
54
51
57
58
15
69
13
54
21
8
70
4
19
6
20
48
70
18
18
17
18
8
9
19
18
14
73
10
17
63
15
15
27
73
16
89
85
60
14
5
14
14
0
