229
120
241
237
142
250
108
161
153
148
239
239
140
151
233
130
246
159
249
143
242
152
227
130
247
244
247
145
126
221
242
241
237
144
230
134
150
239
239
233
228
231
242
143
144
134
133
145
139
147
31
154
154
21
148
120
15
97
118
146
159
53
139
166
119
165
19
169
19
36
141
162
32
41
161
30
134
120
158
32
166
34
121
79
107
33
124
166
163
159
25
170
129
26
17
17
24
0
166
58
170
178
69
183
63
65
56
70
190
180
124
54
49
53
188
57
191
78
191
65
178
85
54
178
57
64
70
185
184
185
185
44
59
68
132
67
102
162
64
70
71
45
51
51
127
128
51
179
43
233
173
88
88
46
104
110
114
237
130
80
2
134
2
150
1
99
2
143
2
102
116
138
108
143
2
5
141
145
132
120
5
133
1
133
145
120
120
109
141
122
2
105
0
97
106
2
54
20
64
68
13
64
16
7
16
11
65
66
59
15
65
19
70
18
70
20
70
16
71
56
53
61
69
19
14
67
75
71
72
10
63
17
72
66
73
70
68
74
66
20
43
0
40
45
16
78
38
54
77
6
81
7
4
22
6
76
71
78
3
65
2
73
24
65
33
68
6
69
67
88
80
75
8
8
69
76
76
79
30
79
25
86
68
82
76
73
94
76
6
56
33
81
83
0
3
46
2
2
8
31
3
33
33
4
3
42
37
2
33
3
4
28
40
3
4
3
5
1
48
47
46
31
2
1
53
46
5
4
53
29
46
46
4
4
50
53
50
4
4
2
3
4
0
47
17
37
50
13
48
19
14
19
17
30
34
50
22
33
15
38
17
52
22
51
24
53
33
30
44
49
17
26
54
50
51
45
28
30
18
40
47
36
46
48
34
43
28
26
15
25
29
0
81
35
71
82
23
81
23
116
29
26
120
75
74
73
65
24
80
21
78
29
80
114
78
136
60
134
143
101
123
148
147
79
82
112
137
28
78
120
148
68
77
81
148
18
134
0
124
44
0
68
54
48
64
25
81
23
23
30
20
71
55
66
16
73
25
79
28
50
27
85
28
57
69
59
57
68
20
17
68
70
51
57
19
65
28
53
58
77
63
63
76
66
18
42
0
37
60
31
79
34
78
83
16
52
11
16
27
10
73
92
60
20
95
18
99
17
89
15
88
15
84
64
75
87
83
15
15
86
81
78
79
21
64
16
74
65
62
81
72
84
78
16
53
0
51
51
0
118
62
86
107
17
87
18
27
26
16
110
102
95
24
113
18
120
22
109
17
113
22
122
111
118
123
122
31
26
115
123
91
111
29
109
28
110
114
114
86
106
103
102
22
84
9
79
70
6
44
21
8
55
40
17
24
24
24
36
30
33
13
28
31
24
31
22
40
24
43
25
29
23
42
27
25
9
21
39
47
52
49
31
23
5
42
44
17
47
47
21
47
17
10
13
14
7
10
52
20
38
29
29
50
22
21
31
33
40
61
33
18
53
19
59
30
46
25
63
31
68
38
34
73
71
19
35
69
70
71
73
41
44
14
34
70
49
45
73
70
39
43
25
0
23
24
0
71
31
68
68
28
115
18
28
27
30
74
74
74
89
35
24
77
99
123
111
73
119
76
43
74
134
89
104
120
126
85
88
134
36
137
15
88
66
92
90
122
129
128
33
35
104
34
29
108
52
12
20
66
47
71
45
51
49
49
11
90
23
76
16
5
94
6
15
5
19
67
108
21
19
24
20
7
11
28
17
25
96
3
22
85
22
26
34
94
25
119
102
74
15
3
14
16
0
