299
149
301
310
197
295
132
209
204
208
299
288
179
204
303
178
296
203
306
197
295
200
299
178
313
300
300
197
159
314
296
302
300
195
304
174
157
304
316
310
310
319
305
204
167
175
174
171
187
192
28
205
195
25
201
172
19
152
178
195
194
57
183
190
168
206
26
200
21
31
184
191
35
56
198
24
176
154
197
37
202
36
183
100
155
27
167
195
209
220
25
207
184
18
19
20
18
0
235
113
250
259
85
250
105
100
92
100
266
260
162
81
79
84
247
90
253
109
270
94
239
145
86
250
85
90
106
260
253
256
254
64
82
85
180
84
154
220
86
81
89
59
71
69
161
152
55
231
61
327
246
99
140
57
153
148
156
340
182
117
3
187
2
206
9
148
6
187
10
143
172
191
156
197
3
6
210
202
184
177
6
173
2
174
186
172
157
154
198
168
3
142
0
131
140
2
74
33
71
67
9
72
16
11
24
6
71
68
62
9
60
10
74
12
73
18
70
16
76
67
58
65
77
18
12
78
77
71
76
11
74
17
73
71
83
88
78
77
80
24
53
0
57
50
21
104
67
77
107
5
99
4
5
29
7
101
106
115
4
88
6
107
36
112
35
111
8
113
97
120
111
111
10
7
112
118
111
108
41
122
35
120
96
113
121
118
117
119
11
81
38
116
107
0
4
44
4
3
8
45
4
51
50
2
2
53
36
3
61
3
2
36
58
4
4
5
3
4
62
57
58
19
3
4
72
76
4
2
94
10
61
91
3
2
82
91
91
3
3
3
1
4
0
93
44
63
99
44
96
30
18
28
26
58
66
93
36
57
25
64
47
93
42
102
42
100
64
55
59
91
50
40
98
104
100
96
38
73
17
100
68
98
104
99
52
107
38
60
40
50
49
0
100
46
108
110
35
106
31
160
34
41
157
131
99
107
58
34
104
25
100
41
109
163
105
185
59
166
190
152
169
203
192
109
113
151
185
24
78
155
188
69
90
90
190
16
185
0
176
59
0
107
68
55
95
36
105
24
41
37
42
108
71
92
17
88
30
102
35
75
34
120
41
79
103
70
74
100
35
25
100
100
79
82
27
82
37
70
85
105
93
79
103
83
21
59
0
64
76
38
77
42
90
76
11
48
13
43
20
41
84
79
50
13
71
43
89
10
85
15
89
18
89
52
99
87
85
27
33
99
87
96
104
19
91
33
88
88
65
96
88
97
91
46
45
0
48
49
0
161
93
114
144
15
121
15
39
31
15
140
150
122
44
143
22
159
40
145
16
155
15
169
149
165
161
162
29
31
146
156
120
151
39
154
28
148
145
152
119
140
137
136
22
117
12
116
114
7
51
35
14
50
42
19
31
34
29
36
41
44
20
32
35
24
30
26
46
29
41
27
32
26
46
33
27
19
24
34
40
36
37
30
23
8
47
38
22
43
42
21
46
19
10
17
19
10
16
63
33
62
39
25
76
22
19
24
28
57
82
48
17
70
16
72
27
55
22
71
25
74
59
41
83
81
22
37
75
79
82
78
30
56
10
44
78
47
57
73
82
62
35
36
0
34
37
0
102
47
111
114
27
169
12
23
26
27
113
107
108
123
73
16
100
156
181
164
104
171
100
67
117
185
113
160
162
192
112
116
192
34
184
9
112
75
120
113
157
192
190
28
54
155
53
61
148
90
30
57
88
51
89
39
53
46
47
42
109
47
61
59
13
115
8
53
12
53
52
134
53
42
43
61
10
24
47
52
53
96
6
52
111
44
58
76
125
55
157
156
99
43
9
31
39
0
