479
222
489
484
325
481
217
345
335
349
489
443
284
333
465
261
447
331
453
326
454
303
448
266
445
439
428
314
266
450
437
442
425
304
436
255
289
465
442
438
449
471
457
327
250
295
269
269
282
303
78
301
298
65
288
208
69
147
205
309
288
126
186
288
131
297
74
305
67
104
200
256
103
137
269
76
194
154
282
108
272
114
176
235
139
92
209
273
283
299
77
283
189
75
58
74
67
0
296
153
340
317
175
324
84
102
79
88
326
322
240
152
135
147
319
160
341
98
347
71
302
232
155
344
156
163
96
331
355
340
364
83
147
172
314
161
216
325
166
164
165
67
137
135
271
272
140
269
159
406
279
119
174
88
170
185
174
428
224
203
3
225
2
304
17
219
15
211
25
285
226
266
183
292
3
30
289
291
208
267
49
219
2
196
299
226
205
257
297
222
2
141
0
135
139
2
201
99
217
199
63
224
60
40
68
33
210
193
190
33
130
42
194
53
218
68
219
73
241
144
158
173
232
66
87
232
239
255
230
85
175
72
219
172
223
237
231
240
230
71
96
0
97
95
64
148
168
79
198
46
141
42
46
72
46
190
185
155
30
140
40
175
86
194
89
192
48
194
124
159
140
197
43
38
201
169
188
188
84
204
83
168
134
162
180
185
163
191
46
70
80
136
136
0
11
165
8
8
29
108
8
107
114
5
10
228
108
8
231
9
9
158
223
4
9
9
13
6
191
180
181
75
8
10
200
216
12
9
195
46
139
198
11
11
196
202
205
8
7
9
4
8
0
217
94
141
225
72
223
85
53
92
89
124
164
205
56
130
66
161
89
214
89
226
88
198
152
136
133
193
93
75
207
201
192
184
46
161
23
173
136
175
185
185
137
174
48
129
85
126
118
0
186
102
182
192
51
187
39
225
52
51
238
242
197
197
152
48
204
41
206
50
194
245
182
287
136
248
300
225
259
281
307
211
204
225
285
55
183
272
319
172
210
205
301
39
297
0
275
139
0
195
145
104
172
69
198
63
45
101
74
179
144
169
36
148
49
162
56
132
64
183
69
135
174
122
150
182
54
45
178
175
154
146
63
180
86
155
148
181
183
142
196
153
55
104
0
92
137
71
142
84
161
160
35
90
25
91
61
76
158
166
90
50
153
80
162
35
165
50
154
53
156
106
162
153
156
57
80
164
165
159
165
53
169
70
149
166
139
179
160
161
155
81
82
0
84
92
0
212
145
83
173
56
135
37
80
63
54
174
179
135
68
183
45
201
73
168
28
215
51
219
193
219
215
220
70
65
165
212
131
163
76
195
52
172
177
159
128
162
160
160
48
121
19
116
108
17
120
86
51
140
72
72
71
68
51
73
116
137
74
56
105
55
107
46
112
63
127
68
101
84
129
99
96
33
50
80
105
110
117
79
94
17
117
102
72
131
122
85
139
51
52
35
62
52
34
128
49
113
61
56
129
56
44
60
66
103
112
50
54
119
50
121
51
111
34
118
61
133
100
64
135
146
50
67
134
130
136
142
66
111
23
90
141
100
116
149
147
120
72
58
0
61
59
0
202
95
205
193
69
239
35
68
68
61
188
222
186
179
115
64
202
233
275
249
205
248
200
95
204
259
189
224
231
260
205
199
287
53
267
26
197
128
198
202
234
272
274
60
102
226
88
93
214
185
49
105
182
86
201
64
85
78
88
85
194
95
103
99
22
197
11
85
20
109
66
196
95
89
98
105
25
61
105
98
101
128
22
98
118
91
85
141
148
110
208
210
79
73
18
72
87
0
