309
110
306
310
180
298
111
202
205
211
304
268
128
170
273
156
276
182
270
186
264
180
242
141
251
251
236
169
140
237
239
245
245
173
223
139
148
236
231
230
241
232
242
165
141
152
139
154
156
129
31
137
142
45
144
86
28
73
98
150
115
47
93
138
57
125
42
137
30
54
97
145
53
47
150
47
110
73
152
48
151
55
85
89
72
54
101
138
141
138
40
141
93
39
36
39
40
0
156
81
172
164
74
188
32
31
27
31
167
160
127
76
61
75
178
80
197
52
183
34
177
127
71
196
78
81
59
210
193
193
193
66
77
83
180
83
144
215
79
79
80
53
58
56
152
147
55
130
59
230
134
59
97
56
101
115
107
227
90
76
1
94
1
124
6
82
8
97
8
109
90
108
87
120
4
10
127
119
82
108
12
105
0
73
139
98
91
115
143
102
1
66
0
65
66
1
58
14
61
60
27
64
31
25
40
14
59
54
56
10
41
17
59
20
62
32
51
34
49
27
54
55
50
35
13
45
46
44
46
18
55
29
39
40
59
60
54
53
60
29
27
0
29
27
37
76
74
29
78
9
71
6
12
36
7
82
68
79
10
42
6
59
39
73
47
75
12
74
42
80
71
79
8
8
79
87
83
76
39
68
37
79
46
81
67
75
74
74
10
34
48
69
65
0
1
34
0
1
5
24
0
21
21
1
1
53
17
0
58
2
1
28
54
0
0
2
0
1
76
36
58
39
1
1
68
70
2
1
50
12
32
47
2
1
49
56
46
1
1
1
1
2
0
89
46
83
97
14
92
11
7
11
14
72
91
97
12
84
16
77
21
110
18
113
17
106
85
75
68
106
15
24
117
114
119
119
21
79
7
103
88
115
106
105
71
108
20
79
16
70
66
0
129
66
136
140
37
136
34
127
41
41
165
149
130
93
76
47
140
39
135
40
146
124
145
185
93
170
189
118
133
187
199
148
140
128
189
42
117
172
200
102
132
130
200
28
184
0
171
84
0
120
69
58
121
72
128
26
55
40
76
129
66
130
49
111
70
132
80
76
78
125
81
85
149
89
68
128
80
68
156
143
80
85
76
107
43
105
78
154
145
66
140
85
63
54
0
58
68
40
71
31
73
137
33
90
49
21
85
19
69
110
71
54
117
15
123
42
127
68
129
59
130
90
72
127
131
64
17
141
144
129
128
61
73
15
105
62
113
111
120
125
119
18
52
0
46
50
0
99
89
68
117
33
72
41
31
25
45
118
115
78
34
105
31
114
27
106
27
110
27
120
111
121
126
118
32
26
108
115
82
120
24
104
20
109
103
114
96
104
123
101
24
89
11
76
65
12
57
38
20
53
40
23
34
38
27
42
47
48
29
28
42
31
46
22
50
39
44
35
42
41
57
46
44
20
32
47
51
58
54
28
34
13
45
33
27
46
46
26
47
19
11
16
25
13
18
76
27
82
68
10
83
21
8
14
13
93
84
59
26
89
25
89
17
91
10
89
16
89
91
76
94
85
21
14
86
89
98
90
22
79
10
86
93
82
79
87
85
89
27
67
0
54
58
0
83
46
101
105
26
143
13
29
25
28
94
102
100
134
59
37
99
134
164
139
110
139
99
60
104
164
95
122
131
164
102
107
163
35
172
21
106
89
113
102
154
167
152
28
56
123
64
54
118
66
7
22
77
61
72
51
56
62
61
11
59
32
52
21
7
65
3
20
7
22
46
81
24
28
21
23
8
19
25
25
24
57
6
19
55
22
23
39
70
22
88
79
55
25
4
14
14
0
