90
44
102
99
53
99
36
60
58
56
98
98
61
53
98
45
90
57
99
56
98
52
94
45
93
99
92
57
45
94
93
89
98
56
99
44
59
96
101
95
101
98
98
54
55
50
53
55
38
54
12
54
60
19
61
41
13
26
39
59
61
37
31
66
33
61
17
60
16
25
35
57
21
36
51
21
33
26
57
22
54
27
32
46
20
29
43
53
54
54
21
55
39
15
12
17
18
0
68
26
70
74
34
74
23
21
22
27
139026
70
42
22
24
23
67
27
68
24
67
20
57
47
23
65
22
22
19
61
54
68
64
12
22
25
50
24
39
51
25
22
25
8
21
16
47
41
18
57
34
141
56
22
93
87
110
89
97
137
37
32
2
39
1
73
34
68
37
39
43
76
61
73
32
80
1
40
80
79
39
76
28
43
0
43
75
38
70
73
73
40
1
24
0
24
27
0
89
58
98
98
37
98
24
21
28
29
105
103
76
30
69
31
102
42
94
36
111
31
102
95
54
73
102
34
40
102
101
94
95
50
78
30
105
85
96
82
113
99
100
30
39
0
34
50
27
32
69
25
67
34
28
42
49
13
52
75
67
36
32
67
47
80
10
65
14
69
45
83
61
33
33
69
50
52
84
42
84
68
14
76
17
36
55
29
77
96
33
74
40
16
15
28
30
0
13
61
14
10
29
59
9
57
48
14
15
80
37
11
78
15
17
46
88
12
19
12
20
16
66
59
68
29
15
12
73
91
12
14
86
37
51
80
13
11
83
85
84
14
9
17
4
16
0
58
25
33
61
11
69
29
18
24
23
40
46
59
20
41
25
63
25
64
20
51
27
50
42
43
46
62
20
32
63
50
56
61
25
47
27
61
54
49
65
60
40
51
30
38
20
38
33
0
51
32
56
52
17
56
13
81
21
10
89
85
58
46
42
15
60
11
56
11
46
105
62
124
50
105
116
77
84
130
122
60
56
83
117
14
65
106
126
53
60
75
124
13
102
0
103
46
0
58
46
34
45
19
51
11
18
28
16
52
45
48
12
48
15
47
20
44
18
51
15
39
65
40
52
50
17
21
58
55
52
52
21
59
30
51
47
51
54
50
58
53
20
33
0
28
42
13
67
28
56
66
15
48
11
17
22
20
63
91
61
23
78
25
78
15
74
19
84
26
80
51
70
88
88
28
19
77
76
81
83
26
68
21
81
65
55
94
93
85
72
22
38
0
44
47
0
84
97
68
102
21
74
18
10
5
32
108
103
77
11
99
32
86
11
105
21
100
32
88
67
96
96
97
7
8
105
82
81
112
16
91
13
87
76
104
84
93
105
73
31
82
1
77
75
2
63
33
25
68
25
27
13
12
22
26
37
75
31
27
40
12
36
15
68
10
67
11
27
29
55
36
48
18
12
41
65
56
57
34
48
5
46
39
38
64
58
30
53
11
28
11
32
32
4
41
15
32
22
28
46
29
18
31
32
34
43
15
18
38
24
42
23
27
17
38
20
38
43
22
40
44
17
23
46
34
34
46
30
39
18
36
53
42
39
61
65
36
36
13
0
13
14
0
83
40
88
89
36
77
18
36
36
32
85
78
92
91
62
33
84
101
123
95
100
89
97
55
83
108
78
107
125
106
83
79
119
29
122
21
84
74
82
96
98
134
113
34
32
105
30
42
101
106
16
24
101
65
102
54
76
74
72
17
100
28
78
30
7
83
4
21
9
31
61
107
27
20
25
29
6
22
31
31
31
93
7
30
81
27
29
67
76
32
111
106
47
19
4
23
15
0
