340
150
366
379
163
362
90
177
172
172
356
362
217
170
363
164
375
171
359
165
372
169
364
214
350
366
356
160
138
352
368
351
354
167
328
140
189
342
349
329
349
338
345
166
204
154
204
208
160
165
31
171
164
31
172
140
28
125
141
166
140
56
128
155
119
153
36
141
28
34
130
142
41
48
163
29
135
134
151
39
153
40
119
55
116
40
125
149
146
152
28
143
119
22
25
24
29
0
202
90
210
203
82
220
85
84
66
77
222
208
142
71
65
74
205
77
214
90
224
78
204
128
87
214
85
85
88
212
227
206
225
86
76
80
182
87
147
217
79
85
87
75
68
64
136
140
60
155
48
223
159
59
111
45
87
101
99
219
143
107
4
139
2
161
4
114
7
145
10
127
123
142
116
157
5
9
158
154
125
136
8
130
3
119
143
128
124
119
146
128
4
107
0
102
102
4
93
24
115
114
3
106
28
9
30
3
110
102
127
1
103
3
102
6
99
30
101
32
101
99
108
120
106
28
3
111
116
112
114
6
124
29
110
97
101
112
114
114
107
29
92
0
101
97
23
95
44
61
96
4
97
4
5
32
4
89
81
100
2
74
2
86
38
87
45
87
2
94
87
109
112
101
3
4
100
120
93
94
45
110
42
110
81
96
108
98
110
104
8
67
45
107
113
0
0
29
1
0
2
25
0
22
28
0
1
38
13
0
38
0
0
19
39
0
1
0
0
0
28
24
35
10
0
0
32
35
0
0
30
2
21
33
0
0
32
28
32
0
0
0
0
0
0
81
44
76
97
14
96
16
8
12
13
67
75
86
18
75
16
72
22
95
18
95
17
97
77
71
70
100
25
26
100
105
105
105
30
72
13
109
86
112
119
113
72
117
33
74
24
61
67
0
176
83
154
184
53
173
46
121
54
55
194
178
171
83
122
51
165
45
176
45
173
121
157
192
123
185
214
122
132
225
220
163
159
115
202
29
142
192
214
134
143
155
205
20
195
0
193
101
0
151
128
76
147
29
153
21
33
39
38
153
123
151
22
134
32
157
37
127
42
167
39
135
167
126
125
168
42
41
172
159
134
140
44
160
39
135
134
164
160
122
172
132
47
120
0
113
137
36
152
55
162
201
23
165
46
21
68
19
162
192
154
60
202
20
206
45
206
61
210
59
202
159
165
221
212
57
18
209
206
215
219
58
164
15
177
150
176
217
221
211
215
17
134
0
143
133
0
103
107
74
149
71
82
49
32
27
62
140
122
95
40
123
45
94
30
125
38
104
41
108
104
106
116
113
30
34
138
111
79
141
26
91
19
99
95
154
73
84
143
84
61
73
10
72
74
9
93
36
24
103
83
21
35
38
82
82
41
94
28
82
44
37
39
78
97
36
93
39
39
36
98
42
35
32
35
92
103
105
109
88
38
16
103
90
31
91
104
26
101
24
10
20
20
9
16
101
40
60
39
61
114
20
64
69
75
55
115
52
14
113
15
110
70
58
57
112
74
108
53
56
112
112
17
70
107
104
111
110
69
61
34
43
118
89
68
126
130
59
73
33
0
35
36
0
163
55
161
157
88
164
55
90
82
86
170
119
156
99
93
86
173
125
167
133
169
136
156
80
166
167
168
123
128
180
162
165
181
91
172
37
165
126
170
177
161
178
177
87
65
133
68
69
122
153
12
22
150
130
156
124
132
134
131
13
150
20
128
25
7
140
2
18
9
25
119
149
17
16
21
22
8
17
21
19
19
138
4
20
129
16
20
29
132
21
147
138
116
18
5
16
17
0
