187
79
206
181
101
185
69
110
106
114
190
182
102
105
176
97
178
100
175
110
177
102
198
113
196
198
194
101
92
201
191
196
189
98
202
88
120
190
200
195
209
212
194
105
115
104
116
115
103
113
15
114
116
17
108
94
6
72
92
123
118
42
106
132
86
132
25
133
14
32
114
125
21
31
129
14
99
95
131
24
124
21
99
59
71
23
87
110
116
115
14
117
92
12
5
9
10
0
124
50
133
126
34
130
51
48
49
54
133
145
64
27
24
30
142
30
140
70
161
63
133
63
32
153
35
33
76
151
147
155
150
60
35
34
115
36
91
134
37
33
37
51
23
23
74
79
22
122
68
185
139
41
81
36
65
72
69
198
119
93
4
124
2
141
7
92
5
122
10
97
102
121
95
131
4
5
133
131
107
111
5
117
2
105
124
118
103
111
130
114
2
83
0
89
94
1
75
30
72
74
21
73
14
9
15
21
75
74
54
9
62
21
76
25
80
15
79
16
72
40
51
61
70
15
22
78
73
82
77
19
52
15
59
64
77
77
82
77
79
19
42
0
46
45
17
63
62
41
82
15
59
10
16
9
13
88
71
66
7
50
5
77
13
84
14
74
12
80
43
62
59
84
18
12
75
65
84
84
13
83
15
63
53
59
76
81
60
79
13
43
15
58
60
0
2
30
2
2
2
20
2
23
19
2
2
39
19
0
42
1
2
20
45
2
2
2
2
2
46
33
35
20
1
1
48
50
2
1
47
8
33
41
2
2
47
42
49
1
1
1
0
2
0
59
29
46
58
10
65
21
11
18
17
37
45
61
7
45
7
48
11
58
11
59
12
54
45
45
42
51
18
3
49
55
56
48
4
48
7
56
47
53
52
54
44
54
7
49
15
43
46
0
80
34
73
76
16
68
14
87
20
19
107
74
77
59
50
16
78
14
71
17
75
90
80
108
53
110
119
80
94
120
113
75
74
77
121
7
59
105
126
64
69
70
115
9
116
0
116
56
0
64
45
28
56
24
71
5
21
11
23
61
47
57
11
58
19
57
16
52
18
67
20
40
59
51
50
55
18
18
57
62
48
56
22
51
15
58
49
60
64
50
63
47
17
38
0
46
51
17
61
26
70
93
20
68
13
21
30
17
68
82
61
28
86
21
82
13
83
28
80
26
95
74
68
103
93
34
16
92
95
96
101
41
69
13
89
76
86
113
109
115
114
16
55
0
59
58
0
81
59
50
81
26
56
21
19
18
26
88
63
49
21
65
4
79
21
71
12
80
10
91
82
83
86
80
20
22
65
80
55
65
19
77
13
72
71
75
57
80
80
74
24
56
5
52
51
5
52
13
15
52
37
14
8
8
33
35
22
40
18
25
17
10
18
19
41
8
42
9
18
19
47
21
18
16
9
40
50
46
55
25
16
10
42
36
18
45
44
14
45
10
10
5
16
14
7
47
9
29
17
26
49
13
22
32
24
29
46
19
13
54
8
50
31
25
28
46
28
47
34
25
45
48
11
23
49
44
43
45
20
34
9
32
39
30
28
41
38
31
19
16
0
15
19
0
56
24
62
64
25
82
15
23
28
29
56
43
60
77
46
23
59
93
109
94
58
97
61
45
55
113
58
100
92
102
63
59
110
23
98
11
61
59
62
58
95
92
106
24
25
85
22
22
85
65
12
23
72
53
70
48
54
55
53
17
72
33
53
19
3
72
2
19
4
20
44
76
18
20
21
22
4
7
21
19
24
71
2
20
63
19
16
20
76
23
73
74
61
17
4
16
22
0
