378
172
376
381
225
380
156
246
255
237
389
366
187
245
373
184
357
242
371
244
359
237
326
209
326
334
330
225
187
329
331
328
323
206
326
184
217
336
332
342
335
342
334
226
206
210
196
210
209
243
60
256
252
66
246
166
44
137
179
246
241
108
162
261
127
253
61
261
52
87
171
237
92
116
233
67
176
132
241
86
235
91
154
200
109
92
155
250
247
240
79
247
161
57
40
55
54
0
236
109
261
257
124
259
82
72
79
78
275
264
185
97
85
90
279
101
282
97
285
88
262
160
107
284
104
110
94
270
283
299
292
70
103
114
232
116
170
81371
102
119
103
56
78
79
194
196
81
193
113
329
222
76
153
106
138
171
165
329
183
157
4
197
1
231
14
171
29
206
31
240
213
236
169
262
7
43
267
256
188
244
38
191
1
184
243
193
205
219
257
198
3
133
0
126
141
1
161
64
176
179
80
164
54
27
62
61
182
175
108
50
132
70
161
83
176
50
165
60
175
124
101
129
164
57
77
174
175
157
192
73
118
47
151
147
164
176
162
174
188
48
61
0
72
62
55
114
137
71
139
37
105
34
37
51
50
144
142
124
32
118
45
143
60
164
68
151
41
160
99
115
124
158
49
46
171
128
160
161
64
158
59
128
116
131
165
167
124
159
57
60
50
95
92
0
12
135
14
9
23
106
10
109
108
8
13
157
84
11
155
9
12
78
158
8
14
12
16
10
115
119
133
34
12
6
137
129
10
10
155
25
97
156
13
10
148
147
164
10
11
12
7
11
0
141
86
102
168
44
156
48
33
48
46
92
110
127
42
93
45
126
54
148
56
147
59
143
100
102
101
148
52
61
133
156
149
147
58
113
25
151
133
152
155
158
90
158
66
96
46
83
87
0
176
101
160
189
57
189
54
173
60
67
226
186
173
149
137
72
197
61
188
66
177
188
179
244
135
232
247
171
207
258
261
189
197
181
237
71
170
227
235
161
178
188
259
54
226
0
228
125
0
171
130
87
163
68
163
26
66
59
75
158
110
173
52
162
72
177
81
117
91
200
91
130
185
132
108
178
87
76
185
183
131
120
71
166
54
142
138
169
172
120
178
129
71
92
0
87
100
59
157
69
161
176
53
117
29
52
70
45
171
180
143
52
185
55
185
34
181
61
198
68
179
156
162
180
198
62
51
191
193
186
189
57
165
58
184
161
163
193
200
205
204
46
113
0
112
117
0
162
128
98
158
31
122
28
45
43
45
154
149
139
51
159
46
191
43
162
30
174
39
180
180
192
181
188
44
48
166
170
152
168
43
174
31
152
159
177
115
147
156
136
46
116
8
94
92
15
119
70
41
109
76
46
50
39
54
74
71
105
65
71
56
41
66
57
104
41
111
43
63
58
94
63
64
48
36
89
100
105
99
62
62
25
101
81
49
90
89
70
97
31
29
26
44
36
23
99
26
113
61
36
111
49
35
44
47
106
105
60
39
124
40
114
48
96
30
103
38
120
104
81
105
121
38
44
119
122
126
117
46
100
29
83
132
108
89
119
128
101
49
58
0
52
53
0
178
79
188
176
48
207
23
51
55
65
176
140
188
181
127
63
184
186
228
195
203
196
185
128
204
255
200
177
198
241
204
195
250
73
230
40
187
142
204
199
211
246
240
63
78
183
72
83
185
180
27
67
172
139
174
101
129
116
135
41
200
61
139
61
19
199
9
63
19
57
117
197
63
54
62
54
21
59
56
60
61
187
18
57
143
47
56
107
159
57
200
223
123
42
12
43
41
0
