277
132
288
280
163
288
103
164
161
168
273
296
152
159
298
150
306
162
295
161
301
152
278
168
286
279
275
150
137
285
277
286
282
157
278
134
152
293
294
280
285
287
290
154
148
147
159
155
147
178
35
192
186
24
179
157
22
140
173
185
191
58
180
210
168
203
27
201
21
31
183
206
40
49
220
28
199
184
216
39
220
38
158
72
147
35
164
188
183
184
28
189
179
24
24
26
25
0
174
68
180
185
52
194
73
76
73
76
189
187
120
44
38
43
187
40
201
79
204
72
178
108
51
185
49
44
79
189
193
192
196
63
43
54
123
48
139
157
52
49
52
57
41
33
125
121
35
215
57
291
229
106
129
56
133
137
141
313
169
110
2
171
2
184
3
132
2
172
5
116
172
165
146
173
7
2
174
169
155
156
6
156
2
157
174
165
160
138
173
155
2
136
0
141
141
3
58
30
66
66
10
66
15
8
23
10
56
67
54
11
59
16
67
12
68
20
66
24
69
56
47
50
68
18
16
66
69
69
66
11
60
19
66
56
64
64
64
66
68
22
32
0
32
31
19
85
66
44
90
6
75
7
7
19
9
92
89
85
4
83
12
86
28
85
28
87
7
91
81
83
82
87
8
10
91
90
86
86
28
93
28
81
75
80
85
87
83
81
8
60
27
76
77
0
9
48
6
6
15
42
7
46
47
7
8
68
47
4
70
7
6
45
64
5
8
6
8
9
69
55
66
44
7
5
76
68
8
6
69
25
60
71
8
7
67
68
65
7
6
6
4
7
0
54
17
39
58
18
55
22
14
20
18
47
43
53
19
38
17
47
24
61
25
60
22
59
42
47
61
73
34
24
65
69
67
67
20
56
19
59
55
62
57
67
45
57
21
51
29
34
37
0
71
32
70
73
27
66
21
138
29
27
130
90
66
80
64
27
77
25
68
29
66
137
75
147
65
141
151
111
132
154
148
77
77
121
143
38
70
128
153
75
87
86
145
28
137
0
136
42
0
72
40
22
68
33
67
19
31
24
32
73
49
72
22
70
33
77
38
44
39
72
40
47
69
41
42
76
47
38
80
78
40
44
50
70
28
68
49
84
82
46
84
47
45
37
0
31
44
28
87
27
94
105
15
54
11
27
25
21
94
86
59
19
95
30
90
15
99
18
92
20
86
64
80
86
88
15
24
80
90
83
89
10
81
25
70
81
68
89
83
80
86
24
55
0
58
49
0
140
62
96
123
11
89
10
24
19
10
116
126
102
26
121
11
137
23
122
4
135
11
145
137
150
139
146
31
17
131
145
113
126
16
145
23
141
135
125
113
141
113
137
13
109
8
107
101
7
21
20
9
30
11
11
19
20
13
17
24
21
13
14
24
18
24
15
24
19
26
19
23
21
26
22
17
5
12
26
28
30
29
28
14
11
38
32
11
36
35
15
35
11
9
13
14
8
11
56
35
51
38
18
61
16
9
19
19
56
58
29
21
54
19
61
20
56
14
60
22
69
52
35
68
71
19
23
70
83
68
65
33
59
10
40
80
52
56
75
76
71
37
38
0
40
43
0
69
27
77
78
23
131
17
20
22
27
74
76
68
125
33
24
76
134
155
149
79
147
80
44
90
155
82
127
134
155
91
90
164
36
153
9
89
57
77
89
147
157
163
30
36
135
36
38
126
67
17
26
81
49
76
45
50
60
54
22
82
16
56
27
16
83
7
27
16
25
51
96
32
20
32
27
15
14
26
31
27
91
14
23
100
28
28
44
107
25
123
125
97
21
11
19
19
0
