572
306
583
567
437
567
335
473
478
464
586
598
395
481
588
386
609
459
611
456
600
433
624
379
609
624
621
431
372
610
617
631
605
446
623
360
422
660
633
642
641
629
651
455
365
420
345
364
407
443
112
427
430
118
440
323
91
241
318
457
437
189
330
479
295
457
124
448
90
168
344
434
129
178
450
108
338
269
470
141
444
149
297
307
226
147
313
427
437
440
104
423
316
96
70
84
92
0
502
214
522
519
253
524
207
194
166
187
544
507
321
229
191
210
527
224
532
202
529
164
515
319
242
517
232
235
202
510
541
539
548
175
202
228
403
231
289
466
241
226
235
121
174
162
369
357
161
457
238
612
471
169
260
126
229
256
243
623
358
323
9
389
4
457
9
284
12
377
21
384
368
383
314
448
8
11
455
472
374
416
23
376
6
347
442
382
335
363
458
391
3
255
0
240
255
4
226
111
232
251
86
243
77
51
75
61
242
241
189
49
184
59
257
74
240
83
242
76
245
173
182
171
248
76
86
267
246
260
262
74
183
75
221
184
229
247
252
249
243
79
111
0
106
108
76
271
276
142
337
35
251
26
35
123
36
335
276
279
12
204
11
251
121
290
134
294
20
297
211
281
283
293
25
21
305
288
310
314
132
305
124
293
204
293
301
301
295
288
24
156
136
263
244
0
11
190
14
12
47
140
11
147
141
9
15
252
123
6
264
9
11
147
254
11
11
9
21
15
222
189
195
83
7
12
231
233
17
7
218
30
177
225
19
17
224
211
213
9
11
10
5
10
0
230
109
159
263
72
238
73
55
78
81
162
185
241
77
162
74
182
108
267
99
262
92
247
185
167
158
246
81
98
265
252
247
252
88
183
57
256
218
239
257
261
167
265
93
141
85
120
115
0
264
158
267
275
89
274
78
347
95
104
351
343
276
289
194
97
291
76
299
107
300
352
293
387
175
371
415
353
380
391
416
300
286
359
401
105
259
374
392
224
317
304
412
69
367
0
369
167
0
273
196
127
255
112
284
91
98
128
114
279
178
252
61
216
113
259
129
182
129
289
130
201
256
145
192
248
102
91
270
262
189
197
87
200
125
156
194
249
250
195
254
204
79
136
0
132
201
128
210
119
218
232
29
142
44
88
69
78
230
242
155
88
231
91
254
61
256
92
238
94
249
160
208
251
261
84
85
265
253
258
266
79
232
81
229
217
219
266
265
253
263
83
149
0
149
161
0
303
168
128
210
48
196
30
106
103
41
205
210
169
117
211
31
295
125
220
25
310
34
301
285
316
331
317
116
95
207
309
178
214
101
285
68
245
284
215
166
258
211
255
44
171
28
178
143
27
123
101
47
131
58
85
91
100
42
62
132
114
70
60
126
91
128
46
127
101
117
103
122
107
123
123
107
25
87
80
97
101
101
68
117
15
122
97
78
108
116
83
112
48
35
49
67
42
42
176
59
157
108
62
197
67
49
72
77
190
217
112
60
203
66
207
67
176
53
222
65
207
175
129
203
202
68
73
202
205
184
201
76
188
33
155
219
149
165
210
212
187
94
91
0
99
101
0
262
131
294
285
66
356
28
70
74
76
286
298
271
279
191
83
293
317
398
352
294
353
294
192
290
396
305
306
328
391
299
312
418
87
386
37
296
196
292
296
369
416
405
87
154
344
146
145
307
217
40
104
236
142
231
106
143
147
135
71
229
89
163
97
29
233
17
80
32
87
110
246
97
78
97
100
34
68
106
99
97
191
25
98
159
85
94
138
198
95
235
239
137
67
22
70
71
0
