223
123
245
241
144
241
104
166
165
164
245
237
137
160
244
124
245
150
250
150
248
148
224
155
246
230
228
138
123
236
242
219
235
150
244
127
127
244
243
248
252
237
248
149
136
134
129
136
119
134
47
144
141
30
139
95
18
78
102
155
154
50
119
152
89
152
38
159
17
63
116
145
57
67
148
43
113
78
154
54
153
51
87
112
60
58
83
124
135
137
41
131
87
23
10
24
26
0
163
79
163
174
68
162
51
49
52
54
178
171
101
56
52
54
165
52
168
52
168
39
162
106
58
159
59
65
55
154
165
164
166
44
61
57
149
64
123
164
58
60
67
43
46
34
116
112
38
128
73
185
132
55
85
51
89
92
86
197
116
86
2
125
0
140
7
88
7
118
13
106
108
115
101
135
1
10
131
124
103
114
8
121
0
104
114
113
94
107
119
109
0
74
0
70
72
0
62
27
76
67
36
66
17
15
20
24
73
81
40
24
53
26
76
36
78
17
80
19
78
34
36
40
86
22
39
83
84
83
87
43
44
15
72
59
79
88
82
86
92
19
22
0
23
25
13
65
88
34
92
17
56
13
18
24
21
95
82
69
10
52
8
71
32
77
35
80
10
87
57
68
61
90
14
11
83
72
82
84
32
82
31
75
49
63
90
86
75
83
16
36
30
55
54
0
4
50
7
8
12
40
5
40
41
3
8
83
16
1
85
4
4
39
90
2
6
1
4
3
48
49
50
11
4
6
59
63
5
5
68
17
43
64
6
6
71
69
68
2
4
4
2
4
0
53
32
46
56
17
61
18
16
20
20
43
39
68
15
39
18
53
30
71
35
70
25
63
46
43
39
62
20
27
75
67
67
63
27
44
19
67
54
67
76
78
53
68
29
39
18
30
32
0
79
32
87
82
37
86
37
121
35
35
115
84
87
75
53
30
73
35
74
35
80
121
86
131
40
125
133
104
126
134
141
92
88
114
131
35
60
113
137
65
87
84
130
35
125
0
128
46
0
72
43
25
69
44
75
16
42
34
44
73
42
74
19
63
34
72
39
41
38
79
40
45
74
37
44
65
30
26
69
73
40
38
30
59
26
65
42
74
63
42
73
44
32
31
0
28
46
26
61
23
72
88
11
56
11
28
23
21
71
85
62
20
87
20
86
20
89
21
82
18
91
67
75
84
91
24
25
86
80
82
85
24
87
21
73
74
69
83
83
83
81
20
50
0
53
60
0
100
37
59
78
9
72
6
35
28
11
74
81
71
35
90
8
96
31
91
8
107
8
104
108
102
107
114
28
25
85
103
78
86
29
98
26
96
95
90
77
93
93
90
10
71
10
67
74
7
36
27
21
32
13
21
23
22
6
12
39
39
24
15
40
21
34
11
39
23
37
22
34
36
34
32
31
10
16
31
40
37
35
25
31
8
47
47
28
43
39
23
40
13
19
8
24
18
12
43
7
40
37
13
51
16
10
16
14
49
50
33
16
55
13
52
15
52
14
54
21
53
48
45
55
53
11
21
57
58
50
55
28
51
13
43
66
47
49
65
58
49
30
28
0
35
34
0
92
38
92
88
35
113
12
31
31
29
83
77
89
95
63
34
84
98
130
111
86
116
98
70
98
132
103
105
116
134
101
104
138
34
139
19
102
77
103
103
127
142
132
32
54
110
47
51
108
74
11
26
68
57
75
41
50
50
61
19
68
21
49
25
11
64
6
24
10
28
34
54
23
23
28
25
7
21
21
22
31
56
5
24
53
23
29
33
59
29
69
73
43
21
7
23
21
0
