1229
732
1266
1255
842
1256
605
890
894
899
1256
1187
816
894
1194
873
1192
876
1175
877
1170
853
1097
792
1086
1097
1063
760
745
1033
1028
1041
1042
755
1024
716
707
1026
1029
1015
1022
1033
1040
795
823
803
852
856
848
209
32
207
207
11
212
177
11
155
180
217
216
48
193
221
189
221
22
224
10
33
195
215
32
67
225
21
189
178
217
33
215
28
211
90
184
37
194
230
227
226
24
242
213
15
7
15
15
0
596
170
645
659
44
661
107
109
99
104
655
624
471
31
25
26
621
34
634
106
642
93
695
515
38
712
41
40
169
713
734
711
733
295
32
47
613
42
706
880
38
44
46
291
26
24
558
583
19
252
103
968
251
65
820
696
767
784
771
1012
209
183
3
203
2
240
4
172
11
209
12
251
203
256
173
288
3
42
291
294
202
252
15
193
1
179
222
199
193
183
232
201
1
158
0
158
159
0
69
27
76
73
23
69
9
9
15
20
78
95
46
16
73
32
94
39
90
14
96
16
77
60
47
53
88
15
31
82
83
79
81
24
48
14
73
68
82
88
88
82
83
13
41
0
41
45
14
104
110
68
150
12
94
15
15
17
15
145
112
99
6
91
7
112
15
112
17
116
8
109
100
108
107
117
13
13
112
105
108
114
16
135
12
108
86
98
138
128
101
138
18
79
15
97
99
0
5
43
4
4
12
33
1
39
35
2
2
59
28
2
63
2
2
39
63
3
2
4
4
3
54
44
55
19
1
4
60
62
6
3
63
10
52
64
6
6
56
59
59
3
1
2
0
2
0
71
24
41
71
24
72
36
22
36
34
44
49
57
16
41
21
47
30
62
36
62
30
71
46
43
33
71
40
31
68
78
78
75
27
50
12
78
58
78
79
78
52
79
31
50
34
38
41
0
66
41
68
69
20
72
16
876
20
20
882
79
62
70
50
15
66
10
55
14
62
874
61
898
47
893
903
527
883
903
901
58
60
693
900
8
57
560
899
51
53
61
894
7
894
0
878
39
0
46
24
24
46
9
40
9
7
18
7
45
37
48
4
40
13
51
13
34
16
45
15
32
50
40
39
48
9
11
52
49
39
42
7
42
20
45
45
43
43
44
55
48
8
40
0
43
47
22
87
24
93
74
4
64
4
33
6
33
96
78
61
7
76
43
82
9
78
7
75
9
80
70
103
82
77
11
39
74
82
79
79
17
107
35
82
103
73
83
86
83
85
40
58
0
60
65
0
845
52
805
813
11
786
8
41
37
13
824
828
823
37
828
9
851
34
838
8
876
8
871
869
873
863
874
42
39
838
871
834
843
44
872
41
860
851
853
843
866
856
870
7
850
15
849
844
7
42
11
14
52
28
19
17
11
21
21
24
42
13
20
24
13
28
16
37
12
40
13
25
23
51
25
29
8
9
40
52
52
49
40
23
8
60
49
20
61
61
23
59
10
15
8
16
16
3
37
9
25
15
20
41
7
21
24
28
26
45
14
6
45
8
41
27
22
21
40
26
52
28
28
51
50
7
29
50
46
50
49
41
26
13
23
60
46
25
62
63
24
40
13
0
14
14
0
87
20
94
105
56
816
43
59
51
58
95
43
94
856
39
57
100
873
893
876
98
879
103
37
106
893
95
863
869
883
105
99
875
53
883
18
90
76
89
89
883
886
892
54
37
858
33
39
839
96
16
34
93
59
93
45
61
57
58
32
109
34
63
40
3
98
0
37
2
48
57
119
42
40
47
47
2
27
42
45
47
109
0
44
100
36
44
57
117
40
132
138
90
34
1
36
31
0
