136
71
142
140
72
141
50
78
78
83
139
115
60
76
111
58
116
70
114
74
106
65
127
81
129
129
121
72
65
126
126
119
134
74
143
63
66
149
133
145
144
136
152
72
77
71
71
78
71
105
19
98
101
20
105
73
12
58
70
106
98
39
79
96
65
92
21
102
11
29
78
118
27
42
112
21
99
85
118
26
124
27
82
79
74
38
85
115
113
119
26
116
86
15
12
15
13
0
96
37
114
108
33
106
51
48
54
56
111
103
52
28
21
18
109
27
108
51
112
46
106
56
27
117
31
31
61
112
114
107
115
45
22
26
78
27
83
93
26
32
33
45
26
26
58
65
25
83
62
109
94
13
71
10
21
23
24
115
90
85
1
90
1
106
2
78
3
92
4
102
91
102
77
108
0
5
103
102
87
94
8
98
1
78
103
94
79
86
114
81
1
75
0
68
67
0
47
18
53
55
21
54
16
11
17
15
59
44
39
9
42
14
50
20
53
17
52
19
45
29
42
40
42
18
15
53
48
49
54
17
37
16
43
37
41
45
44
45
44
17
23
0
30
26
16
56
53
32
71
7
53
6
10
11
7
68
60
56
4
43
4
60
13
67
16
65
4
59
46
56
55
64
5
4
64
57
64
57
15
63
15
58
54
60
69
70
61
64
11
43
12
59
51
0
2
33
2
2
4
34
3
39
35
1
3
50
22
3
44
2
4
32
45
3
3
4
2
2
48
34
41
23
1
0
47
51
4
2
40
13
40
43
3
3
47
45
43
4
4
2
0
4
0
51
30
48
56
3
59
12
8
13
12
42
53
56
12
47
12
66
13
63
14
60
11
56
51
50
48
52
8
9
51
61
59
55
11
53
7
51
53
59
58
56
41
52
9
46
12
39
39
0
80
35
81
80
30
86
26
49
29
23
70
62
79
42
65
30
73
27
84
34
80
52
82
77
66
68
75
57
59
85
73
85
90
53
74
37
81
72
84
76
91
98
77
29
77
0
70
52
0
77
33
32
71
31
74
12
31
14
40
74
36
72
19
61
35
78
39
50
48
81
43
34
81
44
26
83
48
40
78
78
37
45
40
55
17
61
41
75
73
39
73
43
38
30
0
25
42
16
64
37
60
95
28
46
16
11
40
10
62
93
42
39
99
11
101
31
97
40
86
37
102
55
60
99
88
31
7
92
105
90
98
37
52
3
76
49
77
96
97
101
96
8
53
0
47
49
0
34
30
14
35
20
27
17
23
13
19
35
30
18
20
32
19
33
26
31
11
34
15
33
31
35
35
36
13
14
36
33
22
32
18
26
16
24
25
28
17
25
37
29
21
14
5
17
10
5
36
13
17
35
22
8
12
12
16
22
17
34
21
26
18
8
14
23
31
7
33
10
18
9
40
13
10
19
8
30
32
28
32
22
12
13
31
27
11
36
34
7
41
4
5
6
13
7
5
52
18
53
41
19
50
12
14
15
15
42
45
31
15
57
8
53
16
46
7
53
20
59
49
48
62
60
12
15
55
61
58
58
19
55
7
49
58
47
49
60
62
52
20
31
0
28
29
0
61
24
67
55
17
74
9
24
21
22
55
57
51
48
40
22
60
55
82
58
61
62
51
40
55
76
60
53
60
71
55
62
76
25
80
14
64
52
57
56
72
79
74
26
23
49
24
24
43
54
8
6
55
51
53
43
50
50
53
6
63
13
51
11
1
68
0
9
0
10
47
58
9
7
10
11
1
8
10
11
9
58
2
11
44
6
9
17
46
10
60
55
48
10
1
10
11
0
