342
105
332
339
164
339
108
178
177
170
351
277
163
163
276
133
278
170
290
160
279
158
282
155
276
278
279
164
124
266
272
282
285
156
276
133
153
266
285
271
272
272
274
172
150
145
155
154
142
176
48
173
177
36
168
134
29
93
137
185
176
65
145
182
132
187
39
189
30
56
153
166
52
82
181
41
127
103
175
57
171
52
114
102
108
54
132
150
150
162
42
160
122
36
24
35
33
0
168
85
187
186
75
195
59
56
56
64
201
171
136
72
61
53
183
72
202
77
199
61
188
113
75
192
78
86
81
203
198
196
210
49
72
73
159
70
121
179
68
78
76
37
55
48
137
133
51
168
78
237
166
49
121
55
87
95
94
236
137
107
2
134
2
164
8
130
4
148
11
130
126
140
117
161
4
11
157
152
129
148
23
141
2
121
185
137
126
158
183
142
2
111
0
115
112
2
79
44
94
88
15
101
30
24
33
8
100
96
85
19
70
18
108
27
111
30
106
27
99
60
84
77
108
30
25
109
106
112
107
21
80
30
90
84
103
106
101
100
108
30
59
0
54
57
28
79
85
44
99
20
70
19
27
29
24
108
106
82
15
66
16
95
37
102
38
100
30
84
56
81
80
100
16
16
97
81
102
109
35
90
37
72
64
81
86
82
76
84
17
43
31
67
65
0
5
56
9
7
11
44
2
45
44
2
8
68
36
3
72
2
5
28
75
3
7
5
4
4
70
53
68
27
3
6
73
78
7
5
95
16
67
90
3
3
80
86
86
3
4
2
3
5
0
85
39
66
90
32
88
35
22
32
31
74
66
96
28
58
26
70
40
105
40
98
40
110
59
54
51
102
41
52
106
115
107
112
61
66
18
113
92
116
126
122
62
120
58
74
45
53
51
0
129
68
118
133
41
131
34
126
44
44
152
135
134
95
93
47
142
35
131
46
127
121
123
165
79
150
169
109
136
166
166
127
129
119
160
30
110
148
168
108
125
120
158
30
164
0
172
97
0
96
54
47
104
28
92
28
32
40
35
107
56
101
28
86
45
97
41
62
46
102
47
64
102
86
68
98
45
41
108
105
71
70
49
96
35
96
65
115
110
63
105
63
52
46
0
48
65
25
68
36
75
74
17
42
24
38
34
41
77
74
48
36
78
36
78
41
80
40
82
38
85
59
66
91
82
38
39
86
85
90
93
47
66
33
74
73
71
91
87
92
88
38
28
0
32
29
0
116
74
61
96
29
81
21
48
43
30
104
98
63
48
105
37
120
49
103
20
115
29
122
105
114
115
114
44
34
97
108
71
99
40
105
34
101
92
95
68
92
103
84
33
55
9
68
60
9
57
35
19
67
47
31
28
31
42
40
46
57
40
33
49
28
50
33
53
32
51
31
44
40
70
44
32
24
19
57
75
70
68
45
45
12
66
54
32
70
74
41
81
18
25
12
41
25
20
66
16
57
44
32
75
28
25
41
32
64
72
46
22
79
26
88
47
53
22
87
38
81
56
45
93
93
24
46
89
89
91
91
49
61
17
55
100
76
64
96
95
65
53
44
0
38
43
0
109
41
118
110
36
149
17
38
39
35
114
97
110
105
59
33
102
124
161
136
110
124
104
66
101
170
98
131
135
170
108
85
154
24
154
8
98
66
86
92
137
181
167
19
56
110
56
58
115
69
26
46
75
34
82
18
39
39
38
37
72
34
46
44
7
82
6
38
9
45
26
84
50
36
50
49
15
19
41
48
39
62
9
47
56
38
47
69
67
40
99
94
42
34
9
32
33
0
