201
92
191
195
126
198
76
132
135
132
192
192
113
131
200
111
207
132
202
124
198
131
177
118
189
190
190
111
100
183
187
188
179
125
176
97
104
162
176
172
187
181
168
126
118
108
117
103
114
110
33
102
104
30
104
58
24
35
57
110
105
42
58
101
43
100
31
106
27
37
54
105
40
51
110
29
72
55
115
34
113
35
87
94
60
48
91
119
125
125
34
142
82
28
25
34
27
0
112
52
123
115
59
128
43
35
39
53
138
129
90
57
47
51
126
53
136
51
135
46
124
95
57
121
54
63
51
132
138
132
146
55
53
58
99
60
94
139
50
60
58
44
38
42
94
104
37
84
41
157
96
62
76
53
94
91
93
171
68
60
3
73
2
81
5
61
6
75
7
79
64
73
46
87
3
6
91
87
68
80
6
62
0
65
78
71
51
63
86
63
1
45
0
42
40
0
61
36
66
68
13
63
32
26
34
9
63
64
63
12
56
17
80
23
79
30
71
32
91
42
72
59
89
33
39
103
97
93
94
32
65
26
84
72
93
95
87
98
97
30
36
0
34
33
25
68
87
28
95
17
70
18
21
24
21
88
89
72
7
49
12
88
33
90
35
91
18
82
47
70
64
90
20
8
83
72
82
92
33
70
29
66
39
69
81
77
71
77
13
31
31
57
57
0
4
39
5
3
10
20
1
18
28
1
5
51
10
3
54
2
3
33
54
1
4
2
5
5
43
42
38
23
1
2
50
53
4
1
56
12
36
60
2
4
57
54
51
0
2
1
1
1
0
58
19
39
58
12
64
16
11
15
18
35
42
60
14
38
16
44
23
71
18
65
24
50
38
36
39
54
21
13
58
59
55
61
13
43
10
46
36
50
50
48
32
47
15
29
16
31
30
0
60
30
61
67
19
60
18
90
18
21
117
70
65
61
40
18
66
12
63
17
70
91
66
124
44
118
136
101
103
136
140
67
71
93
138
14
54
123
142
55
60
62
137
12
126
0
124
47
0
76
52
37
76
26
70
17
24
37
20
81
53
61
16
63
18
61
20
57
21
64
22
62
71
46
59
66
23
19
66
63
57
59
27
58
39
66
57
72
71
59
81
60
26
37
0
32
55
41
64
33
71
99
14
61
12
14
25
9
81
85
62
19
85
17
92
12
93
23
87
21
97
62
82
102
90
21
15
99
101
102
91
23
76
18
92
76
79
98
98
94
95
19
60
0
55
57
0
96
65
55
97
18
65
18
15
17
22
87
90
71
15
91
24
94
15
92
22
97
26
93
93
88
99
95
11
13
83
95
71
95
16
105
12
88
90
93
71
89
86
88
22
60
6
66
68
7
50
39
19
54
21
27
27
25
14
22
40
48
26
17
42
23
48
10
52
24
48
25
44
38
44
44
40
13
24
38
49
51
41
22
35
10
41
33
30
47
46
34
46
23
20
15
32
24
18
50
17
49
23
21
53
21
15
22
24
52
52
25
22
53
21
46
25
46
11
55
22
53
47
21
49
58
24
22
53
50
47
55
21
45
5
30
46
31
46
48
46
45
18
19
0
14
16
0
68
27
65
72
24
105
17
26
26
26
80
54
61
87
36
27
70
97
112
107
73
104
80
49
78
120
76
99
104
115
78
77
118
38
111
19
74
65
80
85
96
112
106
30
38
95
38
34
94
74
18
19
79
65
78
51
61
61
65
18
78
20
48
23
6
80
4
15
7
23
45
80
16
15
26
21
7
7
24
25
20
63
5
16
56
20
16
29
57
20
71
74
41
18
4
19
15
0
