179
105
182
186
131
184
94
143
148
136
179
194
124
142
196
118
199
136
198
135
199
134
192
116
195
204
199
133
113
201
195
194
196
134
208
109
136
208
200
204
209
217
209
136
115
128
121
110
131
122
29
128
123
20
124
106
14
102
107
134
129
38
108
124
97
121
21
131
16
27
112
120
27
51
133
21
116
88
132
29
128
30
105
63
82
32
111
125
130
131
23
126
113
16
19
18
15
0
150
80
150
156
58
167
69
60
60
64
162
165
84
64
39
49
164
59
184
88
177
77
161
86
66
169
67
60
89
181
176
184
173
43
53
62
126
65
112
145
61
55
62
36
47
42
105
111
36
146
60
188
148
38
93
35
65
66
60
185
120
97
4
125
3
145
14
96
7
126
13
122
110
131
99
148
3
13
138
146
112
141
4
119
2
104
127
119
91
102
132
126
2
96
0
74
92
2
58
18
58
63
11
65
11
8
14
11
62
53
51
12
46
11
62
15
62
19
60
14
58
54
58
59
63
17
11
64
63
58
61
11
64
20
55
52
54
62
55
54
63
19
43
0
44
39
17
70
39
44
60
2
69
0
2
19
0
65
64
73
1
48
0
60
28
66
26
62
2
70
58
77
81
74
6
5
71
82
70
80
30
78
26
87
56
81
74
61
84
71
5
57
30
71
77
0
3
29
3
1
3
32
3
28
33
2
3
43
13
3
39
3
3
22
43
1
4
3
4
0
44
36
46
12
3
2
47
49
3
2
55
11
42
61
1
2
56
60
60
2
1
3
1
2
0
73
24
37
69
29
70
25
12
27
27
39
43
57
17
46
18
51
28
66
28
61
27
57
52
40
36
55
39
22
57
62
65
63
27
43
12
65
48
66
73
68
41
71
28
39
28
35
34
0
91
51
83
98
33
97
32
112
34
40
113
98
104
82
60
38
103
23
105
39
105
103
83
125
60
109
134
105
112
116
131
99
95
105
123
20
78
108
126
67
90
97
130
18
115
0
122
54
0
80
68
43
80
25
81
21
19
26
21
81
59
84
13
69
24
84
26
61
29
94
30
64
87
63
56
89
31
28
92
89
73
65
23
82
29
69
69
90
91
60
104
79
26
46
0
55
55
33
81
34
81
71
12
35
9
31
18
24
81
72
48
15
76
27
72
8
74
16
76
22
75
53
71
75
76
24
32
79
77
75
73
19
75
30
83
69
61
87
85
84
81
28
53
0
53
51
0
89
61
38
74
15
63
13
37
33
15
83
72
49
32
71
16
89
33
70
14
93
19
90
77
92
84
88
32
28
70
87
56
77
29
84
25
74
81
78
57
89
73
76
24
53
11
53
43
9
46
23
10
47
35
17
27
21
32
35
22
33
13
26
18
18
28
23
35
25
33
19
22
26
44
23
22
9
21
27
37
44
39
32
22
7
48
44
16
41
45
25
47
16
7
15
13
9
10
52
15
31
22
30
55
14
24
37
36
24
59
24
14
55
12
55
34
34
20
52
32
51
36
30
52
60
14
30
57
60
56
55
27
34
8
29
66
42
35
59
55
37
26
26
0
26
28
0
85
41
95
85
26
121
9
26
24
23
85
91
92
95
53
31
94
96
128
113
92
109
94
40
97
126
92
89
101
123
98
93
127
31
140
9
105
66
101
100
105
138
131
22
42
109
43
40
99
81
17
38
87
49
88
36
50
51
45
36
96
34
50
37
9
87
5
40
8
45
36
91
33
33
33
39
8
15
38
34
40
75
11
35
66
24
33
48
68
30
92
87
48
27
9
31
30
0
