421
165
442
440
267
430
165
291
280
288
420
388
225
261
410
206
409
257
395
259
388
247
385
217
404
377
391
261
211
395
384
397
395
239
408
199
223
399
402
407
421
412
410
254
208
212
194
211
206
235
73
240
240
70
231
173
41
152
197
248
227
98
169
240
151
247
68
240
52
89
170
255
99
90
252
53
226
163
268
91
272
101
190
172
143
89
183
263
241
254
58
258
197
51
41
45
48
0
247
110
266
270
143
278
82
80
57
77
280
277
199
126
115
113
269
120
295
82
291
64
254
176
130
278
139
132
72
285
280
272
281
68
121
132
236
126
200
261
131
134
136
56
112
101
226
221
100
235
110
307
247
75
139
49
122
128
119
326
225
184
2
232
1
227
13
160
7
225
10
212
210
207
183
225
4
4
226
239
201
189
7
193
1
201
225
223
189
171
219
200
1
154
0
146
148
2
149
84
149
155
27
144
44
35
58
19
144
154
140
18
118
25
157
39
151
48
157
51
149
103
133
145
164
52
37
169
158
162
162
36
134
43
154
125
162
152
157
163
164
57
83
0
90
91
48
116
120
72
137
14
106
15
14
51
15
134
132
122
14
88
10
124
60
132
61
130
16
135
81
124
126
143
14
11
131
139
126
132
58
156
57
125
95
131
148
144
122
143
26
55
60
113
110
0
8
90
9
6
14
66
6
65
68
4
9
98
43
4
104
5
4
52
112
7
8
7
9
7
106
83
104
54
7
4
120
129
12
5
107
42
88
107
11
6
113
111
112
5
3
7
3
7
0
100
45
74
112
38
107
50
37
48
49
75
77
110
35
70
38
93
46
112
47
118
43
104
81
56
65
103
47
58
111
108
105
118
48
80
42
111
96
122
111
121
63
112
56
60
43
52
53
0
180
101
169
183
54
185
49
177
57
56
197
191
180
148
131
63
168
45
183
58
185
175
185
220
138
213
240
180
194
235
234
211
194
175
214
50
181
210
231
153
189
190
217
46
205
0
203
112
0
189
110
86
161
62
166
46
49
59
66
174
127
168
39
147
62
183
64
134
75
169
71
120
169
115
114
181
62
49
190
188
128
131
67
160
67
125
113
179
182
113
179
127
54
94
0
85
117
66
139
76
152
158
25
82
26
44
45
34
133
163
90
28
159
44
158
24
164
27
173
27
197
118
145
189
199
36
39
190
201
192
193
47
156
38
170
156
128
198
193
195
186
43
92
0
96
97
0
132
84
61
112
34
108
26
66
60
41
117
111
68
64
111
37
141
61
113
32
168
35
150
151
154
157
159
61
67
113
152
83
113
66
143
53
133
142
133
84
140
128
128
39
81
16
70
72
11
95
51
31
98
55
42
46
55
53
62
66
87
46
65
62
44
63
45
81
56
94
49
65
52
99
59
58
24
45
76
97
100
95
77
48
29
96
69
32
100
79
47
105
30
22
20
26
24
27
103
35
80
63
49
110
33
39
63
58
82
116
61
27
118
28
118
56
78
40
133
55
123
76
48
121
117
31
59
122
122
127
128
51
88
11
84
120
76
106
123
120
96
47
50
0
49
52
0
162
72
162
170
47
197
16
46
48
40
158
167
157
145
103
50
167
181
208
189
169
187
154
100
163
216
164
165
168
225
159
164
231
59
225
30
170
115
167
163
196
223
216
49
74
175
81
87
153
146
30
46
136
94
143
79
99
94
96
26
149
35
113
43
9
161
6
44
9
45
94
166
42
44
60
54
10
32
48
47
47
136
11
53
105
35
52
86
120
52
156
167
98
44
10
36
47
0
