342
143
355
361
196
362
112
196
194
207
358
351
154
192
334
142
340
202
343
187
352
196
318
166
307
308
319
166
132
311
310
305
312
160
303
128
156
303
293
308
310
312
311
162
168
142
165
185
134
201
43
192
186
62
195
156
38
120
147
192
191
64
153
192
124
193
58
199
40
69
154
185
51
64
202
40
152
122
192
53
208
55
171
129
135
65
159
215
205
217
45
212
175
45
36
43
40
0
189
93
199
207
89
221
68
61
55
66
209
189
128
93
64
74
197
88
216
79
206
57
180
132
89
195
89
96
57
198
193
193
205
44
90
87
188
83
139
200
85
89
81
39
56
58
149
156
51
186
87
252
187
51
115
47
87
93
90
256
160
125
1
166
1
184
4
130
1
163
3
148
146
149
137
180
1
4
183
176
163
153
5
166
0
152
177
169
130
158
182
165
2
124
0
119
130
1
74
30
87
84
26
80
35
12
39
16
85
85
85
17
81
19
90
22
87
31
84
38
83
70
76
82
86
40
21
82
81
84
82
15
84
34
73
72
82
78
84
83
81
39
56
0
47
51
37
92
66
40
84
4
82
3
4
39
4
86
82
83
4
60
2
76
31
90
45
86
4
82
60
89
93
81
9
5
84
90
78
83
47
87
38
87
60
90
85
94
102
93
7
52
43
80
80
0
3
64
5
2
11
47
6
50
48
3
5
86
29
3
87
4
3
48
81
3
4
3
4
2
72
56
71
33
3
2
78
74
5
4
84
15
63
84
3
3
82
84
78
5
5
3
1
4
0
92
40
67
95
31
99
31
29
34
35
62
58
78
18
50
27
71
31
95
32
99
27
92
64
55
58
97
40
37
95
92
96
96
32
60
20
90
80
94
97
96
53
91
36
55
31
52
50
0
128
69
121
137
41
130
36
120
41
48
129
114
114
88
87
36
114
34
120
40
112
116
110
157
81
144
157
105
120
164
169
109
106
121
143
41
104
139
155
92
124
123
164
27
150
0
150
84
0
95
60
45
92
38
103
26
30
30
43
89
64
97
23
83
39
109
41
67
38
111
39
75
103
69
72
103
42
45
111
109
79
75
43
82
48
89
81
108
102
81
110
79
42
56
0
62
77
48
127
48
137
121
20
83
18
32
27
33
121
129
86
27
129
40
123
17
126
28
128
29
127
95
131
128
125
26
32
127
123
123
126
28
113
39
123
118
97
130
131
131
138
43
86
0
85
87
0
108
56
56
85
24
59
18
41
41
26
79
91
65
40
87
30
99
45
78
16
97
19
102
100
113
98
106
33
33
84
105
60
79
36
89
26
87
87
78
60
85
85
88
31
45
4
50
49
10
48
31
12
50
36
23
36
35
28
39
37
61
32
39
35
25
34
30
49
34
49
34
32
28
61
33
29
20
29
45
54
53
62
47
30
9
67
46
20
62
64
25
63
19
11
14
16
8
14
71
23
61
38
35
70
28
25
34
33
61
79
45
29
76
24
73
39
74
26
81
38
83
65
41
83
76
21
45
79
81
86
92
49
65
23
60
86
72
71
102
88
69
51
37
0
33
35
0
108
42
118
119
53
137
26
51
54
55
108
97
109
96
66
48
115
110
135
116
121
115
114
69
118
149
116
111
125
155
126
115
158
52
166
24
114
87
131
128
138
161
167
53
65
107
60
60
109
134
22
44
129
88
116
55
87
84
86
35
133
43
91
48
5
128
4
39
11
40
73
134
41
27
31
41
7
46
37
40
35
113
5
46
114
33
44
77
128
45
146
153
95
34
8
36
39
0
