601
281
604
602
388
620
269
412
412
419
607
621
335
401
612
320
626
401
626
399
608
399
618
329
607
621
612
380
298
607
633
606
603
378
590
315
345
587
609
600
591
603
597
397
335
328
335
333
332
413
99
430
448
108
425
312
86
241
308
452
377
175
314
417
238
410
101
412
85
132
319
397
133
167
430
95
329
271
432
137
430
147
300
264
237
145
313
413
421
389
119
410
313
94
83
94
100
0
397
193
433
434
211
448
129
119
121
118
467
456
311
185
157
175
467
187
488
158
477
120
409
288
189
427
197
209
129
449
445
439
453
117
187
202
405
198
289
431
193
214
203
95
156
139
347
337
134
407
190
573
411
178
232
108
219
219
224
562
357
299
10
351
4
395
11
310
7
353
10
335
345
378
286
407
11
9
393
395
359
360
10
365
3
337
421
361
338
346
401
356
4
263
0
257
277
4
181
74
216
203
86
217
80
30
83
67
201
185
163
50
146
73
184
72
197
83
180
83
164
129
132
152
155
87
53
165
156
157
164
38
157
82
136
117
149
141
139
154
140
74
72
0
76
76
72
191
170
88
199
30
174
28
27
85
29
188
191
203
21
147
21
192
90
189
94
193
25
189
134
195
187
206
32
28
204
211
196
195
102
210
90
205
135
199
204
229
215
218
44
94
99
178
185
0
13
175
13
13
29
117
11
114
119
8
16
226
77
9
242
9
12
131
242
9
15
11
13
16
159
155
151
49
10
15
173
182
15
10
162
26
111
160
14
14
157
169
166
10
7
8
5
10
0
196
101
135
212
36
209
50
35
49
50
138
155
189
45
133
51
157
69
204
70
190
62
193
159
151
142
189
65
55
197
207
200
207
52
155
31
194
173
185
196
199
123
197
56
130
54
126
114
0
241
153
237
264
82
249
81
266
85
89
330
296
260
234
211
93
270
72
273
91
286
300
271
367
216
338
388
276
287
367
376
287
281
280
358
112
250
338
375
254
299
282
371
94
341
0
328
182
0
285
202
139
279
121
298
71
102
92
124
275
197
284
77
240
118
284
148
205
139
298
136
200
260
179
195
286
122
112
289
296
214
217
129
219
114
246
203
287
260
196
286
214
110
157
0
139
201
99
235
109
258
301
62
201
43
63
98
60
258
305
199
99
305
55
312
70
310
99
313
99
299
240
254
310
307
99
60
319
306
324
318
86
258
60
310
251
284
323
337
331
323
59
183
0
180
209
0
235
168
119
213
74
135
51
75
63
74
220
197
166
75
207
67
233
77
206
47
244
59
234
222
244
240
242
76
75
195
245
164
192
66
222
60
203
218
204
164
207
211
198
57
146
23
132
143
15
144
86
45
141
103
49
80
76
71
94
94
139
80
91
96
76
98
79
130
76
134
81
83
81
117
98
101
47
70
108
121
120
133
93
90
38
141
115
72
143
129
82
136
56
32
44
57
43
39
172
57
178
120
37
173
85
31
40
40
190
173
114
66
174
76
173
51
179
36
165
43
188
164
126
179
178
69
63
188
187
188
176
68
176
40
164
216
154
177
212
206
191
83
113
0
95
116
0
239
116
264
255
89
295
48
93
94
96
264
229
253
225
169
93
260
252
318
290
258
311
262
159
277
321
278
271
279
331
272
271
361
129
330
75
278
211
315
303
296
341
328
104
138
274
139
137
271
255
38
80
271
209
267
171
193
207
203
49
273
79
205
83
20
273
12
67
24
82
172
266
65
58
72
71
22
59
76
74
74
220
17
64
189
56
69
126
220
75
260
264
170
55
15
54
52
0
