357
171
380
379
275
374
150
274
273
277
381
358
207
264
361
213
372
256
368
263
365
252
341
182
330
341
338
246
204
317
337
339
335
255
318
210
210
333
331
326
330
336
339
242
185
221
202
196
218
195
43
190
197
62
191
145
39
102
141
195
199
63
139
201
129
204
59
184
41
69
147
206
70
86
209
46
165
119
213
77
203
76
164
125
146
76
166
210
218
203
50
219
171
42
40
42
43
0
239
116
264
267
129
268
76
85
67
83
259
259
158
115
86
92
247
105
271
84
246
67
235
156
107
263
100
114
58
253
259
267
262
62
98
107
226
93
184
245
107
108
105
43
79
75
206
205
70
197
96
296
219
89
111
69
123
142
128
315
170
132
8
176
8
185
8
135
5
176
11
173
170
171
151
180
8
10
199
194
162
176
9
163
4
152
207
172
144
161
204
178
3
112
0
104
110
6
91
49
107
100
24
120
37
21
38
22
101
108
98
21
68
25
110
35
111
39
111
48
102
70
95
92
106
37
23
105
102
101
112
29
107
42
89
78
93
97
103
108
103
46
54
0
51
57
41
114
99
56
98
11
103
6
9
52
12
114
103
109
8
77
7
102
54
104
53
103
11
101
71
109
98
108
11
8
108
113
117
108
59
131
53
122
87
112
123
122
115
118
22
65
61
107
99
0
11
83
12
10
16
54
10
60
69
6
10
126
57
9
119
11
11
73
114
8
12
12
8
13
95
79
96
40
6
6
109
109
9
9
127
39
86
128
12
10
130
128
121
8
8
10
5
8
0
127
53
81
128
29
131
32
26
38
38
79
88
111
32
71
26
88
37
115
42
116
41
113
81
85
87
102
38
36
112
107
118
107
40
80
25
121
101
114
119
124
73
129
40
75
39
59
63
0
157
86
143
142
36
151
28
188
36
37
200
193
137
148
103
33
153
33
149
38
152
196
150
239
122
209
236
199
222
239
241
163
165
196
238
46
150
225
234
138
161
150
240
32
218
0
212
103
0
154
107
103
145
40
149
41
46
57
51
159
105
142
32
127
50
162
55
105
57
155
60
113
158
109
108
147
64
63
162
153
109
121
61
138
58
126
108
156
153
110
173
115
45
87
0
85
109
54
98
53
114
130
28
60
24
43
52
45
111
125
71
49
136
42
129
35
139
64
140
57
128
73
108
136
146
56
33
149
154
147
143
52
112
38
118
93
96
139
138
131
143
33
55
0
64
66
0
162
104
66
125
26
115
15
63
60
25
129
110
104
62
121
28
142
58
116
21
147
33
169
136
171
162
158
66
48
118
169
101
129
62
148
53
136
147
135
89
139
138
132
43
91
22
83
83
12
82
40
20
84
68
23
42
39
47
72
49
72
29
40
47
37
49
43
76
43
70
45
53
43
71
53
55
19
40
62
69
58
70
64
42
9
65
55
34
77
72
33
71
26
12
25
33
22
23
85
41
80
60
29
85
37
14
35
25
86
89
38
29
75
29
82
41
79
24
86
37
79
75
34
88
80
34
24
85
85
82
86
36
92
10
66
91
59
83
88
95
84
38
50
0
60
50
0
125
58
137
116
30
175
15
33
28
29
130
131
120
159
81
31
129
192
214
201
132
198
131
80
127
212
137
180
191
208
124
131
213
26
207
19
125
80
132
117
201
217
199
26
66
172
77
74
162
100
13
54
100
56
96
48
64
66
56
40
100
41
62
49
16
104
5
36
15
49
45
93
41
42
46
49
14
19
44
39
44
83
11
49
68
39
46
63
92
52
112
121
58
39
10
43
41
0
