302
135
303
308
205
317
143
209
221
221
304
298
170
204
290
166
288
202
290
205
303
194
272
162
281
288
286
188
169
288
279
277
274
204
283
162
179
279
277
266
292
296
276
194
151
174
159
150
164
189
42
190
186
46
195
145
26
101
143
205
176
82
127
179
103
200
45
187
37
69
138
193
69
71
203
53
125
97
204
75
201
70
136
151
105
80
150
197
197
197
45
212
136
28
21
29
29
0
198
103
212
212
87
225
55
55
42
48
222
188
143
88
65
80
201
86
225
60
203
41
193
127
73
195
75
83
53
211
213
216
199
64
82
89
187
88
138
199
86
85
88
41
58
56
174
174
57
172
108
262
197
62
103
62
109
104
99
257
155
136
3
159
0
186
8
118
8
156
14
161
147
169
140
187
4
7
181
193
146
168
11
167
1
151
215
168
135
168
195
171
3
113
0
110
107
0
84
39
98
91
30
88
34
29
37
25
98
92
69
22
56
25
95
36
96
35
89
41
102
53
70
54
103
39
38
101
92
95
92
49
67
31
78
65
96
96
101
86
93
35
26
0
18
28
33
74
100
50
102
16
69
17
18
28
19
97
97
72
8
59
11
79
35
97
38
102
14
104
65
84
77
110
24
15
105
90
109
106
32
97
32
86
66
74
88
90
71
85
12
38
35
63
67
0
3
68
6
3
12
58
2
53
53
2
5
92
37
3
95
1
2
48
93
2
4
3
3
2
69
63
85
21
2
2
95
92
2
2
71
6
59
73
2
3
83
85
80
2
3
4
1
3
0
122
60
91
132
23
123
30
17
26
29
76
104
119
36
92
32
91
44
129
42
126
36
124
94
78
79
132
32
45
134
136
136
141
53
98
27
131
110
140
134
139
80
127
56
89
31
69
72
0
137
65
121
130
45
135
38
156
47
48
154
142
118
115
63
39
115
32
125
46
115
149
121
185
69
171
195
166
173
190
190
121
136
161
183
46
110
178
193
104
119
126
191
31
171
0
162
73
0
107
58
48
113
67
119
25
58
36
67
131
71
111
37
105
55
125
71
65
71
138
67
69
125
70
63
124
64
45
131
127
65
71
51
87
36
93
71
124
118
65
128
78
48
46
0
45
68
36
64
31
82
110
36
84
31
34
54
31
82
104
61
55
110
31
106
42
108
58
117
63
90
75
76
113
106
49
31
106
104
117
119
42
78
22
88
85
78
100
103
96
103
28
52
0
57
53
0
115
68
58
84
15
82
11
38
41
15
89
86
63
43
86
14
111
44
75
11
118
15
123
109
119
128
123
37
36
89
116
71
79
39
127
35
115
115
87
76
121
88
118
15
75
12
68
65
15
51
35
23
52
33
22
30
26
14
21
39
48
25
23
45
23
37
18
43
26
48
29
38
32
51
40
36
10
24
32
44
50
45
22
37
9
48
40
28
44
46
27
37
16
13
17
22
14
15
80
22
85
57
11
77
35
10
14
15
98
79
64
34
87
26
76
17
95
8
75
18
84
74
58
81
84
29
19
73
78
73
80
27
87
10
82
93
76
94
87
93
93
22
62
0
61
62
0
95
55
108
123
18
148
4
22
21
21
118
97
114
130
93
30
130
145
181
157
129
149
124
96
132
174
131
136
138
179
127
141
190
32
191
24
137
102
140
140
176
194
186
36
74
133
73
74
141
85
20
34
93
53
91
48
51
50
53
34
90
40
47
38
9
80
1
32
12
34
48
87
36
36
41
43
6
16
38
36
38
77
9
31
59
28
36
51
90
37
96
105
59
34
4
29
29
0
