267
143
283
285
181
289
115
183
187
186
268
295
184
190
305
159
297
184
295
184
296
180
302
164
301
308
290
180
160
295
300
311
299
179
311
142
160
318
315
318
307
319
318
167
181
156
175
176
158
194
34
218
200
32
205
143
28
118
159
212
208
73
148
218
131
215
35
209
26
66
166
178
59
86
191
43
141
116
195
57
182
54
137
130
105
58
134
189
186
182
44
191
134
32
18
31
34
0
199
69
212
199
83
210
69
66
57
71
220
211
122
77
63
64
200
67
221
86
222
67
186
127
67
186
64
70
62
198
208
202
195
47
61
68
158
71
142
191
68
64
66
42
59
59
147
138
59
169
98
233
173
58
121
40
94
102
91
247
143
131
2
155
2
171
7
134
9
148
11
160
164
178
135
186
1
14
188
184
154
174
19
157
2
139
183
148
157
172
201
158
2
130
0
119
125
2
113
59
119
125
42
123
25
19
30
32
118
130
85
29
96
36
130
53
128
22
126
27
131
75
84
85
143
27
64
135
140
151
153
48
87
23
111
97
138
133
131
139
143
30
59
0
60
60
26
82
108
45
118
16
80
14
19
36
19
118
85
83
8
67
6
84
33
91
40
87
8
80
61
78
84
86
12
13
84
90
84
87
34
91
38
84
65
86
95
91
86
91
16
47
36
76
76
0
4
57
5
3
8
48
4
45
46
4
5
67
48
3
71
2
3
47
68
4
4
2
4
4
61
54
64
27
3
2
73
62
8
3
61
6
51
69
4
4
73
61
70
3
3
3
4
5
0
80
38
65
83
18
93
19
7
20
20
58
60
73
7
56
7
54
14
75
17
86
14
77
68
59
54
81
18
14
78
82
78
80
10
70
6
76
78
85
83
91
63
82
14
51
18
42
47
0
122
67
114
134
37
119
24
109
32
36
163
142
125
99
96
38
136
28
126
35
129
130
133
178
102
172
183
120
135
189
185
134
137
134
171
37
125
163
178
119
127
134
180
28
164
0
159
94
0
125
92
48
107
33
119
24
33
30
44
125
86
110
22
118
33
120
39
88
36
122
40
100
123
100
96
126
34
26
117
118
102
103
37
111
36
110
102
122
118
98
124
102
33
75
0
74
91
36
93
31
98
118
19
91
29
15
49
14
95
123
74
36
115
16
119
28
118
38
111
33
118
83
100
127
121
39
12
117
116
112
125
38
93
14
116
102
106
131
138
148
132
18
74
0
83
80
0
105
87
51
99
43
71
31
45
36
41
104
94
64
36
94
30
108
42
87
27
108
33
111
100
109
111
110
38
35
93
107
61
92
43
100
25
100
91
88
72
89
99
88
41
61
6
62
51
8
76
36
19
79
52
20
30
29
53
53
38
60
29
46
38
27
36
48
62
26
68
25
41
37
65
44
36
21
20
60
64
64
56
48
31
12
73
61
29
69
67
35
77
22
16
14
30
24
14
60
28
56
44
38
75
22
32
37
39
63
90
65
25
90
16
94
46
60
35
98
48
88
54
47
92
87
22
39
89
86
91
80
44
65
22
50
78
74
49
96
86
51
49
37
0
30
33
0
101
45
126
110
45
136
32
53
53
42
114
94
129
108
74
52
122
122
155
136
118
136
132
64
123
137
117
119
133
146
126
124
141
56
150
25
124
93
127
123
130
146
148
57
50
121
47
42
119
98
14
23
101
85
100
79
89
82
87
14
85
18
73
21
9
86
4
20
11
18
69
90
12
17
21
17
7
15
17
16
18
74
6
17
82
19
18
25
92
20
100
102
78
13
6
12
13
0
