200
82
205
210
123
188
78
128
119
133
202
206
118
122
199
108
200
127
201
123
196
115
204
119
204
200
199
111
98
206
200
195
204
121
209
94
119
209
202
210
202
211
210
121
117
109
115
122
115
117
38
141
120
28
133
94
22
73
97
133
127
56
93
132
72
133
28
133
26
42
98
110
39
58
124
35
85
66
113
35
117
38
83
80
69
41
95
126
125
121
34
133
88
35
23
30
33
0
129
48
137
141
51
143
51
58
52
56
145
137
85
54
43
42
142
45
152
71
146
57
131
89
47
129
45
55
55
147
138
140
143
61
48
53
126
52
126
148
57
50
51
49
44
41
90
95
41
115
45
159
117
46
74
41
82
77
76
171
94
68
1
93
1
108
4
75
3
97
5
91
102
104
82
112
3
11
122
120
94
96
12
95
1
73
128
96
80
110
138
98
1
75
0
68
69
1
73
38
74
73
22
83
20
18
24
21
77
75
67
19
61
17
76
24
80
26
82
25
66
53
66
65
76
24
23
73
79
84
74
24
76
22
84
52
96
99
92
87
80
21
41
0
39
42
25
83
101
49
109
31
78
19
34
30
34
117
118
93
26
76
19
111
32
129
37
120
33
88
58
78
76
100
19
10
98
86
102
101
34
91
31
88
57
83
91
94
92
91
15
52
29
74
73
0
1
42
4
2
14
29
2
28
35
0
2
60
22
0
60
2
0
34
58
2
1
3
3
1
49
44
47
16
0
1
56
58
2
1
50
11
35
51
2
1
48
47
55
0
2
0
1
3
0
66
30
48
69
11
62
24
16
21
23
41
44
59
12
48
19
52
19
65
16
61
12
60
44
41
45
55
22
22
62
69
65
58
21
40
10
53
50
63
57
54
35
57
14
42
19
32
31
0
79
35
74
88
23
85
14
89
18
23
115
94
86
54
57
18
89
19
81
18
82
89
92
126
75
128
136
80
94
132
137
79
89
73
129
32
70
107
135
78
82
91
132
25
122
0
116
64
0
82
69
48
72
30
85
23
20
34
26
76
53
75
14
58
25
79
32
50
24
83
22
62
73
54
52
82
25
29
80
76
62
62
29
74
37
65
59
87
82
64
84
61
26
52
0
44
61
29
85
40
90
113
17
72
9
22
19
25
95
106
75
18
108
22
112
10
115
18
105
28
116
81
91
111
115
28
18
121
101
112
114
24
90
18
114
92
89
111
120
118
133
24
78
0
77
77
0
91
62
56
91
39
55
29
22
18
32
89
89
58
22
83
24
88
20
81
23
83
28
88
86
86
87
84
18
11
81
87
63
89
18
90
17
79
79
80
57
80
88
78
31
50
9
45
55
11
65
41
31
62
33
35
33
28
21
34
49
53
38
27
53
27
56
18
61
28
54
27
49
54
71
58
51
23
23
54
60
67
69
35
50
14
61
53
45
65
62
48
68
16
27
17
35
31
13
59
15
52
36
23
64
28
16
26
27
57
63
30
22
62
25
75
25
53
26
60
30
53
47
38
59
64
28
30
64
56
65
50
29
52
13
47
65
52
47
62
65
43
32
31
0
28
30
0
68
31
74
81
35
92
22
36
37
39
75
53
79
82
53
34
78
89
111
89
72
90
80
50
92
111
91
76
89
99
88
96
103
38
109
19
95
65
94
96
92
112
113
38
31
77
33
31
73
84
6
22
88
70
77
55
70
63
73
17
77
17
73
27
8
88
4
18
10
23
56
107
22
20
25
23
9
20
27
26
30
98
9
21
67
23
25
40
91
27
90
100
72
17
7
20
16
0
