210
115
215
215
145
212
62
151
152
147
206
213
144
156
214
143
218
150
216
146
220
150
212
157
211
211
199
149
126
201
195
198
218
144
206
112
139
199
205
204
208
199
206
147
142
140
142
150
147
97
22
99
96
16
98
70
14
63
83
99
98
30
75
93
64
96
15
92
14
21
75
119
16
45
123
16
103
100
132
16
131
21
93
51
80
22
99
111
114
102
17
112
92
17
14
15
15
0
143
48
137
153
47
139
55
52
55
61
144
154
104
43
40
44
152
43
166
75
168
58
159
82
45
150
43
46
65
150
153
166
155
52
47
52
130
47
119
167
48
50
49
51
47
45
108
98
45
102
23
194
96
48
125
84
122
125
123
203
81
61
2
89
2
85
0
70
1
82
1
79
76
95
65
99
2
5
94
93
83
72
2
85
2
77
85
82
74
60
83
78
1
72
0
66
69
1
47
21
52
49
4
49
18
10
18
3
52
50
54
4
49
4
58
6
55
21
52
19
53
40
52
56
56
20
7
56
51
57
56
2
60
18
43
45
46
48
43
38
45
19
36
0
39
36
18
59
24
43
51
0
68
0
0
16
0
53
67
79
3
54
3
65
21
62
28
62
5
51
46
75
73
48
0
1
59
73
51
52
31
54
27
72
45
69
61
60
70
63
4
44
32
68
61
0
2
22
1
1
3
22
1
21
20
1
1
27
15
1
31
1
2
20
25
1
2
2
1
1
26
22
23
12
1
2
19
24
1
1
32
8
32
30
1
1
35
27
39
2
2
0
0
2
0
58
36
45
69
22
70
16
13
18
20
50
54
66
20
49
22
63
25
75
26
70
25
63
51
46
56
71
24
21
69
68
73
74
27
53
20
70
67
69
68
73
50
72
30
50
23
47
43
0
107
45
100
115
24
119
19
104
29
24
190
135
116
67
86
26
116
21
125
26
123
120
120
205
95
182
207
97
134
205
214
118
118
111
197
23
112
174
209
111
122
123
204
17
198
0
182
88
0
109
85
48
97
19
107
20
16
22
20
106
93
105
18
95
24
103
27
87
31
105
30
85
111
82
84
121
36
28
118
118
93
97
27
110
23
99
93
128
115
90
122
98
24
84
0
82
94
26
101
43
101
114
16
85
20
18
28
20
111
128
94
32
130
19
125
30
132
33
129
35
133
92
109
141
133
39
19
136
137
138
143
52
113
18
137
97
125
159
155
166
155
20
89
0
83
89
0
113
109
91
167
64
109
57
7
7
69
160
150
95
14
149
51
118
10
142
36
117
41
116
106
124
118
121
11
11
149
114
104
148
9
129
8
109
115
177
96
119
160
114
59
102
2
91
101
0
74
22
10
72
65
15
23
24
62
67
22
61
24
52
28
19
21
44
53
22
54
20
21
14
62
24
19
15
22
48
64
58
63
47
23
14
60
51
10
62
65
13
67
14
7
15
13
8
14
59
27
34
27
27
61
14
21
29
29
33
51
35
13
56
10
55
25
44
14
48
21
59
41
26
57
52
13
24
57
55
54
60
26
35
5
32
58
32
33
56
56
45
24
26
0
24
25
0
68
25
69
75
24
125
17
22
25
23
70
58
66
112
35
21
71
118
141
125
75
129
82
44
82
149
85
123
129
142
82
83
152
44
141
15
96
75
108
90
145
152
145
43
37
126
34
33
121
106
10
27
95
89
105
71
88
83
85
16
109
21
80
25
7
110
4
23
9
25
74
92
24
26
28
27
6
21
29
28
24
82
7
27
62
22
24
47
81
23
89
92
53
24
5
23
16
0
