592
315
631
624
436
622
300
473
468
465
613
618
390
462
638
400
652
452
621
447
624
459
618
388
631
616
634
436
384
635
623
619
606
448
653
390
418
646
654
656
653
658
647
447
379
410
374
375
384
405
89
384
410
102
403
298
81
232
288
393
383
178
257
385
235
409
100
398
85
131
271
352
132
166
363
111
262
221
364
124
360
132
241
241
186
132
275
365
361
368
108
363
252
101
89
98
103
0
419
204
466
476
228
481
170
150
158
170
498
467
335
200
161
190
484
185
509
186
512
155
454
307
221
487
215
227
166
481
506
492
517
128
198
213
413
206
278
452
211
224
225
113
175
167
352
361
161
373
174
624
400
197
248
145
279
298
303
607
308
256
5
329
3
384
15
256
17
328
20
287
294
330
264
366
9
14
352
359
289
338
25
293
6
265
370
301
277
320
387
301
6
217
0
213
216
6
193
107
210
210
55
214
86
57
99
40
208
218
201
32
171
46
212
57
212
91
224
102
228
160
200
190
236
100
73
214
234
238
234
70
218
90
222
179
235
240
245
239
241
97
105
0
107
119
96
238
183
120
234
15
228
8
18
108
16
230
212
249
12
174
9
216
120
238
133
226
19
248
176
268
259
235
14
14
240
292
240
239
129
251
122
251
167
249
246
240
270
260
19
138
120
230
232
0
8
120
11
8
24
111
5
94
109
8
11
171
57
8
180
4
9
99
175
8
8
10
14
11
168
138
189
78
4
8
209
194
13
8
123
21
104
128
6
11
136
128
130
7
10
6
3
10
0
220
109
151
236
69
246
57
41
63
66
145
160
225
56
153
58
187
79
244
76
228
79
241
167
148
170
248
84
100
250
258
256
245
84
160
38
233
203
226
234
229
163
245
89
152
93
138
140
0
232
135
206
227
76
236
67
336
78
75
378
336
217
259
168
63
222
57
226
69
233
368
268
402
176
392
429
338
380
413
455
261
273
351
397
102
255
377
422
218
279
284
436
74
385
0
385
138
0
294
181
150
277
131
294
98
115
117
144
304
174
278
81
236
117
288
127
194
132
309
133
202
302
186
205
293
131
116
307
302
210
222
110
259
125
232
212
299
281
192
303
234
98
138
0
141
211
117
203
95
231
235
54
167
36
87
81
74
225
254
169
80
241
88
250
57
259
81
257
83
246
169
239
264
243
64
84
258
268
253
256
81
230
83
247
237
211
245
268
266
274
89
150
0
145
151
0
287
228
155
285
70
216
44
76
65
71
266
267
211
65
256
61
300
71
248
46
316
60
313
278
315
315
310
94
78
253
305
209
274
73
292
74
276
290
271
207
272
257
270
40
198
20
213
178
18
151
98
43
136
99
56
85
99
81
96
96
145
77
96
97
83
103
73
148
85
123
87
91
92
129
101
97
47
85
112
129
130
127
94
107
23
133
114
76
124
145
74
130
56
27
47
56
29
47
194
78
177
130
56
201
68
39
77
78
184
194
117
69
213
71
205
82
181
40
202
66
190
173
120
193
207
60
76
196
204
201
188
79
186
35
157
215
171
189
225
221
192
88
106
0
105
115
0
263
139
295
275
73
353
27
83
76
72
292
268
303
307
180
83
308
345
381
370
311
375
278
164
300
402
282
349
361
396
280
286
421
86
397
46
277
214
291
299
377
403
422
89
147
353
159
160
338
238
43
83
233
154
230
109
146
139
150
45
232
82
160
88
20
252
15
78
24
81
131
263
82
73
96
76
26
85
104
83
82
205
26
80
176
86
93
163
187
76
254
248
131
62
14
61
60
0
