452
234
469
460
348
464
227
367
366
359
472
462
280
347
467
268
463
346
464
348
468
344
442
272
444
440
443
335
267
442
442
434
453
326
429
281
296
434
426
454
452
445
445
319
261
303
256
251
300
275
80
272
287
83
290
158
68
94
172
284
299
151
177
318
151
318
76
318
81
113
201
319
121
153
333
116
221
165
316
140
349
140
218
275
143
142
210
329
328
329
109
318
214
93
58
92
90
0
312
125
339
323
180
334
105
104
102
105
340
346
238
172
146
156
355
170
375
131
373
89
342
250
164
377
169
175
102
382
388
397
391
97
172
183
320
188
251
372
186
188
197
86
144
141
290
282
137
287
148
410
270
138
147
95
200
207
197
420
256
201
7
258
4
277
16
188
11
262
22
263
236
259
190
300
11
25
309
292
241
248
15
234
4
207
283
234
218
223
285
227
5
143
0
127
136
5
199
107
207
215
78
223
86
46
86
54
216
228
185
71
176
66
246
93
237
86
243
72
249
177
172
175
240
92
89
257
248
250
246
83
171
91
235
211
252
251
244
234
237
85
99
0
96
101
80
171
175
79
197
38
159
33
34
87
40
195
189
157
31
157
29
186
90
187
100
196
34
196
158
166
180
205
39
39
193
186
201
198
101
220
92
189
159
198
217
219
184
229
47
77
83
153
137
0
14
194
12
12
36
152
10
155
165
11
13
222
133
9
222
8
11
130
227
11
15
17
15
10
210
197
219
86
10
11
219
234
15
13
208
40
146
218
14
16
213
202
232
9
11
9
6
12
0
216
99
150
234
73
228
93
61
97
99
142
144
227
84
143
95
194
113
241
111
242
119
217
154
133
132
212
105
101
227
234
223
228
57
143
54
186
162
199
192
200
132
202
61
151
100
124
131
0
199
114
197
211
59
229
59
257
62
71
248
263
199
212
155
51
215
41
218
53
213
240
218
327
149
280
311
243
260
319
332
214
226
246
299
63
197
284
294
163
230
211
317
44
286
0
276
131
0
216
168
124
179
62
224
80
47
102
52
224
169
194
45
161
63
183
59
162
62
203
69
170
206
145
155
208
85
75
219
215
172
173
83
205
104
176
170
218
205
173
225
185
54
111
0
110
160
93
164
80
172
159
29
88
29
90
47
88
185
156
101
55
162
105
160
35
155
49
156
53
174
122
174
163
161
56
87
166
167
170
173
58
168
94
163
187
135
178
163
169
157
101
81
0
82
84
0
216
154
91
180
39
159
30
79
70
48
179
187
137
88
180
55
223
81
173
48
235
56
229
219
228
221
226
72
75
176
214
131
181
78
193
59
187
188
162
138
185
165
181
49
124
24
122
114
18
127
80
56
125
72
73
77
75
49
70
89
120
74
57
103
71
95
35
103
74
113
73
91
88
124
103
102
43
75
91
123
110
109
68
78
18
109
93
67
122
120
82
136
51
42
43
67
41
31
120
40
118
82
56
124
72
33
59
60
122
114
58
71
118
68
115
55
127
43
119
52
129
117
67
134
125
64
55
129
125
124
131
57
129
24
110
127
79
120
137
127
127
62
65
0
59
58
0
198
97
196
215
64
250
31
63
62
64
219
220
203
190
108
65
214
224
267
259
214
261
227
104
221
282
232
219
244
266
228
239
284
42
282
19
187
116
205
189
230
267
283
45
100
238
102
99
241
172
63
124
189
77
203
49
88
85
81
93
187
105
100
122
33
210
16
102
42
118
58
211
116
96
113
109
29
58
111
106
109
134
30
105
83
104
108
151
137
112
191
190
56
86
24
97
88
0
