347
145
382
380
209
371
120
215
211
215
376
319
178
198
327
139
332
206
321
189
320
190
345
168
338
345
333
189
163
326
341
334
340
204
351
134
182
354
363
339
358
351
368
198
165
144
163
170
156
230
34
217
217
58
215
193
24
159
190
228
215
68
203
227
191
222
67
224
31
65
202
177
52
60
186
33
159
132
186
60
186
57
147
93
121
45
150
171
181
182
27
185
160
29
19
26
29
0
189
75
205
218
96
210
53
64
57
55
219
200
124
77
69
68
200
81
212
63
216
49
195
130
74
201
78
83
49
206
217
206
209
39
66
68
188
73
156
207
67
72
78
38
60
48
156
159
52
206
107
253
201
48
120
38
64
74
64
269
186
173
2
206
0
204
2
158
0
194
3
178
201
194
177
225
5
2
223
225
201
197
1
201
0
182
212
186
157
169
214
183
1
152
0
145
159
1
87
31
87
89
16
93
25
14
32
12
93
94
88
9
77
16
94
14
100
27
89
29
95
73
86
93
89
23
12
99
89
86
84
14
91
24
92
75
90
90
89
96
91
26
74
0
71
69
25
70
65
36
70
5
62
3
3
25
5
68
67
78
1
57
3
71
27
75
34
68
2
72
55
73
76
72
2
3
79
80
72
68
25
75
28
82
52
75
77
76
74
76
4
49
24
69
76
0
4
30
4
2
4
33
2
28
26
2
3
36
15
0
35
3
4
27
36
1
4
0
3
2
44
26
37
24
2
3
46
47
1
1
53
14
44
52
3
5
54
59
56
3
3
3
2
3
0
54
28
51
65
22
60
17
14
19
14
43
46
65
15
42
22
59
23
73
23
82
24
62
52
47
41
60
18
24
65
65
72
69
20
49
14
68
65
74
68
70
40
64
23
48
19
43
44
0
111
77
118
135
28
133
26
124
25
34
145
134
129
92
80
33
128
23
127
30
139
124
134
162
100
152
159
116
137
169
168
135
137
125
153
32
126
142
165
112
143
140
167
19
152
0
154
88
0
114
69
67
101
20
116
22
24
31
26
116
80
106
17
106
33
120
38
91
32
127
36
86
111
87
87
106
24
29
109
114
94
97
27
106
32
86
97
119
119
77
116
86
25
74
0
71
87
30
110
45
117
123
17
77
17
20
22
14
113
132
90
25
124
23
131
16
123
27
137
29
139
96
127
137
158
34
27
145
143
144
137
28
124
25
133
108
94
128
144
129
144
26
99
0
84
96
0
83
56
42
76
29
65
23
44
50
31
83
74
55
47
76
24
93
48
72
15
104
20
101
88
99
97
104
47
36
68
87
49
65
45
74
45
86
74
78
55
78
71
75
31
38
10
41
41
12
66
24
11
66
56
14
25
24
47
51
31
68
19
54
28
21
33
48
61
27
66
29
29
26
83
35
27
15
27
60
82
79
78
61
33
9
71
58
19
65
63
22
75
20
4
11
17
7
7
62
29
54
30
43
77
19
31
51
48
46
69
29
20
73
15
83
51
48
46
86
54
77
55
43
76
79
18
50
85
75
75
81
51
56
25
45
84
66
57
80
87
60
55
31
0
34
29
0
100
42
116
114
39
142
14
45
42
40
107
95
107
116
57
46
107
129
149
135
103
139
117
52
111
155
103
131
123
150
106
106
159
41
161
17
105
77
110
96
129
154
145
45
34
113
31
30
120
111
22
26
118
88
114
75
100
94
94
21
124
32
97
28
3
123
3
25
5
31
83
139
27
23
30
28
9
36
25
31
31
127
7
33
108
22
30
52
119
26
140
129
104
16
4
21
20
0
