167
90
161
172
123
167
73
136
139
133
171
186
106
130
186
110
182
130
180
134
179
126
166
101
177
171
177
128
97
180
170
171
174
125
171
103
109
174
173
176
174
172
165
123
109
119
109
102
115
104
30
106
106
26
107
72
29
36
60
102
99
42
73
117
68
117
33
111
26
42
81
130
45
41
118
32
85
63
118
42
113
46
74
85
34
49
73
117
108
119
39
110
71
31
26
30
35
0
111
51
114
130
67
131
38
30
40
39
127
130
94
61
49
57
140
59
155
45
151
31
123
95
60
136
56
61
41
137
134
134
135
52
58
63
125
60
109
140
64
64
61
48
53
49
108
102
49
109
45
149
115
41
74
41
72
68
65
150
79
72
5
83
4
100
5
64
1
99
6
83
75
87
69
103
5
7
103
96
86
97
8
86
2
80
103
98
65
82
110
98
3
59
0
56
60
2
54
38
55
52
9
47
26
20
29
6
55
61
60
9
39
6
58
17
60
30
62
27
70
38
61
52
69
31
20
65
68
66
70
26
64
27
63
47
71
74
75
81
79
35
34
0
32
36
29
59
82
24
83
23
58
17
25
26
26
81
74
67
10
41
12
70
28
76
26
73
19
76
29
64
57
78
18
7
81
75
73
79
36
61
32
71
36
64
68
71
74
73
17
30
30
51
53
0
4
31
5
4
7
25
3
21
29
3
5
54
8
3
43
5
6
25
45
3
2
5
4
3
40
32
41
14
4
4
43
43
5
4
41
9
39
43
5
3
43
46
48
4
2
5
2
2
0
67
44
45
75
25
80
22
13
15
25
47
58
76
21
51
27
60
33
85
32
84
30
74
59
45
51
67
26
30
77
76
73
87
25
57
22
68
56
71
71
80
50
75
33
52
28
43
46
0
111
49
100
107
34
103
29
93
35
39
114
96
103
79
75
35
104
33
98
35
106
95
96
134
73
134
152
90
95
141
140
109
103
92
135
40
97
139
140
91
106
108
133
32
135
0
132
80
0
93
60
62
88
34
102
24
26
39
35
98
65
94
18
81
30
93
35
58
36
104
37
65
92
68
68
88
32
32
85
85
73
77
33
76
43
75
72
86
79
79
91
76
28
50
0
48
69
40
76
35
90
98
24
66
18
24
33
20
90
97
65
28
90
25
93
13
90
27
99
27
107
82
96
100
106
39
23
107
97
107
99
37
87
27
101
84
104
113
112
109
105
24
70
0
64
63
0
75
61
41
82
26
52
26
28
30
31
78
78
64
37
65
30
73
31
70
21
85
34
81
80
77
84
78
21
21
69
81
52
70
16
84
24
67
77
70
53
78
72
81
24
51
9
53
59
8
40
37
18
45
25
21
32
29
20
19
44
50
29
30
45
22
44
19
55
30
51
34
46
43
59
45
55
22
32
47
63
65
69
36
48
18
62
48
48
62
58
40
57
19
26
17
38
24
12
51
11
47
39
23
56
31
16
24
22
58
55
42
28
62
19
50
17
57
17
52
20
69
53
44
68
68
23
25
63
68
60
69
23
51
13
46
60
50
49
69
67
59
34
26
0
30
25
0
82
43
92
88
16
106
12
23
23
21
94
82
91
92
69
32
94
75
113
95
88
100
92
63
88
125
88
99
93
127
98
106
128
36
123
24
95
71
91
100
102
115
117
31
48
87
48
43
78
85
15
29
89
62
84
46
56
63
58
19
87
39
67
34
5
91
1
28
3
30
55
90
22
22
35
27
7
26
28
23
32
73
1
29
54
25
24
49
55
27
77
76
36
19
1
22
18
0
