502
259
521
520
392
487
273
400
406
408
521
515
345
399
521
354
506
392
518
385
508
376
494
359
506
525
519
355
344
498
533
528
520
395
536
334
357
552
550
543
545
571
572
397
333
351
352
334
370
337
95
348
354
101
373
290
74
241
284
357
357
140
306
370
253
373
105
382
73
103
304
341
110
136
355
75
301
252
382
109
357
111
274
162
248
116
276
361
357
359
81
363
273
77
74
80
77
0
414
175
449
457
190
455
168
160
167
169
469
467
314
182
144
170
482
185
489
214
504
175
481
284
202
525
196
210
250
486
519
526
511
199
183
198
399
209
292
483
205
225
221
178
162
150
315
330
146
397
130
587
416
158
201
117
241
245
246
578
324
207
8
327
4
359
9
237
8
331
16
277
298
303
252
323
10
6
335
332
298
289
3
298
2
274
345
311
272
264
335
296
4
248
0
230
238
4
141
85
160
164
14
152
71
48
73
12
156
153
177
5
138
10
164
11
162
68
169
72
175
139
163
183
179
73
24
181
171
173
167
12
187
69
164
145
170
155
158
164
166
77
110
0
106
113
68
232
167
108
203
6
199
5
8
92
9
195
201
220
10
146
9
194
92
202
102
206
11
203
177
247
236
210
12
9
208
254
211
208
116
228
100
258
173
246
225
239
241
240
12
134
107
212
213
0
6
64
8
5
13
65
6
69
72
5
7
119
49
4
116
4
5
72
117
5
6
8
8
6
109
69
107
52
5
4
111
112
9
6
116
30
83
116
9
8
120
120
105
4
3
5
2
5
0
135
55
104
144
35
143
35
20
31
29
99
113
135
36
108
34
111
42
132
38
135
44
141
124
111
87
135
39
48
162
165
169
157
36
122
18
151
116
153
154
149
108
147
37
106
40
84
84
0
197
110
199
211
49
195
45
311
49
50
340
286
200
242
155
39
207
34
199
45
196
325
191
383
147
367
375
304
339
378
393
205
189
315
376
51
186
341
363
184
192
205
381
47
363
0
356
133
0
237
165
136
238
77
237
76
67
102
71
229
168
234
65
190
77
235
95
174
87
248
99
182
243
188
179
250
96
100
268
242
190
196
97
236
116
220
188
262
247
187
285
204
85
143
0
152
198
114
195
105
215
261
42
157
44
47
78
43
213
270
171
79
263
39
270
51
260
71
270
78
267
176
201
266
273
59
39
274
270
264
256
83
219
42
267
197
208
273
278
278
282
38
148
0
155
156
0
261
184
160
219
51
191
27
85
72
49
218
231
164
80
220
36
261
76
206
29
261
43
265
234
287
283
292
90
79
225
279
185
226
89
256
74
246
249
226
166
246
230
247
46
179
20
171
176
21
132
75
34
130
90
53
101
97
64
90
105
102
50
72
93
90
104
58
102
89
107
86
87
68
110
85
81
37
75
88
98
102
102
90
80
30
117
92
61
125
117
65
122
57
24
56
43
24
40
155
65
125
76
71
167
53
51
78
82
133
158
80
49
164
42
163
79
123
50
166
86
160
122
65
169
156
59
77
148
169
152
158
80
125
17
94
173
113
127
182
168
134
93
78
0
75
79
0
210
94
218
200
61
294
39
66
70
68
202
224
200
247
135
60
230
309
329
315
214
307
232
133
242
341
231
291
318
354
226
226
351
81
347
42
237
157
241
236
313
332
345
78
112
290
114
107
270
181
29
57
179
151
192
120
139
145
145
32
197
46
157
53
18
215
13
51
20
57
140
192
49
41
52
61
19
41
56
54
56
166
19
50
167
43
55
75
174
54
208
212
157
38
20
35
30
0
