163
64
166
172
87
162
62
88
81
89
164
158
73
85
161
65
159
84
170
75
160
77
163
87
162
160
154
86
63
163
163
147
166
79
165
72
77
158
167
168
166
161
162
84
90
77
82
92
74
123
22
136
125
13
132
106
15
105
117
132
128
33
123
139
110
141
21
138
19
17
124
142
19
40
145
18
138
123
144
19
143
19
134
53
107
17
123
131
143
143
13
134
124
20
18
20
16
0
120
58
133
135
43
142
82
76
75
83
143
152
79
34
33
31
155
35
153
93
163
88
138
74
40
150
34
35
87
146
146
143
151
66
33
43
91
49
100
135
41
49
46
68
34
31
70
79
34
142
55
170
143
32
94
15
40
44
46
172
127
109
1
132
0
149
7
102
2
130
8
120
125
133
104
148
2
5
150
150
125
134
0
118
1
119
137
114
112
111
125
120
0
96
0
102
97
1
32
10
28
35
1
35
19
5
21
2
37
31
46
1
27
1
36
3
38
17
36
18
33
33
41
52
38
19
2
37
38
37
37
3
46
10
34
35
37
39
38
36
38
15
33
0
31
30
17
75
34
63
75
3
78
3
5
16
3
71
77
81
2
74
5
77
15
78
15
80
3
86
70
81
87
84
6
6
85
89
77
89
18
94
18
95
75
93
90
87
95
92
7
76
21
86
85
0
0
16
0
0
1
16
0
13
12
0
0
22
11
0
26
0
0
18
20
0
0
0
0
0
35
14
28
20
0
0
38
31
1
0
38
5
31
40
0
0
39
39
42
0
0
0
0
0
0
58
31
40
62
22
64
12
8
12
10
41
44
53
17
40
11
49
20
61
22
67
21
61
38
35
40
64
26
19
55
64
60
65
34
42
12
70
55
72
73
75
34
76
36
41
30
38
42
0
94
42
88
100
56
99
41
65
53
57
77
73
86
50
38
44
96
26
86
40
86
59
80
85
40
76
85
50
64
85
87
80
81
62
77
19
58
68
82
66
64
70
81
17
82
0
75
49
0
51
42
44
66
19
56
13
17
17
23
59
44
56
11
54
19
54
18
36
20
56
18
47
62
45
46
71
30
28
67
65
44
48
26
58
21
48
43
67
64
45
73
53
25
38
0
42
45
24
59
32
67
64
11
36
7
32
12
24
64
65
38
18
70
26
65
15
67
18
69
16
68
53
66
73
75
21
27
83
74
79
78
24
75
27
86
60
54
84
77
78
87
28
52
0
52
58
0
59
41
32
54
16
36
16
20
21
20
56
53
33
17
49
19
49
21
49
14
53
16
55
51
57
56
56
23
14
50
57
41
50
20
49
20
52
50
51
32
43
49
41
16
31
8
32
28
6
40
16
5
37
34
16
19
17
32
28
19
29
16
21
19
17
24
16
26
17
20
21
23
17
36
20
20
11
15
27
47
34
41
33
26
4
43
36
17
44
44
20
35
14
7
9
9
6
9
34
10
26
19
19
41
14
16
19
22
30
26
19
16
34
11
34
18
34
15
36
21
36
34
23
34
32
13
21
39
32
42
36
30
33
10
26
50
41
31
54
48
29
26
14
0
12
14
0
76
39
83
81
28
100
15
27
22
22
77
84
77
55
42
33
80
53
85
61
84
71
95
45
94
101
101
62
68
99
91
91
108
34
112
14
95
65
87
98
92
111
115
31
51
65
47
49
57
74
19
32
73
47
68
30
45
44
44
19
83
19
51
26
9
89
5
19
8
32
43
89
34
24
32
32
13
19
32
29
33
68
11
34
68
24
40
39
75
39
91
95
63
23
7
25
24
0
