273
163
273
297
198
283
156
209
221
206
281
302
181
206
318
168
317
208
308
197
322
186
335
189
333
332
321
199
182
325
336
322
331
210
299
187
199
322
324
314
328
319
322
209
181
182
175
185
188
189
31
186
188
32
196
168
20
136
150
188
167
60
147
168
131
178
31
179
20
45
142
179
45
47
180
38
161
128
183
43
186
44
174
110
140
44
154
200
197
204
37
209
162
32
24
31
31
0
209
81
225
239
85
242
100
93
87
98
240
216
144
84
61
68
224
81
240
94
234
85
213
120
92
225
87
97
80
228
223
236
240
62
80
88
182
89
168
212
85
91
90
60
69
66
163
150
53
226
93
311
228
91
112
44
116
115
123
321
172
147
4
194
5
230
14
143
16
192
18
175
164
186
141
206
5
10
220
213
174
178
9
164
4
152
188
158
143
156
191
161
2
118
0
115
115
2
86
42
97
94
22
95
18
10
25
20
92
91
71
11
69
17
88
22
90
17
93
19
82
63
62
65
87
22
27
86
90
93
85
34
71
17
86
74
102
93
94
96
96
21
46
0
44
39
23
113
101
69
119
12
118
5
16
45
13
129
120
125
10
95
16
122
38
128
45
121
19
129
94
121
117
123
19
20
120
121
127
132
52
131
43
131
96
116
132
130
128
127
16
67
47
100
108
0
7
70
9
8
12
66
1
60
57
3
7
83
50
3
96
3
4
36
92
3
7
4
7
6
87
63
83
20
1
3
86
88
7
4
97
11
77
99
6
7
89
94
93
2
4
4
2
4
0
83
34
58
88
23
92
40
23
36
40
52
58
84
26
48
31
71
50
96
48
97
45
85
51
55
46
92
36
39
101
92
93
89
42
60
24
96
81
95
98
93
47
98
48
42
27
42
38
0
109
48
111
106
46
105
44
147
42
52
150
136
111
108
60
50
113
39
110
51
116
143
106
168
62
173
181
153
179
186
192
107
106
160
189
45
94
162
181
95
112
106
192
33
174
0
171
65
0
114
65
48
101
61
106
19
47
34
58
107
58
99
33
77
42
84
50
57
42
93
42
68
90
65
71
94
35
40
111
93
72
81
37
84
51
76
80
89
98
70
100
81
36
47
0
48
76
41
78
39
85
82
13
50
14
37
19
32
91
81
57
21
87
29
87
18
87
23
85
23
79
72
88
81
83
18
29
84
80
86
92
22
92
35
76
87
78
93
87
88
89
32
53
0
60
56
0
142
56
85
105
10
94
6
41
37
9
106
107
84
47
103
13
142
47
107
10
153
13
147
140
160
154
163
42
37
106
141
97
111
42
139
31
122
129
110
95
129
109
140
23
92
10
89
92
12
34
30
18
40
28
19
26
30
22
26
37
47
28
24
42
34
43
22
42
37
46
37
35
46
48
40
40
18
31
41
54
51
47
33
37
8
50
40
40
49
54
40
53
27
14
17
21
17
19
90
22
58
48
24
80
17
19
30
28
57
85
54
13
82
15
90
41
58
28
87
37
91
52
58
95
101
24
40
108
103
96
99
46
65
12
60
103
85
67
98
100
60
53
50
0
47
46
0
134
44
128
123
44
184
23
39
43
42
129
133
120
141
64
32
125
159
187
169
124
173
116
65
130
200
126
142
161
192
115
124
204
34
198
10
117
85
122
117
183
198
196
25
69
153
60
69
142
93
27
42
103
55
96
43
55
51
58
35
101
34
53
44
5
96
1
37
7
46
42
98
42
34
40
41
8
17
43
39
35
76
5
47
50
34
38
64
83
47
109
93
43
32
3
38
33
0
