192
98
206
205
135
200
95
143
138
133
205
198
112
143
206
113
202
140
208
136
201
128
221
109
206
217
210
146
116
215
217
213
214
133
199
109
114
205
209
201
209
208
214
132
112
118
120
112
119
124
30
130
131
30
133
110
22
81
110
136
146
52
120
149
95
155
34
140
22
41
126
154
40
65
160
32
126
104
156
39
156
44
122
106
105
32
127
162
151
158
34
160
125
23
20
23
24
0
155
75
175
172
55
183
72
75
65
77
171
153
87
39
40
39
150
46
166
66
163
49
127
89
53
140
54
58
34
136
138
136
138
29
46
53
134
49
120
141
44
45
44
31
40
34
109
110
32
135
59
203
146
54
100
47
83
86
84
212
126
103
1
131
2
138
7
118
6
134
11
125
131
130
112
143
1
15
150
151
117
130
5
116
1
108
133
119
110
114
137
123
1
98
0
92
96
0
39
18
46
45
18
47
22
17
27
14
47
43
48
9
37
13
47
17
49
29
45
29
42
29
40
46
46
30
19
48
52
49
50
13
44
24
44
39
51
50
49
55
53
26
17
0
20
18
22
74
53
56
67
2
79
2
2
27
3
66
78
84
7
48
4
73
20
75
29
76
8
89
59
81
83
89
12
9
91
90
88
94
28
88
21
77
57
80
82
88
89
84
17
52
27
74
75
0
1
30
0
0
6
25
1
13
15
0
1
38
15
1
44
1
0
21
45
1
1
1
0
1
35
33
32
15
1
1
40
41
1
1
62
9
40
58
1
0
56
57
61
0
0
1
0
0
0
95
51
72
96
13
101
17
13
19
18
74
78
92
10
74
6
69
9
99
12
103
9
106
81
79
61
91
24
21
98
95
104
104
22
91
13
100
85
97
99
112
81
103
21
71
19
73
74
0
107
72
96
108
36
107
27
86
38
38
112
113
106
76
86
42
119
41
117
42
122
93
112
130
76
129
139
103
119
136
154
120
122
110
130
37
98
122
133
87
105
110
139
28
135
0
121
58
0
98
68
50
99
34
95
19
29
19
45
100
74
94
17
85
25
101
27
67
30
96
29
75
94
72
72
94
34
27
107
96
74
79
38
83
30
93
74
120
101
76
114
79
34
65
0
53
75
25
48
29
51
106
20
65
39
21
51
19
60
94
66
59
99
22
99
52
101
64
104
60
103
62
65
108
117
56
18
99
97
112
119
62
60
20
72
51
80
99
101
103
100
24
31
0
39
33
0
87
77
55
85
29
71
25
30
26
31
87
81
63
32
82
24
90
27
85
24
80
26
87
73
82
87
83
24
24
92
80
64
83
26
88
19
80
70
79
63
76
89
67
30
51
6
47
47
8
50
25
16
64
48
15
22
23
39
48
33
43
23
33
20
23
30
25
50
24
51
23
22
23
46
28
22
12
22
36
46
39
44
26
16
5
35
28
21
46
40
22
36
13
11
11
9
5
12
46
8
39
20
12
40
19
4
8
7
37
45
26
12
48
13
45
17
42
13
45
16
55
45
26
48
45
14
16
49
47
50
50
13
41
9
39
48
42
39
48
42
46
16
21
0
18
23
0
79
41
87
84
16
118
5
16
16
16
88
71
79
102
76
20
88
103
134
108
86
113
87
64
98
138
90
111
106
124
93
96
131
23
130
14
91
75
100
102
127
130
136
19
51
97
56
51
101
52
8
23
48
36
48
28
42
33
36
16
56
10
38
20
9
61
5
14
9
24
32
49
23
25
25
27
5
16
27
24
24
43
8
19
43
19
27
32
51
21
63
63
37
12
7
11
11
0
