223
113
225
230
154
227
99
165
162
163
222
236
128
159
244
129
235
160
243
155
238
151
224
131
236
210
222
146
134
226
209
230
224
150
227
125
139
235
237
244
231
233
234
151
130
141
131
127
147
159
40
161
153
33
167
144
28
114
136
162
166
52
143
168
138
159
35
169
29
40
141
154
46
47
161
39
123
101
151
43
149
45
133
86
114
44
136
154
160
160
41
164
129
28
27
29
29
0
176
78
191
187
76
192
65
66
59
64
185
191
126
67
60
63
187
70
189
87
196
66
174
110
74
177
76
76
79
201
197
193
191
38
65
78
142
72
106
162
75
71
75
42
58
56
129
130
56
175
49
242
184
60
93
52
97
97
99
241
152
103
4
164
4
148
6
111
5
153
5
132
136
133
115
161
3
5
151
155
143
130
0
136
2
136
144
146
136
115
138
133
2
120
0
118
124
3
52
30
65
63
17
67
17
10
25
10
68
66
67
16
62
12
61
15
60
23
72
22
61
59
55
62
73
27
22
72
69
70
68
20
67
22
70
64
75
68
74
75
73
23
51
0
46
46
24
80
44
44
75
8
73
3
7
28
6
77
72
81
4
57
5
68
37
70
34
64
7
68
60
77
80
68
4
5
64
85
67
69
38
68
35
86
63
85
69
73
79
68
3
48
42
78
75
0
8
59
11
9
16
40
11
45
44
14
14
71
63
10
66
11
12
47
65
11
13
12
12
10
75
68
72
43
7
8
83
76
12
8
75
25
65
75
12
9
74
76
78
9
13
13
9
10
0
70
26
49
69
28
68
23
18
27
20
53
59
73
29
47
32
69
28
73
35
73
28
69
64
62
74
79
33
34
76
71
79
82
41
55
28
77
78
76
83
81
49
75
40
60
32
51
51
0
81
40
70
82
26
75
21
112
28
25
125
91
72
98
59
24
71
19
74
25
82
115
85
132
65
134
143
106
122
145
144
76
78
120
137
20
82
114
142
70
81
83
145
15
131
0
125
49
0
102
68
38
83
26
90
20
15
26
33
97
61
90
15
61
23
76
26
62
24
82
24
63
84
70
60
94
23
15
91
82
64
65
27
81
31
66
56
81
80
65
85
64
18
49
0
47
60
23
71
29
82
77
9
60
13
38
22
25
91
73
54
16
73
29
84
12
80
20
77
19
81
56
92
82
78
19
36
85
81
88
94
21
84
28
76
91
72
84
80
85
88
33
51
0
57
50
0
102
60
65
95
17
76
11
21
18
14
94
100
81
23
91
17
105
22
95
17
97
22
95
100
103
111
98
22
20
88
112
79
101
29
102
18
93
101
97
76
96
88
100
23
74
8
71
58
9
47
23
18
49
37
16
26
23
32
35
25
51
24
36
27
23
26
31
47
23
42
24
27
22
41
29
23
13
21
41
47
35
36
42
18
8
45
40
13
45
46
23
58
14
9
12
17
9
12
44
21
41
36
26
58
22
25
28
28
45
57
19
25
56
24
55
31
41
16
55
29
65
36
19
55
57
18
37
62
65
57
58
24
37
9
39
59
35
46
60
62
46
27
20
0
20
26
0
77
40
85
90
18
136
12
23
25
24
80
94
80
107
56
24
85
122
134
130
88
130
88
55
98
143
95
114
127
152
98
101
157
25
129
9
86
70
85
83
117
137
141
29
48
115
46
49
113
79
23
39
86
52
76
44
49
55
52
25
81
27
68
39
9
93
3
30
9
39
50
109
39
33
41
39
14
17
38
38
39
87
7
35
59
33
38
43
77
34
91
96
53
29
9
27
24
0
