157
91
165
162
105
164
60
109
109
109
160
166
107
97
166
97
168
111
159
109
168
106
164
93
170
169
168
91
85
164
156
174
153
101
152
81
92
150
159
153
144
162
160
99
92
87
103
95
98
107
23
111
114
18
108
100
19
75
88
121
112
42
98
117
90
116
19
116
18
21
104
111
24
43
122
20
99
89
123
26
120
22
94
61
82
20
98
120
121
122
20
122
106
26
18
20
23
0
101
48
113
119
44
112
55
57
53
52
121
115
73
42
39
36
116
44
124
54
122
48
115
68
51
118
44
45
41
112
131
119
127
33
40
48
103
47
85
116
46
52
50
30
43
41
74
81
44
111
36
153
129
27
91
33
55
57
57
160
113
86
0
113
0
106
1
95
3
109
3
91
106
108
88
114
0
3
118
119
109
97
4
117
0
107
109
117
109
76
119
110
0
96
0
94
92
0
57
20
62
57
2
66
18
11
21
1
61
71
83
2
62
3
67
5
66
23
70
23
66
57
67
78
68
24
1
63
65
71
65
1
79
24
59
59
65
66
69
66
66
25
61
0
59
61
21
62
27
42
53
4
56
2
3
15
2
54
58
59
3
46
0
51
18
58
23
60
3
52
44
67
66
61
4
2
54
67
58
54
22
55
19
68
47
72
60
61
69
56
4
45
28
67
66
0
0
15
0
0
0
18
0
17
14
0
0
20
8
0
19
0
0
14
19
0
0
0
0
0
24
17
23
15
0
0
24
25
0
0
25
6
18
25
0
0
24
21
23
0
0
0
0
0
0
34
21
32
42
6
40
4
3
4
4
34
33
40
3
35
7
35
5
45
7
43
5
40
39
33
39
43
5
7
42
45
46
45
9
36
6
47
43
42
46
51
29
49
14
30
4
24
25
0
94
47
87
99
26
96
24
83
24
24
110
94
102
56
63
30
100
23
96
28
102
75
107
115
76
113
112
65
76
118
121
98
109
72
107
31
96
99
116
86
100
110
113
27
100
0
105
60
0
96
65
41
95
26
101
14
24
20
31
95
76
89
26
74
30
93
33
72
35
89
31
65
83
67
65
89
35
34
89
95
78
75
41
96
23
89
76
109
100
71
112
75
37
57
0
57
72
23
52
33
60
85
25
40
15
7
36
9
63
89
56
31
95
7
95
21
103
34
96
36
100
64
60
101
108
31
8
102
108
114
104
38
60
9
90
62
78
117
114
114
116
7
45
0
50
46
0
60
64
40
81
37
49
35
28
27
36
86
68
48
26
77
32
65
23
76
33
65
29
74
59
66
72
68
19
15
66
70
43
78
21
69
18
62
61
83
42
64
82
63
37
46
5
44
45
5
61
15
11
69
55
10
14
12
41
48
17
38
13
38
19
13
17
29
43
11
38
15
14
15
49
13
11
10
10
45
50
54
54
52
17
11
67
66
8
62
71
14
65
8
7
12
12
10
9
63
17
34
23
34
73
13
31
36
40
42
63
32
15
60
12
61
34
27
25
60
32
49
30
28
53
40
16
23
43
44
48
47
23
27
10
31
34
36
42
50
55
36
18
25
0
26
30
0
69
30
71
73
24
90
17
27
27
25
75
65
72
66
46
26
70
77
102
92
67
78
71
40
65
91
66
79
82
95
66
62
97
29
92
15
64
34
61
73
78
94
92
24
23
70
30
29
71
54
6
11
52
49
55
42
53
49
51
4
59
11
45
5
1
49
2
4
1
5
45
72
6
8
8
7
2
18
12
7
8
55
3
7
52
7
7
16
58
7
63
60
58
4
2
6
4
0
