135
58
136
132
63
135
45
64
68
65
131
133
64
66
135
55
134
69
141
58
143
66
129
67
134
142
139
63
57
126
136
136
136
66
147
60
88
153
153
148
154
156
156
68
70
64
74
77
54
90
17
94
97
9
91
84
6
75
82
105
98
24
94
106
82
106
12
100
11
23
94
87
19
22
93
17
77
77
89
22
96
16
71
38
71
18
81
88
92
93
18
90
81
14
8
11
13
0
86
34
99
92
24
90
46
46
42
49
99
96
59
20
20
21
94
23
102
54
107
56
81
50
28
91
27
23
47
90
92
91
91
33
25
26
68
32
61
86
24
29
31
32
25
24
49
55
23
88
22
106
97
24
56
12
21
28
28
116
85
76
1
93
1
84
1
81
1
92
1
69
89
94
70
94
0
1
89
91
84
76
2
90
0
91
98
89
78
79
96
96
1
85
0
76
80
1
35
17
38
42
9
40
8
6
10
10
42
40
36
8
41
11
43
14
47
8
45
10
34
34
26
34
37
10
7
38
34
34
31
5
37
10
36
28
37
34
41
37
35
9
24
0
27
30
8
43
27
37
45
4
44
5
4
11
3
47
46
47
3
44
5
47
9
47
14
45
5
45
37
47
44
44
3
3
44
47
44
45
15
43
10
49
37
46
43
46
54
42
3
35
18
49
47
0
0
17
0
0
0
17
0
12
18
0
0
30
16
0
30
0
0
26
31
0
0
0
0
0
18
21
18
15
0
0
22
22
0
0
19
6
14
19
0
0
19
19
17
0
0
0
0
0
0
48
23
46
47
12
52
4
3
3
3
44
48
49
5
42
8
49
7
55
9
57
8
59
46
47
43
61
9
11
57
58
55
53
10
50
9
60
46
55
59
61
43
62
9
44
11
32
39
0
78
36
74
85
19
82
17
36
19
23
80
81
84
34
73
24
85
16
91
23
94
47
92
91
62
88
91
40
46
99
96
92
92
41
88
25
84
86
96
86
90
86
87
18
94
0
83
63
0
64
40
32
72
37
66
11
25
13
30
72
41
76
15
71
38
77
42
37
40
82
34
36
75
49
41
79
43
34
84
82
43
37
34
52
11
61
43
66
72
36
79
43
38
34
0
32
41
16
62
36
74
87
25
55
19
14
34
10
72
92
55
37
103
12
105
24
108
37
108
34
120
65
70
114
119
37
12
115
116
121
115
55
74
12
101
67
84
115
124
128
134
13
60
0
58
56
0
40
56
21
63
49
26
39
20
19
45
71
40
21
21
40
12
36
20
31
11
39
20
35
30
35
33
33
14
14
31
28
15
32
15
30
9
30
30
42
23
33
46
31
19
24
2
18
20
4
29
7
5
27
28
7
8
11
21
29
11
32
15
29
12
10
16
22
34
15
37
11
13
9
34
13
15
17
9
31
35
37
35
27
8
13
39
33
6
44
45
9
39
8
10
4
12
8
3
49
10
38
34
16
59
9
19
19
20
38
60
40
10
60
10
64
20
42
18
56
23
64
37
47
69
61
9
25
64
62
64
65
24
35
9
32
60
51
40
59
57
44
21
35
0
34
31
0
49
13
51
45
26
51
11
23
28
29
45
38
46
40
25
30
53
43
53
51
44
44
53
39
58
63
56
49
39
50
59
59
64
39
63
19
68
46
71
69
63
69
67
38
24
44
23
21
45
62
4
12
63
53
62
50
49
51
50
5
59
15
53
15
4
65
4
12
5
12
50
68
12
8
9
13
3
16
14
12
16
65
4
12
62
12
15
26
59
16
73
69
56
11
6
9
10
0
