350
127
336
349
187
354
121
198
195
188
355
303
137
172
312
121
321
179
312
176
317
171
299
144
307
287
317
147
130
281
298
318
294
160
303
119
167
310
313
310
312
318
309
163
146
131
158
144
130
203
41
200
210
56
190
170
28
159
196
218
192
62
153
204
143
188
43
203
33
44
151
195
49
75
205
33
167
143
207
62
210
51
161
104
142
47
148
207
202
200
34
191
170
30
28
30
26
0
214
92
227
221
92
226
84
87
73
88
230
235
126
93
68
73
228
89
238
98
253
80
196
122
82
212
85
89
82
218
217
221
229
65
80
90
179
75
155
216
88
83
77
51
59
54
158
151
63
198
83
262
194
49
119
38
74
87
76
270
186
145
0
181
1
209
5
147
4
177
7
152
149
178
147
202
4
2
194
188
180
168
2
182
0
155
190
174
146
155
190
171
1
135
0
134
147
1
89
43
97
93
17
88
28
20
37
15
87
83
80
9
57
14
83
14
81
28
88
31
90
62
86
83
93
27
18
86
88
87
85
23
96
28
103
80
106
100
113
114
107
28
65
0
66
65
31
107
77
60
99
11
90
7
9
35
11
101
102
105
12
79
10
106
36
112
38
105
11
103
80
102
101
93
7
4
97
109
87
99
35
95
41
111
79
111
108
100
111
98
6
69
43
103
104
0
6
47
5
4
11
43
4
43
45
4
4
76
34
4
76
3
6
54
79
5
6
6
6
6
66
56
63
33
2
4
69
68
5
2
63
21
43
66
5
7
74
67
66
5
5
5
1
4
0
73
33
59
80
18
78
20
15
21
16
47
51
67
13
53
15
53
22
72
21
72
16
76
62
54
52
66
24
29
77
77
82
77
20
56
14
76
68
80
85
82
57
84
30
49
22
45
42
0
128
70
129
132
33
127
35
104
34
37
128
138
117
87
95
34
119
28
126
32
138
112
134
154
94
142
157
116
120
151
155
127
136
125
146
40
113
143
147
105
122
129
149
30
144
0
133
80
0
123
85
65
102
39
126
28
27
30
41
117
90
108
28
95
29
125
41
90
34
124
40
87
123
91
85
130
37
30
133
122
100
90
34
123
39
92
97
128
119
95
134
100
38
76
0
68
87
33
112
58
127
138
18
87
24
29
34
20
111
126
85
33
129
21
131
28
130
34
138
33
140
95
116
138
131
30
24
143
145
145
133
45
118
21
137
121
122
153
150
156
160
25
91
0
90
98
0
100
69
48
90
31
59
26
45
41
24
86
82
56
45
84
30
94
48
88
30
96
30
95
88
111
104
107
48
42
78
107
59
69
42
91
25
86
90
77
51
84
80
89
28
58
5
57
53
7
79
24
18
71
53
17
30
31
44
54
36
68
17
49
38
23
29
39
61
25
51
28
29
29
67
34
32
17
28
55
65
64
65
62
29
15
79
65
23
77
75
21
79
13
12
10
24
11
13
76
25
59
37
37
76
22
26
41
41
53
71
37
21
82
13
75
41
53
30
82
48
90
58
45
82
76
12
42
85
93
82
82
35
46
13
45
83
64
54
76
84
59
42
31
0
31
32
0
102
39
110
105
39
131
21
39
39
43
103
96
106
105
63
54
114
112
131
123
113
112
118
56
109
151
108
108
111
147
119
111
161
59
150
14
119
84
119
133
120
149
157
51
59
108
59
54
100
98
17
33
107
82
104
70
81
83
79
17
131
32
106
29
10
140
5
28
15
32
93
133
29
26
32
30
14
27
29
30
33
95
11
30
102
28
33
56
94
29
130
126
88
17
10
18
19
0
