410
197
420
409
275
415
200
302
301
291
417
422
226
301
448
208
434
301
438
297
424
274
431
253
429
449
438
299
230
426
435
429
437
288
427
233
263
438
453
424
440
441
440
281
238
240
223
246
253
269
75
259
271
61
274
175
50
131
173
262
258
115
178
264
164
286
62
271
53
97
195
243
93
118
273
69
183
146
263
93
275
94
154
186
100
92
164
243
255
231
68
232
157
66
46
65
69
0
287
137
322
304
148
313
97
98
99
99
321
327
242
151
119
124
331
143
328
114
344
105
303
210
147
312
146
145
102
328
328
324
336
66
140
154
276
150
206
293
151
143
150
65
107
104
243
230
108
235
139
338
242
98
140
85
149
149
150
364
212
193
3
207
2
272
10
196
20
222
25
258
233
267
157
278
3
26
273
288
206
251
22
202
2
194
257
201
212
231
257
192
1
133
0
127
142
2
213
95
218
209
83
209
49
35
63
51
215
217
147
65
179
67
221
83
210
60
224
62
205
176
138
147
202
66
71
199
217
220
209
63
157
61
193
178
217
220
211
207
216
57
90
0
88
90
60
136
173
77
172
31
157
24
31
54
30
169
169
159
21
124
22
153
68
175
75
156
32
161
124
167
158
170
20
21
157
175
155
162
85
175
77
154
122
161
172
191
161
173
36
76
68
135
126
0
29
136
35
30
45
118
24
111
124
18
33
181
101
22
188
27
21
102
202
18
31
26
42
33
185
158
172
75
25
28
194
192
35
23
176
59
143
182
33
31
173
172
177
24
28
26
4
23
0
177
67
116
189
46
186
77
47
69
77
110
135
169
62
122
66
137
67
181
81
190
64
186
144
129
139
175
74
85
180
188
192
190
81
129
66
182
167
187
177
190
113
188
86
113
69
100
94
0
188
97
168
189
45
178
51
180
46
55
211
201
183
163
148
56
175
42
184
52
185
216
193
250
152
272
257
201
210
275
273
197
205
204
253
51
169
240
269
164
186
191
255
43
238
0
232
126
0
168
118
82
154
57
173
54
50
67
62
166
120
161
49
151
58
169
79
118
74
194
76
119
175
128
111
176
76
70
176
195
136
128
69
166
84
160
131
190
171
135
187
144
70
96
0
88
130
68
134
66
140
145
31
70
23
67
51
54
148
150
90
47
173
72
149
34
163
54
156
58
142
92
147
145
148
53
71
149
145
145
160
49
143
66
137
133
116
151
152
160
150
74
65
0
69
75
0
184
162
94
159
52
152
40
63
67
49
169
176
124
66
169
60
199
62
177
36
184
48
190
171
185
203
205
60
46
175
193
116
157
56
167
54
142
165
153
99
148
146
141
45
95
14
110
97
15
116
63
29
124
74
46
53
55
48
70
77
99
43
57
69
53
67
34
98
55
99
56
79
73
92
74
69
29
52
77
97
91
93
53
66
20
112
85
51
104
91
53
106
39
27
34
61
36
40
111
55
106
60
52
129
55
39
53
60
108
138
78
47
132
45
123
56
108
38
115
58
139
110
92
142
144
56
56
139
143
151
144
71
109
31
103
143
111
112
145
146
105
77
62
0
57
53
0
166
76
172
172
61
208
28
64
63
64
190
186
176
152
112
59
189
190
235
208
199
214
175
100
189
265
178
204
207
260
183
189
275
59
240
32
163
114
166
171
220
255
246
53
83
184
85
91
189
147
34
79
144
77
127
50
71
64
77
57
144
36
62
76
24
144
14
55
21
87
43
153
65
72
73
82
24
40
84
82
88
100
23
87
85
82
90
123
116
90
180
164
68
60
19
61
63
0
