260
134
268
268
142
276
85
136
145
144
264
274
136
139
271
121
284
139
279
138
276
138
294
146
296
292
294
135
112
289
287
286
290
136
289
108
150
285
283
290
291
303
290
134
156
123
154
153
121
159
27
153
150
30
153
122
20
96
120
157
125
43
107
136
93
134
23
125
20
34
110
130
32
39
151
24
121
102
144
37
143
33
117
74
106
31
134
145
154
159
29
154
121
28
20
28
28
0
162
77
160
159
49
164
61
60
61
64
182
160
101
45
41
38
160
48
168
69
176
58
146
90
43
153
44
53
50
157
165
160
157
65
45
51
143
49
120
177
49
50
47
53
32
33
97
107
29
162
63
243
158
63
123
52
112
115
112
247
120
102
0
117
0
135
4
102
5
117
8
134
114
140
94
159
0
15
152
155
122
139
11
113
0
99
138
123
111
102
143
115
0
91
0
92
92
0
81
37
85
92
10
94
24
18
25
6
98
102
83
7
73
11
109
15
104
19
104
19
95
60
84
85
104
24
17
104
94
96
100
9
83
24
93
66
94
92
95
93
88
21
62
0
67
69
24
70
59
44
75
7
76
5
9
20
6
73
70
70
1
55
1
70
22
69
25
77
3
82
55
84
75
78
4
3
87
89
83
80
27
81
22
85
60
80
80
92
89
87
7
46
27
73
72
0
0
13
1
0
2
11
0
13
11
0
2
19
2
1
21
1
1
4
18
1
1
1
0
0
12
10
10
4
0
0
16
15
0
1
13
4
8
9
0
0
12
11
14
0
1
1
1
1
0
47
18
50
55
4
53
2
3
3
1
47
48
50
3
44
1
42
4
52
4
47
3
50
55
51
44
51
3
0
55
58
52
50
1
45
1
48
53
49
48
51
45
48
1
44
1
48
45
0
52
33
49
56
3
54
1
95
3
3
136
88
60
65
52
1
66
1
60
2
61
124
61
146
54
145
160
96
119
161
163
67
68
113
156
6
67
133
154
56
62
63
157
5
145
0
154
58
0
70
69
38
64
6
62
16
5
25
7
67
67
73
4
65
13
72
12
65
15
70
13
77
70
55
68
67
11
8
73
71
74
66
13
71
27
55
65
77
67
67
78
72
7
60
0
58
70
24
50
31
62
82
7
75
26
5
28
5
56
117
64
61
118
3
122
50
128
61
116
53
108
59
61
114
112
46
6
115
112
112
114
58
62
5
84
51
101
129
124
120
126
5
50
0
49
44
0
111
83
81
119
31
88
25
27
25
28
123
116
90
31
117
26
112
28
116
20
119
27
116
114
118
125
124
31
29
105
130
88
112
32
121
28
124
115
104
86
111
110
106
20
87
5
86
83
4
63
22
15
55
40
12
15
18
39
45
22
55
16
43
21
13
23
36
57
18
55
14
25
23
67
25
25
16
16
52
63
63
68
48
25
11
53
51
24
57
58
23
61
16
8
13
16
12
14
60
6
25
18
45
68
18
40
49
46
30
69
22
15
70
11
64
58
29
43
65
55
57
25
20
56
62
12
47
59
62
61
58
46
25
10
23
63
44
29
58
52
26
51
10
0
11
12
0
88
19
84
84
45
107
39
44
53
47
83
48
71
91
37
29
74
116
123
125
69
119
62
23
66
113
63
113
112
124
67
61
118
32
117
11
63
51
70
66
117
120
113
34
20
101
19
22
105
58
4
7
50
53
54
46
53
49
50
2
49
4
49
4
2
55
2
4
3
6
46
44
5
5
6
9
2
4
8
8
6
43
2
4
43
5
4
8
52
3
45
49
45
4
2
3
4
0
