295
136
295
301
171
300
102
179
181
177
298
267
136
178
263
119
275
172
274
171
270
163
255
138
254
244
258
156
113
248
254
262
246
156
237
121
146
236
243
248
243
250
241
161
154
132
157
154
135
150
42
166
167
41
165
119
26
98
125
161
178
61
135
181
113
183
46
184
29
60
135
185
71
55
193
44
147
122
190
60
206
64
145
113
106
55
135
180
181
175
44
179
146
33
24
34
35
0
208
97
212
202
87
216
79
69
76
80
217
209
125
82
69
70
215
81
216
109
220
88
211
127
85
236
86
106
108
230
227
223
217
90
74
81
170
82
142
214
87
88
92
82
54
54
142
141
63
153
97
202
159
39
111
29
58
57
53
214
134
114
4
147
1
175
5
114
7
151
5
164
136
165
113
185
6
10
186
189
137
170
4
137
2
130
185
148
124
145
188
144
1
95
0
83
94
1
85
49
98
100
21
97
32
18
39
13
94
96
73
17
70
22
99
34
91
31
96
33
111
55
79
75
105
31
35
105
108
113
106
18
80
35
73
65
93
85
90
82
89
38
42
0
41
42
30
118
130
53
135
17
108
15
18
39
18
130
128
116
11
84
13
124
47
124
49
128
17
119
65
112
106
126
9
5
116
115
127
118
46
118
40
118
70
123
121
116
109
109
13
66
49
99
96
0
5
39
4
4
6
32
3
27
28
2
4
80
14
3
80
1
4
46
75
2
6
4
2
3
70
53
55
32
1
3
72
68
4
2
70
6
43
72
4
4
69
67
71
3
5
4
3
5
0
115
48
92
120
15
118
21
8
17
19
66
92
99
13
81
17
86
20
123
25
126
20
122
81
87
88
121
20
26
129
137
133
125
26
83
14
121
88
121
126
115
73
123
23
84
20
67
77
0
146
74
164
159
72
161
58
95
61
58
153
136
162
88
97
75
177
56
191
71
175
110
160
155
119
154
174
104
109
158
170
168
173
110
160
50
152
162
184
153
168
173
178
44
161
0
161
113
0
119
73
64
126
56
134
34
57
44
60
139
66
127
38
115
61
138
81
82
71
142
75
79
142
91
73
136
67
68
138
141
86
77
76
120
52
116
68
141
126
65
145
76
56
56
0
47
68
44
83
41
95
163
29
123
64
22
84
19
94
144
81
61
140
22
150
55
147
69
143
73
133
88
101
151
150
66
20
146
142
150
156
55
96
18
116
99
129
154
156
158
155
18
73
0
75
80
0
85
70
29
76
30
56
24
54
54
32
81
69
44
53
67
29
90
53
76
28
91
31
91
74
88
90
80
47
40
64
89
38
75
44
79
30
64
74
65
49
76
70
68
36
35
12
35
32
7
52
47
17
56
29
25
39
42
30
26
50
47
27
31
41
35
41
34
51
39
57
37
48
47
62
45
40
18
38
57
63
57
56
31
44
14
65
44
43
56
59
51
56
25
17
18
27
19
18
82
19
79
61
24
93
24
18
30
25
87
100
63
24
97
27
98
27
80
15
91
32
98
72
71
100
99
18
36
101
103
101
104
40
74
16
71
103
79
79
107
108
87
47
58
0
53
53
0
112
45
128
120
30
157
14
35
36
36
120
116
118
96
82
47
129
99
144
124
126
112
113
70
115
155
120
95
105
150
121
117
167
44
150
25
118
90
142
133
132
155
174
40
74
109
68
64
102
80
16
25
90
58
86
51
67
68
59
18
93
21
80
27
2
95
1
22
1
27
66
100
20
23
25
25
4
15
25
26
26
86
1
27
71
24
28
36
80
29
95
89
62
18
2
19
18
0
