250
93
253
254
117
252
73
125
123
121
253
259
123
120
269
102
255
122
261
119
256
120
248
118
253
256
252
116
90
255
254
252
254
123
248
99
114
247
249
245
256
260
255
120
126
105
126
114
108
166
19
172
174
20
172
143
14
123
146
161
172
39
135
178
113
168
20
171
16
35
138
167
33
50
178
24
139
126
184
37
165
37
124
63
109
35
122
160
151
158
17
157
124
17
13
18
19
0
128
53
152
158
49
152
67
60
67
70
150
156
74
42
30
37
152
44
158
75
149
62
142
82
48
157
49
44
60
156
149
156
159
56
41
51
121
49
102
144
46
52
53
48
35
32
90
96
33
170
67
201
157
30
112
35
53
56
58
234
150
125
1
144
2
167
5
126
5
142
8
136
146
147
130
160
1
5
166
158
135
140
3
145
0
123
164
152
123
131
165
145
0
112
0
116
116
0
72
25
61
58
15
52
17
11
15
13
63
67
48
10
59
15
65
21
66
14
75
14
77
38
49
52
89
14
32
85
91
84
76
19
51
17
61
59
70
75
72
78
80
14
37
0
40
39
15
81
71
39
87
9
69
7
11
27
8
91
69
76
3
57
7
74
27
72
30
71
7
66
51
76
73
65
0
2
67
76
63
65
29
78
28
85
56
82
75
75
85
74
5
54
29
76
72
0
1
34
4
2
4
28
0
33
36
1
4
33
13
0
39
0
2
14
35
0
2
2
2
1
24
25
24
7
0
1
26
26
2
0
24
5
20
21
1
1
21
23
22
0
1
0
0
0
0
19
12
21
20
6
19
1
0
2
3
16
18
23
6
19
6
21
4
23
6
24
10
22
16
15
15
27
7
8
28
27
28
25
1
18
3
24
23
24
26
24
17
24
3
20
4
15
12
0
92
58
79
98
8
98
9
75
10
9
109
72
96
66
83
15
98
8
102
14
95
86
98
125
93
129
126
82
96
129
135
103
102
91
128
11
89
114
127
87
101
95
131
7
125
0
121
89
0
67
57
37
60
12
66
10
11
25
14
66
52
54
5
57
9
60
12
60
13
64
12
61
61
48
58
66
12
15
63
67
61
56
10
62
26
53
61
60
66
63
68
60
13
46
0
46
59
25
89
48
102
114
11
95
10
10
19
8
90
109
97
14
109
8
119
14
110
13
122
13
135
94
112
136
140
28
8
130
133
147
142
41
110
6
135
107
119
140
154
144
154
7
104
0
98
109
0
89
52
47
77
25
52
20
38
38
24
76
75
50
45
80
25
80
46
77
23
90
27
95
94
90
95
90
37
37
71
87
48
69
32
85
37
84
69
67
50
66
62
62
25
44
12
43
42
6
49
24
19
50
36
16
19
20
36
34
28
35
18
20
26
20
28
20
34
19
38
20
26
23
42
27
27
7
18
31
40
36
37
19
31
11
37
25
23
38
35
28
37
13
14
15
21
14
9
34
8
27
22
22
41
12
19
24
22
29
34
16
13
35
15
35
22
28
15
40
23
44
26
25
42
43
14
23
29
36
35
40
42
26
12
21
58
41
27
55
60
27
38
13
0
14
13
0
51
17
58
57
30
90
19
32
30
33
56
54
56
70
40
34
65
90
104
95
61
91
60
40
61
97
70
94
103
114
68
62
105
47
97
11
79
48
77
83
93
112
107
46
18
90
19
19
81
100
12
7
105
95
100
94
100
100
97
4
90
15
89
7
2
96
2
5
4
6
82
115
6
5
5
8
1
15
7
7
7
115
1
6
107
5
6
15
110
4
123
112
118
5
2
5
3
0
