276
134
274
276
185
279
119
190
187
196
279
263
147
196
258
163
253
189
260
182
255
188
230
143
230
237
209
175
150
221
229
201
231
181
224
152
126
222
223
231
232
207
229
179
159
172
146
166
179
105
30
118
109
25
125
81
18
58
85
113
121
53
96
122
74
131
29
133
22
35
103
135
44
61
154
29
110
98
142
51
152
47
132
88
102
55
121
155
158
158
36
155
129
28
13
19
18
0
183
87
182
190
66
188
71
69
65
70
193
196
130
56
48
47
192
54
201
74
193
61
196
107
70
196
67
68
86
201
200
213
209
56
57
70
177
67
115
190
71
71
66
51
45
39
147
134
39
129
59
212
129
50
113
74
121
113
110
220
111
81
5
116
2
121
8
79
7
114
9
96
95
89
88
120
4
1
114
108
108
91
7
101
1
102
113
111
81
88
110
111
2
86
0
67
78
1
48
31
58
62
13
55
19
17
21
7
49
51
56
12
43
11
58
17
58
24
55
21
71
35
48
45
59
24
26
70
65
59
61
15
45
21
63
36
56
57
56
62
49
22
29
0
32
29
23
76
84
43
91
7
74
4
8
25
9
95
90
76
6
56
7
83
25
89
27
96
8
76
39
67
72
73
8
8
77
72
67
74
27
86
22
77
43
79
93
90
77
83
15
37
28
72
68
0
6
24
6
6
11
12
5
12
18
4
6
49
13
4
55
4
4
42
61
4
7
4
6
4
40
36
34
20
4
4
48
43
5
5
61
22
51
64
5
5
63
63
57
5
3
4
2
2
0
90
43
73
98
22
106
26
23
23
25
67
68
95
18
66
28
78
27
94
27
102
26
87
72
66
69
85
29
23
93
93
93
86
20
70
15
87
74
91
86
102
63
99
27
67
28
58
62
0
108
64
102
116
20
120
16
127
16
21
172
135
110
87
78
16
103
15
112
18
111
134
111
178
100
181
191
123
139
189
185
118
109
129
192
14
104
183
189
105
121
120
207
12
192
0
191
99
0
76
56
53
83
37
83
13
34
25
30
93
60
89
22
79
39
105
39
66
45
95
38
67
86
61
54
91
39
32
96
88
61
65
44
75
22
91
66
85
96
54
102
64
37
56
0
52
66
25
61
28
85
114
23
82
32
25
55
25
79
112
74
48
118
24
115
34
107
53
111
45
106
78
86
109
109
42
22
114
112
118
115
52
79
25
99
86
109
131
131
127
118
26
61
0
58
60
0
127
100
80
135
48
99
31
34
33
45
150
131
98
41
121
36
132
36
123
31
136
33
126
130
135
131
138
38
39
119
129
87
121
33
122
35
122
117
111
94
107
112
112
28
83
13
92
85
9
47
26
18
55
32
13
24
25
32
33
29
50
24
39
31
20
31
33
61
23
50
20
32
27
41
28
24
15
16
27
38
44
34
28
29
11
47
28
22
38
44
27
42
10
5
18
14
8
9
68
23
53
42
19
66
19
17
18
22
58
68
37
19
60
13
53
19
52
9
61
22
68
57
38
62
61
20
24
65
59
60
57
18
48
12
49
64
63
54
67
64
53
18
39
0
28
30
0
62
26
66
70
22
142
11
17
21
20
70
60
69
140
57
27
75
142
153
146
71
145
72
60
75
163
72
143
144
150
68
69
160
38
169
23
79
63
77
82
149
149
151
33
25
128
30
25
129
80
20
25
78
60
79
43
63
55
61
16
93
32
68
24
6
84
2
22
11
27
64
99
30
25
26
31
9
28
25
25
28
91
4
24
74
24
26
47
81
28
114
95
67
24
9
23
18
0
