562
248
586
581
326
555
214
359
350
343
573
557
294
315
570
267
569
332
569
332
552
332
575
321
579
573
586
308
267
579
581
585
581
316
583
263
344
578
585
586
594
604
581
319
315
288
319
308
283
348
80
364
362
74
353
288
55
206
297
374
321
159
250
365
206
340
79
350
69
105
268
355
92
150
373
78
284
218
364
84
364
95
266
199
206
98
264
349
352
361
79
357
285
78
56
76
74
0
322
133
348
351
170
360
111
117
121
123
375
394
267
145
128
122
388
148
392
148
391
119
372
263
141
410
150
155
148
402
406
404
417
112
144
164
317
158
262
367
158
156
168
87
132
135
270
281
138
346
153
437
351
109
199
63
158
168
175
473
304
250
8
313
5
340
8
266
6
302
8
303
285
338
245
353
7
10
356
348
306
329
10
321
2
301
383
318
293
284
368
326
2
257
0
231
246
6
184
109
206
221
53
211
63
50
76
41
218
237
175
44
201
55
228
61
244
66
246
70
224
190
178
170
226
67
57
229
244
241
239
68
200
70
234
200
253
253
261
247
249
71
124
0
116
126
68
186
193
99
219
32
166
27
33
66
41
215
211
190
31
149
38
215
94
216
88
216
44
211
137
191
183
237
51
41
232
208
221
230
94
216
82
196
137
182
223
217
200
220
46
85
91
160
156
0
8
135
8
5
15
83
7
79
83
4
8
189
64
4
194
5
8
107
187
8
5
7
5
7
177
142
150
76
6
3
185
182
8
7
141
29
90
139
8
9
135
134
146
7
4
5
3
4
0
179
105
152
196
66
199
63
51
65
67
147
153
183
48
143
65
161
73
195
74
197
68
200
151
145
133
194
81
85
205
209
214
208
71
157
65
188
185
210
214
213
143
202
85
144
80
128
127
0
306
133
290
316
132
297
120
199
133
137
272
263
290
178
195
126
311
107
319
118
300
215
303
296
206
297
301
202
211
307
310
320
289
195
304
133
271
274
309
250
318
306
308
115
272
0
281
172
0
268
171
126
240
118
276
73
103
81
111
257
158
205
70
200
91
230
105
166
105
232
113
164
234
196
160
232
102
90
246
245
168
169
98
197
92
184
183
237
234
174
233
181
74
125
0
118
163
86
247
94
254
263
54
156
27
78
65
72
252
262
200
83
259
79
270
43
275
78
270
82
279
208
251
286
271
76
73
284
267
277
293
79
258
70
277
247
239
304
298
304
300
66
175
0
180
180
0
178
175
83
205
90
117
71
64
65
96
217
184
139
71
194
86
200
68
197
69
194
75
201
186
196
201
201
63
62
192
185
134
179
64
169
49
141
146
176
127
149
179
128
85
93
17
98
94
15
145
74
53
160
92
57
74
72
70
99
100
125
68
75
91
64
97
60
141
67
136
63
74
72
171
84
79
54
64
118
153
155
150
97
87
44
152
128
59
147
158
75
156
47
39
34
52
34
26
186
61
148
114
75
205
66
71
93
86
145
189
139
56
196
66
195
87
154
60
208
90
205
153
134
203
206
62
101
219
214
212
219
113
157
52
125
223
170
165
212
223
162
122
94
0
90
90
0
273
127
285
302
105
295
56
104
115
104
288
232
280
200
180
106
305
205
296
229
300
241
300
182
296
319
303
223
226
308
294
297
336
119
321
50
312
196
301
317
270
332
337
111
154
205
147
158
216
247
43
99
261
182
240
143
181
182
181
65
221
56
167
96
24
248
12
82
22
102
137
241
97
68
108
99
27
61
102
100
87
193
22
96
168
85
96
122
180
85
232
224
138
60
22
57
63
0
