441
202
460
445
302
461
200
309
316
313
458
447
250
317
451
227
457
308
453
300
458
298
423
224
417
410
425
288
241
408
415
408
426
281
415
245
243
420
417
416
449
432
423
279
231
244
220
236
234
265
70
272
276
71
279
219
43
177
223
275
271
74
231
286
155
284
69
293
33
93
228
291
93
109
306
60
268
222
290
83
311
98
232
185
163
82
201
279
274
291
59
265
238
39
30
35
33
0
270
118
294
277
131
307
69
67
65
61
277
286
194
119
98
106
274
123
310
81
292
54
265
184
111
284
122
121
76
288
285
292
291
73
105
132
273
107
218
287
115
121
117
60
90
84
226
220
72
282
151
364
289
92
156
74
143
150
151
366
247
215
4
250
3
275
5
193
4
225
8
249
242
249
216
282
11
10
289
291
235
280
7
241
0
223
289
238
214
233
292
244
3
179
0
155
176
1
117
43
115
118
52
108
26
22
34
38
116
109
77
32
86
52
122
53
117
30
123
34
117
72
71
73
113
31
47
110
115
110
102
43
78
33
96
90
101
100
103
109
106
32
41
0
47
38
34
106
110
54
122
6
98
4
8
53
8
114
113
104
9
79
5
104
54
111
59
117
6
118
81
109
90
127
19
11
117
125
122
117
53
110
47
106
76
111
123
122
103
117
14
56
49
93
95
0
3
75
4
6
12
46
5
46
53
5
6
104
39
5
112
3
5
50
108
3
6
4
5
3
114
88
106
44
2
6
122
130
6
3
108
18
68
101
9
6
101
99
101
5
4
1
3
5
0
100
45
75
104
34
108
36
28
40
41
79
74
102
26
67
27
73
37
107
39
94
40
118
72
68
62
102
43
42
116
106
103
109
36
63
20
114
87
102
110
106
69
105
46
57
42
50
51
0
156
82
167
150
43
155
38
204
36
44
206
195
176
154
110
44
173
30
166
43
166
228
161
226
111
240
248
217
222
236
247
168
157
213
222
44
145
220
243
135
157
160
251
31
226
0
227
117
0
154
95
69
124
59
156
30
49
55
67
139
92
132
29
120
51
141
73
94
73
157
68
94
114
85
85
137
64
50
135
138
88
93
55
109
57
116
93
143
134
97
140
102
55
65
0
71
88
56
108
55
128
141
30
78
16
48
39
34
122
129
97
30
128
47
131
11
125
22
129
29
125
92
125
135
131
36
46
140
130
135
142
32
117
44
121
111
105
130
126
135
127
46
91
0
87
92
0
169
71
88
115
14
103
5
81
76
9
115
122
94
81
109
11
178
79
109
6
185
13
195
185
180
186
199
83
74
117
172
94
105
64
175
73
169
153
114
98
145
117
138
12
90
28
78
83
28
63
46
18
69
47
21
44
48
29
47
58
45
31
30
51
35
47
23
54
34
45
42
42
41
57
45
39
18
33
62
67
61
60
37
40
10
52
36
30
57
46
37
46
31
12
31
27
10
18
82
29
83
72
31
92
29
22
28
31
96
107
66
28
99
20
99
38
95
19
99
37
96
73
78
106
105
23
39
99
105
98
105
44
89
20
76
116
103
90
127
123
94
49
66
0
65
68
0
112
59
131
123
44
199
17
34
42
35
126
134
135
168
92
48
142
192
235
208
143
222
140
75
136
212
152
190
196
237
139
137
242
59
219
23
144
96
139
145
217
241
236
51
65
191
59
66
176
141
35
49
142
92
139
73
94
99
89
37
142
53
107
55
12
147
5
40
11
57
78
164
48
44
54
55
11
40
57
54
47
119
16
46
116
42
58
69
115
47
158
150
88
34
8
36
31
0
