180
105
182
188
132
189
107
140
145
144
201
184
106
147
193
134
200
128
192
139
191
137
217
109
211
220
201
126
114
226
219
204
213
129
211
117
97
204
198
205
217
205
204
134
119
122
110
120
125
160
25
149
156
21
154
126
15
107
129
150
156
41
127
158
126
158
22
154
16
38
122
161
40
58
172
31
134
127
171
39
167
42
122
114
90
45
115
164
156
164
25
169
130
21
12
18
17
0
155
62
172
160
56
167
63
63
60
64
171
137
95
44
34
39
143
39
148
39
160
42
139
98
47
148
49
51
35
146
144
142
152
35
45
54
136
50
113
150
50
52
52
32
43
38
118
113
45
173
82
222
187
45
103
32
61
69
69
228
152
127
3
163
2
174
8
129
6
165
13
158
127
149
117
168
2
8
160
168
145
152
10
146
1
147
157
155
128
133
174
149
0
107
0
105
110
0
52
16
53
50
29
55
13
12
20
15
55
48
32
12
30
8
49
17
50
16
48
14
43
32
35
35
48
19
15
49
48
52
49
13
35
17
33
36
44
44
43
39
51
19
21
0
19
19
18
66
78
42
83
9
53
14
11
19
11
80
81
73
14
54
11
81
14
85
19
83
17
92
56
71
67
86
21
12
87
74
86
89
22
74
18
68
52
70
82
77
70
83
19
46
27
54
56
0
3
46
2
3
8
25
3
22
22
2
4
71
18
2
70
3
5
39
71
2
4
3
4
4
48
43
35
17
2
4
45
50
6
3
43
10
28
44
5
6
42
40
41
3
3
3
3
3
0
57
29
42
58
8
63
8
9
10
9
48
47
55
9
42
10
50
9
58
10
56
12
60
45
39
39
51
12
16
63
59
61
59
18
49
6
58
50
63
68
65
48
69
19
47
12
46
37
0
112
65
107
111
31
115
25
105
32
34
121
108
121
89
80
43
123
34
127
45
126
116
127
139
88
127
141
117
132
145
153
129
131
111
134
47
100
129
146
97
115
122
148
37
120
0
122
68
0
102
36
48
96
59
102
20
60
25
64
104
40
89
23
92
56
97
59
40
61
98
68
52
89
47
42
87
51
47
96
89
53
55
44
54
26
63
43
82
72
45
74
42
37
33
0
32
45
24
52
24
57
78
14
57
21
15
28
12
46
76
50
32
90
12
76
23
69
36
79
35
69
48
54
63
64
32
14
65
76
75
67
34
56
10
61
59
68
67
78
75
76
10
43
0
40
41
0
93
42
41
61
13
63
6
51
45
13
68
61
52
46
68
16
93
48
71
14
100
16
104
97
111
108
105
50
43
72
104
55
70
34
93
35
86
76
66
53
72
68
76
17
53
14
48
54
9
39
27
12
46
24
12
18
18
22
26
27
23
19
13
32
14
28
7
30
16
30
15
29
29
30
29
28
15
21
25
28
28
25
13
27
7
24
24
26
24
25
22
22
10
11
7
21
11
6
73
12
83
57
10
75
23
6
11
12
80
82
58
19
75
18
71
10
76
6
78
8
65
73
59
76
70
19
13
70
67
76
76
15
71
8
64
77
67
75
77
78
64
19
52
0
51
50
0
72
38
79
82
10
127
5
12
11
13
72
76
87
103
68
19
74
107
133
118
78
124
73
61
84
146
91
120
124
144
85
86
149
14
139
12
74
69
89
80
131
144
144
17
59
110
53
56
109
55
7
13
59
38
60
31
35
44
38
11
62
20
43
15
3
59
3
16
2
12
35
52
11
15
12
11
3
9
11
13
13
43
5
14
28
7
13
21
41
15
47
41
30
10
1
8
6
0
