243
135
250
247
174
241
116
173
184
185
248
241
150
184
234
162
238
174
241
173
235
176
232
133
227
235
236
157
138
219
229
239
220
167
241
142
150
237
239
245
247
258
241
166
160
161
161
157
155
149
42
156
152
34
155
103
29
76
110
160
148
77
117
150
94
167
34
156
39
56
119
173
53
69
172
40
137
117
176
56
182
55
129
96
102
58
126
171
166
164
46
163
125
39
30
39
40
0
189
71
202
191
78
187
73
76
72
77
203
193
118
73
61
61
198
72
196
87
209
64
155
86
61
174
64
71
70
178
187
185
191
50
68
75
160
73
116
179
73
71
75
48
55
57
137
124
52
158
69
229
161
66
94
43
102
109
102
240
127
105
4
133
1
147
9
114
10
134
17
132
122
154
112
147
6
11
154
152
128
141
7
126
2
128
156
131
112
116
157
122
1
99
0
87
100
2
67
34
67
77
26
70
29
26
40
21
73
77
62
18
56
19
71
25
74
39
78
38
69
47
55
51
78
37
25
71
79
70
75
23
64
32
71
49
72
77
83
80
71
29
31
0
36
43
37
97
82
48
103
9
87
6
11
47
10
100
98
85
9
65
9
100
43
104
44
97
14
92
62
97
87
106
17
10
106
104
105
99
46
85
41
97
70
86
92
84
99
93
9
58
45
85
89
0
2
33
1
0
9
26
1
29
40
0
1
61
21
2
65
1
2
45
66
1
1
1
1
2
61
51
49
26
0
2
64
61
1
2
59
13
43
62
1
1
61
62
59
1
0
1
0
1
0
86
36
64
87
9
87
13
12
11
15
74
74
82
10
69
12
72
16
87
15
90
15
97
68
62
68
86
14
20
94
87
89
88
10
72
9
77
72
88
88
80
72
84
15
57
12
52
52
0
93
48
87
102
26
87
26
121
29
27
137
97
102
82
80
30
104
25
103
31
109
137
92
170
63
158
182
118
131
162
165
89
92
133
157
21
80
151
157
85
107
95
154
19
147
0
149
73
0
83
75
49
91
33
85
23
33
40
34
94
70
89
19
97
45
102
54
66
51
109
51
76
98
60
70
94
43
46
115
96
69
83
39
79
45
77
75
103
99
72
101
79
40
57
0
59
75
42
70
34
79
126
36
81
23
17
51
12
72
128
68
56
117
10
121
31
116
57
125
57
128
83
79
115
125
49
11
120
121
112
127
47
81
7
119
76
100
137
125
139
137
12
67
0
72
64
0
117
73
68
109
29
78
15
33
33
29
100
101
76
38
103
19
123
34
100
14
120
15
110
102
120
114
113
38
33
96
117
84
102
32
109
25
107
104
97
78
105
97
102
22
79
10
80
79
12
52
40
18
48
33
24
39
35
29
34
47
56
28
29
42
35
48
28
51
38
50
37
47
44
41
41
36
15
32
41
47
49
53
37
44
16
45
45
27
45
48
32
58
26
14
26
18
19
22
63
26
75
48
23
74
27
21
31
26
75
82
51
23
80
18
81
30
70
24
85
25
74
71
63
65
76
18
29
75
72
79
72
15
64
11
60
64
65
56
67
66
60
21
33
0
34
34
0
90
38
83
91
28
135
13
31
32
27
93
80
86
109
63
32
85
134
161
153
97
141
93
75
94
149
92
130
125
159
93
85
163
40
161
23
98
76
103
105
149
151
152
29
41
131
46
39
125
78
18
15
83
62
77
53
71
68
72
10
75
24
60
19
2
74
6
14
7
20
55
78
16
14
17
16
6
16
16
17
15
71
7
16
76
12
17
22
86
15
90
91
79
12
7
12
14
0
