359
183
369
379
270
376
188
288
288
289
380
378
239
276
362
240
364
284
367
276
373
270
374
214
371
365
372
272
222
376
364
368
374
270
359
224
250
381
373
383
382
381
392
273
236
236
229
231
244
202
54
213
214
61
211
163
49
128
176
228
217
88
167
235
133
244
58
219
51
56
172
213
66
90
221
49
175
144
235
63
207
69
169
107
133
66
180
214
221
211
48
216
164
53
44
49
49
0
260
119
267
277
128
294
73
69
70
62
284
305
207
124
104
118
314
121
329
97
315
76
280
191
125
323
123
128
90
313
298
304
326
94
113
125
266
134
184
288
125
125
132
69
109
101
224
230
99
246
124
345
273
116
124
67
164
168
159
363
206
166
4
206
5
222
7
162
7
204
12
207
191
233
183
245
5
8
238
240
197
221
12
199
5
161
235
219
188
205
252
202
4
139
0
130
134
2
113
53
131
133
19
129
40
36
50
12
127
128
140
12
92
17
126
21
132
46
138
54
143
95
128
121
139
53
25
152
140
147
149
12
142
58
117
101
126
128
122
123
124
57
85
0
80
83
53
117
84
50
101
8
110
7
6
63
8
98
97
130
8
66
10
89
72
99
73
109
13
99
71
128
126
102
14
8
101
135
98
93
75
103
75
132
71
128
92
93
143
100
17
67
77
123
121
0
7
81
9
4
16
68
6
63
76
6
7
112
43
5
107
4
8
64
109
6
8
8
8
5
111
82
117
62
5
4
122
126
8
7
125
19
88
122
8
6
125
125
115
7
9
8
4
7
0
115
55
89
122
43
114
47
39
44
44
74
77
125
37
81
43
100
56
141
55
137
49
137
84
68
92
130
47
47
127
135
134
147
64
82
34
130
100
137
156
142
68
143
66
81
50
70
68
0
150
88
153
179
55
172
46
221
54
58
240
226
190
177
120
69
188
58
183
61
198
213
180
242
112
248
274
210
231
281
269
184
191
214
247
59
152
227
273
139
179
184
252
43
235
0
237
101
0
176
140
107
158
59
185
51
59
70
78
172
131
171
49
140
66
189
70
129
78
190
74
143
197
134
121
204
74
73
192
195
152
155
75
194
67
144
151
207
189
140
215
156
59
114
0
95
149
59
137
58
147
157
27
81
23
68
45
54
169
160
115
34
160
57
155
28
175
34
165
37
166
124
154
168
168
42
53
181
165
159
165
44
143
57
140
146
140
165
172
172
160
51
105
0
100
107
0
181
142
77
149
35
119
26
54
61
38
155
149
108
55
134
28
160
54
155
22
176
28
180
166
174
188
171
51
53
146
164
115
147
49
169
45
150
165
150
116
166
159
171
36
135
19
121
121
15
116
54
35
108
74
46
58
62
68
90
65
98
47
71
65
51
65
55
96
59
122
55
64
52
101
61
61
26
53
88
102
109
100
95
57
12
114
90
44
110
110
43
102
46
19
32
37
25
33
125
58
107
71
41
131
47
27
49
46
121
112
63
39
119
39
122
55
95
36
118
55
123
93
65
127
130
41
65
126
128
121
125
62
106
18
79
137
77
104
134
135
111
68
59
0
48
63
0
183
80
202
204
52
222
27
50
56
57
193
177
151
173
117
44
169
205
259
223
177
230
156
101
177
253
170
195
209
262
167
178
255
60
255
31
167
114
169
169
240
265
267
40
91
206
97
103
194
159
30
66
151
106
156
72
102
99
108
46
168
53
106
68
11
170
5
56
18
59
86
183
59
51
63
65
13
45
60
60
64
145
12
63
112
57
73
110
129
71
171
170
93
50
6
45
48
0
