357
142
386
361
172
372
109
194
193
185
363
341
161
196
354
135
370
195
366
184
347
187
311
155
301
297
315
171
135
294
305
306
317
166
300
147
195
313
311
301
318
320
320
171
139
149
145
153
137
203
38
205
207
64
211
186
28
130
177
209
216
66
197
225
165
210
56
224
33
77
193
194
63
73
203
35
172
145
215
62
213
57
175
105
136
64
162
217
213
209
42
215
173
28
23
30
28
0
200
95
211
211
81
212
73
73
64
75
210
203
135
72
59
63
201
68
200
80
215
55
208
124
75
206
65
69
68
209
194
199
204
49
55
75
194
78
149
197
82
82
78
49
55
54
137
132
53
211
98
243
223
58
104
32
58
71
69
255
204
165
4
214
2
215
2
156
0
212
2
192
193
196
165
218
4
1
219
216
192
202
1
208
4
187
215
200
191
163
211
207
4
159
0
153
165
2
85
41
97
100
23
96
32
16
37
21
95
89
84
13
77
15
88
15
81
32
87
31
87
60
73
82
89
29
21
99
90
88
93
22
99
33
95
74
93
93
93
99
90
32
58
0
53
62
32
87
68
42
99
5
79
3
4
31
4
90
95
100
6
62
5
90
43
100
34
99
7
94
80
87
94
99
8
4
105
99
104
102
38
90
36
88
76
96
109
100
89
92
7
50
27
74
77
0
4
66
2
3
14
54
5
55
62
4
6
75
37
4
75
6
5
50
74
5
7
4
4
4
84
57
69
38
3
4
77
76
5
3
71
22
54
72
5
4
70
76
78
4
3
2
1
2
0
80
36
63
87
28
89
31
24
30
28
58
66
94
23
54
29
71
35
93
36
90
31
86
61
48
74
86
35
31
91
92
89
93
29
64
26
101
75
98
103
102
58
104
37
60
33
50
53
0
130
85
130
138
36
127
32
106
31
31
129
129
146
87
95
55
154
48
156
58
156
120
159
158
96
141
164
121
131
172
161
159
156
126
158
55
137
149
174
122
159
160
170
36
161
0
148
77
0
122
78
64
120
49
110
19
39
37
49
112
72
111
32
97
47
123
57
80
58
125
59
76
113
70
82
130
64
61
127
132
92
93
55
100
34
94
83
117
115
90
133
95
46
62
0
66
87
36
100
51
110
124
23
59
27
31
36
28
120
123
78
22
125
32
128
20
120
24
122
23
116
84
106
123
115
26
32
122
119
121
129
29
103
30
110
109
97
130
117
122
119
30
75
0
84
87
0
98
49
38
71
32
68
29
50
51
35
68
68
53
56
66
29
98
49
65
18
95
27
105
90
107
107
107
55
53
62
96
46
64
52
94
41
87
68
72
51
70
70
67
28
39
6
35
35
13
52
31
19
55
41
20
34
31
37
48
44
50
25
45
40
26
36
36
53
30
55
30
31
35
59
33
32
12
27
43
65
59
60
48
25
10
67
45
22
59
65
30
58
17
10
15
18
9
19
85
30
82
52
32
97
27
22
35
36
85
91
45
22
95
21
92
32
83
23
93
34
81
65
45
85
75
21
30
79
83
86
87
31
73
24
65
83
65
81
87
90
69
47
52
0
48
48
0
102
41
93
101
41
138
15
45
44
39
100
100
101
99
61
45
119
118
144
123
118
128
92
49
103
148
105
113
121
146
122
113
164
42
144
17
113
73
112
115
125
143
144
40
44
110
46
48
111
99
19
43
106
80
100
59
77
78
84
23
109
46
84
37
7
120
7
35
13
42
66
124
41
41
43
38
13
39
40
35
44
103
7
43
104
35
37
71
103
40
127
135
78
27
8
24
24
0
