208
91
205
198
139
204
79
125
135
138
206
224
116
133
225
124
221
128
221
141
233
138
188
107
203
196
212
122
101
189
196
216
193
124
182
109
110
182
189
182
180
189
185
128
117
118
118
115
121
97
30
105
102
26
96
71
23
56
68
103
120
59
79
130
70
129
23
132
23
37
82
135
38
53
135
37
103
87
134
38
138
40
133
91
90
52
105
152
158
157
32
157
124
29
24
26
26
0
145
63
159
158
64
152
65
68
63
64
163
159
101
67
54
58
165
64
169
77
173
58
149
97
63
155
63
64
57
154
163
163
166
47
59
68
135
72
107
147
67
67
70
34
52
49
110
119
49
112
47
163
126
56
67
26
71
84
82
165
97
78
1
97
2
123
2
88
3
105
5
95
94
107
71
122
3
11
114
120
104
110
7
100
1
91
115
105
89
99
121
102
1
77
0
67
77
0
61
31
59
70
26
66
22
14
24
10
61
72
49
19
56
22
72
30
70
17
74
17
78
37
53
51
87
23
26
82
79
79
77
20
54
19
61
51
63
64
69
68
67
22
29
0
34
34
17
85
94
33
100
5
75
8
9
25
12
99
79
79
5
69
5
82
30
90
28
79
6
73
57
80
78
70
6
1
77
80
77
79
33
86
30
86
54
83
86
85
83
87
10
53
35
76
71
0
1
29
1
0
6
16
2
18
20
0
0
33
10
2
38
2
1
22
38
1
1
1
2
2
37
31
31
19
1
0
37
37
2
0
39
13
28
42
1
1
36
41
43
1
1
2
2
2
0
73
30
47
69
15
65
20
19
22
21
46
43
63
19
37
23
47
26
65
24
61
25
67
44
39
35
69
19
28
68
68
66
70
28
52
12
66
52
67
69
65
36
68
21
35
20
33
36
0
80
48
78
86
22
89
22
90
21
20
104
93
87
67
39
30
88
18
91
19
85
95
84
116
54
114
123
91
100
138
127
85
88
92
115
17
76
105
109
63
86
86
119
16
111
0
113
61
0
78
61
37
90
30
79
22
30
30
32
82
62
75
11
61
30
75
33
57
32
79
31
60
88
63
59
98
32
31
98
84
61
68
28
73
36
83
70
90
89
63
96
75
31
49
0
41
71
33
73
31
84
98
17
58
13
24
24
25
82
90
62
22
92
25
87
19
94
30
82
28
88
71
85
87
85
26
17
88
100
91
89
23
80
20
86
87
78
96
98
94
99
22
61
0
58
61
0
73
59
42
79
22
59
14
21
18
23
73
80
59
25
85
22
80
23
77
16
85
20
91
80
82
81
91
26
22
80
87
57
79
28
93
22
87
78
83
51
78
86
77
20
59
7
57
56
7
36
24
18
46
29
24
24
28
28
34
30
45
18
20
30
26
35
26
42
29
39
32
31
36
44
36
39
9
28
33
39
43
46
24
37
9
46
36
23
39
44
29
45
12
10
17
20
10
8
51
16
43
28
17
51
19
14
18
23
47
61
33
19
62
14
61
22
46
24
66
20
59
39
40
61
58
14
24
67
57
65
64
31
48
14
47
62
50
49
70
71
50
29
28
0
23
28
0
80
34
88
92
32
108
13
32
31
30
93
76
85
88
64
31
89
101
120
103
86
119
82
58
88
121
82
103
106
118
95
85
131
27
118
12
90
61
86
91
102
113
112
26
36
98
41
33
93
79
10
26
75
64
75
45
53
56
64
20
84
20
55
29
4
81
1
23
4
25
46
89
26
22
25
25
4
16
22
25
24
79
6
23
64
22
31
47
79
23
91
94
60
15
3
21
16
0
