655
249
666
665
376
638
229
409
395
396
647
603
283
348
614
255
619
361
613
352
600
342
569
281
610
583
602
340
256
576
585
613
582
349
564
271
321
581
603
585
615
585
598
347
271
278
283
288
265
350
88
359
377
89
373
272
65
194
271
364
378
129
309
378
263
378
108
409
68
159
341
376
129
117
374
80
279
215
380
123
381
125
274
229
208
137
273
373
372
373
88
382
279
62
49
61
55
0
349
180
366
365
162
374
97
98
85
98
378
393
277
143
126
131
397
152
418
116
415
99
355
236
142
373
161
163
89
400
381
400
384
91
135
163
367
157
264
394
147
153
157
85
103
99
293
296
84
361
165
481
375
125
166
72
166
188
180
499
301
247
2
318
3
354
10
229
4
323
11
319
293
310
271
339
7
11
344
350
290
316
4
310
3
275
344
311
256
292
344
303
2
233
0
204
209
1
172
78
181
184
68
189
49
21
60
64
192
172
129
43
129
49
158
73
166
48
170
52
168
120
123
131
175
54
69
180
162
169
178
57
131
44
158
148
185
172
181
168
172
52
84
0
77
90
47
140
129
68
142
15
122
17
17
63
15
139
141
150
18
114
24
140
67
158
66
147
28
150
108
141
142
152
23
11
151
150
159
159
67
164
62
145
112
130
155
153
135
153
26
72
71
128
114
0
5
79
7
2
18
69
5
62
57
6
5
125
51
7
118
5
7
73
122
5
6
8
8
8
115
94
115
70
5
2
123
131
9
9
118
23
95
121
5
3
126
118
129
8
7
4
2
7
0
121
58
81
140
35
132
35
32
33
40
81
95
113
25
79
36
96
42
129
45
133
44
112
89
76
92
121
44
31
128
126
123
130
44
101
35
146
121
141
148
140
88
152
58
80
39
69
74
0
188
123
193
210
43
198
38
232
45
41
247
217
201
192
163
40
202
33
197
43
189
246
207
293
178
295
308
228
264
305
301
210
224
255
291
45
191
277
301
190
235
220
319
35
296
0
284
170
0
182
132
94
168
62
200
54
61
63
58
183
135
185
44
175
61
181
87
142
94
192
73
150
193
138
149
185
65
64
184
183
150
164
72
153
83
153
153
175
182
149
174
162
53
110
0
105
150
63
182
90
196
230
36
151
27
45
53
43
197
237
159
54
236
38
242
30
230
56
239
52
231
170
190
226
241
54
34
226
210
225
227
55
206
46
208
183
172
228
222
220
233
44
140
0
150
166
0
204
107
105
155
44
121
30
83
77
44
149
158
116
98
147
37
209
89
147
26
205
33
227
206
224
220
221
81
67
164
203
130
154
76
200
63
198
166
162
115
184
153
177
36
120
24
98
111
27
105
55
34
108
62
47
56
58
53
67
67
97
60
63
65
47
70
63
90
56
108
54
68
61
93
65
55
43
37
92
90
86
81
62
46
34
99
81
43
96
93
54
106
32
23
28
36
33
31
117
30
95
65
56
134
46
45
50
63
109
123
86
45
138
51
136
64
110
42
137
62
126
104
93
130
128
45
55
127
118
133
132
60
104
29
91
119
95
104
129
126
97
71
60
0
57
57
0
183
85
202
208
79
233
34
73
72
70
194
157
205
203
123
83
192
229
248
226
201
257
202
120
209
256
198
231
237
268
208
209
272
85
289
28
219
149
221
211
244
278
261
87
92
217
82
90
206
197
33
48
213
148
203
121
147
148
152
40
205
63
164
52
7
198
6
42
11
48
139
197
39
31
44
44
16
52
46
42
50
173
6
47
166
36
47
103
186
47
225
236
153
41
6
36
28
0
