230
122
244
236
158
233
74
153
153
161
240
209
146
145
225
136
217
147
225
142
223
141
220
122
209
206
210
137
120
200
207
205
209
132
222
118
133
225
226
216
227
225
229
136
149
143
153
152
141
100
24
101
96
19
99
83
18
69
79
109
114
41
95
118
88
124
21
112
20
25
95
129
31
31
131
18
115
95
123
28
133
33
121
59
100
27
114
136
145
146
24
140
121
19
18
22
17
0
148
55
152
154
48
160
67
61
60
60
151
139
105
41
36
40
142
47
144
47
149
48
141
84
42
142
38
43
47
148
147
155
143
63
47
54
130
54
111
160
43
58
56
58
43
34
100
100
31
145
44
236
144
83
89
48
121
123
124
234
99
82
2
99
0
121
4
94
6
105
7
95
99
109
74
126
1
7
124
122
103
104
10
106
1
82
123
108
92
104
122
107
0
82
0
75
75
1
38
28
43
48
5
44
18
13
18
5
42
45
54
5
39
6
43
5
47
19
50
16
48
34
49
54
50
18
6
50
56
51
49
18
64
15
55
46
73
65
71
70
75
18
37
0
35
36
15
77
56
60
85
8
73
4
10
19
9
85
98
82
12
68
12
92
21
97
28
102
15
92
65
80
79
102
19
16
104
86
101
102
27
109
21
92
66
86
117
114
90
121
33
57
22
76
77
0
5
30
5
3
11
16
3
19
22
2
5
70
13
2
72
3
5
35
70
4
6
3
5
7
75
54
61
37
3
6
86
89
6
3
52
11
30
48
5
6
59
56
60
2
5
2
1
5
0
58
12
31
55
14
60
24
17
28
24
28
31
48
10
33
14
42
13
54
17
49
15
41
38
33
33
36
20
7
41
45
44
39
9
34
9
42
33
41
38
39
30
43
9
37
21
28
32
0
37
30
36
44
1
46
0
122
1
3
132
71
42
58
35
3
45
3
40
3
44
131
47
155
38
143
155
111
135
161
158
49
42
124
158
5
42
119
155
40
46
42
145
6
152
0
148
39
0
37
27
17
30
12
35
14
16
22
13
32
37
35
9
39
20
40
19
31
17
38
17
33
34
29
19
37
17
14
39
33
35
33
21
33
22
41
35
47
35
28
34
33
22
21
0
14
32
20
86
31
90
107
10
77
7
19
19
19
102
103
75
15
104
21
101
9
96
12
96
13
88
79
92
83
90
16
21
95
95
89
86
27
95
22
90
92
81
94
91
99
100
19
69
0
71
77
0
133
59
95
119
13
88
12
18
14
16
123
114
100
13
111
10
134
16
116
13
128
15
125
117
129
123
130
17
15
116
128
105
122
17
133
22
132
131
127
112
119
115
132
11
105
6
105
103
4
33
29
9
31
13
14
18
19
11
14
26
35
22
13
27
22
29
10
28
20
39
17
26
26
34
31
36
11
17
24
32
28
33
18
25
7
28
18
21
31
31
24
35
12
6
13
12
10
9
38
10
28
20
27
44
16
21
32
34
26
44
24
10
48
14
43
21
25
15
42
25
42
32
18
40
38
17
25
49
50
44
44
39
19
10
21
52
31
28
50
52
30
41
13
0
12
14
0
52
18
55
61
28
100
15
30
32
34
56
46
59
102
30
37
59
109
130
125
68
124
68
32
69
119
69
113
141
130
66
71
123
49
123
18
79
52
77
76
109
123
116
44
14
118
16
16
117
89
14
23
92
74
96
61
75
76
80
23
100
32
85
27
4
99
2
21
2
26
67
101
24
26
27
30
6
19
25
23
25
87
3
23
81
22
25
34
96
27
105
105
87
23
3
21
20
0
