257
132
265
249
161
276
115
165
170
174
269
256
153
167
256
143
254
174
250
167
256
160
248
139
243
243
249
155
128
241
249
251
243
148
222
142
149
238
220
226
238
237
226
146
147
148
152
148
148
151
34
154
140
36
153
91
24
71
106
150
140
52
87
154
73
145
46
150
31
63
99
140
59
48
157
43
117
81
146
54
156
63
129
123
88
71
117
177
178
172
53
184
125
25
24
30
31
0
173
60
172
183
60
184
61
62
50
54
175
173
98
62
46
47
179
62
187
69
180
51
168
104
55
183
68
71
70
176
182
178
188
63
60
65
148
62
118
180
62
63
68
55
39
38
130
124
39
139
71
204
135
52
84
31
74
77
67
204
124
97
6
127
2
147
12
85
6
132
13
131
120
137
98
147
7
14
143
152
118
138
11
125
4
113
158
123
111
124
144
124
3
87
0
72
83
1
68
22
61
74
32
65
24
23
28
20
67
72
46
30
50
24
79
40
80
29
74
27
86
40
51
39
87
30
35
80
73
84
83
38
54
24
61
57
77
87
89
82
77
27
26
0
30
27
21
76
107
33
99
13
70
13
17
28
14
104
94
78
7
56
7
93
30
93
32
92
14
92
44
71
63
93
16
8
93
80
86
84
26
97
27
75
56
80
95
93
84
96
11
35
29
52
52
0
0
47
1
1
4
33
1
34
35
0
3
58
23
1
65
0
0
27
65
1
1
0
0
0
56
39
52
18
0
1
58
49
1
1
47
5
31
41
1
1
51
48
50
1
0
1
0
0
0
91
43
60
91
19
86
17
10
14
14
63
74
83
11
61
15
57
18
85
20
83
16
82
66
63
50
80
24
17
87
87
75
85
18
74
11
87
68
81
91
96
66
98
18
65
20
52
57
0
102
58
119
120
39
118
30
111
36
38
132
129
109
107
66
52
135
38
132
50
142
125
126
148
82
133
161
119
135
152
154
125
131
129
153
33
107
151
149
102
134
125
154
29
136
0
131
82
0
104
59
40
97
56
96
20
43
27
49
102
62
99
29
91
58
98
55
56
50
102
58
63
109
77
61
108
58
45
107
119
67
60
52
81
30
84
59
109
107
55
111
59
45
46
0
40
56
35
72
31
83
114
23
71
33
24
53
21
74
102
68
46
119
25
105
29
103
38
116
42
101
75
67
95
93
37
24
112
113
109
103
42
77
24
83
81
99
108
108
108
111
21
53
0
54
55
0
80
61
33
69
24
48
14
45
49
19
57
51
44
44
58
13
90
46
56
13
91
17
96
104
94
102
94
41
36
62
91
44
68
41
78
25
74
75
55
48
72
68
70
20
49
10
50
43
12
50
35
18
56
26
24
25
29
17
24
44
44
28
19
40
33
39
12
40
29
40
32
39
38
47
37
42
15
28
39
47
43
41
33
37
10
49
44
32
44
54
32
56
18
14
14
24
19
9
75
22
74
52
13
83
18
14
21
18
71
75
54
18
67
16
68
15
69
10
77
17
85
63
58
83
80
17
19
81
82
80
78
24
65
8
59
75
55
69
79
80
72
28
44
0
44
43
0
88
35
95
88
25
130
11
27
24
23
86
86
84
109
60
23
87
110
143
127
82
128
99
55
96
136
89
132
134
146
92
103
153
35
143
22
97
78
105
102
136
159
155
28
52
110
43
47
110
80
10
25
82
56
83
46
55
55
50
18
80
26
56
30
4
78
4
23
6
25
49
72
30
27
31
27
5
10
28
31
33
64
6
18
52
23
24
39
64
22
70
81
48
19
4
17
19
0
