138
77
140
151
89
140
53
92
93
91
149
149
94
89
151
87
155
91
154
87
151
88
127
95
143
144
136
83
76
139
135
143
143
91
142
73
91
148
147
144
139
156
147
90
81
78
86
83
81
112
21
120
121
18
112
97
13
93
102
117
110
33
105
105
82
112
22
114
15
27
106
114
22
38
103
22
79
72
105
25
112
25
82
55
69
25
90
104
108
99
22
108
89
14
15
17
19
0
114
35
116
110
27
105
61
46
54
60
118
132
52
30
23
31
133
29
135
87
129
77
118
65
35
125
35
35
62
132
127
123
136
64
32
39
91
42
100
125
35
38
42
54
28
26
69
66
25
96
39
140
106
20
84
24
48
52
53
139
86
80
3
91
2
100
1
86
0
94
3
93
99
102
84
118
4
2
119
109
92
92
1
92
3
90
109
97
83
99
116
99
3
78
0
71
72
3
30
16
39
42
8
37
18
12
15
7
41
34
36
5
20
4
34
7
33
15
35
18
26
26
33
37
32
18
3
32
35
31
29
9
44
14
33
33
44
38
38
43
41
16
22
0
20
23
13
65
42
42
66
4
65
5
4
16
4
70
65
59
1
55
3
66
12
65
17
65
4
77
56
67
58
78
11
12
77
73
74
76
20
75
15
67
58
67
75
68
68
70
9
41
18
67
61
0
5
51
3
3
8
51
3
48
47
4
4
42
32
4
41
2
4
25
45
5
3
4
5
3
53
43
62
41
3
1
58
66
3
3
62
23
58
63
4
3
70
71
63
2
3
5
1
2
0
71
35
55
80
17
80
25
16
24
24
54
60
72
9
59
10
58
22
73
20
77
19
76
59
65
56
78
25
23
78
80
79
79
15
64
9
86
69
85
78
79
65
79
17
58
19
52
59
0
87
40
85
89
47
94
38
66
48
49
85
74
83
56
76
44
91
38
94
40
101
67
107
93
70
90
96
68
70
102
94
111
113
66
91
47
89
93
98
90
101
94
100
36
100
0
91
55
0
77
42
34
66
52
72
18
45
18
50
86
36
94
32
68
47
91
53
41
58
96
61
39
86
49
31
94
63
56
94
88
38
35
67
75
19
78
35
92
89
32
93
37
58
30
0
20
30
18
66
28
74
100
27
43
30
20
54
18
68
95
34
41
93
28
91
28
92
34
89
34
90
52
70
94
96
34
21
94
101
102
99
39
75
23
90
64
69
100
104
102
113
16
47
0
49
50
0
58
38
33
53
18
40
18
17
16
18
56
55
37
18
48
14
52
19
47
11
57
16
58
57
66
61
62
19
18
52
61
37
50
18
55
14
48
50
57
36
54
57
48
15
38
5
33
40
3
22
13
10
28
15
13
15
17
9
18
21
26
11
13
22
18
20
10
26
19
28
16
19
16
26
16
18
6
14
15
19
24
20
21
13
5
21
15
9
15
23
14
25
11
6
7
11
8
8
66
22
66
53
11
72
14
10
15
16
69
72
49
12
74
12
76
21
70
14
76
21
75
66
54
66
72
16
26
73
74
78
79
17
73
9
62
78
62
68
71
69
77
23
51
0
54
51
0
68
30
84
71
21
87
13
21
22
22
81
57
74
64
57
22
73
63
103
71
77
69
72
53
79
94
80
74
72
103
82
83
105
32
111
13
94
71
96
86
101
113
109
28
48
64
44
47
67
63
15
27
63
50
72
43
47
47
50
20
66
26
45
26
4
76
6
29
7
23
43
76
24
21
28
25
7
14
29
26
27
64
6
28
44
23
27
36
57
26
75
63
49
17
4
18
18
0
