240
129
251
248
175
238
119
196
195
197
241
251
136
184
256
139
253
181
253
183
256
165
231
143
221
236
224
166
144
233
228
225
227
162
212
150
133
208
213
209
219
210
216
167
128
160
138
128
166
101
26
96
92
14
92
80
11
52
72
99
103
30
71
99
56
108
20
108
11
31
74
116
24
37
117
28
89
61
122
30
125
33
73
84
54
35
75
114
112
114
28
110
71
18
17
19
19
0
150
78
175
164
61
165
42
40
36
45
177
166
121
59
49
56
172
58
180
48
176
37
152
111
58
159
61
61
36
161
168
166
179
57
46
62
158
65
124
188
57
67
64
46
44
42
136
138
41
122
46
228
128
60
108
79
135
137
129
201
92
70
0
90
0
121
7
76
13
89
17
97
81
100
72
114
0
18
125
123
67
108
19
74
0
74
118
81
91
95
121
79
0
59
0
46
57
0
46
15
48
53
24
53
10
11
16
23
49
58
30
15
44
41
69
35
61
13
64
15
70
26
30
32
72
17
47
78
73
75
74
49
31
15
41
57
74
77
75
78
75
16
9
0
8
12
14
60
75
39
85
21
58
16
20
24
21
82
87
60
6
60
17
85
21
92
29
88
24
78
46
68
61
86
24
17
87
73
82
88
29
87
30
67
51
68
85
87
68
87
20
33
26
49
48
0
8
67
7
7
12
39
6
39
46
5
8
78
27
5
80
7
4
48
91
5
7
5
8
7
71
55
71
29
7
7
86
82
8
6
97
16
46
89
8
7
94
84
96
7
7
6
4
8
0
114
45
84
123
46
117
36
24
37
43
84
88
103
33
71
28
73
39
102
40
107
38
103
91
89
68
105
52
30
108
110
111
110
29
97
18
106
88
117
110
108
87
110
27
84
53
70
78
0
87
42
82
87
36
85
32
151
34
39
152
123
94
96
51
35
91
31
83
43
90
136
81
166
60
160
174
132
154
170
173
85
94
134
162
37
67
141
170
69
85
87
174
41
154
0
143
45
0
86
35
33
92
57
107
21
54
19
54
104
39
89
36
92
63
102
62
38
68
102
65
46
100
63
42
101
64
61
99
102
48
43
64
59
20
86
40
111
106
39
99
54
58
36
0
31
40
23
71
27
80
88
16
53
33
47
40
43
82
86
50
35
86
41
79
29
80
33
74
36
71
45
71
59
65
25
38
70
66
68
65
23
76
40
56
75
54
66
64
60
70
46
38
0
37
38
0
127
66
82
116
14
88
10
26
21
16
122
119
100
25
118
12
114
21
108
9
123
10
132
129
132
129
133
28
17
108
131
99
118
25
139
20
115
121
124
104
120
120
125
17
113
7
105
92
4
39
31
19
43
19
19
21
18
14
22
37
29
22
12
35
22
41
8
31
20
34
16
39
27
38
36
34
13
20
26
33
34
28
14
33
5
30
21
25
30
36
28
32
13
17
11
23
17
8
64
13
75
64
4
65
10
2
3
4
68
65
55
10
61
10
59
6
61
3
59
5
65
65
53
72
69
13
14
71
76
74
77
13
68
8
66
72
64
77
71
79
73
10
61
0
62
56
0
81
50
94
83
12
157
5
12
11
17
84
78
98
124
75
26
99
140
171
154
100
153
107
74
106
170
107
145
154
183
99
98
187
20
173
4
99
77
96
103
157
178
181
19
62
139
58
61
132
82
25
48
83
36
87
22
32
38
36
45
87
47
33
49
14
88
9
49
20
53
19
82
49
53
55
50
12
28
52
48
55
71
15
49
40
43
49
62
68
53
88
79
28
45
16
44
38
0
