350
161
351
347
221
349
165
241
226
234
348
374
189
225
373
194
376
225
381
229
373
214
344
210
336
325
327
221
196
329
320
323
336
198
328
192
197
350
336
326
337
337
353
216
203
197
208
222
204
180
39
177
188
30
192
137
32
105
135
195
172
61
98
169
94
176
35
165
32
53
116
144
53
62
155
46
107
87
148
56
163
56
130
106
101
58
136
181
186
168
44
169
125
40
27
32
34
0
184
73
200
194
72
189
49
47
38
51
208
183
147
54
53
50
193
53
195
57
206
47
180
137
55
198
64
63
44
202
200
192
199
55
64
64
198
60
168
229
60
60
61
58
42
39
164
167
40
164
73
281
174
91
128
86
162
166
161
316
135
106
5
140
3
164
8
116
7
129
10
173
143
177
122
191
3
20
189
188
142
173
24
140
1
122
166
143
122
154
187
137
1
103
0
86
100
1
74
23
86
81
35
84
27
19
30
30
80
90
49
24
62
34
90
42
86
32
90
28
79
51
55
54
92
30
39
85
79
87
92
30
62
29
68
52
83
80
74
74
73
26
30
0
24
26
34
55
76
44
76
18
61
16
16
24
17
74
81
65
12
56
12
80
24
80
31
92
22
87
49
62
68
95
31
22
93
68
89
94
28
96
25
71
45
63
88
102
74
97
24
32
30
56
53
0
0
66
2
3
15
47
4
35
44
0
4
105
26
2
107
2
2
56
111
0
2
4
3
2
78
78
67
29
1
2
89
93
4
1
76
8
46
74
4
5
72
66
79
1
2
2
1
3
0
154
66
101
154
41
153
43
21
43
43
79
92
148
33
88
34
94
54
144
55
147
56
121
100
91
66
124
48
48
127
143
135
141
24
106
7
130
103
137
139
133
101
131
30
98
51
87
85
0
110
62
97
117
25
116
29
206
27
30
209
169
113
136
83
31
116
26
129
32
133
201
121
237
84
234
263
184
212
252
251
127
128
204
253
40
115
224
243
94
119
123
246
27
229
0
235
72
0
124
60
62
112
68
137
29
62
37
66
126
79
128
38
119
61
131
68
83
73
145
71
75
137
74
75
138
73
68
141
140
82
87
56
107
34
96
85
120
122
83
128
84
52
70
0
63
84
34
74
35
80
100
19
75
47
49
52
54
78
94
49
56
96
56
89
57
94
60
100
64
90
59
81
90
95
51
41
102
96
91
91
63
87
45
62
81
91
92
103
106
105
50
32
0
34
41
0
176
103
125
174
37
133
27
34
37
37
173
166
131
38
167
30
184
38
158
21
185
29
204
189
191
186
196
40
39
168
201
137
162
34
193
32
185
183
169
138
187
168
179
27
144
13
133
132
7
77
40
26
80
41
24
35
32
33
45
50
67
24
35
51
32
47
33
63
33
73
36
42
42
55
37
36
13
23
38
59
44
54
31
35
11
49
38
27
50
53
31
56
16
10
14
21
20
10
77
23
72
64
16
81
22
8
12
16
73
85
60
25
88
24
89
17
77
8
86
15
103
77
76
104
94
23
27
101
108
111
103
34
80
12
70
102
86
82
102
101
81
28
62
0
67
63
0
105
43
105
108
38
178
22
33
40
34
114
90
107
164
62
33
113
192
210
204
107
203
111
70
103
209
102
188
203
206
113
116
229
30
218
13
119
94
118
114
204
211
204
26
67
188
61
60
190
91
21
52
85
35
85
34
40
34
38
40
81
41
31
52
4
70
4
45
5
56
29
64
47
50
53
53
7
5
51
51
48
60
6
51
26
46
51
61
66
59
74
77
23
43
5
43
46
0
