386
178
397
400
238
405
147
244
251
239
415
387
167
245
391
170
384
252
387
246
382
244
363
192
358
359
367
227
171
353
350
363
355
237
387
167
182
390
402
372
396
376
393
244
158
177
173
174
173
253
66
243
275
62
275
209
40
154
209
284
248
96
207
259
153
258
64
274
39
83
217
255
83
87
274
41
208
157
265
84
279
92
199
167
138
76
182
272
254
259
57
254
215
37
20
34
35
0
242
111
260
259
124
272
79
75
74
71
258
256
177
109
100
101
252
114
290
97
279
79
265
162
119
291
111
125
111
298
293
286
289
64
94
114
230
104
190
257
100
102
115
59
75
71
177
173
77
242
134
327
256
86
126
50
109
108
113
338
236
182
6
220
4
263
3
165
4
237
7
227
203
206
182
247
4
3
248
252
216
229
2
213
1
202
253
219
189
195
237
230
1
163
0
161
163
1
105
51
112
107
44
110
31
17
33
34
122
116
66
32
88
40
115
39
116
32
111
29
120
79
71
73
125
33
63
122
129
122
121
44
83
26
91
87
112
114
113
108
115
32
37
0
43
47
28
108
117
62
134
13
92
8
15
52
11
136
136
114
10
84
10
124
51
125
45
131
15
133
90
109
113
124
11
5
134
123
130
135
48
134
45
125
74
114
127
130
122
121
10
61
48
89
92
0
3
93
5
5
15
60
6
53
54
3
6
96
44
3
99
3
4
41
104
2
6
4
3
4
101
75
83
40
2
4
97
115
3
4
99
15
66
100
3
6
110
102
95
3
3
5
2
6
0
106
47
70
104
36
110
42
27
42
42
76
78
111
30
72
37
93
44
121
43
111
40
97
73
63
78
104
51
48
104
111
105
112
50
79
30
118
100
113
121
119
68
119
50
68
44
61
66
0
144
77
139
137
51
141
48
157
60
54
173
148
117
127
90
46
147
31
131
33
146
165
140
188
102
179
185
158
180
203
192
145
143
174
191
43
136
176
187
116
146
145
187
36
184
0
182
92
0
128
69
55
102
51
114
29
42
52
53
107
82
100
25
84
40
109
45
78
46
108
51
80
106
80
79
110
45
40
115
111
77
87
45
104
52
92
69
110
112
85
107
77
41
60
0
53
80
49
125
46
138
131
12
80
19
49
20
49
139
110
84
30
120
43
125
18
128
30
123
38
119
96
127
122
123
22
48
118
121
120
124
24
132
44
121
117
98
122
118
132
118
47
84
0
76
78
0
143
58
64
92
13
85
12
62
55
15
90
97
74
68
98
13
139
73
94
8
155
11
153
137
161
162
163
74
62
88
142
76
92
59
127
55
137
132
83
70
124
91
114
10
77
22
75
70
18
59
44
19
57
29
24
41
41
25
31
55
57
26
35
52
39
43
18
44
35
46
34
47
49
53
46
33
20
27
33
51
48
36
29
40
12
45
34
33
41
44
25
35
19
11
21
25
14
18
66
22
73
46
23
65
28
21
31
29
78
66
43
21
80
26
77
23
76
23
76
24
86
67
59
85
72
29
22
81
79
84
75
38
71
14
67
92
66
71
82
101
83
45
49
0
43
41
0
118
53
121
127
27
162
10
33
32
33
124
111
127
143
98
36
136
143
187
165
129
168
136
88
140
190
142
146
160
199
152
151
196
48
193
25
134
101
146
145
169
192
202
50
70
150
75
76
168
118
36
50
127
87
133
64
81
91
79
29
135
33
94
58
11
143
1
51
14
57
66
132
53
45
56
62
13
32
60
56
60
98
9
52
81
44
55
80
97
56
140
135
71
45
7
43
42
0
