310
156
321
319
176
328
127
185
183
185
318
330
175
175
345
144
340
178
337
172
344
167
338
175
339
347
329
177
141
327
333
339
346
155
270
143
168
282
276
275
279
295
284
156
172
144
176
170
146
94
31
103
98
25
103
71
25
52
72
99
86
46
59
98
55
94
28
87
31
33
59
106
37
38
114
31
68
59
114
37
111
38
79
81
61
41
89
134
131
130
33
136
89
29
27
32
31
0
181
81
196
186
77
197
59
50
60
50
184
210
125
67
58
64
214
68
234
103
218
75
208
123
72
223
71
78
92
228
218
225
229
73
62
73
172
66
160
217
69
69
69
69
51
46
141
149
48
99
40
184
95
61
96
64
109
121
110
186
83
69
1
83
1
93
12
68
15
84
19
121
65
117
60
134
2
36
126
128
74
127
18
70
1
69
100
70
82
87
104
72
1
48
0
52
52
1
87
65
94
96
6
98
28
35
38
9
99
108
100
16
93
20
112
23
120
36
106
40
116
67
104
91
125
42
30
121
121
120
124
22
101
35
97
74
104
98
107
111
106
43
60
0
63
66
37
91
121
51
143
27
75
20
26
31
26
138
114
100
13
69
10
108
33
122
33
121
18
105
78
86
91
99
10
6
98
92
96
99
30
147
39
96
58
83
151
150
97
158
34
47
37
78
75
0
9
85
14
10
17
48
6
42
51
6
13
136
30
4
140
6
8
88
144
4
13
6
11
12
92
97
74
38
8
13
97
102
12
6
85
10
48
84
10
8
86
80
87
6
8
5
8
8
0
126
65
105
140
24
150
35
24
33
32
100
107
118
20
104
20
98
28
131
27
125
27
136
99
96
74
132
31
45
138
144
134
140
35
102
19
135
105
140
140
138
93
147
40
104
32
95
97
0
134
58
130
141
50
144
50
119
55
60
189
146
123
77
74
48
119
42
120
45
123
117
128
187
73
158
185
116
123
192
198
134
127
121
184
52
113
170
185
117
148
139
197
51
171
0
171
70
0
128
78
47
120
62
130
19
63
36
67
123
66
101
23
104
65
108
56
68
60
116
65
74
111
72
74
118
56
56
123
109
67
67
63
71
44
107
65
117
123
73
122
71
60
51
0
51
67
47
97
50
98
141
21
99
62
29
81
26
103
143
72
78
147
24
148
50
143
67
146
74
138
94
102
144
149
53
26
144
149
150
151
60
102
22
110
95
110
143
142
150
150
28
66
0
63
62
0
109
104
84
153
48
89
41
20
14
50
156
142
107
21
139
32
116
18
142
33
121
34
127
111
122
113
119
17
16
142
127
99
138
16
115
14
114
111
153
99
117
153
106
42
96
5
97
91
10
64
43
28
62
25
28
31
28
16
26
45
45
38
22
45
28
47
18
65
29
52
32
53
46
64
46
49
19
25
55
69
70
64
35
43
16
59
44
32
53
59
41
65
24
24
18
34
27
20
89
21
88
54
40
106
34
34
48
48
97
118
67
32
125
28
113
40
99
28
113
42
111
89
73
109
118
26
47
99
108
106
102
48
87
17
77
119
91
86
124
120
96
61
56
0
51
53
0
140
71
154
147
48
150
22
50
55
47
146
97
153
118
97
66
159
122
179
144
161
148
156
68
149
177
156
133
135
175
148
157
182
47
184
17
134
99
139
139
173
186
180
48
72
134
68
77
129
87
14
41
95
57
96
56
60
61
62
23
98
24
59
42
7
90
2
37
11
39
50
97
31
29
33
33
5
17
30
35
34
81
7
40
47
29
34
53
69
39
74
82
44
36
5
33
33
0
