739
325
735
753
477
765
345
496
491
485
768
770
375
508
770
394
757
490
777
483
765
490
775
388
764
778
782
491
362
788
771
786
786
466
761
318
353
730
736
749
712
761
741
470
356
376
342
340
393
479
103
486
505
101
499
397
53
247
400
513
445
146
338
445
273
461
98
462
73
154
343
439
164
189
435
114
336
233
433
151
459
166
320
321
224
133
313
439
448
453
109
435
318
73
61
73
72
0
469
204
474
490
204
501
104
116
105
103
498
436
304
183
142
155
419
200
454
74
479
61
410
327
189
448
182
206
63
453
469
469
454
71
172
208
456
194
422
495
185
187
198
65
132
129
390
370
117
419
254
564
450
118
231
96
166
178
179
588
379
352
12
381
6
423
21
327
20
377
30
385
354
410
345
438
15
24
442
443
380
397
16
370
7
356
416
383
339
374
427
375
5
286
0
264
287
7
190
69
197
199
100
194
60
48
78
80
199
177
127
31
144
72
158
85
160
68
168
74
178
91
116
119
156
74
79
181
169
163
149
118
131
81
160
164
220
209
212
215
223
70
72
0
71
66
66
158
165
70
180
40
170
32
45
77
44
182
210
161
36
138
60
189
83
208
105
204
64
182
100
168
157
195
61
45
193
188
186
189
92
197
94
169
107
152
187
199
174
199
61
77
81
149
154
0
13
188
16
12
42
129
11
110
140
6
16
208
86
5
231
8
7
102
223
10
14
9
12
10
201
174
207
91
6
10
233
236
11
10
252
52
173
243
16
14
256
237
239
8
10
9
6
10
0
249
91
150
255
54
250
76
46
81
70
159
165
247
49
146
75
196
82
256
87
250
85
249
176
153
160
250
77
88
265
249
259
252
64
179
25
241
214
228
244
229
151
247
76
138
74
124
123
0
284
175
291
308
83
301
66
287
85
94
355
308
314
218
220
93
328
73
333
87
336
315
339
381
220
362
391
312
327
393
405
341
330
304
385
103
291
348
399
267
338
328
395
75
371
0
363
208
0
264
168
136
234
104
245
49
95
80
103
258
179
227
53
218
90
264
95
164
91
266
97
183
241
149
195
241
90
86
237
233
192
186
75
234
94
199
202
245
228
179
234
200
68
140
0
134
180
93
201
98
228
274
43
176
68
70
93
60
237
257
170
92
270
66
270
66
266
89
278
89
275
205
232
280
289
96
55
290
287
275
292
102
224
76
249
225
260
272
291
306
300
69
176
0
169
173
0
249
143
124
208
60
147
41
127
114
60
204
188
162
115
186
58
250
135
177
47
258
56
268
248
258
283
261
103
106
197
248
146
175
111
230
82
234
203
193
168
209
202
203
60
136
19
139
142
25
144
90
56
141
102
52
69
73
70
95
113
128
78
73
108
65
99
64
144
72
141
71
109
104
145
105
95
54
61
116
144
143
147
70
99
34
127
114
89
130
130
85
109
45
44
33
78
51
40
123
39
141
92
31
136
69
27
39
37
152
124
82
45
140
46
135
37
145
24
118
29
139
149
116
128
138
49
39
143
140
143
131
39
137
24
122
135
114
122
140
144
124
44
77
0
63
72
0
188
99
206
210
45
346
21
42
41
42
216
200
213
272
164
53
209
307
366
329
207
336
213
152
193
373
216
322
317
346
213
222
390
70
374
42
234
175
250
249
339
383
359
59
111
285
105
101
248
227
45
92
238
158
239
133
150
165
163
69
230
121
152
86
21
231
8
73
21
82
124
244
83
81
91
97
22
79
93
90
88
198
21
90
187
78
88
157
222
87
268
267
172
70
16
69
61
0
