166
75
157
158
88
165
69
99
96
93
158
152
76
99
148
79
148
91
140
95
150
96
150
89
149
157
154
86
75
150
157
155
152
90
174
87
85
183
171
175
185
180
182
94
99
91
98
98
82
121
24
122
118
26
115
111
17
93
109
132
141
36
121
141
109
137
16
142
16
31
128
127
27
39
133
19
112
92
135
28
129
31
103
67
74
26
95
127
121
132
26
127
99
19
17
21
21
0
127
52
124
127
27
125
63
60
55
63
135
129
70
27
19
29
128
32
134
71
137
65
118
58
38
123
36
37
66
128
128
134
117
44
30
32
91
32
64
112
31
34
33
39
23
23
66
67
22
125
49
171
147
42
87
27
54
64
63
174
113
92
1
116
0
117
0
101
1
115
1
90
122
116
99
120
2
0
115
112
111
96
1
102
1
108
120
116
108
96
124
122
1
102
0
98
108
1
35
17
32
36
15
43
23
15
24
13
38
46
32
12
36
19
48
22
50
17
46
20
40
26
33
38
38
23
15
35
35
40
36
11
37
21
27
27
36
33
38
30
33
17
23
0
24
26
19
77
29
49
71
2
68
4
2
16
6
69
70
75
6
63
7
67
20
68
23
77
8
71
67
81
77
69
7
7
71
87
74
71
23
74
23
89
71
85
64
70
85
69
2
57
19
73
78
0
0
19
0
0
1
19
0
21
19
0
0
22
15
0
25
0
0
25
18
0
0
0
0
0
21
16
23
16
0
0
26
27
0
0
28
8
17
26
0
0
22
24
26
0
0
0
0
0
0
47
27
39
39
13
40
9
8
9
9
36
37
39
7
31
9
31
9
44
12
35
11
49
40
37
41
50
11
24
55
49
45
53
19
39
11
50
45
51
51
53
38
51
18
34
11
32
34
0
73
31
73
79
25
87
20
63
28
23
93
76
85
51
62
25
88
20
91
25
88
75
91
102
72
95
109
73
78
101
109
87
91
75
117
20
77
101
115
76
89
85
108
21
103
0
103
55
0
74
45
37
68
37
83
17
34
18
37
80
47
75
25
72
43
72
35
43
39
71
41
38
81
50
40
83
42
43
76
77
49
50
38
66
21
68
47
88
89
46
89
57
39
43
0
42
51
18
65
36
77
99
31
52
8
8
35
9
66
92
62
23
90
13
84
14
87
22
87
23
85
66
79
92
98
33
9
92
101
110
95
32
74
10
98
72
79
109
110
104
103
6
50
0
46
54
0
69
67
35
77
34
45
26
27
21
34
77
71
41
24
65
21
67
27
75
22
72
31
61
58
66
73
66
18
20
72
68
41
68
19
60
18
56
51
62
39
49
67
53
25
41
7
38
37
11
42
17
14
41
31
15
16
15
30
35
25
42
23
25
21
16
25
27
46
17
46
18
21
25
46
20
21
15
14
32
37
37
35
28
19
8
29
35
13
32
35
12
37
10
10
14
11
9
10
46
16
51
40
14
53
14
10
13
15
47
53
27
12
51
7
49
13
50
9
54
14
54
45
40
52
53
9
6
51
49
50
48
9
45
2
32
55
47
50
59
52
49
9
35
0
28
35
0
58
18
68
60
14
79
10
20
16
18
58
46
69
61
55
26
68
74
91
81
67
83
73
51
74
89
77
81
88
102
72
72
102
44
91
21
87
68
86
92
86
100
102
38
35
68
30
35
64
63
11
19
66
53
72
48
59
59
61
10
63
19
60
18
7
63
5
18
10
17
46
71
16
16
16
19
7
16
17
16
18
61
7
14
59
9
14
22
77
14
87
81
72
10
8
6
12
0
