285
108
282
278
154
281
107
166
173
163
286
246
139
171
233
160
240
161
245
164
233
164
234
149
233
235
227
139
157
226
228
227
221
157
236
140
139
238
243
245
245
236
241
161
157
153
154
155
149
114
13
108
113
16
113
88
8
73
82
107
125
33
103
128
92
138
18
130
10
17
109
143
25
50
141
18
116
106
149
27
149
23
90
64
84
24
101
119
119
113
21
123
92
19
11
19
19
0
166
70
163
179
48
173
56
61
59
55
170
154
106
43
33
37
165
44
174
63
167
55
178
90
60
187
60
60
81
192
190
183
193
67
44
55
155
52
147
198
52
52
58
74
33
32
126
130
34
133
48
217
142
57
111
65
105
110
105
230
108
90
1
109
1
154
7
90
8
108
14
106
105
123
86
137
2
10
132
137
105
127
11
106
0
90
132
110
103
124
133
107
1
86
0
79
81
0
56
18
68
65
22
67
16
10
18
15
72
56
53
6
43
8
57
12
58
17
57
15
56
37
55
55
56
21
15
60
61
57
55
7
51
16
44
41
47
51
50
51
52
18
31
0
41
40
17
75
43
46
74
3
66
4
4
16
4
72
66
67
2
60
1
62
21
73
29
66
4
62
59
76
73
70
5
3
68
77
64
69
24
64
24
72
53
71
66
65
71
64
4
59
23
74
67
0
0
16
1
1
4
10
0
9
11
0
1
34
7
0
30
0
0
14
31
0
0
0
0
0
19
15
13
6
0
0
23
21
0
0
21
1
10
23
0
0
25
20
19
0
0
0
0
0
0
80
38
72
85
2
85
4
2
4
4
68
72
72
2
72
3
61
3
83
2
79
3
83
73
71
57
76
2
7
84
82
83
79
4
70
2
80
71
81
79
79
70
81
2
72
3
69
68
0
96
52
84
101
9
90
8
134
12
10
172
134
96
101
72
7
96
7
97
8
97
145
91
198
81
201
207
132
158
208
203
97
99
145
196
11
103
175
199
83
101
107
198
8
195
0
192
89
0
94
86
62
95
14
112
10
12
12
9
109
94
110
16
108
15
103
23
90
26
104
24
87
113
82
90
115
22
24
119
116
97
94
25
102
15
98
92
114
123
94
119
104
22
81
0
79
85
18
56
19
51
115
13
97
54
1
61
2
62
137
68
72
131
3
134
69
130
73
128
79
152
72
57
155
155
90
1
149
147
142
156
89
51
4
91
58
134
158
152
148
149
3
42
0
44
54
0
123
95
73
137
36
98
34
29
28
36
132
125
88
30
122
36
124
27
120
30
130
37
130
122
119
124
128
30
25
122
118
103
126
22
135
27
118
114
127
102
133
134
122
38
95
7
89
84
3
68
20
11
76
58
14
22
22
64
70
30
62
27
57
26
23
23
50
70
23
60
23
22
17
46
19
18
10
13
44
38
34
42
37
18
11
45
41
18
40
42
12
47
12
6
13
9
7
12
37
8
30
24
19
38
10
19
16
21
26
36
21
12
39
6
36
19
27
18
34
27
41
22
19
40
33
8
25
43
38
42
40
31
27
14
27
45
40
26
40
51
25
29
14
0
15
16
0
66
37
67
65
20
121
13
22
20
21
66
50
73
119
49
26
75
135
153
145
78
160
80
48
83
148
88
139
155
142
84
87
152
35
141
17
68
59
71
73
143
143
141
31
40
147
40
35
131
50
1
3
56
47
57
50
47
52
48
3
53
6
54
2
0
51
1
3
1
2
54
53
4
2
3
6
2
3
3
4
2
56
1
5
53
3
3
4
55
4
58
52
51
1
1
2
3
0
