468
212
491
471
277
480
170
294
291
280
485
464
225
291
446
213
460
281
455
287
470
269
428
234
436
439
430
263
215
441
429
434
426
276
467
237
240
448
453
444
460
458
462
276
232
218
222
238
214
298
69
317
309
83
321
255
40
199
263
318
280
103
232
293
192
286
68
277
41
89
235
253
88
87
270
53
232
208
285
78
288
91
243
175
196
88
224
290
294
293
56
299
245
47
36
48
45
0
282
142
318
313
143
317
95
95
91
91
308
302
213
119
101
108
303
113
317
101
308
82
275
179
119
289
128
117
89
284
307
297
321
59
102
112
284
114
216
306
115
112
119
61
90
80
214
212
80
271
172
335
306
70
121
38
86
90
84
361
256
221
5
280
4
304
9
220
7
281
9
286
261
277
244
316
4
8
302
324
254
301
8
278
3
247
317
283
250
264
322
286
1
208
0
191
205
4
125
71
137
141
36
146
40
24
39
34
142
146
103
33
117
31
150
39
141
29
154
43
152
113
108
121
159
41
45
154
157
157
158
45
136
38
150
116
162
166
165
181
160
43
77
0
76
81
47
133
141
61
157
19
127
17
25
47
24
163
154
139
9
113
10
137
59
154
58
161
16
143
99
138
132
163
24
17
147
148
157
159
65
149
55
140
105
140
144
142
145
147
20
75
60
127
116
0
6
100
8
10
20
72
8
74
77
8
9
136
70
7
136
6
7
82
147
5
10
6
7
8
130
101
121
67
6
7
138
148
11
6
148
42
107
152
5
6
145
165
167
9
6
8
5
6
0
160
67
123
166
46
165
56
45
64
63
116
123
154
45
121
48
126
67
171
65
162
61
156
125
109
96
167
61
74
164
178
170
176
62
123
40
158
153
169
162
170
118
169
72
105
55
85
83
0
233
124
216
235
66
238
64
156
76
79
189
206
227
158
171
87
241
79
243
87
261
192
230
221
169
221
227
176
199
237
230
237
236
197
220
87
216
227
229
189
229
227
232
67
203
0
215
143
0
189
117
95
165
73
204
48
70
56
77
189
116
193
49
168
76
191
80
114
84
191
87
124
187
128
113
173
84
74
185
181
112
128
75
145
55
132
113
173
190
115
182
117
73
89
0
81
120
63
142
62
149
165
41
88
39
56
61
57
132
168
84
53
162
55
161
38
164
60
172
53
166
111
121
171
170
54
57
167
156
165
178
55
138
58
148
131
130
170
179
178
170
53
78
0
81
92
0
124
90
39
99
42
89
38
78
70
44
102
88
50
78
100
47
127
81
91
36
137
38
150
124
137
154
136
78
82
81
127
56
92
77
117
61
109
113
86
61
107
78
95
40
43
14
45
38
22
98
45
35
109
62
35
42
46
52
62
56
85
50
68
72
38
64
54
90
44
104
43
64
55
106
59
54
35
39
83
85
94
101
65
59
18
110
81
36
113
94
45
108
28
20
28
37
23
24
133
51
110
82
44
154
47
44
56
58
114
147
79
35
136
31
138
55
111
35
129
59
141
109
68
141
138
32
55
152
143
138
139
52
103
27
81
129
107
105
139
143
108
61
75
0
68
69
0
168
66
163
165
53
200
25
53
52
54
175
168
153
155
86
58
181
168
210
182
153
179
161
78
162
232
164
153
170
219
159
167
249
57
234
29
164
114
180
176
214
239
232
50
93
168
86
85
158
145
36
69
159
93
154
72
85
89
80
45
145
56
85
66
15
157
9
61
24
69
71
147
69
54
65
58
24
28
61
67
63
122
21
51
92
56
63
96
126
67
163
163
82
48
17
54
49
0
