316
135
331
322
162
328
126
177
173
167
328
342
168
163
345
144
329
168
339
168
345
166
332
168
341
336
335
158
139
339
332
324
339
161
342
134
166
325
323
338
327
330
331
171
176
139
172
174
148
203
43
206
215
35
212
143
32
109
136
218
210
66
141
206
109
203
35
204
30
62
138
190
61
76
184
50
135
106
189
55
192
61
120
144
90
57
129
190
188
195
52
190
127
44
19
47
45
0
172
74
180
191
47
187
73
68
63
73
187
168
106
55
49
53
185
57
186
55
188
49
143
110
51
161
48
47
39
167
166
158
160
57
51
53
154
56
133
186
49
51
53
54
39
37
133
126
38
179
110
239
182
39
123
51
77
78
79
258
150
129
2
164
0
200
14
145
19
158
25
177
157
174
126
206
2
22
223
213
156
186
23
162
2
149
205
164
140
182
206
170
2
106
0
101
107
1
124
42
131
137
54
134
25
28
36
39
139
140
90
34
112
46
135
60
135
34
136
36
119
76
89
85
131
38
53
141
137
132
128
39
97
36
106
94
122
118
126
120
123
38
50
0
52
52
36
88
113
59
131
30
86
25
34
25
31
129
128
97
18
102
29
121
25
135
32
134
37
120
84
85
92
128
34
21
123
95
122
127
30
117
27
84
71
89
122
122
88
120
32
61
26
79
82
0
6
68
9
7
17
44
5
41
46
5
7
99
25
6
107
5
4
55
103
3
5
6
7
5
56
60
51
9
3
4
58
64
6
3
87
9
62
92
6
6
87
98
86
5
5
4
3
5
0
92
43
81
104
16
98
16
10
18
15
72
74
103
21
79
21
77
28
111
29
112
27
131
84
79
65
121
26
43
123
126
126
130
33
81
14
114
87
117
122
119
79
122
39
76
25
79
68
0
148
83
138
164
52
151
40
132
46
54
174
150
150
110
103
46
152
42
146
43
149
148
170
176
109
161
194
143
158
188
196
171
174
146
181
46
145
172
196
135
156
163
185
36
181
0
171
101
0
106
72
56
90
50
113
21
46
28
51
105
69
114
35
103
64
125
67
67
61
124
69
59
117
66
70
119
61
48
107
120
75
73
56
89
39
91
73
113
111
75
111
74
48
46
0
44
61
36
56
25
62
109
23
68
55
17
62
20
61
110
47
60
110
16
104
62
108
71
116
75
100
66
50
107
105
58
14
107
96
111
108
54
61
12
78
62
94
105
103
103
109
13
34
0
36
37
0
118
74
53
98
29
83
21
61
63
26
106
98
66
61
101
33
129
67
105
23
133
30
135
126
130
132
134
57
48
93
123
65
95
50
121
42
97
100
93
68
106
84
99
27
67
11
62
63
12
69
35
24
73
36
28
25
17
29
39
41
66
34
34
42
19
49
21
74
27
67
25
52
48
73
46
46
18
21
49
59
62
60
30
38
10
58
48
34
62
64
36
58
9
31
13
38
29
13
85
31
78
67
36
100
30
28
47
34
84
96
77
36
108
30
100
42
87
28
96
42
108
92
78
115
107
26
50
115
108
115
118
48
90
15
81
122
102
92
121
119
97
58
63
0
57
60
0
132
35
137
128
45
156
32
48
39
40
125
89
131
115
66
42
115
135
173
144
120
151
108
65
106
171
112
133
134
158
117
110
179
35
180
9
103
100
113
100
155
172
174
27
64
129
59
70
126
63
9
27
67
39
65
37
36
44
34
18
64
21
38
25
4
59
3
31
3
24
32
55
25
19
25
21
3
10
21
23
21
52
6
24
33
20
25
28
49
29
60
63
25
16
3
19
17
0
