341
158
358
367
188
356
142
206
195
192
342
335
167
196
342
160
334
198
341
192
332
180
301
183
293
292
284
183
160
284
294
290
302
183
298
157
185
300
294
295
306
299
301
181
177
178
175
188
171
125
22
131
127
21
123
112
14
88
115
138
150
34
145
158
120
178
24
162
15
37
152
163
40
51
171
25
141
122
168
39
161
38
99
73
99
41
114
128
124
132
32
133
103
21
14
20
22
0
153
66
159
171
55
170
33
32
32
40
164
173
136
52
41
46
177
45
183
47
176
41
161
127
51
176
47
53
49
179
178
169
181
91
49
65
188
64
152
234
59
60
64
85
41
39
140
141
41
186
85
284
193
83
127
70
139
142
145
293
155
119
4
165
1
177
10
124
11
161
15
144
140
155
118
189
3
11
183
184
139
167
11
146
1
129
178
144
123
142
171
137
2
106
0
101
107
0
64
26
74
65
28
75
16
10
16
19
71
68
45
17
54
25
76
26
74
18
76
20
75
42
51
51
64
20
19
68
72
71
63
15
53
17
49
52
63
65
54
61
58
22
32
0
33
31
19
67
68
26
75
11
62
11
12
27
14
77
66
59
6
43
6
53
28
64
28
67
9
64
41
61
58
60
7
5
65
65
67
62
30
65
33
63
43
61
67
63
62
65
14
35
31
59
54
0
3
43
4
1
10
33
3
37
36
3
3
60
12
2
59
3
1
21
59
3
3
2
2
2
53
37
38
11
2
2
52
49
4
2
70
10
39
65
4
2
67
62
69
2
2
3
1
4
0
104
45
87
113
10
114
21
11
20
17
61
86
92
8
75
8
69
11
98
13
100
12
100
77
79
64
92
19
13
94
97
104
95
8
81
2
81
73
82
88
86
76
84
12
70
16
73
74
0
107
68
91
110
17
102
16
154
17
17
201
158
104
112
84
13
107
12
105
12
106
158
112
208
81
208
228
163
183
229
219
114
111
161
210
19
109
189
215
94
116
110
217
17
201
0
199
83
0
112
76
62
113
45
110
18
36
28
48
118
84
124
30
101
38
125
47
78
52
130
54
80
132
88
78
128
51
46
128
150
94
97
75
115
26
115
89
148
143
78
143
93
62
77
0
65
81
22
71
34
80
125
21
88
60
19
75
17
72
119
63
61
116
12
128
54
119
64
125
60
110
68
74
110
117
49
14
111
107
106
112
66
76
14
87
67
106
123
122
125
129
16
49
0
47
47
0
154
101
88
153
40
107
30
37
39
38
152
141
108
35
145
31
156
35
145
23
142
33
154
157
164
152
158
33
36
136
160
123
137
31
156
34
140
147
142
110
151
136
140
30
104
11
101
112
8
70
25
8
77
65
15
29
22
55
63
28
48
22
37
28
21
31
37
48
20
46
23
23
23
52
28
21
23
16
43
53
64
57
28
29
16
49
41
23
42
50
23
46
8
13
8
20
10
5
73
19
64
44
20
75
16
10
18
23
57
77
53
12
84
11
81
31
63
22
87
30
95
63
68
86
86
13
29
97
94
88
94
33
68
12
63
92
74
67
88
89
61
27
46
0
48
40
0
80
36
82
87
31
154
17
31
36
31
81
58
83
141
55
38
86
158
167
166
94
170
89
49
91
184
90
162
178
170
102
89
185
36
179
13
89
70
87
92
156
179
165
34
43
153
47
45
144
71
6
23
71
57
71
60
52
51
54
13
68
24
59
18
4
65
4
18
4
24
55
67
22
24
22
23
3
7
25
23
24
66
3
21
46
21
24
24
70
22
68
67
53
21
4
19
18
0
