282
111
296
292
125
295
85
140
129
134
293
299
129
129
291
112
291
133
296
125
304
117
274
140
283
283
283
116
100
276
272
279
271
123
280
111
164
278
295
288
284
283
284
129
142
111
153
143
118
161
36
172
183
13
173
155
9
150
153
173
186
36
183
188
169
197
16
191
14
14
177
208
13
52
207
8
210
205
224
16
211
18
197
67
190
9
191
201
217
220
11
207
197
10
12
13
14
0
180
71
193
186
51
187
103
106
101
110
206
201
130
37
34
31
203
43
211
107
210
102
189
94
43
199
43
45
95
191
203
190
191
80
34
48
133
45
128
182
45
44
43
75
28
32
100
109
29
195
50
249
200
60
144
38
87
90
86
267
178
135
0
179
0
194
1
164
2
177
2
134
168
173
129
198
0
2
184
183
158
136
0
164
0
163
180
166
158
129
183
184
0
150
0
155
159
0
76
13
80
75
3
74
12
4
13
1
77
77
81
1
67
2
69
4
74
13
77
11
75
67
69
79
75
12
3
75
75
71
72
5
80
10
81
76
74
77
74
79
77
13
66
0
71
74
13
103
31
81
96
1
107
1
1
18
2
89
100
104
2
90
6
97
15
98
23
98
6
105
87
104
102
104
4
4
108
111
101
101
25
105
21
110
97
102
102
103
110
113
3
85
26
107
106
0
1
18
1
1
2
21
0
22
23
0
1
25
16
1
26
0
0
18
26
0
1
1
1
1
36
16
35
22
1
0
37
37
1
1
43
6
35
49
2
2
50
54
48
1
1
0
1
1
0
57
28
45
69
33
61
21
13
21
23
47
48
53
18
41
17
52
21
56
23
59
26
63
43
40
44
69
29
35
70
69
69
69
30
47
14
63
66
62
71
72
35
65
35
46
36
38
36
0
82
47
81
91
31
89
19
100
30
29
113
92
76
53
45
25
84
21
80
23
82
94
75
120
44
121
135
77
95
136
128
80
73
83
135
13
64
110
129
60
74
71
128
14
122
0
129
58
0
68
52
31
66
20
69
14
12
21
17
66
53
60
12
52
19
63
21
56
22
63
17
48
51
46
57
61
17
15
55
61
60
61
15
65
19
53
65
66
62
54
61
62
14
53
0
46
62
21
119
39
130
117
4
94
2
36
3
33
126
105
95
10
111
35
110
4
116
12
114
12
118
95
126
125
127
18
26
125
124
122
117
18
131
25
130
124
105
123
125
129
126
31
96
0
92
96
0
96
63
76
95
22
67
20
13
13
22
97
110
77
18
94
34
94
20
97
28
97
32
91
84
95
90
93
11
15
108
83
65
110
18
90
10
80
77
96
64
80
101
70
36
62
4
65
66
5
47
13
15
44
44
7
16
13
29
34
18
36
18
28
18
18
16
23
35
11
46
18
14
17
37
18
21
12
16
33
39
41
38
37
5
8
55
53
8
56
58
15
54
8
4
12
4
5
5
73
15
30
14
52
78
13
43
55
59
26
66
18
11
67
12
64
45
32
42
68
46
61
27
30
63
61
10
44
57
74
72
63
37
25
15
14
65
53
25
62
62
27
42
19
0
20
18
0
88
30
94
99
48
116
33
47
51
50
85
70
97
86
45
61
103
90
118
109
103
109
115
52
118
129
114
91
96
128
118
122
132
84
126
30
126
98
131
135
108
134
131
84
40
101
44
44
96
121
17
36
119
91
117
72
90
88
93
24
126
30
103
27
3
131
4
25
9
33
98
153
32
26
35
35
9
28
39
29
30
138
6
30
126
32
30
55
144
34
159
160
123
27
5
30
28
0
