343
175
381
384
225
357
142
246
239
237
370
375
194
227
376
174
383
238
373
222
371
227
350
199
352
338
355
209
170
335
360
353
354
211
361
164
177
378
380
367
389
365
380
217
174
184
175
185
174
248
38
257
258
85
244
210
37
171
220
266
244
83
229
273
195
265
89
267
47
94
226
251
86
78
263
51
236
187
273
88
261
77
203
117
159
73
169
215
230
229
43
228
182
33
31
37
36
0
199
98
227
223
88
225
55
57
55
53
223
245
169
75
61
73
223
81
252
74
237
59
186
142
80
209
88
93
47
230
213
217
215
28
64
73
196
76
165
222
74
73
80
29
59
59
178
166
56
260
124
287
268
41
126
37
64
70
60
306
232
181
3
242
1
239
1
171
1
224
3
204
214
219
206
247
8
0
243
233
226
218
1
237
1
190
247
232
174
194
236
235
2
176
0
171
169
1
64
26
67
64
14
69
23
16
33
12
70
74
66
4
59
9
73
9
75
26
78
32
57
42
66
68
61
29
10
56
64
64
64
10
74
32
65
54
77
64
67
67
66
31
39
0
33
38
26
71
67
46
78
7
70
5
6
30
9
72
74
79
5
52
6
75
30
74
36
81
11
75
44
76
75
81
4
4
78
75
77
70
37
78
35
67
54
76
73
79
78
72
8
36
31
66
61
0
3
31
3
4
7
26
4
26
26
3
3
76
22
2
84
2
4
58
82
3
3
5
5
2
48
39
41
36
3
4
58
61
4
2
50
14
34
50
3
3
50
51
54
4
3
2
2
5
0
78
39
60
97
21
99
30
16
26
23
56
65
80
14
67
20
72
19
92
21
92
20
96
65
59
50
87
24
23
101
94
100
93
24
67
11
95
79
91
88
93
53
91
29
62
21
47
48
0
172
109
169
178
48
174
45
155
47
49
159
159
170
128
136
44
171
31
173
42
173
166
191
188
119
173
197
161
178
198
201
194
185
163
167
69
174
170
186
151
190
197
189
48
173
0
165
120
0
148
76
60
137
59
145
18
62
32
73
146
83
137
35
113
61
138
79
76
71
135
73
80
133
84
68
128
62
58
141
139
88
94
54
97
37
89
81
127
118
77
124
88
55
64
0
64
78
29
88
52
103
115
25
66
22
25
40
22
105
131
80
41
138
21
136
31
128
44
148
42
145
93
100
151
139
37
16
144
131
146
137
43
105
18
135
104
102
135
134
128
135
18
84
0
76
91
0
110
56
35
67
25
62
26
73
68
24
64
68
48
71
63
16
97
69
66
20
117
21
133
102
131
109
109
62
66
64
105
52
67
58
105
61
102
93
55
40
73
54
77
20
37
30
39
43
14
60
13
17
65
49
14
17
23
40
42
29
50
28
33
28
21
28
30
57
18
54
19
25
20
48
25
22
19
16
47
47
47
45
45
20
13
62
52
18
58
58
26
58
15
11
11
20
16
10
101
36
87
65
27
117
25
20
33
28
95
96
58
22
100
17
89
32
79
23
84
34
111
80
63
107
109
17
37
111
99
106
101
35
78
18
80
107
83
86
105
118
95
40
61
0
57
59
0
102
35
111
104
40
183
16
45
45
42
110
122
117
113
55
42
113
133
173
148
129
163
117
60
115
164
120
135
146
157
125
115
189
39
175
19
126
95
128
114
144
186
177
36
50
140
58
53
138
112
13
24
115
81
116
76
96
91
91
20
107
31
80
26
7
113
2
20
5
27
76
105
23
19
25
33
2
27
26
20
30
104
1
27
93
19
25
56
95
31
120
121
90
14
3
17
20
0
