234
123
238
241
162
225
92
173
163
171
233
228
154
173
230
149
211
161
227
156
230
158
229
150
224
228
222
162
127
211
227
219
233
146
216
131
151
226
209
230
226
222
227
152
144
147
154
158
142
134
35
135
136
39
142
100
29
71
98
138
125
56
88
129
76
132
32
128
29
52
100
142
50
74
152
42
105
81
149
44
157
58
99
115
53
48
111
154
150
155
36
139
96
40
34
37
38
0
160
57
165
169
70
161
62
60
60
62
166
152
87
60
52
58
154
64
152
57
153
52
142
95
69
152
61
68
42
155
153
153
155
52
73
74
149
69
123
179
72
70
71
46
61
58
129
132
54
136
73
213
135
59
107
61
106
110
106
219
112
82
5
117
3
121
3
94
5
122
9
105
109
125
103
130
5
10
139
134
120
125
13
118
6
104
138
117
104
121
137
110
4
81
0
81
88
2
63
41
66
70
17
70
42
26
45
8
64
75
75
16
53
14
78
27
72
45
77
41
82
58
75
81
82
46
26
90
91
85
94
32
80
41
82
62
93
90
98
90
98
46
42
0
39
43
45
81
95
44
104
31
98
22
35
37
30
110
102
97
14
71
22
99
27
110
38
107
30
101
60
90
79
109
34
19
113
92
111
115
43
96
35
95
52
88
101
89
93
94
25
48
31
78
81
0
3
46
5
2
8
39
2
35
39
3
4
74
11
1
75
4
2
33
65
3
3
3
6
3
60
42
48
16
4
4
65
62
5
2
58
11
47
54
6
6
67
62
62
4
4
6
3
5
0
68
28
51
68
16
81
21
15
26
21
57
60
77
16
53
18
59
21
74
19
68
16
73
42
47
55
83
19
20
80
79
78
85
21
56
15
68
66
74
71
77
50
74
25
49
20
42
48
0
103
47
101
97
44
93
35
123
45
43
137
101
92
78
59
39
87
35
92
41
100
130
99
145
73
139
147
116
132
159
155
94
99
124
151
44
85
130
145
91
108
101
151
31
145
0
119
67
0
92
66
38
93
27
89
28
18
46
29
88
58
75
22
84
37
81
34
63
37
85
39
67
95
50
67
95
32
38
94
81
80
80
41
69
55
76
77
86
82
78
96
86
36
58
0
52
79
46
85
45
111
130
31
82
10
19
32
17
103
120
98
34
119
19
115
17
125
33
113
39
130
92
100
118
123
28
18
122
125
117
130
30
104
15
115
98
110
116
135
122
136
15
77
0
73
79
0
115
69
65
100
24
86
17
32
28
24
97
94
73
31
97
29
123
34
97
26
114
27
115
118
129
128
120
24
31
93
124
83
96
26
120
20
100
108
100
84
99
101
108
27
79
10
80
74
6
61
39
28
65
30
40
37
38
23
33
56
58
43
22
51
29
46
25
63
34
62
30
47
47
61
55
58
17
29
55
62
60
60
28
49
12
60
54
40
59
66
41
56
28
24
25
33
25
12
63
16
60
45
19
65
38
14
21
21
63
51
29
31
54
24
62
22
66
10
59
21
68
60
51
76
75
27
32
67
67
74
81
27
72
16
60
78
59
67
89
81
65
32
31
0
30
25
0
101
44
105
98
39
141
21
42
42
43
101
84
108
108
84
44
109
116
144
141
107
140
119
78
124
155
122
126
125
158
121
125
164
60
156
30
123
80
124
123
144
153
166
62
56
123
55
53
118
97
8
24
96
68
85
66
70
69
70
13
96
24
70
24
8
90
4
18
10
22
69
87
23
20
22
22
6
9
18
22
21
78
9
26
69
23
21
40
70
26
84
91
58
16
4
17
15
0
