205
101
200
191
120
202
85
129
129
126
200
213
123
128
211
113
214
122
211
122
215
116
207
121
213
208
216
121
101
220
208
205
215
111
211
97
110
218
206
215
210
218
214
120
124
104
120
120
124
147
21
146
145
27
140
103
13
81
92
146
149
52
101
152
79
157
28
162
26
47
107
146
46
75
153
40
96
81
148
44
153
46
109
100
84
40
109
160
161
159
35
158
112
28
22
31
32
0
152
45
157
160
53
161
62
59
60
66
160
148
103
46
49
53
149
56
163
68
168
52
142
103
49
148
52
64
48
142
147
148
147
60
65
62
124
61
109
149
64
64
64
40
48
47
92
95
41
124
62
154
129
27
69
21
45
44
45
172
111
96
2
113
2
132
4
86
3
113
6
114
113
112
95
134
1
8
131
129
109
117
7
113
1
96
130
109
97
103
130
107
2
81
0
72
76
2
66
36
83
72
21
80
27
29
36
19
71
85
75
21
74
26
89
35
83
26
100
32
68
43
70
75
78
36
15
78
79
77
71
27
72
27
77
57
85
87
81
90
84
30
44
0
41
38
32
83
103
37
114
22
87
16
18
26
19
106
106
97
18
70
19
104
25
108
34
108
27
88
61
91
88
90
19
16
103
99
98
97
30
90
29
92
66
87
99
93
93
97
18
51
32
76
80
0
4
32
4
3
7
28
2
20
29
0
3
46
19
3
40
2
2
20
44
2
3
2
3
4
56
32
50
16
1
2
59
60
3
2
60
10
43
59
2
3
59
53
58
2
0
3
1
2
0
53
30
41
57
8
49
15
5
13
14
37
42
58
19
31
18
43
23
62
23
60
21
61
45
41
35
53
16
22
63
56
63
59
27
48
12
57
55
60
58
66
38
64
26
38
10
33
31
0
110
55
111
115
40
120
37
63
46
41
96
89
102
71
72
35
109
32
108
32
114
84
126
120
84
120
121
83
94
121
125
115
114
88
121
48
96
106
121
102
112
117
121
38
111
0
109
76
0
85
70
52
77
27
89
23
28
32
36
89
74
81
21
90
34
88
43
66
37
94
36
74
92
61
64
99
42
43
99
97
77
75
32
67
37
77
68
87
89
72
101
80
39
58
0
54
71
26
71
26
83
121
24
70
18
16
38
10
90
105
75
23
99
14
99
13
110
26
101
27
110
88
88
118
117
37
12
114
113
110
112
34
82
7
108
75
90
117
116
113
114
9
62
0
69
70
0
73
37
40
57
26
42
19
37
36
20
58
57
40
38
55
20
65
32
58
16
75
20
76
68
74
71
70
40
38
63
79
46
62
34
67
35
64
62
65
47
45
68
53
35
31
10
34
28
9
47
41
19
46
32
33
29
29
27
32
47
48
31
26
41
35
44
26
42
31
51
31
43
37
46
45
41
19
28
49
43
40
50
27
35
17
56
42
34
50
50
36
45
24
17
20
21
11
14
62
13
46
32
21
71
26
16
25
23
47
58
38
22
56
16
65
27
47
17
63
24
50
52
45
52
60
21
21
58
60
60
54
24
49
15
44
65
53
53
64
70
53
27
30
0
31
28
0
79
30
80
80
39
95
23
31
35
35
87
66
86
90
51
44
89
81
118
95
99
97
97
55
89
121
84
95
98
118
101
86
123
39
123
19
107
71
106
109
114
127
126
44
34
94
38
37
80
86
10
20
91
68
94
59
67
74
75
11
86
20
72
20
2
87
1
16
5
23
70
97
20
20
17
23
3
10
16
18
19
75
1
17
69
20
18
28
80
19
88
86
69
12
2
9
12
0
