213
132
219
212
158
218
79
163
170
160
217
199
142
168
204
149
210
157
207
172
194
161
201
141
201
211
211
146
120
194
196
204
202
151
183
122
141
199
195
187
190
203
195
150
136
141
141
145
153
111
21
106
117
24
126
94
14
73
88
116
125
31
98
120
80
116
19
115
17
22
93
93
21
35
108
14
88
69
106
23
102
22
89
57
81
18
92
107
108
118
16
116
88
16
21
21
18
0
148
65
169
176
65
181
74
75
70
66
174
164
96
60
50
59
172
60
176
81
172
69
128
95
60
154
62
62
58
159
146
149
148
35
51
60
125
57
115
136
56
64
64
38
54
48
107
108
48
118
41
216
121
49
124
70
114
125
116
222
100
75
0
102
1
109
3
92
4
100
6
88
97
108
81
118
1
9
119
119
108
101
4
101
1
91
115
101
93
90
119
102
0
80
0
80
85
0
40
25
39
44
2
44
21
13
27
2
42
45
52
3
36
4
41
3
39
24
45
28
54
33
47
46
56
25
15
54
59
55
52
6
53
24
46
38
55
49
47
48
47
25
32
0
34
37
26
87
24
61
65
1
88
1
1
27
1
68
70
94
1
68
0
71
31
72
34
75
1
80
68
91
92
80
2
0
73
94
77
78
34
84
36
100
67
92
86
87
100
84
5
61
31
95
95
0
1
23
0
0
5
16
1
16
13
1
2
37
12
1
37
0
1
27
35
1
0
2
1
0
44
42
41
26
0
0
42
54
1
0
59
20
39
59
1
1
54
56
64
0
0
1
0
1
0
67
28
47
62
17
68
23
17
23
26
43
42
64
15
47
14
49
18
74
17
73
22
68
53
54
51
75
22
24
77
78
80
81
13
59
12
75
56
62
71
69
49
74
19
46
22
44
40
0
97
43
90
95
36
103
29
134
29
32
147
99
97
71
52
33
97
36
92
37
94
131
95
158
43
152
155
99
138
164
164
105
101
110
152
35
73
123
161
76
95
97
169
32
155
0
150
49
0
107
57
41
99
49
102
25
43
28
50
103
59
107
14
84
41
92
50
49
50
109
48
60
97
50
56
90
48
55
115
105
60
63
44
81
31
76
56
99
101
57
94
57
36
47
0
44
50
27
76
42
94
110
27
54
12
22
37
15
83
98
72
25
98
16
104
14
111
22
116
29
108
73
86
111
108
29
20
112
113
107
112
29
88
16
99
81
75
96
109
98
104
23
55
0
53
62
0
119
56
98
119
27
101
17
20
22
24
118
126
106
20
121
23
115
22
128
23
122
27
124
119
124
134
127
14
15
122
116
105
129
13
117
14
111
114
116
95
107
121
114
19
98
10
96
95
6
43
24
5
35
33
16
27
31
26
25
29
35
17
29
29
26
29
21
33
28
33
27
27
23
44
24
20
13
22
32
46
38
42
41
22
21
50
52
20
55
61
17
61
17
6
17
14
9
17
62
22
59
37
14
69
14
12
15
18
62
68
41
13
68
12
64
17
52
12
72
16
63
52
55
61
61
17
18
68
73
61
64
19
48
16
50
71
49
51
66
71
52
22
35
0
33
36
0
83
38
92
92
29
147
10
30
29
32
95
72
84
109
69
31
99
132
162
133
96
142
97
73
102
150
100
134
138
163
100
111
167
37
156
23
98
78
110
98
138
160
158
40
52
115
50
57
118
74
5
20
77
62
82
55
64
64
64
14
89
24
62
17
7
93
3
20
10
25
60
91
23
23
24
30
6
23
26
27
30
70
6
23
80
22
24
45
82
26
91
96
68
18
5
13
15
0
