253
118
256
267
163
250
108
171
170
169
261
239
137
161
228
145
229
162
236
153
240
150
247
130
227
248
240
156
132
240
237
231
243
150
232
127
120
230
237
236
230
237
230
163
142
135
133
141
150
155
38
151
156
26
152
116
19
86
119
162
155
68
112
169
100
161
20
177
18
49
119
167
44
90
167
43
121
109
166
52
177
54
121
118
92
54
113
168
166
168
35
175
120
23
13
17
17
0
179
81
189
191
79
194
68
62
72
78
188
176
99
68
54
60
177
65
191
78
183
65
157
109
58
166
54
67
49
165
160
168
162
62
62
63
172
60
143
182
59
61
67
50
49
49
141
133
46
140
85
200
163
53
112
41
83
78
86
240
136
115
4
129
1
148
6
129
5
136
11
154
137
143
118
158
5
10
154
158
133
143
8
136
0
129
150
133
116
125
155
133
2
99
0
91
96
0
63
18
68
66
35
58
22
22
24
28
63
63
40
18
44
26
71
38
73
25
70
24
60
29
44
38
57
30
32
61
63
63
58
37
40
24
49
50
68
70
74
67
74
27
21
0
22
22
23
82
79
59
109
14
79
7
16
31
14
99
89
83
6
73
6
88
30
100
32
94
5
95
75
85
91
98
17
12
103
100
97
95
33
106
35
84
69
93
107
108
88
110
18
62
33
78
75
0
0
30
0
0
4
21
0
21
20
0
0
59
19
0
63
0
0
38
62
0
0
0
1
0
70
43
67
43
0
0
79
75
1
0
45
5
25
45
0
0
44
46
40
0
0
0
0
0
0
92
52
75
90
11
97
18
12
19
19
68
78
93
16
69
18
76
23
98
24
103
31
93
75
70
60
95
18
32
100
99
102
96
24
75
18
87
79
93
91
87
71
90
25
71
17
65
69
0
98
54
104
101
34
108
38
107
39
44
135
122
93
87
76
40
107
39
108
36
107
130
107
142
86
153
164
126
135
160
160
117
124
127
159
42
91
144
155
99
112
120
159
41
158
0
150
68
0
98
64
51
100
42
103
22
33
26
53
106
68
96
16
67
39
97
38
63
37
98
40
67
102
63
66
101
45
31
100
101
74
67
44
83
26
77
64
101
101
72
97
79
37
59
0
57
70
29
69
34
75
104
22
78
41
20
52
19
66
103
63
51
102
19
111
40
109
61
111
51
105
58
68
100
94
50
16
106
98
89
92
45
61
18
83
70
86
98
108
96
109
15
51
0
44
47
0
98
63
44
87
28
59
17
34
37
26
89
76
67
43
86
28
102
32
95
18
104
20
102
98
106
100
104
34
37
87
116
74
84
34
107
32
106
100
94
79
89
93
88
21
66
2
60
68
7
55
22
12
49
28
15
18
23
24
35
23
44
24
27
31
24
31
22
43
24
42
22
32
35
42
28
30
12
21
26
36
47
42
20
29
7
36
24
27
35
29
31
31
15
16
12
21
12
12
53
12
67
36
15
59
25
13
17
18
57
62
41
19
63
16
61
14
56
13
62
16
57
54
39
58
56
20
18
62
62
58
57
21
55
18
58
64
53
61
59
61
54
19
31
0
31
30
0
102
49
101
97
22
126
12
24
23
20
97
70
99
117
70
27
81
111
139
135
88
136
82
71
83
143
91
125
131
158
84
97
164
31
157
16
103
59
102
93
131
161
161
34
61
111
53
59
107
71
5
19
69
49
70
39
51
51
58
16
64
21
48
20
4
68
3
19
3
22
38
76
23
18
25
22
4
31
22
22
22
71
3
25
51
19
16
40
61
23
81
68
38
21
3
19
19
0
