349
149
366
370
215
372
149
234
232
230
356
313
187
222
321
201
328
227
321
223
313
219
314
175
328
330
324
207
180
323
318
332
319
214
324
183
176
318
307
333
318
325
311
205
170
207
164
175
197
188
30
188
200
42
194
154
24
123
165
200
190
67
140
185
125
180
32
184
28
47
144
148
50
81
160
36
123
89
164
51
159
50
134
114
100
57
122
150
154
162
40
147
128
26
22
28
31
0
230
111
247
255
90
245
83
73
85
76
256
250
161
82
61
80
255
80
259
99
260
86
241
148
81
247
75
84
84
255
244
255
243
56
68
89
204
79
174
225
91
83
83
51
63
59
188
179
62
173
101
268
179
69
135
87
136
143
143
284
146
119
6
141
2
170
8
113
13
150
9
165
140
167
134
183
9
12
196
194
156
176
9
138
3
131
173
153
148
166
187
141
1
109
0
100
112
1
99
51
112
106
21
111
27
17
36
15
106
110
95
19
75
17
114
27
117
32
105
26
115
80
89
89
113
29
31
121
119
122
128
22
92
28
96
78
112
111
106
100
103
26
60
0
57
57
29
91
89
46
104
8
89
10
11
45
11
115
105
101
4
81
7
95
48
103
48
100
10
103
84
99
100
106
12
7
107
111
123
114
48
124
38
104
79
104
123
123
103
124
18
63
48
87
93
0
6
76
7
11
18
53
5
55
57
5
11
85
43
6
87
7
8
49
96
8
11
9
8
8
73
57
65
29
9
7
79
75
8
7
84
15
67
83
12
9
84
87
85
5
6
6
2
10
0
99
50
71
99
34
103
42
21
36
37
77
73
102
21
65
27
64
32
100
31
93
34
102
69
55
53
104
46
58
112
116
111
97
52
77
25
107
93
112
118
110
59
119
62
69
35
47
46
0
109
54
109
116
44
117
33
160
37
38
166
127
117
92
79
47
132
42
124
54
127
176
116
191
69
177
198
160
185
214
208
122
127
162
201
41
81
172
197
79
108
102
205
33
175
0
182
61
0
98
67
53
90
41
96
25
32
44
41
95
67
98
27
77
37
94
45
59
43
94
51
69
111
69
65
117
57
53
118
117
65
73
47
95
39
78
67
104
95
62
94
69
37
50
0
53
66
36
67
39
80
66
19
46
13
41
32
29
74
74
46
23
67
40
70
21
80
23
78
27
83
69
86
85
89
28
39
88
82
87
90
32
90
34
87
87
84
100
97
102
88
38
50
0
45
56
0
162
64
99
136
23
120
12
40
34
24
132
142
129
30
128
18
171
36
132
11
163
18
172
151
162
171
167
37
30
143
166
122
142
29
155
28
153
151
136
123
152
139
150
15
113
8
107
102
6
51
39
22
49
30
19
32
33
20
30
41
54
35
28
42
28
38
25
47
34
47
32
37
32
46
36
34
26
35
39
58
48
43
38
43
12
49
36
27
47
45
25
61
18
14
21
28
16
17
75
31
61
37
32
85
25
19
34
31
70
81
41
28
77
21
80
31
64
15
86
35
79
56
34
79
79
22
44
81
83
74
83
42
55
23
47
82
45
55
85
89
58
50
30
0
38
39
0
99
46
108
107
19
184
8
21
22
23
104
118
106
152
60
26
106
175
210
184
109
182
111
65
113
224
115
170
171
206
114
107
211
18
219
16
108
81
109
109
191
209
218
26
61
168
63
57
163
87
17
51
90
48
92
32
44
44
44
34
101
37
55
49
6
110
3
40
12
55
43
99
41
43
45
44
13
34
45
36
49
73
12
44
46
41
44
72
75
42
99
96
45
30
7
32
29
0
