195
98
194
204
125
199
83
131
138
128
201
195
102
122
199
110
208
132
197
132
194
123
185
120
187
193
193
108
100
176
183
177
182
126
166
114
105
177
181
178
188
189
179
118
96
109
106
105
112
118
29
120
119
26
127
83
17
59
87
118
127
41
90
117
51
122
29
123
23
45
86
124
40
41
128
26
96
71
129
35
132
37
108
107
58
41
70
134
133
137
27
145
96
20
17
24
15
0
110
56
122
130
64
140
50
45
43
44
129
123
77
52
48
47
133
49
144
62
136
46
111
67
52
128
57
57
50
130
114
128
123
46
45
57
115
61
106
123
56
59
61
40
39
40
87
80
33
106
57
178
111
37
65
38
67
72
70
177
102
85
2
98
1
129
10
74
2
105
9
115
87
111
76
118
1
5
122
124
103
113
8
104
1
91
124
97
99
100
130
102
1
66
0
62
73
0
51
21
58
51
29
60
20
15
20
20
58
56
33
15
44
21
53
21
54
22
57
19
57
21
34
41
49
21
21
50
63
50
55
35
44
19
61
45
79
71
69
70
64
17
20
0
22
21
18
59
73
30
74
11
54
8
13
21
11
76
71
65
6
45
5
63
26
72
30
71
10
71
43
64
55
78
15
6
72
64
75
78
23
77
18
69
39
59
73
76
63
76
17
31
24
42
50
0
4
50
6
3
10
32
5
29
38
2
4
63
24
6
64
5
5
30
73
4
5
4
3
4
59
39
53
19
6
5
59
58
4
4
61
8
45
63
5
4
63
62
59
5
4
6
0
5
0
53
27
34
61
13
59
23
28
23
24
40
33
67
19
33
27
51
23
64
28
65
27
52
31
33
39
54
20
28
50
50
50
52
26
38
14
47
43
50
50
56
34
50
26
31
18
31
27
0
65
27
69
67
33
71
31
83
31
33
93
60
73
47
41
28
66
27
70
27
73
91
71
104
44
102
108
84
100
102
113
68
72
91
109
30
53
99
108
61
66
62
102
31
102
0
100
37
0
66
40
30
62
40
59
13
33
24
39
72
39
69
16
57
36
76
44
39
40
73
44
45
62
43
48
69
37
33
68
57
51
51
28
46
23
54
39
64
66
44
55
45
29
31
0
30
43
23
52
24
63
67
7
46
14
19
18
18
64
72
56
14
80
13
75
13
82
20
84
16
80
63
65
80
77
23
13
76
78
77
75
23
66
16
71
62
71
85
86
78
89
10
44
0
47
47
0
88
36
43
62
9
51
7
20
24
9
58
59
58
26
62
9
87
25
63
7
86
7
80
81
81
87
81
24
20
60
78
52
54
26
77
24
67
67
50
45
67
52
57
6
39
6
46
52
3
28
26
13
26
16
14
26
22
11
13
27
33
18
16
29
23
32
10
26
22
34
23
31
30
27
32
27
15
18
24
30
22
29
16
25
6
27
24
24
25
20
23
22
13
8
9
17
8
9
43
8
40
44
13
46
21
6
17
14
54
45
34
13
45
11
40
14
49
9
50
16
51
42
45
49
55
14
18
56
52
55
51
24
51
14
47
60
51
47
65
57
52
20
33
0
33
32
0
74
37
89
86
23
110
8
30
24
29
91
80
72
90
65
28
83
82
115
95
76
104
86
62
84
122
71
99
100
118
84
90
123
30
111
21
88
59
92
85
110
114
112
23
47
92
46
48
86
70
13
25
72
51
79
38
50
55
51
22
70
26
54
28
0
71
1
21
1
24
42
75
22
22
22
22
3
22
24
22
27
60
2
21
41
18
26
39
57
20
67
72
34
17
0
18
18
0
