397
167
384
385
246
387
163
256
252
258
388
394
214
248
392
209
390
267
382
247
375
232
402
203
386
397
397
231
197
387
394
392
386
245
378
195
196
352
377
397
368
388
370
227
221
219
214
205
208
228
33
218
232
36
228
167
28
146
162
226
188
61
157
190
125
191
39
192
37
41
157
210
50
81
204
40
141
113
207
48
217
59
154
123
138
54
192
219
219
223
52
226
148
52
40
49
53
0
228
95
255
259
106
259
75
80
70
82
262
251
187
103
85
97
263
95
270
70
267
64
241
179
93
270
104
97
62
267
265
266
272
43
83
104
238
99
210
240
91
97
103
36
95
79
198
196
88
209
73
323
214
69
167
84
129
142
144
328
168
150
2
173
3
203
4
165
1
175
4
183
181
206
135
221
0
11
222
221
185
179
7
172
1
167
208
180
172
173
223
170
1
143
0
136
145
1
69
40
68
65
20
71
43
33
55
19
71
72
78
9
52
10
71
14
71
52
71
54
89
57
77
79
92
51
32
91
91
92
90
33
80
47
73
68
96
94
97
93
88
55
38
0
34
37
52
112
74
56
107
19
97
16
20
46
22
102
96
103
6
78
15
95
53
98
58
99
15
103
78
122
109
104
18
13
108
128
103
91
57
88
54
117
76
113
91
95
118
96
15
71
65
100
102
0
3
33
3
2
4
30
1
29
32
3
4
54
17
2
66
3
3
24
67
2
2
1
3
3
75
41
66
38
3
3
71
79
3
2
76
12
56
78
3
3
84
84
75
3
3
3
1
2
0
202
88
176
221
43
210
43
31
43
43
153
162
203
31
149
38
166
46
215
46
214
43
219
176
155
138
220
50
54
225
224
213
235
61
171
20
232
166
219
236
238
144
238
60
163
55
138
156
0
198
80
195
211
90
206
78
157
93
96
240
197
216
112
128
107
228
88
211
101
219
162
204
238
126
240
256
159
186
252
243
210
206
162
250
97
168
215
259
180
213
210
261
79
230
0
219
105
0
212
134
90
213
112
227
36
95
50
99
216
148
212
52
191
97
199
103
130
106
221
101
150
209
143
123
209
106
90
225
208
139
142
104
184
53
199
160
240
228
153
244
162
105
112
0
102
140
50
114
50
127
203
40
154
87
51
119
54
133
192
93
113
197
50
194
97
197
116
200
106
168
100
117
171
171
86
47
170
175
179
188
75
120
47
138
123
142
167
176
171
172
47
84
0
91
90
0
152
121
105
184
60
120
55
22
25
59
172
172
109
26
150
55
136
25
157
43
137
56
128
145
144
144
143
25
25
139
145
110
156
23
139
20
133
139
174
128
139
160
135
55
110
5
105
104
6
103
48
36
118
76
26
42
31
61
80
62
102
53
80
54
40
54
71
99
41
113
43
53
52
85
56
45
36
33
89
100
98
94
64
53
32
79
73
45
90
92
40
95
25
24
22
36
34
27
130
34
135
99
19
139
45
16
25
22
131
135
103
44
128
43
132
22
141
17
131
22
127
137
104
137
136
41
25
127
127
135
135
28
149
18
120
140
133
144
150
143
141
31
101
0
98
94
0
167
82
171
175
48
228
25
48
49
49
178
143
175
160
133
54
176
166
256
189
162
188
172
139
184
245
170
168
191
254
185
176
260
58
253
42
189
162
192
192
230
277
262
50
107
171
105
96
174
115
29
55
124
77
125
58
74
74
74
41
125
74
82
46
13
125
8
42
16
50
69
151
48
51
48
53
16
41
52
50
53
112
14
51
106
50
53
92
135
52
148
152
93
40
5
40
39
0
