92
37
96
85
48
92
36
62
49
56
86
95
47
52
94
45
87
60
83
59
88
58
81
46
85
81
89
47
40
82
82
89
79
44
83
43
52
80
87
80
89
88
82
47
39
49
42
41
44
47
14
42
40
12
51
38
8
29
39
52
45
30
39
57
36
49
12
51
11
21
38
50
22
31
49
16
32
31
54
18
57
23
38
33
26
24
38
48
48
51
16
47
40
17
10
15
17
0
49
19
55
52
21
55
13
17
15
20
50
52
121383
21
12
16
57
17
58
17
60
13
42
33
18
49
20
21
12
50
48
48
52
10
15
19
52
15
35
58
18
20
19
11
14
16
45
45
17
54
21
109
53
24
88
83
86
82
82
119
39
35
1
40
0
76
27
62
25
46
35
84
62
72
37
62
3
38
77
81
43
67
28
43
0
36
69
44
75
72
57
35
0
28
0
28
29
0
65
48
80
87
28
82
24
15
27
22
82
91
62
30
56
31
80
41
88
24
90
31
82
64
55
50
93
29
40
92
77
75
77
46
67
27
87
82
81
86
94
91
91
23
32
0
31
35
25
27
63
16
54
50
24
33
43
9
36
52
72
25
32
61
32
54
12
71
9
74
41
63
44
28
25
74
39
39
70
27
59
75
10
76
10
23
52
27
81
60
27
60
46
17
9
23
25
0
10
75
22
18
36
45
13
39
47
16
16
75
57
12
64
14
15
40
93
16
23
24
14
14
75
64
65
27
11
14
72
70
12
13
89
26
53
79
23
13
73
69
82
20
18
15
9
19
0
59
20
33
65
9
68
21
24
34
28
34
33
58
20
35
32
57
27
52
26
65
29
57
45
39
43
54
25
32
53
64
69
55
23
40
27
59
53
57
59
68
36
58
30
46
24
35
27
0
55
39
49
59
12
52
14
74
9
13
103
84
60
62
59
16
63
13
60
16
64
83
62
96
47
116
116
75
83
117
117
72
58
87
115
19
59
105
99
51
65
64
105
13
98
0
80
37
0
48
35
31
36
17
40
10
11
23
18
50
48
46
9
33
13
62
24
44
12
48
15
40
43
40
49
53
18
20
52
55
46
54
23
58
23
50
40
51
63
47
59
41
22
20
0
32
39
9
52
35
54
53
11
29
14
17
17
15
69
68
42
22
70
21
61
14
60
18
71
24
66
50
55
55
72
18
22
58
65
72
59
21
50
21
65
53
53
70
65
63
77
16
36
0
33
32
0
78
79
53
91
35
75
17
14
10
31
82
97
71
12
98
33
89
17
95
13
85
21
94
91
94
86
85
16
12
97
76
67
87
9
81
11
74
70
100
63
81
100
76
16
69
5
67
63
1
43
19
19
42
27
26
6
5
16
25
24
42
26
22
31
7
33
16
47
7
38
6
29
20
48
24
27
19
5
42
42
43
46
23
25
5
56
38
24
51
49
30
42
3
19
8
24
22
5
43
10
26
24
23
41
18
14
21
21
34
43
17
22
46
22
41
18
37
13
46
25
40
34
28
45
46
18
18
45
47
47
46
24
44
9
36
54
41
36
47
49
37
20
16
0
18
15
0
80
34
85
74
25
94
13
27
23
30
72
70
79
81
52
23
93
94
110
110
77
104
71
43
72
110
85
86
93
115
89
84
97
22
97
8
67
50
87
73
94
84
113
17
46
81
36
30
91
70
18
34
89
40
81
35
53
54
44
17
85
19
53
38
9
79
3
30
10
41
41
92
28
26
35
38
10
24
34
30
32
63
5
32
59
35
27
45
71
39
93
80
62
20
7
20
26
0
