359
145
365
363
175
366
87
189
186
189
387
337
188
184
351
135
350
195
345
176
345
176
321
178
332
332
311
168
147
334
328
325
328
178
342
143
193
352
334
349
351
350
348
182
162
146
165
175
147
222
44
209
215
67
214
198
25
163
188
223
199
69
193
214
154
207
68
216
34
72
186
209
65
72
236
39
206
177
225
75
233
75
189
106
164
53
187
237
229
220
40
235
205
25
25
22
24
0
179
71
189
197
95
196
56
58
66
64
193
199
133
79
72
72
210
81
208
69
225
50
203
130
87
226
97
92
87
229
219
200
223
74
67
90
188
81
161
207
79
91
82
53
68
65
140
144
59
218
133
281
245
49
115
30
57
73
70
279
215
180
12
226
6
246
5
171
5
225
4
213
195
223
184
248
14
3
247
255
209
218
6
201
5
197
233
230
188
195
244
224
8
159
0
158
168
6
87
50
108
100
18
99
30
15
30
12
100
104
102
11
108
19
110
19
108
32
111
37
113
86
85
101
99
33
14
93
112
100
104
21
102
33
103
99
114
115
109
107
113
28
77
0
74
68
29
82
81
34
98
14
82
6
12
33
12
87
92
79
5
71
8
88
38
94
40
94
10
82
61
95
96
81
10
6
88
91
93
93
38
97
35
93
70
91
97
104
98
97
15
53
43
81
81
0
6
72
6
6
14
64
4
63
76
6
7
101
66
3
108
5
8
67
115
8
8
5
9
7
119
91
109
62
6
6
106
117
9
3
115
40
87
128
10
9
122
127
126
4
4
4
3
4
0
126
47
71
126
35
124
54
33
48
48
65
73
114
33
67
42
102
52
120
56
122
56
107
75
73
79
122
48
43
120
110
112
122
40
87
28
103
92
104
111
112
68
113
36
71
47
67
62
0
153
84
141
160
57
147
45
126
51
52
133
122
162
104
123
49
171
52
156
53
163
141
163
144
98
149
158
129
144
157
148
155
149
127
143
48
135
143
151
127
156
149
155
42
135
0
129
75
0
139
94
73
132
56
163
27
46
37
54
141
89
126
34
96
38
126
53
86
55
143
49
102
140
89
90
142
62
59
147
147
99
103
38
119
35
89
100
139
114
98
141
99
35
82
0
77
95
41
126
53
152
139
14
70
14
55
27
51
139
129
83
23
137
54
128
15
129
21
129
22
151
80
131
131
136
19
57
132
139
133
124
21
131
53
110
128
85
121
132
131
130
56
87
0
84
89
0
112
56
42
72
21
65
15
61
66
22
64
59
49
68
58
16
106
64
65
9
104
13
120
93
116
102
99
64
53
54
101
51
67
66
84
42
81
79
65
39
73
61
67
22
45
18
34
36
14
76
36
17
77
69
27
33
35
46
61
34
69
22
48
35
29
28
38
62
27
66
32
38
29
77
33
39
19
30
66
79
81
81
69
36
12
89
73
19
83
90
24
89
12
14
18
23
15
15
97
44
79
63
43
117
23
33
49
51
90
110
49
26
114
22
110
54
85
38
120
61
114
78
66
110
103
17
32
108
113
108
101
43
68
15
61
101
70
70
103
98
84
45
50
0
47
50
0
141
53
142
151
61
149
30
60
51
48
141
129
155
97
92
56
146
108
163
124
139
128
140
80
147
170
153
116
117
162
143
147
165
56
154
27
150
83
157
158
142
171
160
63
61
106
57
68
102
131
25
70
139
74
125
52
84
81
84
39
138
51
90
59
17
135
8
55
16
57
53
154
53
51
61
48
20
36
58
57
48
116
20
55
98
57
62
81
120
59
156
150
85
43
11
45
45
0
