533
251
537
542
366
537
221
389
383
383
553
500
315
371
512
325
500
375
513
362
510
349
514
339
511
502
515
355
300
493
498
507
511
357
530
294
333
513
508
526
514
514
528
343
358
342
342
349
314
325
68
338
324
68
329
261
45
226
287
337
322
131
274
343
248
343
74
354
57
72
282
309
66
127
347
62
280
244
343
71
347
71
237
146
210
83
253
312
302
319
74
310
234
70
58
69
68
0
330
182
362
379
163
388
128
130
117
121
386
422
297
168
147
159
452
174
449
185
470
161
433
269
173
466
173
180
218
486
485
496
495
195
171
184
381
197
250
446
184
188
204
167
150
154
306
303
151
388
122
562
366
159
201
122
252
253
259
567
284
178
5
279
3
294
2
220
3
283
5
252
276
294
250
325
7
18
320
313
287
298
6
292
2
283
313
293
278
256
321
284
4
243
0
210
235
3
129
69
141
157
16
156
46
30
49
18
153
149
166
16
129
22
143
21
153
53
147
61
146
128
131
167
149
57
15
144
154
144
155
21
167
55
144
140
143
149
160
144
155
57
106
0
104
122
61
187
116
95
162
9
176
6
8
85
7
156
186
208
8
137
7
173
93
197
103
189
10
172
141
205
202
183
7
6
186
216
178
171
108
190
86
213
127
210
186
188
222
193
13
99
103
184
177
0
3
70
4
3
11
68
1
66
65
1
3
88
30
3
89
2
3
47
93
2
3
3
3
4
90
69
85
33
4
4
85
93
5
4
82
20
66
90
1
3
94
95
89
3
3
4
2
3
0
86
31
59
94
20
91
37
33
34
38
58
68
81
19
61
26
77
34
95
36
91
29
75
60
60
59
80
22
23
76
85
79
80
21
70
12
82
70
84
83
83
61
80
20
64
27
56
53
0
166
111
147
175
35
180
28
267
33
35
300
239
168
212
147
35
172
32
172
36
168
289
171
322
128
309
341
256
314
359
349
171
186
279
345
41
171
313
342
168
185
185
362
30
324
0
335
121
0
215
163
134
201
44
221
72
39
71
47
225
166
192
41
172
54
212
67
163
61
216
62
190
245
181
171
244
78
80
238
235
190
190
86
209
95
188
178
247
242
185
242
193
78
155
0
159
196
93
204
110
238
296
33
167
14
26
36
22
244
283
182
46
276
29
283
31
282
46
287
50
282
219
238
309
308
58
26
291
284
303
311
49
225
26
289
208
231
314
318
316
302
26
205
0
198
209
0
261
201
170
235
57
181
45
66
60
58
242
253
191
71
251
59
268
69
242
44
271
58
279
252
263
267
291
74
67
251
275
188
229
60
285
68
239
243
240
179
245
240
250
52
186
17
182
170
18
129
72
28
132
93
43
85
81
82
101
96
111
48
82
86
70
85
59
110
98
104
87
88
71
111
83
79
29
78
84
119
112
107
101
78
25
117
95
50
113
111
74
125
63
24
49
53
30
41
133
36
92
70
77
143
52
50
76
76
117
146
67
48
164
34
156
76
104
55
148
78
166
101
76
146
154
40
76
148
158
157
160
90
100
27
90
169
131
112
174
175
115
88
56
0
54
58
0
223
83
222
228
109
270
62
114
106
109
232
206
211
203
103
103
213
260
299
263
213
280
220
120
225
286
229
238
296
307
249
242
329
124
315
75
245
173
276
274
283
329
320
111
89
265
86
82
272
234
30
44
226
195
230
183
202
193
190
26
237
47
228
35
7
238
9
33
13
30
199
268
34
29
33
33
7
38
30
39
30
233
10
39
227
28
37
58
215
31
249
249
219
26
8
25
31
0
