126
60
121
122
61
112
30
64
60
61
116
118
73
61
116
50
118
57
109
61
116
61
110
65
111
107
107
56
53
113
105
106
111
65
115
35
59
108
116
118
97
108
109
64
73
51
80
79
57
57
11
55
57
8
64
43
10
31
38
50
53
18
39
46
29
46
8
43
8
14
38
49
13
16
47
10
37
30
49
13
48
15
33
37
23
11
31
51
50
54
7
50
28
9
6
9
7
0
55
21
45
48
17
52
20
21
17
18
57
49
24
15
17
14
46
19
49
21
50
17
69
23
19
61
19
20
36
64
72
72
64
28
16
19
54
16
56
80
17
18
18
31
18
19
32
32
12
49
33
87
48
27
53
30
53
53
49
96
43
37
0
37
0
49
1
42
6
41
4
47
46
45
32
52
0
4
52
56
42
47
3
40
0
39
55
41
42
50
54
41
0
28
0
24
28
0
49
14
50
48
14
50
8
9
12
7
48
38
37
3
27
7
40
9
39
12
38
11
31
31
32
34
38
12
6
36
36
37
39
6
37
11
33
28
36
36
36
33
33
11
25
0
28
29
10
21
23
19
27
7
25
2
5
8
6
29
31
24
7
26
6
35
7
33
7
35
10
27
22
28
25
29
7
5
27
30
28
25
10
33
6
24
15
27
33
38
26
33
12
19
10
22
23
0
1
15
3
3
2
10
1
12
13
0
3
14
4
1
22
0
2
8
20
2
2
0
3
2
16
15
7
3
1
3
20
16
3
1
8
1
5
6
3
3
7
5
8
0
0
1
1
0
0
8
3
7
11
2
10
2
1
2
3
5
7
9
5
6
3
8
5
6
4
10
4
10
9
7
7
6
1
2
8
9
9
7
3
5
2
6
7
8
6
8
6
10
3
7
0
5
5
0
17
13
15
17
0
17
1
53
0
1
57
21
13
20
14
1
16
1
17
1
16
51
15
54
15
61
60
40
50
63
60
14
13
42
59
2
15
42
60
13
16
15
59
1
54
0
50
9
0
13
21
8
18
4
22
7
3
9
3
20
19
16
1
17
5
19
3
19
3
19
4
22
21
20
20
20
3
3
20
19
25
24
2
24
12
23
27
24
26
24
25
25
3
12
0
13
19
9
34
17
35
38
3
29
1
0
4
1
39
42
29
3
44
3
45
4
43
5
45
5
42
31
35
39
36
9
2
37
36
38
39
9
33
0
40
26
30
38
32
36
37
0
31
0
31
35
0
51
22
47
54
4
50
2
9
8
4
53
52
47
10
51
7
60
9
56
9
56
8
58
53
65
62
60
10
9
59
60
54
63
9
58
9
59
53
67
51
54
66
55
15
48
1
45
44
1
21
13
8
20
11
9
12
10
7
12
10
25
11
20
11
9
12
10
22
10
29
6
12
9
28
14
15
9
6
18
26
31
31
14
13
4
27
20
11
21
22
11
22
5
10
6
9
7
3
17
3
7
6
12
16
11
16
20
17
11
22
6
11
20
7
22
20
11
17
25
24
28
8
4
27
28
10
18
28
23
26
23
20
13
6
7
26
21
11
26
26
11
25
1
0
0
0
0
34
11
37
40
26
52
16
26
28
28
40
21
31
42
15
21
33
53
52
50
33
51
36
9
31
47
33
53
50
54
30
34
55
34
54
8
45
26
46
41
47
51
54
29
3
49
4
5
49
34
2
5
38
31
29
35
31
34
33
4
37
7
36
5
1
36
0
3
1
5
39
38
5
5
4
5
1
2
5
4
4
39
0
4
32
3
4
7
40
3
38
34
38
1
1
2
3
0
