196
112
210
213
137
208
101
137
147
148
207
210
98
143
212
119
211
140
215
133
220
137
213
113
220
225
230
122
115
217
226
222
216
150
230
99
95
224
228
217
224
222
224
150
109
110
115
120
123
143
19
153
151
25
153
125
15
121
128
156
131
34
101
123
99
129
22
142
18
28
111
110
36
51
124
30
88
79
109
38
129
34
101
91
78
34
95
127
133
137
27
127
103
19
15
18
20
0
141
66
149
149
70
154
50
49
47
46
150
143
96
66
58
59
155
67
157
64
158
48
138
89
63
147
57
67
53
145
146
145
159
34
56
56
127
67
103
135
64
66
68
23
55
54
114
112
46
166
80
212
170
40
105
35
69
67
70
229
145
118
2
153
1
169
12
117
10
149
15
143
129
152
127
175
4
12
164
165
125
152
13
139
0
129
152
139
129
128
163
140
1
103
0
110
111
1
39
17
47
42
12
50
19
8
20
8
43
42
37
6
31
9
53
12
43
15
51
21
48
25
34
35
52
22
18
47
45
53
49
16
37
20
43
33
52
45
46
51
45
22
22
0
20
18
15
58
63
31
68
6
53
5
7
25
6
65
65
66
11
43
10
66
28
60
32
65
12
62
42
71
65
69
12
9
63
74
60
63
31
62
30
80
44
60
62
60
73
59
11
34
31
57
64
0
0
27
2
1
8
18
0
10
20
0
2
40
13
0
41
0
0
23
44
0
1
0
1
0
34
37
40
14
0
0
47
50
2
0
50
7
31
48
0
0
44
52
49
0
0
0
0
0
0
67
38
54
75
18
76
15
8
11
14
47
57
80
19
43
23
54
31
84
31
78
27
76
54
50
42
71
25
25
75
74
72
74
25
55
16
82
69
74
85
82
52
90
30
44
21
42
42
0
97
51
96
109
37
97
36
107
41
42
112
108
98
82
62
41
99
39
101
47
104
121
112
128
65
131
151
112
124
146
145
107
113
111
139
42
93
127
133
87
102
111
144
35
119
0
123
60
0
83
47
36
84
49
87
24
38
25
50
96
44
84
26
86
67
98
64
42
64
100
67
49
95
44
50
95
47
48
94
93
49
54
45
57
31
74
49
82
84
45
75
59
41
29
0
30
40
31
55
27
64
66
26
52
23
20
45
17
60
87
44
40
83
17
75
31
79
39
82
33
72
50
54
72
67
33
19
77
70
74
75
28
59
23
55
61
62
80
75
77
80
21
41
0
38
36
0
82
54
45
80
19
41
16
39
25
20
71
71
56
32
67
15
86
36
69
8
85
14
81
81
89
91
95
27
21
65
88
59
67
29
88
21
82
74
67
51
85
59
72
13
53
12
53
61
7
36
24
13
36
16
14
22
22
12
25
36
21
15
19
34
21
25
9
26
25
29
23
32
31
25
28
29
7
22
21
25
24
30
15
18
5
24
27
21
21
25
24
27
12
12
13
17
13
8
77
12
65
54
11
83
20
7
11
9
72
68
56
16
74
18
72
14
62
9
70
14
69
65
54
82
77
16
19
76
76
80
80
25
64
17
52
77
70
61
79
82
66
25
50
0
49
46
0
72
36
83
78
17
127
4
14
17
15
80
82
92
92
59
29
90
103
127
110
93
105
100
63
105
125
96
107
102
130
102
110
132
32
138
17
118
77
109
108
121
139
142
31
56
92
52
55
89
62
11
27
56
32
59
28
38
30
35
17
62
25
39
23
1
62
1
19
3
24
31
62
19
23
21
19
4
12
18
21
23
47
3
17
28
17
20
28
37
24
54
48
24
14
2
16
15
0
