290
138
316
302
171
300
139
174
171
171
306
311
157
175
312
141
318
163
314
171
305
171
318
147
314
322
315
162
130
303
304
310
313
161
303
134
133
288
292
297
305
297
289
168
167
154
175
177
150
164
23
158
159
31
162
133
16
118
137
165
129
33
114
131
104
146
23
138
16
32
117
125
31
56
129
23
119
98
139
26
141
30
111
78
91
33
105
129
134
135
19
125
104
13
12
15
16
0
162
84
183
166
54
173
47
42
41
48
174
165
121
50
37
41
165
56
172
56
174
46
171
118
54
187
55
55
61
184
200
190
208
74
51
62
151
59
152
195
59
67
63
61
44
40
142
143
35
151
78
244
161
59
113
60
100
102
107
246
135
105
5
137
2
175
3
113
12
140
18
146
125
147
103
180
3
11
174
173
139
154
9
138
4
124
152
134
119
116
161
136
3
95
0
90
92
2
71
34
84
77
19
80
14
10
13
19
76
68
62
10
63
20
80
24
76
13
74
17
65
48
53
58
68
18
17
77
73
75
73
10
59
13
61
60
63
61
66
66
62
15
42
0
45
43
13
62
59
42
74
10
62
9
13
21
13
76
66
68
7
49
11
62
22
76
27
69
8
65
39
69
69
60
10
9
64
67
63
65
28
67
22
61
45
72
66
63
63
67
11
42
29
63
68
0
2
32
4
5
3
17
2
25
23
2
5
32
5
2
38
3
2
17
38
1
4
4
3
4
20
20
17
6
3
1
20
23
3
2
29
3
16
23
1
4
34
31
29
2
1
3
1
3
0
60
25
46
65
3
64
11
9
11
11
31
39
37
4
38
4
39
5
42
4
51
5
47
43
43
29
38
6
1
47
51
47
47
1
41
1
42
40
51
51
44
40
48
0
40
5
38
38
0
86
50
73
78
7
89
8
142
10
11
158
129
87
101
77
11
97
14
91
11
91
155
99
178
70
177
182
142
153
180
185
98
98
151
177
14
94
159
173
83
86
95
181
12
169
0
169
70
0
84
80
45
89
16
77
18
13
28
14
85
80
96
19
92
28
91
24
80
32
94
30
81
98
80
85
110
29
25
106
109
83
91
25
99
35
88
84
99
98
86
104
85
25
65
0
65
82
29
64
46
75
98
16
76
20
9
29
9
83
107
88
34
111
8
109
28
110
39
109
38
135
94
84
142
141
69
8
137
141
143
144
75
84
6
115
84
127
162
147
145
145
5
66
0
72
72
0
123
100
84
134
31
93
26
35
37
31
135
117
88
29
119
27
129
29
114
21
137
26
142
135
140
137
145
38
35
122
144
95
120
34
136
27
117
124
111
94
127
114
116
25
94
5
91
91
5
64
23
18
68
53
17
21
25
42
51
27
48
28
34
28
23
27
26
47
18
57
19
35
24
56
28
27
19
22
40
47
49
49
48
35
14
56
49
27
61
61
29
61
19
14
19
22
17
13
52
10
36
25
26
51
11
21
23
26
34
51
30
11
56
12
58
29
42
22
53
34
53
33
37
56
59
14
36
61
60
59
63
33
39
20
37
62
54
46
66
73
44
35
27
0
30
28
0
78
35
83
83
38
124
19
42
40
40
83
59
87
123
51
42
83
139
146
141
84
147
94
49
88
143
88
126
137
143
91
89
144
54
147
19
96
65
91
99
115
141
139
44
33
128
35
33
125
81
4
10
81
73
78
72
72
75
72
6
65
12
60
8
2
69
2
7
2
7
57
64
8
10
9
8
1
5
7
9
9
51
2
8
56
8
10
17
58
9
61
55
53
8
4
7
7
0
