559
285
568
579
418
550
268
416
416
417
577
541
316
409
551
338
541
401
542
387
532
377
528
342
541
547
535
379
325
540
545
526
532
398
553
320
349
572
581
565
578
576
590
402
362
357
339
364
369
350
87
370
346
86
360
273
66
236
293
361
358
153
298
390
260
386
91
385
76
103
304
373
120
140
396
90
306
247
389
113
389
106
296
191
249
121
307
379
384
387
85
388
303
77
66
73
76
0
420
211
460
470
194
485
177
177
162
178
477
501
322
173
164
186
516
189
540
224
544
195
500
273
200
519
209
209
241
528
545
501
555
183
171
204
426
199
279
500
197
200
194
161
143
134
313
310
137
385
130
567
396
164
228
126
243
248
259
592
328
217
7
317
5
351
2
233
5
325
9
270
280
286
273
337
10
4
337
333
302
306
7
317
3
286
331
305
283
260
320
305
3
248
0
243
239
4
165
75
192
196
40
185
73
28
81
39
180
160
185
28
149
29
164
28
163
74
158
72
159
155
173
193
174
75
32
177
175
174
166
38
192
74
173
148
174
176
179
175
180
76
113
0
116
120
71
240
178
128
215
11
189
11
13
88
11
218
210
238
15
163
8
209
95
218
110
216
14
224
166
241
231
216
10
12
225
252
225
216
106
235
92
259
173
247
231
233
255
232
15
143
106
210
205
0
1
98
3
1
16
85
1
82
90
0
1
129
52
1
143
0
1
88
136
1
0
0
5
0
117
91
123
56
0
2
119
127
1
1
123
25
80
128
0
1
127
129
131
0
1
0
1
0
0
118
69
92
113
24
123
32
24
29
35
91
91
109
20
87
29
104
34
124
35
116
35
118
99
91
86
121
31
33
124
117
127
124
37
105
18
134
114
138
132
136
86
139
42
93
28
82
83
0
214
116
197
224
43
216
37
302
46
44
341
290
199
245
164
46
212
37
218
41
222
311
204
410
180
381
396
303
355
413
410
199
204
311
370
42
209
339
394
178
217
234
396
39
386
0
353
159
0
243
152
138
206
57
228
72
61
97
62
220
175
210
41
197
79
234
76
184
75
245
80
192
259
173
180
254
94
83
268
238
184
193
85
224
94
195
187
255
243
183
253
182
93
143
0
144
186
98
214
132
238
286
38
182
36
32
67
27
232
296
202
69
308
32
317
47
300
78
316
82
326
226
216
329
305
83
35
307
322
314
334
74
231
29
295
209
237
305
303
306
312
34
188
0
186
178
0
286
222
155
255
60
203
43
89
77
62
242
242
188
94
265
56
294
93
242
45
304
57
305
284
311
303
310
88
88
226
302
192
236
81
272
70
251
275
240
181
257
238
268
50
199
21
187
183
16
106
72
35
117
98
56
87
75
73
91
87
110
49
89
86
62
98
71
117
78
108
88
91
75
126
78
76
40
80
107
136
136
136
96
64
18
138
110
54
131
134
65
132
51
21
44
42
23
29
130
49
99
68
71
146
55
51
75
75
114
163
69
47
149
42
154
75
121
55
149
69
151
106
75
138
144
46
79
148
139
141
142
67
119
33
96
159
106
107
151
153
111
76
56
0
51
60
0
224
108
222
233
87
297
48
93
90
91
235
239
237
252
146
92
254
288
333
309
256
316
260
158
273
348
264
293
303
349
262
262
366
103
350
49
288
179
293
284
312
361
357
80
112
317
103
104
305
219
23
42
220
185
202
161
194
193
183
26
232
36
201
44
14
237
15
34
18
42
169
244
42
29
38
37
17
35
31
44
41
223
20
40
214
27
38
58
219
34
239
235
200
27
18
24
23
0
