206
100
210
211
136
205
101
147
135
144
215
215
117
142
215
118
206
128
225
126
215
130
209
109
212
216
216
130
113
209
222
213
208
134
219
115
102
216
224
216
222
215
219
145
111
124
110
112
131
164
26
158
163
24
172
117
24
101
129
169
175
44
112
172
102
169
28
167
26
43
116
162
51
54
165
40
126
113
164
43
163
48
123
107
101
44
129
162
160
166
41
171
129
23
23
26
27
0
139
59
156
157
53
157
58
50
50
58
155
144
87
51
40
45
157
46
161
62
153
47
132
81
52
156
53
56
48
153
144
147
152
39
48
50
135
54
116
147
48
50
54
38
46
40
110
116
41
149
86
209
170
44
99
31
70
68
69
231
148
119
3
156
3
170
3
115
4
152
10
138
137
151
129
163
2
9
163
165
145
153
8
144
1
125
162
153
129
133
165
134
2
108
0
106
111
2
53
14
59
53
27
52
23
17
30
27
56
46
33
10
39
15
44
23
41
24
51
23
55
26
38
36
60
24
33
60
58
55
64
20
39
24
46
40
55
51
54
52
58
35
13
0
12
12
28
73
80
51
84
6
69
4
6
26
6
88
86
67
6
66
6
88
32
92
29
96
7
94
65
89
81
96
14
12
89
88
100
96
30
96
31
81
45
79
91
90
86
88
19
46
27
65
63
0
0
39
6
2
5
24
2
24
34
2
5
65
16
0
64
2
1
30
66
2
3
3
0
0
39
32
32
12
3
1
39
38
1
2
47
12
40
53
0
2
57
53
52
2
3
2
1
2
0
100
44
76
99
14
97
22
13
21
18
74
73
103
15
76
24
76
29
112
28
117
28
95
82
76
64
94
23
25
96
99
105
103
20
88
4
94
90
101
94
100
72
93
14
73
23
64
67
0
114
74
115
126
31
113
26
106
31
32
126
138
109
89
83
43
124
34
126
42
123
113
117
153
98
141
161
117
111
155
153
135
134
111
150
42
107
147
152
111
132
118
156
31
142
0
126
76
0
105
69
57
96
49
100
28
32
29
45
101
75
96
25
80
35
100
41
66
33
99
38
73
101
67
70
95
42
33
120
107
80
86
57
92
34
101
82
127
125
79
128
91
46
60
0
62
76
40
57
19
62
99
26
76
42
26
65
18
59
92
45
46
95
25
100
46
102
50
96
46
102
72
62
106
99
53
18
103
99
94
109
54
63
24
87
66
97
114
116
124
119
25
43
0
49
51
0
95
66
44
80
30
63
27
42
42
34
77
81
61
40
71
23
97
47
75
24
109
27
105
103
99
105
99
34
30
73
94
62
68
41
87
33
83
77
80
50
81
82
83
28
48
6
46
50
9
67
22
15
71
45
21
26
24
36
43
34
59
32
44
41
24
40
32
57
26
52
28
36
39
51
38
38
15
23
41
52
51
49
18
31
10
32
29
28
30
31
24
30
18
10
17
22
16
14
41
5
46
36
4
40
18
5
7
9
58
41
32
17
47
11
50
7
55
6
46
7
49
56
38
51
48
14
12
41
50
46
53
18
62
6
49
55
43
57
57
49
64
12
30
0
30
34
0
79
37
83
78
7
115
4
10
12
15
81
62
84
107
58
13
83
106
135
119
89
118
98
66
91
139
92
110
117
144
90
95
135
22
145
15
85
66
84
82
134
146
131
18
48
103
47
52
97
63
14
28
66
40
65
34
39
41
40
24
70
32
46
25
3
73
2
22
4
31
38
69
26
30
24
25
4
14
33
24
35
70
2
29
44
27
28
37
62
33
73
73
47
21
2
17
21
0
