201
72
206
207
59
200
38
67
64
67
201
223
92
62
231
52
236
64
231
60
233
59
258
107
256
252
246
57
47
252
259
248
255
58
255
53
115
259
262
257
267
267
259
55
104
55
101
108
54
147
16
152
153
10
154
144
5
130
136
145
156
39
143
156
138
159
10
164
10
13
150
150
12
42
155
11
152
152
165
9
163
12
153
55
147
11
161
155
155
164
14
167
156
9
9
7
11
0
118
43
133
126
22
129
93
90
89
92
133
125
72
18
16
15
130
16
132
103
132
103
92
48
17
101
15
20
60
105
105
108
109
58
20
23
52
19
88
99
18
16
20
62
17
18
40
43
20
158
29
189
168
13
118
15
30
31
29
196
134
121
1
138
0
143
1
137
0
137
1
95
138
133
106
145
1
1
151
155
140
124
0
142
1
141
156
144
135
115
149
141
0
136
0
131
142
1
55
15
57
60
1
54
7
6
12
1
58
56
64
1
57
1
54
1
59
9
57
11
62
56
60
68
62
11
5
62
61
60
67
2
69
11
60
60
59
62
61
61
59
11
61
0
59
59
10
87
28
70
86
3
87
1
3
12
2
84
87
86
3
74
3
86
12
84
16
86
4
90
77
83
89
88
1
2
88
91
93
93
13
95
13
90
80
84
96
98
95
96
1
75
14
85
84
0
2
19
2
1
4
13
2
13
14
1
3
39
9
2
39
2
1
34
38
2
2
2
3
2
36
26
35
20
2
2
39
40
4
2
31
7
21
24
2
2
28
26
27
2
1
1
0
0
0
31
16
22
30
14
31
8
6
10
10
25
27
33
4
24
11
30
10
31
11
35
10
48
28
23
27
45
16
25
48
52
51
49
26
29
12
58
49
51
61
61
21
56
28
22
15
22
19
0
84
35
70
77
37
89
27
42
37
38
63
46
62
14
35
18
61
18
63
16
65
37
62
63
37
65
79
29
33
60
65
55
59
32
63
23
48
56
68
53
70
70
72
23
74
0
68
44
0
65
48
35
64
17
69
7
17
12
18
67
47
48
7
44
14
52
17
49
15
52
17
51
63
57
45
59
16
20
57
57
53
47
27
60
14
57
39
74
67
38
71
49
25
41
0
40
44
14
96
30
96
98
3
72
7
13
8
11
98
104
77
10
101
13
106
4
102
8
102
6
107
82
97
104
101
13
8
102
97
98
96
19
97
10
103
93
90
104
110
111
113
14
81
0
82
80
0
29
35
31
50
29
20
27
7
8
28
49
56
37
9
55
31
34
7
55
29
32
29
34
32
35
31
35
7
4
50
36
46
45
6
29
8
31
32
55
34
29
50
31
29
29
2
25
25
1
42
14
7
43
38
11
15
12
32
35
18
29
14
25
19
16
23
24
34
16
40
16
17
17
34
19
17
11
9
39
42
41
41
43
12
18
58
53
12
60
56
13
61
8
6
6
8
6
8
59
12
24
20
40
58
10
34
46
46
30
59
24
8
55
11
52
41
32
29
60
37
53
28
27
52
51
10
34
49
51
41
46
45
25
13
22
61
39
23
61
61
21
50
14
0
18
17
0
77
34
85
83
57
69
41
56
56
56
84
45
91
38
44
57
84
44
70
44
84
42
108
34
104
77
108
39
40
60
103
107
74
81
82
22
113
88
115
116
68
80
87
78
33
34
35
36
37
96
6
18
92
83
90
60
81
82
85
11
82
15
76
13
6
88
7
17
8
19
66
96
18
17
13
16
7
16
16
14
16
77
10
16
103
18
18
32
94
18
118
114
88
9
5
11
9
0
