439
205
450
443
270
450
161
277
285
289
451
418
195
264
412
220
416
266
414
266
403
267
402
205
405
390
420
261
214
387
394
413
398
255
406
195
249
409
425
409
427
414
411
255
213
223
219
215
224
227
59
236
230
53
225
189
45
139
202
247
230
91
187
233
151
247
63
262
49
85
191
223
75
81
240
65
195
141
237
79
237
88
168
179
127
82
186
237
235
245
56
226
172
51
37
48
47
0
264
117
285
288
127
274
69
70
57
64
277
258
190
112
101
104
256
124
284
62
262
51
250
167
116
271
111
128
59
285
271
275
281
51
107
120
280
123
202
272
120
125
127
56
86
79
233
215
78
225
111
294
222
73
126
52
96
112
111
288
186
163
3
207
2
226
5
159
4
214
8
199
190
194
164
234
2
7
230
236
187
208
10
207
1
183
243
204
173
178
238
196
0
145
0
130
136
1
112
54
132
117
31
118
38
26
42
23
114
124
108
23
105
23
128
36
121
43
134
42
127
89
98
103
127
45
48
145
133
128
123
40
110
42
116
111
133
122
139
137
138
42
63
0
56
67
45
99
89
51
106
15
101
5
12
47
15
101
105
108
9
76
8
105
46
104
57
108
15
99
68
111
109
108
18
13
104
126
115
106
60
100
55
114
79
123
109
110
116
102
15
61
54
106
109
0
6
72
6
8
21
56
7
46
57
7
8
101
54
4
105
8
7
57
88
7
12
7
12
7
126
97
116
63
7
3
117
123
8
7
120
15
74
108
9
8
111
116
107
6
8
6
5
6
0
121
47
79
121
29
126
52
35
60
51
71
91
99
26
72
32
87
36
111
36
105
36
100
85
79
73
109
53
26
112
98
105
111
35
81
19
105
92
110
110
118
76
112
32
76
45
65
70
0
166
98
156
168
26
169
22
173
26
28
208
199
175
153
133
29
177
32
175
37
183
182
166
225
129
217
244
183
191
235
243
179
176
185
221
32
159
226
232
150
171
156
235
24
220
0
222
118
0
135
101
80
127
45
141
49
36
61
54
137
118
126
35
117
43
143
44
112
53
161
46
129
145
110
105
149
55
47
165
156
116
129
43
143
60
122
119
156
151
122
157
121
45
84
0
85
114
52
134
65
142
148
24
64
21
55
32
42
156
152
97
35
149
38
142
27
157
40
156
33
144
100
131
145
153
45
44
149
147
157
153
38
133
41
151
125
113
165
159
166
156
33
98
0
99
106
0
134
83
64
101
33
103
27
69
54
35
112
94
80
72
108
35
150
74
108
31
138
41
149
147
176
162
157
76
70
124
174
76
118
62
128
55
136
136
109
74
115
105
126
37
82
17
72
70
16
79
49
20
87
55
31
46
57
40
53
51
67
29
47
48
43
47
39
67
42
63
37
50
45
83
45
44
37
34
64
86
84
87
57
53
19
85
69
34
78
87
40
81
26
19
25
26
16
21
83
28
59
46
40
83
34
22
40
40
81
81
45
26
90
27
96
47
82
27
88
43
95
69
74
96
100
26
43
105
98
101
95
62
75
31
57
114
87
61
106
115
78
58
38
0
30
31
0
127
43
130
123
44
183
14
53
50
48
133
129
128
140
66
58
139
173
192
193
130
179
134
60
117
203
140
157
175
192
135
137
198
48
214
34
121
83
124
124
173
205
204
37
51
168
53
49
167
140
25
62
146
93
143
67
98
101
100
34
125
30
97
52
18
137
16
42
17
55
71
152
49
45
52
54
20
38
56
50
53
115
15
44
79
53
48
77
105
53
134
128
78
38
10
42
32
0
