188
90
172
182
136
184
81
142
144
139
180
181
123
131
177
126
189
138
181
136
179
135
181
116
192
195
182
126
116
191
180
188
189
134
200
103
119
192
200
205
198
202
201
133
124
121
124
120
132
131
36
135
128
45
132
110
26
87
112
140
136
46
124
145
97
139
38
146
26
42
122
131
42
45
139
28
111
93
133
39
134
40
99
82
79
40
99
132
131
131
36
126
96
23
20
18
24
0
130
52
150
138
43
149
59
58
65
65
146
139
84
44
38
40
144
45
151
61
154
51
131
73
45
134
46
53
47
129
157
144
136
38
47
50
118
43
92
142
48
51
47
32
37
30
90
90
30
131
50
193
135
57
97
53
96
95
95
205
102
87
2
112
0
123
2
93
2
113
2
95
103
113
88
126
2
2
117
125
108
119
4
101
1
103
122
111
103
92
114
102
0
96
0
90
96
1
45
20
50
47
13
41
22
14
27
11
45
48
48
9
31
10
50
14
47
22
51
27
47
38
41
48
45
26
14
50
46
41
43
12
51
28
39
40
47
40
43
46
46
27
28
0
28
20
25
67
39
48
67
8
68
10
12
13
9
73
64
67
6
64
8
67
17
70
20
65
9
71
61
73
71
69
8
6
70
73
64
65
18
63
18
72
60
71
65
64
71
67
8
53
17
67
69
0
3
32
2
2
2
29
3
28
30
3
1
38
25
1
47
2
2
34
44
2
2
1
1
1
39
35
33
32
3
1
45
37
4
2
30
16
30
38
1
3
42
37
34
2
4
0
0
2
0
34
21
25
34
2
35
9
8
12
10
28
29
37
7
28
12
37
14
37
12
36
13
35
26
29
31
39
11
14
38
40
37
34
11
29
7
30
36
46
42
38
26
39
12
23
6
20
24
0
62
45
61
70
15
71
12
114
17
14
124
98
71
78
61
11
75
13
74
17
76
130
81
145
66
142
147
99
120
151
148
88
90
114
145
18
76
134
147
85
80
83
140
15
128
0
129
55
0
75
55
37
70
28
78
15
19
20
23
83
62
77
16
57
21
81
32
56
29
75
28
52
82
65
57
87
26
29
87
87
60
70
41
80
20
74
53
99
83
61
98
66
31
53
0
42
58
22
64
52
76
89
22
39
11
8
26
8
69
83
44
21
79
8
88
10
80
22
84
23
83
56
67
86
84
33
8
91
91
83
86
39
55
10
81
56
74
86
94
94
103
6
52
0
44
42
0
104
71
61
86
24
83
16
27
25
23
95
104
64
25
98
25
101
29
93
18
111
24
107
92
117
118
114
37
30
97
115
67
93
33
104
23
99
95
85
67
97
86
96
13
66
9
67
70
5
44
11
13
46
41
11
15
13
32
36
19
36
21
31
16
8
20
24
42
13
43
15
19
17
40
16
17
10
12
29
30
36
38
32
16
7
41
30
14
32
32
12
34
13
7
13
12
6
7
39
9
39
24
10
46
19
8
12
17
38
34
18
18
37
12
35
15
45
5
41
12
52
34
26
50
49
20
19
50
45
51
43
18
36
8
35
44
29
36
46
44
36
15
20
0
21
24
0
57
30
59
66
18
116
8
18
18
22
68
41
57
87
47
19
63
112
114
113
57
114
50
37
57
123
59
107
102
117
62
50
122
23
109
14
59
42
62
68
112
114
124
23
25
105
26
25
104
57
7
9
56
47
59
41
51
49
50
5
60
23
52
12
5
62
3
8
4
10
44
59
8
6
11
7
5
12
10
7
10
48
5
8
50
9
8
14
51
6
58
59
51
7
3
6
5
0
