240
107
257
247
143
256
118
157
157
146
261
264
140
151
275
122
278
153
270
158
277
161
270
139
282
275
278
154
109
263
273
284
269
146
259
120
139
259
259
256
262
264
254
152
128
134
126
133
118
141
35
158
152
32
159
116
20
111
126
151
147
52
125
155
96
145
28
154
20
35
127
162
37
64
169
29
129
121
166
44
163
45
128
104
105
41
129
171
176
171
28
158
128
26
14
22
21
0
175
68
189
191
72
193
71
56
68
72
193
185
123
62
49
56
174
66
176
74
186
55
151
103
68
183
63
68
60
170
188
174
175
47
61
60
159
69
120
176
68
67
73
32
50
45
121
113
48
168
91
214
167
48
96
35
75
76
75
212
151
131
4
149
2
182
8
119
10
144
13
151
142
157
123
185
4
14
187
186
147
164
6
140
0
137
165
152
146
146
176
142
1
100
0
97
94
2
83
37
77
76
16
88
19
15
24
9
82
82
65
11
54
18
86
16
87
24
84
27
92
60
66
65
87
27
23
89
91
91
84
22
68
25
87
65
97
98
103
104
104
31
42
0
46
47
31
89
105
52
109
21
75
21
20
33
23
111
95
87
18
73
17
90
33
99
35
99
18
109
62
87
95
119
28
18
117
100
113
116
36
112
39
96
78
90
110
115
94
104
23
50
34
73
74
0
3
48
5
4
10
34
1
27
37
3
4
84
38
1
92
2
3
56
89
3
5
5
7
4
92
65
83
25
3
4
93
88
6
0
73
13
48
69
4
4
73
76
73
3
3
1
0
3
0
84
41
57
90
28
93
35
16
35
32
60
53
92
21
48
23
80
37
98
34
99
36
112
64
57
51
110
38
48
113
115
110
113
36
63
24
95
77
91
99
92
56
98
45
64
37
55
56
0
108
55
101
111
32
112
31
102
34
37
127
103
99
88
57
36
102
21
95
38
102
103
103
134
68
122
140
98
109
134
139
96
99
104
129
41
87
120
136
89
109
108
137
33
135
0
116
64
0
95
67
39
90
49
105
23
38
47
55
108
72
78
23
79
44
88
53
63
44
99
52
70
84
65
65
83
33
37
85
85
66
71
36
85
42
62
72
88
74
63
95
68
31
46
0
47
63
30
65
33
70
81
15
52
16
34
27
31
68
83
50
35
89
33
92
29
86
39
95
41
99
59
69
93
93
29
31
96
99
91
94
37
72
28
76
68
82
90
98
105
95
27
46
0
44
49
0
86
66
50
94
24
65
20
36
31
28
91
83
64
35
85
20
92
33
83
22
104
20
99
99
97
96
93
41
30
89
100
64
82
31
76
24
73
78
76
62
79
83
84
24
55
13
49
48
10
65
37
28
58
30
26
33
35
25
31
51
52
42
29
45
28
42
22
49
33
51
26
38
36
59
43
35
24
27
48
56
58
57
36
38
16
60
39
32
53
50
38
59
18
26
12
32
21
13
73
21
64
53
29
77
28
18
31
28
70
81
48
25
78
23
81
29
63
19
84
28
65
58
47
76
75
21
29
80
70
73
78
49
61
10
46
87
65
56
82
95
63
41
40
0
36
38
0
104
43
108
116
39
121
26
39
39
38
112
105
88
82
40
35
93
95
119
102
95
107
102
53
111
130
112
97
101
129
113
117
135
32
129
12
98
76
106
107
114
137
139
28
58
104
51
56
105
81
13
43
76
39
82
28
40
41
37
29
96
29
54
44
6
90
4
26
11
42
44
93
38
32
38
36
6
23
37
36
44
71
10
39
65
30
36
64
76
40
100
96
54
29
4
33
32
0
